[2025-07-08T05:19:38.282+0000] {local_task_job_runner.py:123} INFO - ::group::Pre task execution logs
[2025-07-08T05:19:38.328+0000] {taskinstance.py:2612} INFO - Dependencies all met for dep_context=non-requeueable deps ti=<TaskInstance: extract_raw_data_pipeline.create_raw_table manual__2025-07-08T05:19:09.727248+00:00 [queued]>
[2025-07-08T05:19:38.348+0000] {taskinstance.py:2612} INFO - Dependencies all met for dep_context=requeueable deps ti=<TaskInstance: extract_raw_data_pipeline.create_raw_table manual__2025-07-08T05:19:09.727248+00:00 [queued]>
[2025-07-08T05:19:38.354+0000] {taskinstance.py:2865} INFO - Starting attempt 1 of 1
[2025-07-08T05:19:38.393+0000] {taskinstance.py:2888} INFO - Executing <Task(SQLExecuteQueryOperator): create_raw_table> on 2025-07-08 05:19:09.727248+00:00
[2025-07-08T05:19:38.413+0000] {warnings.py:112} WARNING - /home/***/.local/lib/python3.12/site-packages/***/task/task_runner/standard_task_runner.py:70: DeprecationWarning: This process (pid=716) is multi-threaded, use of fork() may lead to deadlocks in the child.
  pid = os.fork()

[2025-07-08T05:19:38.417+0000] {standard_task_runner.py:72} INFO - Started process 718 to run task
[2025-07-08T05:19:38.419+0000] {standard_task_runner.py:104} INFO - Running: ['***', 'tasks', 'run', 'extract_raw_data_pipeline', 'create_raw_table', 'manual__2025-07-08T05:19:09.727248+00:00', '--job-id', '34', '--raw', '--subdir', 'DAGS_FOLDER/driven_data_pipeline.py', '--cfg-path', '/tmp/tmp_v78ikwu']
[2025-07-08T05:19:38.422+0000] {standard_task_runner.py:105} INFO - Job 34: Subtask create_raw_table
[2025-07-08T05:19:38.569+0000] {task_command.py:467} INFO - Running <TaskInstance: extract_raw_data_pipeline.create_raw_table manual__2025-07-08T05:19:09.727248+00:00 [running]> on host 5e24963c1987
[2025-07-08T05:19:38.831+0000] {taskinstance.py:3131} INFO - Exporting env vars: AIRFLOW_CTX_DAG_OWNER='***' AIRFLOW_CTX_DAG_ID='extract_raw_data_pipeline' AIRFLOW_CTX_TASK_ID='create_raw_table' AIRFLOW_CTX_EXECUTION_DATE='2025-07-08T05:19:09.727248+00:00' AIRFLOW_CTX_TRY_NUMBER='1' AIRFLOW_CTX_DAG_RUN_ID='manual__2025-07-08T05:19:09.727248+00:00'
[2025-07-08T05:19:38.837+0000] {taskinstance.py:731} INFO - ::endgroup::
[2025-07-08T05:19:38.867+0000] {sql.py:266} INFO - Executing: 
    CREATE TABLE IF NOT EXISTS driven_raw.raw_batch_data (
    person_name VARCHAR(100),
    user_name VARCHAR(100),
    email VARCHAR(100),
    personal_number NUMERIC,
    birth_date VARCHAR(100),
    address VARCHAR(100),
    phone VARCHAR(100),
    mac_address VARCHAR(100),
    ip_address VARCHAR(100),
    iban VARCHAR(100),
    accessed_at TIMESTAMP,
    session_duration INT,
    download_speed INT,
    upload_speed INT,
    consumed_traffic INT,
    unique_id VARCHAR(100)
    );
    
[2025-07-08T05:19:38.892+0000] {base.py:84} INFO - Retrieving connection 'postgres_conn'
[2025-07-08T05:19:38.931+0000] {base.py:84} INFO - Retrieving connection 'postgres_conn'
[2025-07-08T05:19:38.946+0000] {sql.py:509} INFO - Running statement: 
    CREATE TABLE IF NOT EXISTS driven_raw.raw_batch_data (
    person_name VARCHAR(100),
    user_name VARCHAR(100),
    email VARCHAR(100),
    personal_number NUMERIC,
    birth_date VARCHAR(100),
    address VARCHAR(100),
    phone VARCHAR(100),
    mac_address VARCHAR(100),
    ip_address VARCHAR(100),
    iban VARCHAR(100),
    accessed_at TIMESTAMP,
    session_duration INT,
    download_speed INT,
    upload_speed INT,
    consumed_traffic INT,
    unique_id VARCHAR(100)
    );
    , parameters: None
[2025-07-08T05:19:38.977+0000] {taskinstance.py:340} INFO - ::group::Post task execution logs
[2025-07-08T05:19:38.978+0000] {taskinstance.py:352} INFO - Marking task as SUCCESS. dag_id=extract_raw_data_pipeline, task_id=create_raw_table, run_id=manual__2025-07-08T05:19:09.727248+00:00, execution_date=20250708T051909, start_date=20250708T051938, end_date=20250708T051938
[2025-07-08T05:19:39.042+0000] {local_task_job_runner.py:266} INFO - Task exited with return code 0
[2025-07-08T05:19:39.076+0000] {local_task_job_runner.py:245} INFO - ::endgroup::
