[2025-07-08T05:22:55.363+0000] {local_task_job_runner.py:123} INFO - ::group::Pre task execution logs
[2025-07-08T05:22:55.451+0000] {taskinstance.py:2612} INFO - Dependencies all met for dep_context=non-requeueable deps ti=<TaskInstance: extract_raw_data_pipeline.extract_raw_data manual__2025-07-08T05:22:50.804143+00:00 [queued]>
[2025-07-08T05:22:55.486+0000] {taskinstance.py:2612} INFO - Dependencies all met for dep_context=requeueable deps ti=<TaskInstance: extract_raw_data_pipeline.extract_raw_data manual__2025-07-08T05:22:50.804143+00:00 [queued]>
[2025-07-08T05:22:55.488+0000] {taskinstance.py:2865} INFO - Starting attempt 1 of 1
[2025-07-08T05:22:55.540+0000] {taskinstance.py:2888} INFO - Executing <Task(PythonOperator): extract_raw_data> on 2025-07-08 05:22:50.804143+00:00
[2025-07-08T05:22:55.564+0000] {warnings.py:112} WARNING - /home/***/.local/lib/python3.12/site-packages/***/task/task_runner/standard_task_runner.py:70: DeprecationWarning: This process (pid=759) is multi-threaded, use of fork() may lead to deadlocks in the child.
  pid = os.fork()

[2025-07-08T05:22:55.569+0000] {standard_task_runner.py:72} INFO - Started process 763 to run task
[2025-07-08T05:22:55.570+0000] {standard_task_runner.py:104} INFO - Running: ['***', 'tasks', 'run', 'extract_raw_data_pipeline', 'extract_raw_data', 'manual__2025-07-08T05:22:50.804143+00:00', '--job-id', '36', '--raw', '--subdir', 'DAGS_FOLDER/driven_data_pipeline.py', '--cfg-path', '/tmp/tmp9z_cw7qz']
[2025-07-08T05:22:55.573+0000] {standard_task_runner.py:105} INFO - Job 36: Subtask extract_raw_data
[2025-07-08T05:22:55.766+0000] {task_command.py:467} INFO - Running <TaskInstance: extract_raw_data_pipeline.extract_raw_data manual__2025-07-08T05:22:50.804143+00:00 [running]> on host 5e24963c1987
[2025-07-08T05:22:56.091+0000] {taskinstance.py:3131} INFO - Exporting env vars: AIRFLOW_CTX_DAG_OWNER='***' AIRFLOW_CTX_DAG_ID='extract_raw_data_pipeline' AIRFLOW_CTX_TASK_ID='extract_raw_data' AIRFLOW_CTX_EXECUTION_DATE='2025-07-08T05:22:50.804143+00:00' AIRFLOW_CTX_TRY_NUMBER='1' AIRFLOW_CTX_DAG_RUN_ID='manual__2025-07-08T05:22:50.804143+00:00'
[2025-07-08T05:22:56.094+0000] {taskinstance.py:731} INFO - ::endgroup::
[2025-07-08T05:22:56.209+0000] {driven_data_pipeline.py:153} INFO - Started batch processing for 2025-07-08.
[2025-07-08T05:22:56.211+0000] {driven_data_pipeline.py:34} INFO - Created synthetic data for MX country code.
[2025-07-08T05:22:57.566+0000] {driven_data_pipeline.py:100} INFO - Written 973 records to the CSV file.
[2025-07-08T05:22:57.909+0000] {driven_data_pipeline.py:121} INFO - Added UUID to the dataset.
[2025-07-08T05:22:58.053+0000] {driven_data_pipeline.py:145} INFO - Updated accessed timestamp.
[2025-07-08T05:22:58.055+0000] {driven_data_pipeline.py:161} INFO - Finished batch processing 2025-07-08.
[2025-07-08T05:22:58.057+0000] {python.py:240} INFO - Done. Returned value was: None
[2025-07-08T05:22:58.141+0000] {taskinstance.py:340} INFO - ::group::Post task execution logs
[2025-07-08T05:22:58.154+0000] {taskinstance.py:352} INFO - Marking task as SUCCESS. dag_id=extract_raw_data_pipeline, task_id=extract_raw_data, run_id=manual__2025-07-08T05:22:50.804143+00:00, execution_date=20250708T052250, start_date=20250708T052255, end_date=20250708T052258
[2025-07-08T05:22:58.336+0000] {local_task_job_runner.py:266} INFO - Task exited with return code 0
[2025-07-08T05:22:58.562+0000] {local_task_job_runner.py:245} INFO - ::endgroup::
