[2025-07-08T05:26:43.249+0000] {local_task_job_runner.py:123} INFO - ::group::Pre task execution logs
[2025-07-08T05:26:43.306+0000] {taskinstance.py:2612} INFO - Dependencies all met for dep_context=non-requeueable deps ti=<TaskInstance: extract_raw_data_pipeline.run_dbt_staging manual__2025-07-08T05:26:16.132244+00:00 [queued]>
[2025-07-08T05:26:43.327+0000] {taskinstance.py:2612} INFO - Dependencies all met for dep_context=requeueable deps ti=<TaskInstance: extract_raw_data_pipeline.run_dbt_staging manual__2025-07-08T05:26:16.132244+00:00 [queued]>
[2025-07-08T05:26:43.329+0000] {taskinstance.py:2865} INFO - Starting attempt 1 of 1
[2025-07-08T05:26:43.371+0000] {taskinstance.py:2888} INFO - Executing <Task(BashOperator): run_dbt_staging> on 2025-07-08 05:26:16.132244+00:00
[2025-07-08T05:26:43.397+0000] {warnings.py:112} WARNING - /home/***/.local/lib/python3.12/site-packages/***/task/task_runner/standard_task_runner.py:70: DeprecationWarning: This process (pid=842) is multi-threaded, use of fork() may lead to deadlocks in the child.
  pid = os.fork()

[2025-07-08T05:26:43.402+0000] {standard_task_runner.py:72} INFO - Started process 844 to run task
[2025-07-08T05:26:43.406+0000] {standard_task_runner.py:104} INFO - Running: ['***', 'tasks', 'run', 'extract_raw_data_pipeline', 'run_dbt_staging', 'manual__2025-07-08T05:26:16.132244+00:00', '--job-id', '44', '--raw', '--subdir', 'DAGS_FOLDER/driven_data_pipeline.py', '--cfg-path', '/tmp/tmp536e0jhb']
[2025-07-08T05:26:43.410+0000] {standard_task_runner.py:105} INFO - Job 44: Subtask run_dbt_staging
[2025-07-08T05:26:43.616+0000] {task_command.py:467} INFO - Running <TaskInstance: extract_raw_data_pipeline.run_dbt_staging manual__2025-07-08T05:26:16.132244+00:00 [running]> on host 5e24963c1987
[2025-07-08T05:26:43.882+0000] {taskinstance.py:3131} INFO - Exporting env vars: AIRFLOW_CTX_DAG_OWNER='***' AIRFLOW_CTX_DAG_ID='extract_raw_data_pipeline' AIRFLOW_CTX_TASK_ID='run_dbt_staging' AIRFLOW_CTX_EXECUTION_DATE='2025-07-08T05:26:16.132244+00:00' AIRFLOW_CTX_TRY_NUMBER='1' AIRFLOW_CTX_DAG_RUN_ID='manual__2025-07-08T05:26:16.132244+00:00'
[2025-07-08T05:26:43.887+0000] {taskinstance.py:731} INFO - ::endgroup::
[2025-07-08T05:26:43.952+0000] {subprocess.py:63} INFO - Tmp dir root location: /tmp
[2025-07-08T05:26:43.973+0000] {subprocess.py:75} INFO - Running command: ['/usr/bin/bash', '-c', 'set -x; cd /opt/***/dbt && dbt run --select tag:staging']
[2025-07-08T05:26:44.022+0000] {subprocess.py:86} INFO - Output:
[2025-07-08T05:26:44.037+0000] {subprocess.py:93} INFO - + cd /opt/***/dbt
[2025-07-08T05:26:44.038+0000] {subprocess.py:93} INFO - + dbt run --select tag:staging
[2025-07-08T05:26:52.523+0000] {subprocess.py:93} INFO - [0m05:26:52  Running with dbt=1.8.0
[2025-07-08T05:26:54.468+0000] {subprocess.py:93} INFO - [0m05:26:54  Registered adapter: postgres=1.8.2
[2025-07-08T05:26:59.731+0000] {subprocess.py:93} INFO - [0m05:26:59  Found 9 models, 10 sources, 428 macros
[2025-07-08T05:26:59.742+0000] {subprocess.py:93} INFO - [0m05:26:59
[2025-07-08T05:27:01.858+0000] {subprocess.py:93} INFO - [0m05:27:01  Concurrency: 1 threads (target='dev')
[2025-07-08T05:27:01.871+0000] {subprocess.py:93} INFO - [0m05:27:01
[2025-07-08T05:27:01.972+0000] {subprocess.py:93} INFO - [0m05:27:01  1 of 5 START sql table model driven_staging.dim_address ........................ [RUN]
[2025-07-08T05:27:03.007+0000] {subprocess.py:93} INFO - [0m05:27:03  1 of 5 OK created sql table model driven_staging.dim_address ................... [[32mSELECT 1019[0m in 1.02s]
[2025-07-08T05:27:03.021+0000] {subprocess.py:93} INFO - [0m05:27:03  2 of 5 START sql table model driven_staging.dim_date ........................... [RUN]
[2025-07-08T05:27:03.277+0000] {subprocess.py:93} INFO - [0m05:27:03  2 of 5 OK created sql table model driven_staging.dim_date ...................... [[32mSELECT 1019[0m in 0.25s]
[2025-07-08T05:27:03.290+0000] {subprocess.py:93} INFO - [0m05:27:03  3 of 5 START sql table model driven_staging.dim_finance ........................ [RUN]
[2025-07-08T05:27:03.573+0000] {subprocess.py:93} INFO - [0m05:27:03  3 of 5 OK created sql table model driven_staging.dim_finance ................... [[32mSELECT 1019[0m in 0.27s]
[2025-07-08T05:27:03.587+0000] {subprocess.py:93} INFO - [0m05:27:03  4 of 5 START sql table model driven_staging.dim_person ......................... [RUN]
[2025-07-08T05:27:04.106+0000] {subprocess.py:93} INFO - [0m05:27:04  4 of 5 OK created sql table model driven_staging.dim_person .................... [[32mSELECT 1019[0m in 0.47s]
[2025-07-08T05:27:04.148+0000] {subprocess.py:93} INFO - [0m05:27:04  5 of 5 START sql table model driven_staging.fact_network_usage ................. [RUN]
[2025-07-08T05:27:04.500+0000] {subprocess.py:93} INFO - [0m05:27:04  5 of 5 OK created sql table model driven_staging.fact_network_usage ............ [[32mSELECT 1019[0m in 0.34s]
[2025-07-08T05:27:04.551+0000] {subprocess.py:93} INFO - [0m05:27:04
[2025-07-08T05:27:04.553+0000] {subprocess.py:93} INFO - [0m05:27:04  Finished running 5 table models in 0 hours 0 minutes and 4.80 seconds (4.80s).
[2025-07-08T05:27:04.854+0000] {subprocess.py:93} INFO - [0m05:27:04
[2025-07-08T05:27:04.858+0000] {subprocess.py:93} INFO - [0m05:27:04  [32mCompleted successfully[0m
[2025-07-08T05:27:04.865+0000] {subprocess.py:93} INFO - [0m05:27:04
[2025-07-08T05:27:04.870+0000] {subprocess.py:93} INFO - [0m05:27:04  Done. PASS=5 WARN=0 ERROR=0 SKIP=0 TOTAL=5
[2025-07-08T05:27:07.090+0000] {subprocess.py:97} INFO - Command exited with return code 0
[2025-07-08T05:27:07.229+0000] {taskinstance.py:340} INFO - ::group::Post task execution logs
[2025-07-08T05:27:07.232+0000] {taskinstance.py:352} INFO - Marking task as SUCCESS. dag_id=extract_raw_data_pipeline, task_id=run_dbt_staging, run_id=manual__2025-07-08T05:26:16.132244+00:00, execution_date=20250708T052616, start_date=20250708T052643, end_date=20250708T052707
[2025-07-08T05:27:07.371+0000] {local_task_job_runner.py:266} INFO - Task exited with return code 0
[2025-07-08T05:27:07.458+0000] {taskinstance.py:3900} INFO - 1 downstream tasks scheduled from follow-on schedule check
[2025-07-08T05:27:07.464+0000] {local_task_job_runner.py:245} INFO - ::endgroup::
