[2025-07-08T05:27:12.020+0000] {local_task_job_runner.py:123} INFO - ::group::Pre task execution logs
[2025-07-08T05:27:12.096+0000] {taskinstance.py:2612} INFO - Dependencies all met for dep_context=non-requeueable deps ti=<TaskInstance: extract_raw_data_pipeline.run_dbt_trusted manual__2025-07-08T05:26:16.132244+00:00 [queued]>
[2025-07-08T05:27:12.134+0000] {taskinstance.py:2612} INFO - Dependencies all met for dep_context=requeueable deps ti=<TaskInstance: extract_raw_data_pipeline.run_dbt_trusted manual__2025-07-08T05:26:16.132244+00:00 [queued]>
[2025-07-08T05:27:12.136+0000] {taskinstance.py:2865} INFO - Starting attempt 1 of 1
[2025-07-08T05:27:12.184+0000] {taskinstance.py:2888} INFO - Executing <Task(BashOperator): run_dbt_trusted> on 2025-07-08 05:26:16.132244+00:00
[2025-07-08T05:27:12.220+0000] {warnings.py:112} WARNING - /home/***/.local/lib/python3.12/site-packages/***/task/task_runner/standard_task_runner.py:70: DeprecationWarning: This process (pid=863) is multi-threaded, use of fork() may lead to deadlocks in the child.
  pid = os.fork()

[2025-07-08T05:27:12.231+0000] {standard_task_runner.py:72} INFO - Started process 865 to run task
[2025-07-08T05:27:12.230+0000] {standard_task_runner.py:104} INFO - Running: ['***', 'tasks', 'run', 'extract_raw_data_pipeline', 'run_dbt_trusted', 'manual__2025-07-08T05:26:16.132244+00:00', '--job-id', '45', '--raw', '--subdir', 'DAGS_FOLDER/driven_data_pipeline.py', '--cfg-path', '/tmp/tmp_qgl6_wh']
[2025-07-08T05:27:12.234+0000] {standard_task_runner.py:105} INFO - Job 45: Subtask run_dbt_trusted
[2025-07-08T05:27:12.469+0000] {task_command.py:467} INFO - Running <TaskInstance: extract_raw_data_pipeline.run_dbt_trusted manual__2025-07-08T05:26:16.132244+00:00 [running]> on host 5e24963c1987
[2025-07-08T05:27:12.796+0000] {taskinstance.py:3131} INFO - Exporting env vars: AIRFLOW_CTX_DAG_OWNER='***' AIRFLOW_CTX_DAG_ID='extract_raw_data_pipeline' AIRFLOW_CTX_TASK_ID='run_dbt_trusted' AIRFLOW_CTX_EXECUTION_DATE='2025-07-08T05:26:16.132244+00:00' AIRFLOW_CTX_TRY_NUMBER='1' AIRFLOW_CTX_DAG_RUN_ID='manual__2025-07-08T05:26:16.132244+00:00'
[2025-07-08T05:27:12.798+0000] {taskinstance.py:731} INFO - ::endgroup::
[2025-07-08T05:27:12.856+0000] {subprocess.py:63} INFO - Tmp dir root location: /tmp
[2025-07-08T05:27:12.862+0000] {subprocess.py:75} INFO - Running command: ['/usr/bin/bash', '-c', 'set -x; cd /opt/***/dbt && dbt run --select tag:trusted']
[2025-07-08T05:27:12.931+0000] {subprocess.py:86} INFO - Output:
[2025-07-08T05:27:12.974+0000] {subprocess.py:93} INFO - + cd /opt/***/dbt
[2025-07-08T05:27:13.056+0000] {subprocess.py:93} INFO - + dbt run --select tag:trusted
[2025-07-08T05:27:22.152+0000] {subprocess.py:93} INFO - [0m05:27:22  Running with dbt=1.8.0
[2025-07-08T05:27:23.517+0000] {subprocess.py:93} INFO - [0m05:27:23  Registered adapter: postgres=1.8.2
[2025-07-08T05:27:25.141+0000] {subprocess.py:93} INFO - [0m05:27:25  Found 9 models, 10 sources, 428 macros
[2025-07-08T05:27:25.153+0000] {subprocess.py:93} INFO - [0m05:27:25
[2025-07-08T05:27:25.825+0000] {subprocess.py:93} INFO - [0m05:27:25  Concurrency: 1 threads (target='dev')
[2025-07-08T05:27:25.831+0000] {subprocess.py:93} INFO - [0m05:27:25
[2025-07-08T05:27:25.870+0000] {subprocess.py:93} INFO - [0m05:27:25  1 of 4 START sql table model driven_trusted.non_pii_data ....................... [RUN]
[2025-07-08T05:27:26.416+0000] {subprocess.py:93} INFO - [0m05:27:26  1 of 4 OK created sql table model driven_trusted.non_pii_data .................. [[32mSELECT 1019[0m in 0.54s]
[2025-07-08T05:27:26.427+0000] {subprocess.py:93} INFO - [0m05:27:26  2 of 4 START sql table model driven_trusted.payment_data ....................... [RUN]
[2025-07-08T05:27:26.675+0000] {subprocess.py:93} INFO - [0m05:27:26  2 of 4 OK created sql table model driven_trusted.payment_data .................. [[32mSELECT 1019[0m in 0.24s]
[2025-07-08T05:27:26.683+0000] {subprocess.py:93} INFO - [0m05:27:26  3 of 4 START sql table model driven_trusted.pii_data ........................... [RUN]
[2025-07-08T05:27:26.921+0000] {subprocess.py:93} INFO - [0m05:27:26  3 of 4 OK created sql table model driven_trusted.pii_data ...................... [[32mSELECT 1019[0m in 0.23s]
[2025-07-08T05:27:26.929+0000] {subprocess.py:93} INFO - [0m05:27:26  4 of 4 START sql table model driven_trusted.technical_data ..................... [RUN]
[2025-07-08T05:27:27.126+0000] {subprocess.py:93} INFO - [0m05:27:27  4 of 4 OK created sql table model driven_trusted.technical_data ................ [[32mSELECT 1019[0m in 0.19s]
[2025-07-08T05:27:27.172+0000] {subprocess.py:93} INFO - [0m05:27:27
[2025-07-08T05:27:27.174+0000] {subprocess.py:93} INFO - [0m05:27:27  Finished running 4 table models in 0 hours 0 minutes and 2.02 seconds (2.02s).
[2025-07-08T05:27:27.305+0000] {subprocess.py:93} INFO - [0m05:27:27
[2025-07-08T05:27:27.306+0000] {subprocess.py:93} INFO - [0m05:27:27  [32mCompleted successfully[0m
[2025-07-08T05:27:27.308+0000] {subprocess.py:93} INFO - [0m05:27:27
[2025-07-08T05:27:27.309+0000] {subprocess.py:93} INFO - [0m05:27:27  Done. PASS=4 WARN=0 ERROR=0 SKIP=0 TOTAL=4
[2025-07-08T05:27:28.775+0000] {subprocess.py:97} INFO - Command exited with return code 0
[2025-07-08T05:27:28.897+0000] {taskinstance.py:340} INFO - ::group::Post task execution logs
[2025-07-08T05:27:28.900+0000] {taskinstance.py:352} INFO - Marking task as SUCCESS. dag_id=extract_raw_data_pipeline, task_id=run_dbt_trusted, run_id=manual__2025-07-08T05:26:16.132244+00:00, execution_date=20250708T052616, start_date=20250708T052712, end_date=20250708T052728
[2025-07-08T05:27:29.036+0000] {local_task_job_runner.py:266} INFO - Task exited with return code 0
[2025-07-08T05:27:29.088+0000] {taskinstance.py:3900} INFO - 0 downstream tasks scheduled from follow-on schedule check
[2025-07-08T05:27:29.100+0000] {local_task_job_runner.py:245} INFO - ::endgroup::
