[2025-06-27T07:37:13.515+0000] {processor.py:186} INFO - Started process (PID=170) to work on /home/airflow/.local/lib/python3.12/site-packages/airflow/example_dags/example_sla_dag.py
[2025-06-27T07:37:13.519+0000] {processor.py:914} INFO - Processing file /home/airflow/.local/lib/python3.12/site-packages/airflow/example_dags/example_sla_dag.py for tasks to queue
[2025-06-27T07:37:13.539+0000] {logging_mixin.py:190} INFO - [2025-06-27T07:37:13.538+0000] {dagbag.py:588} INFO - Filling up the DagBag from /home/airflow/.local/lib/python3.12/site-packages/airflow/example_dags/example_sla_dag.py
[2025-06-27T07:37:13.629+0000] {processor.py:925} INFO - DAG(s) 'example_sla_dag' retrieved from /home/airflow/.local/lib/python3.12/site-packages/airflow/example_dags/example_sla_dag.py
[2025-06-27T07:37:14.173+0000] {logging_mixin.py:190} INFO - [2025-06-27T07:37:14.171+0000] {override.py:1900} INFO - Created Permission View: can read on DAG:example_sla_dag
[2025-06-27T07:37:14.221+0000] {logging_mixin.py:190} INFO - [2025-06-27T07:37:14.220+0000] {override.py:1900} INFO - Created Permission View: can edit on DAG:example_sla_dag
[2025-06-27T07:37:14.248+0000] {logging_mixin.py:190} INFO - [2025-06-27T07:37:14.247+0000] {override.py:1900} INFO - Created Permission View: can delete on DAG:example_sla_dag
[2025-06-27T07:37:14.283+0000] {logging_mixin.py:190} INFO - [2025-06-27T07:37:14.282+0000] {override.py:1900} INFO - Created Permission View: can read on DAG Run:example_sla_dag
[2025-06-27T07:37:14.312+0000] {logging_mixin.py:190} INFO - [2025-06-27T07:37:14.311+0000] {override.py:1900} INFO - Created Permission View: can create on DAG Run:example_sla_dag
[2025-06-27T07:37:14.340+0000] {logging_mixin.py:190} INFO - [2025-06-27T07:37:14.339+0000] {override.py:1900} INFO - Created Permission View: can delete on DAG Run:example_sla_dag
[2025-06-27T07:37:14.371+0000] {logging_mixin.py:190} INFO - [2025-06-27T07:37:14.370+0000] {override.py:1900} INFO - Created Permission View: menu access on DAG Run:example_sla_dag
[2025-06-27T07:37:14.373+0000] {logging_mixin.py:190} INFO - [2025-06-27T07:37:14.373+0000] {dag.py:3239} INFO - Sync 1 DAGs
[2025-06-27T07:37:14.446+0000] {logging_mixin.py:190} INFO - [2025-06-27T07:37:14.446+0000] {dag.py:3262} INFO - Creating ORM DAG for example_sla_dag
[2025-06-27T07:37:14.509+0000] {logging_mixin.py:190} INFO - [2025-06-27T07:37:14.509+0000] {dag.py:4180} INFO - Setting next_dagrun for example_sla_dag to 2025-06-27 07:34:00+00:00, run_after=2025-06-27 07:36:00+00:00
[2025-06-27T07:37:14.617+0000] {processor.py:208} INFO - Processing /home/airflow/.local/lib/python3.12/site-packages/airflow/example_dags/example_sla_dag.py took 1.143 seconds
[2025-06-27T07:37:45.593+0000] {processor.py:186} INFO - Started process (PID=233) to work on /home/airflow/.local/lib/python3.12/site-packages/airflow/example_dags/example_sla_dag.py
[2025-06-27T07:37:45.597+0000] {processor.py:914} INFO - Processing file /home/airflow/.local/lib/python3.12/site-packages/airflow/example_dags/example_sla_dag.py for tasks to queue
[2025-06-27T07:37:45.608+0000] {logging_mixin.py:190} INFO - [2025-06-27T07:37:45.607+0000] {dagbag.py:588} INFO - Filling up the DagBag from /home/airflow/.local/lib/python3.12/site-packages/airflow/example_dags/example_sla_dag.py
[2025-06-27T07:37:45.650+0000] {processor.py:925} INFO - DAG(s) 'example_sla_dag' retrieved from /home/airflow/.local/lib/python3.12/site-packages/airflow/example_dags/example_sla_dag.py
[2025-06-27T07:37:45.724+0000] {logging_mixin.py:190} INFO - [2025-06-27T07:37:45.723+0000] {dag.py:3239} INFO - Sync 1 DAGs
[2025-06-27T07:37:45.823+0000] {logging_mixin.py:190} INFO - [2025-06-27T07:37:45.822+0000] {dag.py:4180} INFO - Setting next_dagrun for example_sla_dag to 2025-06-27 07:34:00+00:00, run_after=2025-06-27 07:36:00+00:00
[2025-06-27T07:37:45.893+0000] {processor.py:208} INFO - Processing /home/airflow/.local/lib/python3.12/site-packages/airflow/example_dags/example_sla_dag.py took 0.322 seconds
[2025-06-27T07:38:29.574+0000] {processor.py:186} INFO - Started process (PID=296) to work on /home/airflow/.local/lib/python3.12/site-packages/airflow/example_dags/example_sla_dag.py
[2025-06-27T07:38:29.580+0000] {processor.py:914} INFO - Processing file /home/airflow/.local/lib/python3.12/site-packages/airflow/example_dags/example_sla_dag.py for tasks to queue
[2025-06-27T07:38:29.614+0000] {logging_mixin.py:190} INFO - [2025-06-27T07:38:29.613+0000] {dagbag.py:588} INFO - Filling up the DagBag from /home/airflow/.local/lib/python3.12/site-packages/airflow/example_dags/example_sla_dag.py
[2025-06-27T07:38:29.759+0000] {processor.py:925} INFO - DAG(s) 'example_sla_dag' retrieved from /home/airflow/.local/lib/python3.12/site-packages/airflow/example_dags/example_sla_dag.py
[2025-06-27T07:38:29.939+0000] {logging_mixin.py:190} INFO - [2025-06-27T07:38:29.938+0000] {dag.py:3239} INFO - Sync 1 DAGs
[2025-06-27T07:38:30.072+0000] {logging_mixin.py:190} INFO - [2025-06-27T07:38:30.071+0000] {dag.py:4180} INFO - Setting next_dagrun for example_sla_dag to 2025-06-27 07:36:00+00:00, run_after=2025-06-27 07:38:00+00:00
[2025-06-27T07:38:30.191+0000] {processor.py:208} INFO - Processing /home/airflow/.local/lib/python3.12/site-packages/airflow/example_dags/example_sla_dag.py took 0.666 seconds
[2025-06-27T07:39:09.617+0000] {processor.py:186} INFO - Started process (PID=364) to work on /home/airflow/.local/lib/python3.12/site-packages/airflow/example_dags/example_sla_dag.py
[2025-06-27T07:39:09.631+0000] {processor.py:914} INFO - Processing file /home/airflow/.local/lib/python3.12/site-packages/airflow/example_dags/example_sla_dag.py for tasks to queue
[2025-06-27T07:39:09.646+0000] {logging_mixin.py:190} INFO - [2025-06-27T07:39:09.645+0000] {dagbag.py:588} INFO - Filling up the DagBag from /home/airflow/.local/lib/python3.12/site-packages/airflow/example_dags/example_sla_dag.py
[2025-06-27T07:39:09.719+0000] {processor.py:925} INFO - DAG(s) 'example_sla_dag' retrieved from /home/airflow/.local/lib/python3.12/site-packages/airflow/example_dags/example_sla_dag.py
[2025-06-27T07:39:09.925+0000] {logging_mixin.py:190} INFO - [2025-06-27T07:39:09.923+0000] {dag.py:3239} INFO - Sync 1 DAGs
[2025-06-27T07:39:10.131+0000] {logging_mixin.py:190} INFO - [2025-06-27T07:39:10.129+0000] {dag.py:4180} INFO - Setting next_dagrun for example_sla_dag to 2025-06-27 07:36:00+00:00, run_after=2025-06-27 07:38:00+00:00
[2025-06-27T07:39:10.209+0000] {processor.py:208} INFO - Processing /home/airflow/.local/lib/python3.12/site-packages/airflow/example_dags/example_sla_dag.py took 0.649 seconds
[2025-06-27T07:39:50.977+0000] {processor.py:186} INFO - Started process (PID=428) to work on /home/airflow/.local/lib/python3.12/site-packages/airflow/example_dags/example_sla_dag.py
[2025-06-27T07:39:50.980+0000] {processor.py:914} INFO - Processing file /home/airflow/.local/lib/python3.12/site-packages/airflow/example_dags/example_sla_dag.py for tasks to queue
[2025-06-27T07:39:50.990+0000] {logging_mixin.py:190} INFO - [2025-06-27T07:39:50.989+0000] {dagbag.py:588} INFO - Filling up the DagBag from /home/airflow/.local/lib/python3.12/site-packages/airflow/example_dags/example_sla_dag.py
[2025-06-27T07:39:51.060+0000] {processor.py:925} INFO - DAG(s) 'example_sla_dag' retrieved from /home/airflow/.local/lib/python3.12/site-packages/airflow/example_dags/example_sla_dag.py
[2025-06-27T07:39:51.184+0000] {logging_mixin.py:190} INFO - [2025-06-27T07:39:51.184+0000] {dag.py:3239} INFO - Sync 1 DAGs
[2025-06-27T07:39:51.291+0000] {logging_mixin.py:190} INFO - [2025-06-27T07:39:51.291+0000] {dag.py:4180} INFO - Setting next_dagrun for example_sla_dag to 2025-06-27 07:36:00+00:00, run_after=2025-06-27 07:38:00+00:00
[2025-06-27T07:39:51.365+0000] {processor.py:208} INFO - Processing /home/airflow/.local/lib/python3.12/site-packages/airflow/example_dags/example_sla_dag.py took 0.411 seconds
[2025-06-27T07:40:23.493+0000] {processor.py:186} INFO - Started process (PID=491) to work on /home/airflow/.local/lib/python3.12/site-packages/airflow/example_dags/example_sla_dag.py
[2025-06-27T07:40:23.498+0000] {processor.py:914} INFO - Processing file /home/airflow/.local/lib/python3.12/site-packages/airflow/example_dags/example_sla_dag.py for tasks to queue
[2025-06-27T07:40:23.508+0000] {logging_mixin.py:190} INFO - [2025-06-27T07:40:23.505+0000] {dagbag.py:588} INFO - Filling up the DagBag from /home/airflow/.local/lib/python3.12/site-packages/airflow/example_dags/example_sla_dag.py
[2025-06-27T07:40:23.553+0000] {processor.py:925} INFO - DAG(s) 'example_sla_dag' retrieved from /home/airflow/.local/lib/python3.12/site-packages/airflow/example_dags/example_sla_dag.py
[2025-06-27T07:40:23.627+0000] {logging_mixin.py:190} INFO - [2025-06-27T07:40:23.626+0000] {dag.py:3239} INFO - Sync 1 DAGs
[2025-06-27T07:40:23.720+0000] {logging_mixin.py:190} INFO - [2025-06-27T07:40:23.720+0000] {dag.py:4180} INFO - Setting next_dagrun for example_sla_dag to 2025-06-27 07:38:00+00:00, run_after=2025-06-27 07:40:00+00:00
[2025-06-27T07:40:23.797+0000] {processor.py:208} INFO - Processing /home/airflow/.local/lib/python3.12/site-packages/airflow/example_dags/example_sla_dag.py took 0.326 seconds
[2025-06-27T07:40:55.874+0000] {processor.py:186} INFO - Started process (PID=554) to work on /home/airflow/.local/lib/python3.12/site-packages/airflow/example_dags/example_sla_dag.py
[2025-06-27T07:40:55.878+0000] {processor.py:914} INFO - Processing file /home/airflow/.local/lib/python3.12/site-packages/airflow/example_dags/example_sla_dag.py for tasks to queue
[2025-06-27T07:40:55.888+0000] {logging_mixin.py:190} INFO - [2025-06-27T07:40:55.886+0000] {dagbag.py:588} INFO - Filling up the DagBag from /home/airflow/.local/lib/python3.12/site-packages/airflow/example_dags/example_sla_dag.py
[2025-06-27T07:40:55.923+0000] {processor.py:925} INFO - DAG(s) 'example_sla_dag' retrieved from /home/airflow/.local/lib/python3.12/site-packages/airflow/example_dags/example_sla_dag.py
[2025-06-27T07:40:56.004+0000] {logging_mixin.py:190} INFO - [2025-06-27T07:40:56.002+0000] {dag.py:3239} INFO - Sync 1 DAGs
[2025-06-27T07:40:56.128+0000] {logging_mixin.py:190} INFO - [2025-06-27T07:40:56.128+0000] {dag.py:4180} INFO - Setting next_dagrun for example_sla_dag to 2025-06-27 07:38:00+00:00, run_after=2025-06-27 07:40:00+00:00
[2025-06-27T07:40:56.212+0000] {processor.py:208} INFO - Processing /home/airflow/.local/lib/python3.12/site-packages/airflow/example_dags/example_sla_dag.py took 0.362 seconds
[2025-06-27T07:41:33.593+0000] {processor.py:186} INFO - Started process (PID=619) to work on /home/airflow/.local/lib/python3.12/site-packages/airflow/example_dags/example_sla_dag.py
[2025-06-27T07:41:33.616+0000] {processor.py:914} INFO - Processing file /home/airflow/.local/lib/python3.12/site-packages/airflow/example_dags/example_sla_dag.py for tasks to queue
[2025-06-27T07:41:33.645+0000] {logging_mixin.py:190} INFO - [2025-06-27T07:41:33.644+0000] {dagbag.py:588} INFO - Filling up the DagBag from /home/airflow/.local/lib/python3.12/site-packages/airflow/example_dags/example_sla_dag.py
[2025-06-27T07:41:33.750+0000] {processor.py:925} INFO - DAG(s) 'example_sla_dag' retrieved from /home/airflow/.local/lib/python3.12/site-packages/airflow/example_dags/example_sla_dag.py
[2025-06-27T07:41:33.917+0000] {logging_mixin.py:190} INFO - [2025-06-27T07:41:33.917+0000] {dag.py:3239} INFO - Sync 1 DAGs
[2025-06-27T07:41:34.081+0000] {logging_mixin.py:190} INFO - [2025-06-27T07:41:34.081+0000] {dag.py:4180} INFO - Setting next_dagrun for example_sla_dag to 2025-06-27 07:38:00+00:00, run_after=2025-06-27 07:40:00+00:00
[2025-06-27T07:41:34.184+0000] {processor.py:208} INFO - Processing /home/airflow/.local/lib/python3.12/site-packages/airflow/example_dags/example_sla_dag.py took 0.646 seconds
[2025-06-27T07:42:18.531+0000] {processor.py:186} INFO - Started process (PID=688) to work on /home/airflow/.local/lib/python3.12/site-packages/airflow/example_dags/example_sla_dag.py
[2025-06-27T07:42:18.536+0000] {processor.py:914} INFO - Processing file /home/airflow/.local/lib/python3.12/site-packages/airflow/example_dags/example_sla_dag.py for tasks to queue
[2025-06-27T07:42:18.548+0000] {logging_mixin.py:190} INFO - [2025-06-27T07:42:18.547+0000] {dagbag.py:588} INFO - Filling up the DagBag from /home/airflow/.local/lib/python3.12/site-packages/airflow/example_dags/example_sla_dag.py
[2025-06-27T07:42:18.597+0000] {processor.py:925} INFO - DAG(s) 'example_sla_dag' retrieved from /home/airflow/.local/lib/python3.12/site-packages/airflow/example_dags/example_sla_dag.py
[2025-06-27T07:42:19.241+0000] {logging_mixin.py:190} INFO - [2025-06-27T07:42:19.239+0000] {dag.py:3239} INFO - Sync 1 DAGs
[2025-06-27T07:42:19.449+0000] {logging_mixin.py:190} INFO - [2025-06-27T07:42:19.448+0000] {dag.py:4180} INFO - Setting next_dagrun for example_sla_dag to 2025-06-27 07:40:00+00:00, run_after=2025-06-27 07:42:00+00:00
[2025-06-27T07:42:19.564+0000] {processor.py:208} INFO - Processing /home/airflow/.local/lib/python3.12/site-packages/airflow/example_dags/example_sla_dag.py took 1.061 seconds
[2025-06-27T07:42:52.365+0000] {processor.py:186} INFO - Started process (PID=751) to work on /home/airflow/.local/lib/python3.12/site-packages/airflow/example_dags/example_sla_dag.py
[2025-06-27T07:42:52.371+0000] {processor.py:914} INFO - Processing file /home/airflow/.local/lib/python3.12/site-packages/airflow/example_dags/example_sla_dag.py for tasks to queue
[2025-06-27T07:42:52.385+0000] {logging_mixin.py:190} INFO - [2025-06-27T07:42:52.383+0000] {dagbag.py:588} INFO - Filling up the DagBag from /home/airflow/.local/lib/python3.12/site-packages/airflow/example_dags/example_sla_dag.py
[2025-06-27T07:42:52.439+0000] {processor.py:925} INFO - DAG(s) 'example_sla_dag' retrieved from /home/airflow/.local/lib/python3.12/site-packages/airflow/example_dags/example_sla_dag.py
[2025-06-27T07:42:52.513+0000] {logging_mixin.py:190} INFO - [2025-06-27T07:42:52.512+0000] {dag.py:3239} INFO - Sync 1 DAGs
[2025-06-27T07:42:52.666+0000] {logging_mixin.py:190} INFO - [2025-06-27T07:42:52.665+0000] {dag.py:4180} INFO - Setting next_dagrun for example_sla_dag to 2025-06-27 07:40:00+00:00, run_after=2025-06-27 07:42:00+00:00
[2025-06-27T07:42:52.767+0000] {processor.py:208} INFO - Processing /home/airflow/.local/lib/python3.12/site-packages/airflow/example_dags/example_sla_dag.py took 0.433 seconds
[2025-06-27T07:43:30.332+0000] {processor.py:186} INFO - Started process (PID=813) to work on /home/airflow/.local/lib/python3.12/site-packages/airflow/example_dags/example_sla_dag.py
[2025-06-27T07:43:30.335+0000] {processor.py:914} INFO - Processing file /home/airflow/.local/lib/python3.12/site-packages/airflow/example_dags/example_sla_dag.py for tasks to queue
[2025-06-27T07:43:30.343+0000] {logging_mixin.py:190} INFO - [2025-06-27T07:43:30.342+0000] {dagbag.py:588} INFO - Filling up the DagBag from /home/airflow/.local/lib/python3.12/site-packages/airflow/example_dags/example_sla_dag.py
[2025-06-27T07:43:30.389+0000] {processor.py:925} INFO - DAG(s) 'example_sla_dag' retrieved from /home/airflow/.local/lib/python3.12/site-packages/airflow/example_dags/example_sla_dag.py
[2025-06-27T07:43:30.491+0000] {logging_mixin.py:190} INFO - [2025-06-27T07:43:30.490+0000] {dag.py:3239} INFO - Sync 1 DAGs
[2025-06-27T07:43:30.615+0000] {logging_mixin.py:190} INFO - [2025-06-27T07:43:30.614+0000] {dag.py:4180} INFO - Setting next_dagrun for example_sla_dag to 2025-06-27 07:40:00+00:00, run_after=2025-06-27 07:42:00+00:00
[2025-06-27T07:43:30.708+0000] {processor.py:208} INFO - Processing /home/airflow/.local/lib/python3.12/site-packages/airflow/example_dags/example_sla_dag.py took 0.401 seconds
[2025-06-27T07:44:01.079+0000] {processor.py:186} INFO - Started process (PID=877) to work on /home/airflow/.local/lib/python3.12/site-packages/airflow/example_dags/example_sla_dag.py
[2025-06-27T07:44:01.082+0000] {processor.py:914} INFO - Processing file /home/airflow/.local/lib/python3.12/site-packages/airflow/example_dags/example_sla_dag.py for tasks to queue
[2025-06-27T07:44:01.089+0000] {logging_mixin.py:190} INFO - [2025-06-27T07:44:01.088+0000] {dagbag.py:588} INFO - Filling up the DagBag from /home/airflow/.local/lib/python3.12/site-packages/airflow/example_dags/example_sla_dag.py
[2025-06-27T07:44:01.121+0000] {processor.py:925} INFO - DAG(s) 'example_sla_dag' retrieved from /home/airflow/.local/lib/python3.12/site-packages/airflow/example_dags/example_sla_dag.py
[2025-06-27T07:44:01.169+0000] {logging_mixin.py:190} INFO - [2025-06-27T07:44:01.168+0000] {dag.py:3239} INFO - Sync 1 DAGs
[2025-06-27T07:44:01.235+0000] {logging_mixin.py:190} INFO - [2025-06-27T07:44:01.234+0000] {dag.py:4180} INFO - Setting next_dagrun for example_sla_dag to 2025-06-27 07:42:00+00:00, run_after=2025-06-27 07:44:00+00:00
[2025-06-27T07:44:01.277+0000] {processor.py:208} INFO - Processing /home/airflow/.local/lib/python3.12/site-packages/airflow/example_dags/example_sla_dag.py took 0.218 seconds
[2025-06-27T07:44:31.880+0000] {processor.py:186} INFO - Started process (PID=941) to work on /home/airflow/.local/lib/python3.12/site-packages/airflow/example_dags/example_sla_dag.py
[2025-06-27T07:44:31.936+0000] {processor.py:914} INFO - Processing file /home/airflow/.local/lib/python3.12/site-packages/airflow/example_dags/example_sla_dag.py for tasks to queue
[2025-06-27T07:44:31.957+0000] {logging_mixin.py:190} INFO - [2025-06-27T07:44:31.956+0000] {dagbag.py:588} INFO - Filling up the DagBag from /home/airflow/.local/lib/python3.12/site-packages/airflow/example_dags/example_sla_dag.py
[2025-06-27T07:44:32.041+0000] {processor.py:925} INFO - DAG(s) 'example_sla_dag' retrieved from /home/airflow/.local/lib/python3.12/site-packages/airflow/example_dags/example_sla_dag.py
[2025-06-27T07:44:32.149+0000] {logging_mixin.py:190} INFO - [2025-06-27T07:44:32.148+0000] {dag.py:3239} INFO - Sync 1 DAGs
[2025-06-27T07:44:32.371+0000] {logging_mixin.py:190} INFO - [2025-06-27T07:44:32.370+0000] {dag.py:4180} INFO - Setting next_dagrun for example_sla_dag to 2025-06-27 07:42:00+00:00, run_after=2025-06-27 07:44:00+00:00
[2025-06-27T07:44:32.472+0000] {processor.py:208} INFO - Processing /home/airflow/.local/lib/python3.12/site-packages/airflow/example_dags/example_sla_dag.py took 0.675 seconds
[2025-06-27T07:45:03.016+0000] {processor.py:186} INFO - Started process (PID=1005) to work on /home/airflow/.local/lib/python3.12/site-packages/airflow/example_dags/example_sla_dag.py
[2025-06-27T07:45:03.018+0000] {processor.py:914} INFO - Processing file /home/airflow/.local/lib/python3.12/site-packages/airflow/example_dags/example_sla_dag.py for tasks to queue
[2025-06-27T07:45:03.022+0000] {logging_mixin.py:190} INFO - [2025-06-27T07:45:03.022+0000] {dagbag.py:588} INFO - Filling up the DagBag from /home/airflow/.local/lib/python3.12/site-packages/airflow/example_dags/example_sla_dag.py
[2025-06-27T07:45:03.039+0000] {processor.py:925} INFO - DAG(s) 'example_sla_dag' retrieved from /home/airflow/.local/lib/python3.12/site-packages/airflow/example_dags/example_sla_dag.py
[2025-06-27T07:45:03.078+0000] {logging_mixin.py:190} INFO - [2025-06-27T07:45:03.077+0000] {dag.py:3239} INFO - Sync 1 DAGs
[2025-06-27T07:45:03.131+0000] {logging_mixin.py:190} INFO - [2025-06-27T07:45:03.131+0000] {dag.py:4180} INFO - Setting next_dagrun for example_sla_dag to 2025-06-27 07:42:00+00:00, run_after=2025-06-27 07:44:00+00:00
[2025-06-27T07:45:03.171+0000] {processor.py:208} INFO - Processing /home/airflow/.local/lib/python3.12/site-packages/airflow/example_dags/example_sla_dag.py took 0.166 seconds
[2025-06-27T07:45:34.054+0000] {processor.py:186} INFO - Started process (PID=1070) to work on /home/airflow/.local/lib/python3.12/site-packages/airflow/example_dags/example_sla_dag.py
[2025-06-27T07:45:34.055+0000] {processor.py:914} INFO - Processing file /home/airflow/.local/lib/python3.12/site-packages/airflow/example_dags/example_sla_dag.py for tasks to queue
[2025-06-27T07:45:34.059+0000] {logging_mixin.py:190} INFO - [2025-06-27T07:45:34.059+0000] {dagbag.py:588} INFO - Filling up the DagBag from /home/airflow/.local/lib/python3.12/site-packages/airflow/example_dags/example_sla_dag.py
[2025-06-27T07:45:34.075+0000] {processor.py:925} INFO - DAG(s) 'example_sla_dag' retrieved from /home/airflow/.local/lib/python3.12/site-packages/airflow/example_dags/example_sla_dag.py
[2025-06-27T07:45:34.116+0000] {logging_mixin.py:190} INFO - [2025-06-27T07:45:34.116+0000] {dag.py:3239} INFO - Sync 1 DAGs
[2025-06-27T07:45:34.161+0000] {logging_mixin.py:190} INFO - [2025-06-27T07:45:34.160+0000] {dag.py:4180} INFO - Setting next_dagrun for example_sla_dag to 2025-06-27 07:42:00+00:00, run_after=2025-06-27 07:44:00+00:00
[2025-06-27T07:45:34.197+0000] {processor.py:208} INFO - Processing /home/airflow/.local/lib/python3.12/site-packages/airflow/example_dags/example_sla_dag.py took 0.153 seconds
[2025-06-27T07:46:04.469+0000] {processor.py:186} INFO - Started process (PID=1133) to work on /home/airflow/.local/lib/python3.12/site-packages/airflow/example_dags/example_sla_dag.py
[2025-06-27T07:46:04.470+0000] {processor.py:914} INFO - Processing file /home/airflow/.local/lib/python3.12/site-packages/airflow/example_dags/example_sla_dag.py for tasks to queue
[2025-06-27T07:46:04.475+0000] {logging_mixin.py:190} INFO - [2025-06-27T07:46:04.474+0000] {dagbag.py:588} INFO - Filling up the DagBag from /home/airflow/.local/lib/python3.12/site-packages/airflow/example_dags/example_sla_dag.py
[2025-06-27T07:46:04.492+0000] {processor.py:925} INFO - DAG(s) 'example_sla_dag' retrieved from /home/airflow/.local/lib/python3.12/site-packages/airflow/example_dags/example_sla_dag.py
[2025-06-27T07:46:04.529+0000] {logging_mixin.py:190} INFO - [2025-06-27T07:46:04.528+0000] {dag.py:3239} INFO - Sync 1 DAGs
[2025-06-27T07:46:04.573+0000] {logging_mixin.py:190} INFO - [2025-06-27T07:46:04.573+0000] {dag.py:4180} INFO - Setting next_dagrun for example_sla_dag to 2025-06-27 07:44:00+00:00, run_after=2025-06-27 07:46:00+00:00
[2025-06-27T07:46:04.602+0000] {processor.py:208} INFO - Processing /home/airflow/.local/lib/python3.12/site-packages/airflow/example_dags/example_sla_dag.py took 0.143 seconds
[2025-06-27T07:46:35.734+0000] {processor.py:186} INFO - Started process (PID=1199) to work on /home/airflow/.local/lib/python3.12/site-packages/airflow/example_dags/example_sla_dag.py
[2025-06-27T07:46:35.736+0000] {processor.py:914} INFO - Processing file /home/airflow/.local/lib/python3.12/site-packages/airflow/example_dags/example_sla_dag.py for tasks to queue
[2025-06-27T07:46:35.740+0000] {logging_mixin.py:190} INFO - [2025-06-27T07:46:35.739+0000] {dagbag.py:588} INFO - Filling up the DagBag from /home/airflow/.local/lib/python3.12/site-packages/airflow/example_dags/example_sla_dag.py
[2025-06-27T07:46:35.755+0000] {processor.py:925} INFO - DAG(s) 'example_sla_dag' retrieved from /home/airflow/.local/lib/python3.12/site-packages/airflow/example_dags/example_sla_dag.py
[2025-06-27T07:46:35.791+0000] {logging_mixin.py:190} INFO - [2025-06-27T07:46:35.791+0000] {dag.py:3239} INFO - Sync 1 DAGs
[2025-06-27T07:46:35.832+0000] {logging_mixin.py:190} INFO - [2025-06-27T07:46:35.831+0000] {dag.py:4180} INFO - Setting next_dagrun for example_sla_dag to 2025-06-27 07:44:00+00:00, run_after=2025-06-27 07:46:00+00:00
[2025-06-27T07:46:35.873+0000] {processor.py:208} INFO - Processing /home/airflow/.local/lib/python3.12/site-packages/airflow/example_dags/example_sla_dag.py took 0.149 seconds
[2025-06-27T07:47:06.683+0000] {processor.py:186} INFO - Started process (PID=1262) to work on /home/airflow/.local/lib/python3.12/site-packages/airflow/example_dags/example_sla_dag.py
[2025-06-27T07:47:06.686+0000] {processor.py:914} INFO - Processing file /home/airflow/.local/lib/python3.12/site-packages/airflow/example_dags/example_sla_dag.py for tasks to queue
[2025-06-27T07:47:06.692+0000] {logging_mixin.py:190} INFO - [2025-06-27T07:47:06.691+0000] {dagbag.py:588} INFO - Filling up the DagBag from /home/airflow/.local/lib/python3.12/site-packages/airflow/example_dags/example_sla_dag.py
[2025-06-27T07:47:06.710+0000] {processor.py:925} INFO - DAG(s) 'example_sla_dag' retrieved from /home/airflow/.local/lib/python3.12/site-packages/airflow/example_dags/example_sla_dag.py
[2025-06-27T07:47:06.755+0000] {logging_mixin.py:190} INFO - [2025-06-27T07:47:06.754+0000] {dag.py:3239} INFO - Sync 1 DAGs
[2025-06-27T07:47:06.801+0000] {logging_mixin.py:190} INFO - [2025-06-27T07:47:06.800+0000] {dag.py:4180} INFO - Setting next_dagrun for example_sla_dag to 2025-06-27 07:44:00+00:00, run_after=2025-06-27 07:46:00+00:00
[2025-06-27T07:47:06.836+0000] {processor.py:208} INFO - Processing /home/airflow/.local/lib/python3.12/site-packages/airflow/example_dags/example_sla_dag.py took 0.167 seconds
[2025-06-27T07:47:39.284+0000] {processor.py:186} INFO - Started process (PID=1333) to work on /home/airflow/.local/lib/python3.12/site-packages/airflow/example_dags/example_sla_dag.py
[2025-06-27T07:47:39.286+0000] {processor.py:914} INFO - Processing file /home/airflow/.local/lib/python3.12/site-packages/airflow/example_dags/example_sla_dag.py for tasks to queue
[2025-06-27T07:47:39.291+0000] {logging_mixin.py:190} INFO - [2025-06-27T07:47:39.291+0000] {dagbag.py:588} INFO - Filling up the DagBag from /home/airflow/.local/lib/python3.12/site-packages/airflow/example_dags/example_sla_dag.py
[2025-06-27T07:47:39.317+0000] {processor.py:925} INFO - DAG(s) 'example_sla_dag' retrieved from /home/airflow/.local/lib/python3.12/site-packages/airflow/example_dags/example_sla_dag.py
[2025-06-27T07:47:39.363+0000] {logging_mixin.py:190} INFO - [2025-06-27T07:47:39.361+0000] {dag.py:3239} INFO - Sync 1 DAGs
[2025-06-27T07:47:39.422+0000] {logging_mixin.py:190} INFO - [2025-06-27T07:47:39.421+0000] {dag.py:4180} INFO - Setting next_dagrun for example_sla_dag to 2025-06-27 07:44:00+00:00, run_after=2025-06-27 07:46:00+00:00
[2025-06-27T07:47:39.467+0000] {processor.py:208} INFO - Processing /home/airflow/.local/lib/python3.12/site-packages/airflow/example_dags/example_sla_dag.py took 0.195 seconds
[2025-06-27T07:48:09.880+0000] {processor.py:186} INFO - Started process (PID=1396) to work on /home/airflow/.local/lib/python3.12/site-packages/airflow/example_dags/example_sla_dag.py
[2025-06-27T07:48:09.882+0000] {processor.py:914} INFO - Processing file /home/airflow/.local/lib/python3.12/site-packages/airflow/example_dags/example_sla_dag.py for tasks to queue
[2025-06-27T07:48:09.887+0000] {logging_mixin.py:190} INFO - [2025-06-27T07:48:09.886+0000] {dagbag.py:588} INFO - Filling up the DagBag from /home/airflow/.local/lib/python3.12/site-packages/airflow/example_dags/example_sla_dag.py
[2025-06-27T07:48:09.909+0000] {processor.py:925} INFO - DAG(s) 'example_sla_dag' retrieved from /home/airflow/.local/lib/python3.12/site-packages/airflow/example_dags/example_sla_dag.py
[2025-06-27T07:48:09.948+0000] {logging_mixin.py:190} INFO - [2025-06-27T07:48:09.947+0000] {dag.py:3239} INFO - Sync 1 DAGs
[2025-06-27T07:48:09.995+0000] {logging_mixin.py:190} INFO - [2025-06-27T07:48:09.995+0000] {dag.py:4180} INFO - Setting next_dagrun for example_sla_dag to 2025-06-27 07:46:00+00:00, run_after=2025-06-27 07:48:00+00:00
[2025-06-27T07:48:10.030+0000] {processor.py:208} INFO - Processing /home/airflow/.local/lib/python3.12/site-packages/airflow/example_dags/example_sla_dag.py took 0.161 seconds
[2025-06-27T07:48:41.250+0000] {processor.py:186} INFO - Started process (PID=1459) to work on /home/airflow/.local/lib/python3.12/site-packages/airflow/example_dags/example_sla_dag.py
[2025-06-27T07:48:41.254+0000] {processor.py:914} INFO - Processing file /home/airflow/.local/lib/python3.12/site-packages/airflow/example_dags/example_sla_dag.py for tasks to queue
[2025-06-27T07:48:41.264+0000] {logging_mixin.py:190} INFO - [2025-06-27T07:48:41.262+0000] {dagbag.py:588} INFO - Filling up the DagBag from /home/airflow/.local/lib/python3.12/site-packages/airflow/example_dags/example_sla_dag.py
[2025-06-27T07:48:41.316+0000] {processor.py:925} INFO - DAG(s) 'example_sla_dag' retrieved from /home/airflow/.local/lib/python3.12/site-packages/airflow/example_dags/example_sla_dag.py
[2025-06-27T07:48:41.382+0000] {logging_mixin.py:190} INFO - [2025-06-27T07:48:41.381+0000] {dag.py:3239} INFO - Sync 1 DAGs
[2025-06-27T07:48:41.455+0000] {logging_mixin.py:190} INFO - [2025-06-27T07:48:41.454+0000] {dag.py:4180} INFO - Setting next_dagrun for example_sla_dag to 2025-06-27 07:46:00+00:00, run_after=2025-06-27 07:48:00+00:00
[2025-06-27T07:48:41.505+0000] {processor.py:208} INFO - Processing /home/airflow/.local/lib/python3.12/site-packages/airflow/example_dags/example_sla_dag.py took 0.284 seconds
[2025-06-27T07:52:24.770+0000] {processor.py:186} INFO - Started process (PID=119) to work on /home/airflow/.local/lib/python3.12/site-packages/airflow/example_dags/example_sla_dag.py
[2025-06-27T07:52:24.782+0000] {processor.py:914} INFO - Processing file /home/airflow/.local/lib/python3.12/site-packages/airflow/example_dags/example_sla_dag.py for tasks to queue
[2025-06-27T07:52:24.794+0000] {logging_mixin.py:190} INFO - [2025-06-27T07:52:24.793+0000] {dagbag.py:588} INFO - Filling up the DagBag from /home/airflow/.local/lib/python3.12/site-packages/airflow/example_dags/example_sla_dag.py
[2025-06-27T07:52:24.850+0000] {processor.py:925} INFO - DAG(s) 'example_sla_dag' retrieved from /home/airflow/.local/lib/python3.12/site-packages/airflow/example_dags/example_sla_dag.py
[2025-06-27T07:52:24.930+0000] {logging_mixin.py:190} INFO - [2025-06-27T07:52:24.929+0000] {dag.py:3239} INFO - Sync 1 DAGs
[2025-06-27T07:52:25.137+0000] {logging_mixin.py:190} INFO - [2025-06-27T07:52:25.136+0000] {dag.py:4180} INFO - Setting next_dagrun for example_sla_dag to 2025-06-27 07:50:00+00:00, run_after=2025-06-27 07:52:00+00:00
[2025-06-27T07:52:25.400+0000] {processor.py:208} INFO - Processing /home/airflow/.local/lib/python3.12/site-packages/airflow/example_dags/example_sla_dag.py took 0.651 seconds
[2025-06-27T07:52:57.017+0000] {processor.py:186} INFO - Started process (PID=182) to work on /home/airflow/.local/lib/python3.12/site-packages/airflow/example_dags/example_sla_dag.py
[2025-06-27T07:52:57.023+0000] {processor.py:914} INFO - Processing file /home/airflow/.local/lib/python3.12/site-packages/airflow/example_dags/example_sla_dag.py for tasks to queue
[2025-06-27T07:52:57.036+0000] {logging_mixin.py:190} INFO - [2025-06-27T07:52:57.035+0000] {dagbag.py:588} INFO - Filling up the DagBag from /home/airflow/.local/lib/python3.12/site-packages/airflow/example_dags/example_sla_dag.py
[2025-06-27T07:52:57.091+0000] {processor.py:925} INFO - DAG(s) 'example_sla_dag' retrieved from /home/airflow/.local/lib/python3.12/site-packages/airflow/example_dags/example_sla_dag.py
[2025-06-27T07:52:57.214+0000] {logging_mixin.py:190} INFO - [2025-06-27T07:52:57.210+0000] {dag.py:3239} INFO - Sync 1 DAGs
[2025-06-27T07:52:57.374+0000] {logging_mixin.py:190} INFO - [2025-06-27T07:52:57.373+0000] {dag.py:4180} INFO - Setting next_dagrun for example_sla_dag to 2025-06-27 07:50:00+00:00, run_after=2025-06-27 07:52:00+00:00
[2025-06-27T07:52:57.530+0000] {processor.py:208} INFO - Processing /home/airflow/.local/lib/python3.12/site-packages/airflow/example_dags/example_sla_dag.py took 0.560 seconds
[2025-06-27T07:53:28.949+0000] {processor.py:186} INFO - Started process (PID=245) to work on /home/airflow/.local/lib/python3.12/site-packages/airflow/example_dags/example_sla_dag.py
[2025-06-27T07:53:28.952+0000] {processor.py:914} INFO - Processing file /home/airflow/.local/lib/python3.12/site-packages/airflow/example_dags/example_sla_dag.py for tasks to queue
[2025-06-27T07:53:28.961+0000] {logging_mixin.py:190} INFO - [2025-06-27T07:53:28.959+0000] {dagbag.py:588} INFO - Filling up the DagBag from /home/airflow/.local/lib/python3.12/site-packages/airflow/example_dags/example_sla_dag.py
[2025-06-27T07:53:28.994+0000] {processor.py:925} INFO - DAG(s) 'example_sla_dag' retrieved from /home/airflow/.local/lib/python3.12/site-packages/airflow/example_dags/example_sla_dag.py
[2025-06-27T07:53:29.052+0000] {logging_mixin.py:190} INFO - [2025-06-27T07:53:29.052+0000] {dag.py:3239} INFO - Sync 1 DAGs
[2025-06-27T07:53:29.109+0000] {logging_mixin.py:190} INFO - [2025-06-27T07:53:29.109+0000] {dag.py:4180} INFO - Setting next_dagrun for example_sla_dag to 2025-06-27 07:50:00+00:00, run_after=2025-06-27 07:52:00+00:00
[2025-06-27T07:53:29.148+0000] {processor.py:208} INFO - Processing /home/airflow/.local/lib/python3.12/site-packages/airflow/example_dags/example_sla_dag.py took 0.221 seconds
[2025-06-27T07:53:59.802+0000] {processor.py:186} INFO - Started process (PID=309) to work on /home/airflow/.local/lib/python3.12/site-packages/airflow/example_dags/example_sla_dag.py
[2025-06-27T07:53:59.803+0000] {processor.py:914} INFO - Processing file /home/airflow/.local/lib/python3.12/site-packages/airflow/example_dags/example_sla_dag.py for tasks to queue
[2025-06-27T07:53:59.809+0000] {logging_mixin.py:190} INFO - [2025-06-27T07:53:59.808+0000] {dagbag.py:588} INFO - Filling up the DagBag from /home/airflow/.local/lib/python3.12/site-packages/airflow/example_dags/example_sla_dag.py
[2025-06-27T07:53:59.829+0000] {processor.py:925} INFO - DAG(s) 'example_sla_dag' retrieved from /home/airflow/.local/lib/python3.12/site-packages/airflow/example_dags/example_sla_dag.py
[2025-06-27T07:53:59.878+0000] {logging_mixin.py:190} INFO - [2025-06-27T07:53:59.878+0000] {dag.py:3239} INFO - Sync 1 DAGs
[2025-06-27T07:53:59.945+0000] {logging_mixin.py:190} INFO - [2025-06-27T07:53:59.944+0000] {dag.py:4180} INFO - Setting next_dagrun for example_sla_dag to 2025-06-27 07:50:00+00:00, run_after=2025-06-27 07:52:00+00:00
[2025-06-27T07:53:59.990+0000] {processor.py:208} INFO - Processing /home/airflow/.local/lib/python3.12/site-packages/airflow/example_dags/example_sla_dag.py took 0.202 seconds
[2025-06-27T07:54:31.615+0000] {processor.py:186} INFO - Started process (PID=372) to work on /home/airflow/.local/lib/python3.12/site-packages/airflow/example_dags/example_sla_dag.py
[2025-06-27T07:54:31.620+0000] {processor.py:914} INFO - Processing file /home/airflow/.local/lib/python3.12/site-packages/airflow/example_dags/example_sla_dag.py for tasks to queue
[2025-06-27T07:54:31.631+0000] {logging_mixin.py:190} INFO - [2025-06-27T07:54:31.630+0000] {dagbag.py:588} INFO - Filling up the DagBag from /home/airflow/.local/lib/python3.12/site-packages/airflow/example_dags/example_sla_dag.py
[2025-06-27T07:54:31.666+0000] {processor.py:925} INFO - DAG(s) 'example_sla_dag' retrieved from /home/airflow/.local/lib/python3.12/site-packages/airflow/example_dags/example_sla_dag.py
[2025-06-27T07:54:31.734+0000] {logging_mixin.py:190} INFO - [2025-06-27T07:54:31.733+0000] {dag.py:3239} INFO - Sync 1 DAGs
[2025-06-27T07:54:31.808+0000] {logging_mixin.py:190} INFO - [2025-06-27T07:54:31.807+0000] {dag.py:4180} INFO - Setting next_dagrun for example_sla_dag to 2025-06-27 07:52:00+00:00, run_after=2025-06-27 07:54:00+00:00
[2025-06-27T07:54:31.862+0000] {processor.py:208} INFO - Processing /home/airflow/.local/lib/python3.12/site-packages/airflow/example_dags/example_sla_dag.py took 0.270 seconds
[2025-06-27T07:55:03.084+0000] {processor.py:186} INFO - Started process (PID=435) to work on /home/airflow/.local/lib/python3.12/site-packages/airflow/example_dags/example_sla_dag.py
[2025-06-27T07:55:03.087+0000] {processor.py:914} INFO - Processing file /home/airflow/.local/lib/python3.12/site-packages/airflow/example_dags/example_sla_dag.py for tasks to queue
[2025-06-27T07:55:03.095+0000] {logging_mixin.py:190} INFO - [2025-06-27T07:55:03.093+0000] {dagbag.py:588} INFO - Filling up the DagBag from /home/airflow/.local/lib/python3.12/site-packages/airflow/example_dags/example_sla_dag.py
[2025-06-27T07:55:03.130+0000] {processor.py:925} INFO - DAG(s) 'example_sla_dag' retrieved from /home/airflow/.local/lib/python3.12/site-packages/airflow/example_dags/example_sla_dag.py
[2025-06-27T07:55:03.197+0000] {logging_mixin.py:190} INFO - [2025-06-27T07:55:03.196+0000] {dag.py:3239} INFO - Sync 1 DAGs
[2025-06-27T07:55:03.287+0000] {logging_mixin.py:190} INFO - [2025-06-27T07:55:03.287+0000] {dag.py:4180} INFO - Setting next_dagrun for example_sla_dag to 2025-06-27 07:52:00+00:00, run_after=2025-06-27 07:54:00+00:00
[2025-06-27T07:55:03.339+0000] {processor.py:208} INFO - Processing /home/airflow/.local/lib/python3.12/site-packages/airflow/example_dags/example_sla_dag.py took 0.274 seconds
[2025-06-27T07:59:45.860+0000] {processor.py:186} INFO - Started process (PID=106) to work on /home/airflow/.local/lib/python3.12/site-packages/airflow/example_dags/example_sla_dag.py
[2025-06-27T07:59:45.876+0000] {processor.py:914} INFO - Processing file /home/airflow/.local/lib/python3.12/site-packages/airflow/example_dags/example_sla_dag.py for tasks to queue
[2025-06-27T07:59:45.921+0000] {logging_mixin.py:190} INFO - [2025-06-27T07:59:45.917+0000] {dagbag.py:588} INFO - Filling up the DagBag from /home/airflow/.local/lib/python3.12/site-packages/airflow/example_dags/example_sla_dag.py
[2025-06-27T07:59:46.356+0000] {processor.py:925} INFO - DAG(s) 'example_sla_dag' retrieved from /home/airflow/.local/lib/python3.12/site-packages/airflow/example_dags/example_sla_dag.py
[2025-06-27T07:59:46.741+0000] {logging_mixin.py:190} INFO - [2025-06-27T07:59:46.739+0000] {dag.py:3239} INFO - Sync 1 DAGs
[2025-06-27T07:59:47.277+0000] {logging_mixin.py:190} INFO - [2025-06-27T07:59:47.275+0000] {dag.py:4180} INFO - Setting next_dagrun for example_sla_dag to 2025-06-27 07:56:00+00:00, run_after=2025-06-27 07:58:00+00:00
[2025-06-27T07:59:47.421+0000] {processor.py:208} INFO - Processing /home/airflow/.local/lib/python3.12/site-packages/airflow/example_dags/example_sla_dag.py took 1.642 seconds
[2025-06-27T08:01:04.631+0000] {processor.py:186} INFO - Started process (PID=194) to work on /home/airflow/.local/lib/python3.12/site-packages/airflow/example_dags/example_sla_dag.py
[2025-06-27T08:01:04.635+0000] {processor.py:914} INFO - Processing file /home/airflow/.local/lib/python3.12/site-packages/airflow/example_dags/example_sla_dag.py for tasks to queue
[2025-06-27T08:01:04.643+0000] {logging_mixin.py:190} INFO - [2025-06-27T08:01:04.642+0000] {dagbag.py:588} INFO - Filling up the DagBag from /home/airflow/.local/lib/python3.12/site-packages/airflow/example_dags/example_sla_dag.py
[2025-06-27T08:01:04.691+0000] {processor.py:925} INFO - DAG(s) 'example_sla_dag' retrieved from /home/airflow/.local/lib/python3.12/site-packages/airflow/example_dags/example_sla_dag.py
[2025-06-27T08:01:04.866+0000] {logging_mixin.py:190} INFO - [2025-06-27T08:01:04.865+0000] {dag.py:3239} INFO - Sync 1 DAGs
[2025-06-27T08:01:04.995+0000] {logging_mixin.py:190} INFO - [2025-06-27T08:01:04.994+0000] {dag.py:4180} INFO - Setting next_dagrun for example_sla_dag to 2025-06-27 07:58:00+00:00, run_after=2025-06-27 08:00:00+00:00
[2025-06-27T08:01:05.068+0000] {processor.py:208} INFO - Processing /home/airflow/.local/lib/python3.12/site-packages/airflow/example_dags/example_sla_dag.py took 0.457 seconds
[2025-06-27T08:01:35.869+0000] {processor.py:186} INFO - Started process (PID=256) to work on /home/airflow/.local/lib/python3.12/site-packages/airflow/example_dags/example_sla_dag.py
[2025-06-27T08:01:35.873+0000] {processor.py:914} INFO - Processing file /home/airflow/.local/lib/python3.12/site-packages/airflow/example_dags/example_sla_dag.py for tasks to queue
[2025-06-27T08:01:35.891+0000] {logging_mixin.py:190} INFO - [2025-06-27T08:01:35.890+0000] {dagbag.py:588} INFO - Filling up the DagBag from /home/airflow/.local/lib/python3.12/site-packages/airflow/example_dags/example_sla_dag.py
[2025-06-27T08:01:35.973+0000] {processor.py:925} INFO - DAG(s) 'example_sla_dag' retrieved from /home/airflow/.local/lib/python3.12/site-packages/airflow/example_dags/example_sla_dag.py
[2025-06-27T08:01:36.173+0000] {logging_mixin.py:190} INFO - [2025-06-27T08:01:36.172+0000] {dag.py:3239} INFO - Sync 1 DAGs
[2025-06-27T08:01:36.296+0000] {logging_mixin.py:190} INFO - [2025-06-27T08:01:36.295+0000] {dag.py:4180} INFO - Setting next_dagrun for example_sla_dag to 2025-06-27 07:58:00+00:00, run_after=2025-06-27 08:00:00+00:00
[2025-06-27T08:01:36.354+0000] {processor.py:208} INFO - Processing /home/airflow/.local/lib/python3.12/site-packages/airflow/example_dags/example_sla_dag.py took 0.510 seconds
[2025-06-27T08:02:06.674+0000] {processor.py:186} INFO - Started process (PID=320) to work on /home/airflow/.local/lib/python3.12/site-packages/airflow/example_dags/example_sla_dag.py
[2025-06-27T08:02:06.678+0000] {processor.py:914} INFO - Processing file /home/airflow/.local/lib/python3.12/site-packages/airflow/example_dags/example_sla_dag.py for tasks to queue
[2025-06-27T08:02:06.685+0000] {logging_mixin.py:190} INFO - [2025-06-27T08:02:06.684+0000] {dagbag.py:588} INFO - Filling up the DagBag from /home/airflow/.local/lib/python3.12/site-packages/airflow/example_dags/example_sla_dag.py
[2025-06-27T08:02:06.712+0000] {processor.py:925} INFO - DAG(s) 'example_sla_dag' retrieved from /home/airflow/.local/lib/python3.12/site-packages/airflow/example_dags/example_sla_dag.py
[2025-06-27T08:02:06.758+0000] {logging_mixin.py:190} INFO - [2025-06-27T08:02:06.758+0000] {dag.py:3239} INFO - Sync 1 DAGs
[2025-06-27T08:02:06.823+0000] {logging_mixin.py:190} INFO - [2025-06-27T08:02:06.822+0000] {dag.py:4180} INFO - Setting next_dagrun for example_sla_dag to 2025-06-27 08:00:00+00:00, run_after=2025-06-27 08:02:00+00:00
[2025-06-27T08:02:06.873+0000] {processor.py:208} INFO - Processing /home/airflow/.local/lib/python3.12/site-packages/airflow/example_dags/example_sla_dag.py took 0.224 seconds
[2025-06-27T08:02:37.906+0000] {processor.py:186} INFO - Started process (PID=382) to work on /home/airflow/.local/lib/python3.12/site-packages/airflow/example_dags/example_sla_dag.py
[2025-06-27T08:02:37.908+0000] {processor.py:914} INFO - Processing file /home/airflow/.local/lib/python3.12/site-packages/airflow/example_dags/example_sla_dag.py for tasks to queue
[2025-06-27T08:02:37.914+0000] {logging_mixin.py:190} INFO - [2025-06-27T08:02:37.913+0000] {dagbag.py:588} INFO - Filling up the DagBag from /home/airflow/.local/lib/python3.12/site-packages/airflow/example_dags/example_sla_dag.py
[2025-06-27T08:02:37.931+0000] {processor.py:925} INFO - DAG(s) 'example_sla_dag' retrieved from /home/airflow/.local/lib/python3.12/site-packages/airflow/example_dags/example_sla_dag.py
[2025-06-27T08:02:37.971+0000] {logging_mixin.py:190} INFO - [2025-06-27T08:02:37.971+0000] {dag.py:3239} INFO - Sync 1 DAGs
[2025-06-27T08:02:38.017+0000] {logging_mixin.py:190} INFO - [2025-06-27T08:02:38.016+0000] {dag.py:4180} INFO - Setting next_dagrun for example_sla_dag to 2025-06-27 08:00:00+00:00, run_after=2025-06-27 08:02:00+00:00
[2025-06-27T08:02:38.054+0000] {processor.py:208} INFO - Processing /home/airflow/.local/lib/python3.12/site-packages/airflow/example_dags/example_sla_dag.py took 0.160 seconds
[2025-06-27T08:03:08.297+0000] {processor.py:186} INFO - Started process (PID=445) to work on /home/airflow/.local/lib/python3.12/site-packages/airflow/example_dags/example_sla_dag.py
[2025-06-27T08:03:08.300+0000] {processor.py:914} INFO - Processing file /home/airflow/.local/lib/python3.12/site-packages/airflow/example_dags/example_sla_dag.py for tasks to queue
[2025-06-27T08:03:08.304+0000] {logging_mixin.py:190} INFO - [2025-06-27T08:03:08.304+0000] {dagbag.py:588} INFO - Filling up the DagBag from /home/airflow/.local/lib/python3.12/site-packages/airflow/example_dags/example_sla_dag.py
[2025-06-27T08:03:08.320+0000] {processor.py:925} INFO - DAG(s) 'example_sla_dag' retrieved from /home/airflow/.local/lib/python3.12/site-packages/airflow/example_dags/example_sla_dag.py
[2025-06-27T08:03:08.356+0000] {logging_mixin.py:190} INFO - [2025-06-27T08:03:08.355+0000] {dag.py:3239} INFO - Sync 1 DAGs
[2025-06-27T08:03:08.402+0000] {logging_mixin.py:190} INFO - [2025-06-27T08:03:08.402+0000] {dag.py:4180} INFO - Setting next_dagrun for example_sla_dag to 2025-06-27 08:00:00+00:00, run_after=2025-06-27 08:02:00+00:00
[2025-06-27T08:03:08.441+0000] {processor.py:208} INFO - Processing /home/airflow/.local/lib/python3.12/site-packages/airflow/example_dags/example_sla_dag.py took 0.153 seconds
[2025-06-27T08:03:38.741+0000] {processor.py:186} INFO - Started process (PID=508) to work on /home/airflow/.local/lib/python3.12/site-packages/airflow/example_dags/example_sla_dag.py
[2025-06-27T08:03:38.743+0000] {processor.py:914} INFO - Processing file /home/airflow/.local/lib/python3.12/site-packages/airflow/example_dags/example_sla_dag.py for tasks to queue
[2025-06-27T08:03:38.748+0000] {logging_mixin.py:190} INFO - [2025-06-27T08:03:38.748+0000] {dagbag.py:588} INFO - Filling up the DagBag from /home/airflow/.local/lib/python3.12/site-packages/airflow/example_dags/example_sla_dag.py
[2025-06-27T08:03:38.763+0000] {processor.py:925} INFO - DAG(s) 'example_sla_dag' retrieved from /home/airflow/.local/lib/python3.12/site-packages/airflow/example_dags/example_sla_dag.py
[2025-06-27T08:03:38.796+0000] {logging_mixin.py:190} INFO - [2025-06-27T08:03:38.796+0000] {dag.py:3239} INFO - Sync 1 DAGs
[2025-06-27T08:03:38.834+0000] {logging_mixin.py:190} INFO - [2025-06-27T08:03:38.834+0000] {dag.py:4180} INFO - Setting next_dagrun for example_sla_dag to 2025-06-27 08:00:00+00:00, run_after=2025-06-27 08:02:00+00:00
[2025-06-27T08:03:38.869+0000] {processor.py:208} INFO - Processing /home/airflow/.local/lib/python3.12/site-packages/airflow/example_dags/example_sla_dag.py took 0.138 seconds
[2025-06-27T08:04:09.363+0000] {processor.py:186} INFO - Started process (PID=571) to work on /home/airflow/.local/lib/python3.12/site-packages/airflow/example_dags/example_sla_dag.py
[2025-06-27T08:04:09.365+0000] {processor.py:914} INFO - Processing file /home/airflow/.local/lib/python3.12/site-packages/airflow/example_dags/example_sla_dag.py for tasks to queue
[2025-06-27T08:04:09.371+0000] {logging_mixin.py:190} INFO - [2025-06-27T08:04:09.370+0000] {dagbag.py:588} INFO - Filling up the DagBag from /home/airflow/.local/lib/python3.12/site-packages/airflow/example_dags/example_sla_dag.py
[2025-06-27T08:04:09.398+0000] {processor.py:925} INFO - DAG(s) 'example_sla_dag' retrieved from /home/airflow/.local/lib/python3.12/site-packages/airflow/example_dags/example_sla_dag.py
[2025-06-27T08:04:09.482+0000] {logging_mixin.py:190} INFO - [2025-06-27T08:04:09.481+0000] {dag.py:3239} INFO - Sync 1 DAGs
[2025-06-27T08:04:09.642+0000] {logging_mixin.py:190} INFO - [2025-06-27T08:04:09.640+0000] {dag.py:4180} INFO - Setting next_dagrun for example_sla_dag to 2025-06-27 08:02:00+00:00, run_after=2025-06-27 08:04:00+00:00
[2025-06-27T08:04:09.716+0000] {processor.py:208} INFO - Processing /home/airflow/.local/lib/python3.12/site-packages/airflow/example_dags/example_sla_dag.py took 0.362 seconds
[2025-06-27T08:04:40.176+0000] {processor.py:186} INFO - Started process (PID=634) to work on /home/airflow/.local/lib/python3.12/site-packages/airflow/example_dags/example_sla_dag.py
[2025-06-27T08:04:40.179+0000] {processor.py:914} INFO - Processing file /home/airflow/.local/lib/python3.12/site-packages/airflow/example_dags/example_sla_dag.py for tasks to queue
[2025-06-27T08:04:40.184+0000] {logging_mixin.py:190} INFO - [2025-06-27T08:04:40.183+0000] {dagbag.py:588} INFO - Filling up the DagBag from /home/airflow/.local/lib/python3.12/site-packages/airflow/example_dags/example_sla_dag.py
[2025-06-27T08:04:40.207+0000] {processor.py:925} INFO - DAG(s) 'example_sla_dag' retrieved from /home/airflow/.local/lib/python3.12/site-packages/airflow/example_dags/example_sla_dag.py
[2025-06-27T08:04:40.253+0000] {logging_mixin.py:190} INFO - [2025-06-27T08:04:40.253+0000] {dag.py:3239} INFO - Sync 1 DAGs
[2025-06-27T08:04:40.312+0000] {logging_mixin.py:190} INFO - [2025-06-27T08:04:40.311+0000] {dag.py:4180} INFO - Setting next_dagrun for example_sla_dag to 2025-06-27 08:02:00+00:00, run_after=2025-06-27 08:04:00+00:00
[2025-06-27T08:04:40.362+0000] {processor.py:208} INFO - Processing /home/airflow/.local/lib/python3.12/site-packages/airflow/example_dags/example_sla_dag.py took 0.200 seconds
[2025-06-27T08:05:18.231+0000] {processor.py:186} INFO - Started process (PID=698) to work on /home/airflow/.local/lib/python3.12/site-packages/airflow/example_dags/example_sla_dag.py
[2025-06-27T08:05:18.268+0000] {processor.py:914} INFO - Processing file /home/airflow/.local/lib/python3.12/site-packages/airflow/example_dags/example_sla_dag.py for tasks to queue
[2025-06-27T08:05:18.429+0000] {logging_mixin.py:190} INFO - [2025-06-27T08:05:18.428+0000] {dagbag.py:588} INFO - Filling up the DagBag from /home/airflow/.local/lib/python3.12/site-packages/airflow/example_dags/example_sla_dag.py
[2025-06-27T08:05:19.283+0000] {processor.py:925} INFO - DAG(s) 'example_sla_dag' retrieved from /home/airflow/.local/lib/python3.12/site-packages/airflow/example_dags/example_sla_dag.py
[2025-06-27T08:05:19.573+0000] {logging_mixin.py:190} INFO - [2025-06-27T08:05:19.572+0000] {dag.py:3239} INFO - Sync 1 DAGs
[2025-06-27T08:05:20.823+0000] {logging_mixin.py:190} INFO - [2025-06-27T08:05:20.822+0000] {dag.py:4180} INFO - Setting next_dagrun for example_sla_dag to 2025-06-27 08:02:00+00:00, run_after=2025-06-27 08:04:00+00:00
[2025-06-27T08:05:21.067+0000] {processor.py:208} INFO - Processing /home/airflow/.local/lib/python3.12/site-packages/airflow/example_dags/example_sla_dag.py took 2.898 seconds
[2025-06-27T08:05:52.468+0000] {processor.py:186} INFO - Started process (PID=760) to work on /home/airflow/.local/lib/python3.12/site-packages/airflow/example_dags/example_sla_dag.py
[2025-06-27T08:05:52.496+0000] {processor.py:914} INFO - Processing file /home/airflow/.local/lib/python3.12/site-packages/airflow/example_dags/example_sla_dag.py for tasks to queue
[2025-06-27T08:05:52.716+0000] {logging_mixin.py:190} INFO - [2025-06-27T08:05:52.713+0000] {dagbag.py:588} INFO - Filling up the DagBag from /home/airflow/.local/lib/python3.12/site-packages/airflow/example_dags/example_sla_dag.py
[2025-06-27T08:05:53.156+0000] {processor.py:925} INFO - DAG(s) 'example_sla_dag' retrieved from /home/airflow/.local/lib/python3.12/site-packages/airflow/example_dags/example_sla_dag.py
[2025-06-27T08:05:54.152+0000] {logging_mixin.py:190} INFO - [2025-06-27T08:05:54.150+0000] {dag.py:3239} INFO - Sync 1 DAGs
[2025-06-27T08:05:54.654+0000] {logging_mixin.py:190} INFO - [2025-06-27T08:05:54.632+0000] {dag.py:4180} INFO - Setting next_dagrun for example_sla_dag to 2025-06-27 08:02:00+00:00, run_after=2025-06-27 08:04:00+00:00
[2025-06-27T08:05:55.305+0000] {processor.py:208} INFO - Processing /home/airflow/.local/lib/python3.12/site-packages/airflow/example_dags/example_sla_dag.py took 3.134 seconds
