[2025-06-27T07:36:22.965+0000] {processor.py:186} INFO - Started process (PID=130) to work on /home/airflow/.local/lib/python3.12/site-packages/airflow/example_dags/example_latest_only_with_trigger.py
[2025-06-27T07:36:22.976+0000] {processor.py:914} INFO - Processing file /home/airflow/.local/lib/python3.12/site-packages/airflow/example_dags/example_latest_only_with_trigger.py for tasks to queue
[2025-06-27T07:36:22.995+0000] {logging_mixin.py:190} INFO - [2025-06-27T07:36:22.993+0000] {dagbag.py:588} INFO - Filling up the DagBag from /home/airflow/.local/lib/python3.12/site-packages/airflow/example_dags/example_latest_only_with_trigger.py
[2025-06-27T07:36:23.058+0000] {processor.py:925} INFO - DAG(s) 'latest_only_with_trigger' retrieved from /home/airflow/.local/lib/python3.12/site-packages/airflow/example_dags/example_latest_only_with_trigger.py
[2025-06-27T07:36:26.106+0000] {logging_mixin.py:190} INFO - [2025-06-27T07:36:26.102+0000] {override.py:1900} INFO - Created Permission View: can read on DAG:latest_only_with_trigger
[2025-06-27T07:36:27.143+0000] {logging_mixin.py:190} INFO - [2025-06-27T07:36:27.142+0000] {override.py:1900} INFO - Created Permission View: can edit on DAG:latest_only_with_trigger
[2025-06-27T07:36:27.658+0000] {logging_mixin.py:190} INFO - [2025-06-27T07:36:27.655+0000] {override.py:1900} INFO - Created Permission View: can delete on DAG:latest_only_with_trigger
[2025-06-27T07:36:27.969+0000] {logging_mixin.py:190} INFO - [2025-06-27T07:36:27.967+0000] {override.py:1900} INFO - Created Permission View: can read on DAG Run:latest_only_with_trigger
[2025-06-27T07:36:28.156+0000] {logging_mixin.py:190} INFO - [2025-06-27T07:36:28.155+0000] {override.py:1900} INFO - Created Permission View: can create on DAG Run:latest_only_with_trigger
[2025-06-27T07:36:28.391+0000] {logging_mixin.py:190} INFO - [2025-06-27T07:36:28.390+0000] {override.py:1900} INFO - Created Permission View: can delete on DAG Run:latest_only_with_trigger
[2025-06-27T07:36:28.568+0000] {logging_mixin.py:190} INFO - [2025-06-27T07:36:28.567+0000] {override.py:1900} INFO - Created Permission View: menu access on DAG Run:latest_only_with_trigger
[2025-06-27T07:36:28.642+0000] {logging_mixin.py:190} INFO - [2025-06-27T07:36:28.641+0000] {dag.py:3239} INFO - Sync 1 DAGs
[2025-06-27T07:36:29.102+0000] {logging_mixin.py:190} INFO - [2025-06-27T07:36:29.101+0000] {dag.py:3262} INFO - Creating ORM DAG for latest_only_with_trigger
[2025-06-27T07:36:29.949+0000] {logging_mixin.py:190} INFO - [2025-06-27T07:36:29.946+0000] {dag.py:4180} INFO - Setting next_dagrun for latest_only_with_trigger to 2025-06-27 00:00:00+00:00, run_after=2025-06-27 04:00:00+00:00
[2025-06-27T07:36:30.537+0000] {processor.py:208} INFO - Processing /home/airflow/.local/lib/python3.12/site-packages/airflow/example_dags/example_latest_only_with_trigger.py took 7.639 seconds
[2025-06-27T07:37:33.136+0000] {processor.py:186} INFO - Started process (PID=205) to work on /home/airflow/.local/lib/python3.12/site-packages/airflow/example_dags/example_latest_only_with_trigger.py
[2025-06-27T07:37:33.146+0000] {processor.py:914} INFO - Processing file /home/airflow/.local/lib/python3.12/site-packages/airflow/example_dags/example_latest_only_with_trigger.py for tasks to queue
[2025-06-27T07:37:33.161+0000] {logging_mixin.py:190} INFO - [2025-06-27T07:37:33.158+0000] {dagbag.py:588} INFO - Filling up the DagBag from /home/airflow/.local/lib/python3.12/site-packages/airflow/example_dags/example_latest_only_with_trigger.py
[2025-06-27T07:37:33.214+0000] {processor.py:925} INFO - DAG(s) 'latest_only_with_trigger' retrieved from /home/airflow/.local/lib/python3.12/site-packages/airflow/example_dags/example_latest_only_with_trigger.py
[2025-06-27T07:37:33.413+0000] {logging_mixin.py:190} INFO - [2025-06-27T07:37:33.413+0000] {dag.py:3239} INFO - Sync 1 DAGs
[2025-06-27T07:37:33.596+0000] {logging_mixin.py:190} INFO - [2025-06-27T07:37:33.593+0000] {dag.py:4180} INFO - Setting next_dagrun for latest_only_with_trigger to 2025-06-27 00:00:00+00:00, run_after=2025-06-27 04:00:00+00:00
[2025-06-27T07:37:33.709+0000] {processor.py:208} INFO - Processing /home/airflow/.local/lib/python3.12/site-packages/airflow/example_dags/example_latest_only_with_trigger.py took 0.600 seconds
[2025-06-27T07:38:16.795+0000] {processor.py:186} INFO - Started process (PID=267) to work on /home/airflow/.local/lib/python3.12/site-packages/airflow/example_dags/example_latest_only_with_trigger.py
[2025-06-27T07:38:16.817+0000] {processor.py:914} INFO - Processing file /home/airflow/.local/lib/python3.12/site-packages/airflow/example_dags/example_latest_only_with_trigger.py for tasks to queue
[2025-06-27T07:38:16.863+0000] {logging_mixin.py:190} INFO - [2025-06-27T07:38:16.855+0000] {dagbag.py:588} INFO - Filling up the DagBag from /home/airflow/.local/lib/python3.12/site-packages/airflow/example_dags/example_latest_only_with_trigger.py
[2025-06-27T07:38:16.955+0000] {processor.py:925} INFO - DAG(s) 'latest_only_with_trigger' retrieved from /home/airflow/.local/lib/python3.12/site-packages/airflow/example_dags/example_latest_only_with_trigger.py
[2025-06-27T07:38:17.186+0000] {logging_mixin.py:190} INFO - [2025-06-27T07:38:17.176+0000] {dag.py:3239} INFO - Sync 1 DAGs
[2025-06-27T07:38:17.407+0000] {logging_mixin.py:190} INFO - [2025-06-27T07:38:17.407+0000] {dag.py:4180} INFO - Setting next_dagrun for latest_only_with_trigger to 2025-06-27 00:00:00+00:00, run_after=2025-06-27 04:00:00+00:00
[2025-06-27T07:38:17.481+0000] {processor.py:208} INFO - Processing /home/airflow/.local/lib/python3.12/site-packages/airflow/example_dags/example_latest_only_with_trigger.py took 0.750 seconds
[2025-06-27T07:38:48.112+0000] {processor.py:186} INFO - Started process (PID=329) to work on /home/airflow/.local/lib/python3.12/site-packages/airflow/example_dags/example_latest_only_with_trigger.py
[2025-06-27T07:38:48.117+0000] {processor.py:914} INFO - Processing file /home/airflow/.local/lib/python3.12/site-packages/airflow/example_dags/example_latest_only_with_trigger.py for tasks to queue
[2025-06-27T07:38:48.130+0000] {logging_mixin.py:190} INFO - [2025-06-27T07:38:48.128+0000] {dagbag.py:588} INFO - Filling up the DagBag from /home/airflow/.local/lib/python3.12/site-packages/airflow/example_dags/example_latest_only_with_trigger.py
[2025-06-27T07:38:48.175+0000] {processor.py:925} INFO - DAG(s) 'latest_only_with_trigger' retrieved from /home/airflow/.local/lib/python3.12/site-packages/airflow/example_dags/example_latest_only_with_trigger.py
[2025-06-27T07:38:48.305+0000] {logging_mixin.py:190} INFO - [2025-06-27T07:38:48.304+0000] {dag.py:3239} INFO - Sync 1 DAGs
[2025-06-27T07:38:48.527+0000] {logging_mixin.py:190} INFO - [2025-06-27T07:38:48.527+0000] {dag.py:4180} INFO - Setting next_dagrun for latest_only_with_trigger to 2025-06-27 00:00:00+00:00, run_after=2025-06-27 04:00:00+00:00
[2025-06-27T07:38:48.636+0000] {processor.py:208} INFO - Processing /home/airflow/.local/lib/python3.12/site-packages/airflow/example_dags/example_latest_only_with_trigger.py took 0.583 seconds
[2025-06-27T07:39:27.443+0000] {processor.py:186} INFO - Started process (PID=392) to work on /home/airflow/.local/lib/python3.12/site-packages/airflow/example_dags/example_latest_only_with_trigger.py
[2025-06-27T07:39:27.448+0000] {processor.py:914} INFO - Processing file /home/airflow/.local/lib/python3.12/site-packages/airflow/example_dags/example_latest_only_with_trigger.py for tasks to queue
[2025-06-27T07:39:27.468+0000] {logging_mixin.py:190} INFO - [2025-06-27T07:39:27.467+0000] {dagbag.py:588} INFO - Filling up the DagBag from /home/airflow/.local/lib/python3.12/site-packages/airflow/example_dags/example_latest_only_with_trigger.py
[2025-06-27T07:39:28.481+0000] {processor.py:925} INFO - DAG(s) 'latest_only_with_trigger' retrieved from /home/airflow/.local/lib/python3.12/site-packages/airflow/example_dags/example_latest_only_with_trigger.py
[2025-06-27T07:39:29.286+0000] {logging_mixin.py:190} INFO - [2025-06-27T07:39:29.285+0000] {dag.py:3239} INFO - Sync 1 DAGs
[2025-06-27T07:39:29.843+0000] {logging_mixin.py:190} INFO - [2025-06-27T07:39:29.843+0000] {dag.py:4180} INFO - Setting next_dagrun for latest_only_with_trigger to 2025-06-27 00:00:00+00:00, run_after=2025-06-27 04:00:00+00:00
[2025-06-27T07:39:30.120+0000] {processor.py:208} INFO - Processing /home/airflow/.local/lib/python3.12/site-packages/airflow/example_dags/example_latest_only_with_trigger.py took 2.761 seconds
[2025-06-27T07:40:00.828+0000] {processor.py:186} INFO - Started process (PID=454) to work on /home/airflow/.local/lib/python3.12/site-packages/airflow/example_dags/example_latest_only_with_trigger.py
[2025-06-27T07:40:00.833+0000] {processor.py:914} INFO - Processing file /home/airflow/.local/lib/python3.12/site-packages/airflow/example_dags/example_latest_only_with_trigger.py for tasks to queue
[2025-06-27T07:40:00.854+0000] {logging_mixin.py:190} INFO - [2025-06-27T07:40:00.846+0000] {dagbag.py:588} INFO - Filling up the DagBag from /home/airflow/.local/lib/python3.12/site-packages/airflow/example_dags/example_latest_only_with_trigger.py
[2025-06-27T07:40:00.927+0000] {processor.py:925} INFO - DAG(s) 'latest_only_with_trigger' retrieved from /home/airflow/.local/lib/python3.12/site-packages/airflow/example_dags/example_latest_only_with_trigger.py
[2025-06-27T07:40:01.121+0000] {logging_mixin.py:190} INFO - [2025-06-27T07:40:01.119+0000] {dag.py:3239} INFO - Sync 1 DAGs
[2025-06-27T07:40:01.286+0000] {logging_mixin.py:190} INFO - [2025-06-27T07:40:01.281+0000] {dag.py:4180} INFO - Setting next_dagrun for latest_only_with_trigger to 2025-06-27 00:00:00+00:00, run_after=2025-06-27 04:00:00+00:00
[2025-06-27T07:40:01.460+0000] {processor.py:208} INFO - Processing /home/airflow/.local/lib/python3.12/site-packages/airflow/example_dags/example_latest_only_with_trigger.py took 0.679 seconds
[2025-06-27T07:40:31.722+0000] {processor.py:186} INFO - Started process (PID=516) to work on /home/airflow/.local/lib/python3.12/site-packages/airflow/example_dags/example_latest_only_with_trigger.py
[2025-06-27T07:40:31.729+0000] {processor.py:914} INFO - Processing file /home/airflow/.local/lib/python3.12/site-packages/airflow/example_dags/example_latest_only_with_trigger.py for tasks to queue
[2025-06-27T07:40:31.739+0000] {logging_mixin.py:190} INFO - [2025-06-27T07:40:31.737+0000] {dagbag.py:588} INFO - Filling up the DagBag from /home/airflow/.local/lib/python3.12/site-packages/airflow/example_dags/example_latest_only_with_trigger.py
[2025-06-27T07:40:31.790+0000] {processor.py:925} INFO - DAG(s) 'latest_only_with_trigger' retrieved from /home/airflow/.local/lib/python3.12/site-packages/airflow/example_dags/example_latest_only_with_trigger.py
[2025-06-27T07:40:31.965+0000] {logging_mixin.py:190} INFO - [2025-06-27T07:40:31.964+0000] {dag.py:3239} INFO - Sync 1 DAGs
[2025-06-27T07:40:32.058+0000] {logging_mixin.py:190} INFO - [2025-06-27T07:40:32.057+0000] {dag.py:4180} INFO - Setting next_dagrun for latest_only_with_trigger to 2025-06-27 00:00:00+00:00, run_after=2025-06-27 04:00:00+00:00
[2025-06-27T07:40:32.149+0000] {processor.py:208} INFO - Processing /home/airflow/.local/lib/python3.12/site-packages/airflow/example_dags/example_latest_only_with_trigger.py took 0.458 seconds
[2025-06-27T07:41:02.941+0000] {processor.py:186} INFO - Started process (PID=579) to work on /home/airflow/.local/lib/python3.12/site-packages/airflow/example_dags/example_latest_only_with_trigger.py
[2025-06-27T07:41:02.943+0000] {processor.py:914} INFO - Processing file /home/airflow/.local/lib/python3.12/site-packages/airflow/example_dags/example_latest_only_with_trigger.py for tasks to queue
[2025-06-27T07:41:02.948+0000] {logging_mixin.py:190} INFO - [2025-06-27T07:41:02.947+0000] {dagbag.py:588} INFO - Filling up the DagBag from /home/airflow/.local/lib/python3.12/site-packages/airflow/example_dags/example_latest_only_with_trigger.py
[2025-06-27T07:41:02.960+0000] {processor.py:925} INFO - DAG(s) 'latest_only_with_trigger' retrieved from /home/airflow/.local/lib/python3.12/site-packages/airflow/example_dags/example_latest_only_with_trigger.py
[2025-06-27T07:41:02.998+0000] {logging_mixin.py:190} INFO - [2025-06-27T07:41:02.998+0000] {dag.py:3239} INFO - Sync 1 DAGs
[2025-06-27T07:41:03.049+0000] {logging_mixin.py:190} INFO - [2025-06-27T07:41:03.049+0000] {dag.py:4180} INFO - Setting next_dagrun for latest_only_with_trigger to 2025-06-27 00:00:00+00:00, run_after=2025-06-27 04:00:00+00:00
[2025-06-27T07:41:03.099+0000] {processor.py:208} INFO - Processing /home/airflow/.local/lib/python3.12/site-packages/airflow/example_dags/example_latest_only_with_trigger.py took 0.167 seconds
[2025-06-27T07:41:40.608+0000] {processor.py:186} INFO - Started process (PID=644) to work on /home/airflow/.local/lib/python3.12/site-packages/airflow/example_dags/example_latest_only_with_trigger.py
[2025-06-27T07:41:40.611+0000] {processor.py:914} INFO - Processing file /home/airflow/.local/lib/python3.12/site-packages/airflow/example_dags/example_latest_only_with_trigger.py for tasks to queue
[2025-06-27T07:41:40.620+0000] {logging_mixin.py:190} INFO - [2025-06-27T07:41:40.618+0000] {dagbag.py:588} INFO - Filling up the DagBag from /home/airflow/.local/lib/python3.12/site-packages/airflow/example_dags/example_latest_only_with_trigger.py
[2025-06-27T07:41:40.653+0000] {processor.py:925} INFO - DAG(s) 'latest_only_with_trigger' retrieved from /home/airflow/.local/lib/python3.12/site-packages/airflow/example_dags/example_latest_only_with_trigger.py
[2025-06-27T07:41:40.711+0000] {logging_mixin.py:190} INFO - [2025-06-27T07:41:40.711+0000] {dag.py:3239} INFO - Sync 1 DAGs
[2025-06-27T07:41:40.768+0000] {logging_mixin.py:190} INFO - [2025-06-27T07:41:40.768+0000] {dag.py:4180} INFO - Setting next_dagrun for latest_only_with_trigger to 2025-06-27 00:00:00+00:00, run_after=2025-06-27 04:00:00+00:00
[2025-06-27T07:41:40.814+0000] {processor.py:208} INFO - Processing /home/airflow/.local/lib/python3.12/site-packages/airflow/example_dags/example_latest_only_with_trigger.py took 0.226 seconds
[2025-06-27T07:42:29.507+0000] {processor.py:186} INFO - Started process (PID=702) to work on /home/airflow/.local/lib/python3.12/site-packages/airflow/example_dags/example_latest_only_with_trigger.py
[2025-06-27T07:42:29.517+0000] {processor.py:914} INFO - Processing file /home/airflow/.local/lib/python3.12/site-packages/airflow/example_dags/example_latest_only_with_trigger.py for tasks to queue
[2025-06-27T07:42:29.529+0000] {logging_mixin.py:190} INFO - [2025-06-27T07:42:29.527+0000] {dagbag.py:588} INFO - Filling up the DagBag from /home/airflow/.local/lib/python3.12/site-packages/airflow/example_dags/example_latest_only_with_trigger.py
[2025-06-27T07:42:29.579+0000] {processor.py:925} INFO - DAG(s) 'latest_only_with_trigger' retrieved from /home/airflow/.local/lib/python3.12/site-packages/airflow/example_dags/example_latest_only_with_trigger.py
[2025-06-27T07:42:29.736+0000] {logging_mixin.py:190} INFO - [2025-06-27T07:42:29.735+0000] {dag.py:3239} INFO - Sync 1 DAGs
[2025-06-27T07:42:30.019+0000] {logging_mixin.py:190} INFO - [2025-06-27T07:42:30.017+0000] {dag.py:4180} INFO - Setting next_dagrun for latest_only_with_trigger to 2025-06-27 00:00:00+00:00, run_after=2025-06-27 04:00:00+00:00
[2025-06-27T07:42:30.195+0000] {processor.py:208} INFO - Processing /home/airflow/.local/lib/python3.12/site-packages/airflow/example_dags/example_latest_only_with_trigger.py took 0.730 seconds
[2025-06-27T07:43:00.497+0000] {processor.py:186} INFO - Started process (PID=765) to work on /home/airflow/.local/lib/python3.12/site-packages/airflow/example_dags/example_latest_only_with_trigger.py
[2025-06-27T07:43:00.501+0000] {processor.py:914} INFO - Processing file /home/airflow/.local/lib/python3.12/site-packages/airflow/example_dags/example_latest_only_with_trigger.py for tasks to queue
[2025-06-27T07:43:00.507+0000] {logging_mixin.py:190} INFO - [2025-06-27T07:43:00.507+0000] {dagbag.py:588} INFO - Filling up the DagBag from /home/airflow/.local/lib/python3.12/site-packages/airflow/example_dags/example_latest_only_with_trigger.py
[2025-06-27T07:43:00.531+0000] {processor.py:925} INFO - DAG(s) 'latest_only_with_trigger' retrieved from /home/airflow/.local/lib/python3.12/site-packages/airflow/example_dags/example_latest_only_with_trigger.py
[2025-06-27T07:43:00.623+0000] {logging_mixin.py:190} INFO - [2025-06-27T07:43:00.622+0000] {dag.py:3239} INFO - Sync 1 DAGs
[2025-06-27T07:43:00.727+0000] {logging_mixin.py:190} INFO - [2025-06-27T07:43:00.725+0000] {dag.py:4180} INFO - Setting next_dagrun for latest_only_with_trigger to 2025-06-27 00:00:00+00:00, run_after=2025-06-27 04:00:00+00:00
[2025-06-27T07:43:00.833+0000] {processor.py:208} INFO - Processing /home/airflow/.local/lib/python3.12/site-packages/airflow/example_dags/example_latest_only_with_trigger.py took 0.362 seconds
[2025-06-27T07:43:34.407+0000] {processor.py:186} INFO - Started process (PID=828) to work on /home/airflow/.local/lib/python3.12/site-packages/airflow/example_dags/example_latest_only_with_trigger.py
[2025-06-27T07:43:34.410+0000] {processor.py:914} INFO - Processing file /home/airflow/.local/lib/python3.12/site-packages/airflow/example_dags/example_latest_only_with_trigger.py for tasks to queue
[2025-06-27T07:43:34.418+0000] {logging_mixin.py:190} INFO - [2025-06-27T07:43:34.417+0000] {dagbag.py:588} INFO - Filling up the DagBag from /home/airflow/.local/lib/python3.12/site-packages/airflow/example_dags/example_latest_only_with_trigger.py
[2025-06-27T07:43:34.448+0000] {processor.py:925} INFO - DAG(s) 'latest_only_with_trigger' retrieved from /home/airflow/.local/lib/python3.12/site-packages/airflow/example_dags/example_latest_only_with_trigger.py
[2025-06-27T07:43:34.546+0000] {logging_mixin.py:190} INFO - [2025-06-27T07:43:34.541+0000] {dag.py:3239} INFO - Sync 1 DAGs
[2025-06-27T07:43:34.663+0000] {logging_mixin.py:190} INFO - [2025-06-27T07:43:34.662+0000] {dag.py:4180} INFO - Setting next_dagrun for latest_only_with_trigger to 2025-06-27 00:00:00+00:00, run_after=2025-06-27 04:00:00+00:00
[2025-06-27T07:43:34.720+0000] {processor.py:208} INFO - Processing /home/airflow/.local/lib/python3.12/site-packages/airflow/example_dags/example_latest_only_with_trigger.py took 0.334 seconds
[2025-06-27T07:44:05.507+0000] {processor.py:186} INFO - Started process (PID=891) to work on /home/airflow/.local/lib/python3.12/site-packages/airflow/example_dags/example_latest_only_with_trigger.py
[2025-06-27T07:44:05.510+0000] {processor.py:914} INFO - Processing file /home/airflow/.local/lib/python3.12/site-packages/airflow/example_dags/example_latest_only_with_trigger.py for tasks to queue
[2025-06-27T07:44:05.517+0000] {logging_mixin.py:190} INFO - [2025-06-27T07:44:05.516+0000] {dagbag.py:588} INFO - Filling up the DagBag from /home/airflow/.local/lib/python3.12/site-packages/airflow/example_dags/example_latest_only_with_trigger.py
[2025-06-27T07:44:05.541+0000] {processor.py:925} INFO - DAG(s) 'latest_only_with_trigger' retrieved from /home/airflow/.local/lib/python3.12/site-packages/airflow/example_dags/example_latest_only_with_trigger.py
[2025-06-27T07:44:05.598+0000] {logging_mixin.py:190} INFO - [2025-06-27T07:44:05.597+0000] {dag.py:3239} INFO - Sync 1 DAGs
[2025-06-27T07:44:05.668+0000] {logging_mixin.py:190} INFO - [2025-06-27T07:44:05.668+0000] {dag.py:4180} INFO - Setting next_dagrun for latest_only_with_trigger to 2025-06-27 00:00:00+00:00, run_after=2025-06-27 04:00:00+00:00
[2025-06-27T07:44:05.725+0000] {processor.py:208} INFO - Processing /home/airflow/.local/lib/python3.12/site-packages/airflow/example_dags/example_latest_only_with_trigger.py took 0.235 seconds
[2025-06-27T07:44:36.774+0000] {processor.py:186} INFO - Started process (PID=953) to work on /home/airflow/.local/lib/python3.12/site-packages/airflow/example_dags/example_latest_only_with_trigger.py
[2025-06-27T07:44:36.778+0000] {processor.py:914} INFO - Processing file /home/airflow/.local/lib/python3.12/site-packages/airflow/example_dags/example_latest_only_with_trigger.py for tasks to queue
[2025-06-27T07:44:36.788+0000] {logging_mixin.py:190} INFO - [2025-06-27T07:44:36.786+0000] {dagbag.py:588} INFO - Filling up the DagBag from /home/airflow/.local/lib/python3.12/site-packages/airflow/example_dags/example_latest_only_with_trigger.py
[2025-06-27T07:44:36.818+0000] {processor.py:925} INFO - DAG(s) 'latest_only_with_trigger' retrieved from /home/airflow/.local/lib/python3.12/site-packages/airflow/example_dags/example_latest_only_with_trigger.py
[2025-06-27T07:44:36.929+0000] {logging_mixin.py:190} INFO - [2025-06-27T07:44:36.929+0000] {dag.py:3239} INFO - Sync 1 DAGs
[2025-06-27T07:44:37.023+0000] {logging_mixin.py:190} INFO - [2025-06-27T07:44:37.022+0000] {dag.py:4180} INFO - Setting next_dagrun for latest_only_with_trigger to 2025-06-27 00:00:00+00:00, run_after=2025-06-27 04:00:00+00:00
[2025-06-27T07:44:37.087+0000] {processor.py:208} INFO - Processing /home/airflow/.local/lib/python3.12/site-packages/airflow/example_dags/example_latest_only_with_trigger.py took 0.335 seconds
[2025-06-27T07:45:08.167+0000] {processor.py:186} INFO - Started process (PID=1023) to work on /home/airflow/.local/lib/python3.12/site-packages/airflow/example_dags/example_latest_only_with_trigger.py
[2025-06-27T07:45:08.171+0000] {processor.py:914} INFO - Processing file /home/airflow/.local/lib/python3.12/site-packages/airflow/example_dags/example_latest_only_with_trigger.py for tasks to queue
[2025-06-27T07:45:08.187+0000] {logging_mixin.py:190} INFO - [2025-06-27T07:45:08.186+0000] {dagbag.py:588} INFO - Filling up the DagBag from /home/airflow/.local/lib/python3.12/site-packages/airflow/example_dags/example_latest_only_with_trigger.py
[2025-06-27T07:45:08.233+0000] {processor.py:925} INFO - DAG(s) 'latest_only_with_trigger' retrieved from /home/airflow/.local/lib/python3.12/site-packages/airflow/example_dags/example_latest_only_with_trigger.py
[2025-06-27T07:45:08.305+0000] {logging_mixin.py:190} INFO - [2025-06-27T07:45:08.304+0000] {dag.py:3239} INFO - Sync 1 DAGs
[2025-06-27T07:45:08.378+0000] {logging_mixin.py:190} INFO - [2025-06-27T07:45:08.377+0000] {dag.py:4180} INFO - Setting next_dagrun for latest_only_with_trigger to 2025-06-27 00:00:00+00:00, run_after=2025-06-27 04:00:00+00:00
[2025-06-27T07:45:08.445+0000] {processor.py:208} INFO - Processing /home/airflow/.local/lib/python3.12/site-packages/airflow/example_dags/example_latest_only_with_trigger.py took 0.307 seconds
[2025-06-27T07:45:39.494+0000] {processor.py:186} INFO - Started process (PID=1086) to work on /home/airflow/.local/lib/python3.12/site-packages/airflow/example_dags/example_latest_only_with_trigger.py
[2025-06-27T07:45:39.497+0000] {processor.py:914} INFO - Processing file /home/airflow/.local/lib/python3.12/site-packages/airflow/example_dags/example_latest_only_with_trigger.py for tasks to queue
[2025-06-27T07:45:39.503+0000] {logging_mixin.py:190} INFO - [2025-06-27T07:45:39.502+0000] {dagbag.py:588} INFO - Filling up the DagBag from /home/airflow/.local/lib/python3.12/site-packages/airflow/example_dags/example_latest_only_with_trigger.py
[2025-06-27T07:45:39.522+0000] {processor.py:925} INFO - DAG(s) 'latest_only_with_trigger' retrieved from /home/airflow/.local/lib/python3.12/site-packages/airflow/example_dags/example_latest_only_with_trigger.py
[2025-06-27T07:45:39.588+0000] {logging_mixin.py:190} INFO - [2025-06-27T07:45:39.587+0000] {dag.py:3239} INFO - Sync 1 DAGs
[2025-06-27T07:45:39.644+0000] {logging_mixin.py:190} INFO - [2025-06-27T07:45:39.643+0000] {dag.py:4180} INFO - Setting next_dagrun for latest_only_with_trigger to 2025-06-27 00:00:00+00:00, run_after=2025-06-27 04:00:00+00:00
[2025-06-27T07:45:39.690+0000] {processor.py:208} INFO - Processing /home/airflow/.local/lib/python3.12/site-packages/airflow/example_dags/example_latest_only_with_trigger.py took 0.211 seconds
[2025-06-27T07:46:09.783+0000] {processor.py:186} INFO - Started process (PID=1149) to work on /home/airflow/.local/lib/python3.12/site-packages/airflow/example_dags/example_latest_only_with_trigger.py
[2025-06-27T07:46:09.785+0000] {processor.py:914} INFO - Processing file /home/airflow/.local/lib/python3.12/site-packages/airflow/example_dags/example_latest_only_with_trigger.py for tasks to queue
[2025-06-27T07:46:09.788+0000] {logging_mixin.py:190} INFO - [2025-06-27T07:46:09.788+0000] {dagbag.py:588} INFO - Filling up the DagBag from /home/airflow/.local/lib/python3.12/site-packages/airflow/example_dags/example_latest_only_with_trigger.py
[2025-06-27T07:46:09.799+0000] {processor.py:925} INFO - DAG(s) 'latest_only_with_trigger' retrieved from /home/airflow/.local/lib/python3.12/site-packages/airflow/example_dags/example_latest_only_with_trigger.py
[2025-06-27T07:46:09.835+0000] {logging_mixin.py:190} INFO - [2025-06-27T07:46:09.834+0000] {dag.py:3239} INFO - Sync 1 DAGs
[2025-06-27T07:46:09.875+0000] {logging_mixin.py:190} INFO - [2025-06-27T07:46:09.875+0000] {dag.py:4180} INFO - Setting next_dagrun for latest_only_with_trigger to 2025-06-27 00:00:00+00:00, run_after=2025-06-27 04:00:00+00:00
[2025-06-27T07:46:09.912+0000] {processor.py:208} INFO - Processing /home/airflow/.local/lib/python3.12/site-packages/airflow/example_dags/example_latest_only_with_trigger.py took 0.138 seconds
[2025-06-27T07:46:40.615+0000] {processor.py:186} INFO - Started process (PID=1212) to work on /home/airflow/.local/lib/python3.12/site-packages/airflow/example_dags/example_latest_only_with_trigger.py
[2025-06-27T07:46:40.618+0000] {processor.py:914} INFO - Processing file /home/airflow/.local/lib/python3.12/site-packages/airflow/example_dags/example_latest_only_with_trigger.py for tasks to queue
[2025-06-27T07:46:40.624+0000] {logging_mixin.py:190} INFO - [2025-06-27T07:46:40.623+0000] {dagbag.py:588} INFO - Filling up the DagBag from /home/airflow/.local/lib/python3.12/site-packages/airflow/example_dags/example_latest_only_with_trigger.py
[2025-06-27T07:46:40.642+0000] {processor.py:925} INFO - DAG(s) 'latest_only_with_trigger' retrieved from /home/airflow/.local/lib/python3.12/site-packages/airflow/example_dags/example_latest_only_with_trigger.py
[2025-06-27T07:46:40.689+0000] {logging_mixin.py:190} INFO - [2025-06-27T07:46:40.688+0000] {dag.py:3239} INFO - Sync 1 DAGs
[2025-06-27T07:46:40.754+0000] {logging_mixin.py:190} INFO - [2025-06-27T07:46:40.754+0000] {dag.py:4180} INFO - Setting next_dagrun for latest_only_with_trigger to 2025-06-27 00:00:00+00:00, run_after=2025-06-27 04:00:00+00:00
[2025-06-27T07:46:40.820+0000] {processor.py:208} INFO - Processing /home/airflow/.local/lib/python3.12/site-packages/airflow/example_dags/example_latest_only_with_trigger.py took 0.218 seconds
[2025-06-27T07:47:11.007+0000] {processor.py:186} INFO - Started process (PID=1275) to work on /home/airflow/.local/lib/python3.12/site-packages/airflow/example_dags/example_latest_only_with_trigger.py
[2025-06-27T07:47:11.010+0000] {processor.py:914} INFO - Processing file /home/airflow/.local/lib/python3.12/site-packages/airflow/example_dags/example_latest_only_with_trigger.py for tasks to queue
[2025-06-27T07:47:11.015+0000] {logging_mixin.py:190} INFO - [2025-06-27T07:47:11.014+0000] {dagbag.py:588} INFO - Filling up the DagBag from /home/airflow/.local/lib/python3.12/site-packages/airflow/example_dags/example_latest_only_with_trigger.py
[2025-06-27T07:47:11.028+0000] {processor.py:925} INFO - DAG(s) 'latest_only_with_trigger' retrieved from /home/airflow/.local/lib/python3.12/site-packages/airflow/example_dags/example_latest_only_with_trigger.py
[2025-06-27T07:47:11.067+0000] {logging_mixin.py:190} INFO - [2025-06-27T07:47:11.067+0000] {dag.py:3239} INFO - Sync 1 DAGs
[2025-06-27T07:47:11.107+0000] {logging_mixin.py:190} INFO - [2025-06-27T07:47:11.106+0000] {dag.py:4180} INFO - Setting next_dagrun for latest_only_with_trigger to 2025-06-27 00:00:00+00:00, run_after=2025-06-27 04:00:00+00:00
[2025-06-27T07:47:11.142+0000] {processor.py:208} INFO - Processing /home/airflow/.local/lib/python3.12/site-packages/airflow/example_dags/example_latest_only_with_trigger.py took 0.147 seconds
[2025-06-27T07:47:41.660+0000] {processor.py:186} INFO - Started process (PID=1338) to work on /home/airflow/.local/lib/python3.12/site-packages/airflow/example_dags/example_latest_only_with_trigger.py
[2025-06-27T07:47:41.668+0000] {processor.py:914} INFO - Processing file /home/airflow/.local/lib/python3.12/site-packages/airflow/example_dags/example_latest_only_with_trigger.py for tasks to queue
[2025-06-27T07:47:41.673+0000] {logging_mixin.py:190} INFO - [2025-06-27T07:47:41.672+0000] {dagbag.py:588} INFO - Filling up the DagBag from /home/airflow/.local/lib/python3.12/site-packages/airflow/example_dags/example_latest_only_with_trigger.py
[2025-06-27T07:47:41.706+0000] {processor.py:925} INFO - DAG(s) 'latest_only_with_trigger' retrieved from /home/airflow/.local/lib/python3.12/site-packages/airflow/example_dags/example_latest_only_with_trigger.py
[2025-06-27T07:47:41.773+0000] {logging_mixin.py:190} INFO - [2025-06-27T07:47:41.772+0000] {dag.py:3239} INFO - Sync 1 DAGs
[2025-06-27T07:47:41.837+0000] {logging_mixin.py:190} INFO - [2025-06-27T07:47:41.837+0000] {dag.py:4180} INFO - Setting next_dagrun for latest_only_with_trigger to 2025-06-27 00:00:00+00:00, run_after=2025-06-27 04:00:00+00:00
[2025-06-27T07:47:41.907+0000] {processor.py:208} INFO - Processing /home/airflow/.local/lib/python3.12/site-packages/airflow/example_dags/example_latest_only_with_trigger.py took 0.269 seconds
[2025-06-27T07:48:12.489+0000] {processor.py:186} INFO - Started process (PID=1401) to work on /home/airflow/.local/lib/python3.12/site-packages/airflow/example_dags/example_latest_only_with_trigger.py
[2025-06-27T07:48:12.491+0000] {processor.py:914} INFO - Processing file /home/airflow/.local/lib/python3.12/site-packages/airflow/example_dags/example_latest_only_with_trigger.py for tasks to queue
[2025-06-27T07:48:12.498+0000] {logging_mixin.py:190} INFO - [2025-06-27T07:48:12.497+0000] {dagbag.py:588} INFO - Filling up the DagBag from /home/airflow/.local/lib/python3.12/site-packages/airflow/example_dags/example_latest_only_with_trigger.py
[2025-06-27T07:48:12.526+0000] {processor.py:925} INFO - DAG(s) 'latest_only_with_trigger' retrieved from /home/airflow/.local/lib/python3.12/site-packages/airflow/example_dags/example_latest_only_with_trigger.py
[2025-06-27T07:48:12.603+0000] {logging_mixin.py:190} INFO - [2025-06-27T07:48:12.603+0000] {dag.py:3239} INFO - Sync 1 DAGs
[2025-06-27T07:48:12.679+0000] {logging_mixin.py:190} INFO - [2025-06-27T07:48:12.678+0000] {dag.py:4180} INFO - Setting next_dagrun for latest_only_with_trigger to 2025-06-27 00:00:00+00:00, run_after=2025-06-27 04:00:00+00:00
[2025-06-27T07:48:12.721+0000] {processor.py:208} INFO - Processing /home/airflow/.local/lib/python3.12/site-packages/airflow/example_dags/example_latest_only_with_trigger.py took 0.247 seconds
[2025-06-27T07:48:42.836+0000] {processor.py:186} INFO - Started process (PID=1463) to work on /home/airflow/.local/lib/python3.12/site-packages/airflow/example_dags/example_latest_only_with_trigger.py
[2025-06-27T07:48:42.838+0000] {processor.py:914} INFO - Processing file /home/airflow/.local/lib/python3.12/site-packages/airflow/example_dags/example_latest_only_with_trigger.py for tasks to queue
[2025-06-27T07:48:42.843+0000] {logging_mixin.py:190} INFO - [2025-06-27T07:48:42.842+0000] {dagbag.py:588} INFO - Filling up the DagBag from /home/airflow/.local/lib/python3.12/site-packages/airflow/example_dags/example_latest_only_with_trigger.py
[2025-06-27T07:48:42.857+0000] {processor.py:925} INFO - DAG(s) 'latest_only_with_trigger' retrieved from /home/airflow/.local/lib/python3.12/site-packages/airflow/example_dags/example_latest_only_with_trigger.py
[2025-06-27T07:48:42.897+0000] {logging_mixin.py:190} INFO - [2025-06-27T07:48:42.897+0000] {dag.py:3239} INFO - Sync 1 DAGs
[2025-06-27T07:48:42.962+0000] {logging_mixin.py:190} INFO - [2025-06-27T07:48:42.961+0000] {dag.py:4180} INFO - Setting next_dagrun for latest_only_with_trigger to 2025-06-27 00:00:00+00:00, run_after=2025-06-27 04:00:00+00:00
[2025-06-27T07:48:43.008+0000] {processor.py:208} INFO - Processing /home/airflow/.local/lib/python3.12/site-packages/airflow/example_dags/example_latest_only_with_trigger.py took 0.183 seconds
[2025-06-27T07:52:05.370+0000] {processor.py:186} INFO - Started process (PID=85) to work on /home/airflow/.local/lib/python3.12/site-packages/airflow/example_dags/example_latest_only_with_trigger.py
[2025-06-27T07:52:05.374+0000] {processor.py:914} INFO - Processing file /home/airflow/.local/lib/python3.12/site-packages/airflow/example_dags/example_latest_only_with_trigger.py for tasks to queue
[2025-06-27T07:52:05.402+0000] {logging_mixin.py:190} INFO - [2025-06-27T07:52:05.399+0000] {dagbag.py:588} INFO - Filling up the DagBag from /home/airflow/.local/lib/python3.12/site-packages/airflow/example_dags/example_latest_only_with_trigger.py
[2025-06-27T07:52:05.524+0000] {processor.py:925} INFO - DAG(s) 'latest_only_with_trigger' retrieved from /home/airflow/.local/lib/python3.12/site-packages/airflow/example_dags/example_latest_only_with_trigger.py
[2025-06-27T07:52:05.615+0000] {logging_mixin.py:190} INFO - [2025-06-27T07:52:05.614+0000] {dag.py:3239} INFO - Sync 1 DAGs
[2025-06-27T07:52:05.930+0000] {logging_mixin.py:190} INFO - [2025-06-27T07:52:05.929+0000] {dag.py:4180} INFO - Setting next_dagrun for latest_only_with_trigger to 2025-06-27 00:00:00+00:00, run_after=2025-06-27 04:00:00+00:00
[2025-06-27T07:52:06.028+0000] {processor.py:208} INFO - Processing /home/airflow/.local/lib/python3.12/site-packages/airflow/example_dags/example_latest_only_with_trigger.py took 0.786 seconds
[2025-06-27T07:52:46.049+0000] {processor.py:186} INFO - Started process (PID=154) to work on /home/airflow/.local/lib/python3.12/site-packages/airflow/example_dags/example_latest_only_with_trigger.py
[2025-06-27T07:52:46.055+0000] {processor.py:914} INFO - Processing file /home/airflow/.local/lib/python3.12/site-packages/airflow/example_dags/example_latest_only_with_trigger.py for tasks to queue
[2025-06-27T07:52:46.075+0000] {logging_mixin.py:190} INFO - [2025-06-27T07:52:46.068+0000] {dagbag.py:588} INFO - Filling up the DagBag from /home/airflow/.local/lib/python3.12/site-packages/airflow/example_dags/example_latest_only_with_trigger.py
[2025-06-27T07:52:46.144+0000] {processor.py:925} INFO - DAG(s) 'latest_only_with_trigger' retrieved from /home/airflow/.local/lib/python3.12/site-packages/airflow/example_dags/example_latest_only_with_trigger.py
[2025-06-27T07:52:46.365+0000] {logging_mixin.py:190} INFO - [2025-06-27T07:52:46.364+0000] {dag.py:3239} INFO - Sync 1 DAGs
[2025-06-27T07:52:46.649+0000] {logging_mixin.py:190} INFO - [2025-06-27T07:52:46.648+0000] {dag.py:4180} INFO - Setting next_dagrun for latest_only_with_trigger to 2025-06-27 00:00:00+00:00, run_after=2025-06-27 04:00:00+00:00
[2025-06-27T07:52:46.827+0000] {processor.py:208} INFO - Processing /home/airflow/.local/lib/python3.12/site-packages/airflow/example_dags/example_latest_only_with_trigger.py took 0.831 seconds
[2025-06-27T07:53:17.552+0000] {processor.py:186} INFO - Started process (PID=217) to work on /home/airflow/.local/lib/python3.12/site-packages/airflow/example_dags/example_latest_only_with_trigger.py
[2025-06-27T07:53:17.554+0000] {processor.py:914} INFO - Processing file /home/airflow/.local/lib/python3.12/site-packages/airflow/example_dags/example_latest_only_with_trigger.py for tasks to queue
[2025-06-27T07:53:17.559+0000] {logging_mixin.py:190} INFO - [2025-06-27T07:53:17.559+0000] {dagbag.py:588} INFO - Filling up the DagBag from /home/airflow/.local/lib/python3.12/site-packages/airflow/example_dags/example_latest_only_with_trigger.py
[2025-06-27T07:53:17.577+0000] {processor.py:925} INFO - DAG(s) 'latest_only_with_trigger' retrieved from /home/airflow/.local/lib/python3.12/site-packages/airflow/example_dags/example_latest_only_with_trigger.py
[2025-06-27T07:53:17.622+0000] {logging_mixin.py:190} INFO - [2025-06-27T07:53:17.622+0000] {dag.py:3239} INFO - Sync 1 DAGs
[2025-06-27T07:53:17.672+0000] {logging_mixin.py:190} INFO - [2025-06-27T07:53:17.672+0000] {dag.py:4180} INFO - Setting next_dagrun for latest_only_with_trigger to 2025-06-27 00:00:00+00:00, run_after=2025-06-27 04:00:00+00:00
[2025-06-27T07:53:17.713+0000] {processor.py:208} INFO - Processing /home/airflow/.local/lib/python3.12/site-packages/airflow/example_dags/example_latest_only_with_trigger.py took 0.173 seconds
[2025-06-27T07:53:48.043+0000] {processor.py:186} INFO - Started process (PID=281) to work on /home/airflow/.local/lib/python3.12/site-packages/airflow/example_dags/example_latest_only_with_trigger.py
[2025-06-27T07:53:48.047+0000] {processor.py:914} INFO - Processing file /home/airflow/.local/lib/python3.12/site-packages/airflow/example_dags/example_latest_only_with_trigger.py for tasks to queue
[2025-06-27T07:53:48.057+0000] {logging_mixin.py:190} INFO - [2025-06-27T07:53:48.055+0000] {dagbag.py:588} INFO - Filling up the DagBag from /home/airflow/.local/lib/python3.12/site-packages/airflow/example_dags/example_latest_only_with_trigger.py
[2025-06-27T07:53:48.082+0000] {processor.py:925} INFO - DAG(s) 'latest_only_with_trigger' retrieved from /home/airflow/.local/lib/python3.12/site-packages/airflow/example_dags/example_latest_only_with_trigger.py
[2025-06-27T07:53:48.138+0000] {logging_mixin.py:190} INFO - [2025-06-27T07:53:48.138+0000] {dag.py:3239} INFO - Sync 1 DAGs
[2025-06-27T07:53:48.193+0000] {logging_mixin.py:190} INFO - [2025-06-27T07:53:48.192+0000] {dag.py:4180} INFO - Setting next_dagrun for latest_only_with_trigger to 2025-06-27 00:00:00+00:00, run_after=2025-06-27 04:00:00+00:00
[2025-06-27T07:53:48.225+0000] {processor.py:208} INFO - Processing /home/airflow/.local/lib/python3.12/site-packages/airflow/example_dags/example_latest_only_with_trigger.py took 0.201 seconds
[2025-06-27T07:54:18.605+0000] {processor.py:186} INFO - Started process (PID=344) to work on /home/airflow/.local/lib/python3.12/site-packages/airflow/example_dags/example_latest_only_with_trigger.py
[2025-06-27T07:54:18.609+0000] {processor.py:914} INFO - Processing file /home/airflow/.local/lib/python3.12/site-packages/airflow/example_dags/example_latest_only_with_trigger.py for tasks to queue
[2025-06-27T07:54:18.616+0000] {logging_mixin.py:190} INFO - [2025-06-27T07:54:18.615+0000] {dagbag.py:588} INFO - Filling up the DagBag from /home/airflow/.local/lib/python3.12/site-packages/airflow/example_dags/example_latest_only_with_trigger.py
[2025-06-27T07:54:18.642+0000] {processor.py:925} INFO - DAG(s) 'latest_only_with_trigger' retrieved from /home/airflow/.local/lib/python3.12/site-packages/airflow/example_dags/example_latest_only_with_trigger.py
[2025-06-27T07:54:18.729+0000] {logging_mixin.py:190} INFO - [2025-06-27T07:54:18.729+0000] {dag.py:3239} INFO - Sync 1 DAGs
[2025-06-27T07:54:18.875+0000] {logging_mixin.py:190} INFO - [2025-06-27T07:54:18.874+0000] {dag.py:4180} INFO - Setting next_dagrun for latest_only_with_trigger to 2025-06-27 00:00:00+00:00, run_after=2025-06-27 04:00:00+00:00
[2025-06-27T07:54:18.948+0000] {processor.py:208} INFO - Processing /home/airflow/.local/lib/python3.12/site-packages/airflow/example_dags/example_latest_only_with_trigger.py took 0.367 seconds
[2025-06-27T07:54:49.855+0000] {processor.py:186} INFO - Started process (PID=407) to work on /home/airflow/.local/lib/python3.12/site-packages/airflow/example_dags/example_latest_only_with_trigger.py
[2025-06-27T07:54:49.857+0000] {processor.py:914} INFO - Processing file /home/airflow/.local/lib/python3.12/site-packages/airflow/example_dags/example_latest_only_with_trigger.py for tasks to queue
[2025-06-27T07:54:49.862+0000] {logging_mixin.py:190} INFO - [2025-06-27T07:54:49.861+0000] {dagbag.py:588} INFO - Filling up the DagBag from /home/airflow/.local/lib/python3.12/site-packages/airflow/example_dags/example_latest_only_with_trigger.py
[2025-06-27T07:54:49.873+0000] {processor.py:925} INFO - DAG(s) 'latest_only_with_trigger' retrieved from /home/airflow/.local/lib/python3.12/site-packages/airflow/example_dags/example_latest_only_with_trigger.py
[2025-06-27T07:54:49.910+0000] {logging_mixin.py:190} INFO - [2025-06-27T07:54:49.910+0000] {dag.py:3239} INFO - Sync 1 DAGs
[2025-06-27T07:54:49.959+0000] {logging_mixin.py:190} INFO - [2025-06-27T07:54:49.959+0000] {dag.py:4180} INFO - Setting next_dagrun for latest_only_with_trigger to 2025-06-27 00:00:00+00:00, run_after=2025-06-27 04:00:00+00:00
[2025-06-27T07:54:49.999+0000] {processor.py:208} INFO - Processing /home/airflow/.local/lib/python3.12/site-packages/airflow/example_dags/example_latest_only_with_trigger.py took 0.151 seconds
[2025-06-27T07:59:30.210+0000] {processor.py:186} INFO - Started process (PID=78) to work on /home/airflow/.local/lib/python3.12/site-packages/airflow/example_dags/example_latest_only_with_trigger.py
[2025-06-27T07:59:30.216+0000] {processor.py:914} INFO - Processing file /home/airflow/.local/lib/python3.12/site-packages/airflow/example_dags/example_latest_only_with_trigger.py for tasks to queue
[2025-06-27T07:59:30.228+0000] {logging_mixin.py:190} INFO - [2025-06-27T07:59:30.227+0000] {dagbag.py:588} INFO - Filling up the DagBag from /home/airflow/.local/lib/python3.12/site-packages/airflow/example_dags/example_latest_only_with_trigger.py
[2025-06-27T07:59:30.254+0000] {processor.py:925} INFO - DAG(s) 'latest_only_with_trigger' retrieved from /home/airflow/.local/lib/python3.12/site-packages/airflow/example_dags/example_latest_only_with_trigger.py
[2025-06-27T07:59:30.332+0000] {logging_mixin.py:190} INFO - [2025-06-27T07:59:30.331+0000] {dag.py:3239} INFO - Sync 1 DAGs
[2025-06-27T07:59:30.422+0000] {logging_mixin.py:190} INFO - [2025-06-27T07:59:30.422+0000] {dag.py:4180} INFO - Setting next_dagrun for latest_only_with_trigger to 2025-06-27 00:00:00+00:00, run_after=2025-06-27 04:00:00+00:00
[2025-06-27T07:59:30.478+0000] {processor.py:208} INFO - Processing /home/airflow/.local/lib/python3.12/site-packages/airflow/example_dags/example_latest_only_with_trigger.py took 0.287 seconds
[2025-06-27T08:00:13.020+0000] {processor.py:186} INFO - Started process (PID=140) to work on /home/airflow/.local/lib/python3.12/site-packages/airflow/example_dags/example_latest_only_with_trigger.py
[2025-06-27T08:00:13.036+0000] {processor.py:914} INFO - Processing file /home/airflow/.local/lib/python3.12/site-packages/airflow/example_dags/example_latest_only_with_trigger.py for tasks to queue
[2025-06-27T08:00:13.084+0000] {logging_mixin.py:190} INFO - [2025-06-27T08:00:13.082+0000] {dagbag.py:588} INFO - Filling up the DagBag from /home/airflow/.local/lib/python3.12/site-packages/airflow/example_dags/example_latest_only_with_trigger.py
[2025-06-27T08:00:13.169+0000] {processor.py:925} INFO - DAG(s) 'latest_only_with_trigger' retrieved from /home/airflow/.local/lib/python3.12/site-packages/airflow/example_dags/example_latest_only_with_trigger.py
[2025-06-27T08:00:14.314+0000] {logging_mixin.py:190} INFO - [2025-06-27T08:00:14.307+0000] {dag.py:3239} INFO - Sync 1 DAGs
[2025-06-27T08:00:15.050+0000] {logging_mixin.py:190} INFO - [2025-06-27T08:00:15.050+0000] {dag.py:4180} INFO - Setting next_dagrun for latest_only_with_trigger to 2025-06-27 04:00:00+00:00, run_after=2025-06-27 08:00:00+00:00
[2025-06-27T08:00:15.238+0000] {processor.py:208} INFO - Processing /home/airflow/.local/lib/python3.12/site-packages/airflow/example_dags/example_latest_only_with_trigger.py took 2.391 seconds
[2025-06-27T08:01:02.033+0000] {processor.py:186} INFO - Started process (PID=186) to work on /home/airflow/.local/lib/python3.12/site-packages/airflow/example_dags/example_latest_only_with_trigger.py
[2025-06-27T08:01:02.041+0000] {processor.py:914} INFO - Processing file /home/airflow/.local/lib/python3.12/site-packages/airflow/example_dags/example_latest_only_with_trigger.py for tasks to queue
[2025-06-27T08:01:02.053+0000] {logging_mixin.py:190} INFO - [2025-06-27T08:01:02.052+0000] {dagbag.py:588} INFO - Filling up the DagBag from /home/airflow/.local/lib/python3.12/site-packages/airflow/example_dags/example_latest_only_with_trigger.py
[2025-06-27T08:01:02.110+0000] {processor.py:925} INFO - DAG(s) 'latest_only_with_trigger' retrieved from /home/airflow/.local/lib/python3.12/site-packages/airflow/example_dags/example_latest_only_with_trigger.py
[2025-06-27T08:01:02.206+0000] {logging_mixin.py:190} INFO - [2025-06-27T08:01:02.205+0000] {dag.py:3239} INFO - Sync 1 DAGs
[2025-06-27T08:01:02.321+0000] {logging_mixin.py:190} INFO - [2025-06-27T08:01:02.320+0000] {dag.py:4180} INFO - Setting next_dagrun for latest_only_with_trigger to 2025-06-27 04:00:00+00:00, run_after=2025-06-27 08:00:00+00:00
[2025-06-27T08:01:02.383+0000] {processor.py:208} INFO - Processing /home/airflow/.local/lib/python3.12/site-packages/airflow/example_dags/example_latest_only_with_trigger.py took 0.385 seconds
[2025-06-27T08:01:33.150+0000] {processor.py:186} INFO - Started process (PID=248) to work on /home/airflow/.local/lib/python3.12/site-packages/airflow/example_dags/example_latest_only_with_trigger.py
[2025-06-27T08:01:33.161+0000] {processor.py:914} INFO - Processing file /home/airflow/.local/lib/python3.12/site-packages/airflow/example_dags/example_latest_only_with_trigger.py for tasks to queue
[2025-06-27T08:01:33.200+0000] {logging_mixin.py:190} INFO - [2025-06-27T08:01:33.196+0000] {dagbag.py:588} INFO - Filling up the DagBag from /home/airflow/.local/lib/python3.12/site-packages/airflow/example_dags/example_latest_only_with_trigger.py
[2025-06-27T08:01:33.288+0000] {processor.py:925} INFO - DAG(s) 'latest_only_with_trigger' retrieved from /home/airflow/.local/lib/python3.12/site-packages/airflow/example_dags/example_latest_only_with_trigger.py
[2025-06-27T08:01:33.417+0000] {logging_mixin.py:190} INFO - [2025-06-27T08:01:33.417+0000] {dag.py:3239} INFO - Sync 1 DAGs
[2025-06-27T08:01:33.502+0000] {logging_mixin.py:190} INFO - [2025-06-27T08:01:33.502+0000] {dag.py:4180} INFO - Setting next_dagrun for latest_only_with_trigger to 2025-06-27 04:00:00+00:00, run_after=2025-06-27 08:00:00+00:00
[2025-06-27T08:01:33.563+0000] {processor.py:208} INFO - Processing /home/airflow/.local/lib/python3.12/site-packages/airflow/example_dags/example_latest_only_with_trigger.py took 0.447 seconds
[2025-06-27T08:02:04.308+0000] {processor.py:186} INFO - Started process (PID=312) to work on /home/airflow/.local/lib/python3.12/site-packages/airflow/example_dags/example_latest_only_with_trigger.py
[2025-06-27T08:02:04.311+0000] {processor.py:914} INFO - Processing file /home/airflow/.local/lib/python3.12/site-packages/airflow/example_dags/example_latest_only_with_trigger.py for tasks to queue
[2025-06-27T08:02:04.317+0000] {logging_mixin.py:190} INFO - [2025-06-27T08:02:04.316+0000] {dagbag.py:588} INFO - Filling up the DagBag from /home/airflow/.local/lib/python3.12/site-packages/airflow/example_dags/example_latest_only_with_trigger.py
[2025-06-27T08:02:04.337+0000] {processor.py:925} INFO - DAG(s) 'latest_only_with_trigger' retrieved from /home/airflow/.local/lib/python3.12/site-packages/airflow/example_dags/example_latest_only_with_trigger.py
[2025-06-27T08:02:04.391+0000] {logging_mixin.py:190} INFO - [2025-06-27T08:02:04.391+0000] {dag.py:3239} INFO - Sync 1 DAGs
[2025-06-27T08:02:04.431+0000] {logging_mixin.py:190} INFO - [2025-06-27T08:02:04.431+0000] {dag.py:4180} INFO - Setting next_dagrun for latest_only_with_trigger to 2025-06-27 04:00:00+00:00, run_after=2025-06-27 08:00:00+00:00
[2025-06-27T08:02:04.466+0000] {processor.py:208} INFO - Processing /home/airflow/.local/lib/python3.12/site-packages/airflow/example_dags/example_latest_only_with_trigger.py took 0.171 seconds
[2025-06-27T08:02:35.190+0000] {processor.py:186} INFO - Started process (PID=374) to work on /home/airflow/.local/lib/python3.12/site-packages/airflow/example_dags/example_latest_only_with_trigger.py
[2025-06-27T08:02:35.192+0000] {processor.py:914} INFO - Processing file /home/airflow/.local/lib/python3.12/site-packages/airflow/example_dags/example_latest_only_with_trigger.py for tasks to queue
[2025-06-27T08:02:35.198+0000] {logging_mixin.py:190} INFO - [2025-06-27T08:02:35.197+0000] {dagbag.py:588} INFO - Filling up the DagBag from /home/airflow/.local/lib/python3.12/site-packages/airflow/example_dags/example_latest_only_with_trigger.py
[2025-06-27T08:02:35.211+0000] {processor.py:925} INFO - DAG(s) 'latest_only_with_trigger' retrieved from /home/airflow/.local/lib/python3.12/site-packages/airflow/example_dags/example_latest_only_with_trigger.py
[2025-06-27T08:02:35.246+0000] {logging_mixin.py:190} INFO - [2025-06-27T08:02:35.246+0000] {dag.py:3239} INFO - Sync 1 DAGs
[2025-06-27T08:02:35.284+0000] {logging_mixin.py:190} INFO - [2025-06-27T08:02:35.284+0000] {dag.py:4180} INFO - Setting next_dagrun for latest_only_with_trigger to 2025-06-27 04:00:00+00:00, run_after=2025-06-27 08:00:00+00:00
[2025-06-27T08:02:35.318+0000] {processor.py:208} INFO - Processing /home/airflow/.local/lib/python3.12/site-packages/airflow/example_dags/example_latest_only_with_trigger.py took 0.139 seconds
[2025-06-27T08:03:05.584+0000] {processor.py:186} INFO - Started process (PID=437) to work on /home/airflow/.local/lib/python3.12/site-packages/airflow/example_dags/example_latest_only_with_trigger.py
[2025-06-27T08:03:05.586+0000] {processor.py:914} INFO - Processing file /home/airflow/.local/lib/python3.12/site-packages/airflow/example_dags/example_latest_only_with_trigger.py for tasks to queue
[2025-06-27T08:03:05.591+0000] {logging_mixin.py:190} INFO - [2025-06-27T08:03:05.591+0000] {dagbag.py:588} INFO - Filling up the DagBag from /home/airflow/.local/lib/python3.12/site-packages/airflow/example_dags/example_latest_only_with_trigger.py
[2025-06-27T08:03:05.605+0000] {processor.py:925} INFO - DAG(s) 'latest_only_with_trigger' retrieved from /home/airflow/.local/lib/python3.12/site-packages/airflow/example_dags/example_latest_only_with_trigger.py
[2025-06-27T08:03:05.642+0000] {logging_mixin.py:190} INFO - [2025-06-27T08:03:05.641+0000] {dag.py:3239} INFO - Sync 1 DAGs
[2025-06-27T08:03:05.682+0000] {logging_mixin.py:190} INFO - [2025-06-27T08:03:05.681+0000] {dag.py:4180} INFO - Setting next_dagrun for latest_only_with_trigger to 2025-06-27 04:00:00+00:00, run_after=2025-06-27 08:00:00+00:00
[2025-06-27T08:03:05.718+0000] {processor.py:208} INFO - Processing /home/airflow/.local/lib/python3.12/site-packages/airflow/example_dags/example_latest_only_with_trigger.py took 0.143 seconds
[2025-06-27T08:03:36.844+0000] {processor.py:186} INFO - Started process (PID=500) to work on /home/airflow/.local/lib/python3.12/site-packages/airflow/example_dags/example_latest_only_with_trigger.py
[2025-06-27T08:03:36.847+0000] {processor.py:914} INFO - Processing file /home/airflow/.local/lib/python3.12/site-packages/airflow/example_dags/example_latest_only_with_trigger.py for tasks to queue
[2025-06-27T08:03:36.854+0000] {logging_mixin.py:190} INFO - [2025-06-27T08:03:36.853+0000] {dagbag.py:588} INFO - Filling up the DagBag from /home/airflow/.local/lib/python3.12/site-packages/airflow/example_dags/example_latest_only_with_trigger.py
[2025-06-27T08:03:36.875+0000] {processor.py:925} INFO - DAG(s) 'latest_only_with_trigger' retrieved from /home/airflow/.local/lib/python3.12/site-packages/airflow/example_dags/example_latest_only_with_trigger.py
[2025-06-27T08:03:36.918+0000] {logging_mixin.py:190} INFO - [2025-06-27T08:03:36.918+0000] {dag.py:3239} INFO - Sync 1 DAGs
[2025-06-27T08:03:36.975+0000] {logging_mixin.py:190} INFO - [2025-06-27T08:03:36.975+0000] {dag.py:4180} INFO - Setting next_dagrun for latest_only_with_trigger to 2025-06-27 04:00:00+00:00, run_after=2025-06-27 08:00:00+00:00
[2025-06-27T08:03:37.018+0000] {processor.py:208} INFO - Processing /home/airflow/.local/lib/python3.12/site-packages/airflow/example_dags/example_latest_only_with_trigger.py took 0.188 seconds
[2025-06-27T08:04:07.358+0000] {processor.py:186} INFO - Started process (PID=563) to work on /home/airflow/.local/lib/python3.12/site-packages/airflow/example_dags/example_latest_only_with_trigger.py
[2025-06-27T08:04:07.362+0000] {processor.py:914} INFO - Processing file /home/airflow/.local/lib/python3.12/site-packages/airflow/example_dags/example_latest_only_with_trigger.py for tasks to queue
[2025-06-27T08:04:07.369+0000] {logging_mixin.py:190} INFO - [2025-06-27T08:04:07.368+0000] {dagbag.py:588} INFO - Filling up the DagBag from /home/airflow/.local/lib/python3.12/site-packages/airflow/example_dags/example_latest_only_with_trigger.py
[2025-06-27T08:04:07.395+0000] {processor.py:925} INFO - DAG(s) 'latest_only_with_trigger' retrieved from /home/airflow/.local/lib/python3.12/site-packages/airflow/example_dags/example_latest_only_with_trigger.py
[2025-06-27T08:04:07.441+0000] {logging_mixin.py:190} INFO - [2025-06-27T08:04:07.441+0000] {dag.py:3239} INFO - Sync 1 DAGs
[2025-06-27T08:04:07.493+0000] {logging_mixin.py:190} INFO - [2025-06-27T08:04:07.492+0000] {dag.py:4180} INFO - Setting next_dagrun for latest_only_with_trigger to 2025-06-27 04:00:00+00:00, run_after=2025-06-27 08:00:00+00:00
[2025-06-27T08:04:07.530+0000] {processor.py:208} INFO - Processing /home/airflow/.local/lib/python3.12/site-packages/airflow/example_dags/example_latest_only_with_trigger.py took 0.188 seconds
[2025-06-27T08:04:38.057+0000] {processor.py:186} INFO - Started process (PID=626) to work on /home/airflow/.local/lib/python3.12/site-packages/airflow/example_dags/example_latest_only_with_trigger.py
[2025-06-27T08:04:38.060+0000] {processor.py:914} INFO - Processing file /home/airflow/.local/lib/python3.12/site-packages/airflow/example_dags/example_latest_only_with_trigger.py for tasks to queue
[2025-06-27T08:04:38.065+0000] {logging_mixin.py:190} INFO - [2025-06-27T08:04:38.065+0000] {dagbag.py:588} INFO - Filling up the DagBag from /home/airflow/.local/lib/python3.12/site-packages/airflow/example_dags/example_latest_only_with_trigger.py
[2025-06-27T08:04:38.084+0000] {processor.py:925} INFO - DAG(s) 'latest_only_with_trigger' retrieved from /home/airflow/.local/lib/python3.12/site-packages/airflow/example_dags/example_latest_only_with_trigger.py
[2025-06-27T08:04:38.130+0000] {logging_mixin.py:190} INFO - [2025-06-27T08:04:38.130+0000] {dag.py:3239} INFO - Sync 1 DAGs
[2025-06-27T08:04:38.194+0000] {logging_mixin.py:190} INFO - [2025-06-27T08:04:38.194+0000] {dag.py:4180} INFO - Setting next_dagrun for latest_only_with_trigger to 2025-06-27 04:00:00+00:00, run_after=2025-06-27 08:00:00+00:00
[2025-06-27T08:04:38.250+0000] {processor.py:208} INFO - Processing /home/airflow/.local/lib/python3.12/site-packages/airflow/example_dags/example_latest_only_with_trigger.py took 0.207 seconds
[2025-06-27T08:05:10.805+0000] {processor.py:186} INFO - Started process (PID=690) to work on /home/airflow/.local/lib/python3.12/site-packages/airflow/example_dags/example_latest_only_with_trigger.py
[2025-06-27T08:05:10.814+0000] {processor.py:914} INFO - Processing file /home/airflow/.local/lib/python3.12/site-packages/airflow/example_dags/example_latest_only_with_trigger.py for tasks to queue
[2025-06-27T08:05:10.842+0000] {logging_mixin.py:190} INFO - [2025-06-27T08:05:10.833+0000] {dagbag.py:588} INFO - Filling up the DagBag from /home/airflow/.local/lib/python3.12/site-packages/airflow/example_dags/example_latest_only_with_trigger.py
[2025-06-27T08:05:10.967+0000] {processor.py:925} INFO - DAG(s) 'latest_only_with_trigger' retrieved from /home/airflow/.local/lib/python3.12/site-packages/airflow/example_dags/example_latest_only_with_trigger.py
[2025-06-27T08:05:11.136+0000] {logging_mixin.py:190} INFO - [2025-06-27T08:05:11.136+0000] {dag.py:3239} INFO - Sync 1 DAGs
[2025-06-27T08:05:11.292+0000] {logging_mixin.py:190} INFO - [2025-06-27T08:05:11.291+0000] {dag.py:4180} INFO - Setting next_dagrun for latest_only_with_trigger to 2025-06-27 04:00:00+00:00, run_after=2025-06-27 08:00:00+00:00
[2025-06-27T08:05:11.362+0000] {processor.py:208} INFO - Processing /home/airflow/.local/lib/python3.12/site-packages/airflow/example_dags/example_latest_only_with_trigger.py took 0.633 seconds
[2025-06-27T08:05:42.455+0000] {processor.py:186} INFO - Started process (PID=752) to work on /home/airflow/.local/lib/python3.12/site-packages/airflow/example_dags/example_latest_only_with_trigger.py
[2025-06-27T08:05:42.469+0000] {processor.py:914} INFO - Processing file /home/airflow/.local/lib/python3.12/site-packages/airflow/example_dags/example_latest_only_with_trigger.py for tasks to queue
[2025-06-27T08:05:42.488+0000] {logging_mixin.py:190} INFO - [2025-06-27T08:05:42.485+0000] {dagbag.py:588} INFO - Filling up the DagBag from /home/airflow/.local/lib/python3.12/site-packages/airflow/example_dags/example_latest_only_with_trigger.py
[2025-06-27T08:05:42.546+0000] {processor.py:925} INFO - DAG(s) 'latest_only_with_trigger' retrieved from /home/airflow/.local/lib/python3.12/site-packages/airflow/example_dags/example_latest_only_with_trigger.py
[2025-06-27T08:05:42.718+0000] {logging_mixin.py:190} INFO - [2025-06-27T08:05:42.717+0000] {dag.py:3239} INFO - Sync 1 DAGs
[2025-06-27T08:05:42.929+0000] {logging_mixin.py:190} INFO - [2025-06-27T08:05:42.928+0000] {dag.py:4180} INFO - Setting next_dagrun for latest_only_with_trigger to 2025-06-27 04:00:00+00:00, run_after=2025-06-27 08:00:00+00:00
[2025-06-27T08:05:43.050+0000] {processor.py:208} INFO - Processing /home/airflow/.local/lib/python3.12/site-packages/airflow/example_dags/example_latest_only_with_trigger.py took 0.650 seconds
