[2025-06-27T07:35:36.928+0000] {processor.py:186} INFO - Started process (PID=117) to work on /home/airflow/.local/lib/python3.12/site-packages/airflow/example_dags/example_external_task_marker_dag.py
[2025-06-27T07:35:36.939+0000] {processor.py:914} INFO - Processing file /home/airflow/.local/lib/python3.12/site-packages/airflow/example_dags/example_external_task_marker_dag.py for tasks to queue
[2025-06-27T07:35:36.969+0000] {logging_mixin.py:190} INFO - [2025-06-27T07:35:36.967+0000] {dagbag.py:588} INFO - Filling up the DagBag from /home/airflow/.local/lib/python3.12/site-packages/airflow/example_dags/example_external_task_marker_dag.py
[2025-06-27T07:35:37.444+0000] {processor.py:925} INFO - DAG(s) 'example_external_task_marker_parent', 'example_external_task_marker_child' retrieved from /home/airflow/.local/lib/python3.12/site-packages/airflow/example_dags/example_external_task_marker_dag.py
[2025-06-27T07:35:49.416+0000] {logging_mixin.py:190} INFO - [2025-06-27T07:35:49.411+0000] {override.py:1900} INFO - Created Permission View: can read on DAG:example_external_task_marker_parent
[2025-06-27T07:35:49.612+0000] {logging_mixin.py:190} INFO - [2025-06-27T07:35:49.583+0000] {override.py:1900} INFO - Created Permission View: can edit on DAG:example_external_task_marker_parent
[2025-06-27T07:35:49.756+0000] {logging_mixin.py:190} INFO - [2025-06-27T07:35:49.754+0000] {override.py:1900} INFO - Created Permission View: can delete on DAG:example_external_task_marker_parent
[2025-06-27T07:35:49.853+0000] {logging_mixin.py:190} INFO - [2025-06-27T07:35:49.851+0000] {override.py:1900} INFO - Created Permission View: can read on DAG Run:example_external_task_marker_parent
[2025-06-27T07:35:49.966+0000] {logging_mixin.py:190} INFO - [2025-06-27T07:35:49.963+0000] {override.py:1900} INFO - Created Permission View: can create on DAG Run:example_external_task_marker_parent
[2025-06-27T07:35:50.042+0000] {logging_mixin.py:190} INFO - [2025-06-27T07:35:50.041+0000] {override.py:1900} INFO - Created Permission View: can delete on DAG Run:example_external_task_marker_parent
[2025-06-27T07:35:50.132+0000] {logging_mixin.py:190} INFO - [2025-06-27T07:35:50.130+0000] {override.py:1900} INFO - Created Permission View: menu access on DAG Run:example_external_task_marker_parent
[2025-06-27T07:35:50.351+0000] {logging_mixin.py:190} INFO - [2025-06-27T07:35:50.350+0000] {override.py:1900} INFO - Created Permission View: can read on DAG:example_external_task_marker_child
[2025-06-27T07:35:50.455+0000] {logging_mixin.py:190} INFO - [2025-06-27T07:35:50.454+0000] {override.py:1900} INFO - Created Permission View: can edit on DAG:example_external_task_marker_child
[2025-06-27T07:35:50.554+0000] {logging_mixin.py:190} INFO - [2025-06-27T07:35:50.553+0000] {override.py:1900} INFO - Created Permission View: can delete on DAG:example_external_task_marker_child
[2025-06-27T07:35:50.683+0000] {logging_mixin.py:190} INFO - [2025-06-27T07:35:50.682+0000] {override.py:1900} INFO - Created Permission View: can read on DAG Run:example_external_task_marker_child
[2025-06-27T07:35:50.845+0000] {logging_mixin.py:190} INFO - [2025-06-27T07:35:50.844+0000] {override.py:1900} INFO - Created Permission View: can create on DAG Run:example_external_task_marker_child
[2025-06-27T07:35:50.974+0000] {logging_mixin.py:190} INFO - [2025-06-27T07:35:50.973+0000] {override.py:1900} INFO - Created Permission View: can delete on DAG Run:example_external_task_marker_child
[2025-06-27T07:35:51.187+0000] {logging_mixin.py:190} INFO - [2025-06-27T07:35:51.186+0000] {override.py:1900} INFO - Created Permission View: menu access on DAG Run:example_external_task_marker_child
[2025-06-27T07:35:51.401+0000] {logging_mixin.py:190} INFO - [2025-06-27T07:35:51.397+0000] {dag.py:3239} INFO - Sync 2 DAGs
[2025-06-27T07:35:52.603+0000] {logging_mixin.py:190} INFO - [2025-06-27T07:35:52.602+0000] {dag.py:3262} INFO - Creating ORM DAG for example_external_task_marker_parent
[2025-06-27T07:35:52.625+0000] {logging_mixin.py:190} INFO - [2025-06-27T07:35:52.624+0000] {dag.py:3262} INFO - Creating ORM DAG for example_external_task_marker_child
[2025-06-27T07:35:52.661+0000] {logging_mixin.py:190} INFO - [2025-06-27T07:35:52.658+0000] {dag.py:4180} INFO - Setting next_dagrun for example_external_task_marker_child to None, run_after=None
[2025-06-27T07:35:52.673+0000] {logging_mixin.py:190} INFO - [2025-06-27T07:35:52.672+0000] {dag.py:4180} INFO - Setting next_dagrun for example_external_task_marker_parent to None, run_after=None
[2025-06-27T07:35:53.120+0000] {processor.py:208} INFO - Processing /home/airflow/.local/lib/python3.12/site-packages/airflow/example_dags/example_external_task_marker_dag.py took 16.340 seconds
[2025-06-27T07:37:30.294+0000] {processor.py:186} INFO - Started process (PID=193) to work on /home/airflow/.local/lib/python3.12/site-packages/airflow/example_dags/example_external_task_marker_dag.py
[2025-06-27T07:37:30.298+0000] {processor.py:914} INFO - Processing file /home/airflow/.local/lib/python3.12/site-packages/airflow/example_dags/example_external_task_marker_dag.py for tasks to queue
[2025-06-27T07:37:30.314+0000] {logging_mixin.py:190} INFO - [2025-06-27T07:37:30.312+0000] {dagbag.py:588} INFO - Filling up the DagBag from /home/airflow/.local/lib/python3.12/site-packages/airflow/example_dags/example_external_task_marker_dag.py
[2025-06-27T07:37:30.369+0000] {processor.py:925} INFO - DAG(s) 'example_external_task_marker_child', 'example_external_task_marker_parent' retrieved from /home/airflow/.local/lib/python3.12/site-packages/airflow/example_dags/example_external_task_marker_dag.py
[2025-06-27T07:37:30.489+0000] {logging_mixin.py:190} INFO - [2025-06-27T07:37:30.488+0000] {dag.py:3239} INFO - Sync 2 DAGs
[2025-06-27T07:37:30.592+0000] {logging_mixin.py:190} INFO - [2025-06-27T07:37:30.590+0000] {dag.py:4180} INFO - Setting next_dagrun for example_external_task_marker_child to None, run_after=None
[2025-06-27T07:37:30.613+0000] {logging_mixin.py:190} INFO - [2025-06-27T07:37:30.612+0000] {dag.py:4180} INFO - Setting next_dagrun for example_external_task_marker_parent to None, run_after=None
[2025-06-27T07:37:30.732+0000] {processor.py:208} INFO - Processing /home/airflow/.local/lib/python3.12/site-packages/airflow/example_dags/example_external_task_marker_dag.py took 0.460 seconds
[2025-06-27T07:38:09.789+0000] {processor.py:186} INFO - Started process (PID=261) to work on /home/airflow/.local/lib/python3.12/site-packages/airflow/example_dags/example_external_task_marker_dag.py
[2025-06-27T07:38:09.801+0000] {processor.py:914} INFO - Processing file /home/airflow/.local/lib/python3.12/site-packages/airflow/example_dags/example_external_task_marker_dag.py for tasks to queue
[2025-06-27T07:38:09.821+0000] {logging_mixin.py:190} INFO - [2025-06-27T07:38:09.811+0000] {dagbag.py:588} INFO - Filling up the DagBag from /home/airflow/.local/lib/python3.12/site-packages/airflow/example_dags/example_external_task_marker_dag.py
[2025-06-27T07:38:09.895+0000] {processor.py:925} INFO - DAG(s) 'example_external_task_marker_parent', 'example_external_task_marker_child' retrieved from /home/airflow/.local/lib/python3.12/site-packages/airflow/example_dags/example_external_task_marker_dag.py
[2025-06-27T07:38:10.206+0000] {logging_mixin.py:190} INFO - [2025-06-27T07:38:10.205+0000] {dag.py:3239} INFO - Sync 2 DAGs
[2025-06-27T07:38:10.423+0000] {logging_mixin.py:190} INFO - [2025-06-27T07:38:10.422+0000] {dag.py:4180} INFO - Setting next_dagrun for example_external_task_marker_child to None, run_after=None
[2025-06-27T07:38:10.467+0000] {logging_mixin.py:190} INFO - [2025-06-27T07:38:10.466+0000] {dag.py:4180} INFO - Setting next_dagrun for example_external_task_marker_parent to None, run_after=None
[2025-06-27T07:38:10.598+0000] {processor.py:208} INFO - Processing /home/airflow/.local/lib/python3.12/site-packages/airflow/example_dags/example_external_task_marker_dag.py took 0.845 seconds
[2025-06-27T07:38:41.426+0000] {processor.py:186} INFO - Started process (PID=323) to work on /home/airflow/.local/lib/python3.12/site-packages/airflow/example_dags/example_external_task_marker_dag.py
[2025-06-27T07:38:41.430+0000] {processor.py:914} INFO - Processing file /home/airflow/.local/lib/python3.12/site-packages/airflow/example_dags/example_external_task_marker_dag.py for tasks to queue
[2025-06-27T07:38:41.443+0000] {logging_mixin.py:190} INFO - [2025-06-27T07:38:41.441+0000] {dagbag.py:588} INFO - Filling up the DagBag from /home/airflow/.local/lib/python3.12/site-packages/airflow/example_dags/example_external_task_marker_dag.py
[2025-06-27T07:38:41.494+0000] {processor.py:925} INFO - DAG(s) 'example_external_task_marker_parent', 'example_external_task_marker_child' retrieved from /home/airflow/.local/lib/python3.12/site-packages/airflow/example_dags/example_external_task_marker_dag.py
[2025-06-27T07:38:41.688+0000] {logging_mixin.py:190} INFO - [2025-06-27T07:38:41.684+0000] {dag.py:3239} INFO - Sync 2 DAGs
[2025-06-27T07:38:41.819+0000] {logging_mixin.py:190} INFO - [2025-06-27T07:38:41.818+0000] {dag.py:4180} INFO - Setting next_dagrun for example_external_task_marker_child to None, run_after=None
[2025-06-27T07:38:41.870+0000] {logging_mixin.py:190} INFO - [2025-06-27T07:38:41.869+0000] {dag.py:4180} INFO - Setting next_dagrun for example_external_task_marker_parent to None, run_after=None
[2025-06-27T07:38:42.188+0000] {processor.py:208} INFO - Processing /home/airflow/.local/lib/python3.12/site-packages/airflow/example_dags/example_external_task_marker_dag.py took 0.798 seconds
[2025-06-27T07:39:23.872+0000] {processor.py:186} INFO - Started process (PID=386) to work on /home/airflow/.local/lib/python3.12/site-packages/airflow/example_dags/example_external_task_marker_dag.py
[2025-06-27T07:39:23.882+0000] {processor.py:914} INFO - Processing file /home/airflow/.local/lib/python3.12/site-packages/airflow/example_dags/example_external_task_marker_dag.py for tasks to queue
[2025-06-27T07:39:23.899+0000] {logging_mixin.py:190} INFO - [2025-06-27T07:39:23.897+0000] {dagbag.py:588} INFO - Filling up the DagBag from /home/airflow/.local/lib/python3.12/site-packages/airflow/example_dags/example_external_task_marker_dag.py
[2025-06-27T07:39:23.945+0000] {processor.py:925} INFO - DAG(s) 'example_external_task_marker_parent', 'example_external_task_marker_child' retrieved from /home/airflow/.local/lib/python3.12/site-packages/airflow/example_dags/example_external_task_marker_dag.py
[2025-06-27T07:39:24.199+0000] {logging_mixin.py:190} INFO - [2025-06-27T07:39:24.197+0000] {dag.py:3239} INFO - Sync 2 DAGs
[2025-06-27T07:39:24.403+0000] {logging_mixin.py:190} INFO - [2025-06-27T07:39:24.402+0000] {dag.py:4180} INFO - Setting next_dagrun for example_external_task_marker_child to None, run_after=None
[2025-06-27T07:39:24.428+0000] {logging_mixin.py:190} INFO - [2025-06-27T07:39:24.427+0000] {dag.py:4180} INFO - Setting next_dagrun for example_external_task_marker_parent to None, run_after=None
[2025-06-27T07:39:24.543+0000] {processor.py:208} INFO - Processing /home/airflow/.local/lib/python3.12/site-packages/airflow/example_dags/example_external_task_marker_dag.py took 0.706 seconds
[2025-06-27T07:39:56.895+0000] {processor.py:186} INFO - Started process (PID=444) to work on /home/airflow/.local/lib/python3.12/site-packages/airflow/example_dags/example_external_task_marker_dag.py
[2025-06-27T07:39:56.901+0000] {processor.py:914} INFO - Processing file /home/airflow/.local/lib/python3.12/site-packages/airflow/example_dags/example_external_task_marker_dag.py for tasks to queue
[2025-06-27T07:39:56.912+0000] {logging_mixin.py:190} INFO - [2025-06-27T07:39:56.911+0000] {dagbag.py:588} INFO - Filling up the DagBag from /home/airflow/.local/lib/python3.12/site-packages/airflow/example_dags/example_external_task_marker_dag.py
[2025-06-27T07:39:56.952+0000] {processor.py:925} INFO - DAG(s) 'example_external_task_marker_child', 'example_external_task_marker_parent' retrieved from /home/airflow/.local/lib/python3.12/site-packages/airflow/example_dags/example_external_task_marker_dag.py
[2025-06-27T07:39:57.116+0000] {logging_mixin.py:190} INFO - [2025-06-27T07:39:57.115+0000] {dag.py:3239} INFO - Sync 2 DAGs
[2025-06-27T07:39:57.210+0000] {logging_mixin.py:190} INFO - [2025-06-27T07:39:57.209+0000] {dag.py:4180} INFO - Setting next_dagrun for example_external_task_marker_child to None, run_after=None
[2025-06-27T07:39:57.228+0000] {logging_mixin.py:190} INFO - [2025-06-27T07:39:57.228+0000] {dag.py:4180} INFO - Setting next_dagrun for example_external_task_marker_parent to None, run_after=None
[2025-06-27T07:39:57.302+0000] {processor.py:208} INFO - Processing /home/airflow/.local/lib/python3.12/site-packages/airflow/example_dags/example_external_task_marker_dag.py took 0.437 seconds
[2025-06-27T07:40:28.489+0000] {processor.py:186} INFO - Started process (PID=506) to work on /home/airflow/.local/lib/python3.12/site-packages/airflow/example_dags/example_external_task_marker_dag.py
[2025-06-27T07:40:28.493+0000] {processor.py:914} INFO - Processing file /home/airflow/.local/lib/python3.12/site-packages/airflow/example_dags/example_external_task_marker_dag.py for tasks to queue
[2025-06-27T07:40:28.500+0000] {logging_mixin.py:190} INFO - [2025-06-27T07:40:28.499+0000] {dagbag.py:588} INFO - Filling up the DagBag from /home/airflow/.local/lib/python3.12/site-packages/airflow/example_dags/example_external_task_marker_dag.py
[2025-06-27T07:40:28.526+0000] {processor.py:925} INFO - DAG(s) 'example_external_task_marker_child', 'example_external_task_marker_parent' retrieved from /home/airflow/.local/lib/python3.12/site-packages/airflow/example_dags/example_external_task_marker_dag.py
[2025-06-27T07:40:28.603+0000] {logging_mixin.py:190} INFO - [2025-06-27T07:40:28.602+0000] {dag.py:3239} INFO - Sync 2 DAGs
[2025-06-27T07:40:28.646+0000] {logging_mixin.py:190} INFO - [2025-06-27T07:40:28.645+0000] {dag.py:4180} INFO - Setting next_dagrun for example_external_task_marker_child to None, run_after=None
[2025-06-27T07:40:28.661+0000] {logging_mixin.py:190} INFO - [2025-06-27T07:40:28.660+0000] {dag.py:4180} INFO - Setting next_dagrun for example_external_task_marker_parent to None, run_after=None
[2025-06-27T07:40:28.738+0000] {processor.py:208} INFO - Processing /home/airflow/.local/lib/python3.12/site-packages/airflow/example_dags/example_external_task_marker_dag.py took 0.270 seconds
[2025-06-27T07:40:59.750+0000] {processor.py:186} INFO - Started process (PID=569) to work on /home/airflow/.local/lib/python3.12/site-packages/airflow/example_dags/example_external_task_marker_dag.py
[2025-06-27T07:40:59.756+0000] {processor.py:914} INFO - Processing file /home/airflow/.local/lib/python3.12/site-packages/airflow/example_dags/example_external_task_marker_dag.py for tasks to queue
[2025-06-27T07:40:59.774+0000] {logging_mixin.py:190} INFO - [2025-06-27T07:40:59.773+0000] {dagbag.py:588} INFO - Filling up the DagBag from /home/airflow/.local/lib/python3.12/site-packages/airflow/example_dags/example_external_task_marker_dag.py
[2025-06-27T07:40:59.820+0000] {processor.py:925} INFO - DAG(s) 'example_external_task_marker_child', 'example_external_task_marker_parent' retrieved from /home/airflow/.local/lib/python3.12/site-packages/airflow/example_dags/example_external_task_marker_dag.py
[2025-06-27T07:40:59.937+0000] {logging_mixin.py:190} INFO - [2025-06-27T07:40:59.933+0000] {dag.py:3239} INFO - Sync 2 DAGs
[2025-06-27T07:41:00.021+0000] {logging_mixin.py:190} INFO - [2025-06-27T07:41:00.020+0000] {dag.py:4180} INFO - Setting next_dagrun for example_external_task_marker_child to None, run_after=None
[2025-06-27T07:41:00.037+0000] {logging_mixin.py:190} INFO - [2025-06-27T07:41:00.036+0000] {dag.py:4180} INFO - Setting next_dagrun for example_external_task_marker_parent to None, run_after=None
[2025-06-27T07:41:00.101+0000] {processor.py:208} INFO - Processing /home/airflow/.local/lib/python3.12/site-packages/airflow/example_dags/example_external_task_marker_dag.py took 0.392 seconds
[2025-06-27T07:41:39.348+0000] {processor.py:186} INFO - Started process (PID=638) to work on /home/airflow/.local/lib/python3.12/site-packages/airflow/example_dags/example_external_task_marker_dag.py
[2025-06-27T07:41:39.351+0000] {processor.py:914} INFO - Processing file /home/airflow/.local/lib/python3.12/site-packages/airflow/example_dags/example_external_task_marker_dag.py for tasks to queue
[2025-06-27T07:41:39.357+0000] {logging_mixin.py:190} INFO - [2025-06-27T07:41:39.356+0000] {dagbag.py:588} INFO - Filling up the DagBag from /home/airflow/.local/lib/python3.12/site-packages/airflow/example_dags/example_external_task_marker_dag.py
[2025-06-27T07:41:39.378+0000] {processor.py:925} INFO - DAG(s) 'example_external_task_marker_child', 'example_external_task_marker_parent' retrieved from /home/airflow/.local/lib/python3.12/site-packages/airflow/example_dags/example_external_task_marker_dag.py
[2025-06-27T07:41:39.461+0000] {logging_mixin.py:190} INFO - [2025-06-27T07:41:39.460+0000] {dag.py:3239} INFO - Sync 2 DAGs
[2025-06-27T07:41:39.510+0000] {logging_mixin.py:190} INFO - [2025-06-27T07:41:39.509+0000] {dag.py:4180} INFO - Setting next_dagrun for example_external_task_marker_child to None, run_after=None
[2025-06-27T07:41:39.522+0000] {logging_mixin.py:190} INFO - [2025-06-27T07:41:39.522+0000] {dag.py:4180} INFO - Setting next_dagrun for example_external_task_marker_parent to None, run_after=None
[2025-06-27T07:41:39.572+0000] {processor.py:208} INFO - Processing /home/airflow/.local/lib/python3.12/site-packages/airflow/example_dags/example_external_task_marker_dag.py took 0.237 seconds
[2025-06-27T07:42:24.498+0000] {processor.py:186} INFO - Started process (PID=696) to work on /home/airflow/.local/lib/python3.12/site-packages/airflow/example_dags/example_external_task_marker_dag.py
[2025-06-27T07:42:24.534+0000] {processor.py:914} INFO - Processing file /home/airflow/.local/lib/python3.12/site-packages/airflow/example_dags/example_external_task_marker_dag.py for tasks to queue
[2025-06-27T07:42:24.614+0000] {logging_mixin.py:190} INFO - [2025-06-27T07:42:24.607+0000] {dagbag.py:588} INFO - Filling up the DagBag from /home/airflow/.local/lib/python3.12/site-packages/airflow/example_dags/example_external_task_marker_dag.py
[2025-06-27T07:42:24.731+0000] {processor.py:925} INFO - DAG(s) 'example_external_task_marker_child', 'example_external_task_marker_parent' retrieved from /home/airflow/.local/lib/python3.12/site-packages/airflow/example_dags/example_external_task_marker_dag.py
[2025-06-27T07:42:25.222+0000] {logging_mixin.py:190} INFO - [2025-06-27T07:42:25.221+0000] {dag.py:3239} INFO - Sync 2 DAGs
[2025-06-27T07:42:25.777+0000] {logging_mixin.py:190} INFO - [2025-06-27T07:42:25.769+0000] {dag.py:4180} INFO - Setting next_dagrun for example_external_task_marker_child to None, run_after=None
[2025-06-27T07:42:25.821+0000] {logging_mixin.py:190} INFO - [2025-06-27T07:42:25.821+0000] {dag.py:4180} INFO - Setting next_dagrun for example_external_task_marker_parent to None, run_after=None
[2025-06-27T07:42:26.005+0000] {processor.py:208} INFO - Processing /home/airflow/.local/lib/python3.12/site-packages/airflow/example_dags/example_external_task_marker_dag.py took 1.570 seconds
[2025-06-27T07:42:57.117+0000] {processor.py:186} INFO - Started process (PID=759) to work on /home/airflow/.local/lib/python3.12/site-packages/airflow/example_dags/example_external_task_marker_dag.py
[2025-06-27T07:42:57.120+0000] {processor.py:914} INFO - Processing file /home/airflow/.local/lib/python3.12/site-packages/airflow/example_dags/example_external_task_marker_dag.py for tasks to queue
[2025-06-27T07:42:57.129+0000] {logging_mixin.py:190} INFO - [2025-06-27T07:42:57.127+0000] {dagbag.py:588} INFO - Filling up the DagBag from /home/airflow/.local/lib/python3.12/site-packages/airflow/example_dags/example_external_task_marker_dag.py
[2025-06-27T07:42:57.154+0000] {processor.py:925} INFO - DAG(s) 'example_external_task_marker_parent', 'example_external_task_marker_child' retrieved from /home/airflow/.local/lib/python3.12/site-packages/airflow/example_dags/example_external_task_marker_dag.py
[2025-06-27T07:42:57.226+0000] {logging_mixin.py:190} INFO - [2025-06-27T07:42:57.226+0000] {dag.py:3239} INFO - Sync 2 DAGs
[2025-06-27T07:42:57.267+0000] {logging_mixin.py:190} INFO - [2025-06-27T07:42:57.266+0000] {dag.py:4180} INFO - Setting next_dagrun for example_external_task_marker_child to None, run_after=None
[2025-06-27T07:42:57.278+0000] {logging_mixin.py:190} INFO - [2025-06-27T07:42:57.277+0000] {dag.py:4180} INFO - Setting next_dagrun for example_external_task_marker_parent to None, run_after=None
[2025-06-27T07:42:57.328+0000] {processor.py:208} INFO - Processing /home/airflow/.local/lib/python3.12/site-packages/airflow/example_dags/example_external_task_marker_dag.py took 0.232 seconds
[2025-06-27T07:43:31.113+0000] {processor.py:186} INFO - Started process (PID=816) to work on /home/airflow/.local/lib/python3.12/site-packages/airflow/example_dags/example_external_task_marker_dag.py
[2025-06-27T07:43:31.129+0000] {processor.py:914} INFO - Processing file /home/airflow/.local/lib/python3.12/site-packages/airflow/example_dags/example_external_task_marker_dag.py for tasks to queue
[2025-06-27T07:43:31.144+0000] {logging_mixin.py:190} INFO - [2025-06-27T07:43:31.141+0000] {dagbag.py:588} INFO - Filling up the DagBag from /home/airflow/.local/lib/python3.12/site-packages/airflow/example_dags/example_external_task_marker_dag.py
[2025-06-27T07:43:31.227+0000] {processor.py:925} INFO - DAG(s) 'example_external_task_marker_child', 'example_external_task_marker_parent' retrieved from /home/airflow/.local/lib/python3.12/site-packages/airflow/example_dags/example_external_task_marker_dag.py
[2025-06-27T07:43:31.407+0000] {logging_mixin.py:190} INFO - [2025-06-27T07:43:31.403+0000] {dag.py:3239} INFO - Sync 2 DAGs
[2025-06-27T07:43:31.492+0000] {logging_mixin.py:190} INFO - [2025-06-27T07:43:31.492+0000] {dag.py:4180} INFO - Setting next_dagrun for example_external_task_marker_child to None, run_after=None
[2025-06-27T07:43:31.513+0000] {logging_mixin.py:190} INFO - [2025-06-27T07:43:31.512+0000] {dag.py:4180} INFO - Setting next_dagrun for example_external_task_marker_parent to None, run_after=None
[2025-06-27T07:43:31.589+0000] {processor.py:208} INFO - Processing /home/airflow/.local/lib/python3.12/site-packages/airflow/example_dags/example_external_task_marker_dag.py took 0.598 seconds
[2025-06-27T07:44:01.889+0000] {processor.py:186} INFO - Started process (PID=879) to work on /home/airflow/.local/lib/python3.12/site-packages/airflow/example_dags/example_external_task_marker_dag.py
[2025-06-27T07:44:01.894+0000] {processor.py:914} INFO - Processing file /home/airflow/.local/lib/python3.12/site-packages/airflow/example_dags/example_external_task_marker_dag.py for tasks to queue
[2025-06-27T07:44:01.902+0000] {logging_mixin.py:190} INFO - [2025-06-27T07:44:01.901+0000] {dagbag.py:588} INFO - Filling up the DagBag from /home/airflow/.local/lib/python3.12/site-packages/airflow/example_dags/example_external_task_marker_dag.py
[2025-06-27T07:44:01.926+0000] {processor.py:925} INFO - DAG(s) 'example_external_task_marker_child', 'example_external_task_marker_parent' retrieved from /home/airflow/.local/lib/python3.12/site-packages/airflow/example_dags/example_external_task_marker_dag.py
[2025-06-27T07:44:02.005+0000] {logging_mixin.py:190} INFO - [2025-06-27T07:44:02.004+0000] {dag.py:3239} INFO - Sync 2 DAGs
[2025-06-27T07:44:02.066+0000] {logging_mixin.py:190} INFO - [2025-06-27T07:44:02.065+0000] {dag.py:4180} INFO - Setting next_dagrun for example_external_task_marker_child to None, run_after=None
[2025-06-27T07:44:02.079+0000] {logging_mixin.py:190} INFO - [2025-06-27T07:44:02.079+0000] {dag.py:4180} INFO - Setting next_dagrun for example_external_task_marker_parent to None, run_after=None
[2025-06-27T07:44:02.144+0000] {processor.py:208} INFO - Processing /home/airflow/.local/lib/python3.12/site-packages/airflow/example_dags/example_external_task_marker_dag.py took 0.280 seconds
[2025-06-27T07:44:32.747+0000] {processor.py:186} INFO - Started process (PID=943) to work on /home/airflow/.local/lib/python3.12/site-packages/airflow/example_dags/example_external_task_marker_dag.py
[2025-06-27T07:44:32.752+0000] {processor.py:914} INFO - Processing file /home/airflow/.local/lib/python3.12/site-packages/airflow/example_dags/example_external_task_marker_dag.py for tasks to queue
[2025-06-27T07:44:32.766+0000] {logging_mixin.py:190} INFO - [2025-06-27T07:44:32.764+0000] {dagbag.py:588} INFO - Filling up the DagBag from /home/airflow/.local/lib/python3.12/site-packages/airflow/example_dags/example_external_task_marker_dag.py
[2025-06-27T07:44:32.812+0000] {processor.py:925} INFO - DAG(s) 'example_external_task_marker_parent', 'example_external_task_marker_child' retrieved from /home/airflow/.local/lib/python3.12/site-packages/airflow/example_dags/example_external_task_marker_dag.py
[2025-06-27T07:44:32.909+0000] {logging_mixin.py:190} INFO - [2025-06-27T07:44:32.908+0000] {dag.py:3239} INFO - Sync 2 DAGs
[2025-06-27T07:44:32.969+0000] {logging_mixin.py:190} INFO - [2025-06-27T07:44:32.968+0000] {dag.py:4180} INFO - Setting next_dagrun for example_external_task_marker_child to None, run_after=None
[2025-06-27T07:44:32.982+0000] {logging_mixin.py:190} INFO - [2025-06-27T07:44:32.981+0000] {dag.py:4180} INFO - Setting next_dagrun for example_external_task_marker_parent to None, run_after=None
[2025-06-27T07:44:33.035+0000] {processor.py:208} INFO - Processing /home/airflow/.local/lib/python3.12/site-packages/airflow/example_dags/example_external_task_marker_dag.py took 0.322 seconds
[2025-06-27T07:45:03.291+0000] {processor.py:186} INFO - Started process (PID=1007) to work on /home/airflow/.local/lib/python3.12/site-packages/airflow/example_dags/example_external_task_marker_dag.py
[2025-06-27T07:45:03.294+0000] {processor.py:914} INFO - Processing file /home/airflow/.local/lib/python3.12/site-packages/airflow/example_dags/example_external_task_marker_dag.py for tasks to queue
[2025-06-27T07:45:03.299+0000] {logging_mixin.py:190} INFO - [2025-06-27T07:45:03.298+0000] {dagbag.py:588} INFO - Filling up the DagBag from /home/airflow/.local/lib/python3.12/site-packages/airflow/example_dags/example_external_task_marker_dag.py
[2025-06-27T07:45:03.315+0000] {processor.py:925} INFO - DAG(s) 'example_external_task_marker_child', 'example_external_task_marker_parent' retrieved from /home/airflow/.local/lib/python3.12/site-packages/airflow/example_dags/example_external_task_marker_dag.py
[2025-06-27T07:45:03.362+0000] {logging_mixin.py:190} INFO - [2025-06-27T07:45:03.361+0000] {dag.py:3239} INFO - Sync 2 DAGs
[2025-06-27T07:45:03.389+0000] {logging_mixin.py:190} INFO - [2025-06-27T07:45:03.389+0000] {dag.py:4180} INFO - Setting next_dagrun for example_external_task_marker_child to None, run_after=None
[2025-06-27T07:45:03.396+0000] {logging_mixin.py:190} INFO - [2025-06-27T07:45:03.395+0000] {dag.py:4180} INFO - Setting next_dagrun for example_external_task_marker_parent to None, run_after=None
[2025-06-27T07:45:03.430+0000] {processor.py:208} INFO - Processing /home/airflow/.local/lib/python3.12/site-packages/airflow/example_dags/example_external_task_marker_dag.py took 0.149 seconds
[2025-06-27T07:45:33.576+0000] {processor.py:186} INFO - Started process (PID=1068) to work on /home/airflow/.local/lib/python3.12/site-packages/airflow/example_dags/example_external_task_marker_dag.py
[2025-06-27T07:45:33.579+0000] {processor.py:914} INFO - Processing file /home/airflow/.local/lib/python3.12/site-packages/airflow/example_dags/example_external_task_marker_dag.py for tasks to queue
[2025-06-27T07:45:33.584+0000] {logging_mixin.py:190} INFO - [2025-06-27T07:45:33.583+0000] {dagbag.py:588} INFO - Filling up the DagBag from /home/airflow/.local/lib/python3.12/site-packages/airflow/example_dags/example_external_task_marker_dag.py
[2025-06-27T07:45:33.599+0000] {processor.py:925} INFO - DAG(s) 'example_external_task_marker_parent', 'example_external_task_marker_child' retrieved from /home/airflow/.local/lib/python3.12/site-packages/airflow/example_dags/example_external_task_marker_dag.py
[2025-06-27T07:45:33.646+0000] {logging_mixin.py:190} INFO - [2025-06-27T07:45:33.646+0000] {dag.py:3239} INFO - Sync 2 DAGs
[2025-06-27T07:45:33.670+0000] {logging_mixin.py:190} INFO - [2025-06-27T07:45:33.670+0000] {dag.py:4180} INFO - Setting next_dagrun for example_external_task_marker_child to None, run_after=None
[2025-06-27T07:45:33.678+0000] {logging_mixin.py:190} INFO - [2025-06-27T07:45:33.678+0000] {dag.py:4180} INFO - Setting next_dagrun for example_external_task_marker_parent to None, run_after=None
[2025-06-27T07:45:33.710+0000] {processor.py:208} INFO - Processing /home/airflow/.local/lib/python3.12/site-packages/airflow/example_dags/example_external_task_marker_dag.py took 0.143 seconds
[2025-06-27T07:46:03.930+0000] {processor.py:186} INFO - Started process (PID=1130) to work on /home/airflow/.local/lib/python3.12/site-packages/airflow/example_dags/example_external_task_marker_dag.py
[2025-06-27T07:46:03.932+0000] {processor.py:914} INFO - Processing file /home/airflow/.local/lib/python3.12/site-packages/airflow/example_dags/example_external_task_marker_dag.py for tasks to queue
[2025-06-27T07:46:03.937+0000] {logging_mixin.py:190} INFO - [2025-06-27T07:46:03.936+0000] {dagbag.py:588} INFO - Filling up the DagBag from /home/airflow/.local/lib/python3.12/site-packages/airflow/example_dags/example_external_task_marker_dag.py
[2025-06-27T07:46:03.953+0000] {processor.py:925} INFO - DAG(s) 'example_external_task_marker_child', 'example_external_task_marker_parent' retrieved from /home/airflow/.local/lib/python3.12/site-packages/airflow/example_dags/example_external_task_marker_dag.py
[2025-06-27T07:46:03.996+0000] {logging_mixin.py:190} INFO - [2025-06-27T07:46:03.995+0000] {dag.py:3239} INFO - Sync 2 DAGs
[2025-06-27T07:46:04.022+0000] {logging_mixin.py:190} INFO - [2025-06-27T07:46:04.022+0000] {dag.py:4180} INFO - Setting next_dagrun for example_external_task_marker_child to None, run_after=None
[2025-06-27T07:46:04.030+0000] {logging_mixin.py:190} INFO - [2025-06-27T07:46:04.030+0000] {dag.py:4180} INFO - Setting next_dagrun for example_external_task_marker_parent to None, run_after=None
[2025-06-27T07:46:04.065+0000] {processor.py:208} INFO - Processing /home/airflow/.local/lib/python3.12/site-packages/airflow/example_dags/example_external_task_marker_dag.py took 0.145 seconds
[2025-06-27T07:46:34.887+0000] {processor.py:186} INFO - Started process (PID=1193) to work on /home/airflow/.local/lib/python3.12/site-packages/airflow/example_dags/example_external_task_marker_dag.py
[2025-06-27T07:46:34.890+0000] {processor.py:914} INFO - Processing file /home/airflow/.local/lib/python3.12/site-packages/airflow/example_dags/example_external_task_marker_dag.py for tasks to queue
[2025-06-27T07:46:34.896+0000] {logging_mixin.py:190} INFO - [2025-06-27T07:46:34.895+0000] {dagbag.py:588} INFO - Filling up the DagBag from /home/airflow/.local/lib/python3.12/site-packages/airflow/example_dags/example_external_task_marker_dag.py
[2025-06-27T07:46:34.919+0000] {processor.py:925} INFO - DAG(s) 'example_external_task_marker_child', 'example_external_task_marker_parent' retrieved from /home/airflow/.local/lib/python3.12/site-packages/airflow/example_dags/example_external_task_marker_dag.py
[2025-06-27T07:46:34.993+0000] {logging_mixin.py:190} INFO - [2025-06-27T07:46:34.992+0000] {dag.py:3239} INFO - Sync 2 DAGs
[2025-06-27T07:46:35.029+0000] {logging_mixin.py:190} INFO - [2025-06-27T07:46:35.029+0000] {dag.py:4180} INFO - Setting next_dagrun for example_external_task_marker_child to None, run_after=None
[2025-06-27T07:46:35.038+0000] {logging_mixin.py:190} INFO - [2025-06-27T07:46:35.037+0000] {dag.py:4180} INFO - Setting next_dagrun for example_external_task_marker_parent to None, run_after=None
[2025-06-27T07:46:35.074+0000] {processor.py:208} INFO - Processing /home/airflow/.local/lib/python3.12/site-packages/airflow/example_dags/example_external_task_marker_dag.py took 0.203 seconds
[2025-06-27T07:47:05.359+0000] {processor.py:186} INFO - Started process (PID=1254) to work on /home/airflow/.local/lib/python3.12/site-packages/airflow/example_dags/example_external_task_marker_dag.py
[2025-06-27T07:47:05.361+0000] {processor.py:914} INFO - Processing file /home/airflow/.local/lib/python3.12/site-packages/airflow/example_dags/example_external_task_marker_dag.py for tasks to queue
[2025-06-27T07:47:05.365+0000] {logging_mixin.py:190} INFO - [2025-06-27T07:47:05.365+0000] {dagbag.py:588} INFO - Filling up the DagBag from /home/airflow/.local/lib/python3.12/site-packages/airflow/example_dags/example_external_task_marker_dag.py
[2025-06-27T07:47:05.381+0000] {processor.py:925} INFO - DAG(s) 'example_external_task_marker_child', 'example_external_task_marker_parent' retrieved from /home/airflow/.local/lib/python3.12/site-packages/airflow/example_dags/example_external_task_marker_dag.py
[2025-06-27T07:47:05.427+0000] {logging_mixin.py:190} INFO - [2025-06-27T07:47:05.427+0000] {dag.py:3239} INFO - Sync 2 DAGs
[2025-06-27T07:47:05.455+0000] {logging_mixin.py:190} INFO - [2025-06-27T07:47:05.454+0000] {dag.py:4180} INFO - Setting next_dagrun for example_external_task_marker_child to None, run_after=None
[2025-06-27T07:47:05.461+0000] {logging_mixin.py:190} INFO - [2025-06-27T07:47:05.461+0000] {dag.py:4180} INFO - Setting next_dagrun for example_external_task_marker_parent to None, run_after=None
[2025-06-27T07:47:05.496+0000] {processor.py:208} INFO - Processing /home/airflow/.local/lib/python3.12/site-packages/airflow/example_dags/example_external_task_marker_dag.py took 0.148 seconds
[2025-06-27T07:47:36.583+0000] {processor.py:186} INFO - Started process (PID=1317) to work on /home/airflow/.local/lib/python3.12/site-packages/airflow/example_dags/example_external_task_marker_dag.py
[2025-06-27T07:47:36.586+0000] {processor.py:914} INFO - Processing file /home/airflow/.local/lib/python3.12/site-packages/airflow/example_dags/example_external_task_marker_dag.py for tasks to queue
[2025-06-27T07:47:36.615+0000] {logging_mixin.py:190} INFO - [2025-06-27T07:47:36.609+0000] {dagbag.py:588} INFO - Filling up the DagBag from /home/airflow/.local/lib/python3.12/site-packages/airflow/example_dags/example_external_task_marker_dag.py
[2025-06-27T07:47:36.645+0000] {processor.py:925} INFO - DAG(s) 'example_external_task_marker_child', 'example_external_task_marker_parent' retrieved from /home/airflow/.local/lib/python3.12/site-packages/airflow/example_dags/example_external_task_marker_dag.py
[2025-06-27T07:47:36.739+0000] {logging_mixin.py:190} INFO - [2025-06-27T07:47:36.739+0000] {dag.py:3239} INFO - Sync 2 DAGs
[2025-06-27T07:47:36.788+0000] {logging_mixin.py:190} INFO - [2025-06-27T07:47:36.787+0000] {dag.py:4180} INFO - Setting next_dagrun for example_external_task_marker_child to None, run_after=None
[2025-06-27T07:47:36.801+0000] {logging_mixin.py:190} INFO - [2025-06-27T07:47:36.801+0000] {dag.py:4180} INFO - Setting next_dagrun for example_external_task_marker_parent to None, run_after=None
[2025-06-27T07:47:36.880+0000] {processor.py:208} INFO - Processing /home/airflow/.local/lib/python3.12/site-packages/airflow/example_dags/example_external_task_marker_dag.py took 0.312 seconds
[2025-06-27T07:48:07.554+0000] {processor.py:186} INFO - Started process (PID=1380) to work on /home/airflow/.local/lib/python3.12/site-packages/airflow/example_dags/example_external_task_marker_dag.py
[2025-06-27T07:48:07.555+0000] {processor.py:914} INFO - Processing file /home/airflow/.local/lib/python3.12/site-packages/airflow/example_dags/example_external_task_marker_dag.py for tasks to queue
[2025-06-27T07:48:07.560+0000] {logging_mixin.py:190} INFO - [2025-06-27T07:48:07.559+0000] {dagbag.py:588} INFO - Filling up the DagBag from /home/airflow/.local/lib/python3.12/site-packages/airflow/example_dags/example_external_task_marker_dag.py
[2025-06-27T07:48:07.573+0000] {processor.py:925} INFO - DAG(s) 'example_external_task_marker_child', 'example_external_task_marker_parent' retrieved from /home/airflow/.local/lib/python3.12/site-packages/airflow/example_dags/example_external_task_marker_dag.py
[2025-06-27T07:48:07.624+0000] {logging_mixin.py:190} INFO - [2025-06-27T07:48:07.623+0000] {dag.py:3239} INFO - Sync 2 DAGs
[2025-06-27T07:48:07.653+0000] {logging_mixin.py:190} INFO - [2025-06-27T07:48:07.653+0000] {dag.py:4180} INFO - Setting next_dagrun for example_external_task_marker_child to None, run_after=None
[2025-06-27T07:48:07.660+0000] {logging_mixin.py:190} INFO - [2025-06-27T07:48:07.659+0000] {dag.py:4180} INFO - Setting next_dagrun for example_external_task_marker_parent to None, run_after=None
[2025-06-27T07:48:07.692+0000] {processor.py:208} INFO - Processing /home/airflow/.local/lib/python3.12/site-packages/airflow/example_dags/example_external_task_marker_dag.py took 0.151 seconds
[2025-06-27T07:48:38.657+0000] {processor.py:186} INFO - Started process (PID=1449) to work on /home/airflow/.local/lib/python3.12/site-packages/airflow/example_dags/example_external_task_marker_dag.py
[2025-06-27T07:48:38.660+0000] {processor.py:914} INFO - Processing file /home/airflow/.local/lib/python3.12/site-packages/airflow/example_dags/example_external_task_marker_dag.py for tasks to queue
[2025-06-27T07:48:38.669+0000] {logging_mixin.py:190} INFO - [2025-06-27T07:48:38.668+0000] {dagbag.py:588} INFO - Filling up the DagBag from /home/airflow/.local/lib/python3.12/site-packages/airflow/example_dags/example_external_task_marker_dag.py
[2025-06-27T07:48:38.693+0000] {processor.py:925} INFO - DAG(s) 'example_external_task_marker_child', 'example_external_task_marker_parent' retrieved from /home/airflow/.local/lib/python3.12/site-packages/airflow/example_dags/example_external_task_marker_dag.py
[2025-06-27T07:48:38.781+0000] {logging_mixin.py:190} INFO - [2025-06-27T07:48:38.780+0000] {dag.py:3239} INFO - Sync 2 DAGs
[2025-06-27T07:48:38.843+0000] {logging_mixin.py:190} INFO - [2025-06-27T07:48:38.843+0000] {dag.py:4180} INFO - Setting next_dagrun for example_external_task_marker_child to None, run_after=None
[2025-06-27T07:48:38.854+0000] {logging_mixin.py:190} INFO - [2025-06-27T07:48:38.853+0000] {dag.py:4180} INFO - Setting next_dagrun for example_external_task_marker_parent to None, run_after=None
[2025-06-27T07:48:38.891+0000] {processor.py:208} INFO - Processing /home/airflow/.local/lib/python3.12/site-packages/airflow/example_dags/example_external_task_marker_dag.py took 0.256 seconds
[2025-06-27T07:49:09.638+0000] {processor.py:186} INFO - Started process (PID=1512) to work on /home/airflow/.local/lib/python3.12/site-packages/airflow/example_dags/example_external_task_marker_dag.py
[2025-06-27T07:49:09.645+0000] {processor.py:914} INFO - Processing file /home/airflow/.local/lib/python3.12/site-packages/airflow/example_dags/example_external_task_marker_dag.py for tasks to queue
[2025-06-27T07:49:09.657+0000] {logging_mixin.py:190} INFO - [2025-06-27T07:49:09.655+0000] {dagbag.py:588} INFO - Filling up the DagBag from /home/airflow/.local/lib/python3.12/site-packages/airflow/example_dags/example_external_task_marker_dag.py
[2025-06-27T07:49:09.692+0000] {processor.py:925} INFO - DAG(s) 'example_external_task_marker_child', 'example_external_task_marker_parent' retrieved from /home/airflow/.local/lib/python3.12/site-packages/airflow/example_dags/example_external_task_marker_dag.py
[2025-06-27T07:49:09.803+0000] {logging_mixin.py:190} INFO - [2025-06-27T07:49:09.802+0000] {dag.py:3239} INFO - Sync 2 DAGs
[2025-06-27T07:49:09.923+0000] {logging_mixin.py:190} INFO - [2025-06-27T07:49:09.920+0000] {dag.py:4180} INFO - Setting next_dagrun for example_external_task_marker_child to None, run_after=None
[2025-06-27T07:49:09.937+0000] {logging_mixin.py:190} INFO - [2025-06-27T07:49:09.937+0000] {dag.py:4180} INFO - Setting next_dagrun for example_external_task_marker_parent to None, run_after=None
[2025-06-27T07:49:09.998+0000] {processor.py:208} INFO - Processing /home/airflow/.local/lib/python3.12/site-packages/airflow/example_dags/example_external_task_marker_dag.py took 0.395 seconds
[2025-06-27T07:52:00.380+0000] {processor.py:186} INFO - Started process (PID=79) to work on /home/airflow/.local/lib/python3.12/site-packages/airflow/example_dags/example_external_task_marker_dag.py
[2025-06-27T07:52:00.403+0000] {processor.py:914} INFO - Processing file /home/airflow/.local/lib/python3.12/site-packages/airflow/example_dags/example_external_task_marker_dag.py for tasks to queue
[2025-06-27T07:52:00.437+0000] {logging_mixin.py:190} INFO - [2025-06-27T07:52:00.436+0000] {dagbag.py:588} INFO - Filling up the DagBag from /home/airflow/.local/lib/python3.12/site-packages/airflow/example_dags/example_external_task_marker_dag.py
[2025-06-27T07:52:00.543+0000] {processor.py:925} INFO - DAG(s) 'example_external_task_marker_parent', 'example_external_task_marker_child' retrieved from /home/airflow/.local/lib/python3.12/site-packages/airflow/example_dags/example_external_task_marker_dag.py
[2025-06-27T07:52:01.101+0000] {logging_mixin.py:190} INFO - [2025-06-27T07:52:01.100+0000] {dag.py:3239} INFO - Sync 2 DAGs
[2025-06-27T07:52:01.438+0000] {logging_mixin.py:190} INFO - [2025-06-27T07:52:01.436+0000] {dag.py:4180} INFO - Setting next_dagrun for example_external_task_marker_child to None, run_after=None
[2025-06-27T07:52:01.487+0000] {logging_mixin.py:190} INFO - [2025-06-27T07:52:01.486+0000] {dag.py:4180} INFO - Setting next_dagrun for example_external_task_marker_parent to None, run_after=None
[2025-06-27T07:52:01.984+0000] {processor.py:208} INFO - Processing /home/airflow/.local/lib/python3.12/site-packages/airflow/example_dags/example_external_task_marker_dag.py took 1.746 seconds
[2025-06-27T07:52:40.266+0000] {processor.py:186} INFO - Started process (PID=142) to work on /home/airflow/.local/lib/python3.12/site-packages/airflow/example_dags/example_external_task_marker_dag.py
[2025-06-27T07:52:40.361+0000] {processor.py:914} INFO - Processing file /home/airflow/.local/lib/python3.12/site-packages/airflow/example_dags/example_external_task_marker_dag.py for tasks to queue
[2025-06-27T07:52:40.467+0000] {logging_mixin.py:190} INFO - [2025-06-27T07:52:40.460+0000] {dagbag.py:588} INFO - Filling up the DagBag from /home/airflow/.local/lib/python3.12/site-packages/airflow/example_dags/example_external_task_marker_dag.py
[2025-06-27T07:52:40.548+0000] {processor.py:925} INFO - DAG(s) 'example_external_task_marker_child', 'example_external_task_marker_parent' retrieved from /home/airflow/.local/lib/python3.12/site-packages/airflow/example_dags/example_external_task_marker_dag.py
[2025-06-27T07:52:41.259+0000] {logging_mixin.py:190} INFO - [2025-06-27T07:52:41.249+0000] {dag.py:3239} INFO - Sync 2 DAGs
[2025-06-27T07:52:41.902+0000] {logging_mixin.py:190} INFO - [2025-06-27T07:52:41.901+0000] {dag.py:4180} INFO - Setting next_dagrun for example_external_task_marker_child to None, run_after=None
[2025-06-27T07:52:41.959+0000] {logging_mixin.py:190} INFO - [2025-06-27T07:52:41.957+0000] {dag.py:4180} INFO - Setting next_dagrun for example_external_task_marker_parent to None, run_after=None
[2025-06-27T07:52:42.144+0000] {processor.py:208} INFO - Processing /home/airflow/.local/lib/python3.12/site-packages/airflow/example_dags/example_external_task_marker_dag.py took 1.931 seconds
[2025-06-27T07:53:12.671+0000] {processor.py:186} INFO - Started process (PID=211) to work on /home/airflow/.local/lib/python3.12/site-packages/airflow/example_dags/example_external_task_marker_dag.py
[2025-06-27T07:53:12.673+0000] {processor.py:914} INFO - Processing file /home/airflow/.local/lib/python3.12/site-packages/airflow/example_dags/example_external_task_marker_dag.py for tasks to queue
[2025-06-27T07:53:12.679+0000] {logging_mixin.py:190} INFO - [2025-06-27T07:53:12.678+0000] {dagbag.py:588} INFO - Filling up the DagBag from /home/airflow/.local/lib/python3.12/site-packages/airflow/example_dags/example_external_task_marker_dag.py
[2025-06-27T07:53:12.697+0000] {processor.py:925} INFO - DAG(s) 'example_external_task_marker_child', 'example_external_task_marker_parent' retrieved from /home/airflow/.local/lib/python3.12/site-packages/airflow/example_dags/example_external_task_marker_dag.py
[2025-06-27T07:53:12.752+0000] {logging_mixin.py:190} INFO - [2025-06-27T07:53:12.752+0000] {dag.py:3239} INFO - Sync 2 DAGs
[2025-06-27T07:53:12.786+0000] {logging_mixin.py:190} INFO - [2025-06-27T07:53:12.786+0000] {dag.py:4180} INFO - Setting next_dagrun for example_external_task_marker_child to None, run_after=None
[2025-06-27T07:53:12.796+0000] {logging_mixin.py:190} INFO - [2025-06-27T07:53:12.795+0000] {dag.py:4180} INFO - Setting next_dagrun for example_external_task_marker_parent to None, run_after=None
[2025-06-27T07:53:12.837+0000] {processor.py:208} INFO - Processing /home/airflow/.local/lib/python3.12/site-packages/airflow/example_dags/example_external_task_marker_dag.py took 0.179 seconds
[2025-06-27T07:53:43.620+0000] {processor.py:186} INFO - Started process (PID=275) to work on /home/airflow/.local/lib/python3.12/site-packages/airflow/example_dags/example_external_task_marker_dag.py
[2025-06-27T07:53:43.625+0000] {processor.py:914} INFO - Processing file /home/airflow/.local/lib/python3.12/site-packages/airflow/example_dags/example_external_task_marker_dag.py for tasks to queue
[2025-06-27T07:53:43.637+0000] {logging_mixin.py:190} INFO - [2025-06-27T07:53:43.636+0000] {dagbag.py:588} INFO - Filling up the DagBag from /home/airflow/.local/lib/python3.12/site-packages/airflow/example_dags/example_external_task_marker_dag.py
[2025-06-27T07:53:43.674+0000] {processor.py:925} INFO - DAG(s) 'example_external_task_marker_parent', 'example_external_task_marker_child' retrieved from /home/airflow/.local/lib/python3.12/site-packages/airflow/example_dags/example_external_task_marker_dag.py
[2025-06-27T07:53:43.816+0000] {logging_mixin.py:190} INFO - [2025-06-27T07:53:43.815+0000] {dag.py:3239} INFO - Sync 2 DAGs
[2025-06-27T07:53:43.925+0000] {logging_mixin.py:190} INFO - [2025-06-27T07:53:43.924+0000] {dag.py:4180} INFO - Setting next_dagrun for example_external_task_marker_child to None, run_after=None
[2025-06-27T07:53:43.946+0000] {logging_mixin.py:190} INFO - [2025-06-27T07:53:43.945+0000] {dag.py:4180} INFO - Setting next_dagrun for example_external_task_marker_parent to None, run_after=None
[2025-06-27T07:53:44.025+0000] {processor.py:208} INFO - Processing /home/airflow/.local/lib/python3.12/site-packages/airflow/example_dags/example_external_task_marker_dag.py took 0.440 seconds
[2025-06-27T07:54:14.678+0000] {processor.py:186} INFO - Started process (PID=338) to work on /home/airflow/.local/lib/python3.12/site-packages/airflow/example_dags/example_external_task_marker_dag.py
[2025-06-27T07:54:14.681+0000] {processor.py:914} INFO - Processing file /home/airflow/.local/lib/python3.12/site-packages/airflow/example_dags/example_external_task_marker_dag.py for tasks to queue
[2025-06-27T07:54:14.691+0000] {logging_mixin.py:190} INFO - [2025-06-27T07:54:14.690+0000] {dagbag.py:588} INFO - Filling up the DagBag from /home/airflow/.local/lib/python3.12/site-packages/airflow/example_dags/example_external_task_marker_dag.py
[2025-06-27T07:54:14.715+0000] {processor.py:925} INFO - DAG(s) 'example_external_task_marker_child', 'example_external_task_marker_parent' retrieved from /home/airflow/.local/lib/python3.12/site-packages/airflow/example_dags/example_external_task_marker_dag.py
[2025-06-27T07:54:14.794+0000] {logging_mixin.py:190} INFO - [2025-06-27T07:54:14.792+0000] {dag.py:3239} INFO - Sync 2 DAGs
[2025-06-27T07:54:14.855+0000] {logging_mixin.py:190} INFO - [2025-06-27T07:54:14.854+0000] {dag.py:4180} INFO - Setting next_dagrun for example_external_task_marker_child to None, run_after=None
[2025-06-27T07:54:14.873+0000] {logging_mixin.py:190} INFO - [2025-06-27T07:54:14.872+0000] {dag.py:4180} INFO - Setting next_dagrun for example_external_task_marker_parent to None, run_after=None
[2025-06-27T07:54:14.930+0000] {processor.py:208} INFO - Processing /home/airflow/.local/lib/python3.12/site-packages/airflow/example_dags/example_external_task_marker_dag.py took 0.266 seconds
[2025-06-27T07:54:45.249+0000] {processor.py:186} INFO - Started process (PID=401) to work on /home/airflow/.local/lib/python3.12/site-packages/airflow/example_dags/example_external_task_marker_dag.py
[2025-06-27T07:54:45.251+0000] {processor.py:914} INFO - Processing file /home/airflow/.local/lib/python3.12/site-packages/airflow/example_dags/example_external_task_marker_dag.py for tasks to queue
[2025-06-27T07:54:45.257+0000] {logging_mixin.py:190} INFO - [2025-06-27T07:54:45.256+0000] {dagbag.py:588} INFO - Filling up the DagBag from /home/airflow/.local/lib/python3.12/site-packages/airflow/example_dags/example_external_task_marker_dag.py
[2025-06-27T07:54:45.275+0000] {processor.py:925} INFO - DAG(s) 'example_external_task_marker_parent', 'example_external_task_marker_child' retrieved from /home/airflow/.local/lib/python3.12/site-packages/airflow/example_dags/example_external_task_marker_dag.py
[2025-06-27T07:54:45.317+0000] {logging_mixin.py:190} INFO - [2025-06-27T07:54:45.317+0000] {dag.py:3239} INFO - Sync 2 DAGs
[2025-06-27T07:54:45.342+0000] {logging_mixin.py:190} INFO - [2025-06-27T07:54:45.342+0000] {dag.py:4180} INFO - Setting next_dagrun for example_external_task_marker_child to None, run_after=None
[2025-06-27T07:54:45.348+0000] {logging_mixin.py:190} INFO - [2025-06-27T07:54:45.348+0000] {dag.py:4180} INFO - Setting next_dagrun for example_external_task_marker_parent to None, run_after=None
[2025-06-27T07:54:45.379+0000] {processor.py:208} INFO - Processing /home/airflow/.local/lib/python3.12/site-packages/airflow/example_dags/example_external_task_marker_dag.py took 0.141 seconds
[2025-06-27T07:59:27.265+0000] {processor.py:186} INFO - Started process (PID=72) to work on /home/airflow/.local/lib/python3.12/site-packages/airflow/example_dags/example_external_task_marker_dag.py
[2025-06-27T07:59:27.269+0000] {processor.py:914} INFO - Processing file /home/airflow/.local/lib/python3.12/site-packages/airflow/example_dags/example_external_task_marker_dag.py for tasks to queue
[2025-06-27T07:59:27.294+0000] {logging_mixin.py:190} INFO - [2025-06-27T07:59:27.292+0000] {dagbag.py:588} INFO - Filling up the DagBag from /home/airflow/.local/lib/python3.12/site-packages/airflow/example_dags/example_external_task_marker_dag.py
[2025-06-27T07:59:27.355+0000] {processor.py:925} INFO - DAG(s) 'example_external_task_marker_parent', 'example_external_task_marker_child' retrieved from /home/airflow/.local/lib/python3.12/site-packages/airflow/example_dags/example_external_task_marker_dag.py
[2025-06-27T07:59:27.556+0000] {logging_mixin.py:190} INFO - [2025-06-27T07:59:27.556+0000] {dag.py:3239} INFO - Sync 2 DAGs
[2025-06-27T07:59:27.657+0000] {logging_mixin.py:190} INFO - [2025-06-27T07:59:27.656+0000] {dag.py:4180} INFO - Setting next_dagrun for example_external_task_marker_child to None, run_after=None
[2025-06-27T07:59:27.695+0000] {logging_mixin.py:190} INFO - [2025-06-27T07:59:27.695+0000] {dag.py:4180} INFO - Setting next_dagrun for example_external_task_marker_parent to None, run_after=None
[2025-06-27T07:59:27.796+0000] {processor.py:208} INFO - Processing /home/airflow/.local/lib/python3.12/site-packages/airflow/example_dags/example_external_task_marker_dag.py took 0.621 seconds
[2025-06-27T08:00:05.167+0000] {processor.py:186} INFO - Started process (PID=134) to work on /home/airflow/.local/lib/python3.12/site-packages/airflow/example_dags/example_external_task_marker_dag.py
[2025-06-27T08:00:05.202+0000] {processor.py:914} INFO - Processing file /home/airflow/.local/lib/python3.12/site-packages/airflow/example_dags/example_external_task_marker_dag.py for tasks to queue
[2025-06-27T08:00:05.225+0000] {logging_mixin.py:190} INFO - [2025-06-27T08:00:05.222+0000] {dagbag.py:588} INFO - Filling up the DagBag from /home/airflow/.local/lib/python3.12/site-packages/airflow/example_dags/example_external_task_marker_dag.py
[2025-06-27T08:00:05.323+0000] {processor.py:925} INFO - DAG(s) 'example_external_task_marker_parent', 'example_external_task_marker_child' retrieved from /home/airflow/.local/lib/python3.12/site-packages/airflow/example_dags/example_external_task_marker_dag.py
[2025-06-27T08:00:05.638+0000] {logging_mixin.py:190} INFO - [2025-06-27T08:00:05.637+0000] {dag.py:3239} INFO - Sync 2 DAGs
[2025-06-27T08:00:05.813+0000] {logging_mixin.py:190} INFO - [2025-06-27T08:00:05.812+0000] {dag.py:4180} INFO - Setting next_dagrun for example_external_task_marker_child to None, run_after=None
[2025-06-27T08:00:05.853+0000] {logging_mixin.py:190} INFO - [2025-06-27T08:00:05.852+0000] {dag.py:4180} INFO - Setting next_dagrun for example_external_task_marker_parent to None, run_after=None
[2025-06-27T08:00:06.031+0000] {processor.py:208} INFO - Processing /home/airflow/.local/lib/python3.12/site-packages/airflow/example_dags/example_external_task_marker_dag.py took 0.949 seconds
[2025-06-27T08:00:59.949+0000] {processor.py:186} INFO - Started process (PID=180) to work on /home/airflow/.local/lib/python3.12/site-packages/airflow/example_dags/example_external_task_marker_dag.py
[2025-06-27T08:00:59.958+0000] {processor.py:914} INFO - Processing file /home/airflow/.local/lib/python3.12/site-packages/airflow/example_dags/example_external_task_marker_dag.py for tasks to queue
[2025-06-27T08:00:59.969+0000] {logging_mixin.py:190} INFO - [2025-06-27T08:00:59.968+0000] {dagbag.py:588} INFO - Filling up the DagBag from /home/airflow/.local/lib/python3.12/site-packages/airflow/example_dags/example_external_task_marker_dag.py
[2025-06-27T08:01:00.004+0000] {processor.py:925} INFO - DAG(s) 'example_external_task_marker_child', 'example_external_task_marker_parent' retrieved from /home/airflow/.local/lib/python3.12/site-packages/airflow/example_dags/example_external_task_marker_dag.py
[2025-06-27T08:01:00.144+0000] {logging_mixin.py:190} INFO - [2025-06-27T08:01:00.143+0000] {dag.py:3239} INFO - Sync 2 DAGs
[2025-06-27T08:01:00.233+0000] {logging_mixin.py:190} INFO - [2025-06-27T08:01:00.228+0000] {dag.py:4180} INFO - Setting next_dagrun for example_external_task_marker_child to None, run_after=None
[2025-06-27T08:01:00.260+0000] {logging_mixin.py:190} INFO - [2025-06-27T08:01:00.259+0000] {dag.py:4180} INFO - Setting next_dagrun for example_external_task_marker_parent to None, run_after=None
[2025-06-27T08:01:00.355+0000] {processor.py:208} INFO - Processing /home/airflow/.local/lib/python3.12/site-packages/airflow/example_dags/example_external_task_marker_dag.py took 0.457 seconds
[2025-06-27T08:01:31.330+0000] {processor.py:186} INFO - Started process (PID=242) to work on /home/airflow/.local/lib/python3.12/site-packages/airflow/example_dags/example_external_task_marker_dag.py
[2025-06-27T08:01:31.334+0000] {processor.py:914} INFO - Processing file /home/airflow/.local/lib/python3.12/site-packages/airflow/example_dags/example_external_task_marker_dag.py for tasks to queue
[2025-06-27T08:01:31.345+0000] {logging_mixin.py:190} INFO - [2025-06-27T08:01:31.344+0000] {dagbag.py:588} INFO - Filling up the DagBag from /home/airflow/.local/lib/python3.12/site-packages/airflow/example_dags/example_external_task_marker_dag.py
[2025-06-27T08:01:31.372+0000] {processor.py:925} INFO - DAG(s) 'example_external_task_marker_child', 'example_external_task_marker_parent' retrieved from /home/airflow/.local/lib/python3.12/site-packages/airflow/example_dags/example_external_task_marker_dag.py
[2025-06-27T08:01:31.454+0000] {logging_mixin.py:190} INFO - [2025-06-27T08:01:31.454+0000] {dag.py:3239} INFO - Sync 2 DAGs
[2025-06-27T08:01:31.526+0000] {logging_mixin.py:190} INFO - [2025-06-27T08:01:31.525+0000] {dag.py:4180} INFO - Setting next_dagrun for example_external_task_marker_child to None, run_after=None
[2025-06-27T08:01:31.540+0000] {logging_mixin.py:190} INFO - [2025-06-27T08:01:31.539+0000] {dag.py:4180} INFO - Setting next_dagrun for example_external_task_marker_parent to None, run_after=None
[2025-06-27T08:01:31.599+0000] {processor.py:208} INFO - Processing /home/airflow/.local/lib/python3.12/site-packages/airflow/example_dags/example_external_task_marker_dag.py took 0.297 seconds
[2025-06-27T08:02:02.246+0000] {processor.py:186} INFO - Started process (PID=306) to work on /home/airflow/.local/lib/python3.12/site-packages/airflow/example_dags/example_external_task_marker_dag.py
[2025-06-27T08:02:02.248+0000] {processor.py:914} INFO - Processing file /home/airflow/.local/lib/python3.12/site-packages/airflow/example_dags/example_external_task_marker_dag.py for tasks to queue
[2025-06-27T08:02:02.253+0000] {logging_mixin.py:190} INFO - [2025-06-27T08:02:02.252+0000] {dagbag.py:588} INFO - Filling up the DagBag from /home/airflow/.local/lib/python3.12/site-packages/airflow/example_dags/example_external_task_marker_dag.py
[2025-06-27T08:02:02.272+0000] {processor.py:925} INFO - DAG(s) 'example_external_task_marker_child', 'example_external_task_marker_parent' retrieved from /home/airflow/.local/lib/python3.12/site-packages/airflow/example_dags/example_external_task_marker_dag.py
[2025-06-27T08:02:02.323+0000] {logging_mixin.py:190} INFO - [2025-06-27T08:02:02.323+0000] {dag.py:3239} INFO - Sync 2 DAGs
[2025-06-27T08:02:02.355+0000] {logging_mixin.py:190} INFO - [2025-06-27T08:02:02.354+0000] {dag.py:4180} INFO - Setting next_dagrun for example_external_task_marker_child to None, run_after=None
[2025-06-27T08:02:02.362+0000] {logging_mixin.py:190} INFO - [2025-06-27T08:02:02.362+0000] {dag.py:4180} INFO - Setting next_dagrun for example_external_task_marker_parent to None, run_after=None
[2025-06-27T08:02:02.400+0000] {processor.py:208} INFO - Processing /home/airflow/.local/lib/python3.12/site-packages/airflow/example_dags/example_external_task_marker_dag.py took 0.164 seconds
[2025-06-27T08:02:33.476+0000] {processor.py:186} INFO - Started process (PID=368) to work on /home/airflow/.local/lib/python3.12/site-packages/airflow/example_dags/example_external_task_marker_dag.py
[2025-06-27T08:02:33.478+0000] {processor.py:914} INFO - Processing file /home/airflow/.local/lib/python3.12/site-packages/airflow/example_dags/example_external_task_marker_dag.py for tasks to queue
[2025-06-27T08:02:33.483+0000] {logging_mixin.py:190} INFO - [2025-06-27T08:02:33.482+0000] {dagbag.py:588} INFO - Filling up the DagBag from /home/airflow/.local/lib/python3.12/site-packages/airflow/example_dags/example_external_task_marker_dag.py
[2025-06-27T08:02:33.499+0000] {processor.py:925} INFO - DAG(s) 'example_external_task_marker_parent', 'example_external_task_marker_child' retrieved from /home/airflow/.local/lib/python3.12/site-packages/airflow/example_dags/example_external_task_marker_dag.py
[2025-06-27T08:02:33.547+0000] {logging_mixin.py:190} INFO - [2025-06-27T08:02:33.546+0000] {dag.py:3239} INFO - Sync 2 DAGs
[2025-06-27T08:02:33.577+0000] {logging_mixin.py:190} INFO - [2025-06-27T08:02:33.577+0000] {dag.py:4180} INFO - Setting next_dagrun for example_external_task_marker_child to None, run_after=None
[2025-06-27T08:02:33.585+0000] {logging_mixin.py:190} INFO - [2025-06-27T08:02:33.585+0000] {dag.py:4180} INFO - Setting next_dagrun for example_external_task_marker_parent to None, run_after=None
[2025-06-27T08:02:33.619+0000] {processor.py:208} INFO - Processing /home/airflow/.local/lib/python3.12/site-packages/airflow/example_dags/example_external_task_marker_dag.py took 0.154 seconds
[2025-06-27T08:03:03.820+0000] {processor.py:186} INFO - Started process (PID=431) to work on /home/airflow/.local/lib/python3.12/site-packages/airflow/example_dags/example_external_task_marker_dag.py
[2025-06-27T08:03:03.822+0000] {processor.py:914} INFO - Processing file /home/airflow/.local/lib/python3.12/site-packages/airflow/example_dags/example_external_task_marker_dag.py for tasks to queue
[2025-06-27T08:03:03.829+0000] {logging_mixin.py:190} INFO - [2025-06-27T08:03:03.828+0000] {dagbag.py:588} INFO - Filling up the DagBag from /home/airflow/.local/lib/python3.12/site-packages/airflow/example_dags/example_external_task_marker_dag.py
[2025-06-27T08:03:03.851+0000] {processor.py:925} INFO - DAG(s) 'example_external_task_marker_parent', 'example_external_task_marker_child' retrieved from /home/airflow/.local/lib/python3.12/site-packages/airflow/example_dags/example_external_task_marker_dag.py
[2025-06-27T08:03:03.917+0000] {logging_mixin.py:190} INFO - [2025-06-27T08:03:03.916+0000] {dag.py:3239} INFO - Sync 2 DAGs
[2025-06-27T08:03:03.963+0000] {logging_mixin.py:190} INFO - [2025-06-27T08:03:03.962+0000] {dag.py:4180} INFO - Setting next_dagrun for example_external_task_marker_child to None, run_after=None
[2025-06-27T08:03:03.973+0000] {logging_mixin.py:190} INFO - [2025-06-27T08:03:03.973+0000] {dag.py:4180} INFO - Setting next_dagrun for example_external_task_marker_parent to None, run_after=None
[2025-06-27T08:03:04.014+0000] {processor.py:208} INFO - Processing /home/airflow/.local/lib/python3.12/site-packages/airflow/example_dags/example_external_task_marker_dag.py took 0.206 seconds
[2025-06-27T08:03:34.105+0000] {processor.py:186} INFO - Started process (PID=494) to work on /home/airflow/.local/lib/python3.12/site-packages/airflow/example_dags/example_external_task_marker_dag.py
[2025-06-27T08:03:34.107+0000] {processor.py:914} INFO - Processing file /home/airflow/.local/lib/python3.12/site-packages/airflow/example_dags/example_external_task_marker_dag.py for tasks to queue
[2025-06-27T08:03:34.111+0000] {logging_mixin.py:190} INFO - [2025-06-27T08:03:34.110+0000] {dagbag.py:588} INFO - Filling up the DagBag from /home/airflow/.local/lib/python3.12/site-packages/airflow/example_dags/example_external_task_marker_dag.py
[2025-06-27T08:03:34.122+0000] {processor.py:925} INFO - DAG(s) 'example_external_task_marker_parent', 'example_external_task_marker_child' retrieved from /home/airflow/.local/lib/python3.12/site-packages/airflow/example_dags/example_external_task_marker_dag.py
[2025-06-27T08:03:34.161+0000] {logging_mixin.py:190} INFO - [2025-06-27T08:03:34.161+0000] {dag.py:3239} INFO - Sync 2 DAGs
[2025-06-27T08:03:34.184+0000] {logging_mixin.py:190} INFO - [2025-06-27T08:03:34.184+0000] {dag.py:4180} INFO - Setting next_dagrun for example_external_task_marker_child to None, run_after=None
[2025-06-27T08:03:34.192+0000] {logging_mixin.py:190} INFO - [2025-06-27T08:03:34.191+0000] {dag.py:4180} INFO - Setting next_dagrun for example_external_task_marker_parent to None, run_after=None
[2025-06-27T08:03:34.226+0000] {processor.py:208} INFO - Processing /home/airflow/.local/lib/python3.12/site-packages/airflow/example_dags/example_external_task_marker_dag.py took 0.129 seconds
[2025-06-27T08:04:04.765+0000] {processor.py:186} INFO - Started process (PID=558) to work on /home/airflow/.local/lib/python3.12/site-packages/airflow/example_dags/example_external_task_marker_dag.py
[2025-06-27T08:04:04.767+0000] {processor.py:914} INFO - Processing file /home/airflow/.local/lib/python3.12/site-packages/airflow/example_dags/example_external_task_marker_dag.py for tasks to queue
[2025-06-27T08:04:04.772+0000] {logging_mixin.py:190} INFO - [2025-06-27T08:04:04.770+0000] {dagbag.py:588} INFO - Filling up the DagBag from /home/airflow/.local/lib/python3.12/site-packages/airflow/example_dags/example_external_task_marker_dag.py
[2025-06-27T08:04:04.790+0000] {processor.py:925} INFO - DAG(s) 'example_external_task_marker_parent', 'example_external_task_marker_child' retrieved from /home/airflow/.local/lib/python3.12/site-packages/airflow/example_dags/example_external_task_marker_dag.py
[2025-06-27T08:04:04.841+0000] {logging_mixin.py:190} INFO - [2025-06-27T08:04:04.840+0000] {dag.py:3239} INFO - Sync 2 DAGs
[2025-06-27T08:04:04.876+0000] {logging_mixin.py:190} INFO - [2025-06-27T08:04:04.875+0000] {dag.py:4180} INFO - Setting next_dagrun for example_external_task_marker_child to None, run_after=None
[2025-06-27T08:04:04.884+0000] {logging_mixin.py:190} INFO - [2025-06-27T08:04:04.884+0000] {dag.py:4180} INFO - Setting next_dagrun for example_external_task_marker_parent to None, run_after=None
[2025-06-27T08:04:04.922+0000] {processor.py:208} INFO - Processing /home/airflow/.local/lib/python3.12/site-packages/airflow/example_dags/example_external_task_marker_dag.py took 0.171 seconds
[2025-06-27T08:04:35.284+0000] {processor.py:186} INFO - Started process (PID=620) to work on /home/airflow/.local/lib/python3.12/site-packages/airflow/example_dags/example_external_task_marker_dag.py
[2025-06-27T08:04:35.287+0000] {processor.py:914} INFO - Processing file /home/airflow/.local/lib/python3.12/site-packages/airflow/example_dags/example_external_task_marker_dag.py for tasks to queue
[2025-06-27T08:04:35.293+0000] {logging_mixin.py:190} INFO - [2025-06-27T08:04:35.292+0000] {dagbag.py:588} INFO - Filling up the DagBag from /home/airflow/.local/lib/python3.12/site-packages/airflow/example_dags/example_external_task_marker_dag.py
[2025-06-27T08:04:35.311+0000] {processor.py:925} INFO - DAG(s) 'example_external_task_marker_child', 'example_external_task_marker_parent' retrieved from /home/airflow/.local/lib/python3.12/site-packages/airflow/example_dags/example_external_task_marker_dag.py
[2025-06-27T08:04:35.384+0000] {logging_mixin.py:190} INFO - [2025-06-27T08:04:35.383+0000] {dag.py:3239} INFO - Sync 2 DAGs
[2025-06-27T08:04:35.443+0000] {logging_mixin.py:190} INFO - [2025-06-27T08:04:35.442+0000] {dag.py:4180} INFO - Setting next_dagrun for example_external_task_marker_child to None, run_after=None
[2025-06-27T08:04:35.457+0000] {logging_mixin.py:190} INFO - [2025-06-27T08:04:35.456+0000] {dag.py:4180} INFO - Setting next_dagrun for example_external_task_marker_parent to None, run_after=None
[2025-06-27T08:04:35.503+0000] {processor.py:208} INFO - Processing /home/airflow/.local/lib/python3.12/site-packages/airflow/example_dags/example_external_task_marker_dag.py took 0.232 seconds
[2025-06-27T08:05:06.051+0000] {processor.py:186} INFO - Started process (PID=684) to work on /home/airflow/.local/lib/python3.12/site-packages/airflow/example_dags/example_external_task_marker_dag.py
[2025-06-27T08:05:06.055+0000] {processor.py:914} INFO - Processing file /home/airflow/.local/lib/python3.12/site-packages/airflow/example_dags/example_external_task_marker_dag.py for tasks to queue
[2025-06-27T08:05:06.063+0000] {logging_mixin.py:190} INFO - [2025-06-27T08:05:06.061+0000] {dagbag.py:588} INFO - Filling up the DagBag from /home/airflow/.local/lib/python3.12/site-packages/airflow/example_dags/example_external_task_marker_dag.py
[2025-06-27T08:05:06.102+0000] {processor.py:925} INFO - DAG(s) 'example_external_task_marker_child', 'example_external_task_marker_parent' retrieved from /home/airflow/.local/lib/python3.12/site-packages/airflow/example_dags/example_external_task_marker_dag.py
[2025-06-27T08:05:06.203+0000] {logging_mixin.py:190} INFO - [2025-06-27T08:05:06.202+0000] {dag.py:3239} INFO - Sync 2 DAGs
[2025-06-27T08:05:06.365+0000] {logging_mixin.py:190} INFO - [2025-06-27T08:05:06.361+0000] {dag.py:4180} INFO - Setting next_dagrun for example_external_task_marker_child to None, run_after=None
[2025-06-27T08:05:06.392+0000] {logging_mixin.py:190} INFO - [2025-06-27T08:05:06.391+0000] {dag.py:4180} INFO - Setting next_dagrun for example_external_task_marker_parent to None, run_after=None
[2025-06-27T08:05:06.563+0000] {processor.py:208} INFO - Processing /home/airflow/.local/lib/python3.12/site-packages/airflow/example_dags/example_external_task_marker_dag.py took 0.530 seconds
[2025-06-27T08:05:38.236+0000] {processor.py:186} INFO - Started process (PID=745) to work on /home/airflow/.local/lib/python3.12/site-packages/airflow/example_dags/example_external_task_marker_dag.py
[2025-06-27T08:05:38.245+0000] {processor.py:914} INFO - Processing file /home/airflow/.local/lib/python3.12/site-packages/airflow/example_dags/example_external_task_marker_dag.py for tasks to queue
[2025-06-27T08:05:38.262+0000] {logging_mixin.py:190} INFO - [2025-06-27T08:05:38.258+0000] {dagbag.py:588} INFO - Filling up the DagBag from /home/airflow/.local/lib/python3.12/site-packages/airflow/example_dags/example_external_task_marker_dag.py
[2025-06-27T08:05:38.325+0000] {processor.py:925} INFO - DAG(s) 'example_external_task_marker_child', 'example_external_task_marker_parent' retrieved from /home/airflow/.local/lib/python3.12/site-packages/airflow/example_dags/example_external_task_marker_dag.py
[2025-06-27T08:05:38.536+0000] {logging_mixin.py:190} INFO - [2025-06-27T08:05:38.534+0000] {dag.py:3239} INFO - Sync 2 DAGs
[2025-06-27T08:05:38.730+0000] {logging_mixin.py:190} INFO - [2025-06-27T08:05:38.729+0000] {dag.py:4180} INFO - Setting next_dagrun for example_external_task_marker_child to None, run_after=None
[2025-06-27T08:05:38.782+0000] {logging_mixin.py:190} INFO - [2025-06-27T08:05:38.781+0000] {dag.py:4180} INFO - Setting next_dagrun for example_external_task_marker_parent to None, run_after=None
[2025-06-27T08:05:38.883+0000] {processor.py:208} INFO - Processing /home/airflow/.local/lib/python3.12/site-packages/airflow/example_dags/example_external_task_marker_dag.py took 0.685 seconds
[2025-06-27T08:06:10.130+0000] {processor.py:186} INFO - Started process (PID=809) to work on /home/airflow/.local/lib/python3.12/site-packages/airflow/example_dags/example_external_task_marker_dag.py
[2025-06-27T08:06:10.164+0000] {processor.py:914} INFO - Processing file /home/airflow/.local/lib/python3.12/site-packages/airflow/example_dags/example_external_task_marker_dag.py for tasks to queue
[2025-06-27T08:06:10.193+0000] {logging_mixin.py:190} INFO - [2025-06-27T08:06:10.186+0000] {dagbag.py:588} INFO - Filling up the DagBag from /home/airflow/.local/lib/python3.12/site-packages/airflow/example_dags/example_external_task_marker_dag.py
[2025-06-27T08:06:10.264+0000] {processor.py:925} INFO - DAG(s) 'example_external_task_marker_parent', 'example_external_task_marker_child' retrieved from /home/airflow/.local/lib/python3.12/site-packages/airflow/example_dags/example_external_task_marker_dag.py
[2025-06-27T08:06:10.755+0000] {logging_mixin.py:190} INFO - [2025-06-27T08:06:10.754+0000] {dag.py:3239} INFO - Sync 2 DAGs
[2025-06-27T08:06:10.926+0000] {logging_mixin.py:190} INFO - [2025-06-27T08:06:10.926+0000] {dag.py:4180} INFO - Setting next_dagrun for example_external_task_marker_child to None, run_after=None
[2025-06-27T08:06:10.952+0000] {logging_mixin.py:190} INFO - [2025-06-27T08:06:10.951+0000] {dag.py:4180} INFO - Setting next_dagrun for example_external_task_marker_parent to None, run_after=None
