[2025-06-27T07:37:12.567+0000] {processor.py:186} INFO - Started process (PID=169) to work on /home/airflow/.local/lib/python3.12/site-packages/airflow/example_dags/example_nested_branch_dag.py
[2025-06-27T07:37:12.571+0000] {processor.py:914} INFO - Processing file /home/airflow/.local/lib/python3.12/site-packages/airflow/example_dags/example_nested_branch_dag.py for tasks to queue
[2025-06-27T07:37:12.587+0000] {logging_mixin.py:190} INFO - [2025-06-27T07:37:12.585+0000] {dagbag.py:588} INFO - Filling up the DagBag from /home/airflow/.local/lib/python3.12/site-packages/airflow/example_dags/example_nested_branch_dag.py
[2025-06-27T07:37:12.646+0000] {processor.py:925} INFO - DAG(s) 'example_nested_branch_dag' retrieved from /home/airflow/.local/lib/python3.12/site-packages/airflow/example_dags/example_nested_branch_dag.py
[2025-06-27T07:37:13.192+0000] {logging_mixin.py:190} INFO - [2025-06-27T07:37:13.189+0000] {override.py:1900} INFO - Created Permission View: can read on DAG:example_nested_branch_dag
[2025-06-27T07:37:13.269+0000] {logging_mixin.py:190} INFO - [2025-06-27T07:37:13.267+0000] {override.py:1900} INFO - Created Permission View: can edit on DAG:example_nested_branch_dag
[2025-06-27T07:37:13.299+0000] {logging_mixin.py:190} INFO - [2025-06-27T07:37:13.298+0000] {override.py:1900} INFO - Created Permission View: can delete on DAG:example_nested_branch_dag
[2025-06-27T07:37:13.330+0000] {logging_mixin.py:190} INFO - [2025-06-27T07:37:13.329+0000] {override.py:1900} INFO - Created Permission View: can read on DAG Run:example_nested_branch_dag
[2025-06-27T07:37:13.358+0000] {logging_mixin.py:190} INFO - [2025-06-27T07:37:13.356+0000] {override.py:1900} INFO - Created Permission View: can create on DAG Run:example_nested_branch_dag
[2025-06-27T07:37:13.403+0000] {logging_mixin.py:190} INFO - [2025-06-27T07:37:13.401+0000] {override.py:1900} INFO - Created Permission View: can delete on DAG Run:example_nested_branch_dag
[2025-06-27T07:37:13.431+0000] {logging_mixin.py:190} INFO - [2025-06-27T07:37:13.430+0000] {override.py:1900} INFO - Created Permission View: menu access on DAG Run:example_nested_branch_dag
[2025-06-27T07:37:13.434+0000] {logging_mixin.py:190} INFO - [2025-06-27T07:37:13.433+0000] {dag.py:3239} INFO - Sync 1 DAGs
[2025-06-27T07:37:13.496+0000] {logging_mixin.py:190} INFO - [2025-06-27T07:37:13.495+0000] {dag.py:3262} INFO - Creating ORM DAG for example_nested_branch_dag
[2025-06-27T07:37:13.561+0000] {logging_mixin.py:190} INFO - [2025-06-27T07:37:13.559+0000] {dag.py:4180} INFO - Setting next_dagrun for example_nested_branch_dag to 2025-06-26 00:00:00+00:00, run_after=2025-06-27 00:00:00+00:00
[2025-06-27T07:37:13.654+0000] {processor.py:208} INFO - Processing /home/airflow/.local/lib/python3.12/site-packages/airflow/example_dags/example_nested_branch_dag.py took 1.122 seconds
[2025-06-27T07:37:43.900+0000] {processor.py:186} INFO - Started process (PID=232) to work on /home/airflow/.local/lib/python3.12/site-packages/airflow/example_dags/example_nested_branch_dag.py
[2025-06-27T07:37:43.904+0000] {processor.py:914} INFO - Processing file /home/airflow/.local/lib/python3.12/site-packages/airflow/example_dags/example_nested_branch_dag.py for tasks to queue
[2025-06-27T07:37:43.913+0000] {logging_mixin.py:190} INFO - [2025-06-27T07:37:43.912+0000] {dagbag.py:588} INFO - Filling up the DagBag from /home/airflow/.local/lib/python3.12/site-packages/airflow/example_dags/example_nested_branch_dag.py
[2025-06-27T07:37:43.976+0000] {processor.py:925} INFO - DAG(s) 'example_nested_branch_dag' retrieved from /home/airflow/.local/lib/python3.12/site-packages/airflow/example_dags/example_nested_branch_dag.py
[2025-06-27T07:37:44.063+0000] {logging_mixin.py:190} INFO - [2025-06-27T07:37:44.062+0000] {dag.py:3239} INFO - Sync 1 DAGs
[2025-06-27T07:37:44.210+0000] {logging_mixin.py:190} INFO - [2025-06-27T07:37:44.209+0000] {dag.py:4180} INFO - Setting next_dagrun for example_nested_branch_dag to 2025-06-26 00:00:00+00:00, run_after=2025-06-27 00:00:00+00:00
[2025-06-27T07:37:44.336+0000] {processor.py:208} INFO - Processing /home/airflow/.local/lib/python3.12/site-packages/airflow/example_dags/example_nested_branch_dag.py took 0.457 seconds
[2025-06-27T07:38:29.402+0000] {processor.py:186} INFO - Started process (PID=295) to work on /home/airflow/.local/lib/python3.12/site-packages/airflow/example_dags/example_nested_branch_dag.py
[2025-06-27T07:38:29.406+0000] {processor.py:914} INFO - Processing file /home/airflow/.local/lib/python3.12/site-packages/airflow/example_dags/example_nested_branch_dag.py for tasks to queue
[2025-06-27T07:38:29.416+0000] {logging_mixin.py:190} INFO - [2025-06-27T07:38:29.414+0000] {dagbag.py:588} INFO - Filling up the DagBag from /home/airflow/.local/lib/python3.12/site-packages/airflow/example_dags/example_nested_branch_dag.py
[2025-06-27T07:38:29.472+0000] {processor.py:925} INFO - DAG(s) 'example_nested_branch_dag' retrieved from /home/airflow/.local/lib/python3.12/site-packages/airflow/example_dags/example_nested_branch_dag.py
[2025-06-27T07:38:29.618+0000] {logging_mixin.py:190} INFO - [2025-06-27T07:38:29.607+0000] {dag.py:3239} INFO - Sync 1 DAGs
[2025-06-27T07:38:29.893+0000] {logging_mixin.py:190} INFO - [2025-06-27T07:38:29.892+0000] {dag.py:4180} INFO - Setting next_dagrun for example_nested_branch_dag to 2025-06-26 00:00:00+00:00, run_after=2025-06-27 00:00:00+00:00
[2025-06-27T07:38:30.010+0000] {processor.py:208} INFO - Processing /home/airflow/.local/lib/python3.12/site-packages/airflow/example_dags/example_nested_branch_dag.py took 0.633 seconds
[2025-06-27T07:39:08.836+0000] {processor.py:186} INFO - Started process (PID=363) to work on /home/airflow/.local/lib/python3.12/site-packages/airflow/example_dags/example_nested_branch_dag.py
[2025-06-27T07:39:08.847+0000] {processor.py:914} INFO - Processing file /home/airflow/.local/lib/python3.12/site-packages/airflow/example_dags/example_nested_branch_dag.py for tasks to queue
[2025-06-27T07:39:08.867+0000] {logging_mixin.py:190} INFO - [2025-06-27T07:39:08.861+0000] {dagbag.py:588} INFO - Filling up the DagBag from /home/airflow/.local/lib/python3.12/site-packages/airflow/example_dags/example_nested_branch_dag.py
[2025-06-27T07:39:09.017+0000] {processor.py:925} INFO - DAG(s) 'example_nested_branch_dag' retrieved from /home/airflow/.local/lib/python3.12/site-packages/airflow/example_dags/example_nested_branch_dag.py
[2025-06-27T07:39:09.215+0000] {logging_mixin.py:190} INFO - [2025-06-27T07:39:09.214+0000] {dag.py:3239} INFO - Sync 1 DAGs
[2025-06-27T07:39:09.544+0000] {logging_mixin.py:190} INFO - [2025-06-27T07:39:09.542+0000] {dag.py:4180} INFO - Setting next_dagrun for example_nested_branch_dag to 2025-06-26 00:00:00+00:00, run_after=2025-06-27 00:00:00+00:00
[2025-06-27T07:39:09.676+0000] {processor.py:208} INFO - Processing /home/airflow/.local/lib/python3.12/site-packages/airflow/example_dags/example_nested_branch_dag.py took 0.914 seconds
[2025-06-27T07:39:50.517+0000] {processor.py:186} INFO - Started process (PID=427) to work on /home/airflow/.local/lib/python3.12/site-packages/airflow/example_dags/example_nested_branch_dag.py
[2025-06-27T07:39:50.521+0000] {processor.py:914} INFO - Processing file /home/airflow/.local/lib/python3.12/site-packages/airflow/example_dags/example_nested_branch_dag.py for tasks to queue
[2025-06-27T07:39:50.532+0000] {logging_mixin.py:190} INFO - [2025-06-27T07:39:50.530+0000] {dagbag.py:588} INFO - Filling up the DagBag from /home/airflow/.local/lib/python3.12/site-packages/airflow/example_dags/example_nested_branch_dag.py
[2025-06-27T07:39:50.567+0000] {processor.py:925} INFO - DAG(s) 'example_nested_branch_dag' retrieved from /home/airflow/.local/lib/python3.12/site-packages/airflow/example_dags/example_nested_branch_dag.py
[2025-06-27T07:39:50.645+0000] {logging_mixin.py:190} INFO - [2025-06-27T07:39:50.644+0000] {dag.py:3239} INFO - Sync 1 DAGs
[2025-06-27T07:39:50.749+0000] {logging_mixin.py:190} INFO - [2025-06-27T07:39:50.748+0000] {dag.py:4180} INFO - Setting next_dagrun for example_nested_branch_dag to 2025-06-26 00:00:00+00:00, run_after=2025-06-27 00:00:00+00:00
[2025-06-27T07:39:50.811+0000] {processor.py:208} INFO - Processing /home/airflow/.local/lib/python3.12/site-packages/airflow/example_dags/example_nested_branch_dag.py took 0.316 seconds
[2025-06-27T07:40:23.382+0000] {processor.py:186} INFO - Started process (PID=490) to work on /home/airflow/.local/lib/python3.12/site-packages/airflow/example_dags/example_nested_branch_dag.py
[2025-06-27T07:40:23.386+0000] {processor.py:914} INFO - Processing file /home/airflow/.local/lib/python3.12/site-packages/airflow/example_dags/example_nested_branch_dag.py for tasks to queue
[2025-06-27T07:40:23.398+0000] {logging_mixin.py:190} INFO - [2025-06-27T07:40:23.397+0000] {dagbag.py:588} INFO - Filling up the DagBag from /home/airflow/.local/lib/python3.12/site-packages/airflow/example_dags/example_nested_branch_dag.py
[2025-06-27T07:40:23.445+0000] {processor.py:925} INFO - DAG(s) 'example_nested_branch_dag' retrieved from /home/airflow/.local/lib/python3.12/site-packages/airflow/example_dags/example_nested_branch_dag.py
[2025-06-27T07:40:23.522+0000] {logging_mixin.py:190} INFO - [2025-06-27T07:40:23.522+0000] {dag.py:3239} INFO - Sync 1 DAGs
[2025-06-27T07:40:23.617+0000] {logging_mixin.py:190} INFO - [2025-06-27T07:40:23.617+0000] {dag.py:4180} INFO - Setting next_dagrun for example_nested_branch_dag to 2025-06-26 00:00:00+00:00, run_after=2025-06-27 00:00:00+00:00
[2025-06-27T07:40:23.687+0000] {processor.py:208} INFO - Processing /home/airflow/.local/lib/python3.12/site-packages/airflow/example_dags/example_nested_branch_dag.py took 0.328 seconds
[2025-06-27T07:40:55.576+0000] {processor.py:186} INFO - Started process (PID=553) to work on /home/airflow/.local/lib/python3.12/site-packages/airflow/example_dags/example_nested_branch_dag.py
[2025-06-27T07:40:55.585+0000] {processor.py:914} INFO - Processing file /home/airflow/.local/lib/python3.12/site-packages/airflow/example_dags/example_nested_branch_dag.py for tasks to queue
[2025-06-27T07:40:55.598+0000] {logging_mixin.py:190} INFO - [2025-06-27T07:40:55.597+0000] {dagbag.py:588} INFO - Filling up the DagBag from /home/airflow/.local/lib/python3.12/site-packages/airflow/example_dags/example_nested_branch_dag.py
[2025-06-27T07:40:55.672+0000] {processor.py:925} INFO - DAG(s) 'example_nested_branch_dag' retrieved from /home/airflow/.local/lib/python3.12/site-packages/airflow/example_dags/example_nested_branch_dag.py
[2025-06-27T07:40:55.780+0000] {logging_mixin.py:190} INFO - [2025-06-27T07:40:55.779+0000] {dag.py:3239} INFO - Sync 1 DAGs
[2025-06-27T07:40:55.890+0000] {logging_mixin.py:190} INFO - [2025-06-27T07:40:55.889+0000] {dag.py:4180} INFO - Setting next_dagrun for example_nested_branch_dag to 2025-06-26 00:00:00+00:00, run_after=2025-06-27 00:00:00+00:00
[2025-06-27T07:40:55.952+0000] {processor.py:208} INFO - Processing /home/airflow/.local/lib/python3.12/site-packages/airflow/example_dags/example_nested_branch_dag.py took 0.398 seconds
[2025-06-27T07:41:33.131+0000] {processor.py:186} INFO - Started process (PID=618) to work on /home/airflow/.local/lib/python3.12/site-packages/airflow/example_dags/example_nested_branch_dag.py
[2025-06-27T07:41:33.135+0000] {processor.py:914} INFO - Processing file /home/airflow/.local/lib/python3.12/site-packages/airflow/example_dags/example_nested_branch_dag.py for tasks to queue
[2025-06-27T07:41:33.150+0000] {logging_mixin.py:190} INFO - [2025-06-27T07:41:33.149+0000] {dagbag.py:588} INFO - Filling up the DagBag from /home/airflow/.local/lib/python3.12/site-packages/airflow/example_dags/example_nested_branch_dag.py
[2025-06-27T07:41:33.222+0000] {processor.py:925} INFO - DAG(s) 'example_nested_branch_dag' retrieved from /home/airflow/.local/lib/python3.12/site-packages/airflow/example_dags/example_nested_branch_dag.py
[2025-06-27T07:41:33.404+0000] {logging_mixin.py:190} INFO - [2025-06-27T07:41:33.403+0000] {dag.py:3239} INFO - Sync 1 DAGs
[2025-06-27T07:41:33.602+0000] {logging_mixin.py:190} INFO - [2025-06-27T07:41:33.589+0000] {dag.py:4180} INFO - Setting next_dagrun for example_nested_branch_dag to 2025-06-26 00:00:00+00:00, run_after=2025-06-27 00:00:00+00:00
[2025-06-27T07:41:33.751+0000] {processor.py:208} INFO - Processing /home/airflow/.local/lib/python3.12/site-packages/airflow/example_dags/example_nested_branch_dag.py took 0.654 seconds
[2025-06-27T07:42:18.303+0000] {processor.py:186} INFO - Started process (PID=687) to work on /home/airflow/.local/lib/python3.12/site-packages/airflow/example_dags/example_nested_branch_dag.py
[2025-06-27T07:42:18.309+0000] {processor.py:914} INFO - Processing file /home/airflow/.local/lib/python3.12/site-packages/airflow/example_dags/example_nested_branch_dag.py for tasks to queue
[2025-06-27T07:42:18.324+0000] {logging_mixin.py:190} INFO - [2025-06-27T07:42:18.322+0000] {dagbag.py:588} INFO - Filling up the DagBag from /home/airflow/.local/lib/python3.12/site-packages/airflow/example_dags/example_nested_branch_dag.py
[2025-06-27T07:42:18.386+0000] {processor.py:925} INFO - DAG(s) 'example_nested_branch_dag' retrieved from /home/airflow/.local/lib/python3.12/site-packages/airflow/example_dags/example_nested_branch_dag.py
[2025-06-27T07:42:18.519+0000] {logging_mixin.py:190} INFO - [2025-06-27T07:42:18.518+0000] {dag.py:3239} INFO - Sync 1 DAGs
[2025-06-27T07:42:18.758+0000] {logging_mixin.py:190} INFO - [2025-06-27T07:42:18.757+0000] {dag.py:4180} INFO - Setting next_dagrun for example_nested_branch_dag to 2025-06-26 00:00:00+00:00, run_after=2025-06-27 00:00:00+00:00
[2025-06-27T07:42:19.128+0000] {processor.py:208} INFO - Processing /home/airflow/.local/lib/python3.12/site-packages/airflow/example_dags/example_nested_branch_dag.py took 0.868 seconds
[2025-06-27T07:42:52.013+0000] {processor.py:186} INFO - Started process (PID=750) to work on /home/airflow/.local/lib/python3.12/site-packages/airflow/example_dags/example_nested_branch_dag.py
[2025-06-27T07:42:52.019+0000] {processor.py:914} INFO - Processing file /home/airflow/.local/lib/python3.12/site-packages/airflow/example_dags/example_nested_branch_dag.py for tasks to queue
[2025-06-27T07:42:52.033+0000] {logging_mixin.py:190} INFO - [2025-06-27T07:42:52.031+0000] {dagbag.py:588} INFO - Filling up the DagBag from /home/airflow/.local/lib/python3.12/site-packages/airflow/example_dags/example_nested_branch_dag.py
[2025-06-27T07:42:52.136+0000] {processor.py:925} INFO - DAG(s) 'example_nested_branch_dag' retrieved from /home/airflow/.local/lib/python3.12/site-packages/airflow/example_dags/example_nested_branch_dag.py
[2025-06-27T07:42:52.307+0000] {logging_mixin.py:190} INFO - [2025-06-27T07:42:52.306+0000] {dag.py:3239} INFO - Sync 1 DAGs
[2025-06-27T07:42:52.437+0000] {logging_mixin.py:190} INFO - [2025-06-27T07:42:52.436+0000] {dag.py:4180} INFO - Setting next_dagrun for example_nested_branch_dag to 2025-06-26 00:00:00+00:00, run_after=2025-06-27 00:00:00+00:00
[2025-06-27T07:42:52.505+0000] {processor.py:208} INFO - Processing /home/airflow/.local/lib/python3.12/site-packages/airflow/example_dags/example_nested_branch_dag.py took 0.527 seconds
[2025-06-27T07:43:29.818+0000] {processor.py:186} INFO - Started process (PID=812) to work on /home/airflow/.local/lib/python3.12/site-packages/airflow/example_dags/example_nested_branch_dag.py
[2025-06-27T07:43:29.823+0000] {processor.py:914} INFO - Processing file /home/airflow/.local/lib/python3.12/site-packages/airflow/example_dags/example_nested_branch_dag.py for tasks to queue
[2025-06-27T07:43:29.842+0000] {logging_mixin.py:190} INFO - [2025-06-27T07:43:29.840+0000] {dagbag.py:588} INFO - Filling up the DagBag from /home/airflow/.local/lib/python3.12/site-packages/airflow/example_dags/example_nested_branch_dag.py
[2025-06-27T07:43:29.908+0000] {processor.py:925} INFO - DAG(s) 'example_nested_branch_dag' retrieved from /home/airflow/.local/lib/python3.12/site-packages/airflow/example_dags/example_nested_branch_dag.py
[2025-06-27T07:43:29.995+0000] {logging_mixin.py:190} INFO - [2025-06-27T07:43:29.994+0000] {dag.py:3239} INFO - Sync 1 DAGs
[2025-06-27T07:43:30.095+0000] {logging_mixin.py:190} INFO - [2025-06-27T07:43:30.094+0000] {dag.py:4180} INFO - Setting next_dagrun for example_nested_branch_dag to 2025-06-26 00:00:00+00:00, run_after=2025-06-27 00:00:00+00:00
[2025-06-27T07:43:30.164+0000] {processor.py:208} INFO - Processing /home/airflow/.local/lib/python3.12/site-packages/airflow/example_dags/example_nested_branch_dag.py took 0.376 seconds
[2025-06-27T07:44:00.838+0000] {processor.py:186} INFO - Started process (PID=875) to work on /home/airflow/.local/lib/python3.12/site-packages/airflow/example_dags/example_nested_branch_dag.py
[2025-06-27T07:44:00.842+0000] {processor.py:914} INFO - Processing file /home/airflow/.local/lib/python3.12/site-packages/airflow/example_dags/example_nested_branch_dag.py for tasks to queue
[2025-06-27T07:44:00.851+0000] {logging_mixin.py:190} INFO - [2025-06-27T07:44:00.850+0000] {dagbag.py:588} INFO - Filling up the DagBag from /home/airflow/.local/lib/python3.12/site-packages/airflow/example_dags/example_nested_branch_dag.py
[2025-06-27T07:44:00.902+0000] {processor.py:925} INFO - DAG(s) 'example_nested_branch_dag' retrieved from /home/airflow/.local/lib/python3.12/site-packages/airflow/example_dags/example_nested_branch_dag.py
[2025-06-27T07:44:00.995+0000] {logging_mixin.py:190} INFO - [2025-06-27T07:44:00.994+0000] {dag.py:3239} INFO - Sync 1 DAGs
[2025-06-27T07:44:01.085+0000] {logging_mixin.py:190} INFO - [2025-06-27T07:44:01.084+0000] {dag.py:4180} INFO - Setting next_dagrun for example_nested_branch_dag to 2025-06-26 00:00:00+00:00, run_after=2025-06-27 00:00:00+00:00
[2025-06-27T07:44:01.134+0000] {processor.py:208} INFO - Processing /home/airflow/.local/lib/python3.12/site-packages/airflow/example_dags/example_nested_branch_dag.py took 0.314 seconds
[2025-06-27T07:44:31.664+0000] {processor.py:186} INFO - Started process (PID=940) to work on /home/airflow/.local/lib/python3.12/site-packages/airflow/example_dags/example_nested_branch_dag.py
[2025-06-27T07:44:31.671+0000] {processor.py:914} INFO - Processing file /home/airflow/.local/lib/python3.12/site-packages/airflow/example_dags/example_nested_branch_dag.py for tasks to queue
[2025-06-27T07:44:31.682+0000] {logging_mixin.py:190} INFO - [2025-06-27T07:44:31.681+0000] {dagbag.py:588} INFO - Filling up the DagBag from /home/airflow/.local/lib/python3.12/site-packages/airflow/example_dags/example_nested_branch_dag.py
[2025-06-27T07:44:31.764+0000] {processor.py:925} INFO - DAG(s) 'example_nested_branch_dag' retrieved from /home/airflow/.local/lib/python3.12/site-packages/airflow/example_dags/example_nested_branch_dag.py
[2025-06-27T07:44:31.997+0000] {logging_mixin.py:190} INFO - [2025-06-27T07:44:31.987+0000] {dag.py:3239} INFO - Sync 1 DAGs
[2025-06-27T07:44:32.149+0000] {logging_mixin.py:190} INFO - [2025-06-27T07:44:32.148+0000] {dag.py:4180} INFO - Setting next_dagrun for example_nested_branch_dag to 2025-06-26 00:00:00+00:00, run_after=2025-06-27 00:00:00+00:00
[2025-06-27T07:44:32.289+0000] {processor.py:208} INFO - Processing /home/airflow/.local/lib/python3.12/site-packages/airflow/example_dags/example_nested_branch_dag.py took 0.661 seconds
[2025-06-27T07:45:02.730+0000] {processor.py:186} INFO - Started process (PID=1004) to work on /home/airflow/.local/lib/python3.12/site-packages/airflow/example_dags/example_nested_branch_dag.py
[2025-06-27T07:45:02.732+0000] {processor.py:914} INFO - Processing file /home/airflow/.local/lib/python3.12/site-packages/airflow/example_dags/example_nested_branch_dag.py for tasks to queue
[2025-06-27T07:45:02.737+0000] {logging_mixin.py:190} INFO - [2025-06-27T07:45:02.736+0000] {dagbag.py:588} INFO - Filling up the DagBag from /home/airflow/.local/lib/python3.12/site-packages/airflow/example_dags/example_nested_branch_dag.py
[2025-06-27T07:45:02.758+0000] {processor.py:925} INFO - DAG(s) 'example_nested_branch_dag' retrieved from /home/airflow/.local/lib/python3.12/site-packages/airflow/example_dags/example_nested_branch_dag.py
[2025-06-27T07:45:02.806+0000] {logging_mixin.py:190} INFO - [2025-06-27T07:45:02.805+0000] {dag.py:3239} INFO - Sync 1 DAGs
[2025-06-27T07:45:02.855+0000] {logging_mixin.py:190} INFO - [2025-06-27T07:45:02.855+0000] {dag.py:4180} INFO - Setting next_dagrun for example_nested_branch_dag to 2025-06-26 00:00:00+00:00, run_after=2025-06-27 00:00:00+00:00
[2025-06-27T07:45:02.901+0000] {processor.py:208} INFO - Processing /home/airflow/.local/lib/python3.12/site-packages/airflow/example_dags/example_nested_branch_dag.py took 0.182 seconds
[2025-06-27T07:45:33.793+0000] {processor.py:186} INFO - Started process (PID=1069) to work on /home/airflow/.local/lib/python3.12/site-packages/airflow/example_dags/example_nested_branch_dag.py
[2025-06-27T07:45:33.794+0000] {processor.py:914} INFO - Processing file /home/airflow/.local/lib/python3.12/site-packages/airflow/example_dags/example_nested_branch_dag.py for tasks to queue
[2025-06-27T07:45:33.799+0000] {logging_mixin.py:190} INFO - [2025-06-27T07:45:33.798+0000] {dagbag.py:588} INFO - Filling up the DagBag from /home/airflow/.local/lib/python3.12/site-packages/airflow/example_dags/example_nested_branch_dag.py
[2025-06-27T07:45:33.815+0000] {processor.py:925} INFO - DAG(s) 'example_nested_branch_dag' retrieved from /home/airflow/.local/lib/python3.12/site-packages/airflow/example_dags/example_nested_branch_dag.py
[2025-06-27T07:45:33.854+0000] {logging_mixin.py:190} INFO - [2025-06-27T07:45:33.854+0000] {dag.py:3239} INFO - Sync 1 DAGs
[2025-06-27T07:45:33.907+0000] {logging_mixin.py:190} INFO - [2025-06-27T07:45:33.907+0000] {dag.py:4180} INFO - Setting next_dagrun for example_nested_branch_dag to 2025-06-26 00:00:00+00:00, run_after=2025-06-27 00:00:00+00:00
[2025-06-27T07:45:33.945+0000] {processor.py:208} INFO - Processing /home/airflow/.local/lib/python3.12/site-packages/airflow/example_dags/example_nested_branch_dag.py took 0.163 seconds
[2025-06-27T07:46:04.151+0000] {processor.py:186} INFO - Started process (PID=1132) to work on /home/airflow/.local/lib/python3.12/site-packages/airflow/example_dags/example_nested_branch_dag.py
[2025-06-27T07:46:04.153+0000] {processor.py:914} INFO - Processing file /home/airflow/.local/lib/python3.12/site-packages/airflow/example_dags/example_nested_branch_dag.py for tasks to queue
[2025-06-27T07:46:04.159+0000] {logging_mixin.py:190} INFO - [2025-06-27T07:46:04.158+0000] {dagbag.py:588} INFO - Filling up the DagBag from /home/airflow/.local/lib/python3.12/site-packages/airflow/example_dags/example_nested_branch_dag.py
[2025-06-27T07:46:04.188+0000] {processor.py:925} INFO - DAG(s) 'example_nested_branch_dag' retrieved from /home/airflow/.local/lib/python3.12/site-packages/airflow/example_dags/example_nested_branch_dag.py
[2025-06-27T07:46:04.238+0000] {logging_mixin.py:190} INFO - [2025-06-27T07:46:04.238+0000] {dag.py:3239} INFO - Sync 1 DAGs
[2025-06-27T07:46:04.296+0000] {logging_mixin.py:190} INFO - [2025-06-27T07:46:04.296+0000] {dag.py:4180} INFO - Setting next_dagrun for example_nested_branch_dag to 2025-06-26 00:00:00+00:00, run_after=2025-06-27 00:00:00+00:00
[2025-06-27T07:46:04.344+0000] {processor.py:208} INFO - Processing /home/airflow/.local/lib/python3.12/site-packages/airflow/example_dags/example_nested_branch_dag.py took 0.203 seconds
[2025-06-27T07:46:35.037+0000] {processor.py:186} INFO - Started process (PID=1194) to work on /home/airflow/.local/lib/python3.12/site-packages/airflow/example_dags/example_nested_branch_dag.py
[2025-06-27T07:46:35.038+0000] {processor.py:914} INFO - Processing file /home/airflow/.local/lib/python3.12/site-packages/airflow/example_dags/example_nested_branch_dag.py for tasks to queue
[2025-06-27T07:46:35.043+0000] {logging_mixin.py:190} INFO - [2025-06-27T07:46:35.042+0000] {dagbag.py:588} INFO - Filling up the DagBag from /home/airflow/.local/lib/python3.12/site-packages/airflow/example_dags/example_nested_branch_dag.py
[2025-06-27T07:46:35.064+0000] {processor.py:925} INFO - DAG(s) 'example_nested_branch_dag' retrieved from /home/airflow/.local/lib/python3.12/site-packages/airflow/example_dags/example_nested_branch_dag.py
[2025-06-27T07:46:35.110+0000] {logging_mixin.py:190} INFO - [2025-06-27T07:46:35.110+0000] {dag.py:3239} INFO - Sync 1 DAGs
[2025-06-27T07:46:35.165+0000] {logging_mixin.py:190} INFO - [2025-06-27T07:46:35.164+0000] {dag.py:4180} INFO - Setting next_dagrun for example_nested_branch_dag to 2025-06-26 00:00:00+00:00, run_after=2025-06-27 00:00:00+00:00
[2025-06-27T07:46:35.206+0000] {processor.py:208} INFO - Processing /home/airflow/.local/lib/python3.12/site-packages/airflow/example_dags/example_nested_branch_dag.py took 0.187 seconds
[2025-06-27T07:47:06.068+0000] {processor.py:186} INFO - Started process (PID=1257) to work on /home/airflow/.local/lib/python3.12/site-packages/airflow/example_dags/example_nested_branch_dag.py
[2025-06-27T07:47:06.070+0000] {processor.py:914} INFO - Processing file /home/airflow/.local/lib/python3.12/site-packages/airflow/example_dags/example_nested_branch_dag.py for tasks to queue
[2025-06-27T07:47:06.074+0000] {logging_mixin.py:190} INFO - [2025-06-27T07:47:06.074+0000] {dagbag.py:588} INFO - Filling up the DagBag from /home/airflow/.local/lib/python3.12/site-packages/airflow/example_dags/example_nested_branch_dag.py
[2025-06-27T07:47:06.096+0000] {processor.py:925} INFO - DAG(s) 'example_nested_branch_dag' retrieved from /home/airflow/.local/lib/python3.12/site-packages/airflow/example_dags/example_nested_branch_dag.py
[2025-06-27T07:47:06.152+0000] {logging_mixin.py:190} INFO - [2025-06-27T07:47:06.152+0000] {dag.py:3239} INFO - Sync 1 DAGs
[2025-06-27T07:47:06.194+0000] {logging_mixin.py:190} INFO - [2025-06-27T07:47:06.194+0000] {dag.py:4180} INFO - Setting next_dagrun for example_nested_branch_dag to 2025-06-26 00:00:00+00:00, run_after=2025-06-27 00:00:00+00:00
[2025-06-27T07:47:06.240+0000] {processor.py:208} INFO - Processing /home/airflow/.local/lib/python3.12/site-packages/airflow/example_dags/example_nested_branch_dag.py took 0.182 seconds
[2025-06-27T07:47:38.095+0000] {processor.py:186} INFO - Started process (PID=1320) to work on /home/airflow/.local/lib/python3.12/site-packages/airflow/example_dags/example_nested_branch_dag.py
[2025-06-27T07:47:38.099+0000] {processor.py:914} INFO - Processing file /home/airflow/.local/lib/python3.12/site-packages/airflow/example_dags/example_nested_branch_dag.py for tasks to queue
[2025-06-27T07:47:38.106+0000] {logging_mixin.py:190} INFO - [2025-06-27T07:47:38.105+0000] {dagbag.py:588} INFO - Filling up the DagBag from /home/airflow/.local/lib/python3.12/site-packages/airflow/example_dags/example_nested_branch_dag.py
[2025-06-27T07:47:38.146+0000] {processor.py:925} INFO - DAG(s) 'example_nested_branch_dag' retrieved from /home/airflow/.local/lib/python3.12/site-packages/airflow/example_dags/example_nested_branch_dag.py
[2025-06-27T07:47:38.239+0000] {logging_mixin.py:190} INFO - [2025-06-27T07:47:38.237+0000] {dag.py:3239} INFO - Sync 1 DAGs
[2025-06-27T07:47:38.323+0000] {logging_mixin.py:190} INFO - [2025-06-27T07:47:38.323+0000] {dag.py:4180} INFO - Setting next_dagrun for example_nested_branch_dag to 2025-06-26 00:00:00+00:00, run_after=2025-06-27 00:00:00+00:00
[2025-06-27T07:47:38.420+0000] {processor.py:208} INFO - Processing /home/airflow/.local/lib/python3.12/site-packages/airflow/example_dags/example_nested_branch_dag.py took 0.346 seconds
[2025-06-27T07:48:08.825+0000] {processor.py:186} INFO - Started process (PID=1389) to work on /home/airflow/.local/lib/python3.12/site-packages/airflow/example_dags/example_nested_branch_dag.py
[2025-06-27T07:48:08.827+0000] {processor.py:914} INFO - Processing file /home/airflow/.local/lib/python3.12/site-packages/airflow/example_dags/example_nested_branch_dag.py for tasks to queue
[2025-06-27T07:48:08.832+0000] {logging_mixin.py:190} INFO - [2025-06-27T07:48:08.831+0000] {dagbag.py:588} INFO - Filling up the DagBag from /home/airflow/.local/lib/python3.12/site-packages/airflow/example_dags/example_nested_branch_dag.py
[2025-06-27T07:48:08.861+0000] {processor.py:925} INFO - DAG(s) 'example_nested_branch_dag' retrieved from /home/airflow/.local/lib/python3.12/site-packages/airflow/example_dags/example_nested_branch_dag.py
[2025-06-27T07:48:08.910+0000] {logging_mixin.py:190} INFO - [2025-06-27T07:48:08.909+0000] {dag.py:3239} INFO - Sync 1 DAGs
[2025-06-27T07:48:08.955+0000] {logging_mixin.py:190} INFO - [2025-06-27T07:48:08.954+0000] {dag.py:4180} INFO - Setting next_dagrun for example_nested_branch_dag to 2025-06-26 00:00:00+00:00, run_after=2025-06-27 00:00:00+00:00
[2025-06-27T07:48:08.992+0000] {processor.py:208} INFO - Processing /home/airflow/.local/lib/python3.12/site-packages/airflow/example_dags/example_nested_branch_dag.py took 0.177 seconds
[2025-06-27T07:48:39.263+0000] {processor.py:186} INFO - Started process (PID=1452) to work on /home/airflow/.local/lib/python3.12/site-packages/airflow/example_dags/example_nested_branch_dag.py
[2025-06-27T07:48:39.265+0000] {processor.py:914} INFO - Processing file /home/airflow/.local/lib/python3.12/site-packages/airflow/example_dags/example_nested_branch_dag.py for tasks to queue
[2025-06-27T07:48:39.271+0000] {logging_mixin.py:190} INFO - [2025-06-27T07:48:39.270+0000] {dagbag.py:588} INFO - Filling up the DagBag from /home/airflow/.local/lib/python3.12/site-packages/airflow/example_dags/example_nested_branch_dag.py
[2025-06-27T07:48:39.301+0000] {processor.py:925} INFO - DAG(s) 'example_nested_branch_dag' retrieved from /home/airflow/.local/lib/python3.12/site-packages/airflow/example_dags/example_nested_branch_dag.py
[2025-06-27T07:48:39.380+0000] {logging_mixin.py:190} INFO - [2025-06-27T07:48:39.379+0000] {dag.py:3239} INFO - Sync 1 DAGs
[2025-06-27T07:48:39.483+0000] {logging_mixin.py:190} INFO - [2025-06-27T07:48:39.482+0000] {dag.py:4180} INFO - Setting next_dagrun for example_nested_branch_dag to 2025-06-26 00:00:00+00:00, run_after=2025-06-27 00:00:00+00:00
[2025-06-27T07:48:39.537+0000] {processor.py:208} INFO - Processing /home/airflow/.local/lib/python3.12/site-packages/airflow/example_dags/example_nested_branch_dag.py took 0.287 seconds
[2025-06-27T07:49:11.550+0000] {processor.py:186} INFO - Started process (PID=1516) to work on /home/airflow/.local/lib/python3.12/site-packages/airflow/example_dags/example_nested_branch_dag.py
[2025-06-27T07:49:11.555+0000] {processor.py:914} INFO - Processing file /home/airflow/.local/lib/python3.12/site-packages/airflow/example_dags/example_nested_branch_dag.py for tasks to queue
[2025-06-27T07:49:11.573+0000] {logging_mixin.py:190} INFO - [2025-06-27T07:49:11.571+0000] {dagbag.py:588} INFO - Filling up the DagBag from /home/airflow/.local/lib/python3.12/site-packages/airflow/example_dags/example_nested_branch_dag.py
[2025-06-27T07:49:11.686+0000] {processor.py:925} INFO - DAG(s) 'example_nested_branch_dag' retrieved from /home/airflow/.local/lib/python3.12/site-packages/airflow/example_dags/example_nested_branch_dag.py
[2025-06-27T07:49:11.877+0000] {logging_mixin.py:190} INFO - [2025-06-27T07:49:11.875+0000] {dag.py:3239} INFO - Sync 1 DAGs
[2025-06-27T07:49:12.019+0000] {logging_mixin.py:190} INFO - [2025-06-27T07:49:12.017+0000] {dag.py:4180} INFO - Setting next_dagrun for example_nested_branch_dag to 2025-06-26 00:00:00+00:00, run_after=2025-06-27 00:00:00+00:00
[2025-06-27T07:49:12.126+0000] {processor.py:208} INFO - Processing /home/airflow/.local/lib/python3.12/site-packages/airflow/example_dags/example_nested_branch_dag.py took 0.631 seconds
[2025-06-27T07:52:24.461+0000] {processor.py:186} INFO - Started process (PID=118) to work on /home/airflow/.local/lib/python3.12/site-packages/airflow/example_dags/example_nested_branch_dag.py
[2025-06-27T07:52:24.464+0000] {processor.py:914} INFO - Processing file /home/airflow/.local/lib/python3.12/site-packages/airflow/example_dags/example_nested_branch_dag.py for tasks to queue
[2025-06-27T07:52:24.474+0000] {logging_mixin.py:190} INFO - [2025-06-27T07:52:24.473+0000] {dagbag.py:588} INFO - Filling up the DagBag from /home/airflow/.local/lib/python3.12/site-packages/airflow/example_dags/example_nested_branch_dag.py
[2025-06-27T07:52:24.545+0000] {processor.py:925} INFO - DAG(s) 'example_nested_branch_dag' retrieved from /home/airflow/.local/lib/python3.12/site-packages/airflow/example_dags/example_nested_branch_dag.py
[2025-06-27T07:52:24.702+0000] {logging_mixin.py:190} INFO - [2025-06-27T07:52:24.701+0000] {dag.py:3239} INFO - Sync 1 DAGs
[2025-06-27T07:52:24.809+0000] {logging_mixin.py:190} INFO - [2025-06-27T07:52:24.808+0000] {dag.py:4180} INFO - Setting next_dagrun for example_nested_branch_dag to 2025-06-26 00:00:00+00:00, run_after=2025-06-27 00:00:00+00:00
[2025-06-27T07:52:24.889+0000] {processor.py:208} INFO - Processing /home/airflow/.local/lib/python3.12/site-packages/airflow/example_dags/example_nested_branch_dag.py took 0.446 seconds
[2025-06-27T07:52:56.794+0000] {processor.py:186} INFO - Started process (PID=181) to work on /home/airflow/.local/lib/python3.12/site-packages/airflow/example_dags/example_nested_branch_dag.py
[2025-06-27T07:52:56.799+0000] {processor.py:914} INFO - Processing file /home/airflow/.local/lib/python3.12/site-packages/airflow/example_dags/example_nested_branch_dag.py for tasks to queue
[2025-06-27T07:52:56.823+0000] {logging_mixin.py:190} INFO - [2025-06-27T07:52:56.822+0000] {dagbag.py:588} INFO - Filling up the DagBag from /home/airflow/.local/lib/python3.12/site-packages/airflow/example_dags/example_nested_branch_dag.py
[2025-06-27T07:52:56.929+0000] {processor.py:925} INFO - DAG(s) 'example_nested_branch_dag' retrieved from /home/airflow/.local/lib/python3.12/site-packages/airflow/example_dags/example_nested_branch_dag.py
[2025-06-27T07:52:57.079+0000] {logging_mixin.py:190} INFO - [2025-06-27T07:52:57.078+0000] {dag.py:3239} INFO - Sync 1 DAGs
[2025-06-27T07:52:57.224+0000] {logging_mixin.py:190} INFO - [2025-06-27T07:52:57.223+0000] {dag.py:4180} INFO - Setting next_dagrun for example_nested_branch_dag to 2025-06-26 00:00:00+00:00, run_after=2025-06-27 00:00:00+00:00
[2025-06-27T07:52:57.323+0000] {processor.py:208} INFO - Processing /home/airflow/.local/lib/python3.12/site-packages/airflow/example_dags/example_nested_branch_dag.py took 0.574 seconds
[2025-06-27T07:53:28.947+0000] {processor.py:186} INFO - Started process (PID=244) to work on /home/airflow/.local/lib/python3.12/site-packages/airflow/example_dags/example_nested_branch_dag.py
[2025-06-27T07:53:28.950+0000] {processor.py:914} INFO - Processing file /home/airflow/.local/lib/python3.12/site-packages/airflow/example_dags/example_nested_branch_dag.py for tasks to queue
[2025-06-27T07:53:28.958+0000] {logging_mixin.py:190} INFO - [2025-06-27T07:53:28.956+0000] {dagbag.py:588} INFO - Filling up the DagBag from /home/airflow/.local/lib/python3.12/site-packages/airflow/example_dags/example_nested_branch_dag.py
[2025-06-27T07:53:28.998+0000] {processor.py:925} INFO - DAG(s) 'example_nested_branch_dag' retrieved from /home/airflow/.local/lib/python3.12/site-packages/airflow/example_dags/example_nested_branch_dag.py
[2025-06-27T07:53:29.059+0000] {logging_mixin.py:190} INFO - [2025-06-27T07:53:29.058+0000] {dag.py:3239} INFO - Sync 1 DAGs
[2025-06-27T07:53:29.104+0000] {logging_mixin.py:190} INFO - [2025-06-27T07:53:29.104+0000] {dag.py:4180} INFO - Setting next_dagrun for example_nested_branch_dag to 2025-06-26 00:00:00+00:00, run_after=2025-06-27 00:00:00+00:00
[2025-06-27T07:53:29.142+0000] {processor.py:208} INFO - Processing /home/airflow/.local/lib/python3.12/site-packages/airflow/example_dags/example_nested_branch_dag.py took 0.215 seconds
[2025-06-27T07:53:59.525+0000] {processor.py:186} INFO - Started process (PID=308) to work on /home/airflow/.local/lib/python3.12/site-packages/airflow/example_dags/example_nested_branch_dag.py
[2025-06-27T07:53:59.529+0000] {processor.py:914} INFO - Processing file /home/airflow/.local/lib/python3.12/site-packages/airflow/example_dags/example_nested_branch_dag.py for tasks to queue
[2025-06-27T07:53:59.536+0000] {logging_mixin.py:190} INFO - [2025-06-27T07:53:59.535+0000] {dagbag.py:588} INFO - Filling up the DagBag from /home/airflow/.local/lib/python3.12/site-packages/airflow/example_dags/example_nested_branch_dag.py
[2025-06-27T07:53:59.581+0000] {processor.py:925} INFO - DAG(s) 'example_nested_branch_dag' retrieved from /home/airflow/.local/lib/python3.12/site-packages/airflow/example_dags/example_nested_branch_dag.py
[2025-06-27T07:53:59.652+0000] {logging_mixin.py:190} INFO - [2025-06-27T07:53:59.651+0000] {dag.py:3239} INFO - Sync 1 DAGs
[2025-06-27T07:53:59.711+0000] {logging_mixin.py:190} INFO - [2025-06-27T07:53:59.711+0000] {dag.py:4180} INFO - Setting next_dagrun for example_nested_branch_dag to 2025-06-26 00:00:00+00:00, run_after=2025-06-27 00:00:00+00:00
[2025-06-27T07:53:59.757+0000] {processor.py:208} INFO - Processing /home/airflow/.local/lib/python3.12/site-packages/airflow/example_dags/example_nested_branch_dag.py took 0.257 seconds
[2025-06-27T07:54:31.506+0000] {processor.py:186} INFO - Started process (PID=371) to work on /home/airflow/.local/lib/python3.12/site-packages/airflow/example_dags/example_nested_branch_dag.py
[2025-06-27T07:54:31.510+0000] {processor.py:914} INFO - Processing file /home/airflow/.local/lib/python3.12/site-packages/airflow/example_dags/example_nested_branch_dag.py for tasks to queue
[2025-06-27T07:54:31.518+0000] {logging_mixin.py:190} INFO - [2025-06-27T07:54:31.517+0000] {dagbag.py:588} INFO - Filling up the DagBag from /home/airflow/.local/lib/python3.12/site-packages/airflow/example_dags/example_nested_branch_dag.py
[2025-06-27T07:54:31.566+0000] {processor.py:925} INFO - DAG(s) 'example_nested_branch_dag' retrieved from /home/airflow/.local/lib/python3.12/site-packages/airflow/example_dags/example_nested_branch_dag.py
[2025-06-27T07:54:31.654+0000] {logging_mixin.py:190} INFO - [2025-06-27T07:54:31.653+0000] {dag.py:3239} INFO - Sync 1 DAGs
[2025-06-27T07:54:31.737+0000] {logging_mixin.py:190} INFO - [2025-06-27T07:54:31.737+0000] {dag.py:4180} INFO - Setting next_dagrun for example_nested_branch_dag to 2025-06-26 00:00:00+00:00, run_after=2025-06-27 00:00:00+00:00
[2025-06-27T07:54:31.789+0000] {processor.py:208} INFO - Processing /home/airflow/.local/lib/python3.12/site-packages/airflow/example_dags/example_nested_branch_dag.py took 0.303 seconds
[2025-06-27T07:55:02.694+0000] {processor.py:186} INFO - Started process (PID=434) to work on /home/airflow/.local/lib/python3.12/site-packages/airflow/example_dags/example_nested_branch_dag.py
[2025-06-27T07:55:02.697+0000] {processor.py:914} INFO - Processing file /home/airflow/.local/lib/python3.12/site-packages/airflow/example_dags/example_nested_branch_dag.py for tasks to queue
[2025-06-27T07:55:02.704+0000] {logging_mixin.py:190} INFO - [2025-06-27T07:55:02.702+0000] {dagbag.py:588} INFO - Filling up the DagBag from /home/airflow/.local/lib/python3.12/site-packages/airflow/example_dags/example_nested_branch_dag.py
[2025-06-27T07:55:02.760+0000] {processor.py:925} INFO - DAG(s) 'example_nested_branch_dag' retrieved from /home/airflow/.local/lib/python3.12/site-packages/airflow/example_dags/example_nested_branch_dag.py
[2025-06-27T07:55:02.850+0000] {logging_mixin.py:190} INFO - [2025-06-27T07:55:02.849+0000] {dag.py:3239} INFO - Sync 1 DAGs
[2025-06-27T07:55:02.943+0000] {logging_mixin.py:190} INFO - [2025-06-27T07:55:02.942+0000] {dag.py:4180} INFO - Setting next_dagrun for example_nested_branch_dag to 2025-06-26 00:00:00+00:00, run_after=2025-06-27 00:00:00+00:00
[2025-06-27T07:55:03.017+0000] {processor.py:208} INFO - Processing /home/airflow/.local/lib/python3.12/site-packages/airflow/example_dags/example_nested_branch_dag.py took 0.340 seconds
[2025-06-27T07:59:45.696+0000] {processor.py:186} INFO - Started process (PID=105) to work on /home/airflow/.local/lib/python3.12/site-packages/airflow/example_dags/example_nested_branch_dag.py
[2025-06-27T07:59:45.699+0000] {processor.py:914} INFO - Processing file /home/airflow/.local/lib/python3.12/site-packages/airflow/example_dags/example_nested_branch_dag.py for tasks to queue
[2025-06-27T07:59:45.710+0000] {logging_mixin.py:190} INFO - [2025-06-27T07:59:45.708+0000] {dagbag.py:588} INFO - Filling up the DagBag from /home/airflow/.local/lib/python3.12/site-packages/airflow/example_dags/example_nested_branch_dag.py
[2025-06-27T07:59:45.761+0000] {processor.py:925} INFO - DAG(s) 'example_nested_branch_dag' retrieved from /home/airflow/.local/lib/python3.12/site-packages/airflow/example_dags/example_nested_branch_dag.py
[2025-06-27T07:59:45.938+0000] {logging_mixin.py:190} INFO - [2025-06-27T07:59:45.937+0000] {dag.py:3239} INFO - Sync 1 DAGs
[2025-06-27T07:59:46.203+0000] {logging_mixin.py:190} INFO - [2025-06-27T07:59:46.202+0000] {dag.py:4180} INFO - Setting next_dagrun for example_nested_branch_dag to 2025-06-26 00:00:00+00:00, run_after=2025-06-27 00:00:00+00:00
[2025-06-27T07:59:46.533+0000] {processor.py:208} INFO - Processing /home/airflow/.local/lib/python3.12/site-packages/airflow/example_dags/example_nested_branch_dag.py took 0.858 seconds
[2025-06-27T08:01:04.523+0000] {processor.py:186} INFO - Started process (PID=193) to work on /home/airflow/.local/lib/python3.12/site-packages/airflow/example_dags/example_nested_branch_dag.py
[2025-06-27T08:01:04.527+0000] {processor.py:914} INFO - Processing file /home/airflow/.local/lib/python3.12/site-packages/airflow/example_dags/example_nested_branch_dag.py for tasks to queue
[2025-06-27T08:01:04.536+0000] {logging_mixin.py:190} INFO - [2025-06-27T08:01:04.534+0000] {dagbag.py:588} INFO - Filling up the DagBag from /home/airflow/.local/lib/python3.12/site-packages/airflow/example_dags/example_nested_branch_dag.py
[2025-06-27T08:01:04.580+0000] {processor.py:925} INFO - DAG(s) 'example_nested_branch_dag' retrieved from /home/airflow/.local/lib/python3.12/site-packages/airflow/example_dags/example_nested_branch_dag.py
[2025-06-27T08:01:04.671+0000] {logging_mixin.py:190} INFO - [2025-06-27T08:01:04.670+0000] {dag.py:3239} INFO - Sync 1 DAGs
[2025-06-27T08:01:04.868+0000] {logging_mixin.py:190} INFO - [2025-06-27T08:01:04.867+0000] {dag.py:4180} INFO - Setting next_dagrun for example_nested_branch_dag to 2025-06-26 00:00:00+00:00, run_after=2025-06-27 00:00:00+00:00
[2025-06-27T08:01:04.966+0000] {processor.py:208} INFO - Processing /home/airflow/.local/lib/python3.12/site-packages/airflow/example_dags/example_nested_branch_dag.py took 0.465 seconds
[2025-06-27T08:01:35.826+0000] {processor.py:186} INFO - Started process (PID=255) to work on /home/airflow/.local/lib/python3.12/site-packages/airflow/example_dags/example_nested_branch_dag.py
[2025-06-27T08:01:35.830+0000] {processor.py:914} INFO - Processing file /home/airflow/.local/lib/python3.12/site-packages/airflow/example_dags/example_nested_branch_dag.py for tasks to queue
[2025-06-27T08:01:35.842+0000] {logging_mixin.py:190} INFO - [2025-06-27T08:01:35.841+0000] {dagbag.py:588} INFO - Filling up the DagBag from /home/airflow/.local/lib/python3.12/site-packages/airflow/example_dags/example_nested_branch_dag.py
[2025-06-27T08:01:35.890+0000] {processor.py:925} INFO - DAG(s) 'example_nested_branch_dag' retrieved from /home/airflow/.local/lib/python3.12/site-packages/airflow/example_dags/example_nested_branch_dag.py
[2025-06-27T08:01:36.027+0000] {logging_mixin.py:190} INFO - [2025-06-27T08:01:36.026+0000] {dag.py:3239} INFO - Sync 1 DAGs
[2025-06-27T08:01:36.152+0000] {logging_mixin.py:190} INFO - [2025-06-27T08:01:36.152+0000] {dag.py:4180} INFO - Setting next_dagrun for example_nested_branch_dag to 2025-06-26 00:00:00+00:00, run_after=2025-06-27 00:00:00+00:00
[2025-06-27T08:01:36.219+0000] {processor.py:208} INFO - Processing /home/airflow/.local/lib/python3.12/site-packages/airflow/example_dags/example_nested_branch_dag.py took 0.421 seconds
[2025-06-27T08:02:06.568+0000] {processor.py:186} INFO - Started process (PID=319) to work on /home/airflow/.local/lib/python3.12/site-packages/airflow/example_dags/example_nested_branch_dag.py
[2025-06-27T08:02:06.572+0000] {processor.py:914} INFO - Processing file /home/airflow/.local/lib/python3.12/site-packages/airflow/example_dags/example_nested_branch_dag.py for tasks to queue
[2025-06-27T08:02:06.586+0000] {logging_mixin.py:190} INFO - [2025-06-27T08:02:06.584+0000] {dagbag.py:588} INFO - Filling up the DagBag from /home/airflow/.local/lib/python3.12/site-packages/airflow/example_dags/example_nested_branch_dag.py
[2025-06-27T08:02:06.626+0000] {processor.py:925} INFO - DAG(s) 'example_nested_branch_dag' retrieved from /home/airflow/.local/lib/python3.12/site-packages/airflow/example_dags/example_nested_branch_dag.py
[2025-06-27T08:02:06.698+0000] {logging_mixin.py:190} INFO - [2025-06-27T08:02:06.697+0000] {dag.py:3239} INFO - Sync 1 DAGs
[2025-06-27T08:02:06.767+0000] {logging_mixin.py:190} INFO - [2025-06-27T08:02:06.767+0000] {dag.py:4180} INFO - Setting next_dagrun for example_nested_branch_dag to 2025-06-26 00:00:00+00:00, run_after=2025-06-27 00:00:00+00:00
[2025-06-27T08:02:06.810+0000] {processor.py:208} INFO - Processing /home/airflow/.local/lib/python3.12/site-packages/airflow/example_dags/example_nested_branch_dag.py took 0.272 seconds
[2025-06-27T08:02:37.906+0000] {processor.py:186} INFO - Started process (PID=381) to work on /home/airflow/.local/lib/python3.12/site-packages/airflow/example_dags/example_nested_branch_dag.py
[2025-06-27T08:02:37.908+0000] {processor.py:914} INFO - Processing file /home/airflow/.local/lib/python3.12/site-packages/airflow/example_dags/example_nested_branch_dag.py for tasks to queue
[2025-06-27T08:02:37.913+0000] {logging_mixin.py:190} INFO - [2025-06-27T08:02:37.913+0000] {dagbag.py:588} INFO - Filling up the DagBag from /home/airflow/.local/lib/python3.12/site-packages/airflow/example_dags/example_nested_branch_dag.py
[2025-06-27T08:02:37.930+0000] {processor.py:925} INFO - DAG(s) 'example_nested_branch_dag' retrieved from /home/airflow/.local/lib/python3.12/site-packages/airflow/example_dags/example_nested_branch_dag.py
[2025-06-27T08:02:37.969+0000] {logging_mixin.py:190} INFO - [2025-06-27T08:02:37.969+0000] {dag.py:3239} INFO - Sync 1 DAGs
[2025-06-27T08:02:38.013+0000] {logging_mixin.py:190} INFO - [2025-06-27T08:02:38.012+0000] {dag.py:4180} INFO - Setting next_dagrun for example_nested_branch_dag to 2025-06-26 00:00:00+00:00, run_after=2025-06-27 00:00:00+00:00
[2025-06-27T08:02:38.054+0000] {processor.py:208} INFO - Processing /home/airflow/.local/lib/python3.12/site-packages/airflow/example_dags/example_nested_branch_dag.py took 0.156 seconds
[2025-06-27T08:03:08.297+0000] {processor.py:186} INFO - Started process (PID=444) to work on /home/airflow/.local/lib/python3.12/site-packages/airflow/example_dags/example_nested_branch_dag.py
[2025-06-27T08:03:08.300+0000] {processor.py:914} INFO - Processing file /home/airflow/.local/lib/python3.12/site-packages/airflow/example_dags/example_nested_branch_dag.py for tasks to queue
[2025-06-27T08:03:08.304+0000] {logging_mixin.py:190} INFO - [2025-06-27T08:03:08.304+0000] {dagbag.py:588} INFO - Filling up the DagBag from /home/airflow/.local/lib/python3.12/site-packages/airflow/example_dags/example_nested_branch_dag.py
[2025-06-27T08:03:08.323+0000] {processor.py:925} INFO - DAG(s) 'example_nested_branch_dag' retrieved from /home/airflow/.local/lib/python3.12/site-packages/airflow/example_dags/example_nested_branch_dag.py
[2025-06-27T08:03:08.358+0000] {logging_mixin.py:190} INFO - [2025-06-27T08:03:08.357+0000] {dag.py:3239} INFO - Sync 1 DAGs
[2025-06-27T08:03:08.400+0000] {logging_mixin.py:190} INFO - [2025-06-27T08:03:08.400+0000] {dag.py:4180} INFO - Setting next_dagrun for example_nested_branch_dag to 2025-06-26 00:00:00+00:00, run_after=2025-06-27 00:00:00+00:00
[2025-06-27T08:03:08.437+0000] {processor.py:208} INFO - Processing /home/airflow/.local/lib/python3.12/site-packages/airflow/example_dags/example_nested_branch_dag.py took 0.149 seconds
[2025-06-27T08:03:38.745+0000] {processor.py:186} INFO - Started process (PID=507) to work on /home/airflow/.local/lib/python3.12/site-packages/airflow/example_dags/example_nested_branch_dag.py
[2025-06-27T08:03:38.747+0000] {processor.py:914} INFO - Processing file /home/airflow/.local/lib/python3.12/site-packages/airflow/example_dags/example_nested_branch_dag.py for tasks to queue
[2025-06-27T08:03:38.751+0000] {logging_mixin.py:190} INFO - [2025-06-27T08:03:38.751+0000] {dagbag.py:588} INFO - Filling up the DagBag from /home/airflow/.local/lib/python3.12/site-packages/airflow/example_dags/example_nested_branch_dag.py
[2025-06-27T08:03:38.772+0000] {processor.py:925} INFO - DAG(s) 'example_nested_branch_dag' retrieved from /home/airflow/.local/lib/python3.12/site-packages/airflow/example_dags/example_nested_branch_dag.py
[2025-06-27T08:03:38.810+0000] {logging_mixin.py:190} INFO - [2025-06-27T08:03:38.810+0000] {dag.py:3239} INFO - Sync 1 DAGs
[2025-06-27T08:03:38.853+0000] {logging_mixin.py:190} INFO - [2025-06-27T08:03:38.853+0000] {dag.py:4180} INFO - Setting next_dagrun for example_nested_branch_dag to 2025-06-26 00:00:00+00:00, run_after=2025-06-27 00:00:00+00:00
[2025-06-27T08:03:38.884+0000] {processor.py:208} INFO - Processing /home/airflow/.local/lib/python3.12/site-packages/airflow/example_dags/example_nested_branch_dag.py took 0.147 seconds
[2025-06-27T08:04:09.363+0000] {processor.py:186} INFO - Started process (PID=570) to work on /home/airflow/.local/lib/python3.12/site-packages/airflow/example_dags/example_nested_branch_dag.py
[2025-06-27T08:04:09.365+0000] {processor.py:914} INFO - Processing file /home/airflow/.local/lib/python3.12/site-packages/airflow/example_dags/example_nested_branch_dag.py for tasks to queue
[2025-06-27T08:04:09.370+0000] {logging_mixin.py:190} INFO - [2025-06-27T08:04:09.369+0000] {dagbag.py:588} INFO - Filling up the DagBag from /home/airflow/.local/lib/python3.12/site-packages/airflow/example_dags/example_nested_branch_dag.py
[2025-06-27T08:04:09.401+0000] {processor.py:925} INFO - DAG(s) 'example_nested_branch_dag' retrieved from /home/airflow/.local/lib/python3.12/site-packages/airflow/example_dags/example_nested_branch_dag.py
[2025-06-27T08:04:09.482+0000] {logging_mixin.py:190} INFO - [2025-06-27T08:04:09.481+0000] {dag.py:3239} INFO - Sync 1 DAGs
[2025-06-27T08:04:09.646+0000] {logging_mixin.py:190} INFO - [2025-06-27T08:04:09.643+0000] {dag.py:4180} INFO - Setting next_dagrun for example_nested_branch_dag to 2025-06-26 00:00:00+00:00, run_after=2025-06-27 00:00:00+00:00
[2025-06-27T08:04:09.719+0000] {processor.py:208} INFO - Processing /home/airflow/.local/lib/python3.12/site-packages/airflow/example_dags/example_nested_branch_dag.py took 0.366 seconds
[2025-06-27T08:04:40.172+0000] {processor.py:186} INFO - Started process (PID=633) to work on /home/airflow/.local/lib/python3.12/site-packages/airflow/example_dags/example_nested_branch_dag.py
[2025-06-27T08:04:40.175+0000] {processor.py:914} INFO - Processing file /home/airflow/.local/lib/python3.12/site-packages/airflow/example_dags/example_nested_branch_dag.py for tasks to queue
[2025-06-27T08:04:40.183+0000] {logging_mixin.py:190} INFO - [2025-06-27T08:04:40.182+0000] {dagbag.py:588} INFO - Filling up the DagBag from /home/airflow/.local/lib/python3.12/site-packages/airflow/example_dags/example_nested_branch_dag.py
[2025-06-27T08:04:40.210+0000] {processor.py:925} INFO - DAG(s) 'example_nested_branch_dag' retrieved from /home/airflow/.local/lib/python3.12/site-packages/airflow/example_dags/example_nested_branch_dag.py
[2025-06-27T08:04:40.258+0000] {logging_mixin.py:190} INFO - [2025-06-27T08:04:40.257+0000] {dag.py:3239} INFO - Sync 1 DAGs
[2025-06-27T08:04:40.306+0000] {logging_mixin.py:190} INFO - [2025-06-27T08:04:40.306+0000] {dag.py:4180} INFO - Setting next_dagrun for example_nested_branch_dag to 2025-06-26 00:00:00+00:00, run_after=2025-06-27 00:00:00+00:00
[2025-06-27T08:04:40.362+0000] {processor.py:208} INFO - Processing /home/airflow/.local/lib/python3.12/site-packages/airflow/example_dags/example_nested_branch_dag.py took 0.201 seconds
[2025-06-27T08:05:18.198+0000] {processor.py:186} INFO - Started process (PID=697) to work on /home/airflow/.local/lib/python3.12/site-packages/airflow/example_dags/example_nested_branch_dag.py
[2025-06-27T08:05:18.235+0000] {processor.py:914} INFO - Processing file /home/airflow/.local/lib/python3.12/site-packages/airflow/example_dags/example_nested_branch_dag.py for tasks to queue
[2025-06-27T08:05:18.247+0000] {logging_mixin.py:190} INFO - [2025-06-27T08:05:18.246+0000] {dagbag.py:588} INFO - Filling up the DagBag from /home/airflow/.local/lib/python3.12/site-packages/airflow/example_dags/example_nested_branch_dag.py
[2025-06-27T08:05:18.556+0000] {processor.py:925} INFO - DAG(s) 'example_nested_branch_dag' retrieved from /home/airflow/.local/lib/python3.12/site-packages/airflow/example_dags/example_nested_branch_dag.py
[2025-06-27T08:05:19.489+0000] {logging_mixin.py:190} INFO - [2025-06-27T08:05:19.488+0000] {dag.py:3239} INFO - Sync 1 DAGs
[2025-06-27T08:05:20.845+0000] {logging_mixin.py:190} INFO - [2025-06-27T08:05:20.843+0000] {dag.py:4180} INFO - Setting next_dagrun for example_nested_branch_dag to 2025-06-26 00:00:00+00:00, run_after=2025-06-27 00:00:00+00:00
[2025-06-27T08:05:21.064+0000] {processor.py:208} INFO - Processing /home/airflow/.local/lib/python3.12/site-packages/airflow/example_dags/example_nested_branch_dag.py took 2.899 seconds
[2025-06-27T08:05:52.439+0000] {processor.py:186} INFO - Started process (PID=759) to work on /home/airflow/.local/lib/python3.12/site-packages/airflow/example_dags/example_nested_branch_dag.py
[2025-06-27T08:05:52.471+0000] {processor.py:914} INFO - Processing file /home/airflow/.local/lib/python3.12/site-packages/airflow/example_dags/example_nested_branch_dag.py for tasks to queue
[2025-06-27T08:05:52.708+0000] {logging_mixin.py:190} INFO - [2025-06-27T08:05:52.699+0000] {dagbag.py:588} INFO - Filling up the DagBag from /home/airflow/.local/lib/python3.12/site-packages/airflow/example_dags/example_nested_branch_dag.py
[2025-06-27T08:05:53.197+0000] {processor.py:925} INFO - DAG(s) 'example_nested_branch_dag' retrieved from /home/airflow/.local/lib/python3.12/site-packages/airflow/example_dags/example_nested_branch_dag.py
[2025-06-27T08:05:54.171+0000] {logging_mixin.py:190} INFO - [2025-06-27T08:05:54.171+0000] {dag.py:3239} INFO - Sync 1 DAGs
[2025-06-27T08:05:54.654+0000] {logging_mixin.py:190} INFO - [2025-06-27T08:05:54.652+0000] {dag.py:4180} INFO - Setting next_dagrun for example_nested_branch_dag to 2025-06-26 00:00:00+00:00, run_after=2025-06-27 00:00:00+00:00
[2025-06-27T08:05:55.257+0000] {processor.py:208} INFO - Processing /home/airflow/.local/lib/python3.12/site-packages/airflow/example_dags/example_nested_branch_dag.py took 3.164 seconds
