[2025-06-27T07:37:15.702+0000] {processor.py:186} INFO - Started process (PID=173) to work on /home/airflow/.local/lib/python3.12/site-packages/airflow/example_dags/example_sensor_decorator.py
[2025-06-27T07:37:15.706+0000] {processor.py:914} INFO - Processing file /home/airflow/.local/lib/python3.12/site-packages/airflow/example_dags/example_sensor_decorator.py for tasks to queue
[2025-06-27T07:37:15.725+0000] {logging_mixin.py:190} INFO - [2025-06-27T07:37:15.723+0000] {dagbag.py:588} INFO - Filling up the DagBag from /home/airflow/.local/lib/python3.12/site-packages/airflow/example_dags/example_sensor_decorator.py
[2025-06-27T07:37:15.798+0000] {processor.py:925} INFO - DAG(s) 'example_sensor_decorator' retrieved from /home/airflow/.local/lib/python3.12/site-packages/airflow/example_dags/example_sensor_decorator.py
[2025-06-27T07:37:16.492+0000] {logging_mixin.py:190} INFO - [2025-06-27T07:37:16.489+0000] {override.py:1900} INFO - Created Permission View: can read on DAG:example_sensor_decorator
[2025-06-27T07:37:16.553+0000] {logging_mixin.py:190} INFO - [2025-06-27T07:37:16.552+0000] {override.py:1900} INFO - Created Permission View: can edit on DAG:example_sensor_decorator
[2025-06-27T07:37:16.594+0000] {logging_mixin.py:190} INFO - [2025-06-27T07:37:16.592+0000] {override.py:1900} INFO - Created Permission View: can delete on DAG:example_sensor_decorator
[2025-06-27T07:37:16.634+0000] {logging_mixin.py:190} INFO - [2025-06-27T07:37:16.633+0000] {override.py:1900} INFO - Created Permission View: can read on DAG Run:example_sensor_decorator
[2025-06-27T07:37:16.666+0000] {logging_mixin.py:190} INFO - [2025-06-27T07:37:16.665+0000] {override.py:1900} INFO - Created Permission View: can create on DAG Run:example_sensor_decorator
[2025-06-27T07:37:16.695+0000] {logging_mixin.py:190} INFO - [2025-06-27T07:37:16.694+0000] {override.py:1900} INFO - Created Permission View: can delete on DAG Run:example_sensor_decorator
[2025-06-27T07:37:16.723+0000] {logging_mixin.py:190} INFO - [2025-06-27T07:37:16.722+0000] {override.py:1900} INFO - Created Permission View: menu access on DAG Run:example_sensor_decorator
[2025-06-27T07:37:16.726+0000] {logging_mixin.py:190} INFO - [2025-06-27T07:37:16.725+0000] {dag.py:3239} INFO - Sync 1 DAGs
[2025-06-27T07:37:16.774+0000] {logging_mixin.py:190} INFO - [2025-06-27T07:37:16.773+0000] {dag.py:3262} INFO - Creating ORM DAG for example_sensor_decorator
[2025-06-27T07:37:16.780+0000] {logging_mixin.py:190} INFO - [2025-06-27T07:37:16.778+0000] {dag.py:4180} INFO - Setting next_dagrun for example_sensor_decorator to None, run_after=None
[2025-06-27T07:37:16.916+0000] {processor.py:208} INFO - Processing /home/airflow/.local/lib/python3.12/site-packages/airflow/example_dags/example_sensor_decorator.py took 1.244 seconds
[2025-06-27T07:37:47.378+0000] {processor.py:186} INFO - Started process (PID=236) to work on /home/airflow/.local/lib/python3.12/site-packages/airflow/example_dags/example_sensor_decorator.py
[2025-06-27T07:37:47.382+0000] {processor.py:914} INFO - Processing file /home/airflow/.local/lib/python3.12/site-packages/airflow/example_dags/example_sensor_decorator.py for tasks to queue
[2025-06-27T07:37:47.393+0000] {logging_mixin.py:190} INFO - [2025-06-27T07:37:47.392+0000] {dagbag.py:588} INFO - Filling up the DagBag from /home/airflow/.local/lib/python3.12/site-packages/airflow/example_dags/example_sensor_decorator.py
[2025-06-27T07:37:47.427+0000] {processor.py:925} INFO - DAG(s) 'example_sensor_decorator' retrieved from /home/airflow/.local/lib/python3.12/site-packages/airflow/example_dags/example_sensor_decorator.py
[2025-06-27T07:37:47.527+0000] {logging_mixin.py:190} INFO - [2025-06-27T07:37:47.526+0000] {dag.py:3239} INFO - Sync 1 DAGs
[2025-06-27T07:37:47.602+0000] {logging_mixin.py:190} INFO - [2025-06-27T07:37:47.602+0000] {dag.py:4180} INFO - Setting next_dagrun for example_sensor_decorator to None, run_after=None
[2025-06-27T07:37:47.664+0000] {processor.py:208} INFO - Processing /home/airflow/.local/lib/python3.12/site-packages/airflow/example_dags/example_sensor_decorator.py took 0.315 seconds
[2025-06-27T07:38:31.015+0000] {processor.py:186} INFO - Started process (PID=299) to work on /home/airflow/.local/lib/python3.12/site-packages/airflow/example_dags/example_sensor_decorator.py
[2025-06-27T07:38:31.019+0000] {processor.py:914} INFO - Processing file /home/airflow/.local/lib/python3.12/site-packages/airflow/example_dags/example_sensor_decorator.py for tasks to queue
[2025-06-27T07:38:31.028+0000] {logging_mixin.py:190} INFO - [2025-06-27T07:38:31.027+0000] {dagbag.py:588} INFO - Filling up the DagBag from /home/airflow/.local/lib/python3.12/site-packages/airflow/example_dags/example_sensor_decorator.py
[2025-06-27T07:38:31.067+0000] {processor.py:925} INFO - DAG(s) 'example_sensor_decorator' retrieved from /home/airflow/.local/lib/python3.12/site-packages/airflow/example_dags/example_sensor_decorator.py
[2025-06-27T07:38:31.190+0000] {logging_mixin.py:190} INFO - [2025-06-27T07:38:31.189+0000] {dag.py:3239} INFO - Sync 1 DAGs
[2025-06-27T07:38:31.290+0000] {logging_mixin.py:190} INFO - [2025-06-27T07:38:31.290+0000] {dag.py:4180} INFO - Setting next_dagrun for example_sensor_decorator to None, run_after=None
[2025-06-27T07:38:31.366+0000] {processor.py:208} INFO - Processing /home/airflow/.local/lib/python3.12/site-packages/airflow/example_dags/example_sensor_decorator.py took 0.375 seconds
[2025-06-27T07:39:10.905+0000] {processor.py:186} INFO - Started process (PID=367) to work on /home/airflow/.local/lib/python3.12/site-packages/airflow/example_dags/example_sensor_decorator.py
[2025-06-27T07:39:10.931+0000] {processor.py:914} INFO - Processing file /home/airflow/.local/lib/python3.12/site-packages/airflow/example_dags/example_sensor_decorator.py for tasks to queue
[2025-06-27T07:39:10.945+0000] {logging_mixin.py:190} INFO - [2025-06-27T07:39:10.944+0000] {dagbag.py:588} INFO - Filling up the DagBag from /home/airflow/.local/lib/python3.12/site-packages/airflow/example_dags/example_sensor_decorator.py
[2025-06-27T07:39:11.009+0000] {processor.py:925} INFO - DAG(s) 'example_sensor_decorator' retrieved from /home/airflow/.local/lib/python3.12/site-packages/airflow/example_dags/example_sensor_decorator.py
[2025-06-27T07:39:11.133+0000] {logging_mixin.py:190} INFO - [2025-06-27T07:39:11.132+0000] {dag.py:3239} INFO - Sync 1 DAGs
[2025-06-27T07:39:11.209+0000] {logging_mixin.py:190} INFO - [2025-06-27T07:39:11.209+0000] {dag.py:4180} INFO - Setting next_dagrun for example_sensor_decorator to None, run_after=None
[2025-06-27T07:39:11.352+0000] {processor.py:208} INFO - Processing /home/airflow/.local/lib/python3.12/site-packages/airflow/example_dags/example_sensor_decorator.py took 0.504 seconds
[2025-06-27T07:39:51.663+0000] {processor.py:186} INFO - Started process (PID=431) to work on /home/airflow/.local/lib/python3.12/site-packages/airflow/example_dags/example_sensor_decorator.py
[2025-06-27T07:39:51.667+0000] {processor.py:914} INFO - Processing file /home/airflow/.local/lib/python3.12/site-packages/airflow/example_dags/example_sensor_decorator.py for tasks to queue
[2025-06-27T07:39:51.675+0000] {logging_mixin.py:190} INFO - [2025-06-27T07:39:51.674+0000] {dagbag.py:588} INFO - Filling up the DagBag from /home/airflow/.local/lib/python3.12/site-packages/airflow/example_dags/example_sensor_decorator.py
[2025-06-27T07:39:51.705+0000] {processor.py:925} INFO - DAG(s) 'example_sensor_decorator' retrieved from /home/airflow/.local/lib/python3.12/site-packages/airflow/example_dags/example_sensor_decorator.py
[2025-06-27T07:39:51.765+0000] {logging_mixin.py:190} INFO - [2025-06-27T07:39:51.764+0000] {dag.py:3239} INFO - Sync 1 DAGs
[2025-06-27T07:39:51.809+0000] {logging_mixin.py:190} INFO - [2025-06-27T07:39:51.809+0000] {dag.py:4180} INFO - Setting next_dagrun for example_sensor_decorator to None, run_after=None
[2025-06-27T07:39:51.878+0000] {processor.py:208} INFO - Processing /home/airflow/.local/lib/python3.12/site-packages/airflow/example_dags/example_sensor_decorator.py took 0.241 seconds
[2025-06-27T07:40:24.718+0000] {processor.py:186} INFO - Started process (PID=494) to work on /home/airflow/.local/lib/python3.12/site-packages/airflow/example_dags/example_sensor_decorator.py
[2025-06-27T07:40:24.722+0000] {processor.py:914} INFO - Processing file /home/airflow/.local/lib/python3.12/site-packages/airflow/example_dags/example_sensor_decorator.py for tasks to queue
[2025-06-27T07:40:24.730+0000] {logging_mixin.py:190} INFO - [2025-06-27T07:40:24.728+0000] {dagbag.py:588} INFO - Filling up the DagBag from /home/airflow/.local/lib/python3.12/site-packages/airflow/example_dags/example_sensor_decorator.py
[2025-06-27T07:40:24.761+0000] {processor.py:925} INFO - DAG(s) 'example_sensor_decorator' retrieved from /home/airflow/.local/lib/python3.12/site-packages/airflow/example_dags/example_sensor_decorator.py
[2025-06-27T07:40:24.851+0000] {logging_mixin.py:190} INFO - [2025-06-27T07:40:24.850+0000] {dag.py:3239} INFO - Sync 1 DAGs
[2025-06-27T07:40:24.904+0000] {logging_mixin.py:190} INFO - [2025-06-27T07:40:24.904+0000] {dag.py:4180} INFO - Setting next_dagrun for example_sensor_decorator to None, run_after=None
[2025-06-27T07:40:24.972+0000] {processor.py:208} INFO - Processing /home/airflow/.local/lib/python3.12/site-packages/airflow/example_dags/example_sensor_decorator.py took 0.272 seconds
[2025-06-27T07:40:56.822+0000] {processor.py:186} INFO - Started process (PID=557) to work on /home/airflow/.local/lib/python3.12/site-packages/airflow/example_dags/example_sensor_decorator.py
[2025-06-27T07:40:56.832+0000] {processor.py:914} INFO - Processing file /home/airflow/.local/lib/python3.12/site-packages/airflow/example_dags/example_sensor_decorator.py for tasks to queue
[2025-06-27T07:40:56.857+0000] {logging_mixin.py:190} INFO - [2025-06-27T07:40:56.851+0000] {dagbag.py:588} INFO - Filling up the DagBag from /home/airflow/.local/lib/python3.12/site-packages/airflow/example_dags/example_sensor_decorator.py
[2025-06-27T07:40:56.902+0000] {processor.py:925} INFO - DAG(s) 'example_sensor_decorator' retrieved from /home/airflow/.local/lib/python3.12/site-packages/airflow/example_dags/example_sensor_decorator.py
[2025-06-27T07:40:57.048+0000] {logging_mixin.py:190} INFO - [2025-06-27T07:40:57.047+0000] {dag.py:3239} INFO - Sync 1 DAGs
[2025-06-27T07:40:57.187+0000] {logging_mixin.py:190} INFO - [2025-06-27T07:40:57.186+0000] {dag.py:4180} INFO - Setting next_dagrun for example_sensor_decorator to None, run_after=None
[2025-06-27T07:40:57.330+0000] {processor.py:208} INFO - Processing /home/airflow/.local/lib/python3.12/site-packages/airflow/example_dags/example_sensor_decorator.py took 0.558 seconds
[2025-06-27T07:41:34.749+0000] {processor.py:186} INFO - Started process (PID=628) to work on /home/airflow/.local/lib/python3.12/site-packages/airflow/example_dags/example_sensor_decorator.py
[2025-06-27T07:41:34.766+0000] {processor.py:914} INFO - Processing file /home/airflow/.local/lib/python3.12/site-packages/airflow/example_dags/example_sensor_decorator.py for tasks to queue
[2025-06-27T07:41:34.786+0000] {logging_mixin.py:190} INFO - [2025-06-27T07:41:34.785+0000] {dagbag.py:588} INFO - Filling up the DagBag from /home/airflow/.local/lib/python3.12/site-packages/airflow/example_dags/example_sensor_decorator.py
[2025-06-27T07:41:34.863+0000] {processor.py:925} INFO - DAG(s) 'example_sensor_decorator' retrieved from /home/airflow/.local/lib/python3.12/site-packages/airflow/example_dags/example_sensor_decorator.py
[2025-06-27T07:41:35.045+0000] {logging_mixin.py:190} INFO - [2025-06-27T07:41:35.044+0000] {dag.py:3239} INFO - Sync 1 DAGs
[2025-06-27T07:41:35.164+0000] {logging_mixin.py:190} INFO - [2025-06-27T07:41:35.163+0000] {dag.py:4180} INFO - Setting next_dagrun for example_sensor_decorator to None, run_after=None
[2025-06-27T07:41:35.242+0000] {processor.py:208} INFO - Processing /home/airflow/.local/lib/python3.12/site-packages/airflow/example_dags/example_sensor_decorator.py took 0.518 seconds
[2025-06-27T07:42:21.896+0000] {processor.py:186} INFO - Started process (PID=691) to work on /home/airflow/.local/lib/python3.12/site-packages/airflow/example_dags/example_sensor_decorator.py
[2025-06-27T07:42:21.904+0000] {processor.py:914} INFO - Processing file /home/airflow/.local/lib/python3.12/site-packages/airflow/example_dags/example_sensor_decorator.py for tasks to queue
[2025-06-27T07:42:21.934+0000] {logging_mixin.py:190} INFO - [2025-06-27T07:42:21.932+0000] {dagbag.py:588} INFO - Filling up the DagBag from /home/airflow/.local/lib/python3.12/site-packages/airflow/example_dags/example_sensor_decorator.py
[2025-06-27T07:42:22.055+0000] {processor.py:925} INFO - DAG(s) 'example_sensor_decorator' retrieved from /home/airflow/.local/lib/python3.12/site-packages/airflow/example_dags/example_sensor_decorator.py
[2025-06-27T07:42:22.363+0000] {logging_mixin.py:190} INFO - [2025-06-27T07:42:22.351+0000] {dag.py:3239} INFO - Sync 1 DAGs
[2025-06-27T07:42:22.542+0000] {logging_mixin.py:190} INFO - [2025-06-27T07:42:22.541+0000] {dag.py:4180} INFO - Setting next_dagrun for example_sensor_decorator to None, run_after=None
[2025-06-27T07:42:22.744+0000] {processor.py:208} INFO - Processing /home/airflow/.local/lib/python3.12/site-packages/airflow/example_dags/example_sensor_decorator.py took 0.896 seconds
[2025-06-27T07:42:53.321+0000] {processor.py:186} INFO - Started process (PID=754) to work on /home/airflow/.local/lib/python3.12/site-packages/airflow/example_dags/example_sensor_decorator.py
[2025-06-27T07:42:53.325+0000] {processor.py:914} INFO - Processing file /home/airflow/.local/lib/python3.12/site-packages/airflow/example_dags/example_sensor_decorator.py for tasks to queue
[2025-06-27T07:42:53.337+0000] {logging_mixin.py:190} INFO - [2025-06-27T07:42:53.335+0000] {dagbag.py:588} INFO - Filling up the DagBag from /home/airflow/.local/lib/python3.12/site-packages/airflow/example_dags/example_sensor_decorator.py
[2025-06-27T07:42:53.373+0000] {processor.py:925} INFO - DAG(s) 'example_sensor_decorator' retrieved from /home/airflow/.local/lib/python3.12/site-packages/airflow/example_dags/example_sensor_decorator.py
[2025-06-27T07:42:53.494+0000] {logging_mixin.py:190} INFO - [2025-06-27T07:42:53.491+0000] {dag.py:3239} INFO - Sync 1 DAGs
[2025-06-27T07:42:53.559+0000] {logging_mixin.py:190} INFO - [2025-06-27T07:42:53.558+0000] {dag.py:4180} INFO - Setting next_dagrun for example_sensor_decorator to None, run_after=None
[2025-06-27T07:42:53.651+0000] {processor.py:208} INFO - Processing /home/airflow/.local/lib/python3.12/site-packages/airflow/example_dags/example_sensor_decorator.py took 0.353 seconds
[2025-06-27T07:43:33.467+0000] {processor.py:186} INFO - Started process (PID=824) to work on /home/airflow/.local/lib/python3.12/site-packages/airflow/example_dags/example_sensor_decorator.py
[2025-06-27T07:43:33.472+0000] {processor.py:914} INFO - Processing file /home/airflow/.local/lib/python3.12/site-packages/airflow/example_dags/example_sensor_decorator.py for tasks to queue
[2025-06-27T07:43:33.483+0000] {logging_mixin.py:190} INFO - [2025-06-27T07:43:33.482+0000] {dagbag.py:588} INFO - Filling up the DagBag from /home/airflow/.local/lib/python3.12/site-packages/airflow/example_dags/example_sensor_decorator.py
[2025-06-27T07:43:33.518+0000] {processor.py:925} INFO - DAG(s) 'example_sensor_decorator' retrieved from /home/airflow/.local/lib/python3.12/site-packages/airflow/example_dags/example_sensor_decorator.py
[2025-06-27T07:43:33.566+0000] {logging_mixin.py:190} INFO - [2025-06-27T07:43:33.566+0000] {dag.py:3239} INFO - Sync 1 DAGs
[2025-06-27T07:43:33.599+0000] {logging_mixin.py:190} INFO - [2025-06-27T07:43:33.598+0000] {dag.py:4180} INFO - Setting next_dagrun for example_sensor_decorator to None, run_after=None
[2025-06-27T07:43:33.639+0000] {processor.py:208} INFO - Processing /home/airflow/.local/lib/python3.12/site-packages/airflow/example_dags/example_sensor_decorator.py took 0.195 seconds
[2025-06-27T07:44:04.447+0000] {processor.py:186} INFO - Started process (PID=887) to work on /home/airflow/.local/lib/python3.12/site-packages/airflow/example_dags/example_sensor_decorator.py
[2025-06-27T07:44:04.449+0000] {processor.py:914} INFO - Processing file /home/airflow/.local/lib/python3.12/site-packages/airflow/example_dags/example_sensor_decorator.py for tasks to queue
[2025-06-27T07:44:04.456+0000] {logging_mixin.py:190} INFO - [2025-06-27T07:44:04.455+0000] {dagbag.py:588} INFO - Filling up the DagBag from /home/airflow/.local/lib/python3.12/site-packages/airflow/example_dags/example_sensor_decorator.py
[2025-06-27T07:44:04.481+0000] {processor.py:925} INFO - DAG(s) 'example_sensor_decorator' retrieved from /home/airflow/.local/lib/python3.12/site-packages/airflow/example_dags/example_sensor_decorator.py
[2025-06-27T07:44:04.529+0000] {logging_mixin.py:190} INFO - [2025-06-27T07:44:04.528+0000] {dag.py:3239} INFO - Sync 1 DAGs
[2025-06-27T07:44:04.561+0000] {logging_mixin.py:190} INFO - [2025-06-27T07:44:04.560+0000] {dag.py:4180} INFO - Setting next_dagrun for example_sensor_decorator to None, run_after=None
[2025-06-27T07:44:04.609+0000] {processor.py:208} INFO - Processing /home/airflow/.local/lib/python3.12/site-packages/airflow/example_dags/example_sensor_decorator.py took 0.177 seconds
[2025-06-27T07:44:35.744+0000] {processor.py:186} INFO - Started process (PID=951) to work on /home/airflow/.local/lib/python3.12/site-packages/airflow/example_dags/example_sensor_decorator.py
[2025-06-27T07:44:35.748+0000] {processor.py:914} INFO - Processing file /home/airflow/.local/lib/python3.12/site-packages/airflow/example_dags/example_sensor_decorator.py for tasks to queue
[2025-06-27T07:44:35.757+0000] {logging_mixin.py:190} INFO - [2025-06-27T07:44:35.755+0000] {dagbag.py:588} INFO - Filling up the DagBag from /home/airflow/.local/lib/python3.12/site-packages/airflow/example_dags/example_sensor_decorator.py
[2025-06-27T07:44:35.803+0000] {processor.py:925} INFO - DAG(s) 'example_sensor_decorator' retrieved from /home/airflow/.local/lib/python3.12/site-packages/airflow/example_dags/example_sensor_decorator.py
[2025-06-27T07:44:35.930+0000] {logging_mixin.py:190} INFO - [2025-06-27T07:44:35.929+0000] {dag.py:3239} INFO - Sync 1 DAGs
[2025-06-27T07:44:36.015+0000] {logging_mixin.py:190} INFO - [2025-06-27T07:44:36.014+0000] {dag.py:4180} INFO - Setting next_dagrun for example_sensor_decorator to None, run_after=None
[2025-06-27T07:44:36.119+0000] {processor.py:208} INFO - Processing /home/airflow/.local/lib/python3.12/site-packages/airflow/example_dags/example_sensor_decorator.py took 0.402 seconds
[2025-06-27T07:45:06.813+0000] {processor.py:186} INFO - Started process (PID=1015) to work on /home/airflow/.local/lib/python3.12/site-packages/airflow/example_dags/example_sensor_decorator.py
[2025-06-27T07:45:06.817+0000] {processor.py:914} INFO - Processing file /home/airflow/.local/lib/python3.12/site-packages/airflow/example_dags/example_sensor_decorator.py for tasks to queue
[2025-06-27T07:45:06.823+0000] {logging_mixin.py:190} INFO - [2025-06-27T07:45:06.822+0000] {dagbag.py:588} INFO - Filling up the DagBag from /home/airflow/.local/lib/python3.12/site-packages/airflow/example_dags/example_sensor_decorator.py
[2025-06-27T07:45:06.846+0000] {processor.py:925} INFO - DAG(s) 'example_sensor_decorator' retrieved from /home/airflow/.local/lib/python3.12/site-packages/airflow/example_dags/example_sensor_decorator.py
[2025-06-27T07:45:06.894+0000] {logging_mixin.py:190} INFO - [2025-06-27T07:45:06.894+0000] {dag.py:3239} INFO - Sync 1 DAGs
[2025-06-27T07:45:06.931+0000] {logging_mixin.py:190} INFO - [2025-06-27T07:45:06.931+0000] {dag.py:4180} INFO - Setting next_dagrun for example_sensor_decorator to None, run_after=None
[2025-06-27T07:45:06.979+0000] {processor.py:208} INFO - Processing /home/airflow/.local/lib/python3.12/site-packages/airflow/example_dags/example_sensor_decorator.py took 0.180 seconds
[2025-06-27T07:45:37.224+0000] {processor.py:186} INFO - Started process (PID=1078) to work on /home/airflow/.local/lib/python3.12/site-packages/airflow/example_dags/example_sensor_decorator.py
[2025-06-27T07:45:37.227+0000] {processor.py:914} INFO - Processing file /home/airflow/.local/lib/python3.12/site-packages/airflow/example_dags/example_sensor_decorator.py for tasks to queue
[2025-06-27T07:45:37.233+0000] {logging_mixin.py:190} INFO - [2025-06-27T07:45:37.232+0000] {dagbag.py:588} INFO - Filling up the DagBag from /home/airflow/.local/lib/python3.12/site-packages/airflow/example_dags/example_sensor_decorator.py
[2025-06-27T07:45:37.250+0000] {processor.py:925} INFO - DAG(s) 'example_sensor_decorator' retrieved from /home/airflow/.local/lib/python3.12/site-packages/airflow/example_dags/example_sensor_decorator.py
[2025-06-27T07:45:37.288+0000] {logging_mixin.py:190} INFO - [2025-06-27T07:45:37.288+0000] {dag.py:3239} INFO - Sync 1 DAGs
[2025-06-27T07:45:37.316+0000] {logging_mixin.py:190} INFO - [2025-06-27T07:45:37.316+0000] {dag.py:4180} INFO - Setting next_dagrun for example_sensor_decorator to None, run_after=None
[2025-06-27T07:45:37.359+0000] {processor.py:208} INFO - Processing /home/airflow/.local/lib/python3.12/site-packages/airflow/example_dags/example_sensor_decorator.py took 0.145 seconds
[2025-06-27T07:46:07.503+0000] {processor.py:186} INFO - Started process (PID=1141) to work on /home/airflow/.local/lib/python3.12/site-packages/airflow/example_dags/example_sensor_decorator.py
[2025-06-27T07:46:07.505+0000] {processor.py:914} INFO - Processing file /home/airflow/.local/lib/python3.12/site-packages/airflow/example_dags/example_sensor_decorator.py for tasks to queue
[2025-06-27T07:46:07.511+0000] {logging_mixin.py:190} INFO - [2025-06-27T07:46:07.510+0000] {dagbag.py:588} INFO - Filling up the DagBag from /home/airflow/.local/lib/python3.12/site-packages/airflow/example_dags/example_sensor_decorator.py
[2025-06-27T07:46:07.537+0000] {processor.py:925} INFO - DAG(s) 'example_sensor_decorator' retrieved from /home/airflow/.local/lib/python3.12/site-packages/airflow/example_dags/example_sensor_decorator.py
[2025-06-27T07:46:07.577+0000] {logging_mixin.py:190} INFO - [2025-06-27T07:46:07.577+0000] {dag.py:3239} INFO - Sync 1 DAGs
[2025-06-27T07:46:07.616+0000] {logging_mixin.py:190} INFO - [2025-06-27T07:46:07.616+0000] {dag.py:4180} INFO - Setting next_dagrun for example_sensor_decorator to None, run_after=None
[2025-06-27T07:46:07.653+0000] {processor.py:208} INFO - Processing /home/airflow/.local/lib/python3.12/site-packages/airflow/example_dags/example_sensor_decorator.py took 0.165 seconds
[2025-06-27T07:46:38.318+0000] {processor.py:186} INFO - Started process (PID=1210) to work on /home/airflow/.local/lib/python3.12/site-packages/airflow/example_dags/example_sensor_decorator.py
[2025-06-27T07:46:38.320+0000] {processor.py:914} INFO - Processing file /home/airflow/.local/lib/python3.12/site-packages/airflow/example_dags/example_sensor_decorator.py for tasks to queue
[2025-06-27T07:46:38.327+0000] {logging_mixin.py:190} INFO - [2025-06-27T07:46:38.327+0000] {dagbag.py:588} INFO - Filling up the DagBag from /home/airflow/.local/lib/python3.12/site-packages/airflow/example_dags/example_sensor_decorator.py
[2025-06-27T07:46:38.347+0000] {processor.py:925} INFO - DAG(s) 'example_sensor_decorator' retrieved from /home/airflow/.local/lib/python3.12/site-packages/airflow/example_dags/example_sensor_decorator.py
[2025-06-27T07:46:38.398+0000] {logging_mixin.py:190} INFO - [2025-06-27T07:46:38.397+0000] {dag.py:3239} INFO - Sync 1 DAGs
[2025-06-27T07:46:38.429+0000] {logging_mixin.py:190} INFO - [2025-06-27T07:46:38.429+0000] {dag.py:4180} INFO - Setting next_dagrun for example_sensor_decorator to None, run_after=None
[2025-06-27T07:46:38.472+0000] {processor.py:208} INFO - Processing /home/airflow/.local/lib/python3.12/site-packages/airflow/example_dags/example_sensor_decorator.py took 0.166 seconds
[2025-06-27T07:47:09.692+0000] {processor.py:186} INFO - Started process (PID=1273) to work on /home/airflow/.local/lib/python3.12/site-packages/airflow/example_dags/example_sensor_decorator.py
[2025-06-27T07:47:09.694+0000] {processor.py:914} INFO - Processing file /home/airflow/.local/lib/python3.12/site-packages/airflow/example_dags/example_sensor_decorator.py for tasks to queue
[2025-06-27T07:47:09.700+0000] {logging_mixin.py:190} INFO - [2025-06-27T07:47:09.699+0000] {dagbag.py:588} INFO - Filling up the DagBag from /home/airflow/.local/lib/python3.12/site-packages/airflow/example_dags/example_sensor_decorator.py
[2025-06-27T07:47:09.717+0000] {processor.py:925} INFO - DAG(s) 'example_sensor_decorator' retrieved from /home/airflow/.local/lib/python3.12/site-packages/airflow/example_dags/example_sensor_decorator.py
[2025-06-27T07:47:09.761+0000] {logging_mixin.py:190} INFO - [2025-06-27T07:47:09.760+0000] {dag.py:3239} INFO - Sync 1 DAGs
[2025-06-27T07:47:09.814+0000] {logging_mixin.py:190} INFO - [2025-06-27T07:47:09.813+0000] {dag.py:4180} INFO - Setting next_dagrun for example_sensor_decorator to None, run_after=None
[2025-06-27T07:47:09.862+0000] {processor.py:208} INFO - Processing /home/airflow/.local/lib/python3.12/site-packages/airflow/example_dags/example_sensor_decorator.py took 0.180 seconds
[2025-06-27T07:47:41.276+0000] {processor.py:186} INFO - Started process (PID=1336) to work on /home/airflow/.local/lib/python3.12/site-packages/airflow/example_dags/example_sensor_decorator.py
[2025-06-27T07:47:41.280+0000] {processor.py:914} INFO - Processing file /home/airflow/.local/lib/python3.12/site-packages/airflow/example_dags/example_sensor_decorator.py for tasks to queue
[2025-06-27T07:47:41.295+0000] {logging_mixin.py:190} INFO - [2025-06-27T07:47:41.294+0000] {dagbag.py:588} INFO - Filling up the DagBag from /home/airflow/.local/lib/python3.12/site-packages/airflow/example_dags/example_sensor_decorator.py
[2025-06-27T07:47:41.336+0000] {processor.py:925} INFO - DAG(s) 'example_sensor_decorator' retrieved from /home/airflow/.local/lib/python3.12/site-packages/airflow/example_dags/example_sensor_decorator.py
[2025-06-27T07:47:41.416+0000] {logging_mixin.py:190} INFO - [2025-06-27T07:47:41.415+0000] {dag.py:3239} INFO - Sync 1 DAGs
[2025-06-27T07:47:41.462+0000] {logging_mixin.py:190} INFO - [2025-06-27T07:47:41.462+0000] {dag.py:4180} INFO - Setting next_dagrun for example_sensor_decorator to None, run_after=None
[2025-06-27T07:47:41.516+0000] {processor.py:208} INFO - Processing /home/airflow/.local/lib/python3.12/site-packages/airflow/example_dags/example_sensor_decorator.py took 0.262 seconds
[2025-06-27T07:48:12.182+0000] {processor.py:186} INFO - Started process (PID=1399) to work on /home/airflow/.local/lib/python3.12/site-packages/airflow/example_dags/example_sensor_decorator.py
[2025-06-27T07:48:12.185+0000] {processor.py:914} INFO - Processing file /home/airflow/.local/lib/python3.12/site-packages/airflow/example_dags/example_sensor_decorator.py for tasks to queue
[2025-06-27T07:48:12.192+0000] {logging_mixin.py:190} INFO - [2025-06-27T07:48:12.191+0000] {dagbag.py:588} INFO - Filling up the DagBag from /home/airflow/.local/lib/python3.12/site-packages/airflow/example_dags/example_sensor_decorator.py
[2025-06-27T07:48:12.214+0000] {processor.py:925} INFO - DAG(s) 'example_sensor_decorator' retrieved from /home/airflow/.local/lib/python3.12/site-packages/airflow/example_dags/example_sensor_decorator.py
[2025-06-27T07:48:12.264+0000] {logging_mixin.py:190} INFO - [2025-06-27T07:48:12.263+0000] {dag.py:3239} INFO - Sync 1 DAGs
[2025-06-27T07:48:12.311+0000] {logging_mixin.py:190} INFO - [2025-06-27T07:48:12.310+0000] {dag.py:4180} INFO - Setting next_dagrun for example_sensor_decorator to None, run_after=None
[2025-06-27T07:48:12.372+0000] {processor.py:208} INFO - Processing /home/airflow/.local/lib/python3.12/site-packages/airflow/example_dags/example_sensor_decorator.py took 0.204 seconds
[2025-06-27T07:48:42.779+0000] {processor.py:186} INFO - Started process (PID=1462) to work on /home/airflow/.local/lib/python3.12/site-packages/airflow/example_dags/example_sensor_decorator.py
[2025-06-27T07:48:42.782+0000] {processor.py:914} INFO - Processing file /home/airflow/.local/lib/python3.12/site-packages/airflow/example_dags/example_sensor_decorator.py for tasks to queue
[2025-06-27T07:48:42.786+0000] {logging_mixin.py:190} INFO - [2025-06-27T07:48:42.786+0000] {dagbag.py:588} INFO - Filling up the DagBag from /home/airflow/.local/lib/python3.12/site-packages/airflow/example_dags/example_sensor_decorator.py
[2025-06-27T07:48:42.801+0000] {processor.py:925} INFO - DAG(s) 'example_sensor_decorator' retrieved from /home/airflow/.local/lib/python3.12/site-packages/airflow/example_dags/example_sensor_decorator.py
[2025-06-27T07:48:42.842+0000] {logging_mixin.py:190} INFO - [2025-06-27T07:48:42.841+0000] {dag.py:3239} INFO - Sync 1 DAGs
[2025-06-27T07:48:42.869+0000] {logging_mixin.py:190} INFO - [2025-06-27T07:48:42.869+0000] {dag.py:4180} INFO - Setting next_dagrun for example_sensor_decorator to None, run_after=None
[2025-06-27T07:48:42.902+0000] {processor.py:208} INFO - Processing /home/airflow/.local/lib/python3.12/site-packages/airflow/example_dags/example_sensor_decorator.py took 0.135 seconds
[2025-06-27T07:52:26.145+0000] {processor.py:186} INFO - Started process (PID=122) to work on /home/airflow/.local/lib/python3.12/site-packages/airflow/example_dags/example_sensor_decorator.py
[2025-06-27T07:52:26.152+0000] {processor.py:914} INFO - Processing file /home/airflow/.local/lib/python3.12/site-packages/airflow/example_dags/example_sensor_decorator.py for tasks to queue
[2025-06-27T07:52:26.172+0000] {logging_mixin.py:190} INFO - [2025-06-27T07:52:26.171+0000] {dagbag.py:588} INFO - Filling up the DagBag from /home/airflow/.local/lib/python3.12/site-packages/airflow/example_dags/example_sensor_decorator.py
[2025-06-27T07:52:26.233+0000] {processor.py:925} INFO - DAG(s) 'example_sensor_decorator' retrieved from /home/airflow/.local/lib/python3.12/site-packages/airflow/example_dags/example_sensor_decorator.py
[2025-06-27T07:52:26.318+0000] {logging_mixin.py:190} INFO - [2025-06-27T07:52:26.317+0000] {dag.py:3239} INFO - Sync 1 DAGs
[2025-06-27T07:52:26.385+0000] {logging_mixin.py:190} INFO - [2025-06-27T07:52:26.383+0000] {dag.py:4180} INFO - Setting next_dagrun for example_sensor_decorator to None, run_after=None
[2025-06-27T07:52:26.488+0000] {processor.py:208} INFO - Processing /home/airflow/.local/lib/python3.12/site-packages/airflow/example_dags/example_sensor_decorator.py took 0.376 seconds
[2025-06-27T07:52:58.115+0000] {processor.py:186} INFO - Started process (PID=185) to work on /home/airflow/.local/lib/python3.12/site-packages/airflow/example_dags/example_sensor_decorator.py
[2025-06-27T07:52:58.119+0000] {processor.py:914} INFO - Processing file /home/airflow/.local/lib/python3.12/site-packages/airflow/example_dags/example_sensor_decorator.py for tasks to queue
[2025-06-27T07:52:58.129+0000] {logging_mixin.py:190} INFO - [2025-06-27T07:52:58.127+0000] {dagbag.py:588} INFO - Filling up the DagBag from /home/airflow/.local/lib/python3.12/site-packages/airflow/example_dags/example_sensor_decorator.py
[2025-06-27T07:52:58.159+0000] {processor.py:925} INFO - DAG(s) 'example_sensor_decorator' retrieved from /home/airflow/.local/lib/python3.12/site-packages/airflow/example_dags/example_sensor_decorator.py
[2025-06-27T07:52:58.222+0000] {logging_mixin.py:190} INFO - [2025-06-27T07:52:58.221+0000] {dag.py:3239} INFO - Sync 1 DAGs
[2025-06-27T07:52:58.264+0000] {logging_mixin.py:190} INFO - [2025-06-27T07:52:58.263+0000] {dag.py:4180} INFO - Setting next_dagrun for example_sensor_decorator to None, run_after=None
[2025-06-27T07:52:58.315+0000] {processor.py:208} INFO - Processing /home/airflow/.local/lib/python3.12/site-packages/airflow/example_dags/example_sensor_decorator.py took 0.221 seconds
[2025-06-27T07:53:29.636+0000] {processor.py:186} INFO - Started process (PID=248) to work on /home/airflow/.local/lib/python3.12/site-packages/airflow/example_dags/example_sensor_decorator.py
[2025-06-27T07:53:29.639+0000] {processor.py:914} INFO - Processing file /home/airflow/.local/lib/python3.12/site-packages/airflow/example_dags/example_sensor_decorator.py for tasks to queue
[2025-06-27T07:53:29.645+0000] {logging_mixin.py:190} INFO - [2025-06-27T07:53:29.644+0000] {dagbag.py:588} INFO - Filling up the DagBag from /home/airflow/.local/lib/python3.12/site-packages/airflow/example_dags/example_sensor_decorator.py
[2025-06-27T07:53:29.666+0000] {processor.py:925} INFO - DAG(s) 'example_sensor_decorator' retrieved from /home/airflow/.local/lib/python3.12/site-packages/airflow/example_dags/example_sensor_decorator.py
[2025-06-27T07:53:29.724+0000] {logging_mixin.py:190} INFO - [2025-06-27T07:53:29.724+0000] {dag.py:3239} INFO - Sync 1 DAGs
[2025-06-27T07:53:29.760+0000] {logging_mixin.py:190} INFO - [2025-06-27T07:53:29.759+0000] {dag.py:4180} INFO - Setting next_dagrun for example_sensor_decorator to None, run_after=None
[2025-06-27T07:53:29.794+0000] {processor.py:208} INFO - Processing /home/airflow/.local/lib/python3.12/site-packages/airflow/example_dags/example_sensor_decorator.py took 0.171 seconds
[2025-06-27T07:54:00.257+0000] {processor.py:186} INFO - Started process (PID=312) to work on /home/airflow/.local/lib/python3.12/site-packages/airflow/example_dags/example_sensor_decorator.py
[2025-06-27T07:54:00.260+0000] {processor.py:914} INFO - Processing file /home/airflow/.local/lib/python3.12/site-packages/airflow/example_dags/example_sensor_decorator.py for tasks to queue
[2025-06-27T07:54:00.267+0000] {logging_mixin.py:190} INFO - [2025-06-27T07:54:00.266+0000] {dagbag.py:588} INFO - Filling up the DagBag from /home/airflow/.local/lib/python3.12/site-packages/airflow/example_dags/example_sensor_decorator.py
[2025-06-27T07:54:00.292+0000] {processor.py:925} INFO - DAG(s) 'example_sensor_decorator' retrieved from /home/airflow/.local/lib/python3.12/site-packages/airflow/example_dags/example_sensor_decorator.py
[2025-06-27T07:54:00.340+0000] {logging_mixin.py:190} INFO - [2025-06-27T07:54:00.339+0000] {dag.py:3239} INFO - Sync 1 DAGs
[2025-06-27T07:54:00.374+0000] {logging_mixin.py:190} INFO - [2025-06-27T07:54:00.374+0000] {dag.py:4180} INFO - Setting next_dagrun for example_sensor_decorator to None, run_after=None
[2025-06-27T07:54:00.418+0000] {processor.py:208} INFO - Processing /home/airflow/.local/lib/python3.12/site-packages/airflow/example_dags/example_sensor_decorator.py took 0.178 seconds
[2025-06-27T07:54:32.285+0000] {processor.py:186} INFO - Started process (PID=375) to work on /home/airflow/.local/lib/python3.12/site-packages/airflow/example_dags/example_sensor_decorator.py
[2025-06-27T07:54:32.288+0000] {processor.py:914} INFO - Processing file /home/airflow/.local/lib/python3.12/site-packages/airflow/example_dags/example_sensor_decorator.py for tasks to queue
[2025-06-27T07:54:32.296+0000] {logging_mixin.py:190} INFO - [2025-06-27T07:54:32.294+0000] {dagbag.py:588} INFO - Filling up the DagBag from /home/airflow/.local/lib/python3.12/site-packages/airflow/example_dags/example_sensor_decorator.py
[2025-06-27T07:54:32.326+0000] {processor.py:925} INFO - DAG(s) 'example_sensor_decorator' retrieved from /home/airflow/.local/lib/python3.12/site-packages/airflow/example_dags/example_sensor_decorator.py
[2025-06-27T07:54:32.387+0000] {logging_mixin.py:190} INFO - [2025-06-27T07:54:32.387+0000] {dag.py:3239} INFO - Sync 1 DAGs
[2025-06-27T07:54:32.418+0000] {logging_mixin.py:190} INFO - [2025-06-27T07:54:32.418+0000] {dag.py:4180} INFO - Setting next_dagrun for example_sensor_decorator to None, run_after=None
[2025-06-27T07:54:32.453+0000] {processor.py:208} INFO - Processing /home/airflow/.local/lib/python3.12/site-packages/airflow/example_dags/example_sensor_decorator.py took 0.184 seconds
[2025-06-27T07:55:03.645+0000] {processor.py:186} INFO - Started process (PID=438) to work on /home/airflow/.local/lib/python3.12/site-packages/airflow/example_dags/example_sensor_decorator.py
[2025-06-27T07:55:03.648+0000] {processor.py:914} INFO - Processing file /home/airflow/.local/lib/python3.12/site-packages/airflow/example_dags/example_sensor_decorator.py for tasks to queue
[2025-06-27T07:55:03.658+0000] {logging_mixin.py:190} INFO - [2025-06-27T07:55:03.656+0000] {dagbag.py:588} INFO - Filling up the DagBag from /home/airflow/.local/lib/python3.12/site-packages/airflow/example_dags/example_sensor_decorator.py
[2025-06-27T07:55:03.702+0000] {processor.py:925} INFO - DAG(s) 'example_sensor_decorator' retrieved from /home/airflow/.local/lib/python3.12/site-packages/airflow/example_dags/example_sensor_decorator.py
[2025-06-27T07:55:03.803+0000] {logging_mixin.py:190} INFO - [2025-06-27T07:55:03.803+0000] {dag.py:3239} INFO - Sync 1 DAGs
[2025-06-27T07:55:03.876+0000] {logging_mixin.py:190} INFO - [2025-06-27T07:55:03.875+0000] {dag.py:4180} INFO - Setting next_dagrun for example_sensor_decorator to None, run_after=None
[2025-06-27T07:55:03.951+0000] {processor.py:208} INFO - Processing /home/airflow/.local/lib/python3.12/site-packages/airflow/example_dags/example_sensor_decorator.py took 0.332 seconds
[2025-06-27T07:59:48.516+0000] {processor.py:186} INFO - Started process (PID=109) to work on /home/airflow/.local/lib/python3.12/site-packages/airflow/example_dags/example_sensor_decorator.py
[2025-06-27T07:59:48.528+0000] {processor.py:914} INFO - Processing file /home/airflow/.local/lib/python3.12/site-packages/airflow/example_dags/example_sensor_decorator.py for tasks to queue
[2025-06-27T07:59:48.541+0000] {logging_mixin.py:190} INFO - [2025-06-27T07:59:48.540+0000] {dagbag.py:588} INFO - Filling up the DagBag from /home/airflow/.local/lib/python3.12/site-packages/airflow/example_dags/example_sensor_decorator.py
[2025-06-27T07:59:48.766+0000] {processor.py:925} INFO - DAG(s) 'example_sensor_decorator' retrieved from /home/airflow/.local/lib/python3.12/site-packages/airflow/example_dags/example_sensor_decorator.py
[2025-06-27T07:59:49.394+0000] {logging_mixin.py:190} INFO - [2025-06-27T07:59:49.394+0000] {dag.py:3239} INFO - Sync 1 DAGs
[2025-06-27T07:59:49.654+0000] {logging_mixin.py:190} INFO - [2025-06-27T07:59:49.653+0000] {dag.py:4180} INFO - Setting next_dagrun for example_sensor_decorator to None, run_after=None
[2025-06-27T07:59:49.785+0000] {processor.py:208} INFO - Processing /home/airflow/.local/lib/python3.12/site-packages/airflow/example_dags/example_sensor_decorator.py took 1.290 seconds
[2025-06-27T08:01:05.556+0000] {processor.py:186} INFO - Started process (PID=197) to work on /home/airflow/.local/lib/python3.12/site-packages/airflow/example_dags/example_sensor_decorator.py
[2025-06-27T08:01:05.562+0000] {processor.py:914} INFO - Processing file /home/airflow/.local/lib/python3.12/site-packages/airflow/example_dags/example_sensor_decorator.py for tasks to queue
[2025-06-27T08:01:05.573+0000] {logging_mixin.py:190} INFO - [2025-06-27T08:01:05.572+0000] {dagbag.py:588} INFO - Filling up the DagBag from /home/airflow/.local/lib/python3.12/site-packages/airflow/example_dags/example_sensor_decorator.py
[2025-06-27T08:01:05.617+0000] {processor.py:925} INFO - DAG(s) 'example_sensor_decorator' retrieved from /home/airflow/.local/lib/python3.12/site-packages/airflow/example_dags/example_sensor_decorator.py
[2025-06-27T08:01:05.749+0000] {logging_mixin.py:190} INFO - [2025-06-27T08:01:05.748+0000] {dag.py:3239} INFO - Sync 1 DAGs
[2025-06-27T08:01:05.834+0000] {logging_mixin.py:190} INFO - [2025-06-27T08:01:05.833+0000] {dag.py:4180} INFO - Setting next_dagrun for example_sensor_decorator to None, run_after=None
[2025-06-27T08:01:05.952+0000] {processor.py:208} INFO - Processing /home/airflow/.local/lib/python3.12/site-packages/airflow/example_dags/example_sensor_decorator.py took 0.426 seconds
[2025-06-27T08:01:36.763+0000] {processor.py:186} INFO - Started process (PID=259) to work on /home/airflow/.local/lib/python3.12/site-packages/airflow/example_dags/example_sensor_decorator.py
[2025-06-27T08:01:36.766+0000] {processor.py:914} INFO - Processing file /home/airflow/.local/lib/python3.12/site-packages/airflow/example_dags/example_sensor_decorator.py for tasks to queue
[2025-06-27T08:01:36.771+0000] {logging_mixin.py:190} INFO - [2025-06-27T08:01:36.770+0000] {dagbag.py:588} INFO - Filling up the DagBag from /home/airflow/.local/lib/python3.12/site-packages/airflow/example_dags/example_sensor_decorator.py
[2025-06-27T08:01:36.790+0000] {processor.py:925} INFO - DAG(s) 'example_sensor_decorator' retrieved from /home/airflow/.local/lib/python3.12/site-packages/airflow/example_dags/example_sensor_decorator.py
[2025-06-27T08:01:36.831+0000] {logging_mixin.py:190} INFO - [2025-06-27T08:01:36.830+0000] {dag.py:3239} INFO - Sync 1 DAGs
[2025-06-27T08:01:36.859+0000] {logging_mixin.py:190} INFO - [2025-06-27T08:01:36.858+0000] {dag.py:4180} INFO - Setting next_dagrun for example_sensor_decorator to None, run_after=None
[2025-06-27T08:01:36.896+0000] {processor.py:208} INFO - Processing /home/airflow/.local/lib/python3.12/site-packages/airflow/example_dags/example_sensor_decorator.py took 0.148 seconds
[2025-06-27T08:02:07.571+0000] {processor.py:186} INFO - Started process (PID=323) to work on /home/airflow/.local/lib/python3.12/site-packages/airflow/example_dags/example_sensor_decorator.py
[2025-06-27T08:02:07.574+0000] {processor.py:914} INFO - Processing file /home/airflow/.local/lib/python3.12/site-packages/airflow/example_dags/example_sensor_decorator.py for tasks to queue
[2025-06-27T08:02:07.583+0000] {logging_mixin.py:190} INFO - [2025-06-27T08:02:07.582+0000] {dagbag.py:588} INFO - Filling up the DagBag from /home/airflow/.local/lib/python3.12/site-packages/airflow/example_dags/example_sensor_decorator.py
[2025-06-27T08:02:07.618+0000] {processor.py:925} INFO - DAG(s) 'example_sensor_decorator' retrieved from /home/airflow/.local/lib/python3.12/site-packages/airflow/example_dags/example_sensor_decorator.py
[2025-06-27T08:02:07.681+0000] {logging_mixin.py:190} INFO - [2025-06-27T08:02:07.680+0000] {dag.py:3239} INFO - Sync 1 DAGs
[2025-06-27T08:02:07.720+0000] {logging_mixin.py:190} INFO - [2025-06-27T08:02:07.720+0000] {dag.py:4180} INFO - Setting next_dagrun for example_sensor_decorator to None, run_after=None
[2025-06-27T08:02:07.772+0000] {processor.py:208} INFO - Processing /home/airflow/.local/lib/python3.12/site-packages/airflow/example_dags/example_sensor_decorator.py took 0.228 seconds
[2025-06-27T08:02:38.430+0000] {processor.py:186} INFO - Started process (PID=385) to work on /home/airflow/.local/lib/python3.12/site-packages/airflow/example_dags/example_sensor_decorator.py
[2025-06-27T08:02:38.432+0000] {processor.py:914} INFO - Processing file /home/airflow/.local/lib/python3.12/site-packages/airflow/example_dags/example_sensor_decorator.py for tasks to queue
[2025-06-27T08:02:38.437+0000] {logging_mixin.py:190} INFO - [2025-06-27T08:02:38.437+0000] {dagbag.py:588} INFO - Filling up the DagBag from /home/airflow/.local/lib/python3.12/site-packages/airflow/example_dags/example_sensor_decorator.py
[2025-06-27T08:02:38.455+0000] {processor.py:925} INFO - DAG(s) 'example_sensor_decorator' retrieved from /home/airflow/.local/lib/python3.12/site-packages/airflow/example_dags/example_sensor_decorator.py
[2025-06-27T08:02:38.496+0000] {logging_mixin.py:190} INFO - [2025-06-27T08:02:38.496+0000] {dag.py:3239} INFO - Sync 1 DAGs
[2025-06-27T08:02:38.528+0000] {logging_mixin.py:190} INFO - [2025-06-27T08:02:38.527+0000] {dag.py:4180} INFO - Setting next_dagrun for example_sensor_decorator to None, run_after=None
[2025-06-27T08:02:38.566+0000] {processor.py:208} INFO - Processing /home/airflow/.local/lib/python3.12/site-packages/airflow/example_dags/example_sensor_decorator.py took 0.150 seconds
[2025-06-27T08:03:08.799+0000] {processor.py:186} INFO - Started process (PID=448) to work on /home/airflow/.local/lib/python3.12/site-packages/airflow/example_dags/example_sensor_decorator.py
[2025-06-27T08:03:08.801+0000] {processor.py:914} INFO - Processing file /home/airflow/.local/lib/python3.12/site-packages/airflow/example_dags/example_sensor_decorator.py for tasks to queue
[2025-06-27T08:03:08.805+0000] {logging_mixin.py:190} INFO - [2025-06-27T08:03:08.805+0000] {dagbag.py:588} INFO - Filling up the DagBag from /home/airflow/.local/lib/python3.12/site-packages/airflow/example_dags/example_sensor_decorator.py
[2025-06-27T08:03:08.819+0000] {processor.py:925} INFO - DAG(s) 'example_sensor_decorator' retrieved from /home/airflow/.local/lib/python3.12/site-packages/airflow/example_dags/example_sensor_decorator.py
[2025-06-27T08:03:08.853+0000] {logging_mixin.py:190} INFO - [2025-06-27T08:03:08.852+0000] {dag.py:3239} INFO - Sync 1 DAGs
[2025-06-27T08:03:08.876+0000] {logging_mixin.py:190} INFO - [2025-06-27T08:03:08.876+0000] {dag.py:4180} INFO - Setting next_dagrun for example_sensor_decorator to None, run_after=None
[2025-06-27T08:03:08.911+0000] {processor.py:208} INFO - Processing /home/airflow/.local/lib/python3.12/site-packages/airflow/example_dags/example_sensor_decorator.py took 0.120 seconds
[2025-06-27T08:03:39.181+0000] {processor.py:186} INFO - Started process (PID=511) to work on /home/airflow/.local/lib/python3.12/site-packages/airflow/example_dags/example_sensor_decorator.py
[2025-06-27T08:03:39.183+0000] {processor.py:914} INFO - Processing file /home/airflow/.local/lib/python3.12/site-packages/airflow/example_dags/example_sensor_decorator.py for tasks to queue
[2025-06-27T08:03:39.188+0000] {logging_mixin.py:190} INFO - [2025-06-27T08:03:39.187+0000] {dagbag.py:588} INFO - Filling up the DagBag from /home/airflow/.local/lib/python3.12/site-packages/airflow/example_dags/example_sensor_decorator.py
[2025-06-27T08:03:39.200+0000] {processor.py:925} INFO - DAG(s) 'example_sensor_decorator' retrieved from /home/airflow/.local/lib/python3.12/site-packages/airflow/example_dags/example_sensor_decorator.py
[2025-06-27T08:03:39.234+0000] {logging_mixin.py:190} INFO - [2025-06-27T08:03:39.234+0000] {dag.py:3239} INFO - Sync 1 DAGs
[2025-06-27T08:03:39.259+0000] {logging_mixin.py:190} INFO - [2025-06-27T08:03:39.259+0000] {dag.py:4180} INFO - Setting next_dagrun for example_sensor_decorator to None, run_after=None
[2025-06-27T08:03:39.291+0000] {processor.py:208} INFO - Processing /home/airflow/.local/lib/python3.12/site-packages/airflow/example_dags/example_sensor_decorator.py took 0.119 seconds
[2025-06-27T08:04:10.839+0000] {processor.py:186} INFO - Started process (PID=574) to work on /home/airflow/.local/lib/python3.12/site-packages/airflow/example_dags/example_sensor_decorator.py
[2025-06-27T08:04:10.857+0000] {processor.py:914} INFO - Processing file /home/airflow/.local/lib/python3.12/site-packages/airflow/example_dags/example_sensor_decorator.py for tasks to queue
[2025-06-27T08:04:10.883+0000] {logging_mixin.py:190} INFO - [2025-06-27T08:04:10.872+0000] {dagbag.py:588} INFO - Filling up the DagBag from /home/airflow/.local/lib/python3.12/site-packages/airflow/example_dags/example_sensor_decorator.py
[2025-06-27T08:04:11.014+0000] {processor.py:925} INFO - DAG(s) 'example_sensor_decorator' retrieved from /home/airflow/.local/lib/python3.12/site-packages/airflow/example_dags/example_sensor_decorator.py
[2025-06-27T08:04:11.141+0000] {logging_mixin.py:190} INFO - [2025-06-27T08:04:11.140+0000] {dag.py:3239} INFO - Sync 1 DAGs
[2025-06-27T08:04:11.258+0000] {logging_mixin.py:190} INFO - [2025-06-27T08:04:11.257+0000] {dag.py:4180} INFO - Setting next_dagrun for example_sensor_decorator to None, run_after=None
[2025-06-27T08:04:11.365+0000] {processor.py:208} INFO - Processing /home/airflow/.local/lib/python3.12/site-packages/airflow/example_dags/example_sensor_decorator.py took 0.594 seconds
[2025-06-27T08:04:41.506+0000] {processor.py:186} INFO - Started process (PID=637) to work on /home/airflow/.local/lib/python3.12/site-packages/airflow/example_dags/example_sensor_decorator.py
[2025-06-27T08:04:41.508+0000] {processor.py:914} INFO - Processing file /home/airflow/.local/lib/python3.12/site-packages/airflow/example_dags/example_sensor_decorator.py for tasks to queue
[2025-06-27T08:04:41.514+0000] {logging_mixin.py:190} INFO - [2025-06-27T08:04:41.513+0000] {dagbag.py:588} INFO - Filling up the DagBag from /home/airflow/.local/lib/python3.12/site-packages/airflow/example_dags/example_sensor_decorator.py
[2025-06-27T08:04:41.530+0000] {processor.py:925} INFO - DAG(s) 'example_sensor_decorator' retrieved from /home/airflow/.local/lib/python3.12/site-packages/airflow/example_dags/example_sensor_decorator.py
[2025-06-27T08:04:41.611+0000] {logging_mixin.py:190} INFO - [2025-06-27T08:04:41.610+0000] {dag.py:3239} INFO - Sync 1 DAGs
[2025-06-27T08:04:41.664+0000] {logging_mixin.py:190} INFO - [2025-06-27T08:04:41.664+0000] {dag.py:4180} INFO - Setting next_dagrun for example_sensor_decorator to None, run_after=None
[2025-06-27T08:04:41.737+0000] {processor.py:208} INFO - Processing /home/airflow/.local/lib/python3.12/site-packages/airflow/example_dags/example_sensor_decorator.py took 0.244 seconds
[2025-06-27T08:05:22.324+0000] {processor.py:186} INFO - Started process (PID=701) to work on /home/airflow/.local/lib/python3.12/site-packages/airflow/example_dags/example_sensor_decorator.py
[2025-06-27T08:05:22.327+0000] {processor.py:914} INFO - Processing file /home/airflow/.local/lib/python3.12/site-packages/airflow/example_dags/example_sensor_decorator.py for tasks to queue
[2025-06-27T08:05:22.336+0000] {logging_mixin.py:190} INFO - [2025-06-27T08:05:22.334+0000] {dagbag.py:588} INFO - Filling up the DagBag from /home/airflow/.local/lib/python3.12/site-packages/airflow/example_dags/example_sensor_decorator.py
[2025-06-27T08:05:22.365+0000] {processor.py:925} INFO - DAG(s) 'example_sensor_decorator' retrieved from /home/airflow/.local/lib/python3.12/site-packages/airflow/example_dags/example_sensor_decorator.py
[2025-06-27T08:05:22.449+0000] {logging_mixin.py:190} INFO - [2025-06-27T08:05:22.448+0000] {dag.py:3239} INFO - Sync 1 DAGs
[2025-06-27T08:05:22.510+0000] {logging_mixin.py:190} INFO - [2025-06-27T08:05:22.509+0000] {dag.py:4180} INFO - Setting next_dagrun for example_sensor_decorator to None, run_after=None
[2025-06-27T08:05:22.592+0000] {processor.py:208} INFO - Processing /home/airflow/.local/lib/python3.12/site-packages/airflow/example_dags/example_sensor_decorator.py took 0.291 seconds
[2025-06-27T08:06:02.809+0000] {processor.py:186} INFO - Started process (PID=776) to work on /home/airflow/.local/lib/python3.12/site-packages/airflow/example_dags/example_sensor_decorator.py
[2025-06-27T08:06:02.814+0000] {processor.py:914} INFO - Processing file /home/airflow/.local/lib/python3.12/site-packages/airflow/example_dags/example_sensor_decorator.py for tasks to queue
[2025-06-27T08:06:02.823+0000] {logging_mixin.py:190} INFO - [2025-06-27T08:06:02.822+0000] {dagbag.py:588} INFO - Filling up the DagBag from /home/airflow/.local/lib/python3.12/site-packages/airflow/example_dags/example_sensor_decorator.py
[2025-06-27T08:06:02.859+0000] {processor.py:925} INFO - DAG(s) 'example_sensor_decorator' retrieved from /home/airflow/.local/lib/python3.12/site-packages/airflow/example_dags/example_sensor_decorator.py
[2025-06-27T08:06:02.923+0000] {logging_mixin.py:190} INFO - [2025-06-27T08:06:02.922+0000] {dag.py:3239} INFO - Sync 1 DAGs
[2025-06-27T08:06:02.965+0000] {logging_mixin.py:190} INFO - [2025-06-27T08:06:02.965+0000] {dag.py:4180} INFO - Setting next_dagrun for example_sensor_decorator to None, run_after=None
[2025-06-27T08:06:03.060+0000] {processor.py:208} INFO - Processing /home/airflow/.local/lib/python3.12/site-packages/airflow/example_dags/example_sensor_decorator.py took 0.275 seconds
