[2025-06-27T07:36:52.940+0000] {processor.py:186} INFO - Started process (PID=146) to work on /home/airflow/.local/lib/python3.12/site-packages/airflow/example_dags/example_task_group_decorator.py
[2025-06-27T07:36:52.949+0000] {processor.py:914} INFO - Processing file /home/airflow/.local/lib/python3.12/site-packages/airflow/example_dags/example_task_group_decorator.py for tasks to queue
[2025-06-27T07:36:52.974+0000] {logging_mixin.py:190} INFO - [2025-06-27T07:36:52.973+0000] {dagbag.py:588} INFO - Filling up the DagBag from /home/airflow/.local/lib/python3.12/site-packages/airflow/example_dags/example_task_group_decorator.py
[2025-06-27T07:36:53.235+0000] {processor.py:925} INFO - DAG(s) 'example_task_group_decorator' retrieved from /home/airflow/.local/lib/python3.12/site-packages/airflow/example_dags/example_task_group_decorator.py
[2025-06-27T07:36:54.685+0000] {logging_mixin.py:190} INFO - [2025-06-27T07:36:54.682+0000] {override.py:1900} INFO - Created Permission View: can read on DAG:example_task_group_decorator
[2025-06-27T07:36:54.870+0000] {logging_mixin.py:190} INFO - [2025-06-27T07:36:54.868+0000] {override.py:1900} INFO - Created Permission View: can edit on DAG:example_task_group_decorator
[2025-06-27T07:36:54.966+0000] {logging_mixin.py:190} INFO - [2025-06-27T07:36:54.964+0000] {override.py:1900} INFO - Created Permission View: can delete on DAG:example_task_group_decorator
[2025-06-27T07:36:55.360+0000] {logging_mixin.py:190} INFO - [2025-06-27T07:36:55.359+0000] {override.py:1900} INFO - Created Permission View: can read on DAG Run:example_task_group_decorator
[2025-06-27T07:36:55.518+0000] {logging_mixin.py:190} INFO - [2025-06-27T07:36:55.516+0000] {override.py:1900} INFO - Created Permission View: can create on DAG Run:example_task_group_decorator
[2025-06-27T07:36:55.610+0000] {logging_mixin.py:190} INFO - [2025-06-27T07:36:55.608+0000] {override.py:1900} INFO - Created Permission View: can delete on DAG Run:example_task_group_decorator
[2025-06-27T07:36:55.690+0000] {logging_mixin.py:190} INFO - [2025-06-27T07:36:55.689+0000] {override.py:1900} INFO - Created Permission View: menu access on DAG Run:example_task_group_decorator
[2025-06-27T07:36:55.703+0000] {logging_mixin.py:190} INFO - [2025-06-27T07:36:55.702+0000] {dag.py:3239} INFO - Sync 1 DAGs
[2025-06-27T07:36:55.842+0000] {logging_mixin.py:190} INFO - [2025-06-27T07:36:55.841+0000] {dag.py:3262} INFO - Creating ORM DAG for example_task_group_decorator
[2025-06-27T07:36:55.886+0000] {logging_mixin.py:190} INFO - [2025-06-27T07:36:55.885+0000] {dag.py:4180} INFO - Setting next_dagrun for example_task_group_decorator to None, run_after=None
[2025-06-27T07:36:56.011+0000] {processor.py:208} INFO - Processing /home/airflow/.local/lib/python3.12/site-packages/airflow/example_dags/example_task_group_decorator.py took 3.137 seconds
[2025-06-27T07:37:36.096+0000] {processor.py:186} INFO - Started process (PID=214) to work on /home/airflow/.local/lib/python3.12/site-packages/airflow/example_dags/example_task_group_decorator.py
[2025-06-27T07:37:36.101+0000] {processor.py:914} INFO - Processing file /home/airflow/.local/lib/python3.12/site-packages/airflow/example_dags/example_task_group_decorator.py for tasks to queue
[2025-06-27T07:37:36.113+0000] {logging_mixin.py:190} INFO - [2025-06-27T07:37:36.112+0000] {dagbag.py:588} INFO - Filling up the DagBag from /home/airflow/.local/lib/python3.12/site-packages/airflow/example_dags/example_task_group_decorator.py
[2025-06-27T07:37:36.250+0000] {processor.py:925} INFO - DAG(s) 'example_task_group_decorator' retrieved from /home/airflow/.local/lib/python3.12/site-packages/airflow/example_dags/example_task_group_decorator.py
[2025-06-27T07:37:36.387+0000] {logging_mixin.py:190} INFO - [2025-06-27T07:37:36.386+0000] {dag.py:3239} INFO - Sync 1 DAGs
[2025-06-27T07:37:36.453+0000] {logging_mixin.py:190} INFO - [2025-06-27T07:37:36.452+0000] {dag.py:4180} INFO - Setting next_dagrun for example_task_group_decorator to None, run_after=None
[2025-06-27T07:37:36.552+0000] {processor.py:208} INFO - Processing /home/airflow/.local/lib/python3.12/site-packages/airflow/example_dags/example_task_group_decorator.py took 0.486 seconds
[2025-06-27T07:38:21.278+0000] {processor.py:186} INFO - Started process (PID=278) to work on /home/airflow/.local/lib/python3.12/site-packages/airflow/example_dags/example_task_group_decorator.py
[2025-06-27T07:38:21.283+0000] {processor.py:914} INFO - Processing file /home/airflow/.local/lib/python3.12/site-packages/airflow/example_dags/example_task_group_decorator.py for tasks to queue
[2025-06-27T07:38:21.294+0000] {logging_mixin.py:190} INFO - [2025-06-27T07:38:21.292+0000] {dagbag.py:588} INFO - Filling up the DagBag from /home/airflow/.local/lib/python3.12/site-packages/airflow/example_dags/example_task_group_decorator.py
[2025-06-27T07:38:21.388+0000] {processor.py:925} INFO - DAG(s) 'example_task_group_decorator' retrieved from /home/airflow/.local/lib/python3.12/site-packages/airflow/example_dags/example_task_group_decorator.py
[2025-06-27T07:38:21.543+0000] {logging_mixin.py:190} INFO - [2025-06-27T07:38:21.542+0000] {dag.py:3239} INFO - Sync 1 DAGs
[2025-06-27T07:38:21.690+0000] {logging_mixin.py:190} INFO - [2025-06-27T07:38:21.688+0000] {dag.py:4180} INFO - Setting next_dagrun for example_task_group_decorator to None, run_after=None
[2025-06-27T07:38:21.901+0000] {processor.py:208} INFO - Processing /home/airflow/.local/lib/python3.12/site-packages/airflow/example_dags/example_task_group_decorator.py took 0.647 seconds
[2025-06-27T07:38:52.882+0000] {processor.py:186} INFO - Started process (PID=340) to work on /home/airflow/.local/lib/python3.12/site-packages/airflow/example_dags/example_task_group_decorator.py
[2025-06-27T07:38:52.886+0000] {processor.py:914} INFO - Processing file /home/airflow/.local/lib/python3.12/site-packages/airflow/example_dags/example_task_group_decorator.py for tasks to queue
[2025-06-27T07:38:52.893+0000] {logging_mixin.py:190} INFO - [2025-06-27T07:38:52.892+0000] {dagbag.py:588} INFO - Filling up the DagBag from /home/airflow/.local/lib/python3.12/site-packages/airflow/example_dags/example_task_group_decorator.py
[2025-06-27T07:38:52.940+0000] {processor.py:925} INFO - DAG(s) 'example_task_group_decorator' retrieved from /home/airflow/.local/lib/python3.12/site-packages/airflow/example_dags/example_task_group_decorator.py
[2025-06-27T07:38:53.021+0000] {logging_mixin.py:190} INFO - [2025-06-27T07:38:53.020+0000] {dag.py:3239} INFO - Sync 1 DAGs
[2025-06-27T07:38:53.084+0000] {logging_mixin.py:190} INFO - [2025-06-27T07:38:53.081+0000] {dag.py:4180} INFO - Setting next_dagrun for example_task_group_decorator to None, run_after=None
[2025-06-27T07:38:53.173+0000] {processor.py:208} INFO - Processing /home/airflow/.local/lib/python3.12/site-packages/airflow/example_dags/example_task_group_decorator.py took 0.312 seconds
[2025-06-27T07:39:40.840+0000] {processor.py:186} INFO - Started process (PID=408) to work on /home/airflow/.local/lib/python3.12/site-packages/airflow/example_dags/example_task_group_decorator.py
[2025-06-27T07:39:40.859+0000] {processor.py:914} INFO - Processing file /home/airflow/.local/lib/python3.12/site-packages/airflow/example_dags/example_task_group_decorator.py for tasks to queue
[2025-06-27T07:39:40.890+0000] {logging_mixin.py:190} INFO - [2025-06-27T07:39:40.888+0000] {dagbag.py:588} INFO - Filling up the DagBag from /home/airflow/.local/lib/python3.12/site-packages/airflow/example_dags/example_task_group_decorator.py
[2025-06-27T07:39:41.089+0000] {processor.py:925} INFO - DAG(s) 'example_task_group_decorator' retrieved from /home/airflow/.local/lib/python3.12/site-packages/airflow/example_dags/example_task_group_decorator.py
[2025-06-27T07:39:41.324+0000] {logging_mixin.py:190} INFO - [2025-06-27T07:39:41.323+0000] {dag.py:3239} INFO - Sync 1 DAGs
[2025-06-27T07:39:41.460+0000] {logging_mixin.py:190} INFO - [2025-06-27T07:39:41.459+0000] {dag.py:4180} INFO - Setting next_dagrun for example_task_group_decorator to None, run_after=None
[2025-06-27T07:39:41.588+0000] {processor.py:208} INFO - Processing /home/airflow/.local/lib/python3.12/site-packages/airflow/example_dags/example_task_group_decorator.py took 0.808 seconds
[2025-06-27T07:40:12.126+0000] {processor.py:186} INFO - Started process (PID=471) to work on /home/airflow/.local/lib/python3.12/site-packages/airflow/example_dags/example_task_group_decorator.py
[2025-06-27T07:40:12.130+0000] {processor.py:914} INFO - Processing file /home/airflow/.local/lib/python3.12/site-packages/airflow/example_dags/example_task_group_decorator.py for tasks to queue
[2025-06-27T07:40:12.142+0000] {logging_mixin.py:190} INFO - [2025-06-27T07:40:12.141+0000] {dagbag.py:588} INFO - Filling up the DagBag from /home/airflow/.local/lib/python3.12/site-packages/airflow/example_dags/example_task_group_decorator.py
[2025-06-27T07:40:12.220+0000] {processor.py:925} INFO - DAG(s) 'example_task_group_decorator' retrieved from /home/airflow/.local/lib/python3.12/site-packages/airflow/example_dags/example_task_group_decorator.py
[2025-06-27T07:40:12.364+0000] {logging_mixin.py:190} INFO - [2025-06-27T07:40:12.363+0000] {dag.py:3239} INFO - Sync 1 DAGs
[2025-06-27T07:40:12.428+0000] {logging_mixin.py:190} INFO - [2025-06-27T07:40:12.427+0000] {dag.py:4180} INFO - Setting next_dagrun for example_task_group_decorator to None, run_after=None
[2025-06-27T07:40:12.517+0000] {processor.py:208} INFO - Processing /home/airflow/.local/lib/python3.12/site-packages/airflow/example_dags/example_task_group_decorator.py took 0.411 seconds
[2025-06-27T07:40:43.718+0000] {processor.py:186} INFO - Started process (PID=534) to work on /home/airflow/.local/lib/python3.12/site-packages/airflow/example_dags/example_task_group_decorator.py
[2025-06-27T07:40:43.730+0000] {processor.py:914} INFO - Processing file /home/airflow/.local/lib/python3.12/site-packages/airflow/example_dags/example_task_group_decorator.py for tasks to queue
[2025-06-27T07:40:43.743+0000] {logging_mixin.py:190} INFO - [2025-06-27T07:40:43.741+0000] {dagbag.py:588} INFO - Filling up the DagBag from /home/airflow/.local/lib/python3.12/site-packages/airflow/example_dags/example_task_group_decorator.py
[2025-06-27T07:40:43.889+0000] {processor.py:925} INFO - DAG(s) 'example_task_group_decorator' retrieved from /home/airflow/.local/lib/python3.12/site-packages/airflow/example_dags/example_task_group_decorator.py
[2025-06-27T07:40:44.160+0000] {logging_mixin.py:190} INFO - [2025-06-27T07:40:44.158+0000] {dag.py:3239} INFO - Sync 1 DAGs
[2025-06-27T07:40:44.279+0000] {logging_mixin.py:190} INFO - [2025-06-27T07:40:44.277+0000] {dag.py:4180} INFO - Setting next_dagrun for example_task_group_decorator to None, run_after=None
[2025-06-27T07:40:44.440+0000] {processor.py:208} INFO - Processing /home/airflow/.local/lib/python3.12/site-packages/airflow/example_dags/example_task_group_decorator.py took 0.781 seconds
[2025-06-27T07:41:17.119+0000] {processor.py:186} INFO - Started process (PID=597) to work on /home/airflow/.local/lib/python3.12/site-packages/airflow/example_dags/example_task_group_decorator.py
[2025-06-27T07:41:17.133+0000] {processor.py:914} INFO - Processing file /home/airflow/.local/lib/python3.12/site-packages/airflow/example_dags/example_task_group_decorator.py for tasks to queue
[2025-06-27T07:41:17.152+0000] {logging_mixin.py:190} INFO - [2025-06-27T07:41:17.148+0000] {dagbag.py:588} INFO - Filling up the DagBag from /home/airflow/.local/lib/python3.12/site-packages/airflow/example_dags/example_task_group_decorator.py
[2025-06-27T07:41:17.288+0000] {processor.py:925} INFO - DAG(s) 'example_task_group_decorator' retrieved from /home/airflow/.local/lib/python3.12/site-packages/airflow/example_dags/example_task_group_decorator.py
[2025-06-27T07:41:17.439+0000] {logging_mixin.py:190} INFO - [2025-06-27T07:41:17.438+0000] {dag.py:3239} INFO - Sync 1 DAGs
[2025-06-27T07:41:17.550+0000] {logging_mixin.py:190} INFO - [2025-06-27T07:41:17.549+0000] {dag.py:4180} INFO - Setting next_dagrun for example_task_group_decorator to None, run_after=None
[2025-06-27T07:41:18.657+0000] {processor.py:208} INFO - Processing /home/airflow/.local/lib/python3.12/site-packages/airflow/example_dags/example_task_group_decorator.py took 1.594 seconds
[2025-06-27T07:41:49.306+0000] {processor.py:186} INFO - Started process (PID=659) to work on /home/airflow/.local/lib/python3.12/site-packages/airflow/example_dags/example_task_group_decorator.py
[2025-06-27T07:41:49.324+0000] {processor.py:914} INFO - Processing file /home/airflow/.local/lib/python3.12/site-packages/airflow/example_dags/example_task_group_decorator.py for tasks to queue
[2025-06-27T07:41:49.370+0000] {logging_mixin.py:190} INFO - [2025-06-27T07:41:49.369+0000] {dagbag.py:588} INFO - Filling up the DagBag from /home/airflow/.local/lib/python3.12/site-packages/airflow/example_dags/example_task_group_decorator.py
[2025-06-27T07:41:49.486+0000] {processor.py:925} INFO - DAG(s) 'example_task_group_decorator' retrieved from /home/airflow/.local/lib/python3.12/site-packages/airflow/example_dags/example_task_group_decorator.py
[2025-06-27T07:41:49.751+0000] {logging_mixin.py:190} INFO - [2025-06-27T07:41:49.750+0000] {dag.py:3239} INFO - Sync 1 DAGs
[2025-06-27T07:41:49.878+0000] {logging_mixin.py:190} INFO - [2025-06-27T07:41:49.877+0000] {dag.py:4180} INFO - Setting next_dagrun for example_task_group_decorator to None, run_after=None
[2025-06-27T07:41:50.017+0000] {processor.py:208} INFO - Processing /home/airflow/.local/lib/python3.12/site-packages/airflow/example_dags/example_task_group_decorator.py took 0.760 seconds
[2025-06-27T07:42:38.362+0000] {processor.py:186} INFO - Started process (PID=718) to work on /home/airflow/.local/lib/python3.12/site-packages/airflow/example_dags/example_task_group_decorator.py
[2025-06-27T07:42:38.367+0000] {processor.py:914} INFO - Processing file /home/airflow/.local/lib/python3.12/site-packages/airflow/example_dags/example_task_group_decorator.py for tasks to queue
[2025-06-27T07:42:38.399+0000] {logging_mixin.py:190} INFO - [2025-06-27T07:42:38.398+0000] {dagbag.py:588} INFO - Filling up the DagBag from /home/airflow/.local/lib/python3.12/site-packages/airflow/example_dags/example_task_group_decorator.py
[2025-06-27T07:42:38.632+0000] {processor.py:925} INFO - DAG(s) 'example_task_group_decorator' retrieved from /home/airflow/.local/lib/python3.12/site-packages/airflow/example_dags/example_task_group_decorator.py
[2025-06-27T07:42:38.823+0000] {logging_mixin.py:190} INFO - [2025-06-27T07:42:38.822+0000] {dag.py:3239} INFO - Sync 1 DAGs
[2025-06-27T07:42:38.949+0000] {logging_mixin.py:190} INFO - [2025-06-27T07:42:38.949+0000] {dag.py:4180} INFO - Setting next_dagrun for example_task_group_decorator to None, run_after=None
[2025-06-27T07:42:39.107+0000] {processor.py:208} INFO - Processing /home/airflow/.local/lib/python3.12/site-packages/airflow/example_dags/example_task_group_decorator.py took 0.799 seconds
[2025-06-27T07:43:09.723+0000] {processor.py:186} INFO - Started process (PID=781) to work on /home/airflow/.local/lib/python3.12/site-packages/airflow/example_dags/example_task_group_decorator.py
[2025-06-27T07:43:09.726+0000] {processor.py:914} INFO - Processing file /home/airflow/.local/lib/python3.12/site-packages/airflow/example_dags/example_task_group_decorator.py for tasks to queue
[2025-06-27T07:43:09.731+0000] {logging_mixin.py:190} INFO - [2025-06-27T07:43:09.730+0000] {dagbag.py:588} INFO - Filling up the DagBag from /home/airflow/.local/lib/python3.12/site-packages/airflow/example_dags/example_task_group_decorator.py
[2025-06-27T07:43:09.778+0000] {processor.py:925} INFO - DAG(s) 'example_task_group_decorator' retrieved from /home/airflow/.local/lib/python3.12/site-packages/airflow/example_dags/example_task_group_decorator.py
[2025-06-27T07:43:09.848+0000] {logging_mixin.py:190} INFO - [2025-06-27T07:43:09.847+0000] {dag.py:3239} INFO - Sync 1 DAGs
[2025-06-27T07:43:09.895+0000] {logging_mixin.py:190} INFO - [2025-06-27T07:43:09.894+0000] {dag.py:4180} INFO - Setting next_dagrun for example_task_group_decorator to None, run_after=None
[2025-06-27T07:43:09.951+0000] {processor.py:208} INFO - Processing /home/airflow/.local/lib/python3.12/site-packages/airflow/example_dags/example_task_group_decorator.py took 0.237 seconds
[2025-06-27T07:43:40.411+0000] {processor.py:186} INFO - Started process (PID=844) to work on /home/airflow/.local/lib/python3.12/site-packages/airflow/example_dags/example_task_group_decorator.py
[2025-06-27T07:43:40.415+0000] {processor.py:914} INFO - Processing file /home/airflow/.local/lib/python3.12/site-packages/airflow/example_dags/example_task_group_decorator.py for tasks to queue
[2025-06-27T07:43:40.424+0000] {logging_mixin.py:190} INFO - [2025-06-27T07:43:40.423+0000] {dagbag.py:588} INFO - Filling up the DagBag from /home/airflow/.local/lib/python3.12/site-packages/airflow/example_dags/example_task_group_decorator.py
[2025-06-27T07:43:40.467+0000] {processor.py:925} INFO - DAG(s) 'example_task_group_decorator' retrieved from /home/airflow/.local/lib/python3.12/site-packages/airflow/example_dags/example_task_group_decorator.py
[2025-06-27T07:43:40.542+0000] {logging_mixin.py:190} INFO - [2025-06-27T07:43:40.541+0000] {dag.py:3239} INFO - Sync 1 DAGs
[2025-06-27T07:43:40.581+0000] {logging_mixin.py:190} INFO - [2025-06-27T07:43:40.580+0000] {dag.py:4180} INFO - Setting next_dagrun for example_task_group_decorator to None, run_after=None
[2025-06-27T07:43:40.675+0000] {processor.py:208} INFO - Processing /home/airflow/.local/lib/python3.12/site-packages/airflow/example_dags/example_task_group_decorator.py took 0.286 seconds
[2025-06-27T07:44:11.152+0000] {processor.py:186} INFO - Started process (PID=908) to work on /home/airflow/.local/lib/python3.12/site-packages/airflow/example_dags/example_task_group_decorator.py
[2025-06-27T07:44:11.154+0000] {processor.py:914} INFO - Processing file /home/airflow/.local/lib/python3.12/site-packages/airflow/example_dags/example_task_group_decorator.py for tasks to queue
[2025-06-27T07:44:11.159+0000] {logging_mixin.py:190} INFO - [2025-06-27T07:44:11.158+0000] {dagbag.py:588} INFO - Filling up the DagBag from /home/airflow/.local/lib/python3.12/site-packages/airflow/example_dags/example_task_group_decorator.py
[2025-06-27T07:44:11.194+0000] {processor.py:925} INFO - DAG(s) 'example_task_group_decorator' retrieved from /home/airflow/.local/lib/python3.12/site-packages/airflow/example_dags/example_task_group_decorator.py
[2025-06-27T07:44:11.253+0000] {logging_mixin.py:190} INFO - [2025-06-27T07:44:11.253+0000] {dag.py:3239} INFO - Sync 1 DAGs
[2025-06-27T07:44:11.288+0000] {logging_mixin.py:190} INFO - [2025-06-27T07:44:11.288+0000] {dag.py:4180} INFO - Setting next_dagrun for example_task_group_decorator to None, run_after=None
[2025-06-27T07:44:11.331+0000] {processor.py:208} INFO - Processing /home/airflow/.local/lib/python3.12/site-packages/airflow/example_dags/example_task_group_decorator.py took 0.192 seconds
[2025-06-27T07:44:41.848+0000] {processor.py:186} INFO - Started process (PID=972) to work on /home/airflow/.local/lib/python3.12/site-packages/airflow/example_dags/example_task_group_decorator.py
[2025-06-27T07:44:41.850+0000] {processor.py:914} INFO - Processing file /home/airflow/.local/lib/python3.12/site-packages/airflow/example_dags/example_task_group_decorator.py for tasks to queue
[2025-06-27T07:44:41.857+0000] {logging_mixin.py:190} INFO - [2025-06-27T07:44:41.856+0000] {dagbag.py:588} INFO - Filling up the DagBag from /home/airflow/.local/lib/python3.12/site-packages/airflow/example_dags/example_task_group_decorator.py
[2025-06-27T07:44:41.931+0000] {processor.py:925} INFO - DAG(s) 'example_task_group_decorator' retrieved from /home/airflow/.local/lib/python3.12/site-packages/airflow/example_dags/example_task_group_decorator.py
[2025-06-27T07:44:42.018+0000] {logging_mixin.py:190} INFO - [2025-06-27T07:44:42.017+0000] {dag.py:3239} INFO - Sync 1 DAGs
[2025-06-27T07:44:42.075+0000] {logging_mixin.py:190} INFO - [2025-06-27T07:44:42.074+0000] {dag.py:4180} INFO - Setting next_dagrun for example_task_group_decorator to None, run_after=None
[2025-06-27T07:44:42.180+0000] {processor.py:208} INFO - Processing /home/airflow/.local/lib/python3.12/site-packages/airflow/example_dags/example_task_group_decorator.py took 0.350 seconds
[2025-06-27T07:45:12.393+0000] {processor.py:186} INFO - Started process (PID=1035) to work on /home/airflow/.local/lib/python3.12/site-packages/airflow/example_dags/example_task_group_decorator.py
[2025-06-27T07:45:12.395+0000] {processor.py:914} INFO - Processing file /home/airflow/.local/lib/python3.12/site-packages/airflow/example_dags/example_task_group_decorator.py for tasks to queue
[2025-06-27T07:45:12.401+0000] {logging_mixin.py:190} INFO - [2025-06-27T07:45:12.400+0000] {dagbag.py:588} INFO - Filling up the DagBag from /home/airflow/.local/lib/python3.12/site-packages/airflow/example_dags/example_task_group_decorator.py
[2025-06-27T07:45:12.445+0000] {processor.py:925} INFO - DAG(s) 'example_task_group_decorator' retrieved from /home/airflow/.local/lib/python3.12/site-packages/airflow/example_dags/example_task_group_decorator.py
[2025-06-27T07:45:12.512+0000] {logging_mixin.py:190} INFO - [2025-06-27T07:45:12.512+0000] {dag.py:3239} INFO - Sync 1 DAGs
[2025-06-27T07:45:12.548+0000] {logging_mixin.py:190} INFO - [2025-06-27T07:45:12.548+0000] {dag.py:4180} INFO - Setting next_dagrun for example_task_group_decorator to None, run_after=None
[2025-06-27T07:45:12.617+0000] {processor.py:208} INFO - Processing /home/airflow/.local/lib/python3.12/site-packages/airflow/example_dags/example_task_group_decorator.py took 0.236 seconds
[2025-06-27T07:45:42.984+0000] {processor.py:186} INFO - Started process (PID=1097) to work on /home/airflow/.local/lib/python3.12/site-packages/airflow/example_dags/example_task_group_decorator.py
[2025-06-27T07:45:42.987+0000] {processor.py:914} INFO - Processing file /home/airflow/.local/lib/python3.12/site-packages/airflow/example_dags/example_task_group_decorator.py for tasks to queue
[2025-06-27T07:45:42.992+0000] {logging_mixin.py:190} INFO - [2025-06-27T07:45:42.992+0000] {dagbag.py:588} INFO - Filling up the DagBag from /home/airflow/.local/lib/python3.12/site-packages/airflow/example_dags/example_task_group_decorator.py
[2025-06-27T07:45:43.021+0000] {processor.py:925} INFO - DAG(s) 'example_task_group_decorator' retrieved from /home/airflow/.local/lib/python3.12/site-packages/airflow/example_dags/example_task_group_decorator.py
[2025-06-27T07:45:43.072+0000] {logging_mixin.py:190} INFO - [2025-06-27T07:45:43.071+0000] {dag.py:3239} INFO - Sync 1 DAGs
[2025-06-27T07:45:43.099+0000] {logging_mixin.py:190} INFO - [2025-06-27T07:45:43.098+0000] {dag.py:4180} INFO - Setting next_dagrun for example_task_group_decorator to None, run_after=None
[2025-06-27T07:45:43.140+0000] {processor.py:208} INFO - Processing /home/airflow/.local/lib/python3.12/site-packages/airflow/example_dags/example_task_group_decorator.py took 0.178 seconds
[2025-06-27T07:46:13.323+0000] {processor.py:186} INFO - Started process (PID=1160) to work on /home/airflow/.local/lib/python3.12/site-packages/airflow/example_dags/example_task_group_decorator.py
[2025-06-27T07:46:13.325+0000] {processor.py:914} INFO - Processing file /home/airflow/.local/lib/python3.12/site-packages/airflow/example_dags/example_task_group_decorator.py for tasks to queue
[2025-06-27T07:46:13.331+0000] {logging_mixin.py:190} INFO - [2025-06-27T07:46:13.330+0000] {dagbag.py:588} INFO - Filling up the DagBag from /home/airflow/.local/lib/python3.12/site-packages/airflow/example_dags/example_task_group_decorator.py
[2025-06-27T07:46:13.368+0000] {processor.py:925} INFO - DAG(s) 'example_task_group_decorator' retrieved from /home/airflow/.local/lib/python3.12/site-packages/airflow/example_dags/example_task_group_decorator.py
[2025-06-27T07:46:13.436+0000] {logging_mixin.py:190} INFO - [2025-06-27T07:46:13.435+0000] {dag.py:3239} INFO - Sync 1 DAGs
[2025-06-27T07:46:13.466+0000] {logging_mixin.py:190} INFO - [2025-06-27T07:46:13.466+0000] {dag.py:4180} INFO - Setting next_dagrun for example_task_group_decorator to None, run_after=None
[2025-06-27T07:46:13.503+0000] {processor.py:208} INFO - Processing /home/airflow/.local/lib/python3.12/site-packages/airflow/example_dags/example_task_group_decorator.py took 0.197 seconds
[2025-06-27T07:46:44.254+0000] {processor.py:186} INFO - Started process (PID=1223) to work on /home/airflow/.local/lib/python3.12/site-packages/airflow/example_dags/example_task_group_decorator.py
[2025-06-27T07:46:44.256+0000] {processor.py:914} INFO - Processing file /home/airflow/.local/lib/python3.12/site-packages/airflow/example_dags/example_task_group_decorator.py for tasks to queue
[2025-06-27T07:46:44.263+0000] {logging_mixin.py:190} INFO - [2025-06-27T07:46:44.262+0000] {dagbag.py:588} INFO - Filling up the DagBag from /home/airflow/.local/lib/python3.12/site-packages/airflow/example_dags/example_task_group_decorator.py
[2025-06-27T07:46:44.304+0000] {processor.py:925} INFO - DAG(s) 'example_task_group_decorator' retrieved from /home/airflow/.local/lib/python3.12/site-packages/airflow/example_dags/example_task_group_decorator.py
[2025-06-27T07:46:44.350+0000] {logging_mixin.py:190} INFO - [2025-06-27T07:46:44.350+0000] {dag.py:3239} INFO - Sync 1 DAGs
[2025-06-27T07:46:44.376+0000] {logging_mixin.py:190} INFO - [2025-06-27T07:46:44.375+0000] {dag.py:4180} INFO - Setting next_dagrun for example_task_group_decorator to None, run_after=None
[2025-06-27T07:46:44.413+0000] {processor.py:208} INFO - Processing /home/airflow/.local/lib/python3.12/site-packages/airflow/example_dags/example_task_group_decorator.py took 0.170 seconds
[2025-06-27T07:47:14.731+0000] {processor.py:186} INFO - Started process (PID=1286) to work on /home/airflow/.local/lib/python3.12/site-packages/airflow/example_dags/example_task_group_decorator.py
[2025-06-27T07:47:14.734+0000] {processor.py:914} INFO - Processing file /home/airflow/.local/lib/python3.12/site-packages/airflow/example_dags/example_task_group_decorator.py for tasks to queue
[2025-06-27T07:47:14.738+0000] {logging_mixin.py:190} INFO - [2025-06-27T07:47:14.738+0000] {dagbag.py:588} INFO - Filling up the DagBag from /home/airflow/.local/lib/python3.12/site-packages/airflow/example_dags/example_task_group_decorator.py
[2025-06-27T07:47:14.765+0000] {processor.py:925} INFO - DAG(s) 'example_task_group_decorator' retrieved from /home/airflow/.local/lib/python3.12/site-packages/airflow/example_dags/example_task_group_decorator.py
[2025-06-27T07:47:14.826+0000] {logging_mixin.py:190} INFO - [2025-06-27T07:47:14.825+0000] {dag.py:3239} INFO - Sync 1 DAGs
[2025-06-27T07:47:14.853+0000] {logging_mixin.py:190} INFO - [2025-06-27T07:47:14.852+0000] {dag.py:4180} INFO - Setting next_dagrun for example_task_group_decorator to None, run_after=None
[2025-06-27T07:47:14.892+0000] {processor.py:208} INFO - Processing /home/airflow/.local/lib/python3.12/site-packages/airflow/example_dags/example_task_group_decorator.py took 0.169 seconds
[2025-06-27T07:47:46.858+0000] {processor.py:186} INFO - Started process (PID=1349) to work on /home/airflow/.local/lib/python3.12/site-packages/airflow/example_dags/example_task_group_decorator.py
[2025-06-27T07:47:46.862+0000] {processor.py:914} INFO - Processing file /home/airflow/.local/lib/python3.12/site-packages/airflow/example_dags/example_task_group_decorator.py for tasks to queue
[2025-06-27T07:47:46.873+0000] {logging_mixin.py:190} INFO - [2025-06-27T07:47:46.870+0000] {dagbag.py:588} INFO - Filling up the DagBag from /home/airflow/.local/lib/python3.12/site-packages/airflow/example_dags/example_task_group_decorator.py
[2025-06-27T07:47:46.937+0000] {processor.py:925} INFO - DAG(s) 'example_task_group_decorator' retrieved from /home/airflow/.local/lib/python3.12/site-packages/airflow/example_dags/example_task_group_decorator.py
[2025-06-27T07:47:47.005+0000] {logging_mixin.py:190} INFO - [2025-06-27T07:47:47.004+0000] {dag.py:3239} INFO - Sync 1 DAGs
[2025-06-27T07:47:47.041+0000] {logging_mixin.py:190} INFO - [2025-06-27T07:47:47.040+0000] {dag.py:4180} INFO - Setting next_dagrun for example_task_group_decorator to None, run_after=None
[2025-06-27T07:47:47.092+0000] {processor.py:208} INFO - Processing /home/airflow/.local/lib/python3.12/site-packages/airflow/example_dags/example_task_group_decorator.py took 0.256 seconds
[2025-06-27T07:48:17.482+0000] {processor.py:186} INFO - Started process (PID=1412) to work on /home/airflow/.local/lib/python3.12/site-packages/airflow/example_dags/example_task_group_decorator.py
[2025-06-27T07:48:17.485+0000] {processor.py:914} INFO - Processing file /home/airflow/.local/lib/python3.12/site-packages/airflow/example_dags/example_task_group_decorator.py for tasks to queue
[2025-06-27T07:48:17.493+0000] {logging_mixin.py:190} INFO - [2025-06-27T07:48:17.492+0000] {dagbag.py:588} INFO - Filling up the DagBag from /home/airflow/.local/lib/python3.12/site-packages/airflow/example_dags/example_task_group_decorator.py
[2025-06-27T07:48:17.551+0000] {processor.py:925} INFO - DAG(s) 'example_task_group_decorator' retrieved from /home/airflow/.local/lib/python3.12/site-packages/airflow/example_dags/example_task_group_decorator.py
[2025-06-27T07:48:17.672+0000] {logging_mixin.py:190} INFO - [2025-06-27T07:48:17.671+0000] {dag.py:3239} INFO - Sync 1 DAGs
[2025-06-27T07:48:17.727+0000] {logging_mixin.py:190} INFO - [2025-06-27T07:48:17.727+0000] {dag.py:4180} INFO - Setting next_dagrun for example_task_group_decorator to None, run_after=None
[2025-06-27T07:48:17.799+0000] {processor.py:208} INFO - Processing /home/airflow/.local/lib/python3.12/site-packages/airflow/example_dags/example_task_group_decorator.py took 0.336 seconds
[2025-06-27T07:48:47.991+0000] {processor.py:186} INFO - Started process (PID=1475) to work on /home/airflow/.local/lib/python3.12/site-packages/airflow/example_dags/example_task_group_decorator.py
[2025-06-27T07:48:47.993+0000] {processor.py:914} INFO - Processing file /home/airflow/.local/lib/python3.12/site-packages/airflow/example_dags/example_task_group_decorator.py for tasks to queue
[2025-06-27T07:48:47.999+0000] {logging_mixin.py:190} INFO - [2025-06-27T07:48:47.998+0000] {dagbag.py:588} INFO - Filling up the DagBag from /home/airflow/.local/lib/python3.12/site-packages/airflow/example_dags/example_task_group_decorator.py
[2025-06-27T07:48:48.032+0000] {processor.py:925} INFO - DAG(s) 'example_task_group_decorator' retrieved from /home/airflow/.local/lib/python3.12/site-packages/airflow/example_dags/example_task_group_decorator.py
[2025-06-27T07:48:48.095+0000] {logging_mixin.py:190} INFO - [2025-06-27T07:48:48.095+0000] {dag.py:3239} INFO - Sync 1 DAGs
[2025-06-27T07:48:48.132+0000] {logging_mixin.py:190} INFO - [2025-06-27T07:48:48.132+0000] {dag.py:4180} INFO - Setting next_dagrun for example_task_group_decorator to None, run_after=None
[2025-06-27T07:48:48.186+0000] {processor.py:208} INFO - Processing /home/airflow/.local/lib/python3.12/site-packages/airflow/example_dags/example_task_group_decorator.py took 0.208 seconds
[2025-06-27T07:52:13.194+0000] {processor.py:186} INFO - Started process (PID=101) to work on /home/airflow/.local/lib/python3.12/site-packages/airflow/example_dags/example_task_group_decorator.py
[2025-06-27T07:52:13.202+0000] {processor.py:914} INFO - Processing file /home/airflow/.local/lib/python3.12/site-packages/airflow/example_dags/example_task_group_decorator.py for tasks to queue
[2025-06-27T07:52:13.217+0000] {logging_mixin.py:190} INFO - [2025-06-27T07:52:13.216+0000] {dagbag.py:588} INFO - Filling up the DagBag from /home/airflow/.local/lib/python3.12/site-packages/airflow/example_dags/example_task_group_decorator.py
[2025-06-27T07:52:13.296+0000] {processor.py:925} INFO - DAG(s) 'example_task_group_decorator' retrieved from /home/airflow/.local/lib/python3.12/site-packages/airflow/example_dags/example_task_group_decorator.py
[2025-06-27T07:52:13.392+0000] {logging_mixin.py:190} INFO - [2025-06-27T07:52:13.391+0000] {dag.py:3239} INFO - Sync 1 DAGs
[2025-06-27T07:52:13.455+0000] {logging_mixin.py:190} INFO - [2025-06-27T07:52:13.454+0000] {dag.py:4180} INFO - Setting next_dagrun for example_task_group_decorator to None, run_after=None
[2025-06-27T07:52:13.566+0000] {processor.py:208} INFO - Processing /home/airflow/.local/lib/python3.12/site-packages/airflow/example_dags/example_task_group_decorator.py took 0.416 seconds
[2025-06-27T07:52:51.904+0000] {processor.py:186} INFO - Started process (PID=164) to work on /home/airflow/.local/lib/python3.12/site-packages/airflow/example_dags/example_task_group_decorator.py
[2025-06-27T07:52:51.910+0000] {processor.py:914} INFO - Processing file /home/airflow/.local/lib/python3.12/site-packages/airflow/example_dags/example_task_group_decorator.py for tasks to queue
[2025-06-27T07:52:51.928+0000] {logging_mixin.py:190} INFO - [2025-06-27T07:52:51.927+0000] {dagbag.py:588} INFO - Filling up the DagBag from /home/airflow/.local/lib/python3.12/site-packages/airflow/example_dags/example_task_group_decorator.py
[2025-06-27T07:52:52.058+0000] {processor.py:925} INFO - DAG(s) 'example_task_group_decorator' retrieved from /home/airflow/.local/lib/python3.12/site-packages/airflow/example_dags/example_task_group_decorator.py
[2025-06-27T07:52:52.270+0000] {logging_mixin.py:190} INFO - [2025-06-27T07:52:52.269+0000] {dag.py:3239} INFO - Sync 1 DAGs
[2025-06-27T07:52:52.430+0000] {logging_mixin.py:190} INFO - [2025-06-27T07:52:52.429+0000] {dag.py:4180} INFO - Setting next_dagrun for example_task_group_decorator to None, run_after=None
[2025-06-27T07:52:52.585+0000] {processor.py:208} INFO - Processing /home/airflow/.local/lib/python3.12/site-packages/airflow/example_dags/example_task_group_decorator.py took 0.720 seconds
[2025-06-27T07:53:23.380+0000] {processor.py:186} INFO - Started process (PID=227) to work on /home/airflow/.local/lib/python3.12/site-packages/airflow/example_dags/example_task_group_decorator.py
[2025-06-27T07:53:23.383+0000] {processor.py:914} INFO - Processing file /home/airflow/.local/lib/python3.12/site-packages/airflow/example_dags/example_task_group_decorator.py for tasks to queue
[2025-06-27T07:53:23.392+0000] {logging_mixin.py:190} INFO - [2025-06-27T07:53:23.391+0000] {dagbag.py:588} INFO - Filling up the DagBag from /home/airflow/.local/lib/python3.12/site-packages/airflow/example_dags/example_task_group_decorator.py
[2025-06-27T07:53:23.462+0000] {processor.py:925} INFO - DAG(s) 'example_task_group_decorator' retrieved from /home/airflow/.local/lib/python3.12/site-packages/airflow/example_dags/example_task_group_decorator.py
[2025-06-27T07:53:23.550+0000] {logging_mixin.py:190} INFO - [2025-06-27T07:53:23.549+0000] {dag.py:3239} INFO - Sync 1 DAGs
[2025-06-27T07:53:23.587+0000] {logging_mixin.py:190} INFO - [2025-06-27T07:53:23.587+0000] {dag.py:4180} INFO - Setting next_dagrun for example_task_group_decorator to None, run_after=None
[2025-06-27T07:53:23.633+0000] {processor.py:208} INFO - Processing /home/airflow/.local/lib/python3.12/site-packages/airflow/example_dags/example_task_group_decorator.py took 0.279 seconds
[2025-06-27T07:53:54.419+0000] {processor.py:186} INFO - Started process (PID=291) to work on /home/airflow/.local/lib/python3.12/site-packages/airflow/example_dags/example_task_group_decorator.py
[2025-06-27T07:53:54.422+0000] {processor.py:914} INFO - Processing file /home/airflow/.local/lib/python3.12/site-packages/airflow/example_dags/example_task_group_decorator.py for tasks to queue
[2025-06-27T07:53:54.430+0000] {logging_mixin.py:190} INFO - [2025-06-27T07:53:54.429+0000] {dagbag.py:588} INFO - Filling up the DagBag from /home/airflow/.local/lib/python3.12/site-packages/airflow/example_dags/example_task_group_decorator.py
[2025-06-27T07:53:54.477+0000] {processor.py:925} INFO - DAG(s) 'example_task_group_decorator' retrieved from /home/airflow/.local/lib/python3.12/site-packages/airflow/example_dags/example_task_group_decorator.py
[2025-06-27T07:53:54.541+0000] {logging_mixin.py:190} INFO - [2025-06-27T07:53:54.541+0000] {dag.py:3239} INFO - Sync 1 DAGs
[2025-06-27T07:53:54.568+0000] {logging_mixin.py:190} INFO - [2025-06-27T07:53:54.567+0000] {dag.py:4180} INFO - Setting next_dagrun for example_task_group_decorator to None, run_after=None
[2025-06-27T07:53:54.609+0000] {processor.py:208} INFO - Processing /home/airflow/.local/lib/python3.12/site-packages/airflow/example_dags/example_task_group_decorator.py took 0.206 seconds
[2025-06-27T07:54:25.148+0000] {processor.py:186} INFO - Started process (PID=354) to work on /home/airflow/.local/lib/python3.12/site-packages/airflow/example_dags/example_task_group_decorator.py
[2025-06-27T07:54:25.154+0000] {processor.py:914} INFO - Processing file /home/airflow/.local/lib/python3.12/site-packages/airflow/example_dags/example_task_group_decorator.py for tasks to queue
[2025-06-27T07:54:25.166+0000] {logging_mixin.py:190} INFO - [2025-06-27T07:54:25.164+0000] {dagbag.py:588} INFO - Filling up the DagBag from /home/airflow/.local/lib/python3.12/site-packages/airflow/example_dags/example_task_group_decorator.py
[2025-06-27T07:54:25.242+0000] {processor.py:925} INFO - DAG(s) 'example_task_group_decorator' retrieved from /home/airflow/.local/lib/python3.12/site-packages/airflow/example_dags/example_task_group_decorator.py
[2025-06-27T07:54:25.397+0000] {logging_mixin.py:190} INFO - [2025-06-27T07:54:25.396+0000] {dag.py:3239} INFO - Sync 1 DAGs
[2025-06-27T07:54:25.534+0000] {logging_mixin.py:190} INFO - [2025-06-27T07:54:25.533+0000] {dag.py:4180} INFO - Setting next_dagrun for example_task_group_decorator to None, run_after=None
[2025-06-27T07:54:26.274+0000] {processor.py:208} INFO - Processing /home/airflow/.local/lib/python3.12/site-packages/airflow/example_dags/example_task_group_decorator.py took 1.153 seconds
[2025-06-27T07:54:56.534+0000] {processor.py:186} INFO - Started process (PID=417) to work on /home/airflow/.local/lib/python3.12/site-packages/airflow/example_dags/example_task_group_decorator.py
[2025-06-27T07:54:56.538+0000] {processor.py:914} INFO - Processing file /home/airflow/.local/lib/python3.12/site-packages/airflow/example_dags/example_task_group_decorator.py for tasks to queue
[2025-06-27T07:54:56.547+0000] {logging_mixin.py:190} INFO - [2025-06-27T07:54:56.546+0000] {dagbag.py:588} INFO - Filling up the DagBag from /home/airflow/.local/lib/python3.12/site-packages/airflow/example_dags/example_task_group_decorator.py
[2025-06-27T07:54:56.610+0000] {processor.py:925} INFO - DAG(s) 'example_task_group_decorator' retrieved from /home/airflow/.local/lib/python3.12/site-packages/airflow/example_dags/example_task_group_decorator.py
[2025-06-27T07:54:56.704+0000] {logging_mixin.py:190} INFO - [2025-06-27T07:54:56.703+0000] {dag.py:3239} INFO - Sync 1 DAGs
[2025-06-27T07:54:56.760+0000] {logging_mixin.py:190} INFO - [2025-06-27T07:54:56.759+0000] {dag.py:4180} INFO - Setting next_dagrun for example_task_group_decorator to None, run_after=None
[2025-06-27T07:54:56.828+0000] {processor.py:208} INFO - Processing /home/airflow/.local/lib/python3.12/site-packages/airflow/example_dags/example_task_group_decorator.py took 0.317 seconds
[2025-06-27T07:59:34.667+0000] {processor.py:186} INFO - Started process (PID=88) to work on /home/airflow/.local/lib/python3.12/site-packages/airflow/example_dags/example_task_group_decorator.py
[2025-06-27T07:59:34.670+0000] {processor.py:914} INFO - Processing file /home/airflow/.local/lib/python3.12/site-packages/airflow/example_dags/example_task_group_decorator.py for tasks to queue
[2025-06-27T07:59:34.676+0000] {logging_mixin.py:190} INFO - [2025-06-27T07:59:34.675+0000] {dagbag.py:588} INFO - Filling up the DagBag from /home/airflow/.local/lib/python3.12/site-packages/airflow/example_dags/example_task_group_decorator.py
[2025-06-27T07:59:34.728+0000] {processor.py:925} INFO - DAG(s) 'example_task_group_decorator' retrieved from /home/airflow/.local/lib/python3.12/site-packages/airflow/example_dags/example_task_group_decorator.py
[2025-06-27T07:59:34.880+0000] {logging_mixin.py:190} INFO - [2025-06-27T07:59:34.880+0000] {dag.py:3239} INFO - Sync 1 DAGs
[2025-06-27T07:59:34.927+0000] {logging_mixin.py:190} INFO - [2025-06-27T07:59:34.926+0000] {dag.py:4180} INFO - Setting next_dagrun for example_task_group_decorator to None, run_after=None
[2025-06-27T07:59:34.993+0000] {processor.py:208} INFO - Processing /home/airflow/.local/lib/python3.12/site-packages/airflow/example_dags/example_task_group_decorator.py took 0.343 seconds
[2025-06-27T08:00:30.698+0000] {processor.py:186} INFO - Started process (PID=155) to work on /home/airflow/.local/lib/python3.12/site-packages/airflow/example_dags/example_task_group_decorator.py
[2025-06-27T08:00:30.717+0000] {processor.py:914} INFO - Processing file /home/airflow/.local/lib/python3.12/site-packages/airflow/example_dags/example_task_group_decorator.py for tasks to queue
[2025-06-27T08:00:30.739+0000] {logging_mixin.py:190} INFO - [2025-06-27T08:00:30.738+0000] {dagbag.py:588} INFO - Filling up the DagBag from /home/airflow/.local/lib/python3.12/site-packages/airflow/example_dags/example_task_group_decorator.py
[2025-06-27T08:00:31.294+0000] {processor.py:925} INFO - DAG(s) 'example_task_group_decorator' retrieved from /home/airflow/.local/lib/python3.12/site-packages/airflow/example_dags/example_task_group_decorator.py
[2025-06-27T08:00:31.712+0000] {logging_mixin.py:190} INFO - [2025-06-27T08:00:31.711+0000] {dag.py:3239} INFO - Sync 1 DAGs
[2025-06-27T08:00:31.824+0000] {logging_mixin.py:190} INFO - [2025-06-27T08:00:31.823+0000] {dag.py:4180} INFO - Setting next_dagrun for example_task_group_decorator to None, run_after=None
[2025-06-27T08:00:31.989+0000] {processor.py:208} INFO - Processing /home/airflow/.local/lib/python3.12/site-packages/airflow/example_dags/example_task_group_decorator.py took 1.347 seconds
[2025-06-27T08:01:12.124+0000] {processor.py:186} INFO - Started process (PID=217) to work on /home/airflow/.local/lib/python3.12/site-packages/airflow/example_dags/example_task_group_decorator.py
[2025-06-27T08:01:12.128+0000] {processor.py:914} INFO - Processing file /home/airflow/.local/lib/python3.12/site-packages/airflow/example_dags/example_task_group_decorator.py for tasks to queue
[2025-06-27T08:01:12.134+0000] {logging_mixin.py:190} INFO - [2025-06-27T08:01:12.134+0000] {dagbag.py:588} INFO - Filling up the DagBag from /home/airflow/.local/lib/python3.12/site-packages/airflow/example_dags/example_task_group_decorator.py
[2025-06-27T08:01:12.193+0000] {processor.py:925} INFO - DAG(s) 'example_task_group_decorator' retrieved from /home/airflow/.local/lib/python3.12/site-packages/airflow/example_dags/example_task_group_decorator.py
[2025-06-27T08:01:12.322+0000] {logging_mixin.py:190} INFO - [2025-06-27T08:01:12.321+0000] {dag.py:3239} INFO - Sync 1 DAGs
[2025-06-27T08:01:12.412+0000] {logging_mixin.py:190} INFO - [2025-06-27T08:01:12.410+0000] {dag.py:4180} INFO - Setting next_dagrun for example_task_group_decorator to None, run_after=None
[2025-06-27T08:01:12.530+0000] {processor.py:208} INFO - Processing /home/airflow/.local/lib/python3.12/site-packages/airflow/example_dags/example_task_group_decorator.py took 0.424 seconds
[2025-06-27T08:01:43.189+0000] {processor.py:186} INFO - Started process (PID=279) to work on /home/airflow/.local/lib/python3.12/site-packages/airflow/example_dags/example_task_group_decorator.py
[2025-06-27T08:01:43.193+0000] {processor.py:914} INFO - Processing file /home/airflow/.local/lib/python3.12/site-packages/airflow/example_dags/example_task_group_decorator.py for tasks to queue
[2025-06-27T08:01:43.201+0000] {logging_mixin.py:190} INFO - [2025-06-27T08:01:43.200+0000] {dagbag.py:588} INFO - Filling up the DagBag from /home/airflow/.local/lib/python3.12/site-packages/airflow/example_dags/example_task_group_decorator.py
[2025-06-27T08:01:43.240+0000] {processor.py:925} INFO - DAG(s) 'example_task_group_decorator' retrieved from /home/airflow/.local/lib/python3.12/site-packages/airflow/example_dags/example_task_group_decorator.py
[2025-06-27T08:01:43.318+0000] {logging_mixin.py:190} INFO - [2025-06-27T08:01:43.317+0000] {dag.py:3239} INFO - Sync 1 DAGs
[2025-06-27T08:01:43.372+0000] {logging_mixin.py:190} INFO - [2025-06-27T08:01:43.371+0000] {dag.py:4180} INFO - Setting next_dagrun for example_task_group_decorator to None, run_after=None
[2025-06-27T08:01:43.444+0000] {processor.py:208} INFO - Processing /home/airflow/.local/lib/python3.12/site-packages/airflow/example_dags/example_task_group_decorator.py took 0.278 seconds
[2025-06-27T08:02:14.425+0000] {processor.py:186} INFO - Started process (PID=343) to work on /home/airflow/.local/lib/python3.12/site-packages/airflow/example_dags/example_task_group_decorator.py
[2025-06-27T08:02:14.427+0000] {processor.py:914} INFO - Processing file /home/airflow/.local/lib/python3.12/site-packages/airflow/example_dags/example_task_group_decorator.py for tasks to queue
[2025-06-27T08:02:14.432+0000] {logging_mixin.py:190} INFO - [2025-06-27T08:02:14.431+0000] {dagbag.py:588} INFO - Filling up the DagBag from /home/airflow/.local/lib/python3.12/site-packages/airflow/example_dags/example_task_group_decorator.py
[2025-06-27T08:02:14.456+0000] {processor.py:925} INFO - DAG(s) 'example_task_group_decorator' retrieved from /home/airflow/.local/lib/python3.12/site-packages/airflow/example_dags/example_task_group_decorator.py
[2025-06-27T08:02:14.501+0000] {logging_mixin.py:190} INFO - [2025-06-27T08:02:14.500+0000] {dag.py:3239} INFO - Sync 1 DAGs
[2025-06-27T08:02:14.521+0000] {logging_mixin.py:190} INFO - [2025-06-27T08:02:14.521+0000] {dag.py:4180} INFO - Setting next_dagrun for example_task_group_decorator to None, run_after=None
[2025-06-27T08:02:14.552+0000] {processor.py:208} INFO - Processing /home/airflow/.local/lib/python3.12/site-packages/airflow/example_dags/example_task_group_decorator.py took 0.137 seconds
[2025-06-27T08:02:45.408+0000] {processor.py:186} INFO - Started process (PID=405) to work on /home/airflow/.local/lib/python3.12/site-packages/airflow/example_dags/example_task_group_decorator.py
[2025-06-27T08:02:45.410+0000] {processor.py:914} INFO - Processing file /home/airflow/.local/lib/python3.12/site-packages/airflow/example_dags/example_task_group_decorator.py for tasks to queue
[2025-06-27T08:02:45.414+0000] {logging_mixin.py:190} INFO - [2025-06-27T08:02:45.413+0000] {dagbag.py:588} INFO - Filling up the DagBag from /home/airflow/.local/lib/python3.12/site-packages/airflow/example_dags/example_task_group_decorator.py
[2025-06-27T08:02:45.440+0000] {processor.py:925} INFO - DAG(s) 'example_task_group_decorator' retrieved from /home/airflow/.local/lib/python3.12/site-packages/airflow/example_dags/example_task_group_decorator.py
[2025-06-27T08:02:45.483+0000] {logging_mixin.py:190} INFO - [2025-06-27T08:02:45.483+0000] {dag.py:3239} INFO - Sync 1 DAGs
[2025-06-27T08:02:45.519+0000] {logging_mixin.py:190} INFO - [2025-06-27T08:02:45.519+0000] {dag.py:4180} INFO - Setting next_dagrun for example_task_group_decorator to None, run_after=None
[2025-06-27T08:02:45.556+0000] {processor.py:208} INFO - Processing /home/airflow/.local/lib/python3.12/site-packages/airflow/example_dags/example_task_group_decorator.py took 0.159 seconds
[2025-06-27T08:03:15.934+0000] {processor.py:186} INFO - Started process (PID=467) to work on /home/airflow/.local/lib/python3.12/site-packages/airflow/example_dags/example_task_group_decorator.py
[2025-06-27T08:03:15.936+0000] {processor.py:914} INFO - Processing file /home/airflow/.local/lib/python3.12/site-packages/airflow/example_dags/example_task_group_decorator.py for tasks to queue
[2025-06-27T08:03:15.941+0000] {logging_mixin.py:190} INFO - [2025-06-27T08:03:15.941+0000] {dagbag.py:588} INFO - Filling up the DagBag from /home/airflow/.local/lib/python3.12/site-packages/airflow/example_dags/example_task_group_decorator.py
[2025-06-27T08:03:15.982+0000] {processor.py:925} INFO - DAG(s) 'example_task_group_decorator' retrieved from /home/airflow/.local/lib/python3.12/site-packages/airflow/example_dags/example_task_group_decorator.py
[2025-06-27T08:03:16.041+0000] {logging_mixin.py:190} INFO - [2025-06-27T08:03:16.040+0000] {dag.py:3239} INFO - Sync 1 DAGs
[2025-06-27T08:03:16.068+0000] {logging_mixin.py:190} INFO - [2025-06-27T08:03:16.068+0000] {dag.py:4180} INFO - Setting next_dagrun for example_task_group_decorator to None, run_after=None
[2025-06-27T08:03:16.107+0000] {processor.py:208} INFO - Processing /home/airflow/.local/lib/python3.12/site-packages/airflow/example_dags/example_task_group_decorator.py took 0.190 seconds
[2025-06-27T08:03:46.241+0000] {processor.py:186} INFO - Started process (PID=530) to work on /home/airflow/.local/lib/python3.12/site-packages/airflow/example_dags/example_task_group_decorator.py
[2025-06-27T08:03:46.243+0000] {processor.py:914} INFO - Processing file /home/airflow/.local/lib/python3.12/site-packages/airflow/example_dags/example_task_group_decorator.py for tasks to queue
[2025-06-27T08:03:46.249+0000] {logging_mixin.py:190} INFO - [2025-06-27T08:03:46.248+0000] {dagbag.py:588} INFO - Filling up the DagBag from /home/airflow/.local/lib/python3.12/site-packages/airflow/example_dags/example_task_group_decorator.py
[2025-06-27T08:03:46.282+0000] {processor.py:925} INFO - DAG(s) 'example_task_group_decorator' retrieved from /home/airflow/.local/lib/python3.12/site-packages/airflow/example_dags/example_task_group_decorator.py
[2025-06-27T08:03:46.331+0000] {logging_mixin.py:190} INFO - [2025-06-27T08:03:46.331+0000] {dag.py:3239} INFO - Sync 1 DAGs
[2025-06-27T08:03:46.356+0000] {logging_mixin.py:190} INFO - [2025-06-27T08:03:46.356+0000] {dag.py:4180} INFO - Setting next_dagrun for example_task_group_decorator to None, run_after=None
[2025-06-27T08:03:46.391+0000] {processor.py:208} INFO - Processing /home/airflow/.local/lib/python3.12/site-packages/airflow/example_dags/example_task_group_decorator.py took 0.160 seconds
[2025-06-27T08:04:16.905+0000] {processor.py:186} INFO - Started process (PID=593) to work on /home/airflow/.local/lib/python3.12/site-packages/airflow/example_dags/example_task_group_decorator.py
[2025-06-27T08:04:16.910+0000] {processor.py:914} INFO - Processing file /home/airflow/.local/lib/python3.12/site-packages/airflow/example_dags/example_task_group_decorator.py for tasks to queue
[2025-06-27T08:04:16.927+0000] {logging_mixin.py:190} INFO - [2025-06-27T08:04:16.925+0000] {dagbag.py:588} INFO - Filling up the DagBag from /home/airflow/.local/lib/python3.12/site-packages/airflow/example_dags/example_task_group_decorator.py
[2025-06-27T08:04:17.020+0000] {processor.py:925} INFO - DAG(s) 'example_task_group_decorator' retrieved from /home/airflow/.local/lib/python3.12/site-packages/airflow/example_dags/example_task_group_decorator.py
[2025-06-27T08:04:17.094+0000] {logging_mixin.py:190} INFO - [2025-06-27T08:04:17.093+0000] {dag.py:3239} INFO - Sync 1 DAGs
[2025-06-27T08:04:17.143+0000] {logging_mixin.py:190} INFO - [2025-06-27T08:04:17.142+0000] {dag.py:4180} INFO - Setting next_dagrun for example_task_group_decorator to None, run_after=None
[2025-06-27T08:04:17.227+0000] {processor.py:208} INFO - Processing /home/airflow/.local/lib/python3.12/site-packages/airflow/example_dags/example_task_group_decorator.py took 0.361 seconds
[2025-06-27T08:04:47.867+0000] {processor.py:186} INFO - Started process (PID=656) to work on /home/airflow/.local/lib/python3.12/site-packages/airflow/example_dags/example_task_group_decorator.py
[2025-06-27T08:04:47.870+0000] {processor.py:914} INFO - Processing file /home/airflow/.local/lib/python3.12/site-packages/airflow/example_dags/example_task_group_decorator.py for tasks to queue
[2025-06-27T08:04:47.877+0000] {logging_mixin.py:190} INFO - [2025-06-27T08:04:47.876+0000] {dagbag.py:588} INFO - Filling up the DagBag from /home/airflow/.local/lib/python3.12/site-packages/airflow/example_dags/example_task_group_decorator.py
[2025-06-27T08:04:47.906+0000] {processor.py:925} INFO - DAG(s) 'example_task_group_decorator' retrieved from /home/airflow/.local/lib/python3.12/site-packages/airflow/example_dags/example_task_group_decorator.py
[2025-06-27T08:04:47.960+0000] {logging_mixin.py:190} INFO - [2025-06-27T08:04:47.959+0000] {dag.py:3239} INFO - Sync 1 DAGs
[2025-06-27T08:04:47.989+0000] {logging_mixin.py:190} INFO - [2025-06-27T08:04:47.989+0000] {dag.py:4180} INFO - Setting next_dagrun for example_task_group_decorator to None, run_after=None
[2025-06-27T08:04:48.028+0000] {processor.py:208} INFO - Processing /home/airflow/.local/lib/python3.12/site-packages/airflow/example_dags/example_task_group_decorator.py took 0.176 seconds
[2025-06-27T08:05:25.289+0000] {processor.py:186} INFO - Started process (PID=706) to work on /home/airflow/.local/lib/python3.12/site-packages/airflow/example_dags/example_task_group_decorator.py
[2025-06-27T08:05:25.293+0000] {processor.py:914} INFO - Processing file /home/airflow/.local/lib/python3.12/site-packages/airflow/example_dags/example_task_group_decorator.py for tasks to queue
[2025-06-27T08:05:25.310+0000] {logging_mixin.py:190} INFO - [2025-06-27T08:05:25.308+0000] {dagbag.py:588} INFO - Filling up the DagBag from /home/airflow/.local/lib/python3.12/site-packages/airflow/example_dags/example_task_group_decorator.py
[2025-06-27T08:05:25.439+0000] {processor.py:925} INFO - DAG(s) 'example_task_group_decorator' retrieved from /home/airflow/.local/lib/python3.12/site-packages/airflow/example_dags/example_task_group_decorator.py
[2025-06-27T08:05:25.611+0000] {logging_mixin.py:190} INFO - [2025-06-27T08:05:25.610+0000] {dag.py:3239} INFO - Sync 1 DAGs
[2025-06-27T08:05:25.687+0000] {logging_mixin.py:190} INFO - [2025-06-27T08:05:25.686+0000] {dag.py:4180} INFO - Setting next_dagrun for example_task_group_decorator to None, run_after=None
[2025-06-27T08:05:25.747+0000] {processor.py:208} INFO - Processing /home/airflow/.local/lib/python3.12/site-packages/airflow/example_dags/example_task_group_decorator.py took 0.486 seconds
[2025-06-27T08:06:01.980+0000] {processor.py:186} INFO - Started process (PID=774) to work on /home/airflow/.local/lib/python3.12/site-packages/airflow/example_dags/example_task_group_decorator.py
[2025-06-27T08:06:01.988+0000] {processor.py:914} INFO - Processing file /home/airflow/.local/lib/python3.12/site-packages/airflow/example_dags/example_task_group_decorator.py for tasks to queue
[2025-06-27T08:06:02.000+0000] {logging_mixin.py:190} INFO - [2025-06-27T08:06:01.999+0000] {dagbag.py:588} INFO - Filling up the DagBag from /home/airflow/.local/lib/python3.12/site-packages/airflow/example_dags/example_task_group_decorator.py
[2025-06-27T08:06:02.099+0000] {processor.py:925} INFO - DAG(s) 'example_task_group_decorator' retrieved from /home/airflow/.local/lib/python3.12/site-packages/airflow/example_dags/example_task_group_decorator.py
[2025-06-27T08:06:02.281+0000] {logging_mixin.py:190} INFO - [2025-06-27T08:06:02.280+0000] {dag.py:3239} INFO - Sync 1 DAGs
[2025-06-27T08:06:02.417+0000] {logging_mixin.py:190} INFO - [2025-06-27T08:06:02.408+0000] {dag.py:4180} INFO - Setting next_dagrun for example_task_group_decorator to None, run_after=None
[2025-06-27T08:06:02.610+0000] {processor.py:208} INFO - Processing /home/airflow/.local/lib/python3.12/site-packages/airflow/example_dags/example_task_group_decorator.py took 0.674 seconds
