[2025-06-27T07:36:41.145+0000] {processor.py:186} INFO - Started process (PID=143) to work on /home/airflow/.local/lib/python3.12/site-packages/airflow/example_dags/example_subdag_operator.py
[2025-06-27T07:36:41.156+0000] {processor.py:914} INFO - Processing file /home/airflow/.local/lib/python3.12/site-packages/airflow/example_dags/example_subdag_operator.py for tasks to queue
[2025-06-27T07:36:41.185+0000] {logging_mixin.py:190} INFO - [2025-06-27T07:36:41.182+0000] {dagbag.py:588} INFO - Filling up the DagBag from /home/airflow/.local/lib/python3.12/site-packages/airflow/example_dags/example_subdag_operator.py
[2025-06-27T07:36:41.486+0000] {processor.py:925} INFO - DAG(s) 'example_subdag_operator.section-1', 'example_subdag_operator.section-2', 'example_subdag_operator' retrieved from /home/airflow/.local/lib/python3.12/site-packages/airflow/example_dags/example_subdag_operator.py
[2025-06-27T07:36:42.434+0000] {logging_mixin.py:190} INFO - [2025-06-27T07:36:42.426+0000] {override.py:1900} INFO - Created Permission View: can read on DAG:example_subdag_operator
[2025-06-27T07:36:42.491+0000] {logging_mixin.py:190} INFO - [2025-06-27T07:36:42.490+0000] {override.py:1900} INFO - Created Permission View: can edit on DAG:example_subdag_operator
[2025-06-27T07:36:42.525+0000] {logging_mixin.py:190} INFO - [2025-06-27T07:36:42.524+0000] {override.py:1900} INFO - Created Permission View: can delete on DAG:example_subdag_operator
[2025-06-27T07:36:42.563+0000] {logging_mixin.py:190} INFO - [2025-06-27T07:36:42.562+0000] {override.py:1900} INFO - Created Permission View: can read on DAG Run:example_subdag_operator
[2025-06-27T07:36:42.594+0000] {logging_mixin.py:190} INFO - [2025-06-27T07:36:42.593+0000] {override.py:1900} INFO - Created Permission View: can create on DAG Run:example_subdag_operator
[2025-06-27T07:36:42.630+0000] {logging_mixin.py:190} INFO - [2025-06-27T07:36:42.628+0000] {override.py:1900} INFO - Created Permission View: can delete on DAG Run:example_subdag_operator
[2025-06-27T07:36:42.660+0000] {logging_mixin.py:190} INFO - [2025-06-27T07:36:42.659+0000] {override.py:1900} INFO - Created Permission View: menu access on DAG Run:example_subdag_operator
[2025-06-27T07:36:42.665+0000] {logging_mixin.py:190} INFO - [2025-06-27T07:36:42.664+0000] {dag.py:3239} INFO - Sync 3 DAGs
[2025-06-27T07:36:42.725+0000] {logging_mixin.py:190} INFO - [2025-06-27T07:36:42.724+0000] {dag.py:3262} INFO - Creating ORM DAG for example_subdag_operator.section-1
[2025-06-27T07:36:42.730+0000] {logging_mixin.py:190} INFO - [2025-06-27T07:36:42.729+0000] {dag.py:3262} INFO - Creating ORM DAG for example_subdag_operator
[2025-06-27T07:36:42.734+0000] {logging_mixin.py:190} INFO - [2025-06-27T07:36:42.734+0000] {dag.py:3262} INFO - Creating ORM DAG for example_subdag_operator.section-2
[2025-06-27T07:36:42.779+0000] {logging_mixin.py:190} INFO - [2025-06-27T07:36:42.778+0000] {dag.py:4180} INFO - Setting next_dagrun for example_subdag_operator to 2022-01-01 00:00:00+00:00, run_after=2022-01-01 00:00:00+00:00
[2025-06-27T07:36:42.791+0000] {logging_mixin.py:190} INFO - [2025-06-27T07:36:42.786+0000] {dag.py:4180} INFO - Setting next_dagrun for example_subdag_operator.section-1 to None, run_after=None
[2025-06-27T07:36:42.796+0000] {logging_mixin.py:190} INFO - [2025-06-27T07:36:42.795+0000] {dag.py:4180} INFO - Setting next_dagrun for example_subdag_operator.section-2 to None, run_after=None
[2025-06-27T07:36:42.849+0000] {logging_mixin.py:190} INFO - [2025-06-27T07:36:42.848+0000] {dag.py:3239} INFO - Sync 2 DAGs
[2025-06-27T07:36:42.890+0000] {logging_mixin.py:190} INFO - [2025-06-27T07:36:42.888+0000] {dag.py:4180} INFO - Setting next_dagrun for example_subdag_operator.section-1 to None, run_after=None
[2025-06-27T07:36:42.915+0000] {logging_mixin.py:190} INFO - [2025-06-27T07:36:42.914+0000] {dag.py:4180} INFO - Setting next_dagrun for example_subdag_operator.section-2 to None, run_after=None
[2025-06-27T07:36:42.989+0000] {processor.py:208} INFO - Processing /home/airflow/.local/lib/python3.12/site-packages/airflow/example_dags/example_subdag_operator.py took 1.878 seconds
[2025-06-27T07:37:35.096+0000] {processor.py:186} INFO - Started process (PID=211) to work on /home/airflow/.local/lib/python3.12/site-packages/airflow/example_dags/example_subdag_operator.py
[2025-06-27T07:37:35.100+0000] {processor.py:914} INFO - Processing file /home/airflow/.local/lib/python3.12/site-packages/airflow/example_dags/example_subdag_operator.py for tasks to queue
[2025-06-27T07:37:35.113+0000] {logging_mixin.py:190} INFO - [2025-06-27T07:37:35.112+0000] {dagbag.py:588} INFO - Filling up the DagBag from /home/airflow/.local/lib/python3.12/site-packages/airflow/example_dags/example_subdag_operator.py
[2025-06-27T07:37:35.235+0000] {processor.py:925} INFO - DAG(s) 'example_subdag_operator.section-1', 'example_subdag_operator.section-2', 'example_subdag_operator' retrieved from /home/airflow/.local/lib/python3.12/site-packages/airflow/example_dags/example_subdag_operator.py
[2025-06-27T07:37:35.305+0000] {logging_mixin.py:190} INFO - [2025-06-27T07:37:35.304+0000] {dag.py:3239} INFO - Sync 3 DAGs
[2025-06-27T07:37:35.386+0000] {logging_mixin.py:190} INFO - [2025-06-27T07:37:35.386+0000] {dag.py:4180} INFO - Setting next_dagrun for example_subdag_operator to 2022-01-01 00:00:00+00:00, run_after=2022-01-01 00:00:00+00:00
[2025-06-27T07:37:35.399+0000] {logging_mixin.py:190} INFO - [2025-06-27T07:37:35.398+0000] {dag.py:4180} INFO - Setting next_dagrun for example_subdag_operator.section-1 to None, run_after=None
[2025-06-27T07:37:35.404+0000] {logging_mixin.py:190} INFO - [2025-06-27T07:37:35.403+0000] {dag.py:4180} INFO - Setting next_dagrun for example_subdag_operator.section-2 to None, run_after=None
[2025-06-27T07:37:35.436+0000] {logging_mixin.py:190} INFO - [2025-06-27T07:37:35.435+0000] {dag.py:3239} INFO - Sync 2 DAGs
[2025-06-27T07:37:35.461+0000] {logging_mixin.py:190} INFO - [2025-06-27T07:37:35.460+0000] {dag.py:4180} INFO - Setting next_dagrun for example_subdag_operator.section-1 to None, run_after=None
[2025-06-27T07:37:35.463+0000] {logging_mixin.py:190} INFO - [2025-06-27T07:37:35.463+0000] {dag.py:4180} INFO - Setting next_dagrun for example_subdag_operator.section-2 to None, run_after=None
[2025-06-27T07:37:35.511+0000] {processor.py:208} INFO - Processing /home/airflow/.local/lib/python3.12/site-packages/airflow/example_dags/example_subdag_operator.py took 0.438 seconds
[2025-06-27T07:38:19.089+0000] {processor.py:186} INFO - Started process (PID=273) to work on /home/airflow/.local/lib/python3.12/site-packages/airflow/example_dags/example_subdag_operator.py
[2025-06-27T07:38:19.092+0000] {processor.py:914} INFO - Processing file /home/airflow/.local/lib/python3.12/site-packages/airflow/example_dags/example_subdag_operator.py for tasks to queue
[2025-06-27T07:38:19.101+0000] {logging_mixin.py:190} INFO - [2025-06-27T07:38:19.100+0000] {dagbag.py:588} INFO - Filling up the DagBag from /home/airflow/.local/lib/python3.12/site-packages/airflow/example_dags/example_subdag_operator.py
[2025-06-27T07:38:19.268+0000] {processor.py:925} INFO - DAG(s) 'example_subdag_operator.section-1', 'example_subdag_operator.section-2', 'example_subdag_operator' retrieved from /home/airflow/.local/lib/python3.12/site-packages/airflow/example_dags/example_subdag_operator.py
[2025-06-27T07:38:19.349+0000] {logging_mixin.py:190} INFO - [2025-06-27T07:38:19.348+0000] {dag.py:3239} INFO - Sync 3 DAGs
[2025-06-27T07:38:19.510+0000] {logging_mixin.py:190} INFO - [2025-06-27T07:38:19.509+0000] {dag.py:4180} INFO - Setting next_dagrun for example_subdag_operator to 2022-01-01 00:00:00+00:00, run_after=2022-01-01 00:00:00+00:00
[2025-06-27T07:38:19.537+0000] {logging_mixin.py:190} INFO - [2025-06-27T07:38:19.533+0000] {dag.py:4180} INFO - Setting next_dagrun for example_subdag_operator.section-1 to None, run_after=None
[2025-06-27T07:38:19.548+0000] {logging_mixin.py:190} INFO - [2025-06-27T07:38:19.547+0000] {dag.py:4180} INFO - Setting next_dagrun for example_subdag_operator.section-2 to None, run_after=None
[2025-06-27T07:38:19.586+0000] {logging_mixin.py:190} INFO - [2025-06-27T07:38:19.585+0000] {dag.py:3239} INFO - Sync 2 DAGs
[2025-06-27T07:38:19.648+0000] {logging_mixin.py:190} INFO - [2025-06-27T07:38:19.647+0000] {dag.py:4180} INFO - Setting next_dagrun for example_subdag_operator.section-1 to None, run_after=None
[2025-06-27T07:38:19.656+0000] {logging_mixin.py:190} INFO - [2025-06-27T07:38:19.653+0000] {dag.py:4180} INFO - Setting next_dagrun for example_subdag_operator.section-2 to None, run_after=None
[2025-06-27T07:38:19.742+0000] {processor.py:208} INFO - Processing /home/airflow/.local/lib/python3.12/site-packages/airflow/example_dags/example_subdag_operator.py took 0.677 seconds
[2025-06-27T07:38:50.901+0000] {processor.py:186} INFO - Started process (PID=336) to work on /home/airflow/.local/lib/python3.12/site-packages/airflow/example_dags/example_subdag_operator.py
[2025-06-27T07:38:50.905+0000] {processor.py:914} INFO - Processing file /home/airflow/.local/lib/python3.12/site-packages/airflow/example_dags/example_subdag_operator.py for tasks to queue
[2025-06-27T07:38:50.920+0000] {logging_mixin.py:190} INFO - [2025-06-27T07:38:50.918+0000] {dagbag.py:588} INFO - Filling up the DagBag from /home/airflow/.local/lib/python3.12/site-packages/airflow/example_dags/example_subdag_operator.py
[2025-06-27T07:38:51.014+0000] {processor.py:925} INFO - DAG(s) 'example_subdag_operator.section-1', 'example_subdag_operator.section-2', 'example_subdag_operator' retrieved from /home/airflow/.local/lib/python3.12/site-packages/airflow/example_dags/example_subdag_operator.py
[2025-06-27T07:38:51.110+0000] {logging_mixin.py:190} INFO - [2025-06-27T07:38:51.109+0000] {dag.py:3239} INFO - Sync 3 DAGs
[2025-06-27T07:38:51.260+0000] {logging_mixin.py:190} INFO - [2025-06-27T07:38:51.260+0000] {dag.py:4180} INFO - Setting next_dagrun for example_subdag_operator to 2022-01-01 00:00:00+00:00, run_after=2022-01-01 00:00:00+00:00
[2025-06-27T07:38:51.277+0000] {logging_mixin.py:190} INFO - [2025-06-27T07:38:51.276+0000] {dag.py:4180} INFO - Setting next_dagrun for example_subdag_operator.section-1 to None, run_after=None
[2025-06-27T07:38:51.284+0000] {logging_mixin.py:190} INFO - [2025-06-27T07:38:51.283+0000] {dag.py:4180} INFO - Setting next_dagrun for example_subdag_operator.section-2 to None, run_after=None
[2025-06-27T07:38:51.322+0000] {logging_mixin.py:190} INFO - [2025-06-27T07:38:51.321+0000] {dag.py:3239} INFO - Sync 2 DAGs
[2025-06-27T07:38:51.362+0000] {logging_mixin.py:190} INFO - [2025-06-27T07:38:51.361+0000] {dag.py:4180} INFO - Setting next_dagrun for example_subdag_operator.section-1 to None, run_after=None
[2025-06-27T07:38:51.370+0000] {logging_mixin.py:190} INFO - [2025-06-27T07:38:51.368+0000] {dag.py:4180} INFO - Setting next_dagrun for example_subdag_operator.section-2 to None, run_after=None
[2025-06-27T07:38:51.456+0000] {processor.py:208} INFO - Processing /home/airflow/.local/lib/python3.12/site-packages/airflow/example_dags/example_subdag_operator.py took 0.578 seconds
[2025-06-27T07:39:36.121+0000] {processor.py:186} INFO - Started process (PID=405) to work on /home/airflow/.local/lib/python3.12/site-packages/airflow/example_dags/example_subdag_operator.py
[2025-06-27T07:39:36.130+0000] {processor.py:914} INFO - Processing file /home/airflow/.local/lib/python3.12/site-packages/airflow/example_dags/example_subdag_operator.py for tasks to queue
[2025-06-27T07:39:36.150+0000] {logging_mixin.py:190} INFO - [2025-06-27T07:39:36.149+0000] {dagbag.py:588} INFO - Filling up the DagBag from /home/airflow/.local/lib/python3.12/site-packages/airflow/example_dags/example_subdag_operator.py
[2025-06-27T07:39:36.501+0000] {processor.py:925} INFO - DAG(s) 'example_subdag_operator.section-1', 'example_subdag_operator.section-2', 'example_subdag_operator' retrieved from /home/airflow/.local/lib/python3.12/site-packages/airflow/example_dags/example_subdag_operator.py
[2025-06-27T07:39:36.786+0000] {logging_mixin.py:190} INFO - [2025-06-27T07:39:36.785+0000] {dag.py:3239} INFO - Sync 3 DAGs
[2025-06-27T07:39:37.348+0000] {logging_mixin.py:190} INFO - [2025-06-27T07:39:37.347+0000] {dag.py:4180} INFO - Setting next_dagrun for example_subdag_operator to 2022-01-01 00:00:00+00:00, run_after=2022-01-01 00:00:00+00:00
[2025-06-27T07:39:37.451+0000] {logging_mixin.py:190} INFO - [2025-06-27T07:39:37.447+0000] {dag.py:4180} INFO - Setting next_dagrun for example_subdag_operator.section-1 to None, run_after=None
[2025-06-27T07:39:37.467+0000] {logging_mixin.py:190} INFO - [2025-06-27T07:39:37.466+0000] {dag.py:4180} INFO - Setting next_dagrun for example_subdag_operator.section-2 to None, run_after=None
[2025-06-27T07:39:37.695+0000] {logging_mixin.py:190} INFO - [2025-06-27T07:39:37.688+0000] {dag.py:3239} INFO - Sync 2 DAGs
[2025-06-27T07:39:37.797+0000] {logging_mixin.py:190} INFO - [2025-06-27T07:39:37.796+0000] {dag.py:4180} INFO - Setting next_dagrun for example_subdag_operator.section-1 to None, run_after=None
[2025-06-27T07:39:37.807+0000] {logging_mixin.py:190} INFO - [2025-06-27T07:39:37.806+0000] {dag.py:4180} INFO - Setting next_dagrun for example_subdag_operator.section-2 to None, run_after=None
[2025-06-27T07:39:37.994+0000] {processor.py:208} INFO - Processing /home/airflow/.local/lib/python3.12/site-packages/airflow/example_dags/example_subdag_operator.py took 1.940 seconds
[2025-06-27T07:40:08.567+0000] {processor.py:186} INFO - Started process (PID=467) to work on /home/airflow/.local/lib/python3.12/site-packages/airflow/example_dags/example_subdag_operator.py
[2025-06-27T07:40:08.569+0000] {processor.py:914} INFO - Processing file /home/airflow/.local/lib/python3.12/site-packages/airflow/example_dags/example_subdag_operator.py for tasks to queue
[2025-06-27T07:40:08.577+0000] {logging_mixin.py:190} INFO - [2025-06-27T07:40:08.576+0000] {dagbag.py:588} INFO - Filling up the DagBag from /home/airflow/.local/lib/python3.12/site-packages/airflow/example_dags/example_subdag_operator.py
[2025-06-27T07:40:08.641+0000] {processor.py:925} INFO - DAG(s) 'example_subdag_operator.section-1', 'example_subdag_operator.section-2', 'example_subdag_operator' retrieved from /home/airflow/.local/lib/python3.12/site-packages/airflow/example_dags/example_subdag_operator.py
[2025-06-27T07:40:08.678+0000] {logging_mixin.py:190} INFO - [2025-06-27T07:40:08.678+0000] {dag.py:3239} INFO - Sync 3 DAGs
[2025-06-27T07:40:08.740+0000] {logging_mixin.py:190} INFO - [2025-06-27T07:40:08.740+0000] {dag.py:4180} INFO - Setting next_dagrun for example_subdag_operator to 2022-01-01 00:00:00+00:00, run_after=2022-01-01 00:00:00+00:00
[2025-06-27T07:40:08.749+0000] {logging_mixin.py:190} INFO - [2025-06-27T07:40:08.749+0000] {dag.py:4180} INFO - Setting next_dagrun for example_subdag_operator.section-1 to None, run_after=None
[2025-06-27T07:40:08.753+0000] {logging_mixin.py:190} INFO - [2025-06-27T07:40:08.752+0000] {dag.py:4180} INFO - Setting next_dagrun for example_subdag_operator.section-2 to None, run_after=None
[2025-06-27T07:40:08.777+0000] {logging_mixin.py:190} INFO - [2025-06-27T07:40:08.776+0000] {dag.py:3239} INFO - Sync 2 DAGs
[2025-06-27T07:40:08.790+0000] {logging_mixin.py:190} INFO - [2025-06-27T07:40:08.789+0000] {dag.py:4180} INFO - Setting next_dagrun for example_subdag_operator.section-1 to None, run_after=None
[2025-06-27T07:40:08.792+0000] {logging_mixin.py:190} INFO - [2025-06-27T07:40:08.791+0000] {dag.py:4180} INFO - Setting next_dagrun for example_subdag_operator.section-2 to None, run_after=None
[2025-06-27T07:40:08.827+0000] {processor.py:208} INFO - Processing /home/airflow/.local/lib/python3.12/site-packages/airflow/example_dags/example_subdag_operator.py took 0.275 seconds
[2025-06-27T07:40:39.586+0000] {processor.py:186} INFO - Started process (PID=530) to work on /home/airflow/.local/lib/python3.12/site-packages/airflow/example_dags/example_subdag_operator.py
[2025-06-27T07:40:39.605+0000] {processor.py:914} INFO - Processing file /home/airflow/.local/lib/python3.12/site-packages/airflow/example_dags/example_subdag_operator.py for tasks to queue
[2025-06-27T07:40:39.650+0000] {logging_mixin.py:190} INFO - [2025-06-27T07:40:39.647+0000] {dagbag.py:588} INFO - Filling up the DagBag from /home/airflow/.local/lib/python3.12/site-packages/airflow/example_dags/example_subdag_operator.py
[2025-06-27T07:40:40.031+0000] {processor.py:925} INFO - DAG(s) 'example_subdag_operator.section-1', 'example_subdag_operator.section-2', 'example_subdag_operator' retrieved from /home/airflow/.local/lib/python3.12/site-packages/airflow/example_dags/example_subdag_operator.py
[2025-06-27T07:40:40.161+0000] {logging_mixin.py:190} INFO - [2025-06-27T07:40:40.159+0000] {dag.py:3239} INFO - Sync 3 DAGs
[2025-06-27T07:40:40.396+0000] {logging_mixin.py:190} INFO - [2025-06-27T07:40:40.395+0000] {dag.py:4180} INFO - Setting next_dagrun for example_subdag_operator to 2022-01-01 00:00:00+00:00, run_after=2022-01-01 00:00:00+00:00
[2025-06-27T07:40:40.415+0000] {logging_mixin.py:190} INFO - [2025-06-27T07:40:40.414+0000] {dag.py:4180} INFO - Setting next_dagrun for example_subdag_operator.section-1 to None, run_after=None
[2025-06-27T07:40:40.421+0000] {logging_mixin.py:190} INFO - [2025-06-27T07:40:40.421+0000] {dag.py:4180} INFO - Setting next_dagrun for example_subdag_operator.section-2 to None, run_after=None
[2025-06-27T07:40:40.467+0000] {logging_mixin.py:190} INFO - [2025-06-27T07:40:40.466+0000] {dag.py:3239} INFO - Sync 2 DAGs
[2025-06-27T07:40:40.518+0000] {logging_mixin.py:190} INFO - [2025-06-27T07:40:40.517+0000] {dag.py:4180} INFO - Setting next_dagrun for example_subdag_operator.section-1 to None, run_after=None
[2025-06-27T07:40:40.521+0000] {logging_mixin.py:190} INFO - [2025-06-27T07:40:40.520+0000] {dag.py:4180} INFO - Setting next_dagrun for example_subdag_operator.section-2 to None, run_after=None
[2025-06-27T07:40:40.582+0000] {processor.py:208} INFO - Processing /home/airflow/.local/lib/python3.12/site-packages/airflow/example_dags/example_subdag_operator.py took 1.096 seconds
[2025-06-27T07:41:11.032+0000] {processor.py:186} INFO - Started process (PID=593) to work on /home/airflow/.local/lib/python3.12/site-packages/airflow/example_dags/example_subdag_operator.py
[2025-06-27T07:41:11.042+0000] {processor.py:914} INFO - Processing file /home/airflow/.local/lib/python3.12/site-packages/airflow/example_dags/example_subdag_operator.py for tasks to queue
[2025-06-27T07:41:11.071+0000] {logging_mixin.py:190} INFO - [2025-06-27T07:41:11.069+0000] {dagbag.py:588} INFO - Filling up the DagBag from /home/airflow/.local/lib/python3.12/site-packages/airflow/example_dags/example_subdag_operator.py
[2025-06-27T07:41:11.225+0000] {processor.py:925} INFO - DAG(s) 'example_subdag_operator.section-1', 'example_subdag_operator.section-2', 'example_subdag_operator' retrieved from /home/airflow/.local/lib/python3.12/site-packages/airflow/example_dags/example_subdag_operator.py
[2025-06-27T07:41:11.322+0000] {logging_mixin.py:190} INFO - [2025-06-27T07:41:11.321+0000] {dag.py:3239} INFO - Sync 3 DAGs
[2025-06-27T07:41:11.503+0000] {logging_mixin.py:190} INFO - [2025-06-27T07:41:11.503+0000] {dag.py:4180} INFO - Setting next_dagrun for example_subdag_operator to 2022-01-01 00:00:00+00:00, run_after=2022-01-01 00:00:00+00:00
[2025-06-27T07:41:11.524+0000] {logging_mixin.py:190} INFO - [2025-06-27T07:41:11.523+0000] {dag.py:4180} INFO - Setting next_dagrun for example_subdag_operator.section-1 to None, run_after=None
[2025-06-27T07:41:11.530+0000] {logging_mixin.py:190} INFO - [2025-06-27T07:41:11.529+0000] {dag.py:4180} INFO - Setting next_dagrun for example_subdag_operator.section-2 to None, run_after=None
[2025-06-27T07:41:11.584+0000] {logging_mixin.py:190} INFO - [2025-06-27T07:41:11.584+0000] {dag.py:3239} INFO - Sync 2 DAGs
[2025-06-27T07:41:11.607+0000] {logging_mixin.py:190} INFO - [2025-06-27T07:41:11.607+0000] {dag.py:4180} INFO - Setting next_dagrun for example_subdag_operator.section-1 to None, run_after=None
[2025-06-27T07:41:11.610+0000] {logging_mixin.py:190} INFO - [2025-06-27T07:41:11.609+0000] {dag.py:4180} INFO - Setting next_dagrun for example_subdag_operator.section-2 to None, run_after=None
[2025-06-27T07:41:11.662+0000] {processor.py:208} INFO - Processing /home/airflow/.local/lib/python3.12/site-packages/airflow/example_dags/example_subdag_operator.py took 0.709 seconds
[2025-06-27T07:41:43.449+0000] {processor.py:186} INFO - Started process (PID=656) to work on /home/airflow/.local/lib/python3.12/site-packages/airflow/example_dags/example_subdag_operator.py
[2025-06-27T07:41:43.453+0000] {processor.py:914} INFO - Processing file /home/airflow/.local/lib/python3.12/site-packages/airflow/example_dags/example_subdag_operator.py for tasks to queue
[2025-06-27T07:41:43.461+0000] {logging_mixin.py:190} INFO - [2025-06-27T07:41:43.460+0000] {dagbag.py:588} INFO - Filling up the DagBag from /home/airflow/.local/lib/python3.12/site-packages/airflow/example_dags/example_subdag_operator.py
[2025-06-27T07:41:43.536+0000] {processor.py:925} INFO - DAG(s) 'example_subdag_operator.section-1', 'example_subdag_operator.section-2', 'example_subdag_operator' retrieved from /home/airflow/.local/lib/python3.12/site-packages/airflow/example_dags/example_subdag_operator.py
[2025-06-27T07:41:43.575+0000] {logging_mixin.py:190} INFO - [2025-06-27T07:41:43.574+0000] {dag.py:3239} INFO - Sync 3 DAGs
[2025-06-27T07:41:43.638+0000] {logging_mixin.py:190} INFO - [2025-06-27T07:41:43.637+0000] {dag.py:4180} INFO - Setting next_dagrun for example_subdag_operator to 2022-01-01 00:00:00+00:00, run_after=2022-01-01 00:00:00+00:00
[2025-06-27T07:41:43.653+0000] {logging_mixin.py:190} INFO - [2025-06-27T07:41:43.653+0000] {dag.py:4180} INFO - Setting next_dagrun for example_subdag_operator.section-1 to None, run_after=None
[2025-06-27T07:41:43.657+0000] {logging_mixin.py:190} INFO - [2025-06-27T07:41:43.657+0000] {dag.py:4180} INFO - Setting next_dagrun for example_subdag_operator.section-2 to None, run_after=None
[2025-06-27T07:41:43.674+0000] {logging_mixin.py:190} INFO - [2025-06-27T07:41:43.673+0000] {dag.py:3239} INFO - Sync 2 DAGs
[2025-06-27T07:41:43.686+0000] {logging_mixin.py:190} INFO - [2025-06-27T07:41:43.685+0000] {dag.py:4180} INFO - Setting next_dagrun for example_subdag_operator.section-1 to None, run_after=None
[2025-06-27T07:41:43.687+0000] {logging_mixin.py:190} INFO - [2025-06-27T07:41:43.686+0000] {dag.py:4180} INFO - Setting next_dagrun for example_subdag_operator.section-2 to None, run_after=None
[2025-06-27T07:41:43.711+0000] {processor.py:208} INFO - Processing /home/airflow/.local/lib/python3.12/site-packages/airflow/example_dags/example_subdag_operator.py took 0.282 seconds
[2025-06-27T07:42:34.643+0000] {processor.py:186} INFO - Started process (PID=709) to work on /home/airflow/.local/lib/python3.12/site-packages/airflow/example_dags/example_subdag_operator.py
[2025-06-27T07:42:34.649+0000] {processor.py:914} INFO - Processing file /home/airflow/.local/lib/python3.12/site-packages/airflow/example_dags/example_subdag_operator.py for tasks to queue
[2025-06-27T07:42:34.668+0000] {logging_mixin.py:190} INFO - [2025-06-27T07:42:34.665+0000] {dagbag.py:588} INFO - Filling up the DagBag from /home/airflow/.local/lib/python3.12/site-packages/airflow/example_dags/example_subdag_operator.py
[2025-06-27T07:42:34.892+0000] {processor.py:925} INFO - DAG(s) 'example_subdag_operator.section-1', 'example_subdag_operator.section-2', 'example_subdag_operator' retrieved from /home/airflow/.local/lib/python3.12/site-packages/airflow/example_dags/example_subdag_operator.py
[2025-06-27T07:42:35.037+0000] {logging_mixin.py:190} INFO - [2025-06-27T07:42:35.036+0000] {dag.py:3239} INFO - Sync 3 DAGs
[2025-06-27T07:42:35.277+0000] {logging_mixin.py:190} INFO - [2025-06-27T07:42:35.275+0000] {dag.py:4180} INFO - Setting next_dagrun for example_subdag_operator to 2022-01-01 00:00:00+00:00, run_after=2022-01-01 00:00:00+00:00
[2025-06-27T07:42:35.375+0000] {logging_mixin.py:190} INFO - [2025-06-27T07:42:35.374+0000] {dag.py:4180} INFO - Setting next_dagrun for example_subdag_operator.section-1 to None, run_after=None
[2025-06-27T07:42:35.385+0000] {logging_mixin.py:190} INFO - [2025-06-27T07:42:35.384+0000] {dag.py:4180} INFO - Setting next_dagrun for example_subdag_operator.section-2 to None, run_after=None
[2025-06-27T07:42:35.462+0000] {logging_mixin.py:190} INFO - [2025-06-27T07:42:35.461+0000] {dag.py:3239} INFO - Sync 2 DAGs
[2025-06-27T07:42:35.569+0000] {logging_mixin.py:190} INFO - [2025-06-27T07:42:35.568+0000] {dag.py:4180} INFO - Setting next_dagrun for example_subdag_operator.section-1 to None, run_after=None
[2025-06-27T07:42:35.589+0000] {logging_mixin.py:190} INFO - [2025-06-27T07:42:35.588+0000] {dag.py:4180} INFO - Setting next_dagrun for example_subdag_operator.section-2 to None, run_after=None
[2025-06-27T07:42:35.766+0000] {processor.py:208} INFO - Processing /home/airflow/.local/lib/python3.12/site-packages/airflow/example_dags/example_subdag_operator.py took 1.154 seconds
[2025-06-27T07:43:06.075+0000] {processor.py:186} INFO - Started process (PID=771) to work on /home/airflow/.local/lib/python3.12/site-packages/airflow/example_dags/example_subdag_operator.py
[2025-06-27T07:43:06.077+0000] {processor.py:914} INFO - Processing file /home/airflow/.local/lib/python3.12/site-packages/airflow/example_dags/example_subdag_operator.py for tasks to queue
[2025-06-27T07:43:06.084+0000] {logging_mixin.py:190} INFO - [2025-06-27T07:43:06.083+0000] {dagbag.py:588} INFO - Filling up the DagBag from /home/airflow/.local/lib/python3.12/site-packages/airflow/example_dags/example_subdag_operator.py
[2025-06-27T07:43:06.151+0000] {processor.py:925} INFO - DAG(s) 'example_subdag_operator.section-1', 'example_subdag_operator.section-2', 'example_subdag_operator' retrieved from /home/airflow/.local/lib/python3.12/site-packages/airflow/example_dags/example_subdag_operator.py
[2025-06-27T07:43:06.176+0000] {logging_mixin.py:190} INFO - [2025-06-27T07:43:06.175+0000] {dag.py:3239} INFO - Sync 3 DAGs
[2025-06-27T07:43:06.215+0000] {logging_mixin.py:190} INFO - [2025-06-27T07:43:06.215+0000] {dag.py:4180} INFO - Setting next_dagrun for example_subdag_operator to 2022-01-01 00:00:00+00:00, run_after=2022-01-01 00:00:00+00:00
[2025-06-27T07:43:06.222+0000] {logging_mixin.py:190} INFO - [2025-06-27T07:43:06.221+0000] {dag.py:4180} INFO - Setting next_dagrun for example_subdag_operator.section-1 to None, run_after=None
[2025-06-27T07:43:06.225+0000] {logging_mixin.py:190} INFO - [2025-06-27T07:43:06.224+0000] {dag.py:4180} INFO - Setting next_dagrun for example_subdag_operator.section-2 to None, run_after=None
[2025-06-27T07:43:06.239+0000] {logging_mixin.py:190} INFO - [2025-06-27T07:43:06.238+0000] {dag.py:3239} INFO - Sync 2 DAGs
[2025-06-27T07:43:06.249+0000] {logging_mixin.py:190} INFO - [2025-06-27T07:43:06.249+0000] {dag.py:4180} INFO - Setting next_dagrun for example_subdag_operator.section-1 to None, run_after=None
[2025-06-27T07:43:06.250+0000] {logging_mixin.py:190} INFO - [2025-06-27T07:43:06.250+0000] {dag.py:4180} INFO - Setting next_dagrun for example_subdag_operator.section-2 to None, run_after=None
[2025-06-27T07:43:06.272+0000] {processor.py:208} INFO - Processing /home/airflow/.local/lib/python3.12/site-packages/airflow/example_dags/example_subdag_operator.py took 0.210 seconds
[2025-06-27T07:43:36.651+0000] {processor.py:186} INFO - Started process (PID=834) to work on /home/airflow/.local/lib/python3.12/site-packages/airflow/example_dags/example_subdag_operator.py
[2025-06-27T07:43:36.653+0000] {processor.py:914} INFO - Processing file /home/airflow/.local/lib/python3.12/site-packages/airflow/example_dags/example_subdag_operator.py for tasks to queue
[2025-06-27T07:43:36.657+0000] {logging_mixin.py:190} INFO - [2025-06-27T07:43:36.657+0000] {dagbag.py:588} INFO - Filling up the DagBag from /home/airflow/.local/lib/python3.12/site-packages/airflow/example_dags/example_subdag_operator.py
[2025-06-27T07:43:36.700+0000] {processor.py:925} INFO - DAG(s) 'example_subdag_operator.section-1', 'example_subdag_operator.section-2', 'example_subdag_operator' retrieved from /home/airflow/.local/lib/python3.12/site-packages/airflow/example_dags/example_subdag_operator.py
[2025-06-27T07:43:36.723+0000] {logging_mixin.py:190} INFO - [2025-06-27T07:43:36.722+0000] {dag.py:3239} INFO - Sync 3 DAGs
[2025-06-27T07:43:36.759+0000] {logging_mixin.py:190} INFO - [2025-06-27T07:43:36.759+0000] {dag.py:4180} INFO - Setting next_dagrun for example_subdag_operator to 2022-01-01 00:00:00+00:00, run_after=2022-01-01 00:00:00+00:00
[2025-06-27T07:43:36.768+0000] {logging_mixin.py:190} INFO - [2025-06-27T07:43:36.767+0000] {dag.py:4180} INFO - Setting next_dagrun for example_subdag_operator.section-1 to None, run_after=None
[2025-06-27T07:43:36.771+0000] {logging_mixin.py:190} INFO - [2025-06-27T07:43:36.771+0000] {dag.py:4180} INFO - Setting next_dagrun for example_subdag_operator.section-2 to None, run_after=None
[2025-06-27T07:43:36.787+0000] {logging_mixin.py:190} INFO - [2025-06-27T07:43:36.786+0000] {dag.py:3239} INFO - Sync 2 DAGs
[2025-06-27T07:43:36.797+0000] {logging_mixin.py:190} INFO - [2025-06-27T07:43:36.796+0000] {dag.py:4180} INFO - Setting next_dagrun for example_subdag_operator.section-1 to None, run_after=None
[2025-06-27T07:43:36.798+0000] {logging_mixin.py:190} INFO - [2025-06-27T07:43:36.797+0000] {dag.py:4180} INFO - Setting next_dagrun for example_subdag_operator.section-2 to None, run_after=None
[2025-06-27T07:43:36.818+0000] {processor.py:208} INFO - Processing /home/airflow/.local/lib/python3.12/site-packages/airflow/example_dags/example_subdag_operator.py took 0.178 seconds
[2025-06-27T07:44:07.453+0000] {processor.py:186} INFO - Started process (PID=904) to work on /home/airflow/.local/lib/python3.12/site-packages/airflow/example_dags/example_subdag_operator.py
[2025-06-27T07:44:07.455+0000] {processor.py:914} INFO - Processing file /home/airflow/.local/lib/python3.12/site-packages/airflow/example_dags/example_subdag_operator.py for tasks to queue
[2025-06-27T07:44:07.460+0000] {logging_mixin.py:190} INFO - [2025-06-27T07:44:07.460+0000] {dagbag.py:588} INFO - Filling up the DagBag from /home/airflow/.local/lib/python3.12/site-packages/airflow/example_dags/example_subdag_operator.py
[2025-06-27T07:44:07.523+0000] {processor.py:925} INFO - DAG(s) 'example_subdag_operator.section-1', 'example_subdag_operator.section-2', 'example_subdag_operator' retrieved from /home/airflow/.local/lib/python3.12/site-packages/airflow/example_dags/example_subdag_operator.py
[2025-06-27T07:44:07.554+0000] {logging_mixin.py:190} INFO - [2025-06-27T07:44:07.554+0000] {dag.py:3239} INFO - Sync 3 DAGs
[2025-06-27T07:44:07.605+0000] {logging_mixin.py:190} INFO - [2025-06-27T07:44:07.605+0000] {dag.py:4180} INFO - Setting next_dagrun for example_subdag_operator to 2022-01-01 00:00:00+00:00, run_after=2022-01-01 00:00:00+00:00
[2025-06-27T07:44:07.613+0000] {logging_mixin.py:190} INFO - [2025-06-27T07:44:07.613+0000] {dag.py:4180} INFO - Setting next_dagrun for example_subdag_operator.section-1 to None, run_after=None
[2025-06-27T07:44:07.617+0000] {logging_mixin.py:190} INFO - [2025-06-27T07:44:07.616+0000] {dag.py:4180} INFO - Setting next_dagrun for example_subdag_operator.section-2 to None, run_after=None
[2025-06-27T07:44:07.636+0000] {logging_mixin.py:190} INFO - [2025-06-27T07:44:07.636+0000] {dag.py:3239} INFO - Sync 2 DAGs
[2025-06-27T07:44:07.648+0000] {logging_mixin.py:190} INFO - [2025-06-27T07:44:07.648+0000] {dag.py:4180} INFO - Setting next_dagrun for example_subdag_operator.section-1 to None, run_after=None
[2025-06-27T07:44:07.650+0000] {logging_mixin.py:190} INFO - [2025-06-27T07:44:07.649+0000] {dag.py:4180} INFO - Setting next_dagrun for example_subdag_operator.section-2 to None, run_after=None
[2025-06-27T07:44:07.675+0000] {processor.py:208} INFO - Processing /home/airflow/.local/lib/python3.12/site-packages/airflow/example_dags/example_subdag_operator.py took 0.235 seconds
[2025-06-27T07:44:39.556+0000] {processor.py:186} INFO - Started process (PID=968) to work on /home/airflow/.local/lib/python3.12/site-packages/airflow/example_dags/example_subdag_operator.py
[2025-06-27T07:44:39.559+0000] {processor.py:914} INFO - Processing file /home/airflow/.local/lib/python3.12/site-packages/airflow/example_dags/example_subdag_operator.py for tasks to queue
[2025-06-27T07:44:39.573+0000] {logging_mixin.py:190} INFO - [2025-06-27T07:44:39.572+0000] {dagbag.py:588} INFO - Filling up the DagBag from /home/airflow/.local/lib/python3.12/site-packages/airflow/example_dags/example_subdag_operator.py
[2025-06-27T07:44:39.683+0000] {processor.py:925} INFO - DAG(s) 'example_subdag_operator.section-1', 'example_subdag_operator.section-2', 'example_subdag_operator' retrieved from /home/airflow/.local/lib/python3.12/site-packages/airflow/example_dags/example_subdag_operator.py
[2025-06-27T07:44:39.772+0000] {logging_mixin.py:190} INFO - [2025-06-27T07:44:39.771+0000] {dag.py:3239} INFO - Sync 3 DAGs
[2025-06-27T07:44:39.907+0000] {logging_mixin.py:190} INFO - [2025-06-27T07:44:39.906+0000] {dag.py:4180} INFO - Setting next_dagrun for example_subdag_operator to 2022-01-01 00:00:00+00:00, run_after=2022-01-01 00:00:00+00:00
[2025-06-27T07:44:39.921+0000] {logging_mixin.py:190} INFO - [2025-06-27T07:44:39.920+0000] {dag.py:4180} INFO - Setting next_dagrun for example_subdag_operator.section-1 to None, run_after=None
[2025-06-27T07:44:39.926+0000] {logging_mixin.py:190} INFO - [2025-06-27T07:44:39.926+0000] {dag.py:4180} INFO - Setting next_dagrun for example_subdag_operator.section-2 to None, run_after=None
[2025-06-27T07:44:39.954+0000] {logging_mixin.py:190} INFO - [2025-06-27T07:44:39.953+0000] {dag.py:3239} INFO - Sync 2 DAGs
[2025-06-27T07:44:39.981+0000] {logging_mixin.py:190} INFO - [2025-06-27T07:44:39.980+0000] {dag.py:4180} INFO - Setting next_dagrun for example_subdag_operator.section-1 to None, run_after=None
[2025-06-27T07:44:39.985+0000] {logging_mixin.py:190} INFO - [2025-06-27T07:44:39.984+0000] {dag.py:4180} INFO - Setting next_dagrun for example_subdag_operator.section-2 to None, run_after=None
[2025-06-27T07:44:40.035+0000] {processor.py:208} INFO - Processing /home/airflow/.local/lib/python3.12/site-packages/airflow/example_dags/example_subdag_operator.py took 0.502 seconds
[2025-06-27T07:45:10.892+0000] {processor.py:186} INFO - Started process (PID=1031) to work on /home/airflow/.local/lib/python3.12/site-packages/airflow/example_dags/example_subdag_operator.py
[2025-06-27T07:45:10.894+0000] {processor.py:914} INFO - Processing file /home/airflow/.local/lib/python3.12/site-packages/airflow/example_dags/example_subdag_operator.py for tasks to queue
[2025-06-27T07:45:10.899+0000] {logging_mixin.py:190} INFO - [2025-06-27T07:45:10.898+0000] {dagbag.py:588} INFO - Filling up the DagBag from /home/airflow/.local/lib/python3.12/site-packages/airflow/example_dags/example_subdag_operator.py
[2025-06-27T07:45:10.965+0000] {processor.py:925} INFO - DAG(s) 'example_subdag_operator.section-1', 'example_subdag_operator.section-2', 'example_subdag_operator' retrieved from /home/airflow/.local/lib/python3.12/site-packages/airflow/example_dags/example_subdag_operator.py
[2025-06-27T07:45:11.008+0000] {logging_mixin.py:190} INFO - [2025-06-27T07:45:11.007+0000] {dag.py:3239} INFO - Sync 3 DAGs
[2025-06-27T07:45:11.082+0000] {logging_mixin.py:190} INFO - [2025-06-27T07:45:11.081+0000] {dag.py:4180} INFO - Setting next_dagrun for example_subdag_operator to 2022-01-01 00:00:00+00:00, run_after=2022-01-01 00:00:00+00:00
[2025-06-27T07:45:11.098+0000] {logging_mixin.py:190} INFO - [2025-06-27T07:45:11.098+0000] {dag.py:4180} INFO - Setting next_dagrun for example_subdag_operator.section-1 to None, run_after=None
[2025-06-27T07:45:11.104+0000] {logging_mixin.py:190} INFO - [2025-06-27T07:45:11.103+0000] {dag.py:4180} INFO - Setting next_dagrun for example_subdag_operator.section-2 to None, run_after=None
[2025-06-27T07:45:11.129+0000] {logging_mixin.py:190} INFO - [2025-06-27T07:45:11.128+0000] {dag.py:3239} INFO - Sync 2 DAGs
[2025-06-27T07:45:11.148+0000] {logging_mixin.py:190} INFO - [2025-06-27T07:45:11.148+0000] {dag.py:4180} INFO - Setting next_dagrun for example_subdag_operator.section-1 to None, run_after=None
[2025-06-27T07:45:11.153+0000] {logging_mixin.py:190} INFO - [2025-06-27T07:45:11.152+0000] {dag.py:4180} INFO - Setting next_dagrun for example_subdag_operator.section-2 to None, run_after=None
[2025-06-27T07:45:11.198+0000] {processor.py:208} INFO - Processing /home/airflow/.local/lib/python3.12/site-packages/airflow/example_dags/example_subdag_operator.py took 0.318 seconds
[2025-06-27T07:45:41.585+0000] {processor.py:186} INFO - Started process (PID=1094) to work on /home/airflow/.local/lib/python3.12/site-packages/airflow/example_dags/example_subdag_operator.py
[2025-06-27T07:45:41.587+0000] {processor.py:914} INFO - Processing file /home/airflow/.local/lib/python3.12/site-packages/airflow/example_dags/example_subdag_operator.py for tasks to queue
[2025-06-27T07:45:41.592+0000] {logging_mixin.py:190} INFO - [2025-06-27T07:45:41.591+0000] {dagbag.py:588} INFO - Filling up the DagBag from /home/airflow/.local/lib/python3.12/site-packages/airflow/example_dags/example_subdag_operator.py
[2025-06-27T07:45:41.649+0000] {processor.py:925} INFO - DAG(s) 'example_subdag_operator.section-1', 'example_subdag_operator.section-2', 'example_subdag_operator' retrieved from /home/airflow/.local/lib/python3.12/site-packages/airflow/example_dags/example_subdag_operator.py
[2025-06-27T07:45:41.678+0000] {logging_mixin.py:190} INFO - [2025-06-27T07:45:41.677+0000] {dag.py:3239} INFO - Sync 3 DAGs
[2025-06-27T07:45:41.731+0000] {logging_mixin.py:190} INFO - [2025-06-27T07:45:41.730+0000] {dag.py:4180} INFO - Setting next_dagrun for example_subdag_operator to 2022-01-01 00:00:00+00:00, run_after=2022-01-01 00:00:00+00:00
[2025-06-27T07:45:41.739+0000] {logging_mixin.py:190} INFO - [2025-06-27T07:45:41.739+0000] {dag.py:4180} INFO - Setting next_dagrun for example_subdag_operator.section-1 to None, run_after=None
[2025-06-27T07:45:41.744+0000] {logging_mixin.py:190} INFO - [2025-06-27T07:45:41.743+0000] {dag.py:4180} INFO - Setting next_dagrun for example_subdag_operator.section-2 to None, run_after=None
[2025-06-27T07:45:41.763+0000] {logging_mixin.py:190} INFO - [2025-06-27T07:45:41.762+0000] {dag.py:3239} INFO - Sync 2 DAGs
[2025-06-27T07:45:41.780+0000] {logging_mixin.py:190} INFO - [2025-06-27T07:45:41.779+0000] {dag.py:4180} INFO - Setting next_dagrun for example_subdag_operator.section-1 to None, run_after=None
[2025-06-27T07:45:41.782+0000] {logging_mixin.py:190} INFO - [2025-06-27T07:45:41.781+0000] {dag.py:4180} INFO - Setting next_dagrun for example_subdag_operator.section-2 to None, run_after=None
[2025-06-27T07:45:41.813+0000] {processor.py:208} INFO - Processing /home/airflow/.local/lib/python3.12/site-packages/airflow/example_dags/example_subdag_operator.py took 0.239 seconds
[2025-06-27T07:46:11.924+0000] {processor.py:186} INFO - Started process (PID=1157) to work on /home/airflow/.local/lib/python3.12/site-packages/airflow/example_dags/example_subdag_operator.py
[2025-06-27T07:46:11.926+0000] {processor.py:914} INFO - Processing file /home/airflow/.local/lib/python3.12/site-packages/airflow/example_dags/example_subdag_operator.py for tasks to queue
[2025-06-27T07:46:11.930+0000] {logging_mixin.py:190} INFO - [2025-06-27T07:46:11.930+0000] {dagbag.py:588} INFO - Filling up the DagBag from /home/airflow/.local/lib/python3.12/site-packages/airflow/example_dags/example_subdag_operator.py
[2025-06-27T07:46:11.983+0000] {processor.py:925} INFO - DAG(s) 'example_subdag_operator.section-1', 'example_subdag_operator.section-2', 'example_subdag_operator' retrieved from /home/airflow/.local/lib/python3.12/site-packages/airflow/example_dags/example_subdag_operator.py
[2025-06-27T07:46:12.012+0000] {logging_mixin.py:190} INFO - [2025-06-27T07:46:12.011+0000] {dag.py:3239} INFO - Sync 3 DAGs
[2025-06-27T07:46:12.070+0000] {logging_mixin.py:190} INFO - [2025-06-27T07:46:12.070+0000] {dag.py:4180} INFO - Setting next_dagrun for example_subdag_operator to 2022-01-01 00:00:00+00:00, run_after=2022-01-01 00:00:00+00:00
[2025-06-27T07:46:12.081+0000] {logging_mixin.py:190} INFO - [2025-06-27T07:46:12.080+0000] {dag.py:4180} INFO - Setting next_dagrun for example_subdag_operator.section-1 to None, run_after=None
[2025-06-27T07:46:12.085+0000] {logging_mixin.py:190} INFO - [2025-06-27T07:46:12.084+0000] {dag.py:4180} INFO - Setting next_dagrun for example_subdag_operator.section-2 to None, run_after=None
[2025-06-27T07:46:12.103+0000] {logging_mixin.py:190} INFO - [2025-06-27T07:46:12.102+0000] {dag.py:3239} INFO - Sync 2 DAGs
[2025-06-27T07:46:12.119+0000] {logging_mixin.py:190} INFO - [2025-06-27T07:46:12.118+0000] {dag.py:4180} INFO - Setting next_dagrun for example_subdag_operator.section-1 to None, run_after=None
[2025-06-27T07:46:12.121+0000] {logging_mixin.py:190} INFO - [2025-06-27T07:46:12.121+0000] {dag.py:4180} INFO - Setting next_dagrun for example_subdag_operator.section-2 to None, run_after=None
[2025-06-27T07:46:12.157+0000] {processor.py:208} INFO - Processing /home/airflow/.local/lib/python3.12/site-packages/airflow/example_dags/example_subdag_operator.py took 0.242 seconds
[2025-06-27T07:46:42.849+0000] {processor.py:186} INFO - Started process (PID=1220) to work on /home/airflow/.local/lib/python3.12/site-packages/airflow/example_dags/example_subdag_operator.py
[2025-06-27T07:46:42.853+0000] {processor.py:914} INFO - Processing file /home/airflow/.local/lib/python3.12/site-packages/airflow/example_dags/example_subdag_operator.py for tasks to queue
[2025-06-27T07:46:42.858+0000] {logging_mixin.py:190} INFO - [2025-06-27T07:46:42.858+0000] {dagbag.py:588} INFO - Filling up the DagBag from /home/airflow/.local/lib/python3.12/site-packages/airflow/example_dags/example_subdag_operator.py
[2025-06-27T07:46:42.926+0000] {processor.py:925} INFO - DAG(s) 'example_subdag_operator.section-1', 'example_subdag_operator.section-2', 'example_subdag_operator' retrieved from /home/airflow/.local/lib/python3.12/site-packages/airflow/example_dags/example_subdag_operator.py
[2025-06-27T07:46:42.965+0000] {logging_mixin.py:190} INFO - [2025-06-27T07:46:42.965+0000] {dag.py:3239} INFO - Sync 3 DAGs
[2025-06-27T07:46:43.017+0000] {logging_mixin.py:190} INFO - [2025-06-27T07:46:43.016+0000] {dag.py:4180} INFO - Setting next_dagrun for example_subdag_operator to 2022-01-01 00:00:00+00:00, run_after=2022-01-01 00:00:00+00:00
[2025-06-27T07:46:43.026+0000] {logging_mixin.py:190} INFO - [2025-06-27T07:46:43.026+0000] {dag.py:4180} INFO - Setting next_dagrun for example_subdag_operator.section-1 to None, run_after=None
[2025-06-27T07:46:43.030+0000] {logging_mixin.py:190} INFO - [2025-06-27T07:46:43.029+0000] {dag.py:4180} INFO - Setting next_dagrun for example_subdag_operator.section-2 to None, run_after=None
[2025-06-27T07:46:43.052+0000] {logging_mixin.py:190} INFO - [2025-06-27T07:46:43.052+0000] {dag.py:3239} INFO - Sync 2 DAGs
[2025-06-27T07:46:43.070+0000] {logging_mixin.py:190} INFO - [2025-06-27T07:46:43.069+0000] {dag.py:4180} INFO - Setting next_dagrun for example_subdag_operator.section-1 to None, run_after=None
[2025-06-27T07:46:43.071+0000] {logging_mixin.py:190} INFO - [2025-06-27T07:46:43.071+0000] {dag.py:4180} INFO - Setting next_dagrun for example_subdag_operator.section-2 to None, run_after=None
[2025-06-27T07:46:43.111+0000] {processor.py:208} INFO - Processing /home/airflow/.local/lib/python3.12/site-packages/airflow/example_dags/example_subdag_operator.py took 0.277 seconds
[2025-06-27T07:47:13.406+0000] {processor.py:186} INFO - Started process (PID=1283) to work on /home/airflow/.local/lib/python3.12/site-packages/airflow/example_dags/example_subdag_operator.py
[2025-06-27T07:47:13.408+0000] {processor.py:914} INFO - Processing file /home/airflow/.local/lib/python3.12/site-packages/airflow/example_dags/example_subdag_operator.py for tasks to queue
[2025-06-27T07:47:13.413+0000] {logging_mixin.py:190} INFO - [2025-06-27T07:47:13.413+0000] {dagbag.py:588} INFO - Filling up the DagBag from /home/airflow/.local/lib/python3.12/site-packages/airflow/example_dags/example_subdag_operator.py
[2025-06-27T07:47:13.470+0000] {processor.py:925} INFO - DAG(s) 'example_subdag_operator.section-1', 'example_subdag_operator.section-2', 'example_subdag_operator' retrieved from /home/airflow/.local/lib/python3.12/site-packages/airflow/example_dags/example_subdag_operator.py
[2025-06-27T07:47:13.502+0000] {logging_mixin.py:190} INFO - [2025-06-27T07:47:13.501+0000] {dag.py:3239} INFO - Sync 3 DAGs
[2025-06-27T07:47:13.555+0000] {logging_mixin.py:190} INFO - [2025-06-27T07:47:13.555+0000] {dag.py:4180} INFO - Setting next_dagrun for example_subdag_operator to 2022-01-01 00:00:00+00:00, run_after=2022-01-01 00:00:00+00:00
[2025-06-27T07:47:13.565+0000] {logging_mixin.py:190} INFO - [2025-06-27T07:47:13.564+0000] {dag.py:4180} INFO - Setting next_dagrun for example_subdag_operator.section-1 to None, run_after=None
[2025-06-27T07:47:13.567+0000] {logging_mixin.py:190} INFO - [2025-06-27T07:47:13.567+0000] {dag.py:4180} INFO - Setting next_dagrun for example_subdag_operator.section-2 to None, run_after=None
[2025-06-27T07:47:13.582+0000] {logging_mixin.py:190} INFO - [2025-06-27T07:47:13.582+0000] {dag.py:3239} INFO - Sync 2 DAGs
[2025-06-27T07:47:13.596+0000] {logging_mixin.py:190} INFO - [2025-06-27T07:47:13.596+0000] {dag.py:4180} INFO - Setting next_dagrun for example_subdag_operator.section-1 to None, run_after=None
[2025-06-27T07:47:13.598+0000] {logging_mixin.py:190} INFO - [2025-06-27T07:47:13.597+0000] {dag.py:4180} INFO - Setting next_dagrun for example_subdag_operator.section-2 to None, run_after=None
[2025-06-27T07:47:13.625+0000] {processor.py:208} INFO - Processing /home/airflow/.local/lib/python3.12/site-packages/airflow/example_dags/example_subdag_operator.py took 0.229 seconds
[2025-06-27T07:47:44.982+0000] {processor.py:186} INFO - Started process (PID=1345) to work on /home/airflow/.local/lib/python3.12/site-packages/airflow/example_dags/example_subdag_operator.py
[2025-06-27T07:47:44.985+0000] {processor.py:914} INFO - Processing file /home/airflow/.local/lib/python3.12/site-packages/airflow/example_dags/example_subdag_operator.py for tasks to queue
[2025-06-27T07:47:44.997+0000] {logging_mixin.py:190} INFO - [2025-06-27T07:47:44.996+0000] {dagbag.py:588} INFO - Filling up the DagBag from /home/airflow/.local/lib/python3.12/site-packages/airflow/example_dags/example_subdag_operator.py
[2025-06-27T07:47:45.513+0000] {processor.py:925} INFO - DAG(s) 'example_subdag_operator.section-1', 'example_subdag_operator.section-2', 'example_subdag_operator' retrieved from /home/airflow/.local/lib/python3.12/site-packages/airflow/example_dags/example_subdag_operator.py
[2025-06-27T07:47:45.785+0000] {logging_mixin.py:190} INFO - [2025-06-27T07:47:45.784+0000] {dag.py:3239} INFO - Sync 3 DAGs
[2025-06-27T07:47:46.009+0000] {logging_mixin.py:190} INFO - [2025-06-27T07:47:46.006+0000] {dag.py:4180} INFO - Setting next_dagrun for example_subdag_operator to 2022-01-01 00:00:00+00:00, run_after=2022-01-01 00:00:00+00:00
[2025-06-27T07:47:46.041+0000] {logging_mixin.py:190} INFO - [2025-06-27T07:47:46.041+0000] {dag.py:4180} INFO - Setting next_dagrun for example_subdag_operator.section-1 to None, run_after=None
[2025-06-27T07:47:46.048+0000] {logging_mixin.py:190} INFO - [2025-06-27T07:47:46.047+0000] {dag.py:4180} INFO - Setting next_dagrun for example_subdag_operator.section-2 to None, run_after=None
[2025-06-27T07:47:46.112+0000] {logging_mixin.py:190} INFO - [2025-06-27T07:47:46.111+0000] {dag.py:3239} INFO - Sync 2 DAGs
[2025-06-27T07:47:46.137+0000] {logging_mixin.py:190} INFO - [2025-06-27T07:47:46.136+0000] {dag.py:4180} INFO - Setting next_dagrun for example_subdag_operator.section-1 to None, run_after=None
[2025-06-27T07:47:46.138+0000] {logging_mixin.py:190} INFO - [2025-06-27T07:47:46.138+0000] {dag.py:4180} INFO - Setting next_dagrun for example_subdag_operator.section-2 to None, run_after=None
[2025-06-27T07:47:46.187+0000] {processor.py:208} INFO - Processing /home/airflow/.local/lib/python3.12/site-packages/airflow/example_dags/example_subdag_operator.py took 1.221 seconds
[2025-06-27T07:48:16.469+0000] {processor.py:186} INFO - Started process (PID=1408) to work on /home/airflow/.local/lib/python3.12/site-packages/airflow/example_dags/example_subdag_operator.py
[2025-06-27T07:48:16.472+0000] {processor.py:914} INFO - Processing file /home/airflow/.local/lib/python3.12/site-packages/airflow/example_dags/example_subdag_operator.py for tasks to queue
[2025-06-27T07:48:16.481+0000] {logging_mixin.py:190} INFO - [2025-06-27T07:48:16.480+0000] {dagbag.py:588} INFO - Filling up the DagBag from /home/airflow/.local/lib/python3.12/site-packages/airflow/example_dags/example_subdag_operator.py
[2025-06-27T07:48:16.606+0000] {processor.py:925} INFO - DAG(s) 'example_subdag_operator.section-1', 'example_subdag_operator.section-2', 'example_subdag_operator' retrieved from /home/airflow/.local/lib/python3.12/site-packages/airflow/example_dags/example_subdag_operator.py
[2025-06-27T07:48:16.684+0000] {logging_mixin.py:190} INFO - [2025-06-27T07:48:16.684+0000] {dag.py:3239} INFO - Sync 3 DAGs
[2025-06-27T07:48:16.756+0000] {logging_mixin.py:190} INFO - [2025-06-27T07:48:16.756+0000] {dag.py:4180} INFO - Setting next_dagrun for example_subdag_operator to 2022-01-01 00:00:00+00:00, run_after=2022-01-01 00:00:00+00:00
[2025-06-27T07:48:16.768+0000] {logging_mixin.py:190} INFO - [2025-06-27T07:48:16.768+0000] {dag.py:4180} INFO - Setting next_dagrun for example_subdag_operator.section-1 to None, run_after=None
[2025-06-27T07:48:16.772+0000] {logging_mixin.py:190} INFO - [2025-06-27T07:48:16.772+0000] {dag.py:4180} INFO - Setting next_dagrun for example_subdag_operator.section-2 to None, run_after=None
[2025-06-27T07:48:16.799+0000] {logging_mixin.py:190} INFO - [2025-06-27T07:48:16.798+0000] {dag.py:3239} INFO - Sync 2 DAGs
[2025-06-27T07:48:16.837+0000] {logging_mixin.py:190} INFO - [2025-06-27T07:48:16.836+0000] {dag.py:4180} INFO - Setting next_dagrun for example_subdag_operator.section-1 to None, run_after=None
[2025-06-27T07:48:16.843+0000] {logging_mixin.py:190} INFO - [2025-06-27T07:48:16.843+0000] {dag.py:4180} INFO - Setting next_dagrun for example_subdag_operator.section-2 to None, run_after=None
[2025-06-27T07:48:16.927+0000] {processor.py:208} INFO - Processing /home/airflow/.local/lib/python3.12/site-packages/airflow/example_dags/example_subdag_operator.py took 0.474 seconds
[2025-06-27T07:48:47.240+0000] {processor.py:186} INFO - Started process (PID=1472) to work on /home/airflow/.local/lib/python3.12/site-packages/airflow/example_dags/example_subdag_operator.py
[2025-06-27T07:48:47.242+0000] {processor.py:914} INFO - Processing file /home/airflow/.local/lib/python3.12/site-packages/airflow/example_dags/example_subdag_operator.py for tasks to queue
[2025-06-27T07:48:47.248+0000] {logging_mixin.py:190} INFO - [2025-06-27T07:48:47.247+0000] {dagbag.py:588} INFO - Filling up the DagBag from /home/airflow/.local/lib/python3.12/site-packages/airflow/example_dags/example_subdag_operator.py
[2025-06-27T07:48:47.307+0000] {processor.py:925} INFO - DAG(s) 'example_subdag_operator.section-1', 'example_subdag_operator.section-2', 'example_subdag_operator' retrieved from /home/airflow/.local/lib/python3.12/site-packages/airflow/example_dags/example_subdag_operator.py
[2025-06-27T07:48:47.340+0000] {logging_mixin.py:190} INFO - [2025-06-27T07:48:47.339+0000] {dag.py:3239} INFO - Sync 3 DAGs
[2025-06-27T07:48:47.393+0000] {logging_mixin.py:190} INFO - [2025-06-27T07:48:47.392+0000] {dag.py:4180} INFO - Setting next_dagrun for example_subdag_operator to 2022-01-01 00:00:00+00:00, run_after=2022-01-01 00:00:00+00:00
[2025-06-27T07:48:47.403+0000] {logging_mixin.py:190} INFO - [2025-06-27T07:48:47.403+0000] {dag.py:4180} INFO - Setting next_dagrun for example_subdag_operator.section-1 to None, run_after=None
[2025-06-27T07:48:47.409+0000] {logging_mixin.py:190} INFO - [2025-06-27T07:48:47.408+0000] {dag.py:4180} INFO - Setting next_dagrun for example_subdag_operator.section-2 to None, run_after=None
[2025-06-27T07:48:47.427+0000] {logging_mixin.py:190} INFO - [2025-06-27T07:48:47.426+0000] {dag.py:3239} INFO - Sync 2 DAGs
[2025-06-27T07:48:47.441+0000] {logging_mixin.py:190} INFO - [2025-06-27T07:48:47.440+0000] {dag.py:4180} INFO - Setting next_dagrun for example_subdag_operator.section-1 to None, run_after=None
[2025-06-27T07:48:47.442+0000] {logging_mixin.py:190} INFO - [2025-06-27T07:48:47.442+0000] {dag.py:4180} INFO - Setting next_dagrun for example_subdag_operator.section-2 to None, run_after=None
[2025-06-27T07:48:47.472+0000] {processor.py:208} INFO - Processing /home/airflow/.local/lib/python3.12/site-packages/airflow/example_dags/example_subdag_operator.py took 0.242 seconds
[2025-06-27T07:52:10.449+0000] {processor.py:186} INFO - Started process (PID=98) to work on /home/airflow/.local/lib/python3.12/site-packages/airflow/example_dags/example_subdag_operator.py
[2025-06-27T07:52:10.455+0000] {processor.py:914} INFO - Processing file /home/airflow/.local/lib/python3.12/site-packages/airflow/example_dags/example_subdag_operator.py for tasks to queue
[2025-06-27T07:52:10.463+0000] {logging_mixin.py:190} INFO - [2025-06-27T07:52:10.462+0000] {dagbag.py:588} INFO - Filling up the DagBag from /home/airflow/.local/lib/python3.12/site-packages/airflow/example_dags/example_subdag_operator.py
[2025-06-27T07:52:10.717+0000] {processor.py:925} INFO - DAG(s) 'example_subdag_operator.section-1', 'example_subdag_operator.section-2', 'example_subdag_operator' retrieved from /home/airflow/.local/lib/python3.12/site-packages/airflow/example_dags/example_subdag_operator.py
[2025-06-27T07:52:10.885+0000] {logging_mixin.py:190} INFO - [2025-06-27T07:52:10.884+0000] {dag.py:3239} INFO - Sync 3 DAGs
[2025-06-27T07:52:11.132+0000] {logging_mixin.py:190} INFO - [2025-06-27T07:52:11.129+0000] {dag.py:4180} INFO - Setting next_dagrun for example_subdag_operator to 2022-01-01 00:00:00+00:00, run_after=2022-01-01 00:00:00+00:00
[2025-06-27T07:52:11.173+0000] {logging_mixin.py:190} INFO - [2025-06-27T07:52:11.172+0000] {dag.py:4180} INFO - Setting next_dagrun for example_subdag_operator.section-1 to None, run_after=None
[2025-06-27T07:52:11.182+0000] {logging_mixin.py:190} INFO - [2025-06-27T07:52:11.181+0000] {dag.py:4180} INFO - Setting next_dagrun for example_subdag_operator.section-2 to None, run_after=None
[2025-06-27T07:52:11.417+0000] {logging_mixin.py:190} INFO - [2025-06-27T07:52:11.416+0000] {dag.py:3239} INFO - Sync 2 DAGs
[2025-06-27T07:52:11.456+0000] {logging_mixin.py:190} INFO - [2025-06-27T07:52:11.455+0000] {dag.py:4180} INFO - Setting next_dagrun for example_subdag_operator.section-1 to None, run_after=None
[2025-06-27T07:52:11.462+0000] {logging_mixin.py:190} INFO - [2025-06-27T07:52:11.462+0000] {dag.py:4180} INFO - Setting next_dagrun for example_subdag_operator.section-2 to None, run_after=None
[2025-06-27T07:52:11.514+0000] {processor.py:208} INFO - Processing /home/airflow/.local/lib/python3.12/site-packages/airflow/example_dags/example_subdag_operator.py took 1.094 seconds
[2025-06-27T07:52:49.368+0000] {processor.py:186} INFO - Started process (PID=161) to work on /home/airflow/.local/lib/python3.12/site-packages/airflow/example_dags/example_subdag_operator.py
[2025-06-27T07:52:49.372+0000] {processor.py:914} INFO - Processing file /home/airflow/.local/lib/python3.12/site-packages/airflow/example_dags/example_subdag_operator.py for tasks to queue
[2025-06-27T07:52:49.391+0000] {logging_mixin.py:190} INFO - [2025-06-27T07:52:49.389+0000] {dagbag.py:588} INFO - Filling up the DagBag from /home/airflow/.local/lib/python3.12/site-packages/airflow/example_dags/example_subdag_operator.py
[2025-06-27T07:52:49.592+0000] {processor.py:925} INFO - DAG(s) 'example_subdag_operator.section-1', 'example_subdag_operator.section-2', 'example_subdag_operator' retrieved from /home/airflow/.local/lib/python3.12/site-packages/airflow/example_dags/example_subdag_operator.py
[2025-06-27T07:52:49.724+0000] {logging_mixin.py:190} INFO - [2025-06-27T07:52:49.723+0000] {dag.py:3239} INFO - Sync 3 DAGs
[2025-06-27T07:52:49.917+0000] {logging_mixin.py:190} INFO - [2025-06-27T07:52:49.915+0000] {dag.py:4180} INFO - Setting next_dagrun for example_subdag_operator to 2022-01-01 00:00:00+00:00, run_after=2022-01-01 00:00:00+00:00
[2025-06-27T07:52:49.955+0000] {logging_mixin.py:190} INFO - [2025-06-27T07:52:49.954+0000] {dag.py:4180} INFO - Setting next_dagrun for example_subdag_operator.section-1 to None, run_after=None
[2025-06-27T07:52:49.973+0000] {logging_mixin.py:190} INFO - [2025-06-27T07:52:49.972+0000] {dag.py:4180} INFO - Setting next_dagrun for example_subdag_operator.section-2 to None, run_after=None
[2025-06-27T07:52:50.016+0000] {logging_mixin.py:190} INFO - [2025-06-27T07:52:50.016+0000] {dag.py:3239} INFO - Sync 2 DAGs
[2025-06-27T07:52:50.053+0000] {logging_mixin.py:190} INFO - [2025-06-27T07:52:50.052+0000] {dag.py:4180} INFO - Setting next_dagrun for example_subdag_operator.section-1 to None, run_after=None
[2025-06-27T07:52:50.056+0000] {logging_mixin.py:190} INFO - [2025-06-27T07:52:50.055+0000] {dag.py:4180} INFO - Setting next_dagrun for example_subdag_operator.section-2 to None, run_after=None
[2025-06-27T07:52:50.108+0000] {processor.py:208} INFO - Processing /home/airflow/.local/lib/python3.12/site-packages/airflow/example_dags/example_subdag_operator.py took 0.775 seconds
[2025-06-27T07:53:20.449+0000] {processor.py:186} INFO - Started process (PID=223) to work on /home/airflow/.local/lib/python3.12/site-packages/airflow/example_dags/example_subdag_operator.py
[2025-06-27T07:53:20.452+0000] {processor.py:914} INFO - Processing file /home/airflow/.local/lib/python3.12/site-packages/airflow/example_dags/example_subdag_operator.py for tasks to queue
[2025-06-27T07:53:20.458+0000] {logging_mixin.py:190} INFO - [2025-06-27T07:53:20.457+0000] {dagbag.py:588} INFO - Filling up the DagBag from /home/airflow/.local/lib/python3.12/site-packages/airflow/example_dags/example_subdag_operator.py
[2025-06-27T07:53:20.521+0000] {processor.py:925} INFO - DAG(s) 'example_subdag_operator.section-1', 'example_subdag_operator.section-2', 'example_subdag_operator' retrieved from /home/airflow/.local/lib/python3.12/site-packages/airflow/example_dags/example_subdag_operator.py
[2025-06-27T07:53:20.553+0000] {logging_mixin.py:190} INFO - [2025-06-27T07:53:20.553+0000] {dag.py:3239} INFO - Sync 3 DAGs
[2025-06-27T07:53:20.605+0000] {logging_mixin.py:190} INFO - [2025-06-27T07:53:20.605+0000] {dag.py:4180} INFO - Setting next_dagrun for example_subdag_operator to 2022-01-01 00:00:00+00:00, run_after=2022-01-01 00:00:00+00:00
[2025-06-27T07:53:20.612+0000] {logging_mixin.py:190} INFO - [2025-06-27T07:53:20.612+0000] {dag.py:4180} INFO - Setting next_dagrun for example_subdag_operator.section-1 to None, run_after=None
[2025-06-27T07:53:20.615+0000] {logging_mixin.py:190} INFO - [2025-06-27T07:53:20.614+0000] {dag.py:4180} INFO - Setting next_dagrun for example_subdag_operator.section-2 to None, run_after=None
[2025-06-27T07:53:20.626+0000] {logging_mixin.py:190} INFO - [2025-06-27T07:53:20.626+0000] {dag.py:3239} INFO - Sync 2 DAGs
[2025-06-27T07:53:20.635+0000] {logging_mixin.py:190} INFO - [2025-06-27T07:53:20.635+0000] {dag.py:4180} INFO - Setting next_dagrun for example_subdag_operator.section-1 to None, run_after=None
[2025-06-27T07:53:20.636+0000] {logging_mixin.py:190} INFO - [2025-06-27T07:53:20.636+0000] {dag.py:4180} INFO - Setting next_dagrun for example_subdag_operator.section-2 to None, run_after=None
[2025-06-27T07:53:20.653+0000] {processor.py:208} INFO - Processing /home/airflow/.local/lib/python3.12/site-packages/airflow/example_dags/example_subdag_operator.py took 0.216 seconds
[2025-06-27T07:53:50.818+0000] {processor.py:186} INFO - Started process (PID=287) to work on /home/airflow/.local/lib/python3.12/site-packages/airflow/example_dags/example_subdag_operator.py
[2025-06-27T07:53:50.820+0000] {processor.py:914} INFO - Processing file /home/airflow/.local/lib/python3.12/site-packages/airflow/example_dags/example_subdag_operator.py for tasks to queue
[2025-06-27T07:53:50.825+0000] {logging_mixin.py:190} INFO - [2025-06-27T07:53:50.824+0000] {dagbag.py:588} INFO - Filling up the DagBag from /home/airflow/.local/lib/python3.12/site-packages/airflow/example_dags/example_subdag_operator.py
[2025-06-27T07:53:50.864+0000] {processor.py:925} INFO - DAG(s) 'example_subdag_operator.section-1', 'example_subdag_operator.section-2', 'example_subdag_operator' retrieved from /home/airflow/.local/lib/python3.12/site-packages/airflow/example_dags/example_subdag_operator.py
[2025-06-27T07:53:50.888+0000] {logging_mixin.py:190} INFO - [2025-06-27T07:53:50.888+0000] {dag.py:3239} INFO - Sync 3 DAGs
[2025-06-27T07:53:50.945+0000] {logging_mixin.py:190} INFO - [2025-06-27T07:53:50.944+0000] {dag.py:4180} INFO - Setting next_dagrun for example_subdag_operator to 2022-01-01 00:00:00+00:00, run_after=2022-01-01 00:00:00+00:00
[2025-06-27T07:53:50.952+0000] {logging_mixin.py:190} INFO - [2025-06-27T07:53:50.952+0000] {dag.py:4180} INFO - Setting next_dagrun for example_subdag_operator.section-1 to None, run_after=None
[2025-06-27T07:53:50.955+0000] {logging_mixin.py:190} INFO - [2025-06-27T07:53:50.955+0000] {dag.py:4180} INFO - Setting next_dagrun for example_subdag_operator.section-2 to None, run_after=None
[2025-06-27T07:53:50.971+0000] {logging_mixin.py:190} INFO - [2025-06-27T07:53:50.971+0000] {dag.py:3239} INFO - Sync 2 DAGs
[2025-06-27T07:53:50.983+0000] {logging_mixin.py:190} INFO - [2025-06-27T07:53:50.983+0000] {dag.py:4180} INFO - Setting next_dagrun for example_subdag_operator.section-1 to None, run_after=None
[2025-06-27T07:53:50.985+0000] {logging_mixin.py:190} INFO - [2025-06-27T07:53:50.984+0000] {dag.py:4180} INFO - Setting next_dagrun for example_subdag_operator.section-2 to None, run_after=None
[2025-06-27T07:53:51.013+0000] {processor.py:208} INFO - Processing /home/airflow/.local/lib/python3.12/site-packages/airflow/example_dags/example_subdag_operator.py took 0.204 seconds
[2025-06-27T07:54:21.221+0000] {processor.py:186} INFO - Started process (PID=350) to work on /home/airflow/.local/lib/python3.12/site-packages/airflow/example_dags/example_subdag_operator.py
[2025-06-27T07:54:21.224+0000] {processor.py:914} INFO - Processing file /home/airflow/.local/lib/python3.12/site-packages/airflow/example_dags/example_subdag_operator.py for tasks to queue
[2025-06-27T07:54:21.235+0000] {logging_mixin.py:190} INFO - [2025-06-27T07:54:21.232+0000] {dagbag.py:588} INFO - Filling up the DagBag from /home/airflow/.local/lib/python3.12/site-packages/airflow/example_dags/example_subdag_operator.py
[2025-06-27T07:54:21.317+0000] {processor.py:925} INFO - DAG(s) 'example_subdag_operator.section-1', 'example_subdag_operator.section-2', 'example_subdag_operator' retrieved from /home/airflow/.local/lib/python3.12/site-packages/airflow/example_dags/example_subdag_operator.py
[2025-06-27T07:54:21.362+0000] {logging_mixin.py:190} INFO - [2025-06-27T07:54:21.362+0000] {dag.py:3239} INFO - Sync 3 DAGs
[2025-06-27T07:54:21.442+0000] {logging_mixin.py:190} INFO - [2025-06-27T07:54:21.441+0000] {dag.py:4180} INFO - Setting next_dagrun for example_subdag_operator to 2022-01-01 00:00:00+00:00, run_after=2022-01-01 00:00:00+00:00
[2025-06-27T07:54:21.456+0000] {logging_mixin.py:190} INFO - [2025-06-27T07:54:21.455+0000] {dag.py:4180} INFO - Setting next_dagrun for example_subdag_operator.section-1 to None, run_after=None
[2025-06-27T07:54:21.461+0000] {logging_mixin.py:190} INFO - [2025-06-27T07:54:21.461+0000] {dag.py:4180} INFO - Setting next_dagrun for example_subdag_operator.section-2 to None, run_after=None
[2025-06-27T07:54:21.485+0000] {logging_mixin.py:190} INFO - [2025-06-27T07:54:21.484+0000] {dag.py:3239} INFO - Sync 2 DAGs
[2025-06-27T07:54:21.501+0000] {logging_mixin.py:190} INFO - [2025-06-27T07:54:21.500+0000] {dag.py:4180} INFO - Setting next_dagrun for example_subdag_operator.section-1 to None, run_after=None
[2025-06-27T07:54:21.502+0000] {logging_mixin.py:190} INFO - [2025-06-27T07:54:21.502+0000] {dag.py:4180} INFO - Setting next_dagrun for example_subdag_operator.section-2 to None, run_after=None
[2025-06-27T07:54:21.536+0000] {processor.py:208} INFO - Processing /home/airflow/.local/lib/python3.12/site-packages/airflow/example_dags/example_subdag_operator.py took 0.333 seconds
[2025-06-27T07:54:51.754+0000] {processor.py:186} INFO - Started process (PID=413) to work on /home/airflow/.local/lib/python3.12/site-packages/airflow/example_dags/example_subdag_operator.py
[2025-06-27T07:54:51.757+0000] {processor.py:914} INFO - Processing file /home/airflow/.local/lib/python3.12/site-packages/airflow/example_dags/example_subdag_operator.py for tasks to queue
[2025-06-27T07:54:51.765+0000] {logging_mixin.py:190} INFO - [2025-06-27T07:54:51.764+0000] {dagbag.py:588} INFO - Filling up the DagBag from /home/airflow/.local/lib/python3.12/site-packages/airflow/example_dags/example_subdag_operator.py
[2025-06-27T07:54:51.841+0000] {processor.py:925} INFO - DAG(s) 'example_subdag_operator.section-1', 'example_subdag_operator.section-2', 'example_subdag_operator' retrieved from /home/airflow/.local/lib/python3.12/site-packages/airflow/example_dags/example_subdag_operator.py
[2025-06-27T07:54:51.874+0000] {logging_mixin.py:190} INFO - [2025-06-27T07:54:51.873+0000] {dag.py:3239} INFO - Sync 3 DAGs
[2025-06-27T07:54:51.940+0000] {logging_mixin.py:190} INFO - [2025-06-27T07:54:51.939+0000] {dag.py:4180} INFO - Setting next_dagrun for example_subdag_operator to 2022-01-01 00:00:00+00:00, run_after=2022-01-01 00:00:00+00:00
[2025-06-27T07:54:51.947+0000] {logging_mixin.py:190} INFO - [2025-06-27T07:54:51.946+0000] {dag.py:4180} INFO - Setting next_dagrun for example_subdag_operator.section-1 to None, run_after=None
[2025-06-27T07:54:51.950+0000] {logging_mixin.py:190} INFO - [2025-06-27T07:54:51.949+0000] {dag.py:4180} INFO - Setting next_dagrun for example_subdag_operator.section-2 to None, run_after=None
[2025-06-27T07:54:51.962+0000] {logging_mixin.py:190} INFO - [2025-06-27T07:54:51.962+0000] {dag.py:3239} INFO - Sync 2 DAGs
[2025-06-27T07:54:51.971+0000] {logging_mixin.py:190} INFO - [2025-06-27T07:54:51.971+0000] {dag.py:4180} INFO - Setting next_dagrun for example_subdag_operator.section-1 to None, run_after=None
[2025-06-27T07:54:51.972+0000] {logging_mixin.py:190} INFO - [2025-06-27T07:54:51.972+0000] {dag.py:4180} INFO - Setting next_dagrun for example_subdag_operator.section-2 to None, run_after=None
[2025-06-27T07:54:51.991+0000] {processor.py:208} INFO - Processing /home/airflow/.local/lib/python3.12/site-packages/airflow/example_dags/example_subdag_operator.py took 0.258 seconds
[2025-06-27T07:59:32.623+0000] {processor.py:186} INFO - Started process (PID=85) to work on /home/airflow/.local/lib/python3.12/site-packages/airflow/example_dags/example_subdag_operator.py
[2025-06-27T07:59:32.631+0000] {processor.py:914} INFO - Processing file /home/airflow/.local/lib/python3.12/site-packages/airflow/example_dags/example_subdag_operator.py for tasks to queue
[2025-06-27T07:59:32.642+0000] {logging_mixin.py:190} INFO - [2025-06-27T07:59:32.641+0000] {dagbag.py:588} INFO - Filling up the DagBag from /home/airflow/.local/lib/python3.12/site-packages/airflow/example_dags/example_subdag_operator.py
[2025-06-27T07:59:32.878+0000] {processor.py:925} INFO - DAG(s) 'example_subdag_operator.section-1', 'example_subdag_operator.section-2', 'example_subdag_operator' retrieved from /home/airflow/.local/lib/python3.12/site-packages/airflow/example_dags/example_subdag_operator.py
[2025-06-27T07:59:32.986+0000] {logging_mixin.py:190} INFO - [2025-06-27T07:59:32.985+0000] {dag.py:3239} INFO - Sync 3 DAGs
[2025-06-27T07:59:33.258+0000] {logging_mixin.py:190} INFO - [2025-06-27T07:59:33.255+0000] {dag.py:4180} INFO - Setting next_dagrun for example_subdag_operator to 2022-01-01 00:00:00+00:00, run_after=2022-01-01 00:00:00+00:00
[2025-06-27T07:59:33.291+0000] {logging_mixin.py:190} INFO - [2025-06-27T07:59:33.290+0000] {dag.py:4180} INFO - Setting next_dagrun for example_subdag_operator.section-1 to None, run_after=None
[2025-06-27T07:59:33.312+0000] {logging_mixin.py:190} INFO - [2025-06-27T07:59:33.312+0000] {dag.py:4180} INFO - Setting next_dagrun for example_subdag_operator.section-2 to None, run_after=None
[2025-06-27T07:59:33.473+0000] {logging_mixin.py:190} INFO - [2025-06-27T07:59:33.472+0000] {dag.py:3239} INFO - Sync 2 DAGs
[2025-06-27T07:59:33.517+0000] {logging_mixin.py:190} INFO - [2025-06-27T07:59:33.508+0000] {dag.py:4180} INFO - Setting next_dagrun for example_subdag_operator.section-1 to None, run_after=None
[2025-06-27T07:59:33.539+0000] {logging_mixin.py:190} INFO - [2025-06-27T07:59:33.534+0000] {dag.py:4180} INFO - Setting next_dagrun for example_subdag_operator.section-2 to None, run_after=None
[2025-06-27T07:59:33.609+0000] {processor.py:208} INFO - Processing /home/airflow/.local/lib/python3.12/site-packages/airflow/example_dags/example_subdag_operator.py took 1.018 seconds
[2025-06-27T08:00:25.483+0000] {processor.py:186} INFO - Started process (PID=152) to work on /home/airflow/.local/lib/python3.12/site-packages/airflow/example_dags/example_subdag_operator.py
[2025-06-27T08:00:25.488+0000] {processor.py:914} INFO - Processing file /home/airflow/.local/lib/python3.12/site-packages/airflow/example_dags/example_subdag_operator.py for tasks to queue
[2025-06-27T08:00:25.504+0000] {logging_mixin.py:190} INFO - [2025-06-27T08:00:25.503+0000] {dagbag.py:588} INFO - Filling up the DagBag from /home/airflow/.local/lib/python3.12/site-packages/airflow/example_dags/example_subdag_operator.py
[2025-06-27T08:00:25.751+0000] {processor.py:925} INFO - DAG(s) 'example_subdag_operator.section-1', 'example_subdag_operator.section-2', 'example_subdag_operator' retrieved from /home/airflow/.local/lib/python3.12/site-packages/airflow/example_dags/example_subdag_operator.py
[2025-06-27T08:00:26.054+0000] {logging_mixin.py:190} INFO - [2025-06-27T08:00:26.050+0000] {dag.py:3239} INFO - Sync 3 DAGs
[2025-06-27T08:00:26.756+0000] {logging_mixin.py:190} INFO - [2025-06-27T08:00:26.754+0000] {dag.py:4180} INFO - Setting next_dagrun for example_subdag_operator to 2022-01-01 00:00:00+00:00, run_after=2022-01-01 00:00:00+00:00
[2025-06-27T08:00:26.905+0000] {logging_mixin.py:190} INFO - [2025-06-27T08:00:26.894+0000] {dag.py:4180} INFO - Setting next_dagrun for example_subdag_operator.section-1 to None, run_after=None
[2025-06-27T08:00:26.923+0000] {logging_mixin.py:190} INFO - [2025-06-27T08:00:26.922+0000] {dag.py:4180} INFO - Setting next_dagrun for example_subdag_operator.section-2 to None, run_after=None
[2025-06-27T08:00:27.167+0000] {logging_mixin.py:190} INFO - [2025-06-27T08:00:27.166+0000] {dag.py:3239} INFO - Sync 2 DAGs
[2025-06-27T08:00:27.245+0000] {logging_mixin.py:190} INFO - [2025-06-27T08:00:27.243+0000] {dag.py:4180} INFO - Setting next_dagrun for example_subdag_operator.section-1 to None, run_after=None
[2025-06-27T08:00:27.277+0000] {logging_mixin.py:190} INFO - [2025-06-27T08:00:27.275+0000] {dag.py:4180} INFO - Setting next_dagrun for example_subdag_operator.section-2 to None, run_after=None
[2025-06-27T08:00:27.429+0000] {processor.py:208} INFO - Processing /home/airflow/.local/lib/python3.12/site-packages/airflow/example_dags/example_subdag_operator.py took 1.987 seconds
[2025-06-27T08:01:10.591+0000] {processor.py:186} INFO - Started process (PID=214) to work on /home/airflow/.local/lib/python3.12/site-packages/airflow/example_dags/example_subdag_operator.py
[2025-06-27T08:01:10.596+0000] {processor.py:914} INFO - Processing file /home/airflow/.local/lib/python3.12/site-packages/airflow/example_dags/example_subdag_operator.py for tasks to queue
[2025-06-27T08:01:10.609+0000] {logging_mixin.py:190} INFO - [2025-06-27T08:01:10.607+0000] {dagbag.py:588} INFO - Filling up the DagBag from /home/airflow/.local/lib/python3.12/site-packages/airflow/example_dags/example_subdag_operator.py
[2025-06-27T08:01:10.738+0000] {processor.py:925} INFO - DAG(s) 'example_subdag_operator.section-1', 'example_subdag_operator.section-2', 'example_subdag_operator' retrieved from /home/airflow/.local/lib/python3.12/site-packages/airflow/example_dags/example_subdag_operator.py
[2025-06-27T08:01:10.801+0000] {logging_mixin.py:190} INFO - [2025-06-27T08:01:10.800+0000] {dag.py:3239} INFO - Sync 3 DAGs
[2025-06-27T08:01:10.892+0000] {logging_mixin.py:190} INFO - [2025-06-27T08:01:10.891+0000] {dag.py:4180} INFO - Setting next_dagrun for example_subdag_operator to 2022-01-01 00:00:00+00:00, run_after=2022-01-01 00:00:00+00:00
[2025-06-27T08:01:10.905+0000] {logging_mixin.py:190} INFO - [2025-06-27T08:01:10.905+0000] {dag.py:4180} INFO - Setting next_dagrun for example_subdag_operator.section-1 to None, run_after=None
[2025-06-27T08:01:10.910+0000] {logging_mixin.py:190} INFO - [2025-06-27T08:01:10.910+0000] {dag.py:4180} INFO - Setting next_dagrun for example_subdag_operator.section-2 to None, run_after=None
[2025-06-27T08:01:10.928+0000] {logging_mixin.py:190} INFO - [2025-06-27T08:01:10.928+0000] {dag.py:3239} INFO - Sync 2 DAGs
[2025-06-27T08:01:10.942+0000] {logging_mixin.py:190} INFO - [2025-06-27T08:01:10.942+0000] {dag.py:4180} INFO - Setting next_dagrun for example_subdag_operator.section-1 to None, run_after=None
[2025-06-27T08:01:10.944+0000] {logging_mixin.py:190} INFO - [2025-06-27T08:01:10.943+0000] {dag.py:4180} INFO - Setting next_dagrun for example_subdag_operator.section-2 to None, run_after=None
[2025-06-27T08:01:10.970+0000] {processor.py:208} INFO - Processing /home/airflow/.local/lib/python3.12/site-packages/airflow/example_dags/example_subdag_operator.py took 0.412 seconds
[2025-06-27T08:01:41.661+0000] {processor.py:186} INFO - Started process (PID=275) to work on /home/airflow/.local/lib/python3.12/site-packages/airflow/example_dags/example_subdag_operator.py
[2025-06-27T08:01:41.663+0000] {processor.py:914} INFO - Processing file /home/airflow/.local/lib/python3.12/site-packages/airflow/example_dags/example_subdag_operator.py for tasks to queue
[2025-06-27T08:01:41.669+0000] {logging_mixin.py:190} INFO - [2025-06-27T08:01:41.668+0000] {dagbag.py:588} INFO - Filling up the DagBag from /home/airflow/.local/lib/python3.12/site-packages/airflow/example_dags/example_subdag_operator.py
[2025-06-27T08:01:41.714+0000] {processor.py:925} INFO - DAG(s) 'example_subdag_operator.section-1', 'example_subdag_operator.section-2', 'example_subdag_operator' retrieved from /home/airflow/.local/lib/python3.12/site-packages/airflow/example_dags/example_subdag_operator.py
[2025-06-27T08:01:41.739+0000] {logging_mixin.py:190} INFO - [2025-06-27T08:01:41.738+0000] {dag.py:3239} INFO - Sync 3 DAGs
[2025-06-27T08:01:41.789+0000] {logging_mixin.py:190} INFO - [2025-06-27T08:01:41.788+0000] {dag.py:4180} INFO - Setting next_dagrun for example_subdag_operator to 2022-01-01 00:00:00+00:00, run_after=2022-01-01 00:00:00+00:00
[2025-06-27T08:01:41.800+0000] {logging_mixin.py:190} INFO - [2025-06-27T08:01:41.800+0000] {dag.py:4180} INFO - Setting next_dagrun for example_subdag_operator.section-1 to None, run_after=None
[2025-06-27T08:01:41.804+0000] {logging_mixin.py:190} INFO - [2025-06-27T08:01:41.803+0000] {dag.py:4180} INFO - Setting next_dagrun for example_subdag_operator.section-2 to None, run_after=None
[2025-06-27T08:01:41.821+0000] {logging_mixin.py:190} INFO - [2025-06-27T08:01:41.821+0000] {dag.py:3239} INFO - Sync 2 DAGs
[2025-06-27T08:01:41.834+0000] {logging_mixin.py:190} INFO - [2025-06-27T08:01:41.833+0000] {dag.py:4180} INFO - Setting next_dagrun for example_subdag_operator.section-1 to None, run_after=None
[2025-06-27T08:01:41.836+0000] {logging_mixin.py:190} INFO - [2025-06-27T08:01:41.835+0000] {dag.py:4180} INFO - Setting next_dagrun for example_subdag_operator.section-2 to None, run_after=None
[2025-06-27T08:01:41.865+0000] {processor.py:208} INFO - Processing /home/airflow/.local/lib/python3.12/site-packages/airflow/example_dags/example_subdag_operator.py took 0.213 seconds
[2025-06-27T08:02:12.139+0000] {processor.py:186} INFO - Started process (PID=340) to work on /home/airflow/.local/lib/python3.12/site-packages/airflow/example_dags/example_subdag_operator.py
[2025-06-27T08:02:12.142+0000] {processor.py:914} INFO - Processing file /home/airflow/.local/lib/python3.12/site-packages/airflow/example_dags/example_subdag_operator.py for tasks to queue
[2025-06-27T08:02:12.148+0000] {logging_mixin.py:190} INFO - [2025-06-27T08:02:12.147+0000] {dagbag.py:588} INFO - Filling up the DagBag from /home/airflow/.local/lib/python3.12/site-packages/airflow/example_dags/example_subdag_operator.py
[2025-06-27T08:02:12.200+0000] {processor.py:925} INFO - DAG(s) 'example_subdag_operator.section-1', 'example_subdag_operator.section-2', 'example_subdag_operator' retrieved from /home/airflow/.local/lib/python3.12/site-packages/airflow/example_dags/example_subdag_operator.py
[2025-06-27T08:02:12.230+0000] {logging_mixin.py:190} INFO - [2025-06-27T08:02:12.230+0000] {dag.py:3239} INFO - Sync 3 DAGs
[2025-06-27T08:02:12.268+0000] {logging_mixin.py:190} INFO - [2025-06-27T08:02:12.267+0000] {dag.py:4180} INFO - Setting next_dagrun for example_subdag_operator to 2022-01-01 00:00:00+00:00, run_after=2022-01-01 00:00:00+00:00
[2025-06-27T08:02:12.274+0000] {logging_mixin.py:190} INFO - [2025-06-27T08:02:12.273+0000] {dag.py:4180} INFO - Setting next_dagrun for example_subdag_operator.section-1 to None, run_after=None
[2025-06-27T08:02:12.276+0000] {logging_mixin.py:190} INFO - [2025-06-27T08:02:12.276+0000] {dag.py:4180} INFO - Setting next_dagrun for example_subdag_operator.section-2 to None, run_after=None
[2025-06-27T08:02:12.287+0000] {logging_mixin.py:190} INFO - [2025-06-27T08:02:12.287+0000] {dag.py:3239} INFO - Sync 2 DAGs
[2025-06-27T08:02:12.296+0000] {logging_mixin.py:190} INFO - [2025-06-27T08:02:12.295+0000] {dag.py:4180} INFO - Setting next_dagrun for example_subdag_operator.section-1 to None, run_after=None
[2025-06-27T08:02:12.297+0000] {logging_mixin.py:190} INFO - [2025-06-27T08:02:12.297+0000] {dag.py:4180} INFO - Setting next_dagrun for example_subdag_operator.section-2 to None, run_after=None
[2025-06-27T08:02:12.316+0000] {processor.py:208} INFO - Processing /home/airflow/.local/lib/python3.12/site-packages/airflow/example_dags/example_subdag_operator.py took 0.194 seconds
[2025-06-27T08:02:42.955+0000] {processor.py:186} INFO - Started process (PID=401) to work on /home/airflow/.local/lib/python3.12/site-packages/airflow/example_dags/example_subdag_operator.py
[2025-06-27T08:02:42.957+0000] {processor.py:914} INFO - Processing file /home/airflow/.local/lib/python3.12/site-packages/airflow/example_dags/example_subdag_operator.py for tasks to queue
[2025-06-27T08:02:42.964+0000] {logging_mixin.py:190} INFO - [2025-06-27T08:02:42.963+0000] {dagbag.py:588} INFO - Filling up the DagBag from /home/airflow/.local/lib/python3.12/site-packages/airflow/example_dags/example_subdag_operator.py
[2025-06-27T08:02:43.032+0000] {processor.py:925} INFO - DAG(s) 'example_subdag_operator.section-1', 'example_subdag_operator.section-2', 'example_subdag_operator' retrieved from /home/airflow/.local/lib/python3.12/site-packages/airflow/example_dags/example_subdag_operator.py
[2025-06-27T08:02:43.064+0000] {logging_mixin.py:190} INFO - [2025-06-27T08:02:43.063+0000] {dag.py:3239} INFO - Sync 3 DAGs
[2025-06-27T08:02:43.126+0000] {logging_mixin.py:190} INFO - [2025-06-27T08:02:43.126+0000] {dag.py:4180} INFO - Setting next_dagrun for example_subdag_operator to 2022-01-01 00:00:00+00:00, run_after=2022-01-01 00:00:00+00:00
[2025-06-27T08:02:43.137+0000] {logging_mixin.py:190} INFO - [2025-06-27T08:02:43.137+0000] {dag.py:4180} INFO - Setting next_dagrun for example_subdag_operator.section-1 to None, run_after=None
[2025-06-27T08:02:43.140+0000] {logging_mixin.py:190} INFO - [2025-06-27T08:02:43.140+0000] {dag.py:4180} INFO - Setting next_dagrun for example_subdag_operator.section-2 to None, run_after=None
[2025-06-27T08:02:43.161+0000] {logging_mixin.py:190} INFO - [2025-06-27T08:02:43.160+0000] {dag.py:3239} INFO - Sync 2 DAGs
[2025-06-27T08:02:43.174+0000] {logging_mixin.py:190} INFO - [2025-06-27T08:02:43.173+0000] {dag.py:4180} INFO - Setting next_dagrun for example_subdag_operator.section-1 to None, run_after=None
[2025-06-27T08:02:43.176+0000] {logging_mixin.py:190} INFO - [2025-06-27T08:02:43.175+0000] {dag.py:4180} INFO - Setting next_dagrun for example_subdag_operator.section-2 to None, run_after=None
[2025-06-27T08:02:43.226+0000] {processor.py:208} INFO - Processing /home/airflow/.local/lib/python3.12/site-packages/airflow/example_dags/example_subdag_operator.py took 0.284 seconds
[2025-06-27T08:03:13.564+0000] {processor.py:186} INFO - Started process (PID=465) to work on /home/airflow/.local/lib/python3.12/site-packages/airflow/example_dags/example_subdag_operator.py
[2025-06-27T08:03:13.566+0000] {processor.py:914} INFO - Processing file /home/airflow/.local/lib/python3.12/site-packages/airflow/example_dags/example_subdag_operator.py for tasks to queue
[2025-06-27T08:03:13.570+0000] {logging_mixin.py:190} INFO - [2025-06-27T08:03:13.570+0000] {dagbag.py:588} INFO - Filling up the DagBag from /home/airflow/.local/lib/python3.12/site-packages/airflow/example_dags/example_subdag_operator.py
[2025-06-27T08:03:13.617+0000] {processor.py:925} INFO - DAG(s) 'example_subdag_operator.section-1', 'example_subdag_operator.section-2', 'example_subdag_operator' retrieved from /home/airflow/.local/lib/python3.12/site-packages/airflow/example_dags/example_subdag_operator.py
[2025-06-27T08:03:13.658+0000] {logging_mixin.py:190} INFO - [2025-06-27T08:03:13.657+0000] {dag.py:3239} INFO - Sync 3 DAGs
[2025-06-27T08:03:13.713+0000] {logging_mixin.py:190} INFO - [2025-06-27T08:03:13.712+0000] {dag.py:4180} INFO - Setting next_dagrun for example_subdag_operator to 2022-01-01 00:00:00+00:00, run_after=2022-01-01 00:00:00+00:00
[2025-06-27T08:03:13.721+0000] {logging_mixin.py:190} INFO - [2025-06-27T08:03:13.720+0000] {dag.py:4180} INFO - Setting next_dagrun for example_subdag_operator.section-1 to None, run_after=None
[2025-06-27T08:03:13.725+0000] {logging_mixin.py:190} INFO - [2025-06-27T08:03:13.724+0000] {dag.py:4180} INFO - Setting next_dagrun for example_subdag_operator.section-2 to None, run_after=None
[2025-06-27T08:03:13.741+0000] {logging_mixin.py:190} INFO - [2025-06-27T08:03:13.741+0000] {dag.py:3239} INFO - Sync 2 DAGs
[2025-06-27T08:03:13.755+0000] {logging_mixin.py:190} INFO - [2025-06-27T08:03:13.755+0000] {dag.py:4180} INFO - Setting next_dagrun for example_subdag_operator.section-1 to None, run_after=None
[2025-06-27T08:03:13.756+0000] {logging_mixin.py:190} INFO - [2025-06-27T08:03:13.756+0000] {dag.py:4180} INFO - Setting next_dagrun for example_subdag_operator.section-2 to None, run_after=None
[2025-06-27T08:03:13.783+0000] {processor.py:208} INFO - Processing /home/airflow/.local/lib/python3.12/site-packages/airflow/example_dags/example_subdag_operator.py took 0.229 seconds
[2025-06-27T08:03:43.935+0000] {processor.py:186} INFO - Started process (PID=528) to work on /home/airflow/.local/lib/python3.12/site-packages/airflow/example_dags/example_subdag_operator.py
[2025-06-27T08:03:43.937+0000] {processor.py:914} INFO - Processing file /home/airflow/.local/lib/python3.12/site-packages/airflow/example_dags/example_subdag_operator.py for tasks to queue
[2025-06-27T08:03:43.943+0000] {logging_mixin.py:190} INFO - [2025-06-27T08:03:43.942+0000] {dagbag.py:588} INFO - Filling up the DagBag from /home/airflow/.local/lib/python3.12/site-packages/airflow/example_dags/example_subdag_operator.py
[2025-06-27T08:03:43.992+0000] {processor.py:925} INFO - DAG(s) 'example_subdag_operator.section-1', 'example_subdag_operator.section-2', 'example_subdag_operator' retrieved from /home/airflow/.local/lib/python3.12/site-packages/airflow/example_dags/example_subdag_operator.py
[2025-06-27T08:03:44.022+0000] {logging_mixin.py:190} INFO - [2025-06-27T08:03:44.022+0000] {dag.py:3239} INFO - Sync 3 DAGs
[2025-06-27T08:03:44.060+0000] {logging_mixin.py:190} INFO - [2025-06-27T08:03:44.059+0000] {dag.py:4180} INFO - Setting next_dagrun for example_subdag_operator to 2022-01-01 00:00:00+00:00, run_after=2022-01-01 00:00:00+00:00
[2025-06-27T08:03:44.067+0000] {logging_mixin.py:190} INFO - [2025-06-27T08:03:44.066+0000] {dag.py:4180} INFO - Setting next_dagrun for example_subdag_operator.section-1 to None, run_after=None
[2025-06-27T08:03:44.070+0000] {logging_mixin.py:190} INFO - [2025-06-27T08:03:44.069+0000] {dag.py:4180} INFO - Setting next_dagrun for example_subdag_operator.section-2 to None, run_after=None
[2025-06-27T08:03:44.084+0000] {logging_mixin.py:190} INFO - [2025-06-27T08:03:44.084+0000] {dag.py:3239} INFO - Sync 2 DAGs
[2025-06-27T08:03:44.095+0000] {logging_mixin.py:190} INFO - [2025-06-27T08:03:44.094+0000] {dag.py:4180} INFO - Setting next_dagrun for example_subdag_operator.section-1 to None, run_after=None
[2025-06-27T08:03:44.096+0000] {logging_mixin.py:190} INFO - [2025-06-27T08:03:44.096+0000] {dag.py:4180} INFO - Setting next_dagrun for example_subdag_operator.section-2 to None, run_after=None
[2025-06-27T08:03:44.120+0000] {processor.py:208} INFO - Processing /home/airflow/.local/lib/python3.12/site-packages/airflow/example_dags/example_subdag_operator.py took 0.198 seconds
[2025-06-27T08:04:15.156+0000] {processor.py:186} INFO - Started process (PID=589) to work on /home/airflow/.local/lib/python3.12/site-packages/airflow/example_dags/example_subdag_operator.py
[2025-06-27T08:04:15.159+0000] {processor.py:914} INFO - Processing file /home/airflow/.local/lib/python3.12/site-packages/airflow/example_dags/example_subdag_operator.py for tasks to queue
[2025-06-27T08:04:15.169+0000] {logging_mixin.py:190} INFO - [2025-06-27T08:04:15.168+0000] {dagbag.py:588} INFO - Filling up the DagBag from /home/airflow/.local/lib/python3.12/site-packages/airflow/example_dags/example_subdag_operator.py
[2025-06-27T08:04:15.273+0000] {processor.py:925} INFO - DAG(s) 'example_subdag_operator.section-1', 'example_subdag_operator.section-2', 'example_subdag_operator' retrieved from /home/airflow/.local/lib/python3.12/site-packages/airflow/example_dags/example_subdag_operator.py
[2025-06-27T08:04:15.353+0000] {logging_mixin.py:190} INFO - [2025-06-27T08:04:15.352+0000] {dag.py:3239} INFO - Sync 3 DAGs
[2025-06-27T08:04:15.500+0000] {logging_mixin.py:190} INFO - [2025-06-27T08:04:15.499+0000] {dag.py:4180} INFO - Setting next_dagrun for example_subdag_operator to 2022-01-01 00:00:00+00:00, run_after=2022-01-01 00:00:00+00:00
[2025-06-27T08:04:15.520+0000] {logging_mixin.py:190} INFO - [2025-06-27T08:04:15.519+0000] {dag.py:4180} INFO - Setting next_dagrun for example_subdag_operator.section-1 to None, run_after=None
[2025-06-27T08:04:15.528+0000] {logging_mixin.py:190} INFO - [2025-06-27T08:04:15.527+0000] {dag.py:4180} INFO - Setting next_dagrun for example_subdag_operator.section-2 to None, run_after=None
[2025-06-27T08:04:15.556+0000] {logging_mixin.py:190} INFO - [2025-06-27T08:04:15.556+0000] {dag.py:3239} INFO - Sync 2 DAGs
[2025-06-27T08:04:15.583+0000] {logging_mixin.py:190} INFO - [2025-06-27T08:04:15.581+0000] {dag.py:4180} INFO - Setting next_dagrun for example_subdag_operator.section-1 to None, run_after=None
[2025-06-27T08:04:15.587+0000] {logging_mixin.py:190} INFO - [2025-06-27T08:04:15.586+0000] {dag.py:4180} INFO - Setting next_dagrun for example_subdag_operator.section-2 to None, run_after=None
[2025-06-27T08:04:15.645+0000] {processor.py:208} INFO - Processing /home/airflow/.local/lib/python3.12/site-packages/airflow/example_dags/example_subdag_operator.py took 0.507 seconds
[2025-06-27T08:04:45.945+0000] {processor.py:186} INFO - Started process (PID=652) to work on /home/airflow/.local/lib/python3.12/site-packages/airflow/example_dags/example_subdag_operator.py
[2025-06-27T08:04:45.949+0000] {processor.py:914} INFO - Processing file /home/airflow/.local/lib/python3.12/site-packages/airflow/example_dags/example_subdag_operator.py for tasks to queue
[2025-06-27T08:04:45.959+0000] {logging_mixin.py:190} INFO - [2025-06-27T08:04:45.957+0000] {dagbag.py:588} INFO - Filling up the DagBag from /home/airflow/.local/lib/python3.12/site-packages/airflow/example_dags/example_subdag_operator.py
[2025-06-27T08:04:46.157+0000] {processor.py:925} INFO - DAG(s) 'example_subdag_operator.section-1', 'example_subdag_operator.section-2', 'example_subdag_operator' retrieved from /home/airflow/.local/lib/python3.12/site-packages/airflow/example_dags/example_subdag_operator.py
[2025-06-27T08:04:46.247+0000] {logging_mixin.py:190} INFO - [2025-06-27T08:04:46.246+0000] {dag.py:3239} INFO - Sync 3 DAGs
[2025-06-27T08:04:46.345+0000] {logging_mixin.py:190} INFO - [2025-06-27T08:04:46.345+0000] {dag.py:4180} INFO - Setting next_dagrun for example_subdag_operator to 2022-01-01 00:00:00+00:00, run_after=2022-01-01 00:00:00+00:00
[2025-06-27T08:04:46.377+0000] {logging_mixin.py:190} INFO - [2025-06-27T08:04:46.375+0000] {dag.py:4180} INFO - Setting next_dagrun for example_subdag_operator.section-1 to None, run_after=None
[2025-06-27T08:04:46.383+0000] {logging_mixin.py:190} INFO - [2025-06-27T08:04:46.382+0000] {dag.py:4180} INFO - Setting next_dagrun for example_subdag_operator.section-2 to None, run_after=None
[2025-06-27T08:04:46.425+0000] {logging_mixin.py:190} INFO - [2025-06-27T08:04:46.424+0000] {dag.py:3239} INFO - Sync 2 DAGs
[2025-06-27T08:04:46.452+0000] {logging_mixin.py:190} INFO - [2025-06-27T08:04:46.451+0000] {dag.py:4180} INFO - Setting next_dagrun for example_subdag_operator.section-1 to None, run_after=None
[2025-06-27T08:04:46.457+0000] {logging_mixin.py:190} INFO - [2025-06-27T08:04:46.456+0000] {dag.py:4180} INFO - Setting next_dagrun for example_subdag_operator.section-2 to None, run_after=None
[2025-06-27T08:04:46.504+0000] {processor.py:208} INFO - Processing /home/airflow/.local/lib/python3.12/site-packages/airflow/example_dags/example_subdag_operator.py took 0.588 seconds
[2025-06-27T08:05:22.896+0000] {processor.py:186} INFO - Started process (PID=703) to work on /home/airflow/.local/lib/python3.12/site-packages/airflow/example_dags/example_subdag_operator.py
[2025-06-27T08:05:22.903+0000] {processor.py:914} INFO - Processing file /home/airflow/.local/lib/python3.12/site-packages/airflow/example_dags/example_subdag_operator.py for tasks to queue
[2025-06-27T08:05:22.914+0000] {logging_mixin.py:190} INFO - [2025-06-27T08:05:22.913+0000] {dagbag.py:588} INFO - Filling up the DagBag from /home/airflow/.local/lib/python3.12/site-packages/airflow/example_dags/example_subdag_operator.py
[2025-06-27T08:05:23.243+0000] {processor.py:925} INFO - DAG(s) 'example_subdag_operator.section-1', 'example_subdag_operator.section-2', 'example_subdag_operator' retrieved from /home/airflow/.local/lib/python3.12/site-packages/airflow/example_dags/example_subdag_operator.py
[2025-06-27T08:05:23.326+0000] {logging_mixin.py:190} INFO - [2025-06-27T08:05:23.325+0000] {dag.py:3239} INFO - Sync 3 DAGs
[2025-06-27T08:05:23.822+0000] {logging_mixin.py:190} INFO - [2025-06-27T08:05:23.821+0000] {dag.py:4180} INFO - Setting next_dagrun for example_subdag_operator to 2022-01-01 00:00:00+00:00, run_after=2022-01-01 00:00:00+00:00
[2025-06-27T08:05:23.842+0000] {logging_mixin.py:190} INFO - [2025-06-27T08:05:23.841+0000] {dag.py:4180} INFO - Setting next_dagrun for example_subdag_operator.section-1 to None, run_after=None
[2025-06-27T08:05:23.848+0000] {logging_mixin.py:190} INFO - [2025-06-27T08:05:23.847+0000] {dag.py:4180} INFO - Setting next_dagrun for example_subdag_operator.section-2 to None, run_after=None
[2025-06-27T08:05:23.899+0000] {logging_mixin.py:190} INFO - [2025-06-27T08:05:23.898+0000] {dag.py:3239} INFO - Sync 2 DAGs
[2025-06-27T08:05:23.939+0000] {logging_mixin.py:190} INFO - [2025-06-27T08:05:23.938+0000] {dag.py:4180} INFO - Setting next_dagrun for example_subdag_operator.section-1 to None, run_after=None
[2025-06-27T08:05:23.941+0000] {logging_mixin.py:190} INFO - [2025-06-27T08:05:23.941+0000] {dag.py:4180} INFO - Setting next_dagrun for example_subdag_operator.section-2 to None, run_after=None
[2025-06-27T08:05:23.976+0000] {processor.py:208} INFO - Processing /home/airflow/.local/lib/python3.12/site-packages/airflow/example_dags/example_subdag_operator.py took 1.120 seconds
[2025-06-27T08:05:56.701+0000] {processor.py:186} INFO - Started process (PID=764) to work on /home/airflow/.local/lib/python3.12/site-packages/airflow/example_dags/example_subdag_operator.py
[2025-06-27T08:05:56.722+0000] {processor.py:914} INFO - Processing file /home/airflow/.local/lib/python3.12/site-packages/airflow/example_dags/example_subdag_operator.py for tasks to queue
[2025-06-27T08:05:56.733+0000] {logging_mixin.py:190} INFO - [2025-06-27T08:05:56.731+0000] {dagbag.py:588} INFO - Filling up the DagBag from /home/airflow/.local/lib/python3.12/site-packages/airflow/example_dags/example_subdag_operator.py
[2025-06-27T08:05:57.621+0000] {processor.py:925} INFO - DAG(s) 'example_subdag_operator.section-1', 'example_subdag_operator.section-2', 'example_subdag_operator' retrieved from /home/airflow/.local/lib/python3.12/site-packages/airflow/example_dags/example_subdag_operator.py
[2025-06-27T08:05:57.799+0000] {logging_mixin.py:190} INFO - [2025-06-27T08:05:57.798+0000] {dag.py:3239} INFO - Sync 3 DAGs
[2025-06-27T08:05:58.284+0000] {logging_mixin.py:190} INFO - [2025-06-27T08:05:58.283+0000] {dag.py:4180} INFO - Setting next_dagrun for example_subdag_operator to 2022-01-01 00:00:00+00:00, run_after=2022-01-01 00:00:00+00:00
[2025-06-27T08:05:58.336+0000] {logging_mixin.py:190} INFO - [2025-06-27T08:05:58.335+0000] {dag.py:4180} INFO - Setting next_dagrun for example_subdag_operator.section-1 to None, run_after=None
[2025-06-27T08:05:58.356+0000] {logging_mixin.py:190} INFO - [2025-06-27T08:05:58.351+0000] {dag.py:4180} INFO - Setting next_dagrun for example_subdag_operator.section-2 to None, run_after=None
[2025-06-27T08:05:58.439+0000] {logging_mixin.py:190} INFO - [2025-06-27T08:05:58.438+0000] {dag.py:3239} INFO - Sync 2 DAGs
[2025-06-27T08:05:58.461+0000] {logging_mixin.py:190} INFO - [2025-06-27T08:05:58.460+0000] {dag.py:4180} INFO - Setting next_dagrun for example_subdag_operator.section-1 to None, run_after=None
[2025-06-27T08:05:58.462+0000] {logging_mixin.py:190} INFO - [2025-06-27T08:05:58.462+0000] {dag.py:4180} INFO - Setting next_dagrun for example_subdag_operator.section-2 to None, run_after=None
[2025-06-27T08:05:58.495+0000] {processor.py:208} INFO - Processing /home/airflow/.local/lib/python3.12/site-packages/airflow/example_dags/example_subdag_operator.py took 1.840 seconds
