[2025-06-27T07:37:00.106+0000] {processor.py:186} INFO - Started process (PID=149) to work on /home/airflow/.local/lib/python3.12/site-packages/airflow/example_dags/example_branch_operator.py
[2025-06-27T07:37:00.127+0000] {processor.py:914} INFO - Processing file /home/airflow/.local/lib/python3.12/site-packages/airflow/example_dags/example_branch_operator.py for tasks to queue
[2025-06-27T07:37:00.148+0000] {logging_mixin.py:190} INFO - [2025-06-27T07:37:00.146+0000] {dagbag.py:588} INFO - Filling up the DagBag from /home/airflow/.local/lib/python3.12/site-packages/airflow/example_dags/example_branch_operator.py
[2025-06-27T07:37:00.272+0000] {processor.py:925} INFO - DAG(s) 'example_branch_operator' retrieved from /home/airflow/.local/lib/python3.12/site-packages/airflow/example_dags/example_branch_operator.py
[2025-06-27T07:37:01.356+0000] {logging_mixin.py:190} INFO - [2025-06-27T07:37:01.353+0000] {override.py:1900} INFO - Created Permission View: can read on DAG:example_branch_operator
[2025-06-27T07:37:01.432+0000] {logging_mixin.py:190} INFO - [2025-06-27T07:37:01.431+0000] {override.py:1900} INFO - Created Permission View: can edit on DAG:example_branch_operator
[2025-06-27T07:37:01.486+0000] {logging_mixin.py:190} INFO - [2025-06-27T07:37:01.485+0000] {override.py:1900} INFO - Created Permission View: can delete on DAG:example_branch_operator
[2025-06-27T07:37:01.539+0000] {logging_mixin.py:190} INFO - [2025-06-27T07:37:01.538+0000] {override.py:1900} INFO - Created Permission View: can read on DAG Run:example_branch_operator
[2025-06-27T07:37:01.625+0000] {logging_mixin.py:190} INFO - [2025-06-27T07:37:01.624+0000] {override.py:1900} INFO - Created Permission View: can create on DAG Run:example_branch_operator
[2025-06-27T07:37:01.747+0000] {logging_mixin.py:190} INFO - [2025-06-27T07:37:01.746+0000] {override.py:1900} INFO - Created Permission View: can delete on DAG Run:example_branch_operator
[2025-06-27T07:37:01.870+0000] {logging_mixin.py:190} INFO - [2025-06-27T07:37:01.860+0000] {override.py:1900} INFO - Created Permission View: menu access on DAG Run:example_branch_operator
[2025-06-27T07:37:01.887+0000] {logging_mixin.py:190} INFO - [2025-06-27T07:37:01.886+0000] {dag.py:3239} INFO - Sync 1 DAGs
[2025-06-27T07:37:02.087+0000] {logging_mixin.py:190} INFO - [2025-06-27T07:37:02.086+0000] {dag.py:3262} INFO - Creating ORM DAG for example_branch_operator
[2025-06-27T07:37:02.211+0000] {logging_mixin.py:190} INFO - [2025-06-27T07:37:02.210+0000] {dag.py:4180} INFO - Setting next_dagrun for example_branch_operator to 2025-06-26 00:00:00+00:00, run_after=2025-06-27 00:00:00+00:00
[2025-06-27T07:37:02.412+0000] {processor.py:208} INFO - Processing /home/airflow/.local/lib/python3.12/site-packages/airflow/example_dags/example_branch_operator.py took 2.390 seconds
[2025-06-27T07:37:37.498+0000] {processor.py:186} INFO - Started process (PID=218) to work on /home/airflow/.local/lib/python3.12/site-packages/airflow/example_dags/example_branch_operator.py
[2025-06-27T07:37:37.503+0000] {processor.py:914} INFO - Processing file /home/airflow/.local/lib/python3.12/site-packages/airflow/example_dags/example_branch_operator.py for tasks to queue
[2025-06-27T07:37:37.512+0000] {logging_mixin.py:190} INFO - [2025-06-27T07:37:37.511+0000] {dagbag.py:588} INFO - Filling up the DagBag from /home/airflow/.local/lib/python3.12/site-packages/airflow/example_dags/example_branch_operator.py
[2025-06-27T07:37:37.592+0000] {processor.py:925} INFO - DAG(s) 'example_branch_operator' retrieved from /home/airflow/.local/lib/python3.12/site-packages/airflow/example_dags/example_branch_operator.py
[2025-06-27T07:37:37.705+0000] {logging_mixin.py:190} INFO - [2025-06-27T07:37:37.704+0000] {dag.py:3239} INFO - Sync 1 DAGs
[2025-06-27T07:37:37.785+0000] {logging_mixin.py:190} INFO - [2025-06-27T07:37:37.785+0000] {dag.py:4180} INFO - Setting next_dagrun for example_branch_operator to 2025-06-26 00:00:00+00:00, run_after=2025-06-27 00:00:00+00:00
[2025-06-27T07:37:37.853+0000] {processor.py:208} INFO - Processing /home/airflow/.local/lib/python3.12/site-packages/airflow/example_dags/example_branch_operator.py took 0.380 seconds
[2025-06-27T07:38:22.828+0000] {processor.py:186} INFO - Started process (PID=281) to work on /home/airflow/.local/lib/python3.12/site-packages/airflow/example_dags/example_branch_operator.py
[2025-06-27T07:38:22.832+0000] {processor.py:914} INFO - Processing file /home/airflow/.local/lib/python3.12/site-packages/airflow/example_dags/example_branch_operator.py for tasks to queue
[2025-06-27T07:38:22.843+0000] {logging_mixin.py:190} INFO - [2025-06-27T07:38:22.841+0000] {dagbag.py:588} INFO - Filling up the DagBag from /home/airflow/.local/lib/python3.12/site-packages/airflow/example_dags/example_branch_operator.py
[2025-06-27T07:38:22.924+0000] {processor.py:925} INFO - DAG(s) 'example_branch_operator' retrieved from /home/airflow/.local/lib/python3.12/site-packages/airflow/example_dags/example_branch_operator.py
[2025-06-27T07:38:23.039+0000] {logging_mixin.py:190} INFO - [2025-06-27T07:38:23.039+0000] {dag.py:3239} INFO - Sync 1 DAGs
[2025-06-27T07:38:23.159+0000] {logging_mixin.py:190} INFO - [2025-06-27T07:38:23.158+0000] {dag.py:4180} INFO - Setting next_dagrun for example_branch_operator to 2025-06-26 00:00:00+00:00, run_after=2025-06-27 00:00:00+00:00
[2025-06-27T07:38:23.281+0000] {processor.py:208} INFO - Processing /home/airflow/.local/lib/python3.12/site-packages/airflow/example_dags/example_branch_operator.py took 0.475 seconds
[2025-06-27T07:38:54.222+0000] {processor.py:186} INFO - Started process (PID=343) to work on /home/airflow/.local/lib/python3.12/site-packages/airflow/example_dags/example_branch_operator.py
[2025-06-27T07:38:54.225+0000] {processor.py:914} INFO - Processing file /home/airflow/.local/lib/python3.12/site-packages/airflow/example_dags/example_branch_operator.py for tasks to queue
[2025-06-27T07:38:54.231+0000] {logging_mixin.py:190} INFO - [2025-06-27T07:38:54.230+0000] {dagbag.py:588} INFO - Filling up the DagBag from /home/airflow/.local/lib/python3.12/site-packages/airflow/example_dags/example_branch_operator.py
[2025-06-27T07:38:54.308+0000] {processor.py:925} INFO - DAG(s) 'example_branch_operator' retrieved from /home/airflow/.local/lib/python3.12/site-packages/airflow/example_dags/example_branch_operator.py
[2025-06-27T07:38:54.565+0000] {logging_mixin.py:190} INFO - [2025-06-27T07:38:54.564+0000] {dag.py:3239} INFO - Sync 1 DAGs
[2025-06-27T07:38:54.732+0000] {logging_mixin.py:190} INFO - [2025-06-27T07:38:54.729+0000] {dag.py:4180} INFO - Setting next_dagrun for example_branch_operator to 2025-06-26 00:00:00+00:00, run_after=2025-06-27 00:00:00+00:00
[2025-06-27T07:38:54.831+0000] {processor.py:208} INFO - Processing /home/airflow/.local/lib/python3.12/site-packages/airflow/example_dags/example_branch_operator.py took 0.624 seconds
[2025-06-27T07:39:42.692+0000] {processor.py:186} INFO - Started process (PID=411) to work on /home/airflow/.local/lib/python3.12/site-packages/airflow/example_dags/example_branch_operator.py
[2025-06-27T07:39:42.702+0000] {processor.py:914} INFO - Processing file /home/airflow/.local/lib/python3.12/site-packages/airflow/example_dags/example_branch_operator.py for tasks to queue
[2025-06-27T07:39:42.723+0000] {logging_mixin.py:190} INFO - [2025-06-27T07:39:42.721+0000] {dagbag.py:588} INFO - Filling up the DagBag from /home/airflow/.local/lib/python3.12/site-packages/airflow/example_dags/example_branch_operator.py
[2025-06-27T07:39:42.930+0000] {processor.py:925} INFO - DAG(s) 'example_branch_operator' retrieved from /home/airflow/.local/lib/python3.12/site-packages/airflow/example_dags/example_branch_operator.py
[2025-06-27T07:39:43.205+0000] {logging_mixin.py:190} INFO - [2025-06-27T07:39:43.202+0000] {dag.py:3239} INFO - Sync 1 DAGs
[2025-06-27T07:39:43.552+0000] {logging_mixin.py:190} INFO - [2025-06-27T07:39:43.551+0000] {dag.py:4180} INFO - Setting next_dagrun for example_branch_operator to 2025-06-26 00:00:00+00:00, run_after=2025-06-27 00:00:00+00:00
[2025-06-27T07:39:43.732+0000] {processor.py:208} INFO - Processing /home/airflow/.local/lib/python3.12/site-packages/airflow/example_dags/example_branch_operator.py took 1.084 seconds
[2025-06-27T07:40:14.383+0000] {processor.py:186} INFO - Started process (PID=474) to work on /home/airflow/.local/lib/python3.12/site-packages/airflow/example_dags/example_branch_operator.py
[2025-06-27T07:40:14.386+0000] {processor.py:914} INFO - Processing file /home/airflow/.local/lib/python3.12/site-packages/airflow/example_dags/example_branch_operator.py for tasks to queue
[2025-06-27T07:40:14.397+0000] {logging_mixin.py:190} INFO - [2025-06-27T07:40:14.395+0000] {dagbag.py:588} INFO - Filling up the DagBag from /home/airflow/.local/lib/python3.12/site-packages/airflow/example_dags/example_branch_operator.py
[2025-06-27T07:40:14.537+0000] {processor.py:925} INFO - DAG(s) 'example_branch_operator' retrieved from /home/airflow/.local/lib/python3.12/site-packages/airflow/example_dags/example_branch_operator.py
[2025-06-27T07:40:14.755+0000] {logging_mixin.py:190} INFO - [2025-06-27T07:40:14.753+0000] {dag.py:3239} INFO - Sync 1 DAGs
[2025-06-27T07:40:14.902+0000] {logging_mixin.py:190} INFO - [2025-06-27T07:40:14.901+0000] {dag.py:4180} INFO - Setting next_dagrun for example_branch_operator to 2025-06-26 00:00:00+00:00, run_after=2025-06-27 00:00:00+00:00
[2025-06-27T07:40:15.003+0000] {processor.py:208} INFO - Processing /home/airflow/.local/lib/python3.12/site-packages/airflow/example_dags/example_branch_operator.py took 0.655 seconds
[2025-06-27T07:40:46.159+0000] {processor.py:186} INFO - Started process (PID=538) to work on /home/airflow/.local/lib/python3.12/site-packages/airflow/example_dags/example_branch_operator.py
[2025-06-27T07:40:46.169+0000] {processor.py:914} INFO - Processing file /home/airflow/.local/lib/python3.12/site-packages/airflow/example_dags/example_branch_operator.py for tasks to queue
[2025-06-27T07:40:46.209+0000] {logging_mixin.py:190} INFO - [2025-06-27T07:40:46.198+0000] {dagbag.py:588} INFO - Filling up the DagBag from /home/airflow/.local/lib/python3.12/site-packages/airflow/example_dags/example_branch_operator.py
[2025-06-27T07:40:46.513+0000] {processor.py:925} INFO - DAG(s) 'example_branch_operator' retrieved from /home/airflow/.local/lib/python3.12/site-packages/airflow/example_dags/example_branch_operator.py
[2025-06-27T07:40:46.842+0000] {logging_mixin.py:190} INFO - [2025-06-27T07:40:46.841+0000] {dag.py:3239} INFO - Sync 1 DAGs
[2025-06-27T07:40:47.050+0000] {logging_mixin.py:190} INFO - [2025-06-27T07:40:47.049+0000] {dag.py:4180} INFO - Setting next_dagrun for example_branch_operator to 2025-06-26 00:00:00+00:00, run_after=2025-06-27 00:00:00+00:00
[2025-06-27T07:40:47.198+0000] {processor.py:208} INFO - Processing /home/airflow/.local/lib/python3.12/site-packages/airflow/example_dags/example_branch_operator.py took 1.093 seconds
[2025-06-27T07:41:19.520+0000] {processor.py:186} INFO - Started process (PID=600) to work on /home/airflow/.local/lib/python3.12/site-packages/airflow/example_dags/example_branch_operator.py
[2025-06-27T07:41:19.523+0000] {processor.py:914} INFO - Processing file /home/airflow/.local/lib/python3.12/site-packages/airflow/example_dags/example_branch_operator.py for tasks to queue
[2025-06-27T07:41:19.531+0000] {logging_mixin.py:190} INFO - [2025-06-27T07:41:19.530+0000] {dagbag.py:588} INFO - Filling up the DagBag from /home/airflow/.local/lib/python3.12/site-packages/airflow/example_dags/example_branch_operator.py
[2025-06-27T07:41:19.622+0000] {processor.py:925} INFO - DAG(s) 'example_branch_operator' retrieved from /home/airflow/.local/lib/python3.12/site-packages/airflow/example_dags/example_branch_operator.py
[2025-06-27T07:41:19.761+0000] {logging_mixin.py:190} INFO - [2025-06-27T07:41:19.761+0000] {dag.py:3239} INFO - Sync 1 DAGs
[2025-06-27T07:41:19.958+0000] {logging_mixin.py:190} INFO - [2025-06-27T07:41:19.957+0000] {dag.py:4180} INFO - Setting next_dagrun for example_branch_operator to 2025-06-26 00:00:00+00:00, run_after=2025-06-27 00:00:00+00:00
[2025-06-27T07:41:20.115+0000] {processor.py:208} INFO - Processing /home/airflow/.local/lib/python3.12/site-packages/airflow/example_dags/example_branch_operator.py took 0.610 seconds
[2025-06-27T07:41:55.326+0000] {processor.py:186} INFO - Started process (PID=664) to work on /home/airflow/.local/lib/python3.12/site-packages/airflow/example_dags/example_branch_operator.py
[2025-06-27T07:41:55.340+0000] {processor.py:914} INFO - Processing file /home/airflow/.local/lib/python3.12/site-packages/airflow/example_dags/example_branch_operator.py for tasks to queue
[2025-06-27T07:41:55.358+0000] {logging_mixin.py:190} INFO - [2025-06-27T07:41:55.355+0000] {dagbag.py:588} INFO - Filling up the DagBag from /home/airflow/.local/lib/python3.12/site-packages/airflow/example_dags/example_branch_operator.py
[2025-06-27T07:41:55.675+0000] {processor.py:925} INFO - DAG(s) 'example_branch_operator' retrieved from /home/airflow/.local/lib/python3.12/site-packages/airflow/example_dags/example_branch_operator.py
[2025-06-27T07:41:55.967+0000] {logging_mixin.py:190} INFO - [2025-06-27T07:41:55.966+0000] {dag.py:3239} INFO - Sync 1 DAGs
[2025-06-27T07:41:56.271+0000] {logging_mixin.py:190} INFO - [2025-06-27T07:41:56.269+0000] {dag.py:4180} INFO - Setting next_dagrun for example_branch_operator to 2025-06-26 00:00:00+00:00, run_after=2025-06-27 00:00:00+00:00
[2025-06-27T07:41:56.458+0000] {processor.py:208} INFO - Processing /home/airflow/.local/lib/python3.12/site-packages/airflow/example_dags/example_branch_operator.py took 1.216 seconds
[2025-06-27T07:42:45.329+0000] {processor.py:186} INFO - Started process (PID=735) to work on /home/airflow/.local/lib/python3.12/site-packages/airflow/example_dags/example_branch_operator.py
[2025-06-27T07:42:45.334+0000] {processor.py:914} INFO - Processing file /home/airflow/.local/lib/python3.12/site-packages/airflow/example_dags/example_branch_operator.py for tasks to queue
[2025-06-27T07:42:45.345+0000] {logging_mixin.py:190} INFO - [2025-06-27T07:42:45.343+0000] {dagbag.py:588} INFO - Filling up the DagBag from /home/airflow/.local/lib/python3.12/site-packages/airflow/example_dags/example_branch_operator.py
[2025-06-27T07:42:45.436+0000] {processor.py:925} INFO - DAG(s) 'example_branch_operator' retrieved from /home/airflow/.local/lib/python3.12/site-packages/airflow/example_dags/example_branch_operator.py
[2025-06-27T07:42:45.579+0000] {logging_mixin.py:190} INFO - [2025-06-27T07:42:45.579+0000] {dag.py:3239} INFO - Sync 1 DAGs
[2025-06-27T07:42:45.752+0000] {logging_mixin.py:190} INFO - [2025-06-27T07:42:45.751+0000] {dag.py:4180} INFO - Setting next_dagrun for example_branch_operator to 2025-06-26 00:00:00+00:00, run_after=2025-06-27 00:00:00+00:00
[2025-06-27T07:42:45.843+0000] {processor.py:208} INFO - Processing /home/airflow/.local/lib/python3.12/site-packages/airflow/example_dags/example_branch_operator.py took 0.537 seconds
[2025-06-27T07:43:19.536+0000] {processor.py:186} INFO - Started process (PID=795) to work on /home/airflow/.local/lib/python3.12/site-packages/airflow/example_dags/example_branch_operator.py
[2025-06-27T07:43:19.550+0000] {processor.py:914} INFO - Processing file /home/airflow/.local/lib/python3.12/site-packages/airflow/example_dags/example_branch_operator.py for tasks to queue
[2025-06-27T07:43:19.574+0000] {logging_mixin.py:190} INFO - [2025-06-27T07:43:19.572+0000] {dagbag.py:588} INFO - Filling up the DagBag from /home/airflow/.local/lib/python3.12/site-packages/airflow/example_dags/example_branch_operator.py
[2025-06-27T07:43:19.809+0000] {processor.py:925} INFO - DAG(s) 'example_branch_operator' retrieved from /home/airflow/.local/lib/python3.12/site-packages/airflow/example_dags/example_branch_operator.py
[2025-06-27T07:43:20.101+0000] {logging_mixin.py:190} INFO - [2025-06-27T07:43:20.100+0000] {dag.py:3239} INFO - Sync 1 DAGs
[2025-06-27T07:43:20.339+0000] {logging_mixin.py:190} INFO - [2025-06-27T07:43:20.337+0000] {dag.py:4180} INFO - Setting next_dagrun for example_branch_operator to 2025-06-26 00:00:00+00:00, run_after=2025-06-27 00:00:00+00:00
[2025-06-27T07:43:20.508+0000] {processor.py:208} INFO - Processing /home/airflow/.local/lib/python3.12/site-packages/airflow/example_dags/example_branch_operator.py took 1.053 seconds
[2025-06-27T07:43:51.154+0000] {processor.py:186} INFO - Started process (PID=858) to work on /home/airflow/.local/lib/python3.12/site-packages/airflow/example_dags/example_branch_operator.py
[2025-06-27T07:43:51.156+0000] {processor.py:914} INFO - Processing file /home/airflow/.local/lib/python3.12/site-packages/airflow/example_dags/example_branch_operator.py for tasks to queue
[2025-06-27T07:43:51.162+0000] {logging_mixin.py:190} INFO - [2025-06-27T07:43:51.161+0000] {dagbag.py:588} INFO - Filling up the DagBag from /home/airflow/.local/lib/python3.12/site-packages/airflow/example_dags/example_branch_operator.py
[2025-06-27T07:43:51.198+0000] {processor.py:925} INFO - DAG(s) 'example_branch_operator' retrieved from /home/airflow/.local/lib/python3.12/site-packages/airflow/example_dags/example_branch_operator.py
[2025-06-27T07:43:51.250+0000] {logging_mixin.py:190} INFO - [2025-06-27T07:43:51.250+0000] {dag.py:3239} INFO - Sync 1 DAGs
[2025-06-27T07:43:51.300+0000] {logging_mixin.py:190} INFO - [2025-06-27T07:43:51.300+0000] {dag.py:4180} INFO - Setting next_dagrun for example_branch_operator to 2025-06-26 00:00:00+00:00, run_after=2025-06-27 00:00:00+00:00
[2025-06-27T07:43:51.359+0000] {processor.py:208} INFO - Processing /home/airflow/.local/lib/python3.12/site-packages/airflow/example_dags/example_branch_operator.py took 0.217 seconds
[2025-06-27T07:44:21.917+0000] {processor.py:186} INFO - Started process (PID=922) to work on /home/airflow/.local/lib/python3.12/site-packages/airflow/example_dags/example_branch_operator.py
[2025-06-27T07:44:21.920+0000] {processor.py:914} INFO - Processing file /home/airflow/.local/lib/python3.12/site-packages/airflow/example_dags/example_branch_operator.py for tasks to queue
[2025-06-27T07:44:21.930+0000] {logging_mixin.py:190} INFO - [2025-06-27T07:44:21.929+0000] {dagbag.py:588} INFO - Filling up the DagBag from /home/airflow/.local/lib/python3.12/site-packages/airflow/example_dags/example_branch_operator.py
[2025-06-27T07:44:21.985+0000] {processor.py:925} INFO - DAG(s) 'example_branch_operator' retrieved from /home/airflow/.local/lib/python3.12/site-packages/airflow/example_dags/example_branch_operator.py
[2025-06-27T07:44:22.140+0000] {logging_mixin.py:190} INFO - [2025-06-27T07:44:22.139+0000] {dag.py:3239} INFO - Sync 1 DAGs
[2025-06-27T07:44:22.260+0000] {logging_mixin.py:190} INFO - [2025-06-27T07:44:22.259+0000] {dag.py:4180} INFO - Setting next_dagrun for example_branch_operator to 2025-06-26 00:00:00+00:00, run_after=2025-06-27 00:00:00+00:00
[2025-06-27T07:44:22.339+0000] {processor.py:208} INFO - Processing /home/airflow/.local/lib/python3.12/site-packages/airflow/example_dags/example_branch_operator.py took 0.454 seconds
[2025-06-27T07:44:52.599+0000] {processor.py:186} INFO - Started process (PID=986) to work on /home/airflow/.local/lib/python3.12/site-packages/airflow/example_dags/example_branch_operator.py
[2025-06-27T07:44:52.602+0000] {processor.py:914} INFO - Processing file /home/airflow/.local/lib/python3.12/site-packages/airflow/example_dags/example_branch_operator.py for tasks to queue
[2025-06-27T07:44:52.608+0000] {logging_mixin.py:190} INFO - [2025-06-27T07:44:52.607+0000] {dagbag.py:588} INFO - Filling up the DagBag from /home/airflow/.local/lib/python3.12/site-packages/airflow/example_dags/example_branch_operator.py
[2025-06-27T07:44:52.659+0000] {processor.py:925} INFO - DAG(s) 'example_branch_operator' retrieved from /home/airflow/.local/lib/python3.12/site-packages/airflow/example_dags/example_branch_operator.py
[2025-06-27T07:44:52.731+0000] {logging_mixin.py:190} INFO - [2025-06-27T07:44:52.731+0000] {dag.py:3239} INFO - Sync 1 DAGs
[2025-06-27T07:44:52.809+0000] {logging_mixin.py:190} INFO - [2025-06-27T07:44:52.808+0000] {dag.py:4180} INFO - Setting next_dagrun for example_branch_operator to 2025-06-26 00:00:00+00:00, run_after=2025-06-27 00:00:00+00:00
[2025-06-27T07:44:52.865+0000] {processor.py:208} INFO - Processing /home/airflow/.local/lib/python3.12/site-packages/airflow/example_dags/example_branch_operator.py took 0.282 seconds
[2025-06-27T07:45:23.376+0000] {processor.py:186} INFO - Started process (PID=1049) to work on /home/airflow/.local/lib/python3.12/site-packages/airflow/example_dags/example_branch_operator.py
[2025-06-27T07:45:23.378+0000] {processor.py:914} INFO - Processing file /home/airflow/.local/lib/python3.12/site-packages/airflow/example_dags/example_branch_operator.py for tasks to queue
[2025-06-27T07:45:23.383+0000] {logging_mixin.py:190} INFO - [2025-06-27T07:45:23.383+0000] {dagbag.py:588} INFO - Filling up the DagBag from /home/airflow/.local/lib/python3.12/site-packages/airflow/example_dags/example_branch_operator.py
[2025-06-27T07:45:23.424+0000] {processor.py:925} INFO - DAG(s) 'example_branch_operator' retrieved from /home/airflow/.local/lib/python3.12/site-packages/airflow/example_dags/example_branch_operator.py
[2025-06-27T07:45:23.492+0000] {logging_mixin.py:190} INFO - [2025-06-27T07:45:23.492+0000] {dag.py:3239} INFO - Sync 1 DAGs
[2025-06-27T07:45:23.546+0000] {logging_mixin.py:190} INFO - [2025-06-27T07:45:23.545+0000] {dag.py:4180} INFO - Setting next_dagrun for example_branch_operator to 2025-06-26 00:00:00+00:00, run_after=2025-06-27 00:00:00+00:00
[2025-06-27T07:45:23.601+0000] {processor.py:208} INFO - Processing /home/airflow/.local/lib/python3.12/site-packages/airflow/example_dags/example_branch_operator.py took 0.236 seconds
[2025-06-27T07:45:54.083+0000] {processor.py:186} INFO - Started process (PID=1112) to work on /home/airflow/.local/lib/python3.12/site-packages/airflow/example_dags/example_branch_operator.py
[2025-06-27T07:45:54.086+0000] {processor.py:914} INFO - Processing file /home/airflow/.local/lib/python3.12/site-packages/airflow/example_dags/example_branch_operator.py for tasks to queue
[2025-06-27T07:45:54.095+0000] {logging_mixin.py:190} INFO - [2025-06-27T07:45:54.093+0000] {dagbag.py:588} INFO - Filling up the DagBag from /home/airflow/.local/lib/python3.12/site-packages/airflow/example_dags/example_branch_operator.py
[2025-06-27T07:45:54.161+0000] {processor.py:925} INFO - DAG(s) 'example_branch_operator' retrieved from /home/airflow/.local/lib/python3.12/site-packages/airflow/example_dags/example_branch_operator.py
[2025-06-27T07:45:54.283+0000] {logging_mixin.py:190} INFO - [2025-06-27T07:45:54.282+0000] {dag.py:3239} INFO - Sync 1 DAGs
[2025-06-27T07:45:54.408+0000] {logging_mixin.py:190} INFO - [2025-06-27T07:45:54.407+0000] {dag.py:4180} INFO - Setting next_dagrun for example_branch_operator to 2025-06-26 00:00:00+00:00, run_after=2025-06-27 00:00:00+00:00
[2025-06-27T07:45:54.485+0000] {processor.py:208} INFO - Processing /home/airflow/.local/lib/python3.12/site-packages/airflow/example_dags/example_branch_operator.py took 0.423 seconds
[2025-06-27T07:46:24.744+0000] {processor.py:186} INFO - Started process (PID=1175) to work on /home/airflow/.local/lib/python3.12/site-packages/airflow/example_dags/example_branch_operator.py
[2025-06-27T07:46:24.746+0000] {processor.py:914} INFO - Processing file /home/airflow/.local/lib/python3.12/site-packages/airflow/example_dags/example_branch_operator.py for tasks to queue
[2025-06-27T07:46:24.751+0000] {logging_mixin.py:190} INFO - [2025-06-27T07:46:24.751+0000] {dagbag.py:588} INFO - Filling up the DagBag from /home/airflow/.local/lib/python3.12/site-packages/airflow/example_dags/example_branch_operator.py
[2025-06-27T07:46:24.799+0000] {processor.py:925} INFO - DAG(s) 'example_branch_operator' retrieved from /home/airflow/.local/lib/python3.12/site-packages/airflow/example_dags/example_branch_operator.py
[2025-06-27T07:46:24.876+0000] {logging_mixin.py:190} INFO - [2025-06-27T07:46:24.875+0000] {dag.py:3239} INFO - Sync 1 DAGs
[2025-06-27T07:46:24.940+0000] {logging_mixin.py:190} INFO - [2025-06-27T07:46:24.939+0000] {dag.py:4180} INFO - Setting next_dagrun for example_branch_operator to 2025-06-26 00:00:00+00:00, run_after=2025-06-27 00:00:00+00:00
[2025-06-27T07:46:24.990+0000] {processor.py:208} INFO - Processing /home/airflow/.local/lib/python3.12/site-packages/airflow/example_dags/example_branch_operator.py took 0.261 seconds
[2025-06-27T07:46:55.210+0000] {processor.py:186} INFO - Started process (PID=1238) to work on /home/airflow/.local/lib/python3.12/site-packages/airflow/example_dags/example_branch_operator.py
[2025-06-27T07:46:55.211+0000] {processor.py:914} INFO - Processing file /home/airflow/.local/lib/python3.12/site-packages/airflow/example_dags/example_branch_operator.py for tasks to queue
[2025-06-27T07:46:55.217+0000] {logging_mixin.py:190} INFO - [2025-06-27T07:46:55.216+0000] {dagbag.py:588} INFO - Filling up the DagBag from /home/airflow/.local/lib/python3.12/site-packages/airflow/example_dags/example_branch_operator.py
[2025-06-27T07:46:55.261+0000] {processor.py:925} INFO - DAG(s) 'example_branch_operator' retrieved from /home/airflow/.local/lib/python3.12/site-packages/airflow/example_dags/example_branch_operator.py
[2025-06-27T07:46:55.327+0000] {logging_mixin.py:190} INFO - [2025-06-27T07:46:55.327+0000] {dag.py:3239} INFO - Sync 1 DAGs
[2025-06-27T07:46:55.388+0000] {logging_mixin.py:190} INFO - [2025-06-27T07:46:55.387+0000] {dag.py:4180} INFO - Setting next_dagrun for example_branch_operator to 2025-06-26 00:00:00+00:00, run_after=2025-06-27 00:00:00+00:00
[2025-06-27T07:46:55.444+0000] {processor.py:208} INFO - Processing /home/airflow/.local/lib/python3.12/site-packages/airflow/example_dags/example_branch_operator.py took 0.249 seconds
[2025-06-27T07:47:25.772+0000] {processor.py:186} INFO - Started process (PID=1301) to work on /home/airflow/.local/lib/python3.12/site-packages/airflow/example_dags/example_branch_operator.py
[2025-06-27T07:47:25.775+0000] {processor.py:914} INFO - Processing file /home/airflow/.local/lib/python3.12/site-packages/airflow/example_dags/example_branch_operator.py for tasks to queue
[2025-06-27T07:47:25.779+0000] {logging_mixin.py:190} INFO - [2025-06-27T07:47:25.778+0000] {dagbag.py:588} INFO - Filling up the DagBag from /home/airflow/.local/lib/python3.12/site-packages/airflow/example_dags/example_branch_operator.py
[2025-06-27T07:47:25.837+0000] {processor.py:925} INFO - DAG(s) 'example_branch_operator' retrieved from /home/airflow/.local/lib/python3.12/site-packages/airflow/example_dags/example_branch_operator.py
[2025-06-27T07:47:25.898+0000] {logging_mixin.py:190} INFO - [2025-06-27T07:47:25.898+0000] {dag.py:3239} INFO - Sync 1 DAGs
[2025-06-27T07:47:25.945+0000] {logging_mixin.py:190} INFO - [2025-06-27T07:47:25.944+0000] {dag.py:4180} INFO - Setting next_dagrun for example_branch_operator to 2025-06-26 00:00:00+00:00, run_after=2025-06-27 00:00:00+00:00
[2025-06-27T07:47:25.985+0000] {processor.py:208} INFO - Processing /home/airflow/.local/lib/python3.12/site-packages/airflow/example_dags/example_branch_operator.py took 0.222 seconds
[2025-06-27T07:47:56.349+0000] {processor.py:186} INFO - Started process (PID=1364) to work on /home/airflow/.local/lib/python3.12/site-packages/airflow/example_dags/example_branch_operator.py
[2025-06-27T07:47:56.351+0000] {processor.py:914} INFO - Processing file /home/airflow/.local/lib/python3.12/site-packages/airflow/example_dags/example_branch_operator.py for tasks to queue
[2025-06-27T07:47:56.356+0000] {logging_mixin.py:190} INFO - [2025-06-27T07:47:56.355+0000] {dagbag.py:588} INFO - Filling up the DagBag from /home/airflow/.local/lib/python3.12/site-packages/airflow/example_dags/example_branch_operator.py
[2025-06-27T07:47:56.385+0000] {processor.py:925} INFO - DAG(s) 'example_branch_operator' retrieved from /home/airflow/.local/lib/python3.12/site-packages/airflow/example_dags/example_branch_operator.py
[2025-06-27T07:47:56.435+0000] {logging_mixin.py:190} INFO - [2025-06-27T07:47:56.434+0000] {dag.py:3239} INFO - Sync 1 DAGs
[2025-06-27T07:47:56.476+0000] {logging_mixin.py:190} INFO - [2025-06-27T07:47:56.475+0000] {dag.py:4180} INFO - Setting next_dagrun for example_branch_operator to 2025-06-26 00:00:00+00:00, run_after=2025-06-27 00:00:00+00:00
[2025-06-27T07:47:56.512+0000] {processor.py:208} INFO - Processing /home/airflow/.local/lib/python3.12/site-packages/airflow/example_dags/example_branch_operator.py took 0.176 seconds
[2025-06-27T07:48:27.736+0000] {processor.py:186} INFO - Started process (PID=1427) to work on /home/airflow/.local/lib/python3.12/site-packages/airflow/example_dags/example_branch_operator.py
[2025-06-27T07:48:27.751+0000] {processor.py:914} INFO - Processing file /home/airflow/.local/lib/python3.12/site-packages/airflow/example_dags/example_branch_operator.py for tasks to queue
[2025-06-27T07:48:27.772+0000] {logging_mixin.py:190} INFO - [2025-06-27T07:48:27.768+0000] {dagbag.py:588} INFO - Filling up the DagBag from /home/airflow/.local/lib/python3.12/site-packages/airflow/example_dags/example_branch_operator.py
[2025-06-27T07:48:27.986+0000] {processor.py:925} INFO - DAG(s) 'example_branch_operator' retrieved from /home/airflow/.local/lib/python3.12/site-packages/airflow/example_dags/example_branch_operator.py
[2025-06-27T07:48:28.202+0000] {logging_mixin.py:190} INFO - [2025-06-27T07:48:28.201+0000] {dag.py:3239} INFO - Sync 1 DAGs
[2025-06-27T07:48:28.449+0000] {logging_mixin.py:190} INFO - [2025-06-27T07:48:28.437+0000] {dag.py:4180} INFO - Setting next_dagrun for example_branch_operator to 2025-06-26 00:00:00+00:00, run_after=2025-06-27 00:00:00+00:00
[2025-06-27T07:48:28.594+0000] {processor.py:208} INFO - Processing /home/airflow/.local/lib/python3.12/site-packages/airflow/example_dags/example_branch_operator.py took 0.935 seconds
[2025-06-27T07:48:58.992+0000] {processor.py:186} INFO - Started process (PID=1491) to work on /home/airflow/.local/lib/python3.12/site-packages/airflow/example_dags/example_branch_operator.py
[2025-06-27T07:48:58.994+0000] {processor.py:914} INFO - Processing file /home/airflow/.local/lib/python3.12/site-packages/airflow/example_dags/example_branch_operator.py for tasks to queue
[2025-06-27T07:48:59.000+0000] {logging_mixin.py:190} INFO - [2025-06-27T07:48:58.999+0000] {dagbag.py:588} INFO - Filling up the DagBag from /home/airflow/.local/lib/python3.12/site-packages/airflow/example_dags/example_branch_operator.py
[2025-06-27T07:48:59.044+0000] {processor.py:925} INFO - DAG(s) 'example_branch_operator' retrieved from /home/airflow/.local/lib/python3.12/site-packages/airflow/example_dags/example_branch_operator.py
[2025-06-27T07:48:59.109+0000] {logging_mixin.py:190} INFO - [2025-06-27T07:48:59.108+0000] {dag.py:3239} INFO - Sync 1 DAGs
[2025-06-27T07:48:59.156+0000] {logging_mixin.py:190} INFO - [2025-06-27T07:48:59.156+0000] {dag.py:4180} INFO - Setting next_dagrun for example_branch_operator to 2025-06-26 00:00:00+00:00, run_after=2025-06-27 00:00:00+00:00
[2025-06-27T07:48:59.195+0000] {processor.py:208} INFO - Processing /home/airflow/.local/lib/python3.12/site-packages/airflow/example_dags/example_branch_operator.py took 0.215 seconds
[2025-06-27T07:52:14.205+0000] {processor.py:186} INFO - Started process (PID=104) to work on /home/airflow/.local/lib/python3.12/site-packages/airflow/example_dags/example_branch_operator.py
[2025-06-27T07:52:14.210+0000] {processor.py:914} INFO - Processing file /home/airflow/.local/lib/python3.12/site-packages/airflow/example_dags/example_branch_operator.py for tasks to queue
[2025-06-27T07:52:14.220+0000] {logging_mixin.py:190} INFO - [2025-06-27T07:52:14.219+0000] {dagbag.py:588} INFO - Filling up the DagBag from /home/airflow/.local/lib/python3.12/site-packages/airflow/example_dags/example_branch_operator.py
[2025-06-27T07:52:14.296+0000] {processor.py:925} INFO - DAG(s) 'example_branch_operator' retrieved from /home/airflow/.local/lib/python3.12/site-packages/airflow/example_dags/example_branch_operator.py
[2025-06-27T07:52:15.121+0000] {logging_mixin.py:190} INFO - [2025-06-27T07:52:15.120+0000] {dag.py:3239} INFO - Sync 1 DAGs
[2025-06-27T07:52:15.235+0000] {logging_mixin.py:190} INFO - [2025-06-27T07:52:15.234+0000] {dag.py:4180} INFO - Setting next_dagrun for example_branch_operator to 2025-06-26 00:00:00+00:00, run_after=2025-06-27 00:00:00+00:00
[2025-06-27T07:52:15.335+0000] {processor.py:208} INFO - Processing /home/airflow/.local/lib/python3.12/site-packages/airflow/example_dags/example_branch_operator.py took 1.155 seconds
[2025-06-27T07:52:52.967+0000] {processor.py:186} INFO - Started process (PID=167) to work on /home/airflow/.local/lib/python3.12/site-packages/airflow/example_dags/example_branch_operator.py
[2025-06-27T07:52:52.974+0000] {processor.py:914} INFO - Processing file /home/airflow/.local/lib/python3.12/site-packages/airflow/example_dags/example_branch_operator.py for tasks to queue
[2025-06-27T07:52:53.002+0000] {logging_mixin.py:190} INFO - [2025-06-27T07:52:52.999+0000] {dagbag.py:588} INFO - Filling up the DagBag from /home/airflow/.local/lib/python3.12/site-packages/airflow/example_dags/example_branch_operator.py
[2025-06-27T07:52:53.191+0000] {processor.py:925} INFO - DAG(s) 'example_branch_operator' retrieved from /home/airflow/.local/lib/python3.12/site-packages/airflow/example_dags/example_branch_operator.py
[2025-06-27T07:52:53.365+0000] {logging_mixin.py:190} INFO - [2025-06-27T07:52:53.364+0000] {dag.py:3239} INFO - Sync 1 DAGs
[2025-06-27T07:52:53.507+0000] {logging_mixin.py:190} INFO - [2025-06-27T07:52:53.505+0000] {dag.py:4180} INFO - Setting next_dagrun for example_branch_operator to 2025-06-26 00:00:00+00:00, run_after=2025-06-27 00:00:00+00:00
[2025-06-27T07:52:53.592+0000] {processor.py:208} INFO - Processing /home/airflow/.local/lib/python3.12/site-packages/airflow/example_dags/example_branch_operator.py took 0.695 seconds
[2025-06-27T07:53:23.753+0000] {processor.py:186} INFO - Started process (PID=230) to work on /home/airflow/.local/lib/python3.12/site-packages/airflow/example_dags/example_branch_operator.py
[2025-06-27T07:53:23.755+0000] {processor.py:914} INFO - Processing file /home/airflow/.local/lib/python3.12/site-packages/airflow/example_dags/example_branch_operator.py for tasks to queue
[2025-06-27T07:53:23.762+0000] {logging_mixin.py:190} INFO - [2025-06-27T07:53:23.761+0000] {dagbag.py:588} INFO - Filling up the DagBag from /home/airflow/.local/lib/python3.12/site-packages/airflow/example_dags/example_branch_operator.py
[2025-06-27T07:53:23.811+0000] {processor.py:925} INFO - DAG(s) 'example_branch_operator' retrieved from /home/airflow/.local/lib/python3.12/site-packages/airflow/example_dags/example_branch_operator.py
[2025-06-27T07:53:23.882+0000] {logging_mixin.py:190} INFO - [2025-06-27T07:53:23.881+0000] {dag.py:3239} INFO - Sync 1 DAGs
[2025-06-27T07:53:23.938+0000] {logging_mixin.py:190} INFO - [2025-06-27T07:53:23.938+0000] {dag.py:4180} INFO - Setting next_dagrun for example_branch_operator to 2025-06-26 00:00:00+00:00, run_after=2025-06-27 00:00:00+00:00
[2025-06-27T07:53:23.981+0000] {processor.py:208} INFO - Processing /home/airflow/.local/lib/python3.12/site-packages/airflow/example_dags/example_branch_operator.py took 0.244 seconds
[2025-06-27T07:53:54.944+0000] {processor.py:186} INFO - Started process (PID=294) to work on /home/airflow/.local/lib/python3.12/site-packages/airflow/example_dags/example_branch_operator.py
[2025-06-27T07:53:54.946+0000] {processor.py:914} INFO - Processing file /home/airflow/.local/lib/python3.12/site-packages/airflow/example_dags/example_branch_operator.py for tasks to queue
[2025-06-27T07:53:54.952+0000] {logging_mixin.py:190} INFO - [2025-06-27T07:53:54.951+0000] {dagbag.py:588} INFO - Filling up the DagBag from /home/airflow/.local/lib/python3.12/site-packages/airflow/example_dags/example_branch_operator.py
[2025-06-27T07:53:54.987+0000] {processor.py:925} INFO - DAG(s) 'example_branch_operator' retrieved from /home/airflow/.local/lib/python3.12/site-packages/airflow/example_dags/example_branch_operator.py
[2025-06-27T07:53:55.044+0000] {logging_mixin.py:190} INFO - [2025-06-27T07:53:55.044+0000] {dag.py:3239} INFO - Sync 1 DAGs
[2025-06-27T07:53:55.117+0000] {logging_mixin.py:190} INFO - [2025-06-27T07:53:55.116+0000] {dag.py:4180} INFO - Setting next_dagrun for example_branch_operator to 2025-06-26 00:00:00+00:00, run_after=2025-06-27 00:00:00+00:00
[2025-06-27T07:53:55.173+0000] {processor.py:208} INFO - Processing /home/airflow/.local/lib/python3.12/site-packages/airflow/example_dags/example_branch_operator.py took 0.241 seconds
[2025-06-27T07:54:27.347+0000] {processor.py:186} INFO - Started process (PID=357) to work on /home/airflow/.local/lib/python3.12/site-packages/airflow/example_dags/example_branch_operator.py
[2025-06-27T07:54:27.357+0000] {processor.py:914} INFO - Processing file /home/airflow/.local/lib/python3.12/site-packages/airflow/example_dags/example_branch_operator.py for tasks to queue
[2025-06-27T07:54:27.370+0000] {logging_mixin.py:190} INFO - [2025-06-27T07:54:27.369+0000] {dagbag.py:588} INFO - Filling up the DagBag from /home/airflow/.local/lib/python3.12/site-packages/airflow/example_dags/example_branch_operator.py
[2025-06-27T07:54:27.524+0000] {processor.py:925} INFO - DAG(s) 'example_branch_operator' retrieved from /home/airflow/.local/lib/python3.12/site-packages/airflow/example_dags/example_branch_operator.py
[2025-06-27T07:54:27.668+0000] {logging_mixin.py:190} INFO - [2025-06-27T07:54:27.668+0000] {dag.py:3239} INFO - Sync 1 DAGs
[2025-06-27T07:54:27.754+0000] {logging_mixin.py:190} INFO - [2025-06-27T07:54:27.753+0000] {dag.py:4180} INFO - Setting next_dagrun for example_branch_operator to 2025-06-26 00:00:00+00:00, run_after=2025-06-27 00:00:00+00:00
[2025-06-27T07:54:27.816+0000] {processor.py:208} INFO - Processing /home/airflow/.local/lib/python3.12/site-packages/airflow/example_dags/example_branch_operator.py took 0.507 seconds
[2025-06-27T07:54:57.991+0000] {processor.py:186} INFO - Started process (PID=420) to work on /home/airflow/.local/lib/python3.12/site-packages/airflow/example_dags/example_branch_operator.py
[2025-06-27T07:54:57.993+0000] {processor.py:914} INFO - Processing file /home/airflow/.local/lib/python3.12/site-packages/airflow/example_dags/example_branch_operator.py for tasks to queue
[2025-06-27T07:54:57.999+0000] {logging_mixin.py:190} INFO - [2025-06-27T07:54:57.998+0000] {dagbag.py:588} INFO - Filling up the DagBag from /home/airflow/.local/lib/python3.12/site-packages/airflow/example_dags/example_branch_operator.py
[2025-06-27T07:54:58.054+0000] {processor.py:925} INFO - DAG(s) 'example_branch_operator' retrieved from /home/airflow/.local/lib/python3.12/site-packages/airflow/example_dags/example_branch_operator.py
[2025-06-27T07:54:58.146+0000] {logging_mixin.py:190} INFO - [2025-06-27T07:54:58.145+0000] {dag.py:3239} INFO - Sync 1 DAGs
[2025-06-27T07:54:58.239+0000] {logging_mixin.py:190} INFO - [2025-06-27T07:54:58.239+0000] {dag.py:4180} INFO - Setting next_dagrun for example_branch_operator to 2025-06-26 00:00:00+00:00, run_after=2025-06-27 00:00:00+00:00
[2025-06-27T07:54:58.299+0000] {processor.py:208} INFO - Processing /home/airflow/.local/lib/python3.12/site-packages/airflow/example_dags/example_branch_operator.py took 0.321 seconds
[2025-06-27T07:59:36.005+0000] {processor.py:186} INFO - Started process (PID=91) to work on /home/airflow/.local/lib/python3.12/site-packages/airflow/example_dags/example_branch_operator.py
[2025-06-27T07:59:36.022+0000] {processor.py:914} INFO - Processing file /home/airflow/.local/lib/python3.12/site-packages/airflow/example_dags/example_branch_operator.py for tasks to queue
[2025-06-27T07:59:36.043+0000] {logging_mixin.py:190} INFO - [2025-06-27T07:59:36.033+0000] {dagbag.py:588} INFO - Filling up the DagBag from /home/airflow/.local/lib/python3.12/site-packages/airflow/example_dags/example_branch_operator.py
[2025-06-27T07:59:36.330+0000] {processor.py:925} INFO - DAG(s) 'example_branch_operator' retrieved from /home/airflow/.local/lib/python3.12/site-packages/airflow/example_dags/example_branch_operator.py
[2025-06-27T07:59:36.814+0000] {logging_mixin.py:190} INFO - [2025-06-27T07:59:36.812+0000] {dag.py:3239} INFO - Sync 1 DAGs
[2025-06-27T07:59:36.911+0000] {logging_mixin.py:190} INFO - [2025-06-27T07:59:36.910+0000] {dag.py:4180} INFO - Setting next_dagrun for example_branch_operator to 2025-06-26 00:00:00+00:00, run_after=2025-06-27 00:00:00+00:00
[2025-06-27T07:59:36.992+0000] {processor.py:208} INFO - Processing /home/airflow/.local/lib/python3.12/site-packages/airflow/example_dags/example_branch_operator.py took 1.085 seconds
[2025-06-27T08:00:33.909+0000] {processor.py:186} INFO - Started process (PID=158) to work on /home/airflow/.local/lib/python3.12/site-packages/airflow/example_dags/example_branch_operator.py
[2025-06-27T08:00:33.957+0000] {processor.py:914} INFO - Processing file /home/airflow/.local/lib/python3.12/site-packages/airflow/example_dags/example_branch_operator.py for tasks to queue
[2025-06-27T08:00:34.272+0000] {logging_mixin.py:190} INFO - [2025-06-27T08:00:34.266+0000] {dagbag.py:588} INFO - Filling up the DagBag from /home/airflow/.local/lib/python3.12/site-packages/airflow/example_dags/example_branch_operator.py
[2025-06-27T08:00:34.855+0000] {processor.py:925} INFO - DAG(s) 'example_branch_operator' retrieved from /home/airflow/.local/lib/python3.12/site-packages/airflow/example_dags/example_branch_operator.py
[2025-06-27T08:00:35.335+0000] {logging_mixin.py:190} INFO - [2025-06-27T08:00:35.334+0000] {dag.py:3239} INFO - Sync 1 DAGs
[2025-06-27T08:00:36.517+0000] {logging_mixin.py:190} INFO - [2025-06-27T08:00:36.515+0000] {dag.py:4180} INFO - Setting next_dagrun for example_branch_operator to 2025-06-26 00:00:00+00:00, run_after=2025-06-27 00:00:00+00:00
[2025-06-27T08:00:37.649+0000] {processor.py:208} INFO - Processing /home/airflow/.local/lib/python3.12/site-packages/airflow/example_dags/example_branch_operator.py took 4.093 seconds
[2025-06-27T08:01:13.540+0000] {processor.py:186} INFO - Started process (PID=220) to work on /home/airflow/.local/lib/python3.12/site-packages/airflow/example_dags/example_branch_operator.py
[2025-06-27T08:01:13.553+0000] {processor.py:914} INFO - Processing file /home/airflow/.local/lib/python3.12/site-packages/airflow/example_dags/example_branch_operator.py for tasks to queue
[2025-06-27T08:01:13.572+0000] {logging_mixin.py:190} INFO - [2025-06-27T08:01:13.570+0000] {dagbag.py:588} INFO - Filling up the DagBag from /home/airflow/.local/lib/python3.12/site-packages/airflow/example_dags/example_branch_operator.py
[2025-06-27T08:01:13.850+0000] {processor.py:925} INFO - DAG(s) 'example_branch_operator' retrieved from /home/airflow/.local/lib/python3.12/site-packages/airflow/example_dags/example_branch_operator.py
[2025-06-27T08:01:14.234+0000] {logging_mixin.py:190} INFO - [2025-06-27T08:01:14.228+0000] {dag.py:3239} INFO - Sync 1 DAGs
[2025-06-27T08:01:15.109+0000] {logging_mixin.py:190} INFO - [2025-06-27T08:01:15.107+0000] {dag.py:4180} INFO - Setting next_dagrun for example_branch_operator to 2025-06-26 00:00:00+00:00, run_after=2025-06-27 00:00:00+00:00
[2025-06-27T08:01:15.311+0000] {processor.py:208} INFO - Processing /home/airflow/.local/lib/python3.12/site-packages/airflow/example_dags/example_branch_operator.py took 1.833 seconds
[2025-06-27T08:01:45.807+0000] {processor.py:186} INFO - Started process (PID=282) to work on /home/airflow/.local/lib/python3.12/site-packages/airflow/example_dags/example_branch_operator.py
[2025-06-27T08:01:45.810+0000] {processor.py:914} INFO - Processing file /home/airflow/.local/lib/python3.12/site-packages/airflow/example_dags/example_branch_operator.py for tasks to queue
[2025-06-27T08:01:45.815+0000] {logging_mixin.py:190} INFO - [2025-06-27T08:01:45.815+0000] {dagbag.py:588} INFO - Filling up the DagBag from /home/airflow/.local/lib/python3.12/site-packages/airflow/example_dags/example_branch_operator.py
[2025-06-27T08:01:45.862+0000] {processor.py:925} INFO - DAG(s) 'example_branch_operator' retrieved from /home/airflow/.local/lib/python3.12/site-packages/airflow/example_dags/example_branch_operator.py
[2025-06-27T08:01:45.940+0000] {logging_mixin.py:190} INFO - [2025-06-27T08:01:45.939+0000] {dag.py:3239} INFO - Sync 1 DAGs
[2025-06-27T08:01:46.018+0000] {logging_mixin.py:190} INFO - [2025-06-27T08:01:46.017+0000] {dag.py:4180} INFO - Setting next_dagrun for example_branch_operator to 2025-06-26 00:00:00+00:00, run_after=2025-06-27 00:00:00+00:00
[2025-06-27T08:01:46.062+0000] {processor.py:208} INFO - Processing /home/airflow/.local/lib/python3.12/site-packages/airflow/example_dags/example_branch_operator.py took 0.266 seconds
[2025-06-27T08:02:16.210+0000] {processor.py:186} INFO - Started process (PID=346) to work on /home/airflow/.local/lib/python3.12/site-packages/airflow/example_dags/example_branch_operator.py
[2025-06-27T08:02:16.212+0000] {processor.py:914} INFO - Processing file /home/airflow/.local/lib/python3.12/site-packages/airflow/example_dags/example_branch_operator.py for tasks to queue
[2025-06-27T08:02:16.218+0000] {logging_mixin.py:190} INFO - [2025-06-27T08:02:16.217+0000] {dagbag.py:588} INFO - Filling up the DagBag from /home/airflow/.local/lib/python3.12/site-packages/airflow/example_dags/example_branch_operator.py
[2025-06-27T08:02:16.264+0000] {processor.py:925} INFO - DAG(s) 'example_branch_operator' retrieved from /home/airflow/.local/lib/python3.12/site-packages/airflow/example_dags/example_branch_operator.py
[2025-06-27T08:02:16.373+0000] {logging_mixin.py:190} INFO - [2025-06-27T08:02:16.373+0000] {dag.py:3239} INFO - Sync 1 DAGs
[2025-06-27T08:02:16.461+0000] {logging_mixin.py:190} INFO - [2025-06-27T08:02:16.460+0000] {dag.py:4180} INFO - Setting next_dagrun for example_branch_operator to 2025-06-26 00:00:00+00:00, run_after=2025-06-27 00:00:00+00:00
[2025-06-27T08:02:16.515+0000] {processor.py:208} INFO - Processing /home/airflow/.local/lib/python3.12/site-packages/airflow/example_dags/example_branch_operator.py took 0.326 seconds
[2025-06-27T08:02:46.966+0000] {processor.py:186} INFO - Started process (PID=408) to work on /home/airflow/.local/lib/python3.12/site-packages/airflow/example_dags/example_branch_operator.py
[2025-06-27T08:02:46.968+0000] {processor.py:914} INFO - Processing file /home/airflow/.local/lib/python3.12/site-packages/airflow/example_dags/example_branch_operator.py for tasks to queue
[2025-06-27T08:02:46.972+0000] {logging_mixin.py:190} INFO - [2025-06-27T08:02:46.972+0000] {dagbag.py:588} INFO - Filling up the DagBag from /home/airflow/.local/lib/python3.12/site-packages/airflow/example_dags/example_branch_operator.py
[2025-06-27T08:02:46.997+0000] {processor.py:925} INFO - DAG(s) 'example_branch_operator' retrieved from /home/airflow/.local/lib/python3.12/site-packages/airflow/example_dags/example_branch_operator.py
[2025-06-27T08:02:47.040+0000] {logging_mixin.py:190} INFO - [2025-06-27T08:02:47.040+0000] {dag.py:3239} INFO - Sync 1 DAGs
[2025-06-27T08:02:47.082+0000] {logging_mixin.py:190} INFO - [2025-06-27T08:02:47.081+0000] {dag.py:4180} INFO - Setting next_dagrun for example_branch_operator to 2025-06-26 00:00:00+00:00, run_after=2025-06-27 00:00:00+00:00
[2025-06-27T08:02:47.116+0000] {processor.py:208} INFO - Processing /home/airflow/.local/lib/python3.12/site-packages/airflow/example_dags/example_branch_operator.py took 0.158 seconds
[2025-06-27T08:03:17.518+0000] {processor.py:186} INFO - Started process (PID=471) to work on /home/airflow/.local/lib/python3.12/site-packages/airflow/example_dags/example_branch_operator.py
[2025-06-27T08:03:17.523+0000] {processor.py:914} INFO - Processing file /home/airflow/.local/lib/python3.12/site-packages/airflow/example_dags/example_branch_operator.py for tasks to queue
[2025-06-27T08:03:17.532+0000] {logging_mixin.py:190} INFO - [2025-06-27T08:03:17.531+0000] {dagbag.py:588} INFO - Filling up the DagBag from /home/airflow/.local/lib/python3.12/site-packages/airflow/example_dags/example_branch_operator.py
[2025-06-27T08:03:17.614+0000] {processor.py:925} INFO - DAG(s) 'example_branch_operator' retrieved from /home/airflow/.local/lib/python3.12/site-packages/airflow/example_dags/example_branch_operator.py
[2025-06-27T08:03:17.724+0000] {logging_mixin.py:190} INFO - [2025-06-27T08:03:17.724+0000] {dag.py:3239} INFO - Sync 1 DAGs
[2025-06-27T08:03:17.800+0000] {logging_mixin.py:190} INFO - [2025-06-27T08:03:17.799+0000] {dag.py:4180} INFO - Setting next_dagrun for example_branch_operator to 2025-06-26 00:00:00+00:00, run_after=2025-06-27 00:00:00+00:00
[2025-06-27T08:03:17.849+0000] {processor.py:208} INFO - Processing /home/airflow/.local/lib/python3.12/site-packages/airflow/example_dags/example_branch_operator.py took 0.360 seconds
[2025-06-27T08:03:47.963+0000] {processor.py:186} INFO - Started process (PID=534) to work on /home/airflow/.local/lib/python3.12/site-packages/airflow/example_dags/example_branch_operator.py
[2025-06-27T08:03:47.965+0000] {processor.py:914} INFO - Processing file /home/airflow/.local/lib/python3.12/site-packages/airflow/example_dags/example_branch_operator.py for tasks to queue
[2025-06-27T08:03:47.970+0000] {logging_mixin.py:190} INFO - [2025-06-27T08:03:47.969+0000] {dagbag.py:588} INFO - Filling up the DagBag from /home/airflow/.local/lib/python3.12/site-packages/airflow/example_dags/example_branch_operator.py
[2025-06-27T08:03:48.002+0000] {processor.py:925} INFO - DAG(s) 'example_branch_operator' retrieved from /home/airflow/.local/lib/python3.12/site-packages/airflow/example_dags/example_branch_operator.py
[2025-06-27T08:03:48.050+0000] {logging_mixin.py:190} INFO - [2025-06-27T08:03:48.049+0000] {dag.py:3239} INFO - Sync 1 DAGs
[2025-06-27T08:03:48.091+0000] {logging_mixin.py:190} INFO - [2025-06-27T08:03:48.090+0000] {dag.py:4180} INFO - Setting next_dagrun for example_branch_operator to 2025-06-26 00:00:00+00:00, run_after=2025-06-27 00:00:00+00:00
[2025-06-27T08:03:48.121+0000] {processor.py:208} INFO - Processing /home/airflow/.local/lib/python3.12/site-packages/airflow/example_dags/example_branch_operator.py took 0.168 seconds
[2025-06-27T08:04:18.907+0000] {processor.py:186} INFO - Started process (PID=597) to work on /home/airflow/.local/lib/python3.12/site-packages/airflow/example_dags/example_branch_operator.py
[2025-06-27T08:04:18.909+0000] {processor.py:914} INFO - Processing file /home/airflow/.local/lib/python3.12/site-packages/airflow/example_dags/example_branch_operator.py for tasks to queue
[2025-06-27T08:04:18.915+0000] {logging_mixin.py:190} INFO - [2025-06-27T08:04:18.914+0000] {dagbag.py:588} INFO - Filling up the DagBag from /home/airflow/.local/lib/python3.12/site-packages/airflow/example_dags/example_branch_operator.py
[2025-06-27T08:04:18.961+0000] {processor.py:925} INFO - DAG(s) 'example_branch_operator' retrieved from /home/airflow/.local/lib/python3.12/site-packages/airflow/example_dags/example_branch_operator.py
[2025-06-27T08:04:19.044+0000] {logging_mixin.py:190} INFO - [2025-06-27T08:04:19.043+0000] {dag.py:3239} INFO - Sync 1 DAGs
[2025-06-27T08:04:19.116+0000] {logging_mixin.py:190} INFO - [2025-06-27T08:04:19.115+0000] {dag.py:4180} INFO - Setting next_dagrun for example_branch_operator to 2025-06-26 00:00:00+00:00, run_after=2025-06-27 00:00:00+00:00
[2025-06-27T08:04:19.162+0000] {processor.py:208} INFO - Processing /home/airflow/.local/lib/python3.12/site-packages/airflow/example_dags/example_branch_operator.py took 0.269 seconds
[2025-06-27T08:04:50.208+0000] {processor.py:186} INFO - Started process (PID=660) to work on /home/airflow/.local/lib/python3.12/site-packages/airflow/example_dags/example_branch_operator.py
[2025-06-27T08:04:50.211+0000] {processor.py:914} INFO - Processing file /home/airflow/.local/lib/python3.12/site-packages/airflow/example_dags/example_branch_operator.py for tasks to queue
[2025-06-27T08:04:50.223+0000] {logging_mixin.py:190} INFO - [2025-06-27T08:04:50.222+0000] {dagbag.py:588} INFO - Filling up the DagBag from /home/airflow/.local/lib/python3.12/site-packages/airflow/example_dags/example_branch_operator.py
[2025-06-27T08:04:50.305+0000] {processor.py:925} INFO - DAG(s) 'example_branch_operator' retrieved from /home/airflow/.local/lib/python3.12/site-packages/airflow/example_dags/example_branch_operator.py
[2025-06-27T08:04:50.434+0000] {logging_mixin.py:190} INFO - [2025-06-27T08:04:50.433+0000] {dag.py:3239} INFO - Sync 1 DAGs
[2025-06-27T08:04:50.561+0000] {logging_mixin.py:190} INFO - [2025-06-27T08:04:50.561+0000] {dag.py:4180} INFO - Setting next_dagrun for example_branch_operator to 2025-06-26 00:00:00+00:00, run_after=2025-06-27 00:00:00+00:00
[2025-06-27T08:04:50.669+0000] {processor.py:208} INFO - Processing /home/airflow/.local/lib/python3.12/site-packages/airflow/example_dags/example_branch_operator.py took 0.479 seconds
[2025-06-27T08:05:26.277+0000] {processor.py:186} INFO - Started process (PID=709) to work on /home/airflow/.local/lib/python3.12/site-packages/airflow/example_dags/example_branch_operator.py
[2025-06-27T08:05:26.280+0000] {processor.py:914} INFO - Processing file /home/airflow/.local/lib/python3.12/site-packages/airflow/example_dags/example_branch_operator.py for tasks to queue
[2025-06-27T08:05:26.289+0000] {logging_mixin.py:190} INFO - [2025-06-27T08:05:26.287+0000] {dagbag.py:588} INFO - Filling up the DagBag from /home/airflow/.local/lib/python3.12/site-packages/airflow/example_dags/example_branch_operator.py
[2025-06-27T08:05:26.395+0000] {processor.py:925} INFO - DAG(s) 'example_branch_operator' retrieved from /home/airflow/.local/lib/python3.12/site-packages/airflow/example_dags/example_branch_operator.py
[2025-06-27T08:05:26.512+0000] {logging_mixin.py:190} INFO - [2025-06-27T08:05:26.511+0000] {dag.py:3239} INFO - Sync 1 DAGs
[2025-06-27T08:05:26.675+0000] {logging_mixin.py:190} INFO - [2025-06-27T08:05:26.674+0000] {dag.py:4180} INFO - Setting next_dagrun for example_branch_operator to 2025-06-26 00:00:00+00:00, run_after=2025-06-27 00:00:00+00:00
[2025-06-27T08:05:26.800+0000] {processor.py:208} INFO - Processing /home/airflow/.local/lib/python3.12/site-packages/airflow/example_dags/example_branch_operator.py took 0.543 seconds
[2025-06-27T08:06:03.216+0000] {processor.py:186} INFO - Started process (PID=778) to work on /home/airflow/.local/lib/python3.12/site-packages/airflow/example_dags/example_branch_operator.py
[2025-06-27T08:06:03.219+0000] {processor.py:914} INFO - Processing file /home/airflow/.local/lib/python3.12/site-packages/airflow/example_dags/example_branch_operator.py for tasks to queue
[2025-06-27T08:06:03.226+0000] {logging_mixin.py:190} INFO - [2025-06-27T08:06:03.225+0000] {dagbag.py:588} INFO - Filling up the DagBag from /home/airflow/.local/lib/python3.12/site-packages/airflow/example_dags/example_branch_operator.py
[2025-06-27T08:06:03.295+0000] {processor.py:925} INFO - DAG(s) 'example_branch_operator' retrieved from /home/airflow/.local/lib/python3.12/site-packages/airflow/example_dags/example_branch_operator.py
[2025-06-27T08:06:03.431+0000] {logging_mixin.py:190} INFO - [2025-06-27T08:06:03.429+0000] {dag.py:3239} INFO - Sync 1 DAGs
[2025-06-27T08:06:03.645+0000] {logging_mixin.py:190} INFO - [2025-06-27T08:06:03.644+0000] {dag.py:4180} INFO - Setting next_dagrun for example_branch_operator to 2025-06-26 00:00:00+00:00, run_after=2025-06-27 00:00:00+00:00
[2025-06-27T08:06:03.779+0000] {processor.py:208} INFO - Processing /home/airflow/.local/lib/python3.12/site-packages/airflow/example_dags/example_branch_operator.py took 0.582 seconds
