[2025-06-27T07:37:02.745+0000] {processor.py:186} INFO - Started process (PID=157) to work on /home/airflow/.local/lib/python3.12/site-packages/airflow/example_dags/example_dataset_alias.py
[2025-06-27T07:37:02.757+0000] {processor.py:914} INFO - Processing file /home/airflow/.local/lib/python3.12/site-packages/airflow/example_dags/example_dataset_alias.py for tasks to queue
[2025-06-27T07:37:02.785+0000] {logging_mixin.py:190} INFO - [2025-06-27T07:37:02.783+0000] {dagbag.py:588} INFO - Filling up the DagBag from /home/airflow/.local/lib/python3.12/site-packages/airflow/example_dags/example_dataset_alias.py
[2025-06-27T07:37:04.137+0000] {processor.py:925} INFO - DAG(s) 'dataset_s3_bucket_consumer', 'dataset_alias_example_alias_consumer', 'dataset_alias_example_alias_producer', 'dataset_s3_bucket_producer' retrieved from /home/airflow/.local/lib/python3.12/site-packages/airflow/example_dags/example_dataset_alias.py
[2025-06-27T07:37:04.916+0000] {logging_mixin.py:190} INFO - [2025-06-27T07:37:04.913+0000] {override.py:1900} INFO - Created Permission View: can read on DAG:dataset_s3_bucket_consumer
[2025-06-27T07:37:04.983+0000] {logging_mixin.py:190} INFO - [2025-06-27T07:37:04.982+0000] {override.py:1900} INFO - Created Permission View: can edit on DAG:dataset_s3_bucket_consumer
[2025-06-27T07:37:05.035+0000] {logging_mixin.py:190} INFO - [2025-06-27T07:37:05.034+0000] {override.py:1900} INFO - Created Permission View: can delete on DAG:dataset_s3_bucket_consumer
[2025-06-27T07:37:05.080+0000] {logging_mixin.py:190} INFO - [2025-06-27T07:37:05.078+0000] {override.py:1900} INFO - Created Permission View: can read on DAG Run:dataset_s3_bucket_consumer
[2025-06-27T07:37:05.143+0000] {logging_mixin.py:190} INFO - [2025-06-27T07:37:05.142+0000] {override.py:1900} INFO - Created Permission View: can create on DAG Run:dataset_s3_bucket_consumer
[2025-06-27T07:37:05.197+0000] {logging_mixin.py:190} INFO - [2025-06-27T07:37:05.195+0000] {override.py:1900} INFO - Created Permission View: can delete on DAG Run:dataset_s3_bucket_consumer
[2025-06-27T07:37:05.255+0000] {logging_mixin.py:190} INFO - [2025-06-27T07:37:05.254+0000] {override.py:1900} INFO - Created Permission View: menu access on DAG Run:dataset_s3_bucket_consumer
[2025-06-27T07:37:05.320+0000] {logging_mixin.py:190} INFO - [2025-06-27T07:37:05.319+0000] {override.py:1900} INFO - Created Permission View: can read on DAG:dataset_alias_example_alias_consumer
[2025-06-27T07:37:05.352+0000] {logging_mixin.py:190} INFO - [2025-06-27T07:37:05.351+0000] {override.py:1900} INFO - Created Permission View: can edit on DAG:dataset_alias_example_alias_consumer
[2025-06-27T07:37:05.387+0000] {logging_mixin.py:190} INFO - [2025-06-27T07:37:05.387+0000] {override.py:1900} INFO - Created Permission View: can delete on DAG:dataset_alias_example_alias_consumer
[2025-06-27T07:37:05.433+0000] {logging_mixin.py:190} INFO - [2025-06-27T07:37:05.432+0000] {override.py:1900} INFO - Created Permission View: can read on DAG Run:dataset_alias_example_alias_consumer
[2025-06-27T07:37:05.473+0000] {logging_mixin.py:190} INFO - [2025-06-27T07:37:05.469+0000] {override.py:1900} INFO - Created Permission View: can create on DAG Run:dataset_alias_example_alias_consumer
[2025-06-27T07:37:05.511+0000] {logging_mixin.py:190} INFO - [2025-06-27T07:37:05.510+0000] {override.py:1900} INFO - Created Permission View: can delete on DAG Run:dataset_alias_example_alias_consumer
[2025-06-27T07:37:05.557+0000] {logging_mixin.py:190} INFO - [2025-06-27T07:37:05.556+0000] {override.py:1900} INFO - Created Permission View: menu access on DAG Run:dataset_alias_example_alias_consumer
[2025-06-27T07:37:05.621+0000] {logging_mixin.py:190} INFO - [2025-06-27T07:37:05.619+0000] {override.py:1900} INFO - Created Permission View: can read on DAG:dataset_alias_example_alias_producer
[2025-06-27T07:37:05.647+0000] {logging_mixin.py:190} INFO - [2025-06-27T07:37:05.646+0000] {override.py:1900} INFO - Created Permission View: can edit on DAG:dataset_alias_example_alias_producer
[2025-06-27T07:37:05.673+0000] {logging_mixin.py:190} INFO - [2025-06-27T07:37:05.672+0000] {override.py:1900} INFO - Created Permission View: can delete on DAG:dataset_alias_example_alias_producer
[2025-06-27T07:37:05.702+0000] {logging_mixin.py:190} INFO - [2025-06-27T07:37:05.701+0000] {override.py:1900} INFO - Created Permission View: can read on DAG Run:dataset_alias_example_alias_producer
[2025-06-27T07:37:05.737+0000] {logging_mixin.py:190} INFO - [2025-06-27T07:37:05.736+0000] {override.py:1900} INFO - Created Permission View: can create on DAG Run:dataset_alias_example_alias_producer
[2025-06-27T07:37:05.767+0000] {logging_mixin.py:190} INFO - [2025-06-27T07:37:05.766+0000] {override.py:1900} INFO - Created Permission View: can delete on DAG Run:dataset_alias_example_alias_producer
[2025-06-27T07:37:05.794+0000] {logging_mixin.py:190} INFO - [2025-06-27T07:37:05.793+0000] {override.py:1900} INFO - Created Permission View: menu access on DAG Run:dataset_alias_example_alias_producer
[2025-06-27T07:37:05.849+0000] {logging_mixin.py:190} INFO - [2025-06-27T07:37:05.848+0000] {override.py:1900} INFO - Created Permission View: can read on DAG:dataset_s3_bucket_producer
[2025-06-27T07:37:05.883+0000] {logging_mixin.py:190} INFO - [2025-06-27T07:37:05.881+0000] {override.py:1900} INFO - Created Permission View: can edit on DAG:dataset_s3_bucket_producer
[2025-06-27T07:37:05.911+0000] {logging_mixin.py:190} INFO - [2025-06-27T07:37:05.911+0000] {override.py:1900} INFO - Created Permission View: can delete on DAG:dataset_s3_bucket_producer
[2025-06-27T07:37:05.949+0000] {logging_mixin.py:190} INFO - [2025-06-27T07:37:05.947+0000] {override.py:1900} INFO - Created Permission View: can read on DAG Run:dataset_s3_bucket_producer
[2025-06-27T07:37:05.976+0000] {logging_mixin.py:190} INFO - [2025-06-27T07:37:05.975+0000] {override.py:1900} INFO - Created Permission View: can create on DAG Run:dataset_s3_bucket_producer
[2025-06-27T07:37:06.002+0000] {logging_mixin.py:190} INFO - [2025-06-27T07:37:06.001+0000] {override.py:1900} INFO - Created Permission View: can delete on DAG Run:dataset_s3_bucket_producer
[2025-06-27T07:37:06.023+0000] {logging_mixin.py:190} INFO - [2025-06-27T07:37:06.022+0000] {override.py:1900} INFO - Created Permission View: menu access on DAG Run:dataset_s3_bucket_producer
[2025-06-27T07:37:06.024+0000] {logging_mixin.py:190} INFO - [2025-06-27T07:37:06.024+0000] {dag.py:3239} INFO - Sync 4 DAGs
[2025-06-27T07:37:06.062+0000] {logging_mixin.py:190} INFO - [2025-06-27T07:37:06.062+0000] {dag.py:3262} INFO - Creating ORM DAG for dataset_s3_bucket_consumer
[2025-06-27T07:37:06.064+0000] {logging_mixin.py:190} INFO - [2025-06-27T07:37:06.064+0000] {dag.py:3262} INFO - Creating ORM DAG for dataset_alias_example_alias_consumer
[2025-06-27T07:37:06.066+0000] {logging_mixin.py:190} INFO - [2025-06-27T07:37:06.066+0000] {dag.py:3262} INFO - Creating ORM DAG for dataset_alias_example_alias_producer
[2025-06-27T07:37:06.069+0000] {logging_mixin.py:190} INFO - [2025-06-27T07:37:06.068+0000] {dag.py:3262} INFO - Creating ORM DAG for dataset_s3_bucket_producer
[2025-06-27T07:37:06.093+0000] {logging_mixin.py:190} INFO - [2025-06-27T07:37:06.093+0000] {dag.py:4180} INFO - Setting next_dagrun for dataset_alias_example_alias_consumer to None, run_after=None
[2025-06-27T07:37:06.095+0000] {logging_mixin.py:190} INFO - [2025-06-27T07:37:06.095+0000] {dag.py:4180} INFO - Setting next_dagrun for dataset_alias_example_alias_producer to None, run_after=None
[2025-06-27T07:37:06.097+0000] {logging_mixin.py:190} INFO - [2025-06-27T07:37:06.097+0000] {dag.py:4180} INFO - Setting next_dagrun for dataset_s3_bucket_consumer to None, run_after=None
[2025-06-27T07:37:06.099+0000] {logging_mixin.py:190} INFO - [2025-06-27T07:37:06.099+0000] {dag.py:4180} INFO - Setting next_dagrun for dataset_s3_bucket_producer to None, run_after=None
[2025-06-27T07:37:06.191+0000] {processor.py:208} INFO - Processing /home/airflow/.local/lib/python3.12/site-packages/airflow/example_dags/example_dataset_alias.py took 3.506 seconds
[2025-06-27T07:37:38.217+0000] {processor.py:186} INFO - Started process (PID=220) to work on /home/airflow/.local/lib/python3.12/site-packages/airflow/example_dags/example_dataset_alias.py
[2025-06-27T07:37:38.222+0000] {processor.py:914} INFO - Processing file /home/airflow/.local/lib/python3.12/site-packages/airflow/example_dags/example_dataset_alias.py for tasks to queue
[2025-06-27T07:37:38.230+0000] {logging_mixin.py:190} INFO - [2025-06-27T07:37:38.229+0000] {dagbag.py:588} INFO - Filling up the DagBag from /home/airflow/.local/lib/python3.12/site-packages/airflow/example_dags/example_dataset_alias.py
[2025-06-27T07:37:38.933+0000] {processor.py:925} INFO - DAG(s) 'dataset_alias_example_alias_producer', 'dataset_alias_example_alias_consumer', 'dataset_s3_bucket_consumer', 'dataset_s3_bucket_producer' retrieved from /home/airflow/.local/lib/python3.12/site-packages/airflow/example_dags/example_dataset_alias.py
[2025-06-27T07:37:39.030+0000] {logging_mixin.py:190} INFO - [2025-06-27T07:37:39.029+0000] {dag.py:3239} INFO - Sync 4 DAGs
[2025-06-27T07:37:39.136+0000] {logging_mixin.py:190} INFO - [2025-06-27T07:37:39.135+0000] {dag.py:4180} INFO - Setting next_dagrun for dataset_alias_example_alias_consumer to None, run_after=None
[2025-06-27T07:37:39.148+0000] {logging_mixin.py:190} INFO - [2025-06-27T07:37:39.147+0000] {dag.py:4180} INFO - Setting next_dagrun for dataset_alias_example_alias_producer to None, run_after=None
[2025-06-27T07:37:39.154+0000] {logging_mixin.py:190} INFO - [2025-06-27T07:37:39.153+0000] {dag.py:4180} INFO - Setting next_dagrun for dataset_s3_bucket_consumer to None, run_after=None
[2025-06-27T07:37:39.160+0000] {logging_mixin.py:190} INFO - [2025-06-27T07:37:39.159+0000] {dag.py:4180} INFO - Setting next_dagrun for dataset_s3_bucket_producer to None, run_after=None
[2025-06-27T07:37:39.255+0000] {processor.py:208} INFO - Processing /home/airflow/.local/lib/python3.12/site-packages/airflow/example_dags/example_dataset_alias.py took 1.062 seconds
[2025-06-27T07:38:23.546+0000] {processor.py:186} INFO - Started process (PID=283) to work on /home/airflow/.local/lib/python3.12/site-packages/airflow/example_dags/example_dataset_alias.py
[2025-06-27T07:38:23.558+0000] {processor.py:914} INFO - Processing file /home/airflow/.local/lib/python3.12/site-packages/airflow/example_dags/example_dataset_alias.py for tasks to queue
[2025-06-27T07:38:23.580+0000] {logging_mixin.py:190} INFO - [2025-06-27T07:38:23.578+0000] {dagbag.py:588} INFO - Filling up the DagBag from /home/airflow/.local/lib/python3.12/site-packages/airflow/example_dags/example_dataset_alias.py
[2025-06-27T07:38:24.516+0000] {processor.py:925} INFO - DAG(s) 'dataset_alias_example_alias_consumer', 'dataset_s3_bucket_producer', 'dataset_alias_example_alias_producer', 'dataset_s3_bucket_consumer' retrieved from /home/airflow/.local/lib/python3.12/site-packages/airflow/example_dags/example_dataset_alias.py
[2025-06-27T07:38:24.656+0000] {logging_mixin.py:190} INFO - [2025-06-27T07:38:24.655+0000] {dag.py:3239} INFO - Sync 4 DAGs
[2025-06-27T07:38:24.889+0000] {logging_mixin.py:190} INFO - [2025-06-27T07:38:24.888+0000] {dag.py:4180} INFO - Setting next_dagrun for dataset_alias_example_alias_consumer to None, run_after=None
[2025-06-27T07:38:24.903+0000] {logging_mixin.py:190} INFO - [2025-06-27T07:38:24.901+0000] {dag.py:4180} INFO - Setting next_dagrun for dataset_alias_example_alias_producer to None, run_after=None
[2025-06-27T07:38:24.910+0000] {logging_mixin.py:190} INFO - [2025-06-27T07:38:24.910+0000] {dag.py:4180} INFO - Setting next_dagrun for dataset_s3_bucket_consumer to None, run_after=None
[2025-06-27T07:38:24.916+0000] {logging_mixin.py:190} INFO - [2025-06-27T07:38:24.916+0000] {dag.py:4180} INFO - Setting next_dagrun for dataset_s3_bucket_producer to None, run_after=None
[2025-06-27T07:38:25.038+0000] {processor.py:208} INFO - Processing /home/airflow/.local/lib/python3.12/site-packages/airflow/example_dags/example_dataset_alias.py took 1.548 seconds
[2025-06-27T07:38:55.562+0000] {processor.py:186} INFO - Started process (PID=346) to work on /home/airflow/.local/lib/python3.12/site-packages/airflow/example_dags/example_dataset_alias.py
[2025-06-27T07:38:55.566+0000] {processor.py:914} INFO - Processing file /home/airflow/.local/lib/python3.12/site-packages/airflow/example_dags/example_dataset_alias.py for tasks to queue
[2025-06-27T07:38:55.574+0000] {logging_mixin.py:190} INFO - [2025-06-27T07:38:55.573+0000] {dagbag.py:588} INFO - Filling up the DagBag from /home/airflow/.local/lib/python3.12/site-packages/airflow/example_dags/example_dataset_alias.py
[2025-06-27T07:38:56.056+0000] {processor.py:925} INFO - DAG(s) 'dataset_alias_example_alias_consumer', 'dataset_s3_bucket_producer', 'dataset_alias_example_alias_producer', 'dataset_s3_bucket_consumer' retrieved from /home/airflow/.local/lib/python3.12/site-packages/airflow/example_dags/example_dataset_alias.py
[2025-06-27T07:38:56.108+0000] {logging_mixin.py:190} INFO - [2025-06-27T07:38:56.108+0000] {dag.py:3239} INFO - Sync 4 DAGs
[2025-06-27T07:38:56.181+0000] {logging_mixin.py:190} INFO - [2025-06-27T07:38:56.180+0000] {dag.py:4180} INFO - Setting next_dagrun for dataset_alias_example_alias_consumer to None, run_after=None
[2025-06-27T07:38:56.190+0000] {logging_mixin.py:190} INFO - [2025-06-27T07:38:56.190+0000] {dag.py:4180} INFO - Setting next_dagrun for dataset_alias_example_alias_producer to None, run_after=None
[2025-06-27T07:38:56.195+0000] {logging_mixin.py:190} INFO - [2025-06-27T07:38:56.194+0000] {dag.py:4180} INFO - Setting next_dagrun for dataset_s3_bucket_consumer to None, run_after=None
[2025-06-27T07:38:56.200+0000] {logging_mixin.py:190} INFO - [2025-06-27T07:38:56.199+0000] {dag.py:4180} INFO - Setting next_dagrun for dataset_s3_bucket_producer to None, run_after=None
[2025-06-27T07:38:56.309+0000] {processor.py:208} INFO - Processing /home/airflow/.local/lib/python3.12/site-packages/airflow/example_dags/example_dataset_alias.py took 0.768 seconds
[2025-06-27T07:39:44.067+0000] {processor.py:186} INFO - Started process (PID=413) to work on /home/airflow/.local/lib/python3.12/site-packages/airflow/example_dags/example_dataset_alias.py
[2025-06-27T07:39:44.071+0000] {processor.py:914} INFO - Processing file /home/airflow/.local/lib/python3.12/site-packages/airflow/example_dags/example_dataset_alias.py for tasks to queue
[2025-06-27T07:39:44.084+0000] {logging_mixin.py:190} INFO - [2025-06-27T07:39:44.083+0000] {dagbag.py:588} INFO - Filling up the DagBag from /home/airflow/.local/lib/python3.12/site-packages/airflow/example_dags/example_dataset_alias.py
[2025-06-27T07:39:45.115+0000] {processor.py:925} INFO - DAG(s) 'dataset_alias_example_alias_consumer', 'dataset_s3_bucket_consumer', 'dataset_s3_bucket_producer', 'dataset_alias_example_alias_producer' retrieved from /home/airflow/.local/lib/python3.12/site-packages/airflow/example_dags/example_dataset_alias.py
[2025-06-27T07:39:45.306+0000] {logging_mixin.py:190} INFO - [2025-06-27T07:39:45.305+0000] {dag.py:3239} INFO - Sync 4 DAGs
[2025-06-27T07:39:45.437+0000] {logging_mixin.py:190} INFO - [2025-06-27T07:39:45.436+0000] {dag.py:4180} INFO - Setting next_dagrun for dataset_alias_example_alias_consumer to None, run_after=None
[2025-06-27T07:39:45.454+0000] {logging_mixin.py:190} INFO - [2025-06-27T07:39:45.453+0000] {dag.py:4180} INFO - Setting next_dagrun for dataset_alias_example_alias_producer to None, run_after=None
[2025-06-27T07:39:45.467+0000] {logging_mixin.py:190} INFO - [2025-06-27T07:39:45.466+0000] {dag.py:4180} INFO - Setting next_dagrun for dataset_s3_bucket_consumer to None, run_after=None
[2025-06-27T07:39:45.478+0000] {logging_mixin.py:190} INFO - [2025-06-27T07:39:45.478+0000] {dag.py:4180} INFO - Setting next_dagrun for dataset_s3_bucket_producer to None, run_after=None
[2025-06-27T07:39:45.623+0000] {processor.py:208} INFO - Processing /home/airflow/.local/lib/python3.12/site-packages/airflow/example_dags/example_dataset_alias.py took 1.587 seconds
[2025-06-27T07:40:16.574+0000] {processor.py:186} INFO - Started process (PID=476) to work on /home/airflow/.local/lib/python3.12/site-packages/airflow/example_dags/example_dataset_alias.py
[2025-06-27T07:40:16.578+0000] {processor.py:914} INFO - Processing file /home/airflow/.local/lib/python3.12/site-packages/airflow/example_dags/example_dataset_alias.py for tasks to queue
[2025-06-27T07:40:16.599+0000] {logging_mixin.py:190} INFO - [2025-06-27T07:40:16.597+0000] {dagbag.py:588} INFO - Filling up the DagBag from /home/airflow/.local/lib/python3.12/site-packages/airflow/example_dags/example_dataset_alias.py
[2025-06-27T07:40:17.709+0000] {processor.py:925} INFO - DAG(s) 'dataset_alias_example_alias_consumer', 'dataset_s3_bucket_producer', 'dataset_alias_example_alias_producer', 'dataset_s3_bucket_consumer' retrieved from /home/airflow/.local/lib/python3.12/site-packages/airflow/example_dags/example_dataset_alias.py
[2025-06-27T07:40:17.885+0000] {logging_mixin.py:190} INFO - [2025-06-27T07:40:17.884+0000] {dag.py:3239} INFO - Sync 4 DAGs
[2025-06-27T07:40:18.054+0000] {logging_mixin.py:190} INFO - [2025-06-27T07:40:18.053+0000] {dag.py:4180} INFO - Setting next_dagrun for dataset_alias_example_alias_consumer to None, run_after=None
[2025-06-27T07:40:18.066+0000] {logging_mixin.py:190} INFO - [2025-06-27T07:40:18.065+0000] {dag.py:4180} INFO - Setting next_dagrun for dataset_alias_example_alias_producer to None, run_after=None
[2025-06-27T07:40:18.073+0000] {logging_mixin.py:190} INFO - [2025-06-27T07:40:18.072+0000] {dag.py:4180} INFO - Setting next_dagrun for dataset_s3_bucket_consumer to None, run_after=None
[2025-06-27T07:40:18.079+0000] {logging_mixin.py:190} INFO - [2025-06-27T07:40:18.079+0000] {dag.py:4180} INFO - Setting next_dagrun for dataset_s3_bucket_producer to None, run_after=None
[2025-06-27T07:40:18.208+0000] {processor.py:208} INFO - Processing /home/airflow/.local/lib/python3.12/site-packages/airflow/example_dags/example_dataset_alias.py took 1.672 seconds
[2025-06-27T07:40:48.909+0000] {processor.py:186} INFO - Started process (PID=542) to work on /home/airflow/.local/lib/python3.12/site-packages/airflow/example_dags/example_dataset_alias.py
[2025-06-27T07:40:48.914+0000] {processor.py:914} INFO - Processing file /home/airflow/.local/lib/python3.12/site-packages/airflow/example_dags/example_dataset_alias.py for tasks to queue
[2025-06-27T07:40:48.935+0000] {logging_mixin.py:190} INFO - [2025-06-27T07:40:48.933+0000] {dagbag.py:588} INFO - Filling up the DagBag from /home/airflow/.local/lib/python3.12/site-packages/airflow/example_dags/example_dataset_alias.py
[2025-06-27T07:40:49.936+0000] {processor.py:925} INFO - DAG(s) 'dataset_alias_example_alias_consumer', 'dataset_s3_bucket_consumer', 'dataset_s3_bucket_producer', 'dataset_alias_example_alias_producer' retrieved from /home/airflow/.local/lib/python3.12/site-packages/airflow/example_dags/example_dataset_alias.py
[2025-06-27T07:40:50.077+0000] {logging_mixin.py:190} INFO - [2025-06-27T07:40:50.076+0000] {dag.py:3239} INFO - Sync 4 DAGs
[2025-06-27T07:40:50.275+0000] {logging_mixin.py:190} INFO - [2025-06-27T07:40:50.274+0000] {dag.py:4180} INFO - Setting next_dagrun for dataset_alias_example_alias_consumer to None, run_after=None
[2025-06-27T07:40:50.306+0000] {logging_mixin.py:190} INFO - [2025-06-27T07:40:50.306+0000] {dag.py:4180} INFO - Setting next_dagrun for dataset_alias_example_alias_producer to None, run_after=None
[2025-06-27T07:40:50.324+0000] {logging_mixin.py:190} INFO - [2025-06-27T07:40:50.323+0000] {dag.py:4180} INFO - Setting next_dagrun for dataset_s3_bucket_consumer to None, run_after=None
[2025-06-27T07:40:50.338+0000] {logging_mixin.py:190} INFO - [2025-06-27T07:40:50.337+0000] {dag.py:4180} INFO - Setting next_dagrun for dataset_s3_bucket_producer to None, run_after=None
[2025-06-27T07:40:50.522+0000] {processor.py:208} INFO - Processing /home/airflow/.local/lib/python3.12/site-packages/airflow/example_dags/example_dataset_alias.py took 1.654 seconds
[2025-06-27T07:41:21.157+0000] {processor.py:186} INFO - Started process (PID=605) to work on /home/airflow/.local/lib/python3.12/site-packages/airflow/example_dags/example_dataset_alias.py
[2025-06-27T07:41:21.166+0000] {processor.py:914} INFO - Processing file /home/airflow/.local/lib/python3.12/site-packages/airflow/example_dags/example_dataset_alias.py for tasks to queue
[2025-06-27T07:41:21.177+0000] {logging_mixin.py:190} INFO - [2025-06-27T07:41:21.176+0000] {dagbag.py:588} INFO - Filling up the DagBag from /home/airflow/.local/lib/python3.12/site-packages/airflow/example_dags/example_dataset_alias.py
[2025-06-27T07:41:23.659+0000] {processor.py:925} INFO - DAG(s) 'dataset_s3_bucket_consumer', 'dataset_s3_bucket_producer', 'dataset_alias_example_alias_producer', 'dataset_alias_example_alias_consumer' retrieved from /home/airflow/.local/lib/python3.12/site-packages/airflow/example_dags/example_dataset_alias.py
[2025-06-27T07:41:23.865+0000] {logging_mixin.py:190} INFO - [2025-06-27T07:41:23.863+0000] {dag.py:3239} INFO - Sync 4 DAGs
[2025-06-27T07:41:24.525+0000] {logging_mixin.py:190} INFO - [2025-06-27T07:41:24.517+0000] {dag.py:4180} INFO - Setting next_dagrun for dataset_alias_example_alias_consumer to None, run_after=None
[2025-06-27T07:41:24.566+0000] {logging_mixin.py:190} INFO - [2025-06-27T07:41:24.566+0000] {dag.py:4180} INFO - Setting next_dagrun for dataset_alias_example_alias_producer to None, run_after=None
[2025-06-27T07:41:24.584+0000] {logging_mixin.py:190} INFO - [2025-06-27T07:41:24.583+0000] {dag.py:4180} INFO - Setting next_dagrun for dataset_s3_bucket_consumer to None, run_after=None
[2025-06-27T07:41:24.597+0000] {logging_mixin.py:190} INFO - [2025-06-27T07:41:24.594+0000] {dag.py:4180} INFO - Setting next_dagrun for dataset_s3_bucket_producer to None, run_after=None
[2025-06-27T07:41:25.106+0000] {processor.py:208} INFO - Processing /home/airflow/.local/lib/python3.12/site-packages/airflow/example_dags/example_dataset_alias.py took 3.977 seconds
[2025-06-27T07:42:00.560+0000] {processor.py:186} INFO - Started process (PID=668) to work on /home/airflow/.local/lib/python3.12/site-packages/airflow/example_dags/example_dataset_alias.py
[2025-06-27T07:42:00.586+0000] {processor.py:914} INFO - Processing file /home/airflow/.local/lib/python3.12/site-packages/airflow/example_dags/example_dataset_alias.py for tasks to queue
[2025-06-27T07:42:00.771+0000] {logging_mixin.py:190} INFO - [2025-06-27T07:42:00.762+0000] {dagbag.py:588} INFO - Filling up the DagBag from /home/airflow/.local/lib/python3.12/site-packages/airflow/example_dags/example_dataset_alias.py
[2025-06-27T07:42:04.648+0000] {processor.py:925} INFO - DAG(s) 'dataset_s3_bucket_producer', 'dataset_alias_example_alias_consumer', 'dataset_alias_example_alias_producer', 'dataset_s3_bucket_consumer' retrieved from /home/airflow/.local/lib/python3.12/site-packages/airflow/example_dags/example_dataset_alias.py
[2025-06-27T07:42:04.891+0000] {logging_mixin.py:190} INFO - [2025-06-27T07:42:04.889+0000] {dag.py:3239} INFO - Sync 4 DAGs
[2025-06-27T07:42:05.352+0000] {logging_mixin.py:190} INFO - [2025-06-27T07:42:05.351+0000] {dag.py:4180} INFO - Setting next_dagrun for dataset_alias_example_alias_consumer to None, run_after=None
[2025-06-27T07:42:05.436+0000] {logging_mixin.py:190} INFO - [2025-06-27T07:42:05.431+0000] {dag.py:4180} INFO - Setting next_dagrun for dataset_alias_example_alias_producer to None, run_after=None
[2025-06-27T07:42:05.497+0000] {logging_mixin.py:190} INFO - [2025-06-27T07:42:05.496+0000] {dag.py:4180} INFO - Setting next_dagrun for dataset_s3_bucket_consumer to None, run_after=None
[2025-06-27T07:42:05.516+0000] {logging_mixin.py:190} INFO - [2025-06-27T07:42:05.514+0000] {dag.py:4180} INFO - Setting next_dagrun for dataset_s3_bucket_producer to None, run_after=None
[2025-06-27T07:42:05.982+0000] {processor.py:208} INFO - Processing /home/airflow/.local/lib/python3.12/site-packages/airflow/example_dags/example_dataset_alias.py took 5.610 seconds
[2025-06-27T07:42:46.090+0000] {processor.py:186} INFO - Started process (PID=737) to work on /home/airflow/.local/lib/python3.12/site-packages/airflow/example_dags/example_dataset_alias.py
[2025-06-27T07:42:46.122+0000] {processor.py:914} INFO - Processing file /home/airflow/.local/lib/python3.12/site-packages/airflow/example_dags/example_dataset_alias.py for tasks to queue
[2025-06-27T07:42:46.155+0000] {logging_mixin.py:190} INFO - [2025-06-27T07:42:46.143+0000] {dagbag.py:588} INFO - Filling up the DagBag from /home/airflow/.local/lib/python3.12/site-packages/airflow/example_dags/example_dataset_alias.py
[2025-06-27T07:42:47.043+0000] {processor.py:925} INFO - DAG(s) 'dataset_s3_bucket_producer', 'dataset_alias_example_alias_consumer', 'dataset_s3_bucket_consumer', 'dataset_alias_example_alias_producer' retrieved from /home/airflow/.local/lib/python3.12/site-packages/airflow/example_dags/example_dataset_alias.py
[2025-06-27T07:42:47.121+0000] {logging_mixin.py:190} INFO - [2025-06-27T07:42:47.120+0000] {dag.py:3239} INFO - Sync 4 DAGs
[2025-06-27T07:42:47.218+0000] {logging_mixin.py:190} INFO - [2025-06-27T07:42:47.217+0000] {dag.py:4180} INFO - Setting next_dagrun for dataset_alias_example_alias_consumer to None, run_after=None
[2025-06-27T07:42:47.227+0000] {logging_mixin.py:190} INFO - [2025-06-27T07:42:47.226+0000] {dag.py:4180} INFO - Setting next_dagrun for dataset_alias_example_alias_producer to None, run_after=None
[2025-06-27T07:42:47.232+0000] {logging_mixin.py:190} INFO - [2025-06-27T07:42:47.231+0000] {dag.py:4180} INFO - Setting next_dagrun for dataset_s3_bucket_consumer to None, run_after=None
[2025-06-27T07:42:47.237+0000] {logging_mixin.py:190} INFO - [2025-06-27T07:42:47.237+0000] {dag.py:4180} INFO - Setting next_dagrun for dataset_s3_bucket_producer to None, run_after=None
[2025-06-27T07:42:47.348+0000] {processor.py:208} INFO - Processing /home/airflow/.local/lib/python3.12/site-packages/airflow/example_dags/example_dataset_alias.py took 1.305 seconds
[2025-06-27T07:43:23.671+0000] {processor.py:186} INFO - Started process (PID=801) to work on /home/airflow/.local/lib/python3.12/site-packages/airflow/example_dags/example_dataset_alias.py
[2025-06-27T07:43:23.696+0000] {processor.py:914} INFO - Processing file /home/airflow/.local/lib/python3.12/site-packages/airflow/example_dags/example_dataset_alias.py for tasks to queue
[2025-06-27T07:43:23.717+0000] {logging_mixin.py:190} INFO - [2025-06-27T07:43:23.716+0000] {dagbag.py:588} INFO - Filling up the DagBag from /home/airflow/.local/lib/python3.12/site-packages/airflow/example_dags/example_dataset_alias.py
[2025-06-27T07:43:25.357+0000] {processor.py:925} INFO - DAG(s) 'dataset_s3_bucket_producer', 'dataset_s3_bucket_consumer', 'dataset_alias_example_alias_consumer', 'dataset_alias_example_alias_producer' retrieved from /home/airflow/.local/lib/python3.12/site-packages/airflow/example_dags/example_dataset_alias.py
[2025-06-27T07:43:25.574+0000] {logging_mixin.py:190} INFO - [2025-06-27T07:43:25.572+0000] {dag.py:3239} INFO - Sync 4 DAGs
[2025-06-27T07:43:25.798+0000] {logging_mixin.py:190} INFO - [2025-06-27T07:43:25.795+0000] {dag.py:4180} INFO - Setting next_dagrun for dataset_alias_example_alias_consumer to None, run_after=None
[2025-06-27T07:43:25.816+0000] {logging_mixin.py:190} INFO - [2025-06-27T07:43:25.815+0000] {dag.py:4180} INFO - Setting next_dagrun for dataset_alias_example_alias_producer to None, run_after=None
[2025-06-27T07:43:25.825+0000] {logging_mixin.py:190} INFO - [2025-06-27T07:43:25.824+0000] {dag.py:4180} INFO - Setting next_dagrun for dataset_s3_bucket_consumer to None, run_after=None
[2025-06-27T07:43:25.833+0000] {logging_mixin.py:190} INFO - [2025-06-27T07:43:25.832+0000] {dag.py:4180} INFO - Setting next_dagrun for dataset_s3_bucket_producer to None, run_after=None
[2025-06-27T07:43:25.969+0000] {processor.py:208} INFO - Processing /home/airflow/.local/lib/python3.12/site-packages/airflow/example_dags/example_dataset_alias.py took 2.394 seconds
[2025-06-27T07:43:57.030+0000] {processor.py:186} INFO - Started process (PID=864) to work on /home/airflow/.local/lib/python3.12/site-packages/airflow/example_dags/example_dataset_alias.py
[2025-06-27T07:43:57.033+0000] {processor.py:914} INFO - Processing file /home/airflow/.local/lib/python3.12/site-packages/airflow/example_dags/example_dataset_alias.py for tasks to queue
[2025-06-27T07:43:57.041+0000] {logging_mixin.py:190} INFO - [2025-06-27T07:43:57.040+0000] {dagbag.py:588} INFO - Filling up the DagBag from /home/airflow/.local/lib/python3.12/site-packages/airflow/example_dags/example_dataset_alias.py
[2025-06-27T07:43:57.534+0000] {processor.py:925} INFO - DAG(s) 'dataset_s3_bucket_consumer', 'dataset_s3_bucket_producer', 'dataset_alias_example_alias_consumer', 'dataset_alias_example_alias_producer' retrieved from /home/airflow/.local/lib/python3.12/site-packages/airflow/example_dags/example_dataset_alias.py
[2025-06-27T07:43:57.603+0000] {logging_mixin.py:190} INFO - [2025-06-27T07:43:57.602+0000] {dag.py:3239} INFO - Sync 4 DAGs
[2025-06-27T07:43:57.712+0000] {logging_mixin.py:190} INFO - [2025-06-27T07:43:57.711+0000] {dag.py:4180} INFO - Setting next_dagrun for dataset_alias_example_alias_consumer to None, run_after=None
[2025-06-27T07:43:57.724+0000] {logging_mixin.py:190} INFO - [2025-06-27T07:43:57.723+0000] {dag.py:4180} INFO - Setting next_dagrun for dataset_alias_example_alias_producer to None, run_after=None
[2025-06-27T07:43:57.732+0000] {logging_mixin.py:190} INFO - [2025-06-27T07:43:57.730+0000] {dag.py:4180} INFO - Setting next_dagrun for dataset_s3_bucket_consumer to None, run_after=None
[2025-06-27T07:43:57.740+0000] {logging_mixin.py:190} INFO - [2025-06-27T07:43:57.739+0000] {dag.py:4180} INFO - Setting next_dagrun for dataset_s3_bucket_producer to None, run_after=None
[2025-06-27T07:43:57.845+0000] {processor.py:208} INFO - Processing /home/airflow/.local/lib/python3.12/site-packages/airflow/example_dags/example_dataset_alias.py took 0.832 seconds
[2025-06-27T07:44:28.656+0000] {processor.py:186} INFO - Started process (PID=929) to work on /home/airflow/.local/lib/python3.12/site-packages/airflow/example_dags/example_dataset_alias.py
[2025-06-27T07:44:28.659+0000] {processor.py:914} INFO - Processing file /home/airflow/.local/lib/python3.12/site-packages/airflow/example_dags/example_dataset_alias.py for tasks to queue
[2025-06-27T07:44:28.669+0000] {logging_mixin.py:190} INFO - [2025-06-27T07:44:28.666+0000] {dagbag.py:588} INFO - Filling up the DagBag from /home/airflow/.local/lib/python3.12/site-packages/airflow/example_dags/example_dataset_alias.py
[2025-06-27T07:44:29.267+0000] {processor.py:925} INFO - DAG(s) 'dataset_alias_example_alias_consumer', 'dataset_alias_example_alias_producer', 'dataset_s3_bucket_consumer', 'dataset_s3_bucket_producer' retrieved from /home/airflow/.local/lib/python3.12/site-packages/airflow/example_dags/example_dataset_alias.py
[2025-06-27T07:44:29.337+0000] {logging_mixin.py:190} INFO - [2025-06-27T07:44:29.336+0000] {dag.py:3239} INFO - Sync 4 DAGs
[2025-06-27T07:44:29.424+0000] {logging_mixin.py:190} INFO - [2025-06-27T07:44:29.423+0000] {dag.py:4180} INFO - Setting next_dagrun for dataset_alias_example_alias_consumer to None, run_after=None
[2025-06-27T07:44:29.432+0000] {logging_mixin.py:190} INFO - [2025-06-27T07:44:29.432+0000] {dag.py:4180} INFO - Setting next_dagrun for dataset_alias_example_alias_producer to None, run_after=None
[2025-06-27T07:44:29.438+0000] {logging_mixin.py:190} INFO - [2025-06-27T07:44:29.437+0000] {dag.py:4180} INFO - Setting next_dagrun for dataset_s3_bucket_consumer to None, run_after=None
[2025-06-27T07:44:29.444+0000] {logging_mixin.py:190} INFO - [2025-06-27T07:44:29.443+0000] {dag.py:4180} INFO - Setting next_dagrun for dataset_s3_bucket_producer to None, run_after=None
[2025-06-27T07:44:29.526+0000] {processor.py:208} INFO - Processing /home/airflow/.local/lib/python3.12/site-packages/airflow/example_dags/example_dataset_alias.py took 0.888 seconds
[2025-06-27T07:44:59.823+0000] {processor.py:186} INFO - Started process (PID=995) to work on /home/airflow/.local/lib/python3.12/site-packages/airflow/example_dags/example_dataset_alias.py
[2025-06-27T07:44:59.825+0000] {processor.py:914} INFO - Processing file /home/airflow/.local/lib/python3.12/site-packages/airflow/example_dags/example_dataset_alias.py for tasks to queue
[2025-06-27T07:44:59.830+0000] {logging_mixin.py:190} INFO - [2025-06-27T07:44:59.829+0000] {dagbag.py:588} INFO - Filling up the DagBag from /home/airflow/.local/lib/python3.12/site-packages/airflow/example_dags/example_dataset_alias.py
[2025-06-27T07:45:00.344+0000] {processor.py:925} INFO - DAG(s) 'dataset_alias_example_alias_consumer', 'dataset_alias_example_alias_producer', 'dataset_s3_bucket_consumer', 'dataset_s3_bucket_producer' retrieved from /home/airflow/.local/lib/python3.12/site-packages/airflow/example_dags/example_dataset_alias.py
[2025-06-27T07:45:00.398+0000] {logging_mixin.py:190} INFO - [2025-06-27T07:45:00.397+0000] {dag.py:3239} INFO - Sync 4 DAGs
[2025-06-27T07:45:00.487+0000] {logging_mixin.py:190} INFO - [2025-06-27T07:45:00.486+0000] {dag.py:4180} INFO - Setting next_dagrun for dataset_alias_example_alias_consumer to None, run_after=None
[2025-06-27T07:45:00.496+0000] {logging_mixin.py:190} INFO - [2025-06-27T07:45:00.495+0000] {dag.py:4180} INFO - Setting next_dagrun for dataset_alias_example_alias_producer to None, run_after=None
[2025-06-27T07:45:00.500+0000] {logging_mixin.py:190} INFO - [2025-06-27T07:45:00.499+0000] {dag.py:4180} INFO - Setting next_dagrun for dataset_s3_bucket_consumer to None, run_after=None
[2025-06-27T07:45:00.507+0000] {logging_mixin.py:190} INFO - [2025-06-27T07:45:00.506+0000] {dag.py:4180} INFO - Setting next_dagrun for dataset_s3_bucket_producer to None, run_after=None
[2025-06-27T07:45:00.587+0000] {processor.py:208} INFO - Processing /home/airflow/.local/lib/python3.12/site-packages/airflow/example_dags/example_dataset_alias.py took 0.776 seconds
[2025-06-27T07:45:30.784+0000] {processor.py:186} INFO - Started process (PID=1060) to work on /home/airflow/.local/lib/python3.12/site-packages/airflow/example_dags/example_dataset_alias.py
[2025-06-27T07:45:30.786+0000] {processor.py:914} INFO - Processing file /home/airflow/.local/lib/python3.12/site-packages/airflow/example_dags/example_dataset_alias.py for tasks to queue
[2025-06-27T07:45:30.792+0000] {logging_mixin.py:190} INFO - [2025-06-27T07:45:30.791+0000] {dagbag.py:588} INFO - Filling up the DagBag from /home/airflow/.local/lib/python3.12/site-packages/airflow/example_dags/example_dataset_alias.py
[2025-06-27T07:45:31.089+0000] {processor.py:925} INFO - DAG(s) 'dataset_s3_bucket_producer', 'dataset_alias_example_alias_producer', 'dataset_s3_bucket_consumer', 'dataset_alias_example_alias_consumer' retrieved from /home/airflow/.local/lib/python3.12/site-packages/airflow/example_dags/example_dataset_alias.py
[2025-06-27T07:45:31.131+0000] {logging_mixin.py:190} INFO - [2025-06-27T07:45:31.130+0000] {dag.py:3239} INFO - Sync 4 DAGs
[2025-06-27T07:45:31.176+0000] {logging_mixin.py:190} INFO - [2025-06-27T07:45:31.176+0000] {dag.py:4180} INFO - Setting next_dagrun for dataset_alias_example_alias_consumer to None, run_after=None
[2025-06-27T07:45:31.182+0000] {logging_mixin.py:190} INFO - [2025-06-27T07:45:31.182+0000] {dag.py:4180} INFO - Setting next_dagrun for dataset_alias_example_alias_producer to None, run_after=None
[2025-06-27T07:45:31.186+0000] {logging_mixin.py:190} INFO - [2025-06-27T07:45:31.186+0000] {dag.py:4180} INFO - Setting next_dagrun for dataset_s3_bucket_consumer to None, run_after=None
[2025-06-27T07:45:31.190+0000] {logging_mixin.py:190} INFO - [2025-06-27T07:45:31.190+0000] {dag.py:4180} INFO - Setting next_dagrun for dataset_s3_bucket_producer to None, run_after=None
[2025-06-27T07:45:31.243+0000] {processor.py:208} INFO - Processing /home/airflow/.local/lib/python3.12/site-packages/airflow/example_dags/example_dataset_alias.py took 0.481 seconds
[2025-06-27T07:46:01.686+0000] {processor.py:186} INFO - Started process (PID=1123) to work on /home/airflow/.local/lib/python3.12/site-packages/airflow/example_dags/example_dataset_alias.py
[2025-06-27T07:46:01.688+0000] {processor.py:914} INFO - Processing file /home/airflow/.local/lib/python3.12/site-packages/airflow/example_dags/example_dataset_alias.py for tasks to queue
[2025-06-27T07:46:01.693+0000] {logging_mixin.py:190} INFO - [2025-06-27T07:46:01.693+0000] {dagbag.py:588} INFO - Filling up the DagBag from /home/airflow/.local/lib/python3.12/site-packages/airflow/example_dags/example_dataset_alias.py
[2025-06-27T07:46:02.018+0000] {processor.py:925} INFO - DAG(s) 'dataset_alias_example_alias_producer', 'dataset_alias_example_alias_consumer', 'dataset_s3_bucket_consumer', 'dataset_s3_bucket_producer' retrieved from /home/airflow/.local/lib/python3.12/site-packages/airflow/example_dags/example_dataset_alias.py
[2025-06-27T07:46:02.110+0000] {logging_mixin.py:190} INFO - [2025-06-27T07:46:02.109+0000] {dag.py:3239} INFO - Sync 4 DAGs
[2025-06-27T07:46:02.179+0000] {logging_mixin.py:190} INFO - [2025-06-27T07:46:02.179+0000] {dag.py:4180} INFO - Setting next_dagrun for dataset_alias_example_alias_consumer to None, run_after=None
[2025-06-27T07:46:02.191+0000] {logging_mixin.py:190} INFO - [2025-06-27T07:46:02.191+0000] {dag.py:4180} INFO - Setting next_dagrun for dataset_alias_example_alias_producer to None, run_after=None
[2025-06-27T07:46:02.259+0000] {logging_mixin.py:190} INFO - [2025-06-27T07:46:02.257+0000] {dag.py:4180} INFO - Setting next_dagrun for dataset_s3_bucket_consumer to None, run_after=None
[2025-06-27T07:46:02.268+0000] {logging_mixin.py:190} INFO - [2025-06-27T07:46:02.268+0000] {dag.py:4180} INFO - Setting next_dagrun for dataset_s3_bucket_producer to None, run_after=None
[2025-06-27T07:46:02.338+0000] {processor.py:208} INFO - Processing /home/airflow/.local/lib/python3.12/site-packages/airflow/example_dags/example_dataset_alias.py took 0.663 seconds
[2025-06-27T07:46:32.687+0000] {processor.py:186} INFO - Started process (PID=1187) to work on /home/airflow/.local/lib/python3.12/site-packages/airflow/example_dags/example_dataset_alias.py
[2025-06-27T07:46:32.689+0000] {processor.py:914} INFO - Processing file /home/airflow/.local/lib/python3.12/site-packages/airflow/example_dags/example_dataset_alias.py for tasks to queue
[2025-06-27T07:46:32.694+0000] {logging_mixin.py:190} INFO - [2025-06-27T07:46:32.693+0000] {dagbag.py:588} INFO - Filling up the DagBag from /home/airflow/.local/lib/python3.12/site-packages/airflow/example_dags/example_dataset_alias.py
[2025-06-27T07:46:32.997+0000] {processor.py:925} INFO - DAG(s) 'dataset_alias_example_alias_consumer', 'dataset_s3_bucket_producer', 'dataset_alias_example_alias_producer', 'dataset_s3_bucket_consumer' retrieved from /home/airflow/.local/lib/python3.12/site-packages/airflow/example_dags/example_dataset_alias.py
[2025-06-27T07:46:33.040+0000] {logging_mixin.py:190} INFO - [2025-06-27T07:46:33.040+0000] {dag.py:3239} INFO - Sync 4 DAGs
[2025-06-27T07:46:33.081+0000] {logging_mixin.py:190} INFO - [2025-06-27T07:46:33.080+0000] {dag.py:4180} INFO - Setting next_dagrun for dataset_alias_example_alias_consumer to None, run_after=None
[2025-06-27T07:46:33.085+0000] {logging_mixin.py:190} INFO - [2025-06-27T07:46:33.085+0000] {dag.py:4180} INFO - Setting next_dagrun for dataset_alias_example_alias_producer to None, run_after=None
[2025-06-27T07:46:33.089+0000] {logging_mixin.py:190} INFO - [2025-06-27T07:46:33.089+0000] {dag.py:4180} INFO - Setting next_dagrun for dataset_s3_bucket_consumer to None, run_after=None
[2025-06-27T07:46:33.092+0000] {logging_mixin.py:190} INFO - [2025-06-27T07:46:33.092+0000] {dag.py:4180} INFO - Setting next_dagrun for dataset_s3_bucket_producer to None, run_after=None
[2025-06-27T07:46:33.139+0000] {processor.py:208} INFO - Processing /home/airflow/.local/lib/python3.12/site-packages/airflow/example_dags/example_dataset_alias.py took 0.462 seconds
[2025-06-27T07:47:03.482+0000] {processor.py:186} INFO - Started process (PID=1250) to work on /home/airflow/.local/lib/python3.12/site-packages/airflow/example_dags/example_dataset_alias.py
[2025-06-27T07:47:03.483+0000] {processor.py:914} INFO - Processing file /home/airflow/.local/lib/python3.12/site-packages/airflow/example_dags/example_dataset_alias.py for tasks to queue
[2025-06-27T07:47:03.488+0000] {logging_mixin.py:190} INFO - [2025-06-27T07:47:03.487+0000] {dagbag.py:588} INFO - Filling up the DagBag from /home/airflow/.local/lib/python3.12/site-packages/airflow/example_dags/example_dataset_alias.py
[2025-06-27T07:47:03.767+0000] {processor.py:925} INFO - DAG(s) 'dataset_alias_example_alias_producer', 'dataset_s3_bucket_producer', 'dataset_alias_example_alias_consumer', 'dataset_s3_bucket_consumer' retrieved from /home/airflow/.local/lib/python3.12/site-packages/airflow/example_dags/example_dataset_alias.py
[2025-06-27T07:47:03.830+0000] {logging_mixin.py:190} INFO - [2025-06-27T07:47:03.829+0000] {dag.py:3239} INFO - Sync 4 DAGs
[2025-06-27T07:47:03.873+0000] {logging_mixin.py:190} INFO - [2025-06-27T07:47:03.873+0000] {dag.py:4180} INFO - Setting next_dagrun for dataset_alias_example_alias_consumer to None, run_after=None
[2025-06-27T07:47:03.879+0000] {logging_mixin.py:190} INFO - [2025-06-27T07:47:03.879+0000] {dag.py:4180} INFO - Setting next_dagrun for dataset_alias_example_alias_producer to None, run_after=None
[2025-06-27T07:47:03.884+0000] {logging_mixin.py:190} INFO - [2025-06-27T07:47:03.884+0000] {dag.py:4180} INFO - Setting next_dagrun for dataset_s3_bucket_consumer to None, run_after=None
[2025-06-27T07:47:03.888+0000] {logging_mixin.py:190} INFO - [2025-06-27T07:47:03.887+0000] {dag.py:4180} INFO - Setting next_dagrun for dataset_s3_bucket_producer to None, run_after=None
[2025-06-27T07:47:03.949+0000] {processor.py:208} INFO - Processing /home/airflow/.local/lib/python3.12/site-packages/airflow/example_dags/example_dataset_alias.py took 0.480 seconds
[2025-06-27T07:47:34.407+0000] {processor.py:186} INFO - Started process (PID=1313) to work on /home/airflow/.local/lib/python3.12/site-packages/airflow/example_dags/example_dataset_alias.py
[2025-06-27T07:47:34.409+0000] {processor.py:914} INFO - Processing file /home/airflow/.local/lib/python3.12/site-packages/airflow/example_dags/example_dataset_alias.py for tasks to queue
[2025-06-27T07:47:34.415+0000] {logging_mixin.py:190} INFO - [2025-06-27T07:47:34.414+0000] {dagbag.py:588} INFO - Filling up the DagBag from /home/airflow/.local/lib/python3.12/site-packages/airflow/example_dags/example_dataset_alias.py
[2025-06-27T07:47:35.102+0000] {processor.py:925} INFO - DAG(s) 'dataset_s3_bucket_producer', 'dataset_alias_example_alias_producer', 'dataset_s3_bucket_consumer', 'dataset_alias_example_alias_consumer' retrieved from /home/airflow/.local/lib/python3.12/site-packages/airflow/example_dags/example_dataset_alias.py
[2025-06-27T07:47:35.218+0000] {logging_mixin.py:190} INFO - [2025-06-27T07:47:35.217+0000] {dag.py:3239} INFO - Sync 4 DAGs
[2025-06-27T07:47:35.319+0000] {logging_mixin.py:190} INFO - [2025-06-27T07:47:35.319+0000] {dag.py:4180} INFO - Setting next_dagrun for dataset_alias_example_alias_consumer to None, run_after=None
[2025-06-27T07:47:35.327+0000] {logging_mixin.py:190} INFO - [2025-06-27T07:47:35.327+0000] {dag.py:4180} INFO - Setting next_dagrun for dataset_alias_example_alias_producer to None, run_after=None
[2025-06-27T07:47:35.332+0000] {logging_mixin.py:190} INFO - [2025-06-27T07:47:35.331+0000] {dag.py:4180} INFO - Setting next_dagrun for dataset_s3_bucket_consumer to None, run_after=None
[2025-06-27T07:47:35.335+0000] {logging_mixin.py:190} INFO - [2025-06-27T07:47:35.335+0000] {dag.py:4180} INFO - Setting next_dagrun for dataset_s3_bucket_producer to None, run_after=None
[2025-06-27T07:47:35.404+0000] {processor.py:208} INFO - Processing /home/airflow/.local/lib/python3.12/site-packages/airflow/example_dags/example_dataset_alias.py took 1.010 seconds
[2025-06-27T07:48:06.237+0000] {processor.py:186} INFO - Started process (PID=1377) to work on /home/airflow/.local/lib/python3.12/site-packages/airflow/example_dags/example_dataset_alias.py
[2025-06-27T07:48:06.239+0000] {processor.py:914} INFO - Processing file /home/airflow/.local/lib/python3.12/site-packages/airflow/example_dags/example_dataset_alias.py for tasks to queue
[2025-06-27T07:48:06.243+0000] {logging_mixin.py:190} INFO - [2025-06-27T07:48:06.242+0000] {dagbag.py:588} INFO - Filling up the DagBag from /home/airflow/.local/lib/python3.12/site-packages/airflow/example_dags/example_dataset_alias.py
[2025-06-27T07:48:06.577+0000] {processor.py:925} INFO - DAG(s) 'dataset_s3_bucket_producer', 'dataset_alias_example_alias_consumer', 'dataset_alias_example_alias_producer', 'dataset_s3_bucket_consumer' retrieved from /home/airflow/.local/lib/python3.12/site-packages/airflow/example_dags/example_dataset_alias.py
[2025-06-27T07:48:06.611+0000] {logging_mixin.py:190} INFO - [2025-06-27T07:48:06.610+0000] {dag.py:3239} INFO - Sync 4 DAGs
[2025-06-27T07:48:06.651+0000] {logging_mixin.py:190} INFO - [2025-06-27T07:48:06.651+0000] {dag.py:4180} INFO - Setting next_dagrun for dataset_alias_example_alias_consumer to None, run_after=None
[2025-06-27T07:48:06.656+0000] {logging_mixin.py:190} INFO - [2025-06-27T07:48:06.655+0000] {dag.py:4180} INFO - Setting next_dagrun for dataset_alias_example_alias_producer to None, run_after=None
[2025-06-27T07:48:06.659+0000] {logging_mixin.py:190} INFO - [2025-06-27T07:48:06.658+0000] {dag.py:4180} INFO - Setting next_dagrun for dataset_s3_bucket_consumer to None, run_after=None
[2025-06-27T07:48:06.662+0000] {logging_mixin.py:190} INFO - [2025-06-27T07:48:06.661+0000] {dag.py:4180} INFO - Setting next_dagrun for dataset_s3_bucket_producer to None, run_after=None
[2025-06-27T07:48:06.703+0000] {processor.py:208} INFO - Processing /home/airflow/.local/lib/python3.12/site-packages/airflow/example_dags/example_dataset_alias.py took 0.476 seconds
[2025-06-27T07:48:36.900+0000] {processor.py:186} INFO - Started process (PID=1441) to work on /home/airflow/.local/lib/python3.12/site-packages/airflow/example_dags/example_dataset_alias.py
[2025-06-27T07:48:36.903+0000] {processor.py:914} INFO - Processing file /home/airflow/.local/lib/python3.12/site-packages/airflow/example_dags/example_dataset_alias.py for tasks to queue
[2025-06-27T07:48:36.910+0000] {logging_mixin.py:190} INFO - [2025-06-27T07:48:36.909+0000] {dagbag.py:588} INFO - Filling up the DagBag from /home/airflow/.local/lib/python3.12/site-packages/airflow/example_dags/example_dataset_alias.py
[2025-06-27T07:48:37.359+0000] {processor.py:925} INFO - DAG(s) 'dataset_alias_example_alias_consumer', 'dataset_alias_example_alias_producer', 'dataset_s3_bucket_consumer', 'dataset_s3_bucket_producer' retrieved from /home/airflow/.local/lib/python3.12/site-packages/airflow/example_dags/example_dataset_alias.py
[2025-06-27T07:48:37.410+0000] {logging_mixin.py:190} INFO - [2025-06-27T07:48:37.410+0000] {dag.py:3239} INFO - Sync 4 DAGs
[2025-06-27T07:48:37.486+0000] {logging_mixin.py:190} INFO - [2025-06-27T07:48:37.486+0000] {dag.py:4180} INFO - Setting next_dagrun for dataset_alias_example_alias_consumer to None, run_after=None
[2025-06-27T07:48:37.494+0000] {logging_mixin.py:190} INFO - [2025-06-27T07:48:37.493+0000] {dag.py:4180} INFO - Setting next_dagrun for dataset_alias_example_alias_producer to None, run_after=None
[2025-06-27T07:48:37.499+0000] {logging_mixin.py:190} INFO - [2025-06-27T07:48:37.498+0000] {dag.py:4180} INFO - Setting next_dagrun for dataset_s3_bucket_consumer to None, run_after=None
[2025-06-27T07:48:37.505+0000] {logging_mixin.py:190} INFO - [2025-06-27T07:48:37.504+0000] {dag.py:4180} INFO - Setting next_dagrun for dataset_s3_bucket_producer to None, run_after=None
[2025-06-27T07:48:37.597+0000] {processor.py:208} INFO - Processing /home/airflow/.local/lib/python3.12/site-packages/airflow/example_dags/example_dataset_alias.py took 0.715 seconds
[2025-06-27T07:49:08.403+0000] {processor.py:186} INFO - Started process (PID=1504) to work on /home/airflow/.local/lib/python3.12/site-packages/airflow/example_dags/example_dataset_alias.py
[2025-06-27T07:49:08.411+0000] {processor.py:914} INFO - Processing file /home/airflow/.local/lib/python3.12/site-packages/airflow/example_dags/example_dataset_alias.py for tasks to queue
[2025-06-27T07:49:08.426+0000] {logging_mixin.py:190} INFO - [2025-06-27T07:49:08.423+0000] {dagbag.py:588} INFO - Filling up the DagBag from /home/airflow/.local/lib/python3.12/site-packages/airflow/example_dags/example_dataset_alias.py
[2025-06-27T07:49:09.208+0000] {processor.py:925} INFO - DAG(s) 'dataset_alias_example_alias_consumer', 'dataset_s3_bucket_consumer', 'dataset_alias_example_alias_producer', 'dataset_s3_bucket_producer' retrieved from /home/airflow/.local/lib/python3.12/site-packages/airflow/example_dags/example_dataset_alias.py
[2025-06-27T07:49:09.287+0000] {logging_mixin.py:190} INFO - [2025-06-27T07:49:09.286+0000] {dag.py:3239} INFO - Sync 4 DAGs
[2025-06-27T07:49:09.361+0000] {logging_mixin.py:190} INFO - [2025-06-27T07:49:09.360+0000] {dag.py:4180} INFO - Setting next_dagrun for dataset_alias_example_alias_consumer to None, run_after=None
[2025-06-27T07:49:09.367+0000] {logging_mixin.py:190} INFO - [2025-06-27T07:49:09.367+0000] {dag.py:4180} INFO - Setting next_dagrun for dataset_alias_example_alias_producer to None, run_after=None
[2025-06-27T07:49:09.372+0000] {logging_mixin.py:190} INFO - [2025-06-27T07:49:09.371+0000] {dag.py:4180} INFO - Setting next_dagrun for dataset_s3_bucket_consumer to None, run_after=None
[2025-06-27T07:49:09.376+0000] {logging_mixin.py:190} INFO - [2025-06-27T07:49:09.376+0000] {dag.py:4180} INFO - Setting next_dagrun for dataset_s3_bucket_producer to None, run_after=None
[2025-06-27T07:49:09.447+0000] {processor.py:208} INFO - Processing /home/airflow/.local/lib/python3.12/site-packages/airflow/example_dags/example_dataset_alias.py took 1.110 seconds
[2025-06-27T07:52:15.219+0000] {processor.py:186} INFO - Started process (PID=106) to work on /home/airflow/.local/lib/python3.12/site-packages/airflow/example_dags/example_dataset_alias.py
[2025-06-27T07:52:15.225+0000] {processor.py:914} INFO - Processing file /home/airflow/.local/lib/python3.12/site-packages/airflow/example_dags/example_dataset_alias.py for tasks to queue
[2025-06-27T07:52:15.235+0000] {logging_mixin.py:190} INFO - [2025-06-27T07:52:15.233+0000] {dagbag.py:588} INFO - Filling up the DagBag from /home/airflow/.local/lib/python3.12/site-packages/airflow/example_dags/example_dataset_alias.py
[2025-06-27T07:52:16.547+0000] {processor.py:925} INFO - DAG(s) 'dataset_alias_example_alias_producer', 'dataset_s3_bucket_consumer', 'dataset_alias_example_alias_consumer', 'dataset_s3_bucket_producer' retrieved from /home/airflow/.local/lib/python3.12/site-packages/airflow/example_dags/example_dataset_alias.py
[2025-06-27T07:52:16.937+0000] {logging_mixin.py:190} INFO - [2025-06-27T07:52:16.934+0000] {dag.py:3239} INFO - Sync 4 DAGs
[2025-06-27T07:52:17.565+0000] {logging_mixin.py:190} INFO - [2025-06-27T07:52:17.564+0000] {dag.py:4180} INFO - Setting next_dagrun for dataset_alias_example_alias_consumer to None, run_after=None
[2025-06-27T07:52:17.629+0000] {logging_mixin.py:190} INFO - [2025-06-27T07:52:17.628+0000] {dag.py:4180} INFO - Setting next_dagrun for dataset_alias_example_alias_producer to None, run_after=None
[2025-06-27T07:52:17.682+0000] {logging_mixin.py:190} INFO - [2025-06-27T07:52:17.682+0000] {dag.py:4180} INFO - Setting next_dagrun for dataset_s3_bucket_consumer to None, run_after=None
[2025-06-27T07:52:17.708+0000] {logging_mixin.py:190} INFO - [2025-06-27T07:52:17.702+0000] {dag.py:4180} INFO - Setting next_dagrun for dataset_s3_bucket_producer to None, run_after=None
[2025-06-27T07:52:18.261+0000] {processor.py:208} INFO - Processing /home/airflow/.local/lib/python3.12/site-packages/airflow/example_dags/example_dataset_alias.py took 3.071 seconds
[2025-06-27T07:52:53.768+0000] {processor.py:186} INFO - Started process (PID=169) to work on /home/airflow/.local/lib/python3.12/site-packages/airflow/example_dags/example_dataset_alias.py
[2025-06-27T07:52:53.771+0000] {processor.py:914} INFO - Processing file /home/airflow/.local/lib/python3.12/site-packages/airflow/example_dags/example_dataset_alias.py for tasks to queue
[2025-06-27T07:52:53.778+0000] {logging_mixin.py:190} INFO - [2025-06-27T07:52:53.776+0000] {dagbag.py:588} INFO - Filling up the DagBag from /home/airflow/.local/lib/python3.12/site-packages/airflow/example_dags/example_dataset_alias.py
[2025-06-27T07:52:54.278+0000] {processor.py:925} INFO - DAG(s) 'dataset_s3_bucket_producer', 'dataset_alias_example_alias_consumer', 'dataset_s3_bucket_consumer', 'dataset_alias_example_alias_producer' retrieved from /home/airflow/.local/lib/python3.12/site-packages/airflow/example_dags/example_dataset_alias.py
[2025-06-27T07:52:54.364+0000] {logging_mixin.py:190} INFO - [2025-06-27T07:52:54.363+0000] {dag.py:3239} INFO - Sync 4 DAGs
[2025-06-27T07:52:54.475+0000] {logging_mixin.py:190} INFO - [2025-06-27T07:52:54.474+0000] {dag.py:4180} INFO - Setting next_dagrun for dataset_alias_example_alias_consumer to None, run_after=None
[2025-06-27T07:52:54.494+0000] {logging_mixin.py:190} INFO - [2025-06-27T07:52:54.484+0000] {dag.py:4180} INFO - Setting next_dagrun for dataset_alias_example_alias_producer to None, run_after=None
[2025-06-27T07:52:54.499+0000] {logging_mixin.py:190} INFO - [2025-06-27T07:52:54.499+0000] {dag.py:4180} INFO - Setting next_dagrun for dataset_s3_bucket_consumer to None, run_after=None
[2025-06-27T07:52:54.513+0000] {logging_mixin.py:190} INFO - [2025-06-27T07:52:54.512+0000] {dag.py:4180} INFO - Setting next_dagrun for dataset_s3_bucket_producer to None, run_after=None
[2025-06-27T07:52:54.586+0000] {processor.py:208} INFO - Processing /home/airflow/.local/lib/python3.12/site-packages/airflow/example_dags/example_dataset_alias.py took 0.838 seconds
[2025-06-27T07:53:25.450+0000] {processor.py:186} INFO - Started process (PID=233) to work on /home/airflow/.local/lib/python3.12/site-packages/airflow/example_dags/example_dataset_alias.py
[2025-06-27T07:53:25.452+0000] {processor.py:914} INFO - Processing file /home/airflow/.local/lib/python3.12/site-packages/airflow/example_dags/example_dataset_alias.py for tasks to queue
[2025-06-27T07:53:25.458+0000] {logging_mixin.py:190} INFO - [2025-06-27T07:53:25.457+0000] {dagbag.py:588} INFO - Filling up the DagBag from /home/airflow/.local/lib/python3.12/site-packages/airflow/example_dags/example_dataset_alias.py
[2025-06-27T07:53:25.985+0000] {processor.py:925} INFO - DAG(s) 'dataset_alias_example_alias_producer', 'dataset_s3_bucket_consumer', 'dataset_s3_bucket_producer', 'dataset_alias_example_alias_consumer' retrieved from /home/airflow/.local/lib/python3.12/site-packages/airflow/example_dags/example_dataset_alias.py
[2025-06-27T07:53:26.037+0000] {logging_mixin.py:190} INFO - [2025-06-27T07:53:26.037+0000] {dag.py:3239} INFO - Sync 4 DAGs
[2025-06-27T07:53:26.106+0000] {logging_mixin.py:190} INFO - [2025-06-27T07:53:26.106+0000] {dag.py:4180} INFO - Setting next_dagrun for dataset_alias_example_alias_consumer to None, run_after=None
[2025-06-27T07:53:26.116+0000] {logging_mixin.py:190} INFO - [2025-06-27T07:53:26.116+0000] {dag.py:4180} INFO - Setting next_dagrun for dataset_alias_example_alias_producer to None, run_after=None
[2025-06-27T07:53:26.122+0000] {logging_mixin.py:190} INFO - [2025-06-27T07:53:26.121+0000] {dag.py:4180} INFO - Setting next_dagrun for dataset_s3_bucket_consumer to None, run_after=None
[2025-06-27T07:53:26.127+0000] {logging_mixin.py:190} INFO - [2025-06-27T07:53:26.127+0000] {dag.py:4180} INFO - Setting next_dagrun for dataset_s3_bucket_producer to None, run_after=None
[2025-06-27T07:53:26.208+0000] {processor.py:208} INFO - Processing /home/airflow/.local/lib/python3.12/site-packages/airflow/example_dags/example_dataset_alias.py took 0.771 seconds
[2025-06-27T07:53:56.619+0000] {processor.py:186} INFO - Started process (PID=297) to work on /home/airflow/.local/lib/python3.12/site-packages/airflow/example_dags/example_dataset_alias.py
[2025-06-27T07:53:56.621+0000] {processor.py:914} INFO - Processing file /home/airflow/.local/lib/python3.12/site-packages/airflow/example_dags/example_dataset_alias.py for tasks to queue
[2025-06-27T07:53:56.628+0000] {logging_mixin.py:190} INFO - [2025-06-27T07:53:56.627+0000] {dagbag.py:588} INFO - Filling up the DagBag from /home/airflow/.local/lib/python3.12/site-packages/airflow/example_dags/example_dataset_alias.py
[2025-06-27T07:53:57.234+0000] {processor.py:925} INFO - DAG(s) 'dataset_alias_example_alias_consumer', 'dataset_alias_example_alias_producer', 'dataset_s3_bucket_consumer', 'dataset_s3_bucket_producer' retrieved from /home/airflow/.local/lib/python3.12/site-packages/airflow/example_dags/example_dataset_alias.py
[2025-06-27T07:53:57.366+0000] {logging_mixin.py:190} INFO - [2025-06-27T07:53:57.365+0000] {dag.py:3239} INFO - Sync 4 DAGs
[2025-06-27T07:53:57.476+0000] {logging_mixin.py:190} INFO - [2025-06-27T07:53:57.475+0000] {dag.py:4180} INFO - Setting next_dagrun for dataset_alias_example_alias_consumer to None, run_after=None
[2025-06-27T07:53:57.485+0000] {logging_mixin.py:190} INFO - [2025-06-27T07:53:57.484+0000] {dag.py:4180} INFO - Setting next_dagrun for dataset_alias_example_alias_producer to None, run_after=None
[2025-06-27T07:53:57.489+0000] {logging_mixin.py:190} INFO - [2025-06-27T07:53:57.488+0000] {dag.py:4180} INFO - Setting next_dagrun for dataset_s3_bucket_consumer to None, run_after=None
[2025-06-27T07:53:57.493+0000] {logging_mixin.py:190} INFO - [2025-06-27T07:53:57.493+0000] {dag.py:4180} INFO - Setting next_dagrun for dataset_s3_bucket_producer to None, run_after=None
[2025-06-27T07:53:57.551+0000] {processor.py:208} INFO - Processing /home/airflow/.local/lib/python3.12/site-packages/airflow/example_dags/example_dataset_alias.py took 0.953 seconds
[2025-06-27T07:54:28.026+0000] {processor.py:186} INFO - Started process (PID=360) to work on /home/airflow/.local/lib/python3.12/site-packages/airflow/example_dags/example_dataset_alias.py
[2025-06-27T07:54:28.030+0000] {processor.py:914} INFO - Processing file /home/airflow/.local/lib/python3.12/site-packages/airflow/example_dags/example_dataset_alias.py for tasks to queue
[2025-06-27T07:54:28.040+0000] {logging_mixin.py:190} INFO - [2025-06-27T07:54:28.038+0000] {dagbag.py:588} INFO - Filling up the DagBag from /home/airflow/.local/lib/python3.12/site-packages/airflow/example_dags/example_dataset_alias.py
[2025-06-27T07:54:29.101+0000] {processor.py:925} INFO - DAG(s) 'dataset_s3_bucket_producer', 'dataset_s3_bucket_consumer', 'dataset_alias_example_alias_consumer', 'dataset_alias_example_alias_producer' retrieved from /home/airflow/.local/lib/python3.12/site-packages/airflow/example_dags/example_dataset_alias.py
[2025-06-27T07:54:29.169+0000] {logging_mixin.py:190} INFO - [2025-06-27T07:54:29.168+0000] {dag.py:3239} INFO - Sync 4 DAGs
[2025-06-27T07:54:29.238+0000] {logging_mixin.py:190} INFO - [2025-06-27T07:54:29.237+0000] {dag.py:4180} INFO - Setting next_dagrun for dataset_alias_example_alias_consumer to None, run_after=None
[2025-06-27T07:54:29.244+0000] {logging_mixin.py:190} INFO - [2025-06-27T07:54:29.244+0000] {dag.py:4180} INFO - Setting next_dagrun for dataset_alias_example_alias_producer to None, run_after=None
[2025-06-27T07:54:29.248+0000] {logging_mixin.py:190} INFO - [2025-06-27T07:54:29.248+0000] {dag.py:4180} INFO - Setting next_dagrun for dataset_s3_bucket_consumer to None, run_after=None
[2025-06-27T07:54:29.252+0000] {logging_mixin.py:190} INFO - [2025-06-27T07:54:29.251+0000] {dag.py:4180} INFO - Setting next_dagrun for dataset_s3_bucket_producer to None, run_after=None
[2025-06-27T07:54:29.324+0000] {processor.py:208} INFO - Processing /home/airflow/.local/lib/python3.12/site-packages/airflow/example_dags/example_dataset_alias.py took 1.334 seconds
[2025-06-27T07:54:59.718+0000] {processor.py:186} INFO - Started process (PID=423) to work on /home/airflow/.local/lib/python3.12/site-packages/airflow/example_dags/example_dataset_alias.py
[2025-06-27T07:54:59.721+0000] {processor.py:914} INFO - Processing file /home/airflow/.local/lib/python3.12/site-packages/airflow/example_dags/example_dataset_alias.py for tasks to queue
[2025-06-27T07:54:59.727+0000] {logging_mixin.py:190} INFO - [2025-06-27T07:54:59.727+0000] {dagbag.py:588} INFO - Filling up the DagBag from /home/airflow/.local/lib/python3.12/site-packages/airflow/example_dags/example_dataset_alias.py
[2025-06-27T07:55:00.186+0000] {processor.py:925} INFO - DAG(s) 'dataset_alias_example_alias_consumer', 'dataset_s3_bucket_producer', 'dataset_s3_bucket_consumer', 'dataset_alias_example_alias_producer' retrieved from /home/airflow/.local/lib/python3.12/site-packages/airflow/example_dags/example_dataset_alias.py
[2025-06-27T07:55:00.243+0000] {logging_mixin.py:190} INFO - [2025-06-27T07:55:00.242+0000] {dag.py:3239} INFO - Sync 4 DAGs
[2025-06-27T07:55:00.295+0000] {logging_mixin.py:190} INFO - [2025-06-27T07:55:00.295+0000] {dag.py:4180} INFO - Setting next_dagrun for dataset_alias_example_alias_consumer to None, run_after=None
[2025-06-27T07:55:00.302+0000] {logging_mixin.py:190} INFO - [2025-06-27T07:55:00.301+0000] {dag.py:4180} INFO - Setting next_dagrun for dataset_alias_example_alias_producer to None, run_after=None
[2025-06-27T07:55:00.306+0000] {logging_mixin.py:190} INFO - [2025-06-27T07:55:00.305+0000] {dag.py:4180} INFO - Setting next_dagrun for dataset_s3_bucket_consumer to None, run_after=None
[2025-06-27T07:55:00.311+0000] {logging_mixin.py:190} INFO - [2025-06-27T07:55:00.311+0000] {dag.py:4180} INFO - Setting next_dagrun for dataset_s3_bucket_producer to None, run_after=None
[2025-06-27T07:55:00.381+0000] {processor.py:208} INFO - Processing /home/airflow/.local/lib/python3.12/site-packages/airflow/example_dags/example_dataset_alias.py took 0.678 seconds
[2025-06-27T07:59:36.981+0000] {processor.py:186} INFO - Started process (PID=93) to work on /home/airflow/.local/lib/python3.12/site-packages/airflow/example_dags/example_dataset_alias.py
[2025-06-27T07:59:36.989+0000] {processor.py:914} INFO - Processing file /home/airflow/.local/lib/python3.12/site-packages/airflow/example_dags/example_dataset_alias.py for tasks to queue
[2025-06-27T07:59:36.996+0000] {logging_mixin.py:190} INFO - [2025-06-27T07:59:36.995+0000] {dagbag.py:588} INFO - Filling up the DagBag from /home/airflow/.local/lib/python3.12/site-packages/airflow/example_dags/example_dataset_alias.py
[2025-06-27T07:59:38.129+0000] {processor.py:925} INFO - DAG(s) 'dataset_s3_bucket_consumer', 'dataset_alias_example_alias_producer', 'dataset_s3_bucket_producer', 'dataset_alias_example_alias_consumer' retrieved from /home/airflow/.local/lib/python3.12/site-packages/airflow/example_dags/example_dataset_alias.py
[2025-06-27T07:59:38.202+0000] {logging_mixin.py:190} INFO - [2025-06-27T07:59:38.200+0000] {dag.py:3239} INFO - Sync 4 DAGs
[2025-06-27T07:59:38.339+0000] {logging_mixin.py:190} INFO - [2025-06-27T07:59:38.339+0000] {dag.py:4180} INFO - Setting next_dagrun for dataset_alias_example_alias_consumer to None, run_after=None
[2025-06-27T07:59:38.345+0000] {logging_mixin.py:190} INFO - [2025-06-27T07:59:38.345+0000] {dag.py:4180} INFO - Setting next_dagrun for dataset_alias_example_alias_producer to None, run_after=None
[2025-06-27T07:59:38.352+0000] {logging_mixin.py:190} INFO - [2025-06-27T07:59:38.351+0000] {dag.py:4180} INFO - Setting next_dagrun for dataset_s3_bucket_consumer to None, run_after=None
[2025-06-27T07:59:38.379+0000] {logging_mixin.py:190} INFO - [2025-06-27T07:59:38.378+0000] {dag.py:4180} INFO - Setting next_dagrun for dataset_s3_bucket_producer to None, run_after=None
[2025-06-27T07:59:38.528+0000] {processor.py:208} INFO - Processing /home/airflow/.local/lib/python3.12/site-packages/airflow/example_dags/example_dataset_alias.py took 1.566 seconds
[2025-06-27T08:00:38.510+0000] {processor.py:186} INFO - Started process (PID=160) to work on /home/airflow/.local/lib/python3.12/site-packages/airflow/example_dags/example_dataset_alias.py
[2025-06-27T08:00:38.537+0000] {processor.py:914} INFO - Processing file /home/airflow/.local/lib/python3.12/site-packages/airflow/example_dags/example_dataset_alias.py for tasks to queue
[2025-06-27T08:00:38.623+0000] {logging_mixin.py:190} INFO - [2025-06-27T08:00:38.613+0000] {dagbag.py:588} INFO - Filling up the DagBag from /home/airflow/.local/lib/python3.12/site-packages/airflow/example_dags/example_dataset_alias.py
[2025-06-27T08:00:45.875+0000] {processor.py:925} INFO - DAG(s) 'dataset_s3_bucket_producer', 'dataset_s3_bucket_consumer', 'dataset_alias_example_alias_producer', 'dataset_alias_example_alias_consumer' retrieved from /home/airflow/.local/lib/python3.12/site-packages/airflow/example_dags/example_dataset_alias.py
[2025-06-27T08:00:46.792+0000] {logging_mixin.py:190} INFO - [2025-06-27T08:00:46.784+0000] {dag.py:3239} INFO - Sync 4 DAGs
[2025-06-27T08:00:47.488+0000] {logging_mixin.py:190} INFO - [2025-06-27T08:00:47.487+0000] {dag.py:4180} INFO - Setting next_dagrun for dataset_alias_example_alias_consumer to None, run_after=None
[2025-06-27T08:00:47.523+0000] {logging_mixin.py:190} INFO - [2025-06-27T08:00:47.522+0000] {dag.py:4180} INFO - Setting next_dagrun for dataset_alias_example_alias_producer to None, run_after=None
[2025-06-27T08:00:47.535+0000] {logging_mixin.py:190} INFO - [2025-06-27T08:00:47.534+0000] {dag.py:4180} INFO - Setting next_dagrun for dataset_s3_bucket_consumer to None, run_after=None
[2025-06-27T08:00:47.551+0000] {logging_mixin.py:190} INFO - [2025-06-27T08:00:47.550+0000] {dag.py:4180} INFO - Setting next_dagrun for dataset_s3_bucket_producer to None, run_after=None
[2025-06-27T08:00:47.979+0000] {processor.py:208} INFO - Processing /home/airflow/.local/lib/python3.12/site-packages/airflow/example_dags/example_dataset_alias.py took 9.579 seconds
[2025-06-27T08:01:18.888+0000] {processor.py:186} INFO - Started process (PID=223) to work on /home/airflow/.local/lib/python3.12/site-packages/airflow/example_dags/example_dataset_alias.py
[2025-06-27T08:01:18.893+0000] {processor.py:914} INFO - Processing file /home/airflow/.local/lib/python3.12/site-packages/airflow/example_dags/example_dataset_alias.py for tasks to queue
[2025-06-27T08:01:18.906+0000] {logging_mixin.py:190} INFO - [2025-06-27T08:01:18.905+0000] {dagbag.py:588} INFO - Filling up the DagBag from /home/airflow/.local/lib/python3.12/site-packages/airflow/example_dags/example_dataset_alias.py
[2025-06-27T08:01:19.840+0000] {processor.py:925} INFO - DAG(s) 'dataset_s3_bucket_producer', 'dataset_alias_example_alias_producer', 'dataset_alias_example_alias_consumer', 'dataset_s3_bucket_consumer' retrieved from /home/airflow/.local/lib/python3.12/site-packages/airflow/example_dags/example_dataset_alias.py
[2025-06-27T08:01:19.963+0000] {logging_mixin.py:190} INFO - [2025-06-27T08:01:19.961+0000] {dag.py:3239} INFO - Sync 4 DAGs
[2025-06-27T08:01:20.119+0000] {logging_mixin.py:190} INFO - [2025-06-27T08:01:20.118+0000] {dag.py:4180} INFO - Setting next_dagrun for dataset_alias_example_alias_consumer to None, run_after=None
[2025-06-27T08:01:20.132+0000] {logging_mixin.py:190} INFO - [2025-06-27T08:01:20.131+0000] {dag.py:4180} INFO - Setting next_dagrun for dataset_alias_example_alias_producer to None, run_after=None
[2025-06-27T08:01:20.138+0000] {logging_mixin.py:190} INFO - [2025-06-27T08:01:20.137+0000] {dag.py:4180} INFO - Setting next_dagrun for dataset_s3_bucket_consumer to None, run_after=None
[2025-06-27T08:01:20.145+0000] {logging_mixin.py:190} INFO - [2025-06-27T08:01:20.144+0000] {dag.py:4180} INFO - Setting next_dagrun for dataset_s3_bucket_producer to None, run_after=None
[2025-06-27T08:01:20.303+0000] {processor.py:208} INFO - Processing /home/airflow/.local/lib/python3.12/site-packages/airflow/example_dags/example_dataset_alias.py took 1.449 seconds
[2025-06-27T08:01:51.389+0000] {processor.py:186} INFO - Started process (PID=285) to work on /home/airflow/.local/lib/python3.12/site-packages/airflow/example_dags/example_dataset_alias.py
[2025-06-27T08:01:51.391+0000] {processor.py:914} INFO - Processing file /home/airflow/.local/lib/python3.12/site-packages/airflow/example_dags/example_dataset_alias.py for tasks to queue
[2025-06-27T08:01:51.396+0000] {logging_mixin.py:190} INFO - [2025-06-27T08:01:51.395+0000] {dagbag.py:588} INFO - Filling up the DagBag from /home/airflow/.local/lib/python3.12/site-packages/airflow/example_dags/example_dataset_alias.py
[2025-06-27T08:01:51.682+0000] {processor.py:925} INFO - DAG(s) 'dataset_s3_bucket_consumer', 'dataset_alias_example_alias_consumer', 'dataset_s3_bucket_producer', 'dataset_alias_example_alias_producer' retrieved from /home/airflow/.local/lib/python3.12/site-packages/airflow/example_dags/example_dataset_alias.py
[2025-06-27T08:01:51.719+0000] {logging_mixin.py:190} INFO - [2025-06-27T08:01:51.719+0000] {dag.py:3239} INFO - Sync 4 DAGs
[2025-06-27T08:01:51.764+0000] {logging_mixin.py:190} INFO - [2025-06-27T08:01:51.764+0000] {dag.py:4180} INFO - Setting next_dagrun for dataset_alias_example_alias_consumer to None, run_after=None
[2025-06-27T08:01:51.769+0000] {logging_mixin.py:190} INFO - [2025-06-27T08:01:51.769+0000] {dag.py:4180} INFO - Setting next_dagrun for dataset_alias_example_alias_producer to None, run_after=None
[2025-06-27T08:01:51.774+0000] {logging_mixin.py:190} INFO - [2025-06-27T08:01:51.773+0000] {dag.py:4180} INFO - Setting next_dagrun for dataset_s3_bucket_consumer to None, run_after=None
[2025-06-27T08:01:51.778+0000] {logging_mixin.py:190} INFO - [2025-06-27T08:01:51.777+0000] {dag.py:4180} INFO - Setting next_dagrun for dataset_s3_bucket_producer to None, run_after=None
[2025-06-27T08:01:51.831+0000] {processor.py:208} INFO - Processing /home/airflow/.local/lib/python3.12/site-packages/airflow/example_dags/example_dataset_alias.py took 0.450 seconds
[2025-06-27T08:02:21.948+0000] {processor.py:186} INFO - Started process (PID=349) to work on /home/airflow/.local/lib/python3.12/site-packages/airflow/example_dags/example_dataset_alias.py
[2025-06-27T08:02:21.951+0000] {processor.py:914} INFO - Processing file /home/airflow/.local/lib/python3.12/site-packages/airflow/example_dags/example_dataset_alias.py for tasks to queue
[2025-06-27T08:02:21.957+0000] {logging_mixin.py:190} INFO - [2025-06-27T08:02:21.956+0000] {dagbag.py:588} INFO - Filling up the DagBag from /home/airflow/.local/lib/python3.12/site-packages/airflow/example_dags/example_dataset_alias.py
[2025-06-27T08:02:22.188+0000] {processor.py:925} INFO - DAG(s) 'dataset_s3_bucket_consumer', 'dataset_alias_example_alias_producer', 'dataset_alias_example_alias_consumer', 'dataset_s3_bucket_producer' retrieved from /home/airflow/.local/lib/python3.12/site-packages/airflow/example_dags/example_dataset_alias.py
[2025-06-27T08:02:22.223+0000] {logging_mixin.py:190} INFO - [2025-06-27T08:02:22.222+0000] {dag.py:3239} INFO - Sync 4 DAGs
[2025-06-27T08:02:22.254+0000] {logging_mixin.py:190} INFO - [2025-06-27T08:02:22.254+0000] {dag.py:4180} INFO - Setting next_dagrun for dataset_alias_example_alias_consumer to None, run_after=None
[2025-06-27T08:02:22.259+0000] {logging_mixin.py:190} INFO - [2025-06-27T08:02:22.259+0000] {dag.py:4180} INFO - Setting next_dagrun for dataset_alias_example_alias_producer to None, run_after=None
[2025-06-27T08:02:22.262+0000] {logging_mixin.py:190} INFO - [2025-06-27T08:02:22.261+0000] {dag.py:4180} INFO - Setting next_dagrun for dataset_s3_bucket_consumer to None, run_after=None
[2025-06-27T08:02:22.264+0000] {logging_mixin.py:190} INFO - [2025-06-27T08:02:22.264+0000] {dag.py:4180} INFO - Setting next_dagrun for dataset_s3_bucket_producer to None, run_after=None
[2025-06-27T08:02:22.300+0000] {processor.py:208} INFO - Processing /home/airflow/.local/lib/python3.12/site-packages/airflow/example_dags/example_dataset_alias.py took 0.364 seconds
[2025-06-27T08:02:52.442+0000] {processor.py:186} INFO - Started process (PID=411) to work on /home/airflow/.local/lib/python3.12/site-packages/airflow/example_dags/example_dataset_alias.py
[2025-06-27T08:02:52.443+0000] {processor.py:914} INFO - Processing file /home/airflow/.local/lib/python3.12/site-packages/airflow/example_dags/example_dataset_alias.py for tasks to queue
[2025-06-27T08:02:52.448+0000] {logging_mixin.py:190} INFO - [2025-06-27T08:02:52.447+0000] {dagbag.py:588} INFO - Filling up the DagBag from /home/airflow/.local/lib/python3.12/site-packages/airflow/example_dags/example_dataset_alias.py
[2025-06-27T08:02:52.685+0000] {processor.py:925} INFO - DAG(s) 'dataset_alias_example_alias_consumer', 'dataset_s3_bucket_producer', 'dataset_s3_bucket_consumer', 'dataset_alias_example_alias_producer' retrieved from /home/airflow/.local/lib/python3.12/site-packages/airflow/example_dags/example_dataset_alias.py
[2025-06-27T08:02:52.724+0000] {logging_mixin.py:190} INFO - [2025-06-27T08:02:52.723+0000] {dag.py:3239} INFO - Sync 4 DAGs
[2025-06-27T08:02:52.768+0000] {logging_mixin.py:190} INFO - [2025-06-27T08:02:52.768+0000] {dag.py:4180} INFO - Setting next_dagrun for dataset_alias_example_alias_consumer to None, run_after=None
[2025-06-27T08:02:52.773+0000] {logging_mixin.py:190} INFO - [2025-06-27T08:02:52.773+0000] {dag.py:4180} INFO - Setting next_dagrun for dataset_alias_example_alias_producer to None, run_after=None
[2025-06-27T08:02:52.777+0000] {logging_mixin.py:190} INFO - [2025-06-27T08:02:52.777+0000] {dag.py:4180} INFO - Setting next_dagrun for dataset_s3_bucket_consumer to None, run_after=None
[2025-06-27T08:02:52.780+0000] {logging_mixin.py:190} INFO - [2025-06-27T08:02:52.780+0000] {dag.py:4180} INFO - Setting next_dagrun for dataset_s3_bucket_producer to None, run_after=None
[2025-06-27T08:02:52.816+0000] {processor.py:208} INFO - Processing /home/airflow/.local/lib/python3.12/site-packages/airflow/example_dags/example_dataset_alias.py took 0.383 seconds
[2025-06-27T08:03:23.082+0000] {processor.py:186} INFO - Started process (PID=474) to work on /home/airflow/.local/lib/python3.12/site-packages/airflow/example_dags/example_dataset_alias.py
[2025-06-27T08:03:23.084+0000] {processor.py:914} INFO - Processing file /home/airflow/.local/lib/python3.12/site-packages/airflow/example_dags/example_dataset_alias.py for tasks to queue
[2025-06-27T08:03:23.090+0000] {logging_mixin.py:190} INFO - [2025-06-27T08:03:23.089+0000] {dagbag.py:588} INFO - Filling up the DagBag from /home/airflow/.local/lib/python3.12/site-packages/airflow/example_dags/example_dataset_alias.py
[2025-06-27T08:03:23.431+0000] {processor.py:925} INFO - DAG(s) 'dataset_s3_bucket_producer', 'dataset_s3_bucket_consumer', 'dataset_alias_example_alias_producer', 'dataset_alias_example_alias_consumer' retrieved from /home/airflow/.local/lib/python3.12/site-packages/airflow/example_dags/example_dataset_alias.py
[2025-06-27T08:03:23.469+0000] {logging_mixin.py:190} INFO - [2025-06-27T08:03:23.468+0000] {dag.py:3239} INFO - Sync 4 DAGs
[2025-06-27T08:03:23.516+0000] {logging_mixin.py:190} INFO - [2025-06-27T08:03:23.515+0000] {dag.py:4180} INFO - Setting next_dagrun for dataset_alias_example_alias_consumer to None, run_after=None
[2025-06-27T08:03:23.522+0000] {logging_mixin.py:190} INFO - [2025-06-27T08:03:23.521+0000] {dag.py:4180} INFO - Setting next_dagrun for dataset_alias_example_alias_producer to None, run_after=None
[2025-06-27T08:03:23.525+0000] {logging_mixin.py:190} INFO - [2025-06-27T08:03:23.525+0000] {dag.py:4180} INFO - Setting next_dagrun for dataset_s3_bucket_consumer to None, run_after=None
[2025-06-27T08:03:23.529+0000] {logging_mixin.py:190} INFO - [2025-06-27T08:03:23.529+0000] {dag.py:4180} INFO - Setting next_dagrun for dataset_s3_bucket_producer to None, run_after=None
[2025-06-27T08:03:23.588+0000] {processor.py:208} INFO - Processing /home/airflow/.local/lib/python3.12/site-packages/airflow/example_dags/example_dataset_alias.py took 0.520 seconds
[2025-06-27T08:03:54.321+0000] {processor.py:186} INFO - Started process (PID=537) to work on /home/airflow/.local/lib/python3.12/site-packages/airflow/example_dags/example_dataset_alias.py
[2025-06-27T08:03:54.323+0000] {processor.py:914} INFO - Processing file /home/airflow/.local/lib/python3.12/site-packages/airflow/example_dags/example_dataset_alias.py for tasks to queue
[2025-06-27T08:03:54.330+0000] {logging_mixin.py:190} INFO - [2025-06-27T08:03:54.329+0000] {dagbag.py:588} INFO - Filling up the DagBag from /home/airflow/.local/lib/python3.12/site-packages/airflow/example_dags/example_dataset_alias.py
[2025-06-27T08:03:54.738+0000] {processor.py:925} INFO - DAG(s) 'dataset_alias_example_alias_consumer', 'dataset_s3_bucket_consumer', 'dataset_s3_bucket_producer', 'dataset_alias_example_alias_producer' retrieved from /home/airflow/.local/lib/python3.12/site-packages/airflow/example_dags/example_dataset_alias.py
[2025-06-27T08:03:54.810+0000] {logging_mixin.py:190} INFO - [2025-06-27T08:03:54.810+0000] {dag.py:3239} INFO - Sync 4 DAGs
[2025-06-27T08:03:54.881+0000] {logging_mixin.py:190} INFO - [2025-06-27T08:03:54.880+0000] {dag.py:4180} INFO - Setting next_dagrun for dataset_alias_example_alias_consumer to None, run_after=None
[2025-06-27T08:03:54.887+0000] {logging_mixin.py:190} INFO - [2025-06-27T08:03:54.886+0000] {dag.py:4180} INFO - Setting next_dagrun for dataset_alias_example_alias_producer to None, run_after=None
[2025-06-27T08:03:54.890+0000] {logging_mixin.py:190} INFO - [2025-06-27T08:03:54.890+0000] {dag.py:4180} INFO - Setting next_dagrun for dataset_s3_bucket_consumer to None, run_after=None
[2025-06-27T08:03:54.895+0000] {logging_mixin.py:190} INFO - [2025-06-27T08:03:54.895+0000] {dag.py:4180} INFO - Setting next_dagrun for dataset_s3_bucket_producer to None, run_after=None
[2025-06-27T08:03:54.957+0000] {processor.py:208} INFO - Processing /home/airflow/.local/lib/python3.12/site-packages/airflow/example_dags/example_dataset_alias.py took 0.649 seconds
[2025-06-27T08:04:25.783+0000] {processor.py:186} INFO - Started process (PID=601) to work on /home/airflow/.local/lib/python3.12/site-packages/airflow/example_dags/example_dataset_alias.py
[2025-06-27T08:04:25.785+0000] {processor.py:914} INFO - Processing file /home/airflow/.local/lib/python3.12/site-packages/airflow/example_dags/example_dataset_alias.py for tasks to queue
[2025-06-27T08:04:25.791+0000] {logging_mixin.py:190} INFO - [2025-06-27T08:04:25.790+0000] {dagbag.py:588} INFO - Filling up the DagBag from /home/airflow/.local/lib/python3.12/site-packages/airflow/example_dags/example_dataset_alias.py
[2025-06-27T08:04:26.069+0000] {processor.py:925} INFO - DAG(s) 'dataset_alias_example_alias_producer', 'dataset_s3_bucket_producer', 'dataset_alias_example_alias_consumer', 'dataset_s3_bucket_consumer' retrieved from /home/airflow/.local/lib/python3.12/site-packages/airflow/example_dags/example_dataset_alias.py
[2025-06-27T08:04:26.115+0000] {logging_mixin.py:190} INFO - [2025-06-27T08:04:26.115+0000] {dag.py:3239} INFO - Sync 4 DAGs
[2025-06-27T08:04:26.153+0000] {logging_mixin.py:190} INFO - [2025-06-27T08:04:26.152+0000] {dag.py:4180} INFO - Setting next_dagrun for dataset_alias_example_alias_consumer to None, run_after=None
[2025-06-27T08:04:26.157+0000] {logging_mixin.py:190} INFO - [2025-06-27T08:04:26.157+0000] {dag.py:4180} INFO - Setting next_dagrun for dataset_alias_example_alias_producer to None, run_after=None
[2025-06-27T08:04:26.164+0000] {logging_mixin.py:190} INFO - [2025-06-27T08:04:26.164+0000] {dag.py:4180} INFO - Setting next_dagrun for dataset_s3_bucket_consumer to None, run_after=None
[2025-06-27T08:04:26.167+0000] {logging_mixin.py:190} INFO - [2025-06-27T08:04:26.167+0000] {dag.py:4180} INFO - Setting next_dagrun for dataset_s3_bucket_producer to None, run_after=None
[2025-06-27T08:04:26.208+0000] {processor.py:208} INFO - Processing /home/airflow/.local/lib/python3.12/site-packages/airflow/example_dags/example_dataset_alias.py took 0.435 seconds
[2025-06-27T08:04:56.553+0000] {processor.py:186} INFO - Started process (PID=664) to work on /home/airflow/.local/lib/python3.12/site-packages/airflow/example_dags/example_dataset_alias.py
[2025-06-27T08:04:56.558+0000] {processor.py:914} INFO - Processing file /home/airflow/.local/lib/python3.12/site-packages/airflow/example_dags/example_dataset_alias.py for tasks to queue
[2025-06-27T08:04:56.569+0000] {logging_mixin.py:190} INFO - [2025-06-27T08:04:56.568+0000] {dagbag.py:588} INFO - Filling up the DagBag from /home/airflow/.local/lib/python3.12/site-packages/airflow/example_dags/example_dataset_alias.py
[2025-06-27T08:04:57.089+0000] {processor.py:925} INFO - DAG(s) 'dataset_alias_example_alias_producer', 'dataset_s3_bucket_consumer', 'dataset_s3_bucket_producer', 'dataset_alias_example_alias_consumer' retrieved from /home/airflow/.local/lib/python3.12/site-packages/airflow/example_dags/example_dataset_alias.py
[2025-06-27T08:04:57.152+0000] {logging_mixin.py:190} INFO - [2025-06-27T08:04:57.151+0000] {dag.py:3239} INFO - Sync 4 DAGs
[2025-06-27T08:04:57.209+0000] {logging_mixin.py:190} INFO - [2025-06-27T08:04:57.209+0000] {dag.py:4180} INFO - Setting next_dagrun for dataset_alias_example_alias_consumer to None, run_after=None
[2025-06-27T08:04:57.216+0000] {logging_mixin.py:190} INFO - [2025-06-27T08:04:57.216+0000] {dag.py:4180} INFO - Setting next_dagrun for dataset_alias_example_alias_producer to None, run_after=None
[2025-06-27T08:04:57.220+0000] {logging_mixin.py:190} INFO - [2025-06-27T08:04:57.219+0000] {dag.py:4180} INFO - Setting next_dagrun for dataset_s3_bucket_consumer to None, run_after=None
[2025-06-27T08:04:57.223+0000] {logging_mixin.py:190} INFO - [2025-06-27T08:04:57.223+0000] {dag.py:4180} INFO - Setting next_dagrun for dataset_s3_bucket_producer to None, run_after=None
[2025-06-27T08:04:57.269+0000] {processor.py:208} INFO - Processing /home/airflow/.local/lib/python3.12/site-packages/airflow/example_dags/example_dataset_alias.py took 0.751 seconds
[2025-06-27T08:05:31.099+0000] {processor.py:186} INFO - Started process (PID=731) to work on /home/airflow/.local/lib/python3.12/site-packages/airflow/example_dags/example_dataset_alias.py
[2025-06-27T08:05:31.154+0000] {processor.py:914} INFO - Processing file /home/airflow/.local/lib/python3.12/site-packages/airflow/example_dags/example_dataset_alias.py for tasks to queue
[2025-06-27T08:05:31.174+0000] {logging_mixin.py:190} INFO - [2025-06-27T08:05:31.166+0000] {dagbag.py:588} INFO - Filling up the DagBag from /home/airflow/.local/lib/python3.12/site-packages/airflow/example_dags/example_dataset_alias.py
[2025-06-27T08:05:32.505+0000] {processor.py:925} INFO - DAG(s) 'dataset_alias_example_alias_producer', 'dataset_alias_example_alias_consumer', 'dataset_s3_bucket_producer', 'dataset_s3_bucket_consumer' retrieved from /home/airflow/.local/lib/python3.12/site-packages/airflow/example_dags/example_dataset_alias.py
[2025-06-27T08:05:32.666+0000] {logging_mixin.py:190} INFO - [2025-06-27T08:05:32.665+0000] {dag.py:3239} INFO - Sync 4 DAGs
[2025-06-27T08:05:32.817+0000] {logging_mixin.py:190} INFO - [2025-06-27T08:05:32.816+0000] {dag.py:4180} INFO - Setting next_dagrun for dataset_alias_example_alias_consumer to None, run_after=None
[2025-06-27T08:05:32.840+0000] {logging_mixin.py:190} INFO - [2025-06-27T08:05:32.839+0000] {dag.py:4180} INFO - Setting next_dagrun for dataset_alias_example_alias_producer to None, run_after=None
[2025-06-27T08:05:32.855+0000] {logging_mixin.py:190} INFO - [2025-06-27T08:05:32.853+0000] {dag.py:4180} INFO - Setting next_dagrun for dataset_s3_bucket_consumer to None, run_after=None
[2025-06-27T08:05:32.865+0000] {logging_mixin.py:190} INFO - [2025-06-27T08:05:32.864+0000] {dag.py:4180} INFO - Setting next_dagrun for dataset_s3_bucket_producer to None, run_after=None
[2025-06-27T08:05:32.970+0000] {processor.py:208} INFO - Processing /home/airflow/.local/lib/python3.12/site-packages/airflow/example_dags/example_dataset_alias.py took 1.917 seconds
[2025-06-27T08:06:07.044+0000] {processor.py:186} INFO - Started process (PID=797) to work on /home/airflow/.local/lib/python3.12/site-packages/airflow/example_dags/example_dataset_alias.py
[2025-06-27T08:06:07.047+0000] {processor.py:914} INFO - Processing file /home/airflow/.local/lib/python3.12/site-packages/airflow/example_dags/example_dataset_alias.py for tasks to queue
[2025-06-27T08:06:07.052+0000] {logging_mixin.py:190} INFO - [2025-06-27T08:06:07.051+0000] {dagbag.py:588} INFO - Filling up the DagBag from /home/airflow/.local/lib/python3.12/site-packages/airflow/example_dags/example_dataset_alias.py
[2025-06-27T08:06:07.345+0000] {processor.py:925} INFO - DAG(s) 'dataset_s3_bucket_producer', 'dataset_alias_example_alias_consumer', 'dataset_s3_bucket_consumer', 'dataset_alias_example_alias_producer' retrieved from /home/airflow/.local/lib/python3.12/site-packages/airflow/example_dags/example_dataset_alias.py
[2025-06-27T08:06:07.396+0000] {logging_mixin.py:190} INFO - [2025-06-27T08:06:07.395+0000] {dag.py:3239} INFO - Sync 4 DAGs
[2025-06-27T08:06:07.445+0000] {logging_mixin.py:190} INFO - [2025-06-27T08:06:07.444+0000] {dag.py:4180} INFO - Setting next_dagrun for dataset_alias_example_alias_consumer to None, run_after=None
[2025-06-27T08:06:07.450+0000] {logging_mixin.py:190} INFO - [2025-06-27T08:06:07.450+0000] {dag.py:4180} INFO - Setting next_dagrun for dataset_alias_example_alias_producer to None, run_after=None
[2025-06-27T08:06:07.453+0000] {logging_mixin.py:190} INFO - [2025-06-27T08:06:07.453+0000] {dag.py:4180} INFO - Setting next_dagrun for dataset_s3_bucket_consumer to None, run_after=None
[2025-06-27T08:06:07.456+0000] {logging_mixin.py:190} INFO - [2025-06-27T08:06:07.456+0000] {dag.py:4180} INFO - Setting next_dagrun for dataset_s3_bucket_producer to None, run_after=None
[2025-06-27T08:06:07.496+0000] {processor.py:208} INFO - Processing /home/airflow/.local/lib/python3.12/site-packages/airflow/example_dags/example_dataset_alias.py took 0.465 seconds
