[2025-06-27T07:37:19.153+0000] {processor.py:186} INFO - Started process (PID=177) to work on /home/airflow/.local/lib/python3.12/site-packages/airflow/example_dags/example_dag_decorator.py
[2025-06-27T07:37:19.157+0000] {processor.py:914} INFO - Processing file /home/airflow/.local/lib/python3.12/site-packages/airflow/example_dags/example_dag_decorator.py for tasks to queue
[2025-06-27T07:37:19.168+0000] {logging_mixin.py:190} INFO - [2025-06-27T07:37:19.167+0000] {dagbag.py:588} INFO - Filling up the DagBag from /home/airflow/.local/lib/python3.12/site-packages/airflow/example_dags/example_dag_decorator.py
[2025-06-27T07:37:19.226+0000] {processor.py:925} INFO - DAG(s) 'example_dag_decorator' retrieved from /home/airflow/.local/lib/python3.12/site-packages/airflow/example_dags/example_dag_decorator.py
[2025-06-27T07:37:19.950+0000] {logging_mixin.py:190} INFO - [2025-06-27T07:37:19.946+0000] {override.py:1900} INFO - Created Permission View: can read on DAG:example_dag_decorator
[2025-06-27T07:37:20.079+0000] {logging_mixin.py:190} INFO - [2025-06-27T07:37:20.078+0000] {override.py:1900} INFO - Created Permission View: can edit on DAG:example_dag_decorator
[2025-06-27T07:37:20.130+0000] {logging_mixin.py:190} INFO - [2025-06-27T07:37:20.129+0000] {override.py:1900} INFO - Created Permission View: can delete on DAG:example_dag_decorator
[2025-06-27T07:37:20.183+0000] {logging_mixin.py:190} INFO - [2025-06-27T07:37:20.182+0000] {override.py:1900} INFO - Created Permission View: can read on DAG Run:example_dag_decorator
[2025-06-27T07:37:20.261+0000] {logging_mixin.py:190} INFO - [2025-06-27T07:37:20.260+0000] {override.py:1900} INFO - Created Permission View: can create on DAG Run:example_dag_decorator
[2025-06-27T07:37:20.315+0000] {logging_mixin.py:190} INFO - [2025-06-27T07:37:20.314+0000] {override.py:1900} INFO - Created Permission View: can delete on DAG Run:example_dag_decorator
[2025-06-27T07:37:20.362+0000] {logging_mixin.py:190} INFO - [2025-06-27T07:37:20.361+0000] {override.py:1900} INFO - Created Permission View: menu access on DAG Run:example_dag_decorator
[2025-06-27T07:37:20.369+0000] {logging_mixin.py:190} INFO - [2025-06-27T07:37:20.368+0000] {dag.py:3239} INFO - Sync 1 DAGs
[2025-06-27T07:37:20.463+0000] {logging_mixin.py:190} INFO - [2025-06-27T07:37:20.461+0000] {dag.py:3262} INFO - Creating ORM DAG for example_dag_decorator
[2025-06-27T07:37:20.469+0000] {logging_mixin.py:190} INFO - [2025-06-27T07:37:20.468+0000] {dag.py:4180} INFO - Setting next_dagrun for example_dag_decorator to None, run_after=None
[2025-06-27T07:37:20.578+0000] {processor.py:208} INFO - Processing /home/airflow/.local/lib/python3.12/site-packages/airflow/example_dags/example_dag_decorator.py took 1.453 seconds
[2025-06-27T07:37:50.927+0000] {processor.py:186} INFO - Started process (PID=240) to work on /home/airflow/.local/lib/python3.12/site-packages/airflow/example_dags/example_dag_decorator.py
[2025-06-27T07:37:50.932+0000] {processor.py:914} INFO - Processing file /home/airflow/.local/lib/python3.12/site-packages/airflow/example_dags/example_dag_decorator.py for tasks to queue
[2025-06-27T07:37:50.943+0000] {logging_mixin.py:190} INFO - [2025-06-27T07:37:50.942+0000] {dagbag.py:588} INFO - Filling up the DagBag from /home/airflow/.local/lib/python3.12/site-packages/airflow/example_dags/example_dag_decorator.py
[2025-06-27T07:37:51.023+0000] {processor.py:925} INFO - DAG(s) 'example_dag_decorator' retrieved from /home/airflow/.local/lib/python3.12/site-packages/airflow/example_dags/example_dag_decorator.py
[2025-06-27T07:37:51.133+0000] {logging_mixin.py:190} INFO - [2025-06-27T07:37:51.131+0000] {dag.py:3239} INFO - Sync 1 DAGs
[2025-06-27T07:37:51.231+0000] {logging_mixin.py:190} INFO - [2025-06-27T07:37:51.230+0000] {dag.py:4180} INFO - Setting next_dagrun for example_dag_decorator to None, run_after=None
[2025-06-27T07:37:51.378+0000] {processor.py:208} INFO - Processing /home/airflow/.local/lib/python3.12/site-packages/airflow/example_dags/example_dag_decorator.py took 0.481 seconds
[2025-06-27T07:38:32.605+0000] {processor.py:186} INFO - Started process (PID=308) to work on /home/airflow/.local/lib/python3.12/site-packages/airflow/example_dags/example_dag_decorator.py
[2025-06-27T07:38:32.608+0000] {processor.py:914} INFO - Processing file /home/airflow/.local/lib/python3.12/site-packages/airflow/example_dags/example_dag_decorator.py for tasks to queue
[2025-06-27T07:38:32.616+0000] {logging_mixin.py:190} INFO - [2025-06-27T07:38:32.615+0000] {dagbag.py:588} INFO - Filling up the DagBag from /home/airflow/.local/lib/python3.12/site-packages/airflow/example_dags/example_dag_decorator.py
[2025-06-27T07:38:32.648+0000] {processor.py:925} INFO - DAG(s) 'example_dag_decorator' retrieved from /home/airflow/.local/lib/python3.12/site-packages/airflow/example_dags/example_dag_decorator.py
[2025-06-27T07:38:33.089+0000] {logging_mixin.py:190} INFO - [2025-06-27T07:38:33.088+0000] {dag.py:3239} INFO - Sync 1 DAGs
[2025-06-27T07:38:33.120+0000] {logging_mixin.py:190} INFO - [2025-06-27T07:38:33.120+0000] {dag.py:4180} INFO - Setting next_dagrun for example_dag_decorator to None, run_after=None
[2025-06-27T07:38:33.182+0000] {processor.py:208} INFO - Processing /home/airflow/.local/lib/python3.12/site-packages/airflow/example_dags/example_dag_decorator.py took 0.595 seconds
[2025-06-27T07:39:12.664+0000] {processor.py:186} INFO - Started process (PID=372) to work on /home/airflow/.local/lib/python3.12/site-packages/airflow/example_dags/example_dag_decorator.py
[2025-06-27T07:39:12.668+0000] {processor.py:914} INFO - Processing file /home/airflow/.local/lib/python3.12/site-packages/airflow/example_dags/example_dag_decorator.py for tasks to queue
[2025-06-27T07:39:12.682+0000] {logging_mixin.py:190} INFO - [2025-06-27T07:39:12.681+0000] {dagbag.py:588} INFO - Filling up the DagBag from /home/airflow/.local/lib/python3.12/site-packages/airflow/example_dags/example_dag_decorator.py
[2025-06-27T07:39:12.725+0000] {processor.py:925} INFO - DAG(s) 'example_dag_decorator' retrieved from /home/airflow/.local/lib/python3.12/site-packages/airflow/example_dags/example_dag_decorator.py
[2025-06-27T07:39:12.859+0000] {logging_mixin.py:190} INFO - [2025-06-27T07:39:12.858+0000] {dag.py:3239} INFO - Sync 1 DAGs
[2025-06-27T07:39:12.956+0000] {logging_mixin.py:190} INFO - [2025-06-27T07:39:12.956+0000] {dag.py:4180} INFO - Setting next_dagrun for example_dag_decorator to None, run_after=None
[2025-06-27T07:39:13.036+0000] {processor.py:208} INFO - Processing /home/airflow/.local/lib/python3.12/site-packages/airflow/example_dags/example_dag_decorator.py took 0.392 seconds
[2025-06-27T07:39:52.743+0000] {processor.py:186} INFO - Started process (PID=435) to work on /home/airflow/.local/lib/python3.12/site-packages/airflow/example_dags/example_dag_decorator.py
[2025-06-27T07:39:52.749+0000] {processor.py:914} INFO - Processing file /home/airflow/.local/lib/python3.12/site-packages/airflow/example_dags/example_dag_decorator.py for tasks to queue
[2025-06-27T07:39:52.759+0000] {logging_mixin.py:190} INFO - [2025-06-27T07:39:52.757+0000] {dagbag.py:588} INFO - Filling up the DagBag from /home/airflow/.local/lib/python3.12/site-packages/airflow/example_dags/example_dag_decorator.py
[2025-06-27T07:39:52.868+0000] {processor.py:925} INFO - DAG(s) 'example_dag_decorator' retrieved from /home/airflow/.local/lib/python3.12/site-packages/airflow/example_dags/example_dag_decorator.py
[2025-06-27T07:39:53.851+0000] {logging_mixin.py:190} INFO - [2025-06-27T07:39:53.850+0000] {dag.py:3239} INFO - Sync 1 DAGs
[2025-06-27T07:39:53.911+0000] {logging_mixin.py:190} INFO - [2025-06-27T07:39:53.910+0000] {dag.py:4180} INFO - Setting next_dagrun for example_dag_decorator to None, run_after=None
[2025-06-27T07:39:53.988+0000] {processor.py:208} INFO - Processing /home/airflow/.local/lib/python3.12/site-packages/airflow/example_dags/example_dag_decorator.py took 1.292 seconds
[2025-06-27T07:40:25.832+0000] {processor.py:186} INFO - Started process (PID=498) to work on /home/airflow/.local/lib/python3.12/site-packages/airflow/example_dags/example_dag_decorator.py
[2025-06-27T07:40:25.836+0000] {processor.py:914} INFO - Processing file /home/airflow/.local/lib/python3.12/site-packages/airflow/example_dags/example_dag_decorator.py for tasks to queue
[2025-06-27T07:40:25.844+0000] {logging_mixin.py:190} INFO - [2025-06-27T07:40:25.842+0000] {dagbag.py:588} INFO - Filling up the DagBag from /home/airflow/.local/lib/python3.12/site-packages/airflow/example_dags/example_dag_decorator.py
[2025-06-27T07:40:25.901+0000] {processor.py:925} INFO - DAG(s) 'example_dag_decorator' retrieved from /home/airflow/.local/lib/python3.12/site-packages/airflow/example_dags/example_dag_decorator.py
[2025-06-27T07:40:26.470+0000] {logging_mixin.py:190} INFO - [2025-06-27T07:40:26.469+0000] {dag.py:3239} INFO - Sync 1 DAGs
[2025-06-27T07:40:26.548+0000] {logging_mixin.py:190} INFO - [2025-06-27T07:40:26.548+0000] {dag.py:4180} INFO - Setting next_dagrun for example_dag_decorator to None, run_after=None
[2025-06-27T07:40:26.672+0000] {processor.py:208} INFO - Processing /home/airflow/.local/lib/python3.12/site-packages/airflow/example_dags/example_dag_decorator.py took 0.857 seconds
[2025-06-27T07:40:57.908+0000] {processor.py:186} INFO - Started process (PID=561) to work on /home/airflow/.local/lib/python3.12/site-packages/airflow/example_dags/example_dag_decorator.py
[2025-06-27T07:40:57.911+0000] {processor.py:914} INFO - Processing file /home/airflow/.local/lib/python3.12/site-packages/airflow/example_dags/example_dag_decorator.py for tasks to queue
[2025-06-27T07:40:57.919+0000] {logging_mixin.py:190} INFO - [2025-06-27T07:40:57.918+0000] {dagbag.py:588} INFO - Filling up the DagBag from /home/airflow/.local/lib/python3.12/site-packages/airflow/example_dags/example_dag_decorator.py
[2025-06-27T07:40:57.992+0000] {processor.py:925} INFO - DAG(s) 'example_dag_decorator' retrieved from /home/airflow/.local/lib/python3.12/site-packages/airflow/example_dags/example_dag_decorator.py
[2025-06-27T07:40:58.082+0000] {logging_mixin.py:190} INFO - [2025-06-27T07:40:58.081+0000] {dag.py:3239} INFO - Sync 1 DAGs
[2025-06-27T07:40:58.129+0000] {logging_mixin.py:190} INFO - [2025-06-27T07:40:58.128+0000] {dag.py:4180} INFO - Setting next_dagrun for example_dag_decorator to None, run_after=None
[2025-06-27T07:40:58.181+0000] {processor.py:208} INFO - Processing /home/airflow/.local/lib/python3.12/site-packages/airflow/example_dags/example_dag_decorator.py took 0.291 seconds
[2025-06-27T07:41:36.270+0000] {processor.py:186} INFO - Started process (PID=632) to work on /home/airflow/.local/lib/python3.12/site-packages/airflow/example_dags/example_dag_decorator.py
[2025-06-27T07:41:36.288+0000] {processor.py:914} INFO - Processing file /home/airflow/.local/lib/python3.12/site-packages/airflow/example_dags/example_dag_decorator.py for tasks to queue
[2025-06-27T07:41:36.332+0000] {logging_mixin.py:190} INFO - [2025-06-27T07:41:36.331+0000] {dagbag.py:588} INFO - Filling up the DagBag from /home/airflow/.local/lib/python3.12/site-packages/airflow/example_dags/example_dag_decorator.py
[2025-06-27T07:41:36.482+0000] {processor.py:925} INFO - DAG(s) 'example_dag_decorator' retrieved from /home/airflow/.local/lib/python3.12/site-packages/airflow/example_dags/example_dag_decorator.py
[2025-06-27T07:41:37.784+0000] {logging_mixin.py:190} INFO - [2025-06-27T07:41:37.783+0000] {dag.py:3239} INFO - Sync 1 DAGs
[2025-06-27T07:41:37.862+0000] {logging_mixin.py:190} INFO - [2025-06-27T07:41:37.861+0000] {dag.py:4180} INFO - Setting next_dagrun for example_dag_decorator to None, run_after=None
[2025-06-27T07:41:37.981+0000] {processor.py:208} INFO - Processing /home/airflow/.local/lib/python3.12/site-packages/airflow/example_dags/example_dag_decorator.py took 1.761 seconds
[2025-06-27T07:42:39.593+0000] {processor.py:186} INFO - Started process (PID=720) to work on /home/airflow/.local/lib/python3.12/site-packages/airflow/example_dags/example_dag_decorator.py
[2025-06-27T07:42:39.608+0000] {processor.py:914} INFO - Processing file /home/airflow/.local/lib/python3.12/site-packages/airflow/example_dags/example_dag_decorator.py for tasks to queue
[2025-06-27T07:42:39.644+0000] {logging_mixin.py:190} INFO - [2025-06-27T07:42:39.642+0000] {dagbag.py:588} INFO - Filling up the DagBag from /home/airflow/.local/lib/python3.12/site-packages/airflow/example_dags/example_dag_decorator.py
[2025-06-27T07:42:39.743+0000] {processor.py:925} INFO - DAG(s) 'example_dag_decorator' retrieved from /home/airflow/.local/lib/python3.12/site-packages/airflow/example_dags/example_dag_decorator.py
[2025-06-27T07:42:41.010+0000] {logging_mixin.py:190} INFO - [2025-06-27T07:42:41.009+0000] {dag.py:3239} INFO - Sync 1 DAGs
[2025-06-27T07:42:41.115+0000] {logging_mixin.py:190} INFO - [2025-06-27T07:42:41.114+0000] {dag.py:4180} INFO - Setting next_dagrun for example_dag_decorator to None, run_after=None
[2025-06-27T07:42:41.274+0000] {processor.py:208} INFO - Processing /home/airflow/.local/lib/python3.12/site-packages/airflow/example_dags/example_dag_decorator.py took 1.740 seconds
[2025-06-27T07:43:12.212+0000] {processor.py:186} INFO - Started process (PID=784) to work on /home/airflow/.local/lib/python3.12/site-packages/airflow/example_dags/example_dag_decorator.py
[2025-06-27T07:43:12.216+0000] {processor.py:914} INFO - Processing file /home/airflow/.local/lib/python3.12/site-packages/airflow/example_dags/example_dag_decorator.py for tasks to queue
[2025-06-27T07:43:12.228+0000] {logging_mixin.py:190} INFO - [2025-06-27T07:43:12.227+0000] {dagbag.py:588} INFO - Filling up the DagBag from /home/airflow/.local/lib/python3.12/site-packages/airflow/example_dags/example_dag_decorator.py
[2025-06-27T07:43:12.290+0000] {processor.py:925} INFO - DAG(s) 'example_dag_decorator' retrieved from /home/airflow/.local/lib/python3.12/site-packages/airflow/example_dags/example_dag_decorator.py
[2025-06-27T07:43:12.787+0000] {logging_mixin.py:190} INFO - [2025-06-27T07:43:12.786+0000] {dag.py:3239} INFO - Sync 1 DAGs
[2025-06-27T07:43:12.852+0000] {logging_mixin.py:190} INFO - [2025-06-27T07:43:12.851+0000] {dag.py:4180} INFO - Setting next_dagrun for example_dag_decorator to None, run_after=None
[2025-06-27T07:43:12.964+0000] {processor.py:208} INFO - Processing /home/airflow/.local/lib/python3.12/site-packages/airflow/example_dags/example_dag_decorator.py took 0.775 seconds
[2025-06-27T07:43:43.259+0000] {processor.py:186} INFO - Started process (PID=848) to work on /home/airflow/.local/lib/python3.12/site-packages/airflow/example_dags/example_dag_decorator.py
[2025-06-27T07:43:43.262+0000] {processor.py:914} INFO - Processing file /home/airflow/.local/lib/python3.12/site-packages/airflow/example_dags/example_dag_decorator.py for tasks to queue
[2025-06-27T07:43:43.271+0000] {logging_mixin.py:190} INFO - [2025-06-27T07:43:43.269+0000] {dagbag.py:588} INFO - Filling up the DagBag from /home/airflow/.local/lib/python3.12/site-packages/airflow/example_dags/example_dag_decorator.py
[2025-06-27T07:43:43.308+0000] {processor.py:925} INFO - DAG(s) 'example_dag_decorator' retrieved from /home/airflow/.local/lib/python3.12/site-packages/airflow/example_dags/example_dag_decorator.py
[2025-06-27T07:43:43.642+0000] {logging_mixin.py:190} INFO - [2025-06-27T07:43:43.641+0000] {dag.py:3239} INFO - Sync 1 DAGs
[2025-06-27T07:43:43.692+0000] {logging_mixin.py:190} INFO - [2025-06-27T07:43:43.692+0000] {dag.py:4180} INFO - Setting next_dagrun for example_dag_decorator to None, run_after=None
[2025-06-27T07:43:43.747+0000] {processor.py:208} INFO - Processing /home/airflow/.local/lib/python3.12/site-packages/airflow/example_dags/example_dag_decorator.py took 0.506 seconds
[2025-06-27T07:44:14.503+0000] {processor.py:186} INFO - Started process (PID=912) to work on /home/airflow/.local/lib/python3.12/site-packages/airflow/example_dags/example_dag_decorator.py
[2025-06-27T07:44:14.505+0000] {processor.py:914} INFO - Processing file /home/airflow/.local/lib/python3.12/site-packages/airflow/example_dags/example_dag_decorator.py for tasks to queue
[2025-06-27T07:44:14.510+0000] {logging_mixin.py:190} INFO - [2025-06-27T07:44:14.509+0000] {dagbag.py:588} INFO - Filling up the DagBag from /home/airflow/.local/lib/python3.12/site-packages/airflow/example_dags/example_dag_decorator.py
[2025-06-27T07:44:14.532+0000] {processor.py:925} INFO - DAG(s) 'example_dag_decorator' retrieved from /home/airflow/.local/lib/python3.12/site-packages/airflow/example_dags/example_dag_decorator.py
[2025-06-27T07:44:14.743+0000] {logging_mixin.py:190} INFO - [2025-06-27T07:44:14.743+0000] {dag.py:3239} INFO - Sync 1 DAGs
[2025-06-27T07:44:14.764+0000] {logging_mixin.py:190} INFO - [2025-06-27T07:44:14.764+0000] {dag.py:4180} INFO - Setting next_dagrun for example_dag_decorator to None, run_after=None
[2025-06-27T07:44:14.811+0000] {processor.py:208} INFO - Processing /home/airflow/.local/lib/python3.12/site-packages/airflow/example_dags/example_dag_decorator.py took 0.319 seconds
[2025-06-27T07:44:45.805+0000] {processor.py:186} INFO - Started process (PID=976) to work on /home/airflow/.local/lib/python3.12/site-packages/airflow/example_dags/example_dag_decorator.py
[2025-06-27T07:44:45.809+0000] {processor.py:914} INFO - Processing file /home/airflow/.local/lib/python3.12/site-packages/airflow/example_dags/example_dag_decorator.py for tasks to queue
[2025-06-27T07:44:45.820+0000] {logging_mixin.py:190} INFO - [2025-06-27T07:44:45.819+0000] {dagbag.py:588} INFO - Filling up the DagBag from /home/airflow/.local/lib/python3.12/site-packages/airflow/example_dags/example_dag_decorator.py
[2025-06-27T07:44:45.877+0000] {processor.py:925} INFO - DAG(s) 'example_dag_decorator' retrieved from /home/airflow/.local/lib/python3.12/site-packages/airflow/example_dags/example_dag_decorator.py
[2025-06-27T07:44:46.428+0000] {logging_mixin.py:190} INFO - [2025-06-27T07:44:46.428+0000] {dag.py:3239} INFO - Sync 1 DAGs
[2025-06-27T07:44:46.474+0000] {logging_mixin.py:190} INFO - [2025-06-27T07:44:46.473+0000] {dag.py:4180} INFO - Setting next_dagrun for example_dag_decorator to None, run_after=None
[2025-06-27T07:44:46.559+0000] {processor.py:208} INFO - Processing /home/airflow/.local/lib/python3.12/site-packages/airflow/example_dags/example_dag_decorator.py took 0.784 seconds
[2025-06-27T07:45:17.010+0000] {processor.py:186} INFO - Started process (PID=1040) to work on /home/airflow/.local/lib/python3.12/site-packages/airflow/example_dags/example_dag_decorator.py
[2025-06-27T07:45:17.013+0000] {processor.py:914} INFO - Processing file /home/airflow/.local/lib/python3.12/site-packages/airflow/example_dags/example_dag_decorator.py for tasks to queue
[2025-06-27T07:45:17.019+0000] {logging_mixin.py:190} INFO - [2025-06-27T07:45:17.018+0000] {dagbag.py:588} INFO - Filling up the DagBag from /home/airflow/.local/lib/python3.12/site-packages/airflow/example_dags/example_dag_decorator.py
[2025-06-27T07:45:17.049+0000] {processor.py:925} INFO - DAG(s) 'example_dag_decorator' retrieved from /home/airflow/.local/lib/python3.12/site-packages/airflow/example_dags/example_dag_decorator.py
[2025-06-27T07:45:17.282+0000] {logging_mixin.py:190} INFO - [2025-06-27T07:45:17.282+0000] {dag.py:3239} INFO - Sync 1 DAGs
[2025-06-27T07:45:17.309+0000] {logging_mixin.py:190} INFO - [2025-06-27T07:45:17.308+0000] {dag.py:4180} INFO - Setting next_dagrun for example_dag_decorator to None, run_after=None
[2025-06-27T07:45:17.368+0000] {processor.py:208} INFO - Processing /home/airflow/.local/lib/python3.12/site-packages/airflow/example_dags/example_dag_decorator.py took 0.369 seconds
[2025-06-27T07:45:47.685+0000] {processor.py:186} INFO - Started process (PID=1102) to work on /home/airflow/.local/lib/python3.12/site-packages/airflow/example_dags/example_dag_decorator.py
[2025-06-27T07:45:47.688+0000] {processor.py:914} INFO - Processing file /home/airflow/.local/lib/python3.12/site-packages/airflow/example_dags/example_dag_decorator.py for tasks to queue
[2025-06-27T07:45:47.695+0000] {logging_mixin.py:190} INFO - [2025-06-27T07:45:47.694+0000] {dagbag.py:588} INFO - Filling up the DagBag from /home/airflow/.local/lib/python3.12/site-packages/airflow/example_dags/example_dag_decorator.py
[2025-06-27T07:45:47.730+0000] {processor.py:925} INFO - DAG(s) 'example_dag_decorator' retrieved from /home/airflow/.local/lib/python3.12/site-packages/airflow/example_dags/example_dag_decorator.py
[2025-06-27T07:45:48.066+0000] {logging_mixin.py:190} INFO - [2025-06-27T07:45:48.065+0000] {dag.py:3239} INFO - Sync 1 DAGs
[2025-06-27T07:45:48.096+0000] {logging_mixin.py:190} INFO - [2025-06-27T07:45:48.096+0000] {dag.py:4180} INFO - Setting next_dagrun for example_dag_decorator to None, run_after=None
[2025-06-27T07:45:48.144+0000] {processor.py:208} INFO - Processing /home/airflow/.local/lib/python3.12/site-packages/airflow/example_dags/example_dag_decorator.py took 0.475 seconds
[2025-06-27T07:46:18.243+0000] {processor.py:186} INFO - Started process (PID=1165) to work on /home/airflow/.local/lib/python3.12/site-packages/airflow/example_dags/example_dag_decorator.py
[2025-06-27T07:46:18.245+0000] {processor.py:914} INFO - Processing file /home/airflow/.local/lib/python3.12/site-packages/airflow/example_dags/example_dag_decorator.py for tasks to queue
[2025-06-27T07:46:18.250+0000] {logging_mixin.py:190} INFO - [2025-06-27T07:46:18.249+0000] {dagbag.py:588} INFO - Filling up the DagBag from /home/airflow/.local/lib/python3.12/site-packages/airflow/example_dags/example_dag_decorator.py
[2025-06-27T07:46:18.269+0000] {processor.py:925} INFO - DAG(s) 'example_dag_decorator' retrieved from /home/airflow/.local/lib/python3.12/site-packages/airflow/example_dags/example_dag_decorator.py
[2025-06-27T07:46:18.477+0000] {logging_mixin.py:190} INFO - [2025-06-27T07:46:18.477+0000] {dag.py:3239} INFO - Sync 1 DAGs
[2025-06-27T07:46:18.501+0000] {logging_mixin.py:190} INFO - [2025-06-27T07:46:18.500+0000] {dag.py:4180} INFO - Setting next_dagrun for example_dag_decorator to None, run_after=None
[2025-06-27T07:46:18.544+0000] {processor.py:208} INFO - Processing /home/airflow/.local/lib/python3.12/site-packages/airflow/example_dags/example_dag_decorator.py took 0.309 seconds
[2025-06-27T07:46:48.825+0000] {processor.py:186} INFO - Started process (PID=1228) to work on /home/airflow/.local/lib/python3.12/site-packages/airflow/example_dags/example_dag_decorator.py
[2025-06-27T07:46:48.827+0000] {processor.py:914} INFO - Processing file /home/airflow/.local/lib/python3.12/site-packages/airflow/example_dags/example_dag_decorator.py for tasks to queue
[2025-06-27T07:46:48.832+0000] {logging_mixin.py:190} INFO - [2025-06-27T07:46:48.831+0000] {dagbag.py:588} INFO - Filling up the DagBag from /home/airflow/.local/lib/python3.12/site-packages/airflow/example_dags/example_dag_decorator.py
[2025-06-27T07:46:48.851+0000] {processor.py:925} INFO - DAG(s) 'example_dag_decorator' retrieved from /home/airflow/.local/lib/python3.12/site-packages/airflow/example_dags/example_dag_decorator.py
[2025-06-27T07:46:49.064+0000] {logging_mixin.py:190} INFO - [2025-06-27T07:46:49.063+0000] {dag.py:3239} INFO - Sync 1 DAGs
[2025-06-27T07:46:49.085+0000] {logging_mixin.py:190} INFO - [2025-06-27T07:46:49.085+0000] {dag.py:4180} INFO - Setting next_dagrun for example_dag_decorator to None, run_after=None
[2025-06-27T07:46:49.126+0000] {processor.py:208} INFO - Processing /home/airflow/.local/lib/python3.12/site-packages/airflow/example_dags/example_dag_decorator.py took 0.310 seconds
[2025-06-27T07:47:19.379+0000] {processor.py:186} INFO - Started process (PID=1291) to work on /home/airflow/.local/lib/python3.12/site-packages/airflow/example_dags/example_dag_decorator.py
[2025-06-27T07:47:19.381+0000] {processor.py:914} INFO - Processing file /home/airflow/.local/lib/python3.12/site-packages/airflow/example_dags/example_dag_decorator.py for tasks to queue
[2025-06-27T07:47:19.387+0000] {logging_mixin.py:190} INFO - [2025-06-27T07:47:19.386+0000] {dagbag.py:588} INFO - Filling up the DagBag from /home/airflow/.local/lib/python3.12/site-packages/airflow/example_dags/example_dag_decorator.py
[2025-06-27T07:47:19.409+0000] {processor.py:925} INFO - DAG(s) 'example_dag_decorator' retrieved from /home/airflow/.local/lib/python3.12/site-packages/airflow/example_dags/example_dag_decorator.py
[2025-06-27T07:47:19.606+0000] {logging_mixin.py:190} INFO - [2025-06-27T07:47:19.605+0000] {dag.py:3239} INFO - Sync 1 DAGs
[2025-06-27T07:47:19.627+0000] {logging_mixin.py:190} INFO - [2025-06-27T07:47:19.627+0000] {dag.py:4180} INFO - Setting next_dagrun for example_dag_decorator to None, run_after=None
[2025-06-27T07:47:19.663+0000] {processor.py:208} INFO - Processing /home/airflow/.local/lib/python3.12/site-packages/airflow/example_dags/example_dag_decorator.py took 0.296 seconds
[2025-06-27T07:47:49.979+0000] {processor.py:186} INFO - Started process (PID=1355) to work on /home/airflow/.local/lib/python3.12/site-packages/airflow/example_dags/example_dag_decorator.py
[2025-06-27T07:47:49.982+0000] {processor.py:914} INFO - Processing file /home/airflow/.local/lib/python3.12/site-packages/airflow/example_dags/example_dag_decorator.py for tasks to queue
[2025-06-27T07:47:49.988+0000] {logging_mixin.py:190} INFO - [2025-06-27T07:47:49.987+0000] {dagbag.py:588} INFO - Filling up the DagBag from /home/airflow/.local/lib/python3.12/site-packages/airflow/example_dags/example_dag_decorator.py
[2025-06-27T07:47:50.023+0000] {processor.py:925} INFO - DAG(s) 'example_dag_decorator' retrieved from /home/airflow/.local/lib/python3.12/site-packages/airflow/example_dags/example_dag_decorator.py
[2025-06-27T07:47:50.118+0000] {logging_mixin.py:190} INFO - [2025-06-27T07:47:50.118+0000] {dag.py:3239} INFO - Sync 1 DAGs
[2025-06-27T07:47:50.175+0000] {logging_mixin.py:190} INFO - [2025-06-27T07:47:50.175+0000] {dag.py:4180} INFO - Setting next_dagrun for example_dag_decorator to None, run_after=None
[2025-06-27T07:47:50.235+0000] {processor.py:208} INFO - Processing /home/airflow/.local/lib/python3.12/site-packages/airflow/example_dags/example_dag_decorator.py took 0.271 seconds
[2025-06-27T07:48:20.390+0000] {processor.py:186} INFO - Started process (PID=1417) to work on /home/airflow/.local/lib/python3.12/site-packages/airflow/example_dags/example_dag_decorator.py
[2025-06-27T07:48:20.393+0000] {processor.py:914} INFO - Processing file /home/airflow/.local/lib/python3.12/site-packages/airflow/example_dags/example_dag_decorator.py for tasks to queue
[2025-06-27T07:48:20.400+0000] {logging_mixin.py:190} INFO - [2025-06-27T07:48:20.399+0000] {dagbag.py:588} INFO - Filling up the DagBag from /home/airflow/.local/lib/python3.12/site-packages/airflow/example_dags/example_dag_decorator.py
[2025-06-27T07:48:20.480+0000] {processor.py:925} INFO - DAG(s) 'example_dag_decorator' retrieved from /home/airflow/.local/lib/python3.12/site-packages/airflow/example_dags/example_dag_decorator.py
[2025-06-27T07:48:20.538+0000] {logging_mixin.py:190} INFO - [2025-06-27T07:48:20.537+0000] {dag.py:3239} INFO - Sync 1 DAGs
[2025-06-27T07:48:20.574+0000] {logging_mixin.py:190} INFO - [2025-06-27T07:48:20.573+0000] {dag.py:4180} INFO - Setting next_dagrun for example_dag_decorator to None, run_after=None
[2025-06-27T07:48:20.633+0000] {processor.py:208} INFO - Processing /home/airflow/.local/lib/python3.12/site-packages/airflow/example_dags/example_dag_decorator.py took 0.259 seconds
[2025-06-27T07:48:51.025+0000] {processor.py:186} INFO - Started process (PID=1480) to work on /home/airflow/.local/lib/python3.12/site-packages/airflow/example_dags/example_dag_decorator.py
[2025-06-27T07:48:51.027+0000] {processor.py:914} INFO - Processing file /home/airflow/.local/lib/python3.12/site-packages/airflow/example_dags/example_dag_decorator.py for tasks to queue
[2025-06-27T07:48:51.035+0000] {logging_mixin.py:190} INFO - [2025-06-27T07:48:51.034+0000] {dagbag.py:588} INFO - Filling up the DagBag from /home/airflow/.local/lib/python3.12/site-packages/airflow/example_dags/example_dag_decorator.py
[2025-06-27T07:48:51.064+0000] {processor.py:925} INFO - DAG(s) 'example_dag_decorator' retrieved from /home/airflow/.local/lib/python3.12/site-packages/airflow/example_dags/example_dag_decorator.py
[2025-06-27T07:48:51.444+0000] {logging_mixin.py:190} INFO - [2025-06-27T07:48:51.444+0000] {dag.py:3239} INFO - Sync 1 DAGs
[2025-06-27T07:48:51.467+0000] {logging_mixin.py:190} INFO - [2025-06-27T07:48:51.467+0000] {dag.py:4180} INFO - Setting next_dagrun for example_dag_decorator to None, run_after=None
[2025-06-27T07:48:51.502+0000] {processor.py:208} INFO - Processing /home/airflow/.local/lib/python3.12/site-packages/airflow/example_dags/example_dag_decorator.py took 0.496 seconds
[2025-06-27T07:52:28.817+0000] {processor.py:186} INFO - Started process (PID=126) to work on /home/airflow/.local/lib/python3.12/site-packages/airflow/example_dags/example_dag_decorator.py
[2025-06-27T07:52:28.836+0000] {processor.py:914} INFO - Processing file /home/airflow/.local/lib/python3.12/site-packages/airflow/example_dags/example_dag_decorator.py for tasks to queue
[2025-06-27T07:52:28.936+0000] {logging_mixin.py:190} INFO - [2025-06-27T07:52:28.934+0000] {dagbag.py:588} INFO - Filling up the DagBag from /home/airflow/.local/lib/python3.12/site-packages/airflow/example_dags/example_dag_decorator.py
[2025-06-27T07:52:29.237+0000] {processor.py:925} INFO - DAG(s) 'example_dag_decorator' retrieved from /home/airflow/.local/lib/python3.12/site-packages/airflow/example_dags/example_dag_decorator.py
[2025-06-27T07:52:30.458+0000] {logging_mixin.py:190} INFO - [2025-06-27T07:52:30.457+0000] {dag.py:3239} INFO - Sync 1 DAGs
[2025-06-27T07:52:30.571+0000] {logging_mixin.py:190} INFO - [2025-06-27T07:52:30.570+0000] {dag.py:4180} INFO - Setting next_dagrun for example_dag_decorator to None, run_after=None
[2025-06-27T07:52:30.725+0000] {processor.py:208} INFO - Processing /home/airflow/.local/lib/python3.12/site-packages/airflow/example_dags/example_dag_decorator.py took 1.971 seconds
[2025-06-27T07:53:01.145+0000] {processor.py:186} INFO - Started process (PID=190) to work on /home/airflow/.local/lib/python3.12/site-packages/airflow/example_dags/example_dag_decorator.py
[2025-06-27T07:53:01.149+0000] {processor.py:914} INFO - Processing file /home/airflow/.local/lib/python3.12/site-packages/airflow/example_dags/example_dag_decorator.py for tasks to queue
[2025-06-27T07:53:01.157+0000] {logging_mixin.py:190} INFO - [2025-06-27T07:53:01.156+0000] {dagbag.py:588} INFO - Filling up the DagBag from /home/airflow/.local/lib/python3.12/site-packages/airflow/example_dags/example_dag_decorator.py
[2025-06-27T07:53:01.216+0000] {processor.py:925} INFO - DAG(s) 'example_dag_decorator' retrieved from /home/airflow/.local/lib/python3.12/site-packages/airflow/example_dags/example_dag_decorator.py
[2025-06-27T07:53:01.700+0000] {logging_mixin.py:190} INFO - [2025-06-27T07:53:01.699+0000] {dag.py:3239} INFO - Sync 1 DAGs
[2025-06-27T07:53:01.744+0000] {logging_mixin.py:190} INFO - [2025-06-27T07:53:01.743+0000] {dag.py:4180} INFO - Setting next_dagrun for example_dag_decorator to None, run_after=None
[2025-06-27T07:53:01.801+0000] {processor.py:208} INFO - Processing /home/airflow/.local/lib/python3.12/site-packages/airflow/example_dags/example_dag_decorator.py took 0.678 seconds
[2025-06-27T07:53:32.500+0000] {processor.py:186} INFO - Started process (PID=253) to work on /home/airflow/.local/lib/python3.12/site-packages/airflow/example_dags/example_dag_decorator.py
[2025-06-27T07:53:32.503+0000] {processor.py:914} INFO - Processing file /home/airflow/.local/lib/python3.12/site-packages/airflow/example_dags/example_dag_decorator.py for tasks to queue
[2025-06-27T07:53:32.509+0000] {logging_mixin.py:190} INFO - [2025-06-27T07:53:32.508+0000] {dagbag.py:588} INFO - Filling up the DagBag from /home/airflow/.local/lib/python3.12/site-packages/airflow/example_dags/example_dag_decorator.py
[2025-06-27T07:53:32.546+0000] {processor.py:925} INFO - DAG(s) 'example_dag_decorator' retrieved from /home/airflow/.local/lib/python3.12/site-packages/airflow/example_dags/example_dag_decorator.py
[2025-06-27T07:53:32.913+0000] {logging_mixin.py:190} INFO - [2025-06-27T07:53:32.913+0000] {dag.py:3239} INFO - Sync 1 DAGs
[2025-06-27T07:53:32.934+0000] {logging_mixin.py:190} INFO - [2025-06-27T07:53:32.933+0000] {dag.py:4180} INFO - Setting next_dagrun for example_dag_decorator to None, run_after=None
[2025-06-27T07:53:32.970+0000] {processor.py:208} INFO - Processing /home/airflow/.local/lib/python3.12/site-packages/airflow/example_dags/example_dag_decorator.py took 0.485 seconds
[2025-06-27T07:54:03.272+0000] {processor.py:186} INFO - Started process (PID=318) to work on /home/airflow/.local/lib/python3.12/site-packages/airflow/example_dags/example_dag_decorator.py
[2025-06-27T07:54:03.275+0000] {processor.py:914} INFO - Processing file /home/airflow/.local/lib/python3.12/site-packages/airflow/example_dags/example_dag_decorator.py for tasks to queue
[2025-06-27T07:54:03.282+0000] {logging_mixin.py:190} INFO - [2025-06-27T07:54:03.281+0000] {dagbag.py:588} INFO - Filling up the DagBag from /home/airflow/.local/lib/python3.12/site-packages/airflow/example_dags/example_dag_decorator.py
[2025-06-27T07:54:03.310+0000] {processor.py:925} INFO - DAG(s) 'example_dag_decorator' retrieved from /home/airflow/.local/lib/python3.12/site-packages/airflow/example_dags/example_dag_decorator.py
[2025-06-27T07:54:03.605+0000] {logging_mixin.py:190} INFO - [2025-06-27T07:54:03.605+0000] {dag.py:3239} INFO - Sync 1 DAGs
[2025-06-27T07:54:03.643+0000] {logging_mixin.py:190} INFO - [2025-06-27T07:54:03.642+0000] {dag.py:4180} INFO - Setting next_dagrun for example_dag_decorator to None, run_after=None
[2025-06-27T07:54:03.689+0000] {processor.py:208} INFO - Processing /home/airflow/.local/lib/python3.12/site-packages/airflow/example_dags/example_dag_decorator.py took 0.432 seconds
[2025-06-27T07:54:34.420+0000] {processor.py:186} INFO - Started process (PID=381) to work on /home/airflow/.local/lib/python3.12/site-packages/airflow/example_dags/example_dag_decorator.py
[2025-06-27T07:54:34.422+0000] {processor.py:914} INFO - Processing file /home/airflow/.local/lib/python3.12/site-packages/airflow/example_dags/example_dag_decorator.py for tasks to queue
[2025-06-27T07:54:34.425+0000] {logging_mixin.py:190} INFO - [2025-06-27T07:54:34.425+0000] {dagbag.py:588} INFO - Filling up the DagBag from /home/airflow/.local/lib/python3.12/site-packages/airflow/example_dags/example_dag_decorator.py
[2025-06-27T07:54:34.442+0000] {processor.py:925} INFO - DAG(s) 'example_dag_decorator' retrieved from /home/airflow/.local/lib/python3.12/site-packages/airflow/example_dags/example_dag_decorator.py
[2025-06-27T07:54:34.616+0000] {logging_mixin.py:190} INFO - [2025-06-27T07:54:34.615+0000] {dag.py:3239} INFO - Sync 1 DAGs
[2025-06-27T07:54:34.638+0000] {logging_mixin.py:190} INFO - [2025-06-27T07:54:34.638+0000] {dag.py:4180} INFO - Setting next_dagrun for example_dag_decorator to None, run_after=None
[2025-06-27T07:54:34.666+0000] {processor.py:208} INFO - Processing /home/airflow/.local/lib/python3.12/site-packages/airflow/example_dags/example_dag_decorator.py took 0.255 seconds
[2025-06-27T07:55:04.894+0000] {processor.py:186} INFO - Started process (PID=443) to work on /home/airflow/.local/lib/python3.12/site-packages/airflow/example_dags/example_dag_decorator.py
[2025-06-27T07:55:04.898+0000] {processor.py:914} INFO - Processing file /home/airflow/.local/lib/python3.12/site-packages/airflow/example_dags/example_dag_decorator.py for tasks to queue
[2025-06-27T07:55:04.914+0000] {logging_mixin.py:190} INFO - [2025-06-27T07:55:04.912+0000] {dagbag.py:588} INFO - Filling up the DagBag from /home/airflow/.local/lib/python3.12/site-packages/airflow/example_dags/example_dag_decorator.py
[2025-06-27T07:55:04.954+0000] {processor.py:925} INFO - DAG(s) 'example_dag_decorator' retrieved from /home/airflow/.local/lib/python3.12/site-packages/airflow/example_dags/example_dag_decorator.py
[2025-06-27T07:55:05.402+0000] {logging_mixin.py:190} INFO - [2025-06-27T07:55:05.401+0000] {dag.py:3239} INFO - Sync 1 DAGs
[2025-06-27T07:55:05.445+0000] {logging_mixin.py:190} INFO - [2025-06-27T07:55:05.445+0000] {dag.py:4180} INFO - Setting next_dagrun for example_dag_decorator to None, run_after=None
[2025-06-27T07:55:05.513+0000] {processor.py:208} INFO - Processing /home/airflow/.local/lib/python3.12/site-packages/airflow/example_dags/example_dag_decorator.py took 0.655 seconds
[2025-06-27T07:59:52.827+0000] {processor.py:186} INFO - Started process (PID=118) to work on /home/airflow/.local/lib/python3.12/site-packages/airflow/example_dags/example_dag_decorator.py
[2025-06-27T07:59:52.835+0000] {processor.py:914} INFO - Processing file /home/airflow/.local/lib/python3.12/site-packages/airflow/example_dags/example_dag_decorator.py for tasks to queue
[2025-06-27T07:59:52.856+0000] {logging_mixin.py:190} INFO - [2025-06-27T07:59:52.852+0000] {dagbag.py:588} INFO - Filling up the DagBag from /home/airflow/.local/lib/python3.12/site-packages/airflow/example_dags/example_dag_decorator.py
[2025-06-27T07:59:52.967+0000] {processor.py:925} INFO - DAG(s) 'example_dag_decorator' retrieved from /home/airflow/.local/lib/python3.12/site-packages/airflow/example_dags/example_dag_decorator.py
[2025-06-27T07:59:56.326+0000] {logging_mixin.py:190} INFO - [2025-06-27T07:59:56.325+0000] {dag.py:3239} INFO - Sync 1 DAGs
[2025-06-27T07:59:56.465+0000] {logging_mixin.py:190} INFO - [2025-06-27T07:59:56.465+0000] {dag.py:4180} INFO - Setting next_dagrun for example_dag_decorator to None, run_after=None
[2025-06-27T07:59:56.643+0000] {processor.py:208} INFO - Processing /home/airflow/.local/lib/python3.12/site-packages/airflow/example_dags/example_dag_decorator.py took 3.853 seconds
[2025-06-27T08:01:07.169+0000] {processor.py:186} INFO - Started process (PID=201) to work on /home/airflow/.local/lib/python3.12/site-packages/airflow/example_dags/example_dag_decorator.py
[2025-06-27T08:01:07.172+0000] {processor.py:914} INFO - Processing file /home/airflow/.local/lib/python3.12/site-packages/airflow/example_dags/example_dag_decorator.py for tasks to queue
[2025-06-27T08:01:07.177+0000] {logging_mixin.py:190} INFO - [2025-06-27T08:01:07.176+0000] {dagbag.py:588} INFO - Filling up the DagBag from /home/airflow/.local/lib/python3.12/site-packages/airflow/example_dags/example_dag_decorator.py
[2025-06-27T08:01:07.214+0000] {processor.py:925} INFO - DAG(s) 'example_dag_decorator' retrieved from /home/airflow/.local/lib/python3.12/site-packages/airflow/example_dags/example_dag_decorator.py
[2025-06-27T08:01:07.662+0000] {logging_mixin.py:190} INFO - [2025-06-27T08:01:07.661+0000] {dag.py:3239} INFO - Sync 1 DAGs
[2025-06-27T08:01:07.703+0000] {logging_mixin.py:190} INFO - [2025-06-27T08:01:07.703+0000] {dag.py:4180} INFO - Setting next_dagrun for example_dag_decorator to None, run_after=None
[2025-06-27T08:01:07.771+0000] {processor.py:208} INFO - Processing /home/airflow/.local/lib/python3.12/site-packages/airflow/example_dags/example_dag_decorator.py took 0.615 seconds
[2025-06-27T08:01:38.542+0000] {processor.py:186} INFO - Started process (PID=264) to work on /home/airflow/.local/lib/python3.12/site-packages/airflow/example_dags/example_dag_decorator.py
[2025-06-27T08:01:38.548+0000] {processor.py:914} INFO - Processing file /home/airflow/.local/lib/python3.12/site-packages/airflow/example_dags/example_dag_decorator.py for tasks to queue
[2025-06-27T08:01:38.553+0000] {logging_mixin.py:190} INFO - [2025-06-27T08:01:38.552+0000] {dagbag.py:588} INFO - Filling up the DagBag from /home/airflow/.local/lib/python3.12/site-packages/airflow/example_dags/example_dag_decorator.py
[2025-06-27T08:01:38.578+0000] {processor.py:925} INFO - DAG(s) 'example_dag_decorator' retrieved from /home/airflow/.local/lib/python3.12/site-packages/airflow/example_dags/example_dag_decorator.py
[2025-06-27T08:01:38.939+0000] {logging_mixin.py:190} INFO - [2025-06-27T08:01:38.938+0000] {dag.py:3239} INFO - Sync 1 DAGs
[2025-06-27T08:01:38.970+0000] {logging_mixin.py:190} INFO - [2025-06-27T08:01:38.969+0000] {dag.py:4180} INFO - Setting next_dagrun for example_dag_decorator to None, run_after=None
[2025-06-27T08:01:39.016+0000] {processor.py:208} INFO - Processing /home/airflow/.local/lib/python3.12/site-packages/airflow/example_dags/example_dag_decorator.py took 0.484 seconds
[2025-06-27T08:02:09.414+0000] {processor.py:186} INFO - Started process (PID=328) to work on /home/airflow/.local/lib/python3.12/site-packages/airflow/example_dags/example_dag_decorator.py
[2025-06-27T08:02:09.416+0000] {processor.py:914} INFO - Processing file /home/airflow/.local/lib/python3.12/site-packages/airflow/example_dags/example_dag_decorator.py for tasks to queue
[2025-06-27T08:02:09.420+0000] {logging_mixin.py:190} INFO - [2025-06-27T08:02:09.420+0000] {dagbag.py:588} INFO - Filling up the DagBag from /home/airflow/.local/lib/python3.12/site-packages/airflow/example_dags/example_dag_decorator.py
[2025-06-27T08:02:09.438+0000] {processor.py:925} INFO - DAG(s) 'example_dag_decorator' retrieved from /home/airflow/.local/lib/python3.12/site-packages/airflow/example_dags/example_dag_decorator.py
[2025-06-27T08:02:09.688+0000] {logging_mixin.py:190} INFO - [2025-06-27T08:02:09.687+0000] {dag.py:3239} INFO - Sync 1 DAGs
[2025-06-27T08:02:09.713+0000] {logging_mixin.py:190} INFO - [2025-06-27T08:02:09.712+0000] {dag.py:4180} INFO - Setting next_dagrun for example_dag_decorator to None, run_after=None
[2025-06-27T08:02:09.751+0000] {processor.py:208} INFO - Processing /home/airflow/.local/lib/python3.12/site-packages/airflow/example_dags/example_dag_decorator.py took 0.347 seconds
[2025-06-27T08:02:40.245+0000] {processor.py:186} INFO - Started process (PID=390) to work on /home/airflow/.local/lib/python3.12/site-packages/airflow/example_dags/example_dag_decorator.py
[2025-06-27T08:02:40.247+0000] {processor.py:914} INFO - Processing file /home/airflow/.local/lib/python3.12/site-packages/airflow/example_dags/example_dag_decorator.py for tasks to queue
[2025-06-27T08:02:40.252+0000] {logging_mixin.py:190} INFO - [2025-06-27T08:02:40.252+0000] {dagbag.py:588} INFO - Filling up the DagBag from /home/airflow/.local/lib/python3.12/site-packages/airflow/example_dags/example_dag_decorator.py
[2025-06-27T08:02:40.280+0000] {processor.py:925} INFO - DAG(s) 'example_dag_decorator' retrieved from /home/airflow/.local/lib/python3.12/site-packages/airflow/example_dags/example_dag_decorator.py
[2025-06-27T08:02:40.543+0000] {logging_mixin.py:190} INFO - [2025-06-27T08:02:40.543+0000] {dag.py:3239} INFO - Sync 1 DAGs
[2025-06-27T08:02:40.565+0000] {logging_mixin.py:190} INFO - [2025-06-27T08:02:40.564+0000] {dag.py:4180} INFO - Setting next_dagrun for example_dag_decorator to None, run_after=None
[2025-06-27T08:02:40.607+0000] {processor.py:208} INFO - Processing /home/airflow/.local/lib/python3.12/site-packages/airflow/example_dags/example_dag_decorator.py took 0.374 seconds
[2025-06-27T08:03:10.784+0000] {processor.py:186} INFO - Started process (PID=454) to work on /home/airflow/.local/lib/python3.12/site-packages/airflow/example_dags/example_dag_decorator.py
[2025-06-27T08:03:10.786+0000] {processor.py:914} INFO - Processing file /home/airflow/.local/lib/python3.12/site-packages/airflow/example_dags/example_dag_decorator.py for tasks to queue
[2025-06-27T08:03:10.790+0000] {logging_mixin.py:190} INFO - [2025-06-27T08:03:10.789+0000] {dagbag.py:588} INFO - Filling up the DagBag from /home/airflow/.local/lib/python3.12/site-packages/airflow/example_dags/example_dag_decorator.py
[2025-06-27T08:03:10.813+0000] {processor.py:925} INFO - DAG(s) 'example_dag_decorator' retrieved from /home/airflow/.local/lib/python3.12/site-packages/airflow/example_dags/example_dag_decorator.py
[2025-06-27T08:03:10.978+0000] {logging_mixin.py:190} INFO - [2025-06-27T08:03:10.977+0000] {dag.py:3239} INFO - Sync 1 DAGs
[2025-06-27T08:03:10.994+0000] {logging_mixin.py:190} INFO - [2025-06-27T08:03:10.994+0000] {dag.py:4180} INFO - Setting next_dagrun for example_dag_decorator to None, run_after=None
[2025-06-27T08:03:11.025+0000] {processor.py:208} INFO - Processing /home/airflow/.local/lib/python3.12/site-packages/airflow/example_dags/example_dag_decorator.py took 0.252 seconds
[2025-06-27T08:03:41.149+0000] {processor.py:186} INFO - Started process (PID=517) to work on /home/airflow/.local/lib/python3.12/site-packages/airflow/example_dags/example_dag_decorator.py
[2025-06-27T08:03:41.150+0000] {processor.py:914} INFO - Processing file /home/airflow/.local/lib/python3.12/site-packages/airflow/example_dags/example_dag_decorator.py for tasks to queue
[2025-06-27T08:03:41.154+0000] {logging_mixin.py:190} INFO - [2025-06-27T08:03:41.153+0000] {dagbag.py:588} INFO - Filling up the DagBag from /home/airflow/.local/lib/python3.12/site-packages/airflow/example_dags/example_dag_decorator.py
[2025-06-27T08:03:41.170+0000] {processor.py:925} INFO - DAG(s) 'example_dag_decorator' retrieved from /home/airflow/.local/lib/python3.12/site-packages/airflow/example_dags/example_dag_decorator.py
[2025-06-27T08:03:41.406+0000] {logging_mixin.py:190} INFO - [2025-06-27T08:03:41.405+0000] {dag.py:3239} INFO - Sync 1 DAGs
[2025-06-27T08:03:41.430+0000] {logging_mixin.py:190} INFO - [2025-06-27T08:03:41.429+0000] {dag.py:4180} INFO - Setting next_dagrun for example_dag_decorator to None, run_after=None
[2025-06-27T08:03:41.473+0000] {processor.py:208} INFO - Processing /home/airflow/.local/lib/python3.12/site-packages/airflow/example_dags/example_dag_decorator.py took 0.332 seconds
[2025-06-27T08:04:12.939+0000] {processor.py:186} INFO - Started process (PID=579) to work on /home/airflow/.local/lib/python3.12/site-packages/airflow/example_dags/example_dag_decorator.py
[2025-06-27T08:04:12.945+0000] {processor.py:914} INFO - Processing file /home/airflow/.local/lib/python3.12/site-packages/airflow/example_dags/example_dag_decorator.py for tasks to queue
[2025-06-27T08:04:12.951+0000] {logging_mixin.py:190} INFO - [2025-06-27T08:04:12.950+0000] {dagbag.py:588} INFO - Filling up the DagBag from /home/airflow/.local/lib/python3.12/site-packages/airflow/example_dags/example_dag_decorator.py
[2025-06-27T08:04:12.983+0000] {processor.py:925} INFO - DAG(s) 'example_dag_decorator' retrieved from /home/airflow/.local/lib/python3.12/site-packages/airflow/example_dags/example_dag_decorator.py
[2025-06-27T08:04:13.363+0000] {logging_mixin.py:190} INFO - [2025-06-27T08:04:13.359+0000] {dag.py:3239} INFO - Sync 1 DAGs
[2025-06-27T08:04:13.500+0000] {logging_mixin.py:190} INFO - [2025-06-27T08:04:13.499+0000] {dag.py:4180} INFO - Setting next_dagrun for example_dag_decorator to None, run_after=None
[2025-06-27T08:04:13.689+0000] {processor.py:208} INFO - Processing /home/airflow/.local/lib/python3.12/site-packages/airflow/example_dags/example_dag_decorator.py took 0.763 seconds
[2025-06-27T08:04:44.190+0000] {processor.py:186} INFO - Started process (PID=643) to work on /home/airflow/.local/lib/python3.12/site-packages/airflow/example_dags/example_dag_decorator.py
[2025-06-27T08:04:44.194+0000] {processor.py:914} INFO - Processing file /home/airflow/.local/lib/python3.12/site-packages/airflow/example_dags/example_dag_decorator.py for tasks to queue
[2025-06-27T08:04:44.204+0000] {logging_mixin.py:190} INFO - [2025-06-27T08:04:44.203+0000] {dagbag.py:588} INFO - Filling up the DagBag from /home/airflow/.local/lib/python3.12/site-packages/airflow/example_dags/example_dag_decorator.py
[2025-06-27T08:04:44.245+0000] {processor.py:925} INFO - DAG(s) 'example_dag_decorator' retrieved from /home/airflow/.local/lib/python3.12/site-packages/airflow/example_dags/example_dag_decorator.py
[2025-06-27T08:04:44.509+0000] {logging_mixin.py:190} INFO - [2025-06-27T08:04:44.508+0000] {dag.py:3239} INFO - Sync 1 DAGs
[2025-06-27T08:04:44.532+0000] {logging_mixin.py:190} INFO - [2025-06-27T08:04:44.531+0000] {dag.py:4180} INFO - Setting next_dagrun for example_dag_decorator to None, run_after=None
[2025-06-27T08:04:44.569+0000] {processor.py:208} INFO - Processing /home/airflow/.local/lib/python3.12/site-packages/airflow/example_dags/example_dag_decorator.py took 0.399 seconds
[2025-06-27T08:05:28.122+0000] {processor.py:186} INFO - Started process (PID=719) to work on /home/airflow/.local/lib/python3.12/site-packages/airflow/example_dags/example_dag_decorator.py
[2025-06-27T08:05:28.126+0000] {processor.py:914} INFO - Processing file /home/airflow/.local/lib/python3.12/site-packages/airflow/example_dags/example_dag_decorator.py for tasks to queue
[2025-06-27T08:05:28.137+0000] {logging_mixin.py:190} INFO - [2025-06-27T08:05:28.136+0000] {dagbag.py:588} INFO - Filling up the DagBag from /home/airflow/.local/lib/python3.12/site-packages/airflow/example_dags/example_dag_decorator.py
[2025-06-27T08:05:28.202+0000] {processor.py:925} INFO - DAG(s) 'example_dag_decorator' retrieved from /home/airflow/.local/lib/python3.12/site-packages/airflow/example_dags/example_dag_decorator.py
[2025-06-27T08:05:28.638+0000] {logging_mixin.py:190} INFO - [2025-06-27T08:05:28.637+0000] {dag.py:3239} INFO - Sync 1 DAGs
[2025-06-27T08:05:28.687+0000] {logging_mixin.py:190} INFO - [2025-06-27T08:05:28.686+0000] {dag.py:4180} INFO - Setting next_dagrun for example_dag_decorator to None, run_after=None
[2025-06-27T08:05:28.765+0000] {processor.py:208} INFO - Processing /home/airflow/.local/lib/python3.12/site-packages/airflow/example_dags/example_dag_decorator.py took 0.662 seconds
[2025-06-27T08:06:04.698+0000] {processor.py:186} INFO - Started process (PID=784) to work on /home/airflow/.local/lib/python3.12/site-packages/airflow/example_dags/example_dag_decorator.py
[2025-06-27T08:06:04.700+0000] {processor.py:914} INFO - Processing file /home/airflow/.local/lib/python3.12/site-packages/airflow/example_dags/example_dag_decorator.py for tasks to queue
[2025-06-27T08:06:04.706+0000] {logging_mixin.py:190} INFO - [2025-06-27T08:06:04.705+0000] {dagbag.py:588} INFO - Filling up the DagBag from /home/airflow/.local/lib/python3.12/site-packages/airflow/example_dags/example_dag_decorator.py
[2025-06-27T08:06:04.735+0000] {processor.py:925} INFO - DAG(s) 'example_dag_decorator' retrieved from /home/airflow/.local/lib/python3.12/site-packages/airflow/example_dags/example_dag_decorator.py
[2025-06-27T08:06:05.163+0000] {logging_mixin.py:190} INFO - [2025-06-27T08:06:05.163+0000] {dag.py:3239} INFO - Sync 1 DAGs
[2025-06-27T08:06:05.197+0000] {logging_mixin.py:190} INFO - [2025-06-27T08:06:05.196+0000] {dag.py:4180} INFO - Setting next_dagrun for example_dag_decorator to None, run_after=None
[2025-06-27T08:06:05.243+0000] {processor.py:208} INFO - Processing /home/airflow/.local/lib/python3.12/site-packages/airflow/example_dags/example_dag_decorator.py took 0.560 seconds
