[2025-06-27T07:36:23.161+0000] {processor.py:186} INFO - Started process (PID=131) to work on /home/airflow/.local/lib/python3.12/site-packages/airflow/example_dags/example_bash_operator.py
[2025-06-27T07:36:23.174+0000] {processor.py:914} INFO - Processing file /home/airflow/.local/lib/python3.12/site-packages/airflow/example_dags/example_bash_operator.py for tasks to queue
[2025-06-27T07:36:23.205+0000] {logging_mixin.py:190} INFO - [2025-06-27T07:36:23.204+0000] {dagbag.py:588} INFO - Filling up the DagBag from /home/airflow/.local/lib/python3.12/site-packages/airflow/example_dags/example_bash_operator.py
[2025-06-27T07:36:23.724+0000] {processor.py:925} INFO - DAG(s) 'example_bash_operator' retrieved from /home/airflow/.local/lib/python3.12/site-packages/airflow/example_dags/example_bash_operator.py
[2025-06-27T07:36:29.124+0000] {logging_mixin.py:190} INFO - [2025-06-27T07:36:29.109+0000] {override.py:1900} INFO - Created Permission View: can read on DAG:example_bash_operator
[2025-06-27T07:36:29.374+0000] {logging_mixin.py:190} INFO - [2025-06-27T07:36:29.372+0000] {override.py:1900} INFO - Created Permission View: can edit on DAG:example_bash_operator
[2025-06-27T07:36:29.529+0000] {logging_mixin.py:190} INFO - [2025-06-27T07:36:29.528+0000] {override.py:1900} INFO - Created Permission View: can delete on DAG:example_bash_operator
[2025-06-27T07:36:29.640+0000] {logging_mixin.py:190} INFO - [2025-06-27T07:36:29.639+0000] {override.py:1900} INFO - Created Permission View: can read on DAG Run:example_bash_operator
[2025-06-27T07:36:29.773+0000] {logging_mixin.py:190} INFO - [2025-06-27T07:36:29.771+0000] {override.py:1900} INFO - Created Permission View: can create on DAG Run:example_bash_operator
[2025-06-27T07:36:29.860+0000] {logging_mixin.py:190} INFO - [2025-06-27T07:36:29.858+0000] {override.py:1900} INFO - Created Permission View: can delete on DAG Run:example_bash_operator
[2025-06-27T07:36:29.973+0000] {logging_mixin.py:190} INFO - [2025-06-27T07:36:29.960+0000] {override.py:1900} INFO - Created Permission View: menu access on DAG Run:example_bash_operator
[2025-06-27T07:36:29.997+0000] {logging_mixin.py:190} INFO - [2025-06-27T07:36:29.994+0000] {dag.py:3239} INFO - Sync 1 DAGs
[2025-06-27T07:36:30.688+0000] {logging_mixin.py:190} INFO - [2025-06-27T07:36:30.687+0000] {dag.py:3262} INFO - Creating ORM DAG for example_bash_operator
[2025-06-27T07:36:30.896+0000] {logging_mixin.py:190} INFO - [2025-06-27T07:36:30.894+0000] {dag.py:4180} INFO - Setting next_dagrun for example_bash_operator to 2025-06-26 00:00:00+00:00, run_after=2025-06-27 00:00:00+00:00
[2025-06-27T07:36:31.592+0000] {processor.py:208} INFO - Processing /home/airflow/.local/lib/python3.12/site-packages/airflow/example_dags/example_bash_operator.py took 8.477 seconds
[2025-06-27T07:37:33.142+0000] {processor.py:186} INFO - Started process (PID=206) to work on /home/airflow/.local/lib/python3.12/site-packages/airflow/example_dags/example_bash_operator.py
[2025-06-27T07:37:33.149+0000] {processor.py:914} INFO - Processing file /home/airflow/.local/lib/python3.12/site-packages/airflow/example_dags/example_bash_operator.py for tasks to queue
[2025-06-27T07:37:33.163+0000] {logging_mixin.py:190} INFO - [2025-06-27T07:37:33.161+0000] {dagbag.py:588} INFO - Filling up the DagBag from /home/airflow/.local/lib/python3.12/site-packages/airflow/example_dags/example_bash_operator.py
[2025-06-27T07:37:33.247+0000] {processor.py:925} INFO - DAG(s) 'example_bash_operator' retrieved from /home/airflow/.local/lib/python3.12/site-packages/airflow/example_dags/example_bash_operator.py
[2025-06-27T07:37:33.482+0000] {logging_mixin.py:190} INFO - [2025-06-27T07:37:33.481+0000] {dag.py:3239} INFO - Sync 1 DAGs
[2025-06-27T07:37:33.695+0000] {logging_mixin.py:190} INFO - [2025-06-27T07:37:33.694+0000] {dag.py:4180} INFO - Setting next_dagrun for example_bash_operator to 2025-06-26 00:00:00+00:00, run_after=2025-06-27 00:00:00+00:00
[2025-06-27T07:37:33.835+0000] {processor.py:208} INFO - Processing /home/airflow/.local/lib/python3.12/site-packages/airflow/example_dags/example_bash_operator.py took 0.720 seconds
[2025-06-27T07:38:16.960+0000] {processor.py:186} INFO - Started process (PID=268) to work on /home/airflow/.local/lib/python3.12/site-packages/airflow/example_dags/example_bash_operator.py
[2025-06-27T07:38:16.968+0000] {processor.py:914} INFO - Processing file /home/airflow/.local/lib/python3.12/site-packages/airflow/example_dags/example_bash_operator.py for tasks to queue
[2025-06-27T07:38:17.001+0000] {logging_mixin.py:190} INFO - [2025-06-27T07:38:16.998+0000] {dagbag.py:588} INFO - Filling up the DagBag from /home/airflow/.local/lib/python3.12/site-packages/airflow/example_dags/example_bash_operator.py
[2025-06-27T07:38:17.159+0000] {processor.py:925} INFO - DAG(s) 'example_bash_operator' retrieved from /home/airflow/.local/lib/python3.12/site-packages/airflow/example_dags/example_bash_operator.py
[2025-06-27T07:38:17.412+0000] {logging_mixin.py:190} INFO - [2025-06-27T07:38:17.411+0000] {dag.py:3239} INFO - Sync 1 DAGs
[2025-06-27T07:38:17.520+0000] {logging_mixin.py:190} INFO - [2025-06-27T07:38:17.519+0000] {dag.py:4180} INFO - Setting next_dagrun for example_bash_operator to 2025-06-26 00:00:00+00:00, run_after=2025-06-27 00:00:00+00:00
[2025-06-27T07:38:17.600+0000] {processor.py:208} INFO - Processing /home/airflow/.local/lib/python3.12/site-packages/airflow/example_dags/example_bash_operator.py took 0.726 seconds
[2025-06-27T07:38:48.263+0000] {processor.py:186} INFO - Started process (PID=330) to work on /home/airflow/.local/lib/python3.12/site-packages/airflow/example_dags/example_bash_operator.py
[2025-06-27T07:38:48.268+0000] {processor.py:914} INFO - Processing file /home/airflow/.local/lib/python3.12/site-packages/airflow/example_dags/example_bash_operator.py for tasks to queue
[2025-06-27T07:38:48.284+0000] {logging_mixin.py:190} INFO - [2025-06-27T07:38:48.281+0000] {dagbag.py:588} INFO - Filling up the DagBag from /home/airflow/.local/lib/python3.12/site-packages/airflow/example_dags/example_bash_operator.py
[2025-06-27T07:38:48.409+0000] {processor.py:925} INFO - DAG(s) 'example_bash_operator' retrieved from /home/airflow/.local/lib/python3.12/site-packages/airflow/example_dags/example_bash_operator.py
[2025-06-27T07:38:48.639+0000] {logging_mixin.py:190} INFO - [2025-06-27T07:38:48.638+0000] {dag.py:3239} INFO - Sync 1 DAGs
[2025-06-27T07:38:48.841+0000] {logging_mixin.py:190} INFO - [2025-06-27T07:38:48.840+0000] {dag.py:4180} INFO - Setting next_dagrun for example_bash_operator to 2025-06-26 00:00:00+00:00, run_after=2025-06-27 00:00:00+00:00
[2025-06-27T07:38:48.982+0000] {processor.py:208} INFO - Processing /home/airflow/.local/lib/python3.12/site-packages/airflow/example_dags/example_bash_operator.py took 0.764 seconds
[2025-06-27T07:39:30.754+0000] {processor.py:186} INFO - Started process (PID=393) to work on /home/airflow/.local/lib/python3.12/site-packages/airflow/example_dags/example_bash_operator.py
[2025-06-27T07:39:30.804+0000] {processor.py:914} INFO - Processing file /home/airflow/.local/lib/python3.12/site-packages/airflow/example_dags/example_bash_operator.py for tasks to queue
[2025-06-27T07:39:30.825+0000] {logging_mixin.py:190} INFO - [2025-06-27T07:39:30.823+0000] {dagbag.py:588} INFO - Filling up the DagBag from /home/airflow/.local/lib/python3.12/site-packages/airflow/example_dags/example_bash_operator.py
[2025-06-27T07:39:31.160+0000] {processor.py:925} INFO - DAG(s) 'example_bash_operator' retrieved from /home/airflow/.local/lib/python3.12/site-packages/airflow/example_dags/example_bash_operator.py
[2025-06-27T07:39:31.785+0000] {logging_mixin.py:190} INFO - [2025-06-27T07:39:31.783+0000] {dag.py:3239} INFO - Sync 1 DAGs
[2025-06-27T07:39:32.086+0000] {logging_mixin.py:190} INFO - [2025-06-27T07:39:32.085+0000] {dag.py:4180} INFO - Setting next_dagrun for example_bash_operator to 2025-06-26 00:00:00+00:00, run_after=2025-06-27 00:00:00+00:00
[2025-06-27T07:39:32.269+0000] {processor.py:208} INFO - Processing /home/airflow/.local/lib/python3.12/site-packages/airflow/example_dags/example_bash_operator.py took 1.679 seconds
[2025-06-27T07:40:03.076+0000] {processor.py:186} INFO - Started process (PID=456) to work on /home/airflow/.local/lib/python3.12/site-packages/airflow/example_dags/example_bash_operator.py
[2025-06-27T07:40:03.080+0000] {processor.py:914} INFO - Processing file /home/airflow/.local/lib/python3.12/site-packages/airflow/example_dags/example_bash_operator.py for tasks to queue
[2025-06-27T07:40:03.087+0000] {logging_mixin.py:190} INFO - [2025-06-27T07:40:03.086+0000] {dagbag.py:588} INFO - Filling up the DagBag from /home/airflow/.local/lib/python3.12/site-packages/airflow/example_dags/example_bash_operator.py
[2025-06-27T07:40:03.156+0000] {processor.py:925} INFO - DAG(s) 'example_bash_operator' retrieved from /home/airflow/.local/lib/python3.12/site-packages/airflow/example_dags/example_bash_operator.py
[2025-06-27T07:40:03.303+0000] {logging_mixin.py:190} INFO - [2025-06-27T07:40:03.302+0000] {dag.py:3239} INFO - Sync 1 DAGs
[2025-06-27T07:40:03.449+0000] {logging_mixin.py:190} INFO - [2025-06-27T07:40:03.448+0000] {dag.py:4180} INFO - Setting next_dagrun for example_bash_operator to 2025-06-26 00:00:00+00:00, run_after=2025-06-27 00:00:00+00:00
[2025-06-27T07:40:03.587+0000] {processor.py:208} INFO - Processing /home/airflow/.local/lib/python3.12/site-packages/airflow/example_dags/example_bash_operator.py took 0.539 seconds
[2025-06-27T07:40:34.466+0000] {processor.py:186} INFO - Started process (PID=525) to work on /home/airflow/.local/lib/python3.12/site-packages/airflow/example_dags/example_bash_operator.py
[2025-06-27T07:40:34.527+0000] {processor.py:914} INFO - Processing file /home/airflow/.local/lib/python3.12/site-packages/airflow/example_dags/example_bash_operator.py for tasks to queue
[2025-06-27T07:40:34.566+0000] {logging_mixin.py:190} INFO - [2025-06-27T07:40:34.561+0000] {dagbag.py:588} INFO - Filling up the DagBag from /home/airflow/.local/lib/python3.12/site-packages/airflow/example_dags/example_bash_operator.py
[2025-06-27T07:40:34.724+0000] {processor.py:925} INFO - DAG(s) 'example_bash_operator' retrieved from /home/airflow/.local/lib/python3.12/site-packages/airflow/example_dags/example_bash_operator.py
[2025-06-27T07:40:34.971+0000] {logging_mixin.py:190} INFO - [2025-06-27T07:40:34.970+0000] {dag.py:3239} INFO - Sync 1 DAGs
[2025-06-27T07:40:35.155+0000] {logging_mixin.py:190} INFO - [2025-06-27T07:40:35.153+0000] {dag.py:4180} INFO - Setting next_dagrun for example_bash_operator to 2025-06-26 00:00:00+00:00, run_after=2025-06-27 00:00:00+00:00
[2025-06-27T07:40:35.281+0000] {processor.py:208} INFO - Processing /home/airflow/.local/lib/python3.12/site-packages/airflow/example_dags/example_bash_operator.py took 0.867 seconds
[2025-06-27T07:41:05.799+0000] {processor.py:186} INFO - Started process (PID=588) to work on /home/airflow/.local/lib/python3.12/site-packages/airflow/example_dags/example_bash_operator.py
[2025-06-27T07:41:05.802+0000] {processor.py:914} INFO - Processing file /home/airflow/.local/lib/python3.12/site-packages/airflow/example_dags/example_bash_operator.py for tasks to queue
[2025-06-27T07:41:05.808+0000] {logging_mixin.py:190} INFO - [2025-06-27T07:41:05.807+0000] {dagbag.py:588} INFO - Filling up the DagBag from /home/airflow/.local/lib/python3.12/site-packages/airflow/example_dags/example_bash_operator.py
[2025-06-27T07:41:05.837+0000] {processor.py:925} INFO - DAG(s) 'example_bash_operator' retrieved from /home/airflow/.local/lib/python3.12/site-packages/airflow/example_dags/example_bash_operator.py
[2025-06-27T07:41:05.908+0000] {logging_mixin.py:190} INFO - [2025-06-27T07:41:05.907+0000] {dag.py:3239} INFO - Sync 1 DAGs
[2025-06-27T07:41:05.985+0000] {logging_mixin.py:190} INFO - [2025-06-27T07:41:05.985+0000] {dag.py:4180} INFO - Setting next_dagrun for example_bash_operator to 2025-06-26 00:00:00+00:00, run_after=2025-06-27 00:00:00+00:00
[2025-06-27T07:41:06.053+0000] {processor.py:208} INFO - Processing /home/airflow/.local/lib/python3.12/site-packages/airflow/example_dags/example_bash_operator.py took 0.268 seconds
[2025-06-27T07:41:40.683+0000] {processor.py:186} INFO - Started process (PID=645) to work on /home/airflow/.local/lib/python3.12/site-packages/airflow/example_dags/example_bash_operator.py
[2025-06-27T07:41:40.689+0000] {processor.py:914} INFO - Processing file /home/airflow/.local/lib/python3.12/site-packages/airflow/example_dags/example_bash_operator.py for tasks to queue
[2025-06-27T07:41:40.696+0000] {logging_mixin.py:190} INFO - [2025-06-27T07:41:40.695+0000] {dagbag.py:588} INFO - Filling up the DagBag from /home/airflow/.local/lib/python3.12/site-packages/airflow/example_dags/example_bash_operator.py
[2025-06-27T07:41:40.726+0000] {processor.py:925} INFO - DAG(s) 'example_bash_operator' retrieved from /home/airflow/.local/lib/python3.12/site-packages/airflow/example_dags/example_bash_operator.py
[2025-06-27T07:41:40.792+0000] {logging_mixin.py:190} INFO - [2025-06-27T07:41:40.791+0000] {dag.py:3239} INFO - Sync 1 DAGs
[2025-06-27T07:41:40.863+0000] {logging_mixin.py:190} INFO - [2025-06-27T07:41:40.863+0000] {dag.py:4180} INFO - Setting next_dagrun for example_bash_operator to 2025-06-26 00:00:00+00:00, run_after=2025-06-27 00:00:00+00:00
[2025-06-27T07:41:40.926+0000] {processor.py:208} INFO - Processing /home/airflow/.local/lib/python3.12/site-packages/airflow/example_dags/example_bash_operator.py took 0.262 seconds
[2025-06-27T07:42:29.717+0000] {processor.py:186} INFO - Started process (PID=703) to work on /home/airflow/.local/lib/python3.12/site-packages/airflow/example_dags/example_bash_operator.py
[2025-06-27T07:42:29.729+0000] {processor.py:914} INFO - Processing file /home/airflow/.local/lib/python3.12/site-packages/airflow/example_dags/example_bash_operator.py for tasks to queue
[2025-06-27T07:42:29.749+0000] {logging_mixin.py:190} INFO - [2025-06-27T07:42:29.746+0000] {dagbag.py:588} INFO - Filling up the DagBag from /home/airflow/.local/lib/python3.12/site-packages/airflow/example_dags/example_bash_operator.py
[2025-06-27T07:42:29.939+0000] {processor.py:925} INFO - DAG(s) 'example_bash_operator' retrieved from /home/airflow/.local/lib/python3.12/site-packages/airflow/example_dags/example_bash_operator.py
[2025-06-27T07:42:30.222+0000] {logging_mixin.py:190} INFO - [2025-06-27T07:42:30.220+0000] {dag.py:3239} INFO - Sync 1 DAGs
[2025-06-27T07:42:30.537+0000] {logging_mixin.py:190} INFO - [2025-06-27T07:42:30.536+0000] {dag.py:4180} INFO - Setting next_dagrun for example_bash_operator to 2025-06-26 00:00:00+00:00, run_after=2025-06-27 00:00:00+00:00
[2025-06-27T07:42:30.680+0000] {processor.py:208} INFO - Processing /home/airflow/.local/lib/python3.12/site-packages/airflow/example_dags/example_bash_operator.py took 1.032 seconds
[2025-06-27T07:43:01.100+0000] {processor.py:186} INFO - Started process (PID=766) to work on /home/airflow/.local/lib/python3.12/site-packages/airflow/example_dags/example_bash_operator.py
[2025-06-27T07:43:01.104+0000] {processor.py:914} INFO - Processing file /home/airflow/.local/lib/python3.12/site-packages/airflow/example_dags/example_bash_operator.py for tasks to queue
[2025-06-27T07:43:01.115+0000] {logging_mixin.py:190} INFO - [2025-06-27T07:43:01.114+0000] {dagbag.py:588} INFO - Filling up the DagBag from /home/airflow/.local/lib/python3.12/site-packages/airflow/example_dags/example_bash_operator.py
[2025-06-27T07:43:01.166+0000] {processor.py:925} INFO - DAG(s) 'example_bash_operator' retrieved from /home/airflow/.local/lib/python3.12/site-packages/airflow/example_dags/example_bash_operator.py
[2025-06-27T07:43:01.248+0000] {logging_mixin.py:190} INFO - [2025-06-27T07:43:01.247+0000] {dag.py:3239} INFO - Sync 1 DAGs
[2025-06-27T07:43:01.306+0000] {logging_mixin.py:190} INFO - [2025-06-27T07:43:01.305+0000] {dag.py:4180} INFO - Setting next_dagrun for example_bash_operator to 2025-06-26 00:00:00+00:00, run_after=2025-06-27 00:00:00+00:00
[2025-06-27T07:43:01.355+0000] {processor.py:208} INFO - Processing /home/airflow/.local/lib/python3.12/site-packages/airflow/example_dags/example_bash_operator.py took 0.284 seconds
[2025-06-27T07:43:34.430+0000] {processor.py:186} INFO - Started process (PID=829) to work on /home/airflow/.local/lib/python3.12/site-packages/airflow/example_dags/example_bash_operator.py
[2025-06-27T07:43:34.433+0000] {processor.py:914} INFO - Processing file /home/airflow/.local/lib/python3.12/site-packages/airflow/example_dags/example_bash_operator.py for tasks to queue
[2025-06-27T07:43:34.444+0000] {logging_mixin.py:190} INFO - [2025-06-27T07:43:34.443+0000] {dagbag.py:588} INFO - Filling up the DagBag from /home/airflow/.local/lib/python3.12/site-packages/airflow/example_dags/example_bash_operator.py
[2025-06-27T07:43:34.491+0000] {processor.py:925} INFO - DAG(s) 'example_bash_operator' retrieved from /home/airflow/.local/lib/python3.12/site-packages/airflow/example_dags/example_bash_operator.py
[2025-06-27T07:43:34.655+0000] {logging_mixin.py:190} INFO - [2025-06-27T07:43:34.654+0000] {dag.py:3239} INFO - Sync 1 DAGs
[2025-06-27T07:43:34.734+0000] {logging_mixin.py:190} INFO - [2025-06-27T07:43:34.732+0000] {dag.py:4180} INFO - Setting next_dagrun for example_bash_operator to 2025-06-26 00:00:00+00:00, run_after=2025-06-27 00:00:00+00:00
[2025-06-27T07:43:34.816+0000] {processor.py:208} INFO - Processing /home/airflow/.local/lib/python3.12/site-packages/airflow/example_dags/example_bash_operator.py took 0.406 seconds
[2025-06-27T07:44:05.843+0000] {processor.py:186} INFO - Started process (PID=892) to work on /home/airflow/.local/lib/python3.12/site-packages/airflow/example_dags/example_bash_operator.py
[2025-06-27T07:44:05.846+0000] {processor.py:914} INFO - Processing file /home/airflow/.local/lib/python3.12/site-packages/airflow/example_dags/example_bash_operator.py for tasks to queue
[2025-06-27T07:44:05.852+0000] {logging_mixin.py:190} INFO - [2025-06-27T07:44:05.851+0000] {dagbag.py:588} INFO - Filling up the DagBag from /home/airflow/.local/lib/python3.12/site-packages/airflow/example_dags/example_bash_operator.py
[2025-06-27T07:44:05.886+0000] {processor.py:925} INFO - DAG(s) 'example_bash_operator' retrieved from /home/airflow/.local/lib/python3.12/site-packages/airflow/example_dags/example_bash_operator.py
[2025-06-27T07:44:05.947+0000] {logging_mixin.py:190} INFO - [2025-06-27T07:44:05.947+0000] {dag.py:3239} INFO - Sync 1 DAGs
[2025-06-27T07:44:06.001+0000] {logging_mixin.py:190} INFO - [2025-06-27T07:44:06.001+0000] {dag.py:4180} INFO - Setting next_dagrun for example_bash_operator to 2025-06-26 00:00:00+00:00, run_after=2025-06-27 00:00:00+00:00
[2025-06-27T07:44:06.055+0000] {processor.py:208} INFO - Processing /home/airflow/.local/lib/python3.12/site-packages/airflow/example_dags/example_bash_operator.py took 0.225 seconds
[2025-06-27T07:44:37.310+0000] {processor.py:186} INFO - Started process (PID=954) to work on /home/airflow/.local/lib/python3.12/site-packages/airflow/example_dags/example_bash_operator.py
[2025-06-27T07:44:37.317+0000] {processor.py:914} INFO - Processing file /home/airflow/.local/lib/python3.12/site-packages/airflow/example_dags/example_bash_operator.py for tasks to queue
[2025-06-27T07:44:37.331+0000] {logging_mixin.py:190} INFO - [2025-06-27T07:44:37.330+0000] {dagbag.py:588} INFO - Filling up the DagBag from /home/airflow/.local/lib/python3.12/site-packages/airflow/example_dags/example_bash_operator.py
[2025-06-27T07:44:37.418+0000] {processor.py:925} INFO - DAG(s) 'example_bash_operator' retrieved from /home/airflow/.local/lib/python3.12/site-packages/airflow/example_dags/example_bash_operator.py
[2025-06-27T07:44:37.593+0000] {logging_mixin.py:190} INFO - [2025-06-27T07:44:37.592+0000] {dag.py:3239} INFO - Sync 1 DAGs
[2025-06-27T07:44:37.690+0000] {logging_mixin.py:190} INFO - [2025-06-27T07:44:37.689+0000] {dag.py:4180} INFO - Setting next_dagrun for example_bash_operator to 2025-06-26 00:00:00+00:00, run_after=2025-06-27 00:00:00+00:00
[2025-06-27T07:44:37.766+0000] {processor.py:208} INFO - Processing /home/airflow/.local/lib/python3.12/site-packages/airflow/example_dags/example_bash_operator.py took 0.491 seconds
[2025-06-27T07:45:08.168+0000] {processor.py:186} INFO - Started process (PID=1024) to work on /home/airflow/.local/lib/python3.12/site-packages/airflow/example_dags/example_bash_operator.py
[2025-06-27T07:45:08.171+0000] {processor.py:914} INFO - Processing file /home/airflow/.local/lib/python3.12/site-packages/airflow/example_dags/example_bash_operator.py for tasks to queue
[2025-06-27T07:45:08.187+0000] {logging_mixin.py:190} INFO - [2025-06-27T07:45:08.186+0000] {dagbag.py:588} INFO - Filling up the DagBag from /home/airflow/.local/lib/python3.12/site-packages/airflow/example_dags/example_bash_operator.py
[2025-06-27T07:45:08.256+0000] {processor.py:925} INFO - DAG(s) 'example_bash_operator' retrieved from /home/airflow/.local/lib/python3.12/site-packages/airflow/example_dags/example_bash_operator.py
[2025-06-27T07:45:08.334+0000] {logging_mixin.py:190} INFO - [2025-06-27T07:45:08.333+0000] {dag.py:3239} INFO - Sync 1 DAGs
[2025-06-27T07:45:08.424+0000] {logging_mixin.py:190} INFO - [2025-06-27T07:45:08.423+0000] {dag.py:4180} INFO - Setting next_dagrun for example_bash_operator to 2025-06-26 00:00:00+00:00, run_after=2025-06-27 00:00:00+00:00
[2025-06-27T07:45:08.492+0000] {processor.py:208} INFO - Processing /home/airflow/.local/lib/python3.12/site-packages/airflow/example_dags/example_bash_operator.py took 0.350 seconds
[2025-06-27T07:45:39.501+0000] {processor.py:186} INFO - Started process (PID=1087) to work on /home/airflow/.local/lib/python3.12/site-packages/airflow/example_dags/example_bash_operator.py
[2025-06-27T07:45:39.504+0000] {processor.py:914} INFO - Processing file /home/airflow/.local/lib/python3.12/site-packages/airflow/example_dags/example_bash_operator.py for tasks to queue
[2025-06-27T07:45:39.511+0000] {logging_mixin.py:190} INFO - [2025-06-27T07:45:39.510+0000] {dagbag.py:588} INFO - Filling up the DagBag from /home/airflow/.local/lib/python3.12/site-packages/airflow/example_dags/example_bash_operator.py
[2025-06-27T07:45:39.551+0000] {processor.py:925} INFO - DAG(s) 'example_bash_operator' retrieved from /home/airflow/.local/lib/python3.12/site-packages/airflow/example_dags/example_bash_operator.py
[2025-06-27T07:45:39.621+0000] {logging_mixin.py:190} INFO - [2025-06-27T07:45:39.620+0000] {dag.py:3239} INFO - Sync 1 DAGs
[2025-06-27T07:45:39.681+0000] {logging_mixin.py:190} INFO - [2025-06-27T07:45:39.680+0000] {dag.py:4180} INFO - Setting next_dagrun for example_bash_operator to 2025-06-26 00:00:00+00:00, run_after=2025-06-27 00:00:00+00:00
[2025-06-27T07:45:39.725+0000] {processor.py:208} INFO - Processing /home/airflow/.local/lib/python3.12/site-packages/airflow/example_dags/example_bash_operator.py took 0.237 seconds
[2025-06-27T07:46:09.869+0000] {processor.py:186} INFO - Started process (PID=1150) to work on /home/airflow/.local/lib/python3.12/site-packages/airflow/example_dags/example_bash_operator.py
[2025-06-27T07:46:09.871+0000] {processor.py:914} INFO - Processing file /home/airflow/.local/lib/python3.12/site-packages/airflow/example_dags/example_bash_operator.py for tasks to queue
[2025-06-27T07:46:09.876+0000] {logging_mixin.py:190} INFO - [2025-06-27T07:46:09.875+0000] {dagbag.py:588} INFO - Filling up the DagBag from /home/airflow/.local/lib/python3.12/site-packages/airflow/example_dags/example_bash_operator.py
[2025-06-27T07:46:09.898+0000] {processor.py:925} INFO - DAG(s) 'example_bash_operator' retrieved from /home/airflow/.local/lib/python3.12/site-packages/airflow/example_dags/example_bash_operator.py
[2025-06-27T07:46:09.947+0000] {logging_mixin.py:190} INFO - [2025-06-27T07:46:09.946+0000] {dag.py:3239} INFO - Sync 1 DAGs
[2025-06-27T07:46:09.987+0000] {logging_mixin.py:190} INFO - [2025-06-27T07:46:09.986+0000] {dag.py:4180} INFO - Setting next_dagrun for example_bash_operator to 2025-06-26 00:00:00+00:00, run_after=2025-06-27 00:00:00+00:00
[2025-06-27T07:46:10.017+0000] {processor.py:208} INFO - Processing /home/airflow/.local/lib/python3.12/site-packages/airflow/example_dags/example_bash_operator.py took 0.157 seconds
[2025-06-27T07:46:40.618+0000] {processor.py:186} INFO - Started process (PID=1213) to work on /home/airflow/.local/lib/python3.12/site-packages/airflow/example_dags/example_bash_operator.py
[2025-06-27T07:46:40.621+0000] {processor.py:914} INFO - Processing file /home/airflow/.local/lib/python3.12/site-packages/airflow/example_dags/example_bash_operator.py for tasks to queue
[2025-06-27T07:46:40.627+0000] {logging_mixin.py:190} INFO - [2025-06-27T07:46:40.626+0000] {dagbag.py:588} INFO - Filling up the DagBag from /home/airflow/.local/lib/python3.12/site-packages/airflow/example_dags/example_bash_operator.py
[2025-06-27T07:46:40.660+0000] {processor.py:925} INFO - DAG(s) 'example_bash_operator' retrieved from /home/airflow/.local/lib/python3.12/site-packages/airflow/example_dags/example_bash_operator.py
[2025-06-27T07:46:40.728+0000] {logging_mixin.py:190} INFO - [2025-06-27T07:46:40.727+0000] {dag.py:3239} INFO - Sync 1 DAGs
[2025-06-27T07:46:40.810+0000] {logging_mixin.py:190} INFO - [2025-06-27T07:46:40.810+0000] {dag.py:4180} INFO - Setting next_dagrun for example_bash_operator to 2025-06-26 00:00:00+00:00, run_after=2025-06-27 00:00:00+00:00
[2025-06-27T07:46:40.882+0000] {processor.py:208} INFO - Processing /home/airflow/.local/lib/python3.12/site-packages/airflow/example_dags/example_bash_operator.py took 0.280 seconds
[2025-06-27T07:47:11.069+0000] {processor.py:186} INFO - Started process (PID=1276) to work on /home/airflow/.local/lib/python3.12/site-packages/airflow/example_dags/example_bash_operator.py
[2025-06-27T07:47:11.071+0000] {processor.py:914} INFO - Processing file /home/airflow/.local/lib/python3.12/site-packages/airflow/example_dags/example_bash_operator.py for tasks to queue
[2025-06-27T07:47:11.076+0000] {logging_mixin.py:190} INFO - [2025-06-27T07:47:11.076+0000] {dagbag.py:588} INFO - Filling up the DagBag from /home/airflow/.local/lib/python3.12/site-packages/airflow/example_dags/example_bash_operator.py
[2025-06-27T07:47:11.100+0000] {processor.py:925} INFO - DAG(s) 'example_bash_operator' retrieved from /home/airflow/.local/lib/python3.12/site-packages/airflow/example_dags/example_bash_operator.py
[2025-06-27T07:47:11.151+0000] {logging_mixin.py:190} INFO - [2025-06-27T07:47:11.150+0000] {dag.py:3239} INFO - Sync 1 DAGs
[2025-06-27T07:47:11.192+0000] {logging_mixin.py:190} INFO - [2025-06-27T07:47:11.192+0000] {dag.py:4180} INFO - Setting next_dagrun for example_bash_operator to 2025-06-26 00:00:00+00:00, run_after=2025-06-27 00:00:00+00:00
[2025-06-27T07:47:11.222+0000] {processor.py:208} INFO - Processing /home/airflow/.local/lib/python3.12/site-packages/airflow/example_dags/example_bash_operator.py took 0.162 seconds
[2025-06-27T07:47:41.825+0000] {processor.py:186} INFO - Started process (PID=1339) to work on /home/airflow/.local/lib/python3.12/site-packages/airflow/example_dags/example_bash_operator.py
[2025-06-27T07:47:41.828+0000] {processor.py:914} INFO - Processing file /home/airflow/.local/lib/python3.12/site-packages/airflow/example_dags/example_bash_operator.py for tasks to queue
[2025-06-27T07:47:41.837+0000] {logging_mixin.py:190} INFO - [2025-06-27T07:47:41.836+0000] {dagbag.py:588} INFO - Filling up the DagBag from /home/airflow/.local/lib/python3.12/site-packages/airflow/example_dags/example_bash_operator.py
[2025-06-27T07:47:41.928+0000] {processor.py:925} INFO - DAG(s) 'example_bash_operator' retrieved from /home/airflow/.local/lib/python3.12/site-packages/airflow/example_dags/example_bash_operator.py
[2025-06-27T07:47:42.018+0000] {logging_mixin.py:190} INFO - [2025-06-27T07:47:42.017+0000] {dag.py:3239} INFO - Sync 1 DAGs
[2025-06-27T07:47:42.167+0000] {logging_mixin.py:190} INFO - [2025-06-27T07:47:42.166+0000] {dag.py:4180} INFO - Setting next_dagrun for example_bash_operator to 2025-06-26 00:00:00+00:00, run_after=2025-06-27 00:00:00+00:00
[2025-06-27T07:47:42.272+0000] {processor.py:208} INFO - Processing /home/airflow/.local/lib/python3.12/site-packages/airflow/example_dags/example_bash_operator.py took 0.460 seconds
[2025-06-27T07:48:12.619+0000] {processor.py:186} INFO - Started process (PID=1402) to work on /home/airflow/.local/lib/python3.12/site-packages/airflow/example_dags/example_bash_operator.py
[2025-06-27T07:48:12.622+0000] {processor.py:914} INFO - Processing file /home/airflow/.local/lib/python3.12/site-packages/airflow/example_dags/example_bash_operator.py for tasks to queue
[2025-06-27T07:48:12.632+0000] {logging_mixin.py:190} INFO - [2025-06-27T07:48:12.631+0000] {dagbag.py:588} INFO - Filling up the DagBag from /home/airflow/.local/lib/python3.12/site-packages/airflow/example_dags/example_bash_operator.py
[2025-06-27T07:48:12.676+0000] {processor.py:925} INFO - DAG(s) 'example_bash_operator' retrieved from /home/airflow/.local/lib/python3.12/site-packages/airflow/example_dags/example_bash_operator.py
[2025-06-27T07:48:12.743+0000] {logging_mixin.py:190} INFO - [2025-06-27T07:48:12.742+0000] {dag.py:3239} INFO - Sync 1 DAGs
[2025-06-27T07:48:12.790+0000] {logging_mixin.py:190} INFO - [2025-06-27T07:48:12.790+0000] {dag.py:4180} INFO - Setting next_dagrun for example_bash_operator to 2025-06-26 00:00:00+00:00, run_after=2025-06-27 00:00:00+00:00
[2025-06-27T07:48:12.836+0000] {processor.py:208} INFO - Processing /home/airflow/.local/lib/python3.12/site-packages/airflow/example_dags/example_bash_operator.py took 0.233 seconds
[2025-06-27T07:48:43.111+0000] {processor.py:186} INFO - Started process (PID=1465) to work on /home/airflow/.local/lib/python3.12/site-packages/airflow/example_dags/example_bash_operator.py
[2025-06-27T07:48:43.114+0000] {processor.py:914} INFO - Processing file /home/airflow/.local/lib/python3.12/site-packages/airflow/example_dags/example_bash_operator.py for tasks to queue
[2025-06-27T07:48:43.119+0000] {logging_mixin.py:190} INFO - [2025-06-27T07:48:43.119+0000] {dagbag.py:588} INFO - Filling up the DagBag from /home/airflow/.local/lib/python3.12/site-packages/airflow/example_dags/example_bash_operator.py
[2025-06-27T07:48:43.147+0000] {processor.py:925} INFO - DAG(s) 'example_bash_operator' retrieved from /home/airflow/.local/lib/python3.12/site-packages/airflow/example_dags/example_bash_operator.py
[2025-06-27T07:48:43.210+0000] {logging_mixin.py:190} INFO - [2025-06-27T07:48:43.209+0000] {dag.py:3239} INFO - Sync 1 DAGs
[2025-06-27T07:48:43.272+0000] {logging_mixin.py:190} INFO - [2025-06-27T07:48:43.272+0000] {dag.py:4180} INFO - Setting next_dagrun for example_bash_operator to 2025-06-26 00:00:00+00:00, run_after=2025-06-27 00:00:00+00:00
[2025-06-27T07:48:43.315+0000] {processor.py:208} INFO - Processing /home/airflow/.local/lib/python3.12/site-packages/airflow/example_dags/example_bash_operator.py took 0.215 seconds
[2025-06-27T07:52:05.929+0000] {processor.py:186} INFO - Started process (PID=86) to work on /home/airflow/.local/lib/python3.12/site-packages/airflow/example_dags/example_bash_operator.py
[2025-06-27T07:52:05.941+0000] {processor.py:914} INFO - Processing file /home/airflow/.local/lib/python3.12/site-packages/airflow/example_dags/example_bash_operator.py for tasks to queue
[2025-06-27T07:52:05.974+0000] {logging_mixin.py:190} INFO - [2025-06-27T07:52:05.973+0000] {dagbag.py:588} INFO - Filling up the DagBag from /home/airflow/.local/lib/python3.12/site-packages/airflow/example_dags/example_bash_operator.py
[2025-06-27T07:52:06.149+0000] {processor.py:925} INFO - DAG(s) 'example_bash_operator' retrieved from /home/airflow/.local/lib/python3.12/site-packages/airflow/example_dags/example_bash_operator.py
[2025-06-27T07:52:06.555+0000] {logging_mixin.py:190} INFO - [2025-06-27T07:52:06.554+0000] {dag.py:3239} INFO - Sync 1 DAGs
[2025-06-27T07:52:06.881+0000] {logging_mixin.py:190} INFO - [2025-06-27T07:52:06.879+0000] {dag.py:4180} INFO - Setting next_dagrun for example_bash_operator to 2025-06-26 00:00:00+00:00, run_after=2025-06-27 00:00:00+00:00
[2025-06-27T07:52:07.097+0000] {processor.py:208} INFO - Processing /home/airflow/.local/lib/python3.12/site-packages/airflow/example_dags/example_bash_operator.py took 1.395 seconds
[2025-06-27T07:52:46.616+0000] {processor.py:186} INFO - Started process (PID=155) to work on /home/airflow/.local/lib/python3.12/site-packages/airflow/example_dags/example_bash_operator.py
[2025-06-27T07:52:46.624+0000] {processor.py:914} INFO - Processing file /home/airflow/.local/lib/python3.12/site-packages/airflow/example_dags/example_bash_operator.py for tasks to queue
[2025-06-27T07:52:46.638+0000] {logging_mixin.py:190} INFO - [2025-06-27T07:52:46.636+0000] {dagbag.py:588} INFO - Filling up the DagBag from /home/airflow/.local/lib/python3.12/site-packages/airflow/example_dags/example_bash_operator.py
[2025-06-27T07:52:46.801+0000] {processor.py:925} INFO - DAG(s) 'example_bash_operator' retrieved from /home/airflow/.local/lib/python3.12/site-packages/airflow/example_dags/example_bash_operator.py
[2025-06-27T07:52:47.169+0000] {logging_mixin.py:190} INFO - [2025-06-27T07:52:47.167+0000] {dag.py:3239} INFO - Sync 1 DAGs
[2025-06-27T07:52:47.495+0000] {logging_mixin.py:190} INFO - [2025-06-27T07:52:47.493+0000] {dag.py:4180} INFO - Setting next_dagrun for example_bash_operator to 2025-06-26 00:00:00+00:00, run_after=2025-06-27 00:00:00+00:00
[2025-06-27T07:52:47.723+0000] {processor.py:208} INFO - Processing /home/airflow/.local/lib/python3.12/site-packages/airflow/example_dags/example_bash_operator.py took 1.146 seconds
[2025-06-27T07:53:18.594+0000] {processor.py:186} INFO - Started process (PID=218) to work on /home/airflow/.local/lib/python3.12/site-packages/airflow/example_dags/example_bash_operator.py
[2025-06-27T07:53:18.597+0000] {processor.py:914} INFO - Processing file /home/airflow/.local/lib/python3.12/site-packages/airflow/example_dags/example_bash_operator.py for tasks to queue
[2025-06-27T07:53:18.605+0000] {logging_mixin.py:190} INFO - [2025-06-27T07:53:18.604+0000] {dagbag.py:588} INFO - Filling up the DagBag from /home/airflow/.local/lib/python3.12/site-packages/airflow/example_dags/example_bash_operator.py
[2025-06-27T07:53:18.633+0000] {processor.py:925} INFO - DAG(s) 'example_bash_operator' retrieved from /home/airflow/.local/lib/python3.12/site-packages/airflow/example_dags/example_bash_operator.py
[2025-06-27T07:53:18.714+0000] {logging_mixin.py:190} INFO - [2025-06-27T07:53:18.714+0000] {dag.py:3239} INFO - Sync 1 DAGs
[2025-06-27T07:53:18.779+0000] {logging_mixin.py:190} INFO - [2025-06-27T07:53:18.779+0000] {dag.py:4180} INFO - Setting next_dagrun for example_bash_operator to 2025-06-26 00:00:00+00:00, run_after=2025-06-27 00:00:00+00:00
[2025-06-27T07:53:18.824+0000] {processor.py:208} INFO - Processing /home/airflow/.local/lib/python3.12/site-packages/airflow/example_dags/example_bash_operator.py took 0.242 seconds
[2025-06-27T07:53:49.023+0000] {processor.py:186} INFO - Started process (PID=282) to work on /home/airflow/.local/lib/python3.12/site-packages/airflow/example_dags/example_bash_operator.py
[2025-06-27T07:53:49.025+0000] {processor.py:914} INFO - Processing file /home/airflow/.local/lib/python3.12/site-packages/airflow/example_dags/example_bash_operator.py for tasks to queue
[2025-06-27T07:53:49.029+0000] {logging_mixin.py:190} INFO - [2025-06-27T07:53:49.029+0000] {dagbag.py:588} INFO - Filling up the DagBag from /home/airflow/.local/lib/python3.12/site-packages/airflow/example_dags/example_bash_operator.py
[2025-06-27T07:53:49.054+0000] {processor.py:925} INFO - DAG(s) 'example_bash_operator' retrieved from /home/airflow/.local/lib/python3.12/site-packages/airflow/example_dags/example_bash_operator.py
[2025-06-27T07:53:49.100+0000] {logging_mixin.py:190} INFO - [2025-06-27T07:53:49.099+0000] {dag.py:3239} INFO - Sync 1 DAGs
[2025-06-27T07:53:49.139+0000] {logging_mixin.py:190} INFO - [2025-06-27T07:53:49.138+0000] {dag.py:4180} INFO - Setting next_dagrun for example_bash_operator to 2025-06-26 00:00:00+00:00, run_after=2025-06-27 00:00:00+00:00
[2025-06-27T07:53:49.175+0000] {processor.py:208} INFO - Processing /home/airflow/.local/lib/python3.12/site-packages/airflow/example_dags/example_bash_operator.py took 0.162 seconds
[2025-06-27T07:54:19.614+0000] {processor.py:186} INFO - Started process (PID=345) to work on /home/airflow/.local/lib/python3.12/site-packages/airflow/example_dags/example_bash_operator.py
[2025-06-27T07:54:19.618+0000] {processor.py:914} INFO - Processing file /home/airflow/.local/lib/python3.12/site-packages/airflow/example_dags/example_bash_operator.py for tasks to queue
[2025-06-27T07:54:19.626+0000] {logging_mixin.py:190} INFO - [2025-06-27T07:54:19.625+0000] {dagbag.py:588} INFO - Filling up the DagBag from /home/airflow/.local/lib/python3.12/site-packages/airflow/example_dags/example_bash_operator.py
[2025-06-27T07:54:19.684+0000] {processor.py:925} INFO - DAG(s) 'example_bash_operator' retrieved from /home/airflow/.local/lib/python3.12/site-packages/airflow/example_dags/example_bash_operator.py
[2025-06-27T07:54:19.808+0000] {logging_mixin.py:190} INFO - [2025-06-27T07:54:19.808+0000] {dag.py:3239} INFO - Sync 1 DAGs
[2025-06-27T07:54:19.891+0000] {logging_mixin.py:190} INFO - [2025-06-27T07:54:19.890+0000] {dag.py:4180} INFO - Setting next_dagrun for example_bash_operator to 2025-06-26 00:00:00+00:00, run_after=2025-06-27 00:00:00+00:00
[2025-06-27T07:54:19.942+0000] {processor.py:208} INFO - Processing /home/airflow/.local/lib/python3.12/site-packages/airflow/example_dags/example_bash_operator.py took 0.340 seconds
[2025-06-27T07:54:50.118+0000] {processor.py:186} INFO - Started process (PID=408) to work on /home/airflow/.local/lib/python3.12/site-packages/airflow/example_dags/example_bash_operator.py
[2025-06-27T07:54:50.121+0000] {processor.py:914} INFO - Processing file /home/airflow/.local/lib/python3.12/site-packages/airflow/example_dags/example_bash_operator.py for tasks to queue
[2025-06-27T07:54:50.126+0000] {logging_mixin.py:190} INFO - [2025-06-27T07:54:50.125+0000] {dagbag.py:588} INFO - Filling up the DagBag from /home/airflow/.local/lib/python3.12/site-packages/airflow/example_dags/example_bash_operator.py
[2025-06-27T07:54:50.166+0000] {processor.py:925} INFO - DAG(s) 'example_bash_operator' retrieved from /home/airflow/.local/lib/python3.12/site-packages/airflow/example_dags/example_bash_operator.py
[2025-06-27T07:54:50.237+0000] {logging_mixin.py:190} INFO - [2025-06-27T07:54:50.236+0000] {dag.py:3239} INFO - Sync 1 DAGs
[2025-06-27T07:54:50.279+0000] {logging_mixin.py:190} INFO - [2025-06-27T07:54:50.278+0000] {dag.py:4180} INFO - Setting next_dagrun for example_bash_operator to 2025-06-26 00:00:00+00:00, run_after=2025-06-27 00:00:00+00:00
[2025-06-27T07:54:50.314+0000] {processor.py:208} INFO - Processing /home/airflow/.local/lib/python3.12/site-packages/airflow/example_dags/example_bash_operator.py took 0.208 seconds
[2025-06-27T07:59:30.355+0000] {processor.py:186} INFO - Started process (PID=79) to work on /home/airflow/.local/lib/python3.12/site-packages/airflow/example_dags/example_bash_operator.py
[2025-06-27T07:59:30.363+0000] {processor.py:914} INFO - Processing file /home/airflow/.local/lib/python3.12/site-packages/airflow/example_dags/example_bash_operator.py for tasks to queue
[2025-06-27T07:59:30.379+0000] {logging_mixin.py:190} INFO - [2025-06-27T07:59:30.374+0000] {dagbag.py:588} INFO - Filling up the DagBag from /home/airflow/.local/lib/python3.12/site-packages/airflow/example_dags/example_bash_operator.py
[2025-06-27T07:59:30.459+0000] {processor.py:925} INFO - DAG(s) 'example_bash_operator' retrieved from /home/airflow/.local/lib/python3.12/site-packages/airflow/example_dags/example_bash_operator.py
[2025-06-27T07:59:30.548+0000] {logging_mixin.py:190} INFO - [2025-06-27T07:59:30.548+0000] {dag.py:3239} INFO - Sync 1 DAGs
[2025-06-27T07:59:30.629+0000] {logging_mixin.py:190} INFO - [2025-06-27T07:59:30.628+0000] {dag.py:4180} INFO - Setting next_dagrun for example_bash_operator to 2025-06-26 00:00:00+00:00, run_after=2025-06-27 00:00:00+00:00
[2025-06-27T07:59:30.747+0000] {processor.py:208} INFO - Processing /home/airflow/.local/lib/python3.12/site-packages/airflow/example_dags/example_bash_operator.py took 0.456 seconds
[2025-06-27T08:00:15.874+0000] {processor.py:186} INFO - Started process (PID=141) to work on /home/airflow/.local/lib/python3.12/site-packages/airflow/example_dags/example_bash_operator.py
[2025-06-27T08:00:15.957+0000] {processor.py:914} INFO - Processing file /home/airflow/.local/lib/python3.12/site-packages/airflow/example_dags/example_bash_operator.py for tasks to queue
[2025-06-27T08:00:16.077+0000] {logging_mixin.py:190} INFO - [2025-06-27T08:00:16.033+0000] {dagbag.py:588} INFO - Filling up the DagBag from /home/airflow/.local/lib/python3.12/site-packages/airflow/example_dags/example_bash_operator.py
[2025-06-27T08:00:16.476+0000] {processor.py:925} INFO - DAG(s) 'example_bash_operator' retrieved from /home/airflow/.local/lib/python3.12/site-packages/airflow/example_dags/example_bash_operator.py
[2025-06-27T08:00:16.787+0000] {logging_mixin.py:190} INFO - [2025-06-27T08:00:16.787+0000] {dag.py:3239} INFO - Sync 1 DAGs
[2025-06-27T08:00:17.680+0000] {logging_mixin.py:190} INFO - [2025-06-27T08:00:17.679+0000] {dag.py:4180} INFO - Setting next_dagrun for example_bash_operator to 2025-06-26 00:00:00+00:00, run_after=2025-06-27 00:00:00+00:00
[2025-06-27T08:00:18.024+0000] {processor.py:208} INFO - Processing /home/airflow/.local/lib/python3.12/site-packages/airflow/example_dags/example_bash_operator.py took 2.286 seconds
[2025-06-27T08:01:02.080+0000] {processor.py:186} INFO - Started process (PID=187) to work on /home/airflow/.local/lib/python3.12/site-packages/airflow/example_dags/example_bash_operator.py
[2025-06-27T08:01:02.088+0000] {processor.py:914} INFO - Processing file /home/airflow/.local/lib/python3.12/site-packages/airflow/example_dags/example_bash_operator.py for tasks to queue
[2025-06-27T08:01:02.104+0000] {logging_mixin.py:190} INFO - [2025-06-27T08:01:02.103+0000] {dagbag.py:588} INFO - Filling up the DagBag from /home/airflow/.local/lib/python3.12/site-packages/airflow/example_dags/example_bash_operator.py
[2025-06-27T08:01:02.177+0000] {processor.py:925} INFO - DAG(s) 'example_bash_operator' retrieved from /home/airflow/.local/lib/python3.12/site-packages/airflow/example_dags/example_bash_operator.py
[2025-06-27T08:01:02.273+0000] {logging_mixin.py:190} INFO - [2025-06-27T08:01:02.272+0000] {dag.py:3239} INFO - Sync 1 DAGs
[2025-06-27T08:01:02.363+0000] {logging_mixin.py:190} INFO - [2025-06-27T08:01:02.362+0000] {dag.py:4180} INFO - Setting next_dagrun for example_bash_operator to 2025-06-26 00:00:00+00:00, run_after=2025-06-27 00:00:00+00:00
[2025-06-27T08:01:02.409+0000] {processor.py:208} INFO - Processing /home/airflow/.local/lib/python3.12/site-packages/airflow/example_dags/example_bash_operator.py took 0.376 seconds
[2025-06-27T08:01:33.488+0000] {processor.py:186} INFO - Started process (PID=249) to work on /home/airflow/.local/lib/python3.12/site-packages/airflow/example_dags/example_bash_operator.py
[2025-06-27T08:01:33.491+0000] {processor.py:914} INFO - Processing file /home/airflow/.local/lib/python3.12/site-packages/airflow/example_dags/example_bash_operator.py for tasks to queue
[2025-06-27T08:01:33.498+0000] {logging_mixin.py:190} INFO - [2025-06-27T08:01:33.497+0000] {dagbag.py:588} INFO - Filling up the DagBag from /home/airflow/.local/lib/python3.12/site-packages/airflow/example_dags/example_bash_operator.py
[2025-06-27T08:01:33.537+0000] {processor.py:925} INFO - DAG(s) 'example_bash_operator' retrieved from /home/airflow/.local/lib/python3.12/site-packages/airflow/example_dags/example_bash_operator.py
[2025-06-27T08:01:33.644+0000] {logging_mixin.py:190} INFO - [2025-06-27T08:01:33.644+0000] {dag.py:3239} INFO - Sync 1 DAGs
[2025-06-27T08:01:33.716+0000] {logging_mixin.py:190} INFO - [2025-06-27T08:01:33.716+0000] {dag.py:4180} INFO - Setting next_dagrun for example_bash_operator to 2025-06-26 00:00:00+00:00, run_after=2025-06-27 00:00:00+00:00
[2025-06-27T08:01:33.763+0000] {processor.py:208} INFO - Processing /home/airflow/.local/lib/python3.12/site-packages/airflow/example_dags/example_bash_operator.py took 0.295 seconds
[2025-06-27T08:02:04.575+0000] {processor.py:186} INFO - Started process (PID=313) to work on /home/airflow/.local/lib/python3.12/site-packages/airflow/example_dags/example_bash_operator.py
[2025-06-27T08:02:04.577+0000] {processor.py:914} INFO - Processing file /home/airflow/.local/lib/python3.12/site-packages/airflow/example_dags/example_bash_operator.py for tasks to queue
[2025-06-27T08:02:04.582+0000] {logging_mixin.py:190} INFO - [2025-06-27T08:02:04.581+0000] {dagbag.py:588} INFO - Filling up the DagBag from /home/airflow/.local/lib/python3.12/site-packages/airflow/example_dags/example_bash_operator.py
[2025-06-27T08:02:04.609+0000] {processor.py:925} INFO - DAG(s) 'example_bash_operator' retrieved from /home/airflow/.local/lib/python3.12/site-packages/airflow/example_dags/example_bash_operator.py
[2025-06-27T08:02:04.666+0000] {logging_mixin.py:190} INFO - [2025-06-27T08:02:04.665+0000] {dag.py:3239} INFO - Sync 1 DAGs
[2025-06-27T08:02:04.725+0000] {logging_mixin.py:190} INFO - [2025-06-27T08:02:04.725+0000] {dag.py:4180} INFO - Setting next_dagrun for example_bash_operator to 2025-06-26 00:00:00+00:00, run_after=2025-06-27 00:00:00+00:00
[2025-06-27T08:02:04.773+0000] {processor.py:208} INFO - Processing /home/airflow/.local/lib/python3.12/site-packages/airflow/example_dags/example_bash_operator.py took 0.210 seconds
[2025-06-27T08:02:35.242+0000] {processor.py:186} INFO - Started process (PID=375) to work on /home/airflow/.local/lib/python3.12/site-packages/airflow/example_dags/example_bash_operator.py
[2025-06-27T08:02:35.243+0000] {processor.py:914} INFO - Processing file /home/airflow/.local/lib/python3.12/site-packages/airflow/example_dags/example_bash_operator.py for tasks to queue
[2025-06-27T08:02:35.247+0000] {logging_mixin.py:190} INFO - [2025-06-27T08:02:35.247+0000] {dagbag.py:588} INFO - Filling up the DagBag from /home/airflow/.local/lib/python3.12/site-packages/airflow/example_dags/example_bash_operator.py
[2025-06-27T08:02:35.269+0000] {processor.py:925} INFO - DAG(s) 'example_bash_operator' retrieved from /home/airflow/.local/lib/python3.12/site-packages/airflow/example_dags/example_bash_operator.py
[2025-06-27T08:02:35.312+0000] {logging_mixin.py:190} INFO - [2025-06-27T08:02:35.311+0000] {dag.py:3239} INFO - Sync 1 DAGs
[2025-06-27T08:02:35.356+0000] {logging_mixin.py:190} INFO - [2025-06-27T08:02:35.355+0000] {dag.py:4180} INFO - Setting next_dagrun for example_bash_operator to 2025-06-26 00:00:00+00:00, run_after=2025-06-27 00:00:00+00:00
[2025-06-27T08:02:35.389+0000] {processor.py:208} INFO - Processing /home/airflow/.local/lib/python3.12/site-packages/airflow/example_dags/example_bash_operator.py took 0.156 seconds
[2025-06-27T08:03:05.613+0000] {processor.py:186} INFO - Started process (PID=438) to work on /home/airflow/.local/lib/python3.12/site-packages/airflow/example_dags/example_bash_operator.py
[2025-06-27T08:03:05.616+0000] {processor.py:914} INFO - Processing file /home/airflow/.local/lib/python3.12/site-packages/airflow/example_dags/example_bash_operator.py for tasks to queue
[2025-06-27T08:03:05.621+0000] {logging_mixin.py:190} INFO - [2025-06-27T08:03:05.620+0000] {dagbag.py:588} INFO - Filling up the DagBag from /home/airflow/.local/lib/python3.12/site-packages/airflow/example_dags/example_bash_operator.py
[2025-06-27T08:03:05.643+0000] {processor.py:925} INFO - DAG(s) 'example_bash_operator' retrieved from /home/airflow/.local/lib/python3.12/site-packages/airflow/example_dags/example_bash_operator.py
[2025-06-27T08:03:05.694+0000] {logging_mixin.py:190} INFO - [2025-06-27T08:03:05.694+0000] {dag.py:3239} INFO - Sync 1 DAGs
[2025-06-27T08:03:05.732+0000] {logging_mixin.py:190} INFO - [2025-06-27T08:03:05.732+0000] {dag.py:4180} INFO - Setting next_dagrun for example_bash_operator to 2025-06-26 00:00:00+00:00, run_after=2025-06-27 00:00:00+00:00
[2025-06-27T08:03:05.767+0000] {processor.py:208} INFO - Processing /home/airflow/.local/lib/python3.12/site-packages/airflow/example_dags/example_bash_operator.py took 0.165 seconds
[2025-06-27T08:03:36.899+0000] {processor.py:186} INFO - Started process (PID=501) to work on /home/airflow/.local/lib/python3.12/site-packages/airflow/example_dags/example_bash_operator.py
[2025-06-27T08:03:36.903+0000] {processor.py:914} INFO - Processing file /home/airflow/.local/lib/python3.12/site-packages/airflow/example_dags/example_bash_operator.py for tasks to queue
[2025-06-27T08:03:36.908+0000] {logging_mixin.py:190} INFO - [2025-06-27T08:03:36.907+0000] {dagbag.py:588} INFO - Filling up the DagBag from /home/airflow/.local/lib/python3.12/site-packages/airflow/example_dags/example_bash_operator.py
[2025-06-27T08:03:36.940+0000] {processor.py:925} INFO - DAG(s) 'example_bash_operator' retrieved from /home/airflow/.local/lib/python3.12/site-packages/airflow/example_dags/example_bash_operator.py
[2025-06-27T08:03:36.998+0000] {logging_mixin.py:190} INFO - [2025-06-27T08:03:36.997+0000] {dag.py:3239} INFO - Sync 1 DAGs
[2025-06-27T08:03:37.057+0000] {logging_mixin.py:190} INFO - [2025-06-27T08:03:37.056+0000] {dag.py:4180} INFO - Setting next_dagrun for example_bash_operator to 2025-06-26 00:00:00+00:00, run_after=2025-06-27 00:00:00+00:00
[2025-06-27T08:03:37.103+0000] {processor.py:208} INFO - Processing /home/airflow/.local/lib/python3.12/site-packages/airflow/example_dags/example_bash_operator.py took 0.215 seconds
[2025-06-27T08:04:07.434+0000] {processor.py:186} INFO - Started process (PID=564) to work on /home/airflow/.local/lib/python3.12/site-packages/airflow/example_dags/example_bash_operator.py
[2025-06-27T08:04:07.437+0000] {processor.py:914} INFO - Processing file /home/airflow/.local/lib/python3.12/site-packages/airflow/example_dags/example_bash_operator.py for tasks to queue
[2025-06-27T08:04:07.443+0000] {logging_mixin.py:190} INFO - [2025-06-27T08:04:07.442+0000] {dagbag.py:588} INFO - Filling up the DagBag from /home/airflow/.local/lib/python3.12/site-packages/airflow/example_dags/example_bash_operator.py
[2025-06-27T08:04:07.470+0000] {processor.py:925} INFO - DAG(s) 'example_bash_operator' retrieved from /home/airflow/.local/lib/python3.12/site-packages/airflow/example_dags/example_bash_operator.py
[2025-06-27T08:04:07.528+0000] {logging_mixin.py:190} INFO - [2025-06-27T08:04:07.528+0000] {dag.py:3239} INFO - Sync 1 DAGs
[2025-06-27T08:04:07.577+0000] {logging_mixin.py:190} INFO - [2025-06-27T08:04:07.577+0000] {dag.py:4180} INFO - Setting next_dagrun for example_bash_operator to 2025-06-26 00:00:00+00:00, run_after=2025-06-27 00:00:00+00:00
[2025-06-27T08:04:07.620+0000] {processor.py:208} INFO - Processing /home/airflow/.local/lib/python3.12/site-packages/airflow/example_dags/example_bash_operator.py took 0.197 seconds
[2025-06-27T08:04:38.109+0000] {processor.py:186} INFO - Started process (PID=627) to work on /home/airflow/.local/lib/python3.12/site-packages/airflow/example_dags/example_bash_operator.py
[2025-06-27T08:04:38.112+0000] {processor.py:914} INFO - Processing file /home/airflow/.local/lib/python3.12/site-packages/airflow/example_dags/example_bash_operator.py for tasks to queue
[2025-06-27T08:04:38.116+0000] {logging_mixin.py:190} INFO - [2025-06-27T08:04:38.116+0000] {dagbag.py:588} INFO - Filling up the DagBag from /home/airflow/.local/lib/python3.12/site-packages/airflow/example_dags/example_bash_operator.py
[2025-06-27T08:04:38.143+0000] {processor.py:925} INFO - DAG(s) 'example_bash_operator' retrieved from /home/airflow/.local/lib/python3.12/site-packages/airflow/example_dags/example_bash_operator.py
[2025-06-27T08:04:38.219+0000] {logging_mixin.py:190} INFO - [2025-06-27T08:04:38.218+0000] {dag.py:3239} INFO - Sync 1 DAGs
[2025-06-27T08:04:38.312+0000] {logging_mixin.py:190} INFO - [2025-06-27T08:04:38.311+0000] {dag.py:4180} INFO - Setting next_dagrun for example_bash_operator to 2025-06-26 00:00:00+00:00, run_after=2025-06-27 00:00:00+00:00
[2025-06-27T08:04:38.379+0000] {processor.py:208} INFO - Processing /home/airflow/.local/lib/python3.12/site-packages/airflow/example_dags/example_bash_operator.py took 0.284 seconds
[2025-06-27T08:05:11.632+0000] {processor.py:186} INFO - Started process (PID=691) to work on /home/airflow/.local/lib/python3.12/site-packages/airflow/example_dags/example_bash_operator.py
[2025-06-27T08:05:11.637+0000] {processor.py:914} INFO - Processing file /home/airflow/.local/lib/python3.12/site-packages/airflow/example_dags/example_bash_operator.py for tasks to queue
[2025-06-27T08:05:11.654+0000] {logging_mixin.py:190} INFO - [2025-06-27T08:05:11.653+0000] {dagbag.py:588} INFO - Filling up the DagBag from /home/airflow/.local/lib/python3.12/site-packages/airflow/example_dags/example_bash_operator.py
[2025-06-27T08:05:11.749+0000] {processor.py:925} INFO - DAG(s) 'example_bash_operator' retrieved from /home/airflow/.local/lib/python3.12/site-packages/airflow/example_dags/example_bash_operator.py
[2025-06-27T08:05:12.000+0000] {logging_mixin.py:190} INFO - [2025-06-27T08:05:11.999+0000] {dag.py:3239} INFO - Sync 1 DAGs
[2025-06-27T08:05:12.234+0000] {logging_mixin.py:190} INFO - [2025-06-27T08:05:12.233+0000] {dag.py:4180} INFO - Setting next_dagrun for example_bash_operator to 2025-06-26 00:00:00+00:00, run_after=2025-06-27 00:00:00+00:00
[2025-06-27T08:05:12.445+0000] {processor.py:208} INFO - Processing /home/airflow/.local/lib/python3.12/site-packages/airflow/example_dags/example_bash_operator.py took 0.847 seconds
[2025-06-27T08:05:43.424+0000] {processor.py:186} INFO - Started process (PID=753) to work on /home/airflow/.local/lib/python3.12/site-packages/airflow/example_dags/example_bash_operator.py
[2025-06-27T08:05:43.441+0000] {processor.py:914} INFO - Processing file /home/airflow/.local/lib/python3.12/site-packages/airflow/example_dags/example_bash_operator.py for tasks to queue
[2025-06-27T08:05:43.461+0000] {logging_mixin.py:190} INFO - [2025-06-27T08:05:43.456+0000] {dagbag.py:588} INFO - Filling up the DagBag from /home/airflow/.local/lib/python3.12/site-packages/airflow/example_dags/example_bash_operator.py
[2025-06-27T08:05:43.577+0000] {processor.py:925} INFO - DAG(s) 'example_bash_operator' retrieved from /home/airflow/.local/lib/python3.12/site-packages/airflow/example_dags/example_bash_operator.py
[2025-06-27T08:05:43.946+0000] {logging_mixin.py:190} INFO - [2025-06-27T08:05:43.944+0000] {dag.py:3239} INFO - Sync 1 DAGs
[2025-06-27T08:05:44.332+0000] {logging_mixin.py:190} INFO - [2025-06-27T08:05:44.330+0000] {dag.py:4180} INFO - Setting next_dagrun for example_bash_operator to 2025-06-26 00:00:00+00:00, run_after=2025-06-27 00:00:00+00:00
[2025-06-27T08:05:44.555+0000] {processor.py:208} INFO - Processing /home/airflow/.local/lib/python3.12/site-packages/airflow/example_dags/example_bash_operator.py took 1.169 seconds
