[2025-06-27T07:36:38.220+0000] {processor.py:186} INFO - Started process (PID=141) to work on /home/airflow/.local/lib/python3.12/site-packages/airflow/example_dags/example_setup_teardown_taskflow.py
[2025-06-27T07:36:38.224+0000] {processor.py:914} INFO - Processing file /home/airflow/.local/lib/python3.12/site-packages/airflow/example_dags/example_setup_teardown_taskflow.py for tasks to queue
[2025-06-27T07:36:38.264+0000] {logging_mixin.py:190} INFO - [2025-06-27T07:36:38.262+0000] {dagbag.py:588} INFO - Filling up the DagBag from /home/airflow/.local/lib/python3.12/site-packages/airflow/example_dags/example_setup_teardown_taskflow.py
[2025-06-27T07:36:38.446+0000] {processor.py:925} INFO - DAG(s) 'example_setup_teardown_taskflow' retrieved from /home/airflow/.local/lib/python3.12/site-packages/airflow/example_dags/example_setup_teardown_taskflow.py
[2025-06-27T07:36:39.787+0000] {logging_mixin.py:190} INFO - [2025-06-27T07:36:39.785+0000] {override.py:1900} INFO - Created Permission View: can read on DAG:example_setup_teardown_taskflow
[2025-06-27T07:36:39.976+0000] {logging_mixin.py:190} INFO - [2025-06-27T07:36:39.970+0000] {override.py:1900} INFO - Created Permission View: can edit on DAG:example_setup_teardown_taskflow
[2025-06-27T07:36:40.084+0000] {logging_mixin.py:190} INFO - [2025-06-27T07:36:40.078+0000] {override.py:1900} INFO - Created Permission View: can delete on DAG:example_setup_teardown_taskflow
[2025-06-27T07:36:40.182+0000] {logging_mixin.py:190} INFO - [2025-06-27T07:36:40.181+0000] {override.py:1900} INFO - Created Permission View: can read on DAG Run:example_setup_teardown_taskflow
[2025-06-27T07:36:40.224+0000] {logging_mixin.py:190} INFO - [2025-06-27T07:36:40.223+0000] {override.py:1900} INFO - Created Permission View: can create on DAG Run:example_setup_teardown_taskflow
[2025-06-27T07:36:40.296+0000] {logging_mixin.py:190} INFO - [2025-06-27T07:36:40.289+0000] {override.py:1900} INFO - Created Permission View: can delete on DAG Run:example_setup_teardown_taskflow
[2025-06-27T07:36:40.391+0000] {logging_mixin.py:190} INFO - [2025-06-27T07:36:40.390+0000] {override.py:1900} INFO - Created Permission View: menu access on DAG Run:example_setup_teardown_taskflow
[2025-06-27T07:36:40.395+0000] {logging_mixin.py:190} INFO - [2025-06-27T07:36:40.394+0000] {dag.py:3239} INFO - Sync 1 DAGs
[2025-06-27T07:36:40.498+0000] {logging_mixin.py:190} INFO - [2025-06-27T07:36:40.497+0000] {dag.py:3262} INFO - Creating ORM DAG for example_setup_teardown_taskflow
[2025-06-27T07:36:40.506+0000] {logging_mixin.py:190} INFO - [2025-06-27T07:36:40.504+0000] {dag.py:4180} INFO - Setting next_dagrun for example_setup_teardown_taskflow to None, run_after=None
[2025-06-27T07:36:40.704+0000] {processor.py:208} INFO - Processing /home/airflow/.local/lib/python3.12/site-packages/airflow/example_dags/example_setup_teardown_taskflow.py took 2.586 seconds
[2025-06-27T07:37:35.090+0000] {processor.py:186} INFO - Started process (PID=210) to work on /home/airflow/.local/lib/python3.12/site-packages/airflow/example_dags/example_setup_teardown_taskflow.py
[2025-06-27T07:37:35.094+0000] {processor.py:914} INFO - Processing file /home/airflow/.local/lib/python3.12/site-packages/airflow/example_dags/example_setup_teardown_taskflow.py for tasks to queue
[2025-06-27T07:37:35.105+0000] {logging_mixin.py:190} INFO - [2025-06-27T07:37:35.104+0000] {dagbag.py:588} INFO - Filling up the DagBag from /home/airflow/.local/lib/python3.12/site-packages/airflow/example_dags/example_setup_teardown_taskflow.py
[2025-06-27T07:37:35.162+0000] {processor.py:925} INFO - DAG(s) 'example_setup_teardown_taskflow' retrieved from /home/airflow/.local/lib/python3.12/site-packages/airflow/example_dags/example_setup_teardown_taskflow.py
[2025-06-27T07:37:35.285+0000] {logging_mixin.py:190} INFO - [2025-06-27T07:37:35.284+0000] {dag.py:3239} INFO - Sync 1 DAGs
[2025-06-27T07:37:35.337+0000] {logging_mixin.py:190} INFO - [2025-06-27T07:37:35.337+0000] {dag.py:4180} INFO - Setting next_dagrun for example_setup_teardown_taskflow to None, run_after=None
[2025-06-27T07:37:35.399+0000] {processor.py:208} INFO - Processing /home/airflow/.local/lib/python3.12/site-packages/airflow/example_dags/example_setup_teardown_taskflow.py took 0.328 seconds
[2025-06-27T07:38:18.824+0000] {processor.py:186} INFO - Started process (PID=272) to work on /home/airflow/.local/lib/python3.12/site-packages/airflow/example_dags/example_setup_teardown_taskflow.py
[2025-06-27T07:38:18.827+0000] {processor.py:914} INFO - Processing file /home/airflow/.local/lib/python3.12/site-packages/airflow/example_dags/example_setup_teardown_taskflow.py for tasks to queue
[2025-06-27T07:38:18.840+0000] {logging_mixin.py:190} INFO - [2025-06-27T07:38:18.835+0000] {dagbag.py:588} INFO - Filling up the DagBag from /home/airflow/.local/lib/python3.12/site-packages/airflow/example_dags/example_setup_teardown_taskflow.py
[2025-06-27T07:38:18.920+0000] {processor.py:925} INFO - DAG(s) 'example_setup_teardown_taskflow' retrieved from /home/airflow/.local/lib/python3.12/site-packages/airflow/example_dags/example_setup_teardown_taskflow.py
[2025-06-27T07:38:19.052+0000] {logging_mixin.py:190} INFO - [2025-06-27T07:38:19.051+0000] {dag.py:3239} INFO - Sync 1 DAGs
[2025-06-27T07:38:19.119+0000] {logging_mixin.py:190} INFO - [2025-06-27T07:38:19.118+0000] {dag.py:4180} INFO - Setting next_dagrun for example_setup_teardown_taskflow to None, run_after=None
[2025-06-27T07:38:19.223+0000] {processor.py:208} INFO - Processing /home/airflow/.local/lib/python3.12/site-packages/airflow/example_dags/example_setup_teardown_taskflow.py took 0.421 seconds
[2025-06-27T07:38:50.047+0000] {processor.py:186} INFO - Started process (PID=334) to work on /home/airflow/.local/lib/python3.12/site-packages/airflow/example_dags/example_setup_teardown_taskflow.py
[2025-06-27T07:38:50.053+0000] {processor.py:914} INFO - Processing file /home/airflow/.local/lib/python3.12/site-packages/airflow/example_dags/example_setup_teardown_taskflow.py for tasks to queue
[2025-06-27T07:38:50.069+0000] {logging_mixin.py:190} INFO - [2025-06-27T07:38:50.067+0000] {dagbag.py:588} INFO - Filling up the DagBag from /home/airflow/.local/lib/python3.12/site-packages/airflow/example_dags/example_setup_teardown_taskflow.py
[2025-06-27T07:38:50.138+0000] {processor.py:925} INFO - DAG(s) 'example_setup_teardown_taskflow' retrieved from /home/airflow/.local/lib/python3.12/site-packages/airflow/example_dags/example_setup_teardown_taskflow.py
[2025-06-27T07:38:50.404+0000] {logging_mixin.py:190} INFO - [2025-06-27T07:38:50.403+0000] {dag.py:3239} INFO - Sync 1 DAGs
[2025-06-27T07:38:50.551+0000] {logging_mixin.py:190} INFO - [2025-06-27T07:38:50.550+0000] {dag.py:4180} INFO - Setting next_dagrun for example_setup_teardown_taskflow to None, run_after=None
[2025-06-27T07:38:50.633+0000] {processor.py:208} INFO - Processing /home/airflow/.local/lib/python3.12/site-packages/airflow/example_dags/example_setup_teardown_taskflow.py took 0.619 seconds
[2025-06-27T07:39:34.515+0000] {processor.py:186} INFO - Started process (PID=403) to work on /home/airflow/.local/lib/python3.12/site-packages/airflow/example_dags/example_setup_teardown_taskflow.py
[2025-06-27T07:39:34.556+0000] {processor.py:914} INFO - Processing file /home/airflow/.local/lib/python3.12/site-packages/airflow/example_dags/example_setup_teardown_taskflow.py for tasks to queue
[2025-06-27T07:39:34.579+0000] {logging_mixin.py:190} INFO - [2025-06-27T07:39:34.577+0000] {dagbag.py:588} INFO - Filling up the DagBag from /home/airflow/.local/lib/python3.12/site-packages/airflow/example_dags/example_setup_teardown_taskflow.py
[2025-06-27T07:39:34.737+0000] {processor.py:925} INFO - DAG(s) 'example_setup_teardown_taskflow' retrieved from /home/airflow/.local/lib/python3.12/site-packages/airflow/example_dags/example_setup_teardown_taskflow.py
[2025-06-27T07:39:34.987+0000] {logging_mixin.py:190} INFO - [2025-06-27T07:39:34.978+0000] {dag.py:3239} INFO - Sync 1 DAGs
[2025-06-27T07:39:35.161+0000] {logging_mixin.py:190} INFO - [2025-06-27T07:39:35.161+0000] {dag.py:4180} INFO - Setting next_dagrun for example_setup_teardown_taskflow to None, run_after=None
[2025-06-27T07:39:35.503+0000] {processor.py:208} INFO - Processing /home/airflow/.local/lib/python3.12/site-packages/airflow/example_dags/example_setup_teardown_taskflow.py took 1.110 seconds
[2025-06-27T07:40:06.391+0000] {processor.py:186} INFO - Started process (PID=466) to work on /home/airflow/.local/lib/python3.12/site-packages/airflow/example_dags/example_setup_teardown_taskflow.py
[2025-06-27T07:40:06.393+0000] {processor.py:914} INFO - Processing file /home/airflow/.local/lib/python3.12/site-packages/airflow/example_dags/example_setup_teardown_taskflow.py for tasks to queue
[2025-06-27T07:40:06.401+0000] {logging_mixin.py:190} INFO - [2025-06-27T07:40:06.400+0000] {dagbag.py:588} INFO - Filling up the DagBag from /home/airflow/.local/lib/python3.12/site-packages/airflow/example_dags/example_setup_teardown_taskflow.py
[2025-06-27T07:40:06.437+0000] {processor.py:925} INFO - DAG(s) 'example_setup_teardown_taskflow' retrieved from /home/airflow/.local/lib/python3.12/site-packages/airflow/example_dags/example_setup_teardown_taskflow.py
[2025-06-27T07:40:06.503+0000] {logging_mixin.py:190} INFO - [2025-06-27T07:40:06.503+0000] {dag.py:3239} INFO - Sync 1 DAGs
[2025-06-27T07:40:06.562+0000] {logging_mixin.py:190} INFO - [2025-06-27T07:40:06.561+0000] {dag.py:4180} INFO - Setting next_dagrun for example_setup_teardown_taskflow to None, run_after=None
[2025-06-27T07:40:06.625+0000] {processor.py:208} INFO - Processing /home/airflow/.local/lib/python3.12/site-packages/airflow/example_dags/example_setup_teardown_taskflow.py took 0.251 seconds
[2025-06-27T07:40:37.515+0000] {processor.py:186} INFO - Started process (PID=529) to work on /home/airflow/.local/lib/python3.12/site-packages/airflow/example_dags/example_setup_teardown_taskflow.py
[2025-06-27T07:40:37.519+0000] {processor.py:914} INFO - Processing file /home/airflow/.local/lib/python3.12/site-packages/airflow/example_dags/example_setup_teardown_taskflow.py for tasks to queue
[2025-06-27T07:40:37.532+0000] {logging_mixin.py:190} INFO - [2025-06-27T07:40:37.531+0000] {dagbag.py:588} INFO - Filling up the DagBag from /home/airflow/.local/lib/python3.12/site-packages/airflow/example_dags/example_setup_teardown_taskflow.py
[2025-06-27T07:40:37.588+0000] {processor.py:925} INFO - DAG(s) 'example_setup_teardown_taskflow' retrieved from /home/airflow/.local/lib/python3.12/site-packages/airflow/example_dags/example_setup_teardown_taskflow.py
[2025-06-27T07:40:37.726+0000] {logging_mixin.py:190} INFO - [2025-06-27T07:40:37.725+0000] {dag.py:3239} INFO - Sync 1 DAGs
[2025-06-27T07:40:37.899+0000] {logging_mixin.py:190} INFO - [2025-06-27T07:40:37.898+0000] {dag.py:4180} INFO - Setting next_dagrun for example_setup_teardown_taskflow to None, run_after=None
[2025-06-27T07:40:38.235+0000] {processor.py:208} INFO - Processing /home/airflow/.local/lib/python3.12/site-packages/airflow/example_dags/example_setup_teardown_taskflow.py took 0.757 seconds
[2025-06-27T07:41:08.584+0000] {processor.py:186} INFO - Started process (PID=592) to work on /home/airflow/.local/lib/python3.12/site-packages/airflow/example_dags/example_setup_teardown_taskflow.py
[2025-06-27T07:41:08.586+0000] {processor.py:914} INFO - Processing file /home/airflow/.local/lib/python3.12/site-packages/airflow/example_dags/example_setup_teardown_taskflow.py for tasks to queue
[2025-06-27T07:41:08.592+0000] {logging_mixin.py:190} INFO - [2025-06-27T07:41:08.591+0000] {dagbag.py:588} INFO - Filling up the DagBag from /home/airflow/.local/lib/python3.12/site-packages/airflow/example_dags/example_setup_teardown_taskflow.py
[2025-06-27T07:41:08.615+0000] {processor.py:925} INFO - DAG(s) 'example_setup_teardown_taskflow' retrieved from /home/airflow/.local/lib/python3.12/site-packages/airflow/example_dags/example_setup_teardown_taskflow.py
[2025-06-27T07:41:08.662+0000] {logging_mixin.py:190} INFO - [2025-06-27T07:41:08.662+0000] {dag.py:3239} INFO - Sync 1 DAGs
[2025-06-27T07:41:08.691+0000] {logging_mixin.py:190} INFO - [2025-06-27T07:41:08.690+0000] {dag.py:4180} INFO - Setting next_dagrun for example_setup_teardown_taskflow to None, run_after=None
[2025-06-27T07:41:08.739+0000] {processor.py:208} INFO - Processing /home/airflow/.local/lib/python3.12/site-packages/airflow/example_dags/example_setup_teardown_taskflow.py took 0.168 seconds
[2025-06-27T07:41:41.903+0000] {processor.py:186} INFO - Started process (PID=649) to work on /home/airflow/.local/lib/python3.12/site-packages/airflow/example_dags/example_setup_teardown_taskflow.py
[2025-06-27T07:41:41.906+0000] {processor.py:914} INFO - Processing file /home/airflow/.local/lib/python3.12/site-packages/airflow/example_dags/example_setup_teardown_taskflow.py for tasks to queue
[2025-06-27T07:41:41.911+0000] {logging_mixin.py:190} INFO - [2025-06-27T07:41:41.910+0000] {dagbag.py:588} INFO - Filling up the DagBag from /home/airflow/.local/lib/python3.12/site-packages/airflow/example_dags/example_setup_teardown_taskflow.py
[2025-06-27T07:41:41.937+0000] {processor.py:925} INFO - DAG(s) 'example_setup_teardown_taskflow' retrieved from /home/airflow/.local/lib/python3.12/site-packages/airflow/example_dags/example_setup_teardown_taskflow.py
[2025-06-27T07:41:41.994+0000] {logging_mixin.py:190} INFO - [2025-06-27T07:41:41.994+0000] {dag.py:3239} INFO - Sync 1 DAGs
[2025-06-27T07:41:42.053+0000] {logging_mixin.py:190} INFO - [2025-06-27T07:41:42.052+0000] {dag.py:4180} INFO - Setting next_dagrun for example_setup_teardown_taskflow to None, run_after=None
[2025-06-27T07:41:42.139+0000] {processor.py:208} INFO - Processing /home/airflow/.local/lib/python3.12/site-packages/airflow/example_dags/example_setup_teardown_taskflow.py took 0.250 seconds
[2025-06-27T07:42:32.652+0000] {processor.py:186} INFO - Started process (PID=707) to work on /home/airflow/.local/lib/python3.12/site-packages/airflow/example_dags/example_setup_teardown_taskflow.py
[2025-06-27T07:42:32.676+0000] {processor.py:914} INFO - Processing file /home/airflow/.local/lib/python3.12/site-packages/airflow/example_dags/example_setup_teardown_taskflow.py for tasks to queue
[2025-06-27T07:42:32.736+0000] {logging_mixin.py:190} INFO - [2025-06-27T07:42:32.734+0000] {dagbag.py:588} INFO - Filling up the DagBag from /home/airflow/.local/lib/python3.12/site-packages/airflow/example_dags/example_setup_teardown_taskflow.py
[2025-06-27T07:42:32.949+0000] {processor.py:925} INFO - DAG(s) 'example_setup_teardown_taskflow' retrieved from /home/airflow/.local/lib/python3.12/site-packages/airflow/example_dags/example_setup_teardown_taskflow.py
[2025-06-27T07:42:33.253+0000] {logging_mixin.py:190} INFO - [2025-06-27T07:42:33.252+0000] {dag.py:3239} INFO - Sync 1 DAGs
[2025-06-27T07:42:33.494+0000] {logging_mixin.py:190} INFO - [2025-06-27T07:42:33.483+0000] {dag.py:4180} INFO - Setting next_dagrun for example_setup_teardown_taskflow to None, run_after=None
[2025-06-27T07:42:33.669+0000] {processor.py:208} INFO - Processing /home/airflow/.local/lib/python3.12/site-packages/airflow/example_dags/example_setup_teardown_taskflow.py took 1.076 seconds
[2025-06-27T07:43:04.017+0000] {processor.py:186} INFO - Started process (PID=770) to work on /home/airflow/.local/lib/python3.12/site-packages/airflow/example_dags/example_setup_teardown_taskflow.py
[2025-06-27T07:43:04.020+0000] {processor.py:914} INFO - Processing file /home/airflow/.local/lib/python3.12/site-packages/airflow/example_dags/example_setup_teardown_taskflow.py for tasks to queue
[2025-06-27T07:43:04.025+0000] {logging_mixin.py:190} INFO - [2025-06-27T07:43:04.024+0000] {dagbag.py:588} INFO - Filling up the DagBag from /home/airflow/.local/lib/python3.12/site-packages/airflow/example_dags/example_setup_teardown_taskflow.py
[2025-06-27T07:43:04.050+0000] {processor.py:925} INFO - DAG(s) 'example_setup_teardown_taskflow' retrieved from /home/airflow/.local/lib/python3.12/site-packages/airflow/example_dags/example_setup_teardown_taskflow.py
[2025-06-27T07:43:04.107+0000] {logging_mixin.py:190} INFO - [2025-06-27T07:43:04.106+0000] {dag.py:3239} INFO - Sync 1 DAGs
[2025-06-27T07:43:04.140+0000] {logging_mixin.py:190} INFO - [2025-06-27T07:43:04.140+0000] {dag.py:4180} INFO - Setting next_dagrun for example_setup_teardown_taskflow to None, run_after=None
[2025-06-27T07:43:04.175+0000] {processor.py:208} INFO - Processing /home/airflow/.local/lib/python3.12/site-packages/airflow/example_dags/example_setup_teardown_taskflow.py took 0.172 seconds
[2025-06-27T07:43:35.645+0000] {processor.py:186} INFO - Started process (PID=833) to work on /home/airflow/.local/lib/python3.12/site-packages/airflow/example_dags/example_setup_teardown_taskflow.py
[2025-06-27T07:43:35.649+0000] {processor.py:914} INFO - Processing file /home/airflow/.local/lib/python3.12/site-packages/airflow/example_dags/example_setup_teardown_taskflow.py for tasks to queue
[2025-06-27T07:43:35.656+0000] {logging_mixin.py:190} INFO - [2025-06-27T07:43:35.655+0000] {dagbag.py:588} INFO - Filling up the DagBag from /home/airflow/.local/lib/python3.12/site-packages/airflow/example_dags/example_setup_teardown_taskflow.py
[2025-06-27T07:43:35.687+0000] {processor.py:925} INFO - DAG(s) 'example_setup_teardown_taskflow' retrieved from /home/airflow/.local/lib/python3.12/site-packages/airflow/example_dags/example_setup_teardown_taskflow.py
[2025-06-27T07:43:35.752+0000] {logging_mixin.py:190} INFO - [2025-06-27T07:43:35.751+0000] {dag.py:3239} INFO - Sync 1 DAGs
[2025-06-27T07:43:35.812+0000] {logging_mixin.py:190} INFO - [2025-06-27T07:43:35.811+0000] {dag.py:4180} INFO - Setting next_dagrun for example_setup_teardown_taskflow to None, run_after=None
[2025-06-27T07:43:35.865+0000] {processor.py:208} INFO - Processing /home/airflow/.local/lib/python3.12/site-packages/airflow/example_dags/example_setup_teardown_taskflow.py took 0.240 seconds
[2025-06-27T07:44:06.409+0000] {processor.py:186} INFO - Started process (PID=896) to work on /home/airflow/.local/lib/python3.12/site-packages/airflow/example_dags/example_setup_teardown_taskflow.py
[2025-06-27T07:44:06.411+0000] {processor.py:914} INFO - Processing file /home/airflow/.local/lib/python3.12/site-packages/airflow/example_dags/example_setup_teardown_taskflow.py for tasks to queue
[2025-06-27T07:44:06.417+0000] {logging_mixin.py:190} INFO - [2025-06-27T07:44:06.416+0000] {dagbag.py:588} INFO - Filling up the DagBag from /home/airflow/.local/lib/python3.12/site-packages/airflow/example_dags/example_setup_teardown_taskflow.py
[2025-06-27T07:44:06.442+0000] {processor.py:925} INFO - DAG(s) 'example_setup_teardown_taskflow' retrieved from /home/airflow/.local/lib/python3.12/site-packages/airflow/example_dags/example_setup_teardown_taskflow.py
[2025-06-27T07:44:06.498+0000] {logging_mixin.py:190} INFO - [2025-06-27T07:44:06.497+0000] {dag.py:3239} INFO - Sync 1 DAGs
[2025-06-27T07:44:06.531+0000] {logging_mixin.py:190} INFO - [2025-06-27T07:44:06.530+0000] {dag.py:4180} INFO - Setting next_dagrun for example_setup_teardown_taskflow to None, run_after=None
[2025-06-27T07:44:06.575+0000] {processor.py:208} INFO - Processing /home/airflow/.local/lib/python3.12/site-packages/airflow/example_dags/example_setup_teardown_taskflow.py took 0.179 seconds
[2025-06-27T07:44:38.452+0000] {processor.py:186} INFO - Started process (PID=965) to work on /home/airflow/.local/lib/python3.12/site-packages/airflow/example_dags/example_setup_teardown_taskflow.py
[2025-06-27T07:44:38.463+0000] {processor.py:914} INFO - Processing file /home/airflow/.local/lib/python3.12/site-packages/airflow/example_dags/example_setup_teardown_taskflow.py for tasks to queue
[2025-06-27T07:44:38.483+0000] {logging_mixin.py:190} INFO - [2025-06-27T07:44:38.476+0000] {dagbag.py:588} INFO - Filling up the DagBag from /home/airflow/.local/lib/python3.12/site-packages/airflow/example_dags/example_setup_teardown_taskflow.py
[2025-06-27T07:44:38.572+0000] {processor.py:925} INFO - DAG(s) 'example_setup_teardown_taskflow' retrieved from /home/airflow/.local/lib/python3.12/site-packages/airflow/example_dags/example_setup_teardown_taskflow.py
[2025-06-27T07:44:38.694+0000] {logging_mixin.py:190} INFO - [2025-06-27T07:44:38.693+0000] {dag.py:3239} INFO - Sync 1 DAGs
[2025-06-27T07:44:38.792+0000] {logging_mixin.py:190} INFO - [2025-06-27T07:44:38.791+0000] {dag.py:4180} INFO - Setting next_dagrun for example_setup_teardown_taskflow to None, run_after=None
[2025-06-27T07:44:38.874+0000] {processor.py:208} INFO - Processing /home/airflow/.local/lib/python3.12/site-packages/airflow/example_dags/example_setup_teardown_taskflow.py took 0.460 seconds
[2025-06-27T07:45:09.534+0000] {processor.py:186} INFO - Started process (PID=1028) to work on /home/airflow/.local/lib/python3.12/site-packages/airflow/example_dags/example_setup_teardown_taskflow.py
[2025-06-27T07:45:09.537+0000] {processor.py:914} INFO - Processing file /home/airflow/.local/lib/python3.12/site-packages/airflow/example_dags/example_setup_teardown_taskflow.py for tasks to queue
[2025-06-27T07:45:09.543+0000] {logging_mixin.py:190} INFO - [2025-06-27T07:45:09.542+0000] {dagbag.py:588} INFO - Filling up the DagBag from /home/airflow/.local/lib/python3.12/site-packages/airflow/example_dags/example_setup_teardown_taskflow.py
[2025-06-27T07:45:09.568+0000] {processor.py:925} INFO - DAG(s) 'example_setup_teardown_taskflow' retrieved from /home/airflow/.local/lib/python3.12/site-packages/airflow/example_dags/example_setup_teardown_taskflow.py
[2025-06-27T07:45:09.640+0000] {logging_mixin.py:190} INFO - [2025-06-27T07:45:09.639+0000] {dag.py:3239} INFO - Sync 1 DAGs
[2025-06-27T07:45:09.679+0000] {logging_mixin.py:190} INFO - [2025-06-27T07:45:09.679+0000] {dag.py:4180} INFO - Setting next_dagrun for example_setup_teardown_taskflow to None, run_after=None
[2025-06-27T07:45:09.736+0000] {processor.py:208} INFO - Processing /home/airflow/.local/lib/python3.12/site-packages/airflow/example_dags/example_setup_teardown_taskflow.py took 0.216 seconds
[2025-06-27T07:45:40.306+0000] {processor.py:186} INFO - Started process (PID=1091) to work on /home/airflow/.local/lib/python3.12/site-packages/airflow/example_dags/example_setup_teardown_taskflow.py
[2025-06-27T07:45:40.308+0000] {processor.py:914} INFO - Processing file /home/airflow/.local/lib/python3.12/site-packages/airflow/example_dags/example_setup_teardown_taskflow.py for tasks to queue
[2025-06-27T07:45:40.315+0000] {logging_mixin.py:190} INFO - [2025-06-27T07:45:40.314+0000] {dagbag.py:588} INFO - Filling up the DagBag from /home/airflow/.local/lib/python3.12/site-packages/airflow/example_dags/example_setup_teardown_taskflow.py
[2025-06-27T07:45:40.338+0000] {processor.py:925} INFO - DAG(s) 'example_setup_teardown_taskflow' retrieved from /home/airflow/.local/lib/python3.12/site-packages/airflow/example_dags/example_setup_teardown_taskflow.py
[2025-06-27T07:45:40.392+0000] {logging_mixin.py:190} INFO - [2025-06-27T07:45:40.392+0000] {dag.py:3239} INFO - Sync 1 DAGs
[2025-06-27T07:45:40.424+0000] {logging_mixin.py:190} INFO - [2025-06-27T07:45:40.423+0000] {dag.py:4180} INFO - Setting next_dagrun for example_setup_teardown_taskflow to None, run_after=None
[2025-06-27T07:45:40.462+0000] {processor.py:208} INFO - Processing /home/airflow/.local/lib/python3.12/site-packages/airflow/example_dags/example_setup_teardown_taskflow.py took 0.169 seconds
[2025-06-27T07:46:10.610+0000] {processor.py:186} INFO - Started process (PID=1154) to work on /home/airflow/.local/lib/python3.12/site-packages/airflow/example_dags/example_setup_teardown_taskflow.py
[2025-06-27T07:46:10.612+0000] {processor.py:914} INFO - Processing file /home/airflow/.local/lib/python3.12/site-packages/airflow/example_dags/example_setup_teardown_taskflow.py for tasks to queue
[2025-06-27T07:46:10.618+0000] {logging_mixin.py:190} INFO - [2025-06-27T07:46:10.617+0000] {dagbag.py:588} INFO - Filling up the DagBag from /home/airflow/.local/lib/python3.12/site-packages/airflow/example_dags/example_setup_teardown_taskflow.py
[2025-06-27T07:46:10.646+0000] {processor.py:925} INFO - DAG(s) 'example_setup_teardown_taskflow' retrieved from /home/airflow/.local/lib/python3.12/site-packages/airflow/example_dags/example_setup_teardown_taskflow.py
[2025-06-27T07:46:10.696+0000] {logging_mixin.py:190} INFO - [2025-06-27T07:46:10.696+0000] {dag.py:3239} INFO - Sync 1 DAGs
[2025-06-27T07:46:10.724+0000] {logging_mixin.py:190} INFO - [2025-06-27T07:46:10.724+0000] {dag.py:4180} INFO - Setting next_dagrun for example_setup_teardown_taskflow to None, run_after=None
[2025-06-27T07:46:10.764+0000] {processor.py:208} INFO - Processing /home/airflow/.local/lib/python3.12/site-packages/airflow/example_dags/example_setup_teardown_taskflow.py took 0.167 seconds
[2025-06-27T07:46:41.399+0000] {processor.py:186} INFO - Started process (PID=1217) to work on /home/airflow/.local/lib/python3.12/site-packages/airflow/example_dags/example_setup_teardown_taskflow.py
[2025-06-27T07:46:41.402+0000] {processor.py:914} INFO - Processing file /home/airflow/.local/lib/python3.12/site-packages/airflow/example_dags/example_setup_teardown_taskflow.py for tasks to queue
[2025-06-27T07:46:41.408+0000] {logging_mixin.py:190} INFO - [2025-06-27T07:46:41.407+0000] {dagbag.py:588} INFO - Filling up the DagBag from /home/airflow/.local/lib/python3.12/site-packages/airflow/example_dags/example_setup_teardown_taskflow.py
[2025-06-27T07:46:41.435+0000] {processor.py:925} INFO - DAG(s) 'example_setup_teardown_taskflow' retrieved from /home/airflow/.local/lib/python3.12/site-packages/airflow/example_dags/example_setup_teardown_taskflow.py
[2025-06-27T07:46:41.498+0000] {logging_mixin.py:190} INFO - [2025-06-27T07:46:41.497+0000] {dag.py:3239} INFO - Sync 1 DAGs
[2025-06-27T07:46:41.535+0000] {logging_mixin.py:190} INFO - [2025-06-27T07:46:41.534+0000] {dag.py:4180} INFO - Setting next_dagrun for example_setup_teardown_taskflow to None, run_after=None
[2025-06-27T07:46:41.584+0000] {processor.py:208} INFO - Processing /home/airflow/.local/lib/python3.12/site-packages/airflow/example_dags/example_setup_teardown_taskflow.py took 0.199 seconds
[2025-06-27T07:47:11.849+0000] {processor.py:186} INFO - Started process (PID=1280) to work on /home/airflow/.local/lib/python3.12/site-packages/airflow/example_dags/example_setup_teardown_taskflow.py
[2025-06-27T07:47:11.851+0000] {processor.py:914} INFO - Processing file /home/airflow/.local/lib/python3.12/site-packages/airflow/example_dags/example_setup_teardown_taskflow.py for tasks to queue
[2025-06-27T07:47:11.856+0000] {logging_mixin.py:190} INFO - [2025-06-27T07:47:11.856+0000] {dagbag.py:588} INFO - Filling up the DagBag from /home/airflow/.local/lib/python3.12/site-packages/airflow/example_dags/example_setup_teardown_taskflow.py
[2025-06-27T07:47:11.878+0000] {processor.py:925} INFO - DAG(s) 'example_setup_teardown_taskflow' retrieved from /home/airflow/.local/lib/python3.12/site-packages/airflow/example_dags/example_setup_teardown_taskflow.py
[2025-06-27T07:47:11.925+0000] {logging_mixin.py:190} INFO - [2025-06-27T07:47:11.924+0000] {dag.py:3239} INFO - Sync 1 DAGs
[2025-06-27T07:47:11.950+0000] {logging_mixin.py:190} INFO - [2025-06-27T07:47:11.950+0000] {dag.py:4180} INFO - Setting next_dagrun for example_setup_teardown_taskflow to None, run_after=None
[2025-06-27T07:47:11.985+0000] {processor.py:208} INFO - Processing /home/airflow/.local/lib/python3.12/site-packages/airflow/example_dags/example_setup_teardown_taskflow.py took 0.147 seconds
[2025-06-27T07:47:43.513+0000] {processor.py:186} INFO - Started process (PID=1343) to work on /home/airflow/.local/lib/python3.12/site-packages/airflow/example_dags/example_setup_teardown_taskflow.py
[2025-06-27T07:47:43.517+0000] {processor.py:914} INFO - Processing file /home/airflow/.local/lib/python3.12/site-packages/airflow/example_dags/example_setup_teardown_taskflow.py for tasks to queue
[2025-06-27T07:47:43.524+0000] {logging_mixin.py:190} INFO - [2025-06-27T07:47:43.523+0000] {dagbag.py:588} INFO - Filling up the DagBag from /home/airflow/.local/lib/python3.12/site-packages/airflow/example_dags/example_setup_teardown_taskflow.py
[2025-06-27T07:47:43.600+0000] {processor.py:925} INFO - DAG(s) 'example_setup_teardown_taskflow' retrieved from /home/airflow/.local/lib/python3.12/site-packages/airflow/example_dags/example_setup_teardown_taskflow.py
[2025-06-27T07:47:43.713+0000] {logging_mixin.py:190} INFO - [2025-06-27T07:47:43.712+0000] {dag.py:3239} INFO - Sync 1 DAGs
[2025-06-27T07:47:43.787+0000] {logging_mixin.py:190} INFO - [2025-06-27T07:47:43.786+0000] {dag.py:4180} INFO - Setting next_dagrun for example_setup_teardown_taskflow to None, run_after=None
[2025-06-27T07:47:43.838+0000] {processor.py:208} INFO - Processing /home/airflow/.local/lib/python3.12/site-packages/airflow/example_dags/example_setup_teardown_taskflow.py took 0.346 seconds
[2025-06-27T07:48:14.188+0000] {processor.py:186} INFO - Started process (PID=1406) to work on /home/airflow/.local/lib/python3.12/site-packages/airflow/example_dags/example_setup_teardown_taskflow.py
[2025-06-27T07:48:14.190+0000] {processor.py:914} INFO - Processing file /home/airflow/.local/lib/python3.12/site-packages/airflow/example_dags/example_setup_teardown_taskflow.py for tasks to queue
[2025-06-27T07:48:14.196+0000] {logging_mixin.py:190} INFO - [2025-06-27T07:48:14.195+0000] {dagbag.py:588} INFO - Filling up the DagBag from /home/airflow/.local/lib/python3.12/site-packages/airflow/example_dags/example_setup_teardown_taskflow.py
[2025-06-27T07:48:14.216+0000] {processor.py:925} INFO - DAG(s) 'example_setup_teardown_taskflow' retrieved from /home/airflow/.local/lib/python3.12/site-packages/airflow/example_dags/example_setup_teardown_taskflow.py
[2025-06-27T07:48:14.255+0000] {logging_mixin.py:190} INFO - [2025-06-27T07:48:14.254+0000] {dag.py:3239} INFO - Sync 1 DAGs
[2025-06-27T07:48:14.282+0000] {logging_mixin.py:190} INFO - [2025-06-27T07:48:14.281+0000] {dag.py:4180} INFO - Setting next_dagrun for example_setup_teardown_taskflow to None, run_after=None
[2025-06-27T07:48:14.313+0000] {processor.py:208} INFO - Processing /home/airflow/.local/lib/python3.12/site-packages/airflow/example_dags/example_setup_teardown_taskflow.py took 0.135 seconds
[2025-06-27T07:48:44.685+0000] {processor.py:186} INFO - Started process (PID=1469) to work on /home/airflow/.local/lib/python3.12/site-packages/airflow/example_dags/example_setup_teardown_taskflow.py
[2025-06-27T07:48:44.687+0000] {processor.py:914} INFO - Processing file /home/airflow/.local/lib/python3.12/site-packages/airflow/example_dags/example_setup_teardown_taskflow.py for tasks to queue
[2025-06-27T07:48:44.691+0000] {logging_mixin.py:190} INFO - [2025-06-27T07:48:44.690+0000] {dagbag.py:588} INFO - Filling up the DagBag from /home/airflow/.local/lib/python3.12/site-packages/airflow/example_dags/example_setup_teardown_taskflow.py
[2025-06-27T07:48:44.712+0000] {processor.py:925} INFO - DAG(s) 'example_setup_teardown_taskflow' retrieved from /home/airflow/.local/lib/python3.12/site-packages/airflow/example_dags/example_setup_teardown_taskflow.py
[2025-06-27T07:48:44.757+0000] {logging_mixin.py:190} INFO - [2025-06-27T07:48:44.757+0000] {dag.py:3239} INFO - Sync 1 DAGs
[2025-06-27T07:48:44.783+0000] {logging_mixin.py:190} INFO - [2025-06-27T07:48:44.782+0000] {dag.py:4180} INFO - Setting next_dagrun for example_setup_teardown_taskflow to None, run_after=None
[2025-06-27T07:48:44.815+0000] {processor.py:208} INFO - Processing /home/airflow/.local/lib/python3.12/site-packages/airflow/example_dags/example_setup_teardown_taskflow.py took 0.141 seconds
[2025-06-27T07:52:09.370+0000] {processor.py:186} INFO - Started process (PID=96) to work on /home/airflow/.local/lib/python3.12/site-packages/airflow/example_dags/example_setup_teardown_taskflow.py
[2025-06-27T07:52:09.397+0000] {processor.py:914} INFO - Processing file /home/airflow/.local/lib/python3.12/site-packages/airflow/example_dags/example_setup_teardown_taskflow.py for tasks to queue
[2025-06-27T07:52:09.432+0000] {logging_mixin.py:190} INFO - [2025-06-27T07:52:09.429+0000] {dagbag.py:588} INFO - Filling up the DagBag from /home/airflow/.local/lib/python3.12/site-packages/airflow/example_dags/example_setup_teardown_taskflow.py
[2025-06-27T07:52:09.686+0000] {processor.py:925} INFO - DAG(s) 'example_setup_teardown_taskflow' retrieved from /home/airflow/.local/lib/python3.12/site-packages/airflow/example_dags/example_setup_teardown_taskflow.py
[2025-06-27T07:52:09.893+0000] {logging_mixin.py:190} INFO - [2025-06-27T07:52:09.892+0000] {dag.py:3239} INFO - Sync 1 DAGs
[2025-06-27T07:52:10.007+0000] {logging_mixin.py:190} INFO - [2025-06-27T07:52:10.005+0000] {dag.py:4180} INFO - Setting next_dagrun for example_setup_teardown_taskflow to None, run_after=None
[2025-06-27T07:52:10.206+0000] {processor.py:208} INFO - Processing /home/airflow/.local/lib/python3.12/site-packages/airflow/example_dags/example_setup_teardown_taskflow.py took 0.999 seconds
[2025-06-27T07:52:48.775+0000] {processor.py:186} INFO - Started process (PID=159) to work on /home/airflow/.local/lib/python3.12/site-packages/airflow/example_dags/example_setup_teardown_taskflow.py
[2025-06-27T07:52:48.781+0000] {processor.py:914} INFO - Processing file /home/airflow/.local/lib/python3.12/site-packages/airflow/example_dags/example_setup_teardown_taskflow.py for tasks to queue
[2025-06-27T07:52:48.794+0000] {logging_mixin.py:190} INFO - [2025-06-27T07:52:48.793+0000] {dagbag.py:588} INFO - Filling up the DagBag from /home/airflow/.local/lib/python3.12/site-packages/airflow/example_dags/example_setup_teardown_taskflow.py
[2025-06-27T07:52:48.853+0000] {processor.py:925} INFO - DAG(s) 'example_setup_teardown_taskflow' retrieved from /home/airflow/.local/lib/python3.12/site-packages/airflow/example_dags/example_setup_teardown_taskflow.py
[2025-06-27T07:52:48.965+0000] {logging_mixin.py:190} INFO - [2025-06-27T07:52:48.964+0000] {dag.py:3239} INFO - Sync 1 DAGs
[2025-06-27T07:52:49.050+0000] {logging_mixin.py:190} INFO - [2025-06-27T07:52:49.049+0000] {dag.py:4180} INFO - Setting next_dagrun for example_setup_teardown_taskflow to None, run_after=None
[2025-06-27T07:52:49.162+0000] {processor.py:208} INFO - Processing /home/airflow/.local/lib/python3.12/site-packages/airflow/example_dags/example_setup_teardown_taskflow.py took 0.435 seconds
[2025-06-27T07:53:19.428+0000] {processor.py:186} INFO - Started process (PID=222) to work on /home/airflow/.local/lib/python3.12/site-packages/airflow/example_dags/example_setup_teardown_taskflow.py
[2025-06-27T07:53:19.431+0000] {processor.py:914} INFO - Processing file /home/airflow/.local/lib/python3.12/site-packages/airflow/example_dags/example_setup_teardown_taskflow.py for tasks to queue
[2025-06-27T07:53:19.437+0000] {logging_mixin.py:190} INFO - [2025-06-27T07:53:19.436+0000] {dagbag.py:588} INFO - Filling up the DagBag from /home/airflow/.local/lib/python3.12/site-packages/airflow/example_dags/example_setup_teardown_taskflow.py
[2025-06-27T07:53:19.455+0000] {processor.py:925} INFO - DAG(s) 'example_setup_teardown_taskflow' retrieved from /home/airflow/.local/lib/python3.12/site-packages/airflow/example_dags/example_setup_teardown_taskflow.py
[2025-06-27T07:53:19.494+0000] {logging_mixin.py:190} INFO - [2025-06-27T07:53:19.493+0000] {dag.py:3239} INFO - Sync 1 DAGs
[2025-06-27T07:53:19.516+0000] {logging_mixin.py:190} INFO - [2025-06-27T07:53:19.515+0000] {dag.py:4180} INFO - Setting next_dagrun for example_setup_teardown_taskflow to None, run_after=None
[2025-06-27T07:53:19.543+0000] {processor.py:208} INFO - Processing /home/airflow/.local/lib/python3.12/site-packages/airflow/example_dags/example_setup_teardown_taskflow.py took 0.127 seconds
[2025-06-27T07:53:49.811+0000] {processor.py:186} INFO - Started process (PID=286) to work on /home/airflow/.local/lib/python3.12/site-packages/airflow/example_dags/example_setup_teardown_taskflow.py
[2025-06-27T07:53:49.813+0000] {processor.py:914} INFO - Processing file /home/airflow/.local/lib/python3.12/site-packages/airflow/example_dags/example_setup_teardown_taskflow.py for tasks to queue
[2025-06-27T07:53:49.818+0000] {logging_mixin.py:190} INFO - [2025-06-27T07:53:49.817+0000] {dagbag.py:588} INFO - Filling up the DagBag from /home/airflow/.local/lib/python3.12/site-packages/airflow/example_dags/example_setup_teardown_taskflow.py
[2025-06-27T07:53:49.835+0000] {processor.py:925} INFO - DAG(s) 'example_setup_teardown_taskflow' retrieved from /home/airflow/.local/lib/python3.12/site-packages/airflow/example_dags/example_setup_teardown_taskflow.py
[2025-06-27T07:53:49.880+0000] {logging_mixin.py:190} INFO - [2025-06-27T07:53:49.879+0000] {dag.py:3239} INFO - Sync 1 DAGs
[2025-06-27T07:53:49.908+0000] {logging_mixin.py:190} INFO - [2025-06-27T07:53:49.907+0000] {dag.py:4180} INFO - Setting next_dagrun for example_setup_teardown_taskflow to None, run_after=None
[2025-06-27T07:53:49.955+0000] {processor.py:208} INFO - Processing /home/airflow/.local/lib/python3.12/site-packages/airflow/example_dags/example_setup_teardown_taskflow.py took 0.154 seconds
[2025-06-27T07:54:20.877+0000] {processor.py:186} INFO - Started process (PID=349) to work on /home/airflow/.local/lib/python3.12/site-packages/airflow/example_dags/example_setup_teardown_taskflow.py
[2025-06-27T07:54:20.880+0000] {processor.py:914} INFO - Processing file /home/airflow/.local/lib/python3.12/site-packages/airflow/example_dags/example_setup_teardown_taskflow.py for tasks to queue
[2025-06-27T07:54:20.887+0000] {logging_mixin.py:190} INFO - [2025-06-27T07:54:20.886+0000] {dagbag.py:588} INFO - Filling up the DagBag from /home/airflow/.local/lib/python3.12/site-packages/airflow/example_dags/example_setup_teardown_taskflow.py
[2025-06-27T07:54:20.914+0000] {processor.py:925} INFO - DAG(s) 'example_setup_teardown_taskflow' retrieved from /home/airflow/.local/lib/python3.12/site-packages/airflow/example_dags/example_setup_teardown_taskflow.py
[2025-06-27T07:54:20.965+0000] {logging_mixin.py:190} INFO - [2025-06-27T07:54:20.965+0000] {dag.py:3239} INFO - Sync 1 DAGs
[2025-06-27T07:54:21.002+0000] {logging_mixin.py:190} INFO - [2025-06-27T07:54:21.001+0000] {dag.py:4180} INFO - Setting next_dagrun for example_setup_teardown_taskflow to None, run_after=None
[2025-06-27T07:54:21.058+0000] {processor.py:208} INFO - Processing /home/airflow/.local/lib/python3.12/site-packages/airflow/example_dags/example_setup_teardown_taskflow.py took 0.198 seconds
[2025-06-27T07:54:51.476+0000] {processor.py:186} INFO - Started process (PID=412) to work on /home/airflow/.local/lib/python3.12/site-packages/airflow/example_dags/example_setup_teardown_taskflow.py
[2025-06-27T07:54:51.478+0000] {processor.py:914} INFO - Processing file /home/airflow/.local/lib/python3.12/site-packages/airflow/example_dags/example_setup_teardown_taskflow.py for tasks to queue
[2025-06-27T07:54:51.485+0000] {logging_mixin.py:190} INFO - [2025-06-27T07:54:51.484+0000] {dagbag.py:588} INFO - Filling up the DagBag from /home/airflow/.local/lib/python3.12/site-packages/airflow/example_dags/example_setup_teardown_taskflow.py
[2025-06-27T07:54:51.506+0000] {processor.py:925} INFO - DAG(s) 'example_setup_teardown_taskflow' retrieved from /home/airflow/.local/lib/python3.12/site-packages/airflow/example_dags/example_setup_teardown_taskflow.py
[2025-06-27T07:54:51.551+0000] {logging_mixin.py:190} INFO - [2025-06-27T07:54:51.551+0000] {dag.py:3239} INFO - Sync 1 DAGs
[2025-06-27T07:54:51.575+0000] {logging_mixin.py:190} INFO - [2025-06-27T07:54:51.575+0000] {dag.py:4180} INFO - Setting next_dagrun for example_setup_teardown_taskflow to None, run_after=None
[2025-06-27T07:54:51.616+0000] {processor.py:208} INFO - Processing /home/airflow/.local/lib/python3.12/site-packages/airflow/example_dags/example_setup_teardown_taskflow.py took 0.154 seconds
[2025-06-27T07:59:31.808+0000] {processor.py:186} INFO - Started process (PID=83) to work on /home/airflow/.local/lib/python3.12/site-packages/airflow/example_dags/example_setup_teardown_taskflow.py
[2025-06-27T07:59:31.823+0000] {processor.py:914} INFO - Processing file /home/airflow/.local/lib/python3.12/site-packages/airflow/example_dags/example_setup_teardown_taskflow.py for tasks to queue
[2025-06-27T07:59:31.877+0000] {logging_mixin.py:190} INFO - [2025-06-27T07:59:31.876+0000] {dagbag.py:588} INFO - Filling up the DagBag from /home/airflow/.local/lib/python3.12/site-packages/airflow/example_dags/example_setup_teardown_taskflow.py
[2025-06-27T07:59:32.008+0000] {processor.py:925} INFO - DAG(s) 'example_setup_teardown_taskflow' retrieved from /home/airflow/.local/lib/python3.12/site-packages/airflow/example_dags/example_setup_teardown_taskflow.py
[2025-06-27T07:59:32.199+0000] {logging_mixin.py:190} INFO - [2025-06-27T07:59:32.199+0000] {dag.py:3239} INFO - Sync 1 DAGs
[2025-06-27T07:59:32.257+0000] {logging_mixin.py:190} INFO - [2025-06-27T07:59:32.257+0000] {dag.py:4180} INFO - Setting next_dagrun for example_setup_teardown_taskflow to None, run_after=None
[2025-06-27T07:59:32.412+0000] {processor.py:208} INFO - Processing /home/airflow/.local/lib/python3.12/site-packages/airflow/example_dags/example_setup_teardown_taskflow.py took 0.671 seconds
[2025-06-27T08:00:23.453+0000] {processor.py:186} INFO - Started process (PID=145) to work on /home/airflow/.local/lib/python3.12/site-packages/airflow/example_dags/example_setup_teardown_taskflow.py
[2025-06-27T08:00:23.475+0000] {processor.py:914} INFO - Processing file /home/airflow/.local/lib/python3.12/site-packages/airflow/example_dags/example_setup_teardown_taskflow.py for tasks to queue
[2025-06-27T08:00:23.581+0000] {logging_mixin.py:190} INFO - [2025-06-27T08:00:23.572+0000] {dagbag.py:588} INFO - Filling up the DagBag from /home/airflow/.local/lib/python3.12/site-packages/airflow/example_dags/example_setup_teardown_taskflow.py
[2025-06-27T08:00:23.931+0000] {processor.py:925} INFO - DAG(s) 'example_setup_teardown_taskflow' retrieved from /home/airflow/.local/lib/python3.12/site-packages/airflow/example_dags/example_setup_teardown_taskflow.py
[2025-06-27T08:00:24.298+0000] {logging_mixin.py:190} INFO - [2025-06-27T08:00:24.297+0000] {dag.py:3239} INFO - Sync 1 DAGs
[2025-06-27T08:00:24.900+0000] {logging_mixin.py:190} INFO - [2025-06-27T08:00:24.898+0000] {dag.py:4180} INFO - Setting next_dagrun for example_setup_teardown_taskflow to None, run_after=None
[2025-06-27T08:00:25.173+0000] {processor.py:208} INFO - Processing /home/airflow/.local/lib/python3.12/site-packages/airflow/example_dags/example_setup_teardown_taskflow.py took 1.934 seconds
[2025-06-27T08:01:03.963+0000] {processor.py:186} INFO - Started process (PID=191) to work on /home/airflow/.local/lib/python3.12/site-packages/airflow/example_dags/example_setup_teardown_taskflow.py
[2025-06-27T08:01:03.968+0000] {processor.py:914} INFO - Processing file /home/airflow/.local/lib/python3.12/site-packages/airflow/example_dags/example_setup_teardown_taskflow.py for tasks to queue
[2025-06-27T08:01:03.983+0000] {logging_mixin.py:190} INFO - [2025-06-27T08:01:03.980+0000] {dagbag.py:588} INFO - Filling up the DagBag from /home/airflow/.local/lib/python3.12/site-packages/airflow/example_dags/example_setup_teardown_taskflow.py
[2025-06-27T08:01:04.079+0000] {processor.py:925} INFO - DAG(s) 'example_setup_teardown_taskflow' retrieved from /home/airflow/.local/lib/python3.12/site-packages/airflow/example_dags/example_setup_teardown_taskflow.py
[2025-06-27T08:01:04.186+0000] {logging_mixin.py:190} INFO - [2025-06-27T08:01:04.185+0000] {dag.py:3239} INFO - Sync 1 DAGs
[2025-06-27T08:01:04.244+0000] {logging_mixin.py:190} INFO - [2025-06-27T08:01:04.243+0000] {dag.py:4180} INFO - Setting next_dagrun for example_setup_teardown_taskflow to None, run_after=None
[2025-06-27T08:01:04.319+0000] {processor.py:208} INFO - Processing /home/airflow/.local/lib/python3.12/site-packages/airflow/example_dags/example_setup_teardown_taskflow.py took 0.394 seconds
[2025-06-27T08:01:35.286+0000] {processor.py:186} INFO - Started process (PID=253) to work on /home/airflow/.local/lib/python3.12/site-packages/airflow/example_dags/example_setup_teardown_taskflow.py
[2025-06-27T08:01:35.290+0000] {processor.py:914} INFO - Processing file /home/airflow/.local/lib/python3.12/site-packages/airflow/example_dags/example_setup_teardown_taskflow.py for tasks to queue
[2025-06-27T08:01:35.299+0000] {logging_mixin.py:190} INFO - [2025-06-27T08:01:35.298+0000] {dagbag.py:588} INFO - Filling up the DagBag from /home/airflow/.local/lib/python3.12/site-packages/airflow/example_dags/example_setup_teardown_taskflow.py
[2025-06-27T08:01:35.352+0000] {processor.py:925} INFO - DAG(s) 'example_setup_teardown_taskflow' retrieved from /home/airflow/.local/lib/python3.12/site-packages/airflow/example_dags/example_setup_teardown_taskflow.py
[2025-06-27T08:01:35.459+0000] {logging_mixin.py:190} INFO - [2025-06-27T08:01:35.458+0000] {dag.py:3239} INFO - Sync 1 DAGs
[2025-06-27T08:01:35.514+0000] {logging_mixin.py:190} INFO - [2025-06-27T08:01:35.513+0000] {dag.py:4180} INFO - Setting next_dagrun for example_setup_teardown_taskflow to None, run_after=None
[2025-06-27T08:01:35.579+0000] {processor.py:208} INFO - Processing /home/airflow/.local/lib/python3.12/site-packages/airflow/example_dags/example_setup_teardown_taskflow.py took 0.313 seconds
[2025-06-27T08:02:06.269+0000] {processor.py:186} INFO - Started process (PID=317) to work on /home/airflow/.local/lib/python3.12/site-packages/airflow/example_dags/example_setup_teardown_taskflow.py
[2025-06-27T08:02:06.271+0000] {processor.py:914} INFO - Processing file /home/airflow/.local/lib/python3.12/site-packages/airflow/example_dags/example_setup_teardown_taskflow.py for tasks to queue
[2025-06-27T08:02:06.277+0000] {logging_mixin.py:190} INFO - [2025-06-27T08:02:06.276+0000] {dagbag.py:588} INFO - Filling up the DagBag from /home/airflow/.local/lib/python3.12/site-packages/airflow/example_dags/example_setup_teardown_taskflow.py
[2025-06-27T08:02:06.300+0000] {processor.py:925} INFO - DAG(s) 'example_setup_teardown_taskflow' retrieved from /home/airflow/.local/lib/python3.12/site-packages/airflow/example_dags/example_setup_teardown_taskflow.py
[2025-06-27T08:02:06.351+0000] {logging_mixin.py:190} INFO - [2025-06-27T08:02:06.351+0000] {dag.py:3239} INFO - Sync 1 DAGs
[2025-06-27T08:02:06.393+0000] {logging_mixin.py:190} INFO - [2025-06-27T08:02:06.393+0000] {dag.py:4180} INFO - Setting next_dagrun for example_setup_teardown_taskflow to None, run_after=None
[2025-06-27T08:02:06.434+0000] {processor.py:208} INFO - Processing /home/airflow/.local/lib/python3.12/site-packages/airflow/example_dags/example_setup_teardown_taskflow.py took 0.179 seconds
[2025-06-27T08:02:36.693+0000] {processor.py:186} INFO - Started process (PID=379) to work on /home/airflow/.local/lib/python3.12/site-packages/airflow/example_dags/example_setup_teardown_taskflow.py
[2025-06-27T08:02:36.695+0000] {processor.py:914} INFO - Processing file /home/airflow/.local/lib/python3.12/site-packages/airflow/example_dags/example_setup_teardown_taskflow.py for tasks to queue
[2025-06-27T08:02:36.700+0000] {logging_mixin.py:190} INFO - [2025-06-27T08:02:36.700+0000] {dagbag.py:588} INFO - Filling up the DagBag from /home/airflow/.local/lib/python3.12/site-packages/airflow/example_dags/example_setup_teardown_taskflow.py
[2025-06-27T08:02:36.716+0000] {processor.py:925} INFO - DAG(s) 'example_setup_teardown_taskflow' retrieved from /home/airflow/.local/lib/python3.12/site-packages/airflow/example_dags/example_setup_teardown_taskflow.py
[2025-06-27T08:02:36.759+0000] {logging_mixin.py:190} INFO - [2025-06-27T08:02:36.758+0000] {dag.py:3239} INFO - Sync 1 DAGs
[2025-06-27T08:02:36.784+0000] {logging_mixin.py:190} INFO - [2025-06-27T08:02:36.784+0000] {dag.py:4180} INFO - Setting next_dagrun for example_setup_teardown_taskflow to None, run_after=None
[2025-06-27T08:02:36.827+0000] {processor.py:208} INFO - Processing /home/airflow/.local/lib/python3.12/site-packages/airflow/example_dags/example_setup_teardown_taskflow.py took 0.142 seconds
[2025-06-27T08:03:07.072+0000] {processor.py:186} INFO - Started process (PID=442) to work on /home/airflow/.local/lib/python3.12/site-packages/airflow/example_dags/example_setup_teardown_taskflow.py
[2025-06-27T08:03:07.074+0000] {processor.py:914} INFO - Processing file /home/airflow/.local/lib/python3.12/site-packages/airflow/example_dags/example_setup_teardown_taskflow.py for tasks to queue
[2025-06-27T08:03:07.079+0000] {logging_mixin.py:190} INFO - [2025-06-27T08:03:07.078+0000] {dagbag.py:588} INFO - Filling up the DagBag from /home/airflow/.local/lib/python3.12/site-packages/airflow/example_dags/example_setup_teardown_taskflow.py
[2025-06-27T08:03:07.097+0000] {processor.py:925} INFO - DAG(s) 'example_setup_teardown_taskflow' retrieved from /home/airflow/.local/lib/python3.12/site-packages/airflow/example_dags/example_setup_teardown_taskflow.py
[2025-06-27T08:03:07.136+0000] {logging_mixin.py:190} INFO - [2025-06-27T08:03:07.135+0000] {dag.py:3239} INFO - Sync 1 DAGs
[2025-06-27T08:03:07.160+0000] {logging_mixin.py:190} INFO - [2025-06-27T08:03:07.160+0000] {dag.py:4180} INFO - Setting next_dagrun for example_setup_teardown_taskflow to None, run_after=None
[2025-06-27T08:03:07.197+0000] {processor.py:208} INFO - Processing /home/airflow/.local/lib/python3.12/site-packages/airflow/example_dags/example_setup_teardown_taskflow.py took 0.136 seconds
[2025-06-27T08:03:37.460+0000] {processor.py:186} INFO - Started process (PID=505) to work on /home/airflow/.local/lib/python3.12/site-packages/airflow/example_dags/example_setup_teardown_taskflow.py
[2025-06-27T08:03:37.463+0000] {processor.py:914} INFO - Processing file /home/airflow/.local/lib/python3.12/site-packages/airflow/example_dags/example_setup_teardown_taskflow.py for tasks to queue
[2025-06-27T08:03:37.467+0000] {logging_mixin.py:190} INFO - [2025-06-27T08:03:37.467+0000] {dagbag.py:588} INFO - Filling up the DagBag from /home/airflow/.local/lib/python3.12/site-packages/airflow/example_dags/example_setup_teardown_taskflow.py
[2025-06-27T08:03:37.493+0000] {processor.py:925} INFO - DAG(s) 'example_setup_teardown_taskflow' retrieved from /home/airflow/.local/lib/python3.12/site-packages/airflow/example_dags/example_setup_teardown_taskflow.py
[2025-06-27T08:03:37.546+0000] {logging_mixin.py:190} INFO - [2025-06-27T08:03:37.545+0000] {dag.py:3239} INFO - Sync 1 DAGs
[2025-06-27T08:03:37.574+0000] {logging_mixin.py:190} INFO - [2025-06-27T08:03:37.574+0000] {dag.py:4180} INFO - Setting next_dagrun for example_setup_teardown_taskflow to None, run_after=None
[2025-06-27T08:03:37.620+0000] {processor.py:208} INFO - Processing /home/airflow/.local/lib/python3.12/site-packages/airflow/example_dags/example_setup_teardown_taskflow.py took 0.174 seconds
[2025-06-27T08:04:08.009+0000] {processor.py:186} INFO - Started process (PID=568) to work on /home/airflow/.local/lib/python3.12/site-packages/airflow/example_dags/example_setup_teardown_taskflow.py
[2025-06-27T08:04:08.011+0000] {processor.py:914} INFO - Processing file /home/airflow/.local/lib/python3.12/site-packages/airflow/example_dags/example_setup_teardown_taskflow.py for tasks to queue
[2025-06-27T08:04:08.017+0000] {logging_mixin.py:190} INFO - [2025-06-27T08:04:08.016+0000] {dagbag.py:588} INFO - Filling up the DagBag from /home/airflow/.local/lib/python3.12/site-packages/airflow/example_dags/example_setup_teardown_taskflow.py
[2025-06-27T08:04:08.059+0000] {processor.py:925} INFO - DAG(s) 'example_setup_teardown_taskflow' retrieved from /home/airflow/.local/lib/python3.12/site-packages/airflow/example_dags/example_setup_teardown_taskflow.py
[2025-06-27T08:04:08.130+0000] {logging_mixin.py:190} INFO - [2025-06-27T08:04:08.129+0000] {dag.py:3239} INFO - Sync 1 DAGs
[2025-06-27T08:04:08.177+0000] {logging_mixin.py:190} INFO - [2025-06-27T08:04:08.176+0000] {dag.py:4180} INFO - Setting next_dagrun for example_setup_teardown_taskflow to None, run_after=None
[2025-06-27T08:04:08.231+0000] {processor.py:208} INFO - Processing /home/airflow/.local/lib/python3.12/site-packages/airflow/example_dags/example_setup_teardown_taskflow.py took 0.238 seconds
[2025-06-27T08:04:38.818+0000] {processor.py:186} INFO - Started process (PID=631) to work on /home/airflow/.local/lib/python3.12/site-packages/airflow/example_dags/example_setup_teardown_taskflow.py
[2025-06-27T08:04:38.821+0000] {processor.py:914} INFO - Processing file /home/airflow/.local/lib/python3.12/site-packages/airflow/example_dags/example_setup_teardown_taskflow.py for tasks to queue
[2025-06-27T08:04:38.828+0000] {logging_mixin.py:190} INFO - [2025-06-27T08:04:38.827+0000] {dagbag.py:588} INFO - Filling up the DagBag from /home/airflow/.local/lib/python3.12/site-packages/airflow/example_dags/example_setup_teardown_taskflow.py
[2025-06-27T08:04:38.858+0000] {processor.py:925} INFO - DAG(s) 'example_setup_teardown_taskflow' retrieved from /home/airflow/.local/lib/python3.12/site-packages/airflow/example_dags/example_setup_teardown_taskflow.py
[2025-06-27T08:04:38.928+0000] {logging_mixin.py:190} INFO - [2025-06-27T08:04:38.928+0000] {dag.py:3239} INFO - Sync 1 DAGs
[2025-06-27T08:04:38.968+0000] {logging_mixin.py:190} INFO - [2025-06-27T08:04:38.967+0000] {dag.py:4180} INFO - Setting next_dagrun for example_setup_teardown_taskflow to None, run_after=None
[2025-06-27T08:04:39.017+0000] {processor.py:208} INFO - Processing /home/airflow/.local/lib/python3.12/site-packages/airflow/example_dags/example_setup_teardown_taskflow.py took 0.215 seconds
[2025-06-27T08:05:16.258+0000] {processor.py:186} INFO - Started process (PID=695) to work on /home/airflow/.local/lib/python3.12/site-packages/airflow/example_dags/example_setup_teardown_taskflow.py
[2025-06-27T08:05:16.263+0000] {processor.py:914} INFO - Processing file /home/airflow/.local/lib/python3.12/site-packages/airflow/example_dags/example_setup_teardown_taskflow.py for tasks to queue
[2025-06-27T08:05:16.276+0000] {logging_mixin.py:190} INFO - [2025-06-27T08:05:16.275+0000] {dagbag.py:588} INFO - Filling up the DagBag from /home/airflow/.local/lib/python3.12/site-packages/airflow/example_dags/example_setup_teardown_taskflow.py
[2025-06-27T08:05:16.381+0000] {processor.py:925} INFO - DAG(s) 'example_setup_teardown_taskflow' retrieved from /home/airflow/.local/lib/python3.12/site-packages/airflow/example_dags/example_setup_teardown_taskflow.py
[2025-06-27T08:05:16.518+0000] {logging_mixin.py:190} INFO - [2025-06-27T08:05:16.517+0000] {dag.py:3239} INFO - Sync 1 DAGs
[2025-06-27T08:05:16.736+0000] {logging_mixin.py:190} INFO - [2025-06-27T08:05:16.735+0000] {dag.py:4180} INFO - Setting next_dagrun for example_setup_teardown_taskflow to None, run_after=None
[2025-06-27T08:05:17.232+0000] {processor.py:208} INFO - Processing /home/airflow/.local/lib/python3.12/site-packages/airflow/example_dags/example_setup_teardown_taskflow.py took 0.994 seconds
[2025-06-27T08:05:48.063+0000] {processor.py:186} INFO - Started process (PID=757) to work on /home/airflow/.local/lib/python3.12/site-packages/airflow/example_dags/example_setup_teardown_taskflow.py
[2025-06-27T08:05:48.070+0000] {processor.py:914} INFO - Processing file /home/airflow/.local/lib/python3.12/site-packages/airflow/example_dags/example_setup_teardown_taskflow.py for tasks to queue
[2025-06-27T08:05:48.106+0000] {logging_mixin.py:190} INFO - [2025-06-27T08:05:48.101+0000] {dagbag.py:588} INFO - Filling up the DagBag from /home/airflow/.local/lib/python3.12/site-packages/airflow/example_dags/example_setup_teardown_taskflow.py
[2025-06-27T08:05:48.254+0000] {processor.py:925} INFO - DAG(s) 'example_setup_teardown_taskflow' retrieved from /home/airflow/.local/lib/python3.12/site-packages/airflow/example_dags/example_setup_teardown_taskflow.py
[2025-06-27T08:05:48.399+0000] {logging_mixin.py:190} INFO - [2025-06-27T08:05:48.398+0000] {dag.py:3239} INFO - Sync 1 DAGs
[2025-06-27T08:05:48.507+0000] {logging_mixin.py:190} INFO - [2025-06-27T08:05:48.506+0000] {dag.py:4180} INFO - Setting next_dagrun for example_setup_teardown_taskflow to None, run_after=None
[2025-06-27T08:05:48.669+0000] {processor.py:208} INFO - Processing /home/airflow/.local/lib/python3.12/site-packages/airflow/example_dags/example_setup_teardown_taskflow.py took 0.669 seconds
