[2025-06-27T07:37:16.451+0000] {processor.py:186} INFO - Started process (PID=174) to work on /home/airflow/.local/lib/python3.12/site-packages/airflow/example_dags/example_skip_dag.py
[2025-06-27T07:37:16.455+0000] {processor.py:914} INFO - Processing file /home/airflow/.local/lib/python3.12/site-packages/airflow/example_dags/example_skip_dag.py for tasks to queue
[2025-06-27T07:37:16.468+0000] {logging_mixin.py:190} INFO - [2025-06-27T07:37:16.467+0000] {dagbag.py:588} INFO - Filling up the DagBag from /home/airflow/.local/lib/python3.12/site-packages/airflow/example_dags/example_skip_dag.py
[2025-06-27T07:37:16.514+0000] {processor.py:925} INFO - DAG(s) 'example_skip_dag' retrieved from /home/airflow/.local/lib/python3.12/site-packages/airflow/example_dags/example_skip_dag.py
[2025-06-27T07:37:17.098+0000] {logging_mixin.py:190} INFO - [2025-06-27T07:37:17.096+0000] {override.py:1900} INFO - Created Permission View: can read on DAG:example_skip_dag
[2025-06-27T07:37:17.180+0000] {logging_mixin.py:190} INFO - [2025-06-27T07:37:17.179+0000] {override.py:1900} INFO - Created Permission View: can edit on DAG:example_skip_dag
[2025-06-27T07:37:17.225+0000] {logging_mixin.py:190} INFO - [2025-06-27T07:37:17.223+0000] {override.py:1900} INFO - Created Permission View: can delete on DAG:example_skip_dag
[2025-06-27T07:37:17.281+0000] {logging_mixin.py:190} INFO - [2025-06-27T07:37:17.280+0000] {override.py:1900} INFO - Created Permission View: can read on DAG Run:example_skip_dag
[2025-06-27T07:37:17.331+0000] {logging_mixin.py:190} INFO - [2025-06-27T07:37:17.329+0000] {override.py:1900} INFO - Created Permission View: can create on DAG Run:example_skip_dag
[2025-06-27T07:37:17.392+0000] {logging_mixin.py:190} INFO - [2025-06-27T07:37:17.390+0000] {override.py:1900} INFO - Created Permission View: can delete on DAG Run:example_skip_dag
[2025-06-27T07:37:17.443+0000] {logging_mixin.py:190} INFO - [2025-06-27T07:37:17.442+0000] {override.py:1900} INFO - Created Permission View: menu access on DAG Run:example_skip_dag
[2025-06-27T07:37:17.446+0000] {logging_mixin.py:190} INFO - [2025-06-27T07:37:17.445+0000] {dag.py:3239} INFO - Sync 1 DAGs
[2025-06-27T07:37:17.568+0000] {logging_mixin.py:190} INFO - [2025-06-27T07:37:17.567+0000] {dag.py:3262} INFO - Creating ORM DAG for example_skip_dag
[2025-06-27T07:37:17.655+0000] {logging_mixin.py:190} INFO - [2025-06-27T07:37:17.654+0000] {dag.py:4180} INFO - Setting next_dagrun for example_skip_dag to 2025-06-26 00:00:00+00:00, run_after=2025-06-27 00:00:00+00:00
[2025-06-27T07:37:17.774+0000] {processor.py:208} INFO - Processing /home/airflow/.local/lib/python3.12/site-packages/airflow/example_dags/example_skip_dag.py took 1.350 seconds
[2025-06-27T07:37:48.478+0000] {processor.py:186} INFO - Started process (PID=237) to work on /home/airflow/.local/lib/python3.12/site-packages/airflow/example_dags/example_skip_dag.py
[2025-06-27T07:37:48.480+0000] {processor.py:914} INFO - Processing file /home/airflow/.local/lib/python3.12/site-packages/airflow/example_dags/example_skip_dag.py for tasks to queue
[2025-06-27T07:37:48.486+0000] {logging_mixin.py:190} INFO - [2025-06-27T07:37:48.485+0000] {dagbag.py:588} INFO - Filling up the DagBag from /home/airflow/.local/lib/python3.12/site-packages/airflow/example_dags/example_skip_dag.py
[2025-06-27T07:37:48.508+0000] {processor.py:925} INFO - DAG(s) 'example_skip_dag' retrieved from /home/airflow/.local/lib/python3.12/site-packages/airflow/example_dags/example_skip_dag.py
[2025-06-27T07:37:48.552+0000] {logging_mixin.py:190} INFO - [2025-06-27T07:37:48.551+0000] {dag.py:3239} INFO - Sync 1 DAGs
[2025-06-27T07:37:48.621+0000] {logging_mixin.py:190} INFO - [2025-06-27T07:37:48.621+0000] {dag.py:4180} INFO - Setting next_dagrun for example_skip_dag to 2025-06-26 00:00:00+00:00, run_after=2025-06-27 00:00:00+00:00
[2025-06-27T07:37:48.689+0000] {processor.py:208} INFO - Processing /home/airflow/.local/lib/python3.12/site-packages/airflow/example_dags/example_skip_dag.py took 0.242 seconds
[2025-06-27T07:38:31.555+0000] {processor.py:186} INFO - Started process (PID=300) to work on /home/airflow/.local/lib/python3.12/site-packages/airflow/example_dags/example_skip_dag.py
[2025-06-27T07:38:31.560+0000] {processor.py:914} INFO - Processing file /home/airflow/.local/lib/python3.12/site-packages/airflow/example_dags/example_skip_dag.py for tasks to queue
[2025-06-27T07:38:31.573+0000] {logging_mixin.py:190} INFO - [2025-06-27T07:38:31.572+0000] {dagbag.py:588} INFO - Filling up the DagBag from /home/airflow/.local/lib/python3.12/site-packages/airflow/example_dags/example_skip_dag.py
[2025-06-27T07:38:31.616+0000] {processor.py:925} INFO - DAG(s) 'example_skip_dag' retrieved from /home/airflow/.local/lib/python3.12/site-packages/airflow/example_dags/example_skip_dag.py
[2025-06-27T07:38:31.767+0000] {logging_mixin.py:190} INFO - [2025-06-27T07:38:31.765+0000] {dag.py:3239} INFO - Sync 1 DAGs
[2025-06-27T07:38:32.014+0000] {logging_mixin.py:190} INFO - [2025-06-27T07:38:32.012+0000] {dag.py:4180} INFO - Setting next_dagrun for example_skip_dag to 2025-06-26 00:00:00+00:00, run_after=2025-06-27 00:00:00+00:00
[2025-06-27T07:38:32.176+0000] {processor.py:208} INFO - Processing /home/airflow/.local/lib/python3.12/site-packages/airflow/example_dags/example_skip_dag.py took 0.659 seconds
[2025-06-27T07:39:11.674+0000] {processor.py:186} INFO - Started process (PID=369) to work on /home/airflow/.local/lib/python3.12/site-packages/airflow/example_dags/example_skip_dag.py
[2025-06-27T07:39:11.680+0000] {processor.py:914} INFO - Processing file /home/airflow/.local/lib/python3.12/site-packages/airflow/example_dags/example_skip_dag.py for tasks to queue
[2025-06-27T07:39:11.690+0000] {logging_mixin.py:190} INFO - [2025-06-27T07:39:11.689+0000] {dagbag.py:588} INFO - Filling up the DagBag from /home/airflow/.local/lib/python3.12/site-packages/airflow/example_dags/example_skip_dag.py
[2025-06-27T07:39:11.758+0000] {processor.py:925} INFO - DAG(s) 'example_skip_dag' retrieved from /home/airflow/.local/lib/python3.12/site-packages/airflow/example_dags/example_skip_dag.py
[2025-06-27T07:39:11.953+0000] {logging_mixin.py:190} INFO - [2025-06-27T07:39:11.952+0000] {dag.py:3239} INFO - Sync 1 DAGs
[2025-06-27T07:39:12.168+0000] {logging_mixin.py:190} INFO - [2025-06-27T07:39:12.166+0000] {dag.py:4180} INFO - Setting next_dagrun for example_skip_dag to 2025-06-26 00:00:00+00:00, run_after=2025-06-27 00:00:00+00:00
[2025-06-27T07:39:12.273+0000] {processor.py:208} INFO - Processing /home/airflow/.local/lib/python3.12/site-packages/airflow/example_dags/example_skip_dag.py took 0.625 seconds
[2025-06-27T07:39:51.999+0000] {processor.py:186} INFO - Started process (PID=432) to work on /home/airflow/.local/lib/python3.12/site-packages/airflow/example_dags/example_skip_dag.py
[2025-06-27T07:39:52.009+0000] {processor.py:914} INFO - Processing file /home/airflow/.local/lib/python3.12/site-packages/airflow/example_dags/example_skip_dag.py for tasks to queue
[2025-06-27T07:39:52.026+0000] {logging_mixin.py:190} INFO - [2025-06-27T07:39:52.022+0000] {dagbag.py:588} INFO - Filling up the DagBag from /home/airflow/.local/lib/python3.12/site-packages/airflow/example_dags/example_skip_dag.py
[2025-06-27T07:39:52.078+0000] {processor.py:925} INFO - DAG(s) 'example_skip_dag' retrieved from /home/airflow/.local/lib/python3.12/site-packages/airflow/example_dags/example_skip_dag.py
[2025-06-27T07:39:52.171+0000] {logging_mixin.py:190} INFO - [2025-06-27T07:39:52.170+0000] {dag.py:3239} INFO - Sync 1 DAGs
[2025-06-27T07:39:52.311+0000] {logging_mixin.py:190} INFO - [2025-06-27T07:39:52.310+0000] {dag.py:4180} INFO - Setting next_dagrun for example_skip_dag to 2025-06-26 00:00:00+00:00, run_after=2025-06-27 00:00:00+00:00
[2025-06-27T07:39:52.411+0000] {processor.py:208} INFO - Processing /home/airflow/.local/lib/python3.12/site-packages/airflow/example_dags/example_skip_dag.py took 0.454 seconds
[2025-06-27T07:40:25.104+0000] {processor.py:186} INFO - Started process (PID=495) to work on /home/airflow/.local/lib/python3.12/site-packages/airflow/example_dags/example_skip_dag.py
[2025-06-27T07:40:25.114+0000] {processor.py:914} INFO - Processing file /home/airflow/.local/lib/python3.12/site-packages/airflow/example_dags/example_skip_dag.py for tasks to queue
[2025-06-27T07:40:25.128+0000] {logging_mixin.py:190} INFO - [2025-06-27T07:40:25.124+0000] {dagbag.py:588} INFO - Filling up the DagBag from /home/airflow/.local/lib/python3.12/site-packages/airflow/example_dags/example_skip_dag.py
[2025-06-27T07:40:25.175+0000] {processor.py:925} INFO - DAG(s) 'example_skip_dag' retrieved from /home/airflow/.local/lib/python3.12/site-packages/airflow/example_dags/example_skip_dag.py
[2025-06-27T07:40:25.311+0000] {logging_mixin.py:190} INFO - [2025-06-27T07:40:25.310+0000] {dag.py:3239} INFO - Sync 1 DAGs
[2025-06-27T07:40:25.430+0000] {logging_mixin.py:190} INFO - [2025-06-27T07:40:25.428+0000] {dag.py:4180} INFO - Setting next_dagrun for example_skip_dag to 2025-06-26 00:00:00+00:00, run_after=2025-06-27 00:00:00+00:00
[2025-06-27T07:40:25.504+0000] {processor.py:208} INFO - Processing /home/airflow/.local/lib/python3.12/site-packages/airflow/example_dags/example_skip_dag.py took 0.437 seconds
[2025-06-27T07:40:57.067+0000] {processor.py:186} INFO - Started process (PID=558) to work on /home/airflow/.local/lib/python3.12/site-packages/airflow/example_dags/example_skip_dag.py
[2025-06-27T07:40:57.072+0000] {processor.py:914} INFO - Processing file /home/airflow/.local/lib/python3.12/site-packages/airflow/example_dags/example_skip_dag.py for tasks to queue
[2025-06-27T07:40:57.088+0000] {logging_mixin.py:190} INFO - [2025-06-27T07:40:57.087+0000] {dagbag.py:588} INFO - Filling up the DagBag from /home/airflow/.local/lib/python3.12/site-packages/airflow/example_dags/example_skip_dag.py
[2025-06-27T07:40:57.163+0000] {processor.py:925} INFO - DAG(s) 'example_skip_dag' retrieved from /home/airflow/.local/lib/python3.12/site-packages/airflow/example_dags/example_skip_dag.py
[2025-06-27T07:40:57.352+0000] {logging_mixin.py:190} INFO - [2025-06-27T07:40:57.351+0000] {dag.py:3239} INFO - Sync 1 DAGs
[2025-06-27T07:40:57.442+0000] {logging_mixin.py:190} INFO - [2025-06-27T07:40:57.441+0000] {dag.py:4180} INFO - Setting next_dagrun for example_skip_dag to 2025-06-26 00:00:00+00:00, run_after=2025-06-27 00:00:00+00:00
[2025-06-27T07:40:57.501+0000] {processor.py:208} INFO - Processing /home/airflow/.local/lib/python3.12/site-packages/airflow/example_dags/example_skip_dag.py took 0.475 seconds
[2025-06-27T07:41:35.081+0000] {processor.py:186} INFO - Started process (PID=629) to work on /home/airflow/.local/lib/python3.12/site-packages/airflow/example_dags/example_skip_dag.py
[2025-06-27T07:41:35.086+0000] {processor.py:914} INFO - Processing file /home/airflow/.local/lib/python3.12/site-packages/airflow/example_dags/example_skip_dag.py for tasks to queue
[2025-06-27T07:41:35.104+0000] {logging_mixin.py:190} INFO - [2025-06-27T07:41:35.100+0000] {dagbag.py:588} INFO - Filling up the DagBag from /home/airflow/.local/lib/python3.12/site-packages/airflow/example_dags/example_skip_dag.py
[2025-06-27T07:41:35.157+0000] {processor.py:925} INFO - DAG(s) 'example_skip_dag' retrieved from /home/airflow/.local/lib/python3.12/site-packages/airflow/example_dags/example_skip_dag.py
[2025-06-27T07:41:35.253+0000] {logging_mixin.py:190} INFO - [2025-06-27T07:41:35.251+0000] {dag.py:3239} INFO - Sync 1 DAGs
[2025-06-27T07:41:35.429+0000] {logging_mixin.py:190} INFO - [2025-06-27T07:41:35.428+0000] {dag.py:4180} INFO - Setting next_dagrun for example_skip_dag to 2025-06-26 00:00:00+00:00, run_after=2025-06-27 00:00:00+00:00
[2025-06-27T07:41:35.548+0000] {processor.py:208} INFO - Processing /home/airflow/.local/lib/python3.12/site-packages/airflow/example_dags/example_skip_dag.py took 0.521 seconds
[2025-06-27T07:42:22.087+0000] {processor.py:186} INFO - Started process (PID=692) to work on /home/airflow/.local/lib/python3.12/site-packages/airflow/example_dags/example_skip_dag.py
[2025-06-27T07:42:22.094+0000] {processor.py:914} INFO - Processing file /home/airflow/.local/lib/python3.12/site-packages/airflow/example_dags/example_skip_dag.py for tasks to queue
[2025-06-27T07:42:22.126+0000] {logging_mixin.py:190} INFO - [2025-06-27T07:42:22.112+0000] {dagbag.py:588} INFO - Filling up the DagBag from /home/airflow/.local/lib/python3.12/site-packages/airflow/example_dags/example_skip_dag.py
[2025-06-27T07:42:22.299+0000] {processor.py:925} INFO - DAG(s) 'example_skip_dag' retrieved from /home/airflow/.local/lib/python3.12/site-packages/airflow/example_dags/example_skip_dag.py
[2025-06-27T07:42:22.703+0000] {logging_mixin.py:190} INFO - [2025-06-27T07:42:22.702+0000] {dag.py:3239} INFO - Sync 1 DAGs
[2025-06-27T07:42:23.003+0000] {logging_mixin.py:190} INFO - [2025-06-27T07:42:23.002+0000] {dag.py:4180} INFO - Setting next_dagrun for example_skip_dag to 2025-06-26 00:00:00+00:00, run_after=2025-06-27 00:00:00+00:00
[2025-06-27T07:42:23.103+0000] {processor.py:208} INFO - Processing /home/airflow/.local/lib/python3.12/site-packages/airflow/example_dags/example_skip_dag.py took 1.075 seconds
[2025-06-27T07:42:53.748+0000] {processor.py:186} INFO - Started process (PID=755) to work on /home/airflow/.local/lib/python3.12/site-packages/airflow/example_dags/example_skip_dag.py
[2025-06-27T07:42:53.753+0000] {processor.py:914} INFO - Processing file /home/airflow/.local/lib/python3.12/site-packages/airflow/example_dags/example_skip_dag.py for tasks to queue
[2025-06-27T07:42:53.771+0000] {logging_mixin.py:190} INFO - [2025-06-27T07:42:53.769+0000] {dagbag.py:588} INFO - Filling up the DagBag from /home/airflow/.local/lib/python3.12/site-packages/airflow/example_dags/example_skip_dag.py
[2025-06-27T07:42:53.829+0000] {processor.py:925} INFO - DAG(s) 'example_skip_dag' retrieved from /home/airflow/.local/lib/python3.12/site-packages/airflow/example_dags/example_skip_dag.py
[2025-06-27T07:42:53.944+0000] {logging_mixin.py:190} INFO - [2025-06-27T07:42:53.943+0000] {dag.py:3239} INFO - Sync 1 DAGs
[2025-06-27T07:42:54.082+0000] {logging_mixin.py:190} INFO - [2025-06-27T07:42:54.081+0000] {dag.py:4180} INFO - Setting next_dagrun for example_skip_dag to 2025-06-26 00:00:00+00:00, run_after=2025-06-27 00:00:00+00:00
[2025-06-27T07:42:54.142+0000] {processor.py:208} INFO - Processing /home/airflow/.local/lib/python3.12/site-packages/airflow/example_dags/example_skip_dag.py took 0.441 seconds
[2025-06-27T07:43:33.752+0000] {processor.py:186} INFO - Started process (PID=825) to work on /home/airflow/.local/lib/python3.12/site-packages/airflow/example_dags/example_skip_dag.py
[2025-06-27T07:43:33.755+0000] {processor.py:914} INFO - Processing file /home/airflow/.local/lib/python3.12/site-packages/airflow/example_dags/example_skip_dag.py for tasks to queue
[2025-06-27T07:43:33.761+0000] {logging_mixin.py:190} INFO - [2025-06-27T07:43:33.760+0000] {dagbag.py:588} INFO - Filling up the DagBag from /home/airflow/.local/lib/python3.12/site-packages/airflow/example_dags/example_skip_dag.py
[2025-06-27T07:43:33.777+0000] {processor.py:925} INFO - DAG(s) 'example_skip_dag' retrieved from /home/airflow/.local/lib/python3.12/site-packages/airflow/example_dags/example_skip_dag.py
[2025-06-27T07:43:33.824+0000] {logging_mixin.py:190} INFO - [2025-06-27T07:43:33.823+0000] {dag.py:3239} INFO - Sync 1 DAGs
[2025-06-27T07:43:33.868+0000] {logging_mixin.py:190} INFO - [2025-06-27T07:43:33.868+0000] {dag.py:4180} INFO - Setting next_dagrun for example_skip_dag to 2025-06-26 00:00:00+00:00, run_after=2025-06-27 00:00:00+00:00
[2025-06-27T07:43:33.908+0000] {processor.py:208} INFO - Processing /home/airflow/.local/lib/python3.12/site-packages/airflow/example_dags/example_skip_dag.py took 0.169 seconds
[2025-06-27T07:44:04.747+0000] {processor.py:186} INFO - Started process (PID=888) to work on /home/airflow/.local/lib/python3.12/site-packages/airflow/example_dags/example_skip_dag.py
[2025-06-27T07:44:04.749+0000] {processor.py:914} INFO - Processing file /home/airflow/.local/lib/python3.12/site-packages/airflow/example_dags/example_skip_dag.py for tasks to queue
[2025-06-27T07:44:04.758+0000] {logging_mixin.py:190} INFO - [2025-06-27T07:44:04.756+0000] {dagbag.py:588} INFO - Filling up the DagBag from /home/airflow/.local/lib/python3.12/site-packages/airflow/example_dags/example_skip_dag.py
[2025-06-27T07:44:04.788+0000] {processor.py:925} INFO - DAG(s) 'example_skip_dag' retrieved from /home/airflow/.local/lib/python3.12/site-packages/airflow/example_dags/example_skip_dag.py
[2025-06-27T07:44:04.848+0000] {logging_mixin.py:190} INFO - [2025-06-27T07:44:04.847+0000] {dag.py:3239} INFO - Sync 1 DAGs
[2025-06-27T07:44:04.892+0000] {logging_mixin.py:190} INFO - [2025-06-27T07:44:04.891+0000] {dag.py:4180} INFO - Setting next_dagrun for example_skip_dag to 2025-06-26 00:00:00+00:00, run_after=2025-06-27 00:00:00+00:00
[2025-06-27T07:44:04.938+0000] {processor.py:208} INFO - Processing /home/airflow/.local/lib/python3.12/site-packages/airflow/example_dags/example_skip_dag.py took 0.204 seconds
[2025-06-27T07:44:36.298+0000] {processor.py:186} INFO - Started process (PID=952) to work on /home/airflow/.local/lib/python3.12/site-packages/airflow/example_dags/example_skip_dag.py
[2025-06-27T07:44:36.302+0000] {processor.py:914} INFO - Processing file /home/airflow/.local/lib/python3.12/site-packages/airflow/example_dags/example_skip_dag.py for tasks to queue
[2025-06-27T07:44:36.315+0000] {logging_mixin.py:190} INFO - [2025-06-27T07:44:36.313+0000] {dagbag.py:588} INFO - Filling up the DagBag from /home/airflow/.local/lib/python3.12/site-packages/airflow/example_dags/example_skip_dag.py
[2025-06-27T07:44:36.347+0000] {processor.py:925} INFO - DAG(s) 'example_skip_dag' retrieved from /home/airflow/.local/lib/python3.12/site-packages/airflow/example_dags/example_skip_dag.py
[2025-06-27T07:44:36.431+0000] {logging_mixin.py:190} INFO - [2025-06-27T07:44:36.430+0000] {dag.py:3239} INFO - Sync 1 DAGs
[2025-06-27T07:44:36.523+0000] {logging_mixin.py:190} INFO - [2025-06-27T07:44:36.522+0000] {dag.py:4180} INFO - Setting next_dagrun for example_skip_dag to 2025-06-26 00:00:00+00:00, run_after=2025-06-27 00:00:00+00:00
[2025-06-27T07:44:36.593+0000] {processor.py:208} INFO - Processing /home/airflow/.local/lib/python3.12/site-packages/airflow/example_dags/example_skip_dag.py took 0.320 seconds
[2025-06-27T07:45:06.887+0000] {processor.py:186} INFO - Started process (PID=1016) to work on /home/airflow/.local/lib/python3.12/site-packages/airflow/example_dags/example_skip_dag.py
[2025-06-27T07:45:06.889+0000] {processor.py:914} INFO - Processing file /home/airflow/.local/lib/python3.12/site-packages/airflow/example_dags/example_skip_dag.py for tasks to queue
[2025-06-27T07:45:06.894+0000] {logging_mixin.py:190} INFO - [2025-06-27T07:45:06.894+0000] {dagbag.py:588} INFO - Filling up the DagBag from /home/airflow/.local/lib/python3.12/site-packages/airflow/example_dags/example_skip_dag.py
[2025-06-27T07:45:06.915+0000] {processor.py:925} INFO - DAG(s) 'example_skip_dag' retrieved from /home/airflow/.local/lib/python3.12/site-packages/airflow/example_dags/example_skip_dag.py
[2025-06-27T07:45:06.975+0000] {logging_mixin.py:190} INFO - [2025-06-27T07:45:06.974+0000] {dag.py:3239} INFO - Sync 1 DAGs
[2025-06-27T07:45:07.030+0000] {logging_mixin.py:190} INFO - [2025-06-27T07:45:07.030+0000] {dag.py:4180} INFO - Setting next_dagrun for example_skip_dag to 2025-06-26 00:00:00+00:00, run_after=2025-06-27 00:00:00+00:00
[2025-06-27T07:45:07.068+0000] {processor.py:208} INFO - Processing /home/airflow/.local/lib/python3.12/site-packages/airflow/example_dags/example_skip_dag.py took 0.192 seconds
[2025-06-27T07:45:37.289+0000] {processor.py:186} INFO - Started process (PID=1079) to work on /home/airflow/.local/lib/python3.12/site-packages/airflow/example_dags/example_skip_dag.py
[2025-06-27T07:45:37.291+0000] {processor.py:914} INFO - Processing file /home/airflow/.local/lib/python3.12/site-packages/airflow/example_dags/example_skip_dag.py for tasks to queue
[2025-06-27T07:45:37.297+0000] {logging_mixin.py:190} INFO - [2025-06-27T07:45:37.296+0000] {dagbag.py:588} INFO - Filling up the DagBag from /home/airflow/.local/lib/python3.12/site-packages/airflow/example_dags/example_skip_dag.py
[2025-06-27T07:45:37.312+0000] {processor.py:925} INFO - DAG(s) 'example_skip_dag' retrieved from /home/airflow/.local/lib/python3.12/site-packages/airflow/example_dags/example_skip_dag.py
[2025-06-27T07:45:37.358+0000] {logging_mixin.py:190} INFO - [2025-06-27T07:45:37.358+0000] {dag.py:3239} INFO - Sync 1 DAGs
[2025-06-27T07:45:37.402+0000] {logging_mixin.py:190} INFO - [2025-06-27T07:45:37.402+0000] {dag.py:4180} INFO - Setting next_dagrun for example_skip_dag to 2025-06-26 00:00:00+00:00, run_after=2025-06-27 00:00:00+00:00
[2025-06-27T07:45:37.434+0000] {processor.py:208} INFO - Processing /home/airflow/.local/lib/python3.12/site-packages/airflow/example_dags/example_skip_dag.py took 0.154 seconds
[2025-06-27T07:46:07.586+0000] {processor.py:186} INFO - Started process (PID=1142) to work on /home/airflow/.local/lib/python3.12/site-packages/airflow/example_dags/example_skip_dag.py
[2025-06-27T07:46:07.589+0000] {processor.py:914} INFO - Processing file /home/airflow/.local/lib/python3.12/site-packages/airflow/example_dags/example_skip_dag.py for tasks to queue
[2025-06-27T07:46:07.602+0000] {logging_mixin.py:190} INFO - [2025-06-27T07:46:07.601+0000] {dagbag.py:588} INFO - Filling up the DagBag from /home/airflow/.local/lib/python3.12/site-packages/airflow/example_dags/example_skip_dag.py
[2025-06-27T07:46:07.619+0000] {processor.py:925} INFO - DAG(s) 'example_skip_dag' retrieved from /home/airflow/.local/lib/python3.12/site-packages/airflow/example_dags/example_skip_dag.py
[2025-06-27T07:46:07.665+0000] {logging_mixin.py:190} INFO - [2025-06-27T07:46:07.664+0000] {dag.py:3239} INFO - Sync 1 DAGs
[2025-06-27T07:46:07.725+0000] {logging_mixin.py:190} INFO - [2025-06-27T07:46:07.725+0000] {dag.py:4180} INFO - Setting next_dagrun for example_skip_dag to 2025-06-26 00:00:00+00:00, run_after=2025-06-27 00:00:00+00:00
[2025-06-27T07:46:07.762+0000] {processor.py:208} INFO - Processing /home/airflow/.local/lib/python3.12/site-packages/airflow/example_dags/example_skip_dag.py took 0.188 seconds
[2025-06-27T07:46:38.390+0000] {processor.py:186} INFO - Started process (PID=1211) to work on /home/airflow/.local/lib/python3.12/site-packages/airflow/example_dags/example_skip_dag.py
[2025-06-27T07:46:38.393+0000] {processor.py:914} INFO - Processing file /home/airflow/.local/lib/python3.12/site-packages/airflow/example_dags/example_skip_dag.py for tasks to queue
[2025-06-27T07:46:38.398+0000] {logging_mixin.py:190} INFO - [2025-06-27T07:46:38.398+0000] {dagbag.py:588} INFO - Filling up the DagBag from /home/airflow/.local/lib/python3.12/site-packages/airflow/example_dags/example_skip_dag.py
[2025-06-27T07:46:38.419+0000] {processor.py:925} INFO - DAG(s) 'example_skip_dag' retrieved from /home/airflow/.local/lib/python3.12/site-packages/airflow/example_dags/example_skip_dag.py
[2025-06-27T07:46:38.475+0000] {logging_mixin.py:190} INFO - [2025-06-27T07:46:38.474+0000] {dag.py:3239} INFO - Sync 1 DAGs
[2025-06-27T07:46:38.534+0000] {logging_mixin.py:190} INFO - [2025-06-27T07:46:38.533+0000] {dag.py:4180} INFO - Setting next_dagrun for example_skip_dag to 2025-06-26 00:00:00+00:00, run_after=2025-06-27 00:00:00+00:00
[2025-06-27T07:46:38.579+0000] {processor.py:208} INFO - Processing /home/airflow/.local/lib/python3.12/site-packages/airflow/example_dags/example_skip_dag.py took 0.202 seconds
[2025-06-27T07:47:09.743+0000] {processor.py:186} INFO - Started process (PID=1274) to work on /home/airflow/.local/lib/python3.12/site-packages/airflow/example_dags/example_skip_dag.py
[2025-06-27T07:47:09.746+0000] {processor.py:914} INFO - Processing file /home/airflow/.local/lib/python3.12/site-packages/airflow/example_dags/example_skip_dag.py for tasks to queue
[2025-06-27T07:47:09.752+0000] {logging_mixin.py:190} INFO - [2025-06-27T07:47:09.751+0000] {dagbag.py:588} INFO - Filling up the DagBag from /home/airflow/.local/lib/python3.12/site-packages/airflow/example_dags/example_skip_dag.py
[2025-06-27T07:47:09.786+0000] {processor.py:925} INFO - DAG(s) 'example_skip_dag' retrieved from /home/airflow/.local/lib/python3.12/site-packages/airflow/example_dags/example_skip_dag.py
[2025-06-27T07:47:09.875+0000] {logging_mixin.py:190} INFO - [2025-06-27T07:47:09.874+0000] {dag.py:3239} INFO - Sync 1 DAGs
[2025-06-27T07:47:09.931+0000] {logging_mixin.py:190} INFO - [2025-06-27T07:47:09.929+0000] {dag.py:4180} INFO - Setting next_dagrun for example_skip_dag to 2025-06-26 00:00:00+00:00, run_after=2025-06-27 00:00:00+00:00
[2025-06-27T07:47:09.971+0000] {processor.py:208} INFO - Processing /home/airflow/.local/lib/python3.12/site-packages/airflow/example_dags/example_skip_dag.py took 0.238 seconds
[2025-06-27T07:47:41.426+0000] {processor.py:186} INFO - Started process (PID=1337) to work on /home/airflow/.local/lib/python3.12/site-packages/airflow/example_dags/example_skip_dag.py
[2025-06-27T07:47:41.428+0000] {processor.py:914} INFO - Processing file /home/airflow/.local/lib/python3.12/site-packages/airflow/example_dags/example_skip_dag.py for tasks to queue
[2025-06-27T07:47:41.434+0000] {logging_mixin.py:190} INFO - [2025-06-27T07:47:41.433+0000] {dagbag.py:588} INFO - Filling up the DagBag from /home/airflow/.local/lib/python3.12/site-packages/airflow/example_dags/example_skip_dag.py
[2025-06-27T07:47:41.455+0000] {processor.py:925} INFO - DAG(s) 'example_skip_dag' retrieved from /home/airflow/.local/lib/python3.12/site-packages/airflow/example_dags/example_skip_dag.py
[2025-06-27T07:47:41.534+0000] {logging_mixin.py:190} INFO - [2025-06-27T07:47:41.534+0000] {dag.py:3239} INFO - Sync 1 DAGs
[2025-06-27T07:47:41.625+0000] {logging_mixin.py:190} INFO - [2025-06-27T07:47:41.624+0000] {dag.py:4180} INFO - Setting next_dagrun for example_skip_dag to 2025-06-26 00:00:00+00:00, run_after=2025-06-27 00:00:00+00:00
[2025-06-27T07:47:41.709+0000] {processor.py:208} INFO - Processing /home/airflow/.local/lib/python3.12/site-packages/airflow/example_dags/example_skip_dag.py took 0.303 seconds
[2025-06-27T07:48:12.248+0000] {processor.py:186} INFO - Started process (PID=1400) to work on /home/airflow/.local/lib/python3.12/site-packages/airflow/example_dags/example_skip_dag.py
[2025-06-27T07:48:12.250+0000] {processor.py:914} INFO - Processing file /home/airflow/.local/lib/python3.12/site-packages/airflow/example_dags/example_skip_dag.py for tasks to queue
[2025-06-27T07:48:12.256+0000] {logging_mixin.py:190} INFO - [2025-06-27T07:48:12.255+0000] {dagbag.py:588} INFO - Filling up the DagBag from /home/airflow/.local/lib/python3.12/site-packages/airflow/example_dags/example_skip_dag.py
[2025-06-27T07:48:12.278+0000] {processor.py:925} INFO - DAG(s) 'example_skip_dag' retrieved from /home/airflow/.local/lib/python3.12/site-packages/airflow/example_dags/example_skip_dag.py
[2025-06-27T07:48:12.362+0000] {logging_mixin.py:190} INFO - [2025-06-27T07:48:12.362+0000] {dag.py:3239} INFO - Sync 1 DAGs
[2025-06-27T07:48:12.445+0000] {logging_mixin.py:190} INFO - [2025-06-27T07:48:12.444+0000] {dag.py:4180} INFO - Setting next_dagrun for example_skip_dag to 2025-06-26 00:00:00+00:00, run_after=2025-06-27 00:00:00+00:00
[2025-06-27T07:48:12.489+0000] {processor.py:208} INFO - Processing /home/airflow/.local/lib/python3.12/site-packages/airflow/example_dags/example_skip_dag.py took 0.256 seconds
[2025-06-27T07:48:43.018+0000] {processor.py:186} INFO - Started process (PID=1464) to work on /home/airflow/.local/lib/python3.12/site-packages/airflow/example_dags/example_skip_dag.py
[2025-06-27T07:48:43.021+0000] {processor.py:914} INFO - Processing file /home/airflow/.local/lib/python3.12/site-packages/airflow/example_dags/example_skip_dag.py for tasks to queue
[2025-06-27T07:48:43.028+0000] {logging_mixin.py:190} INFO - [2025-06-27T07:48:43.027+0000] {dagbag.py:588} INFO - Filling up the DagBag from /home/airflow/.local/lib/python3.12/site-packages/airflow/example_dags/example_skip_dag.py
[2025-06-27T07:48:43.052+0000] {processor.py:925} INFO - DAG(s) 'example_skip_dag' retrieved from /home/airflow/.local/lib/python3.12/site-packages/airflow/example_dags/example_skip_dag.py
[2025-06-27T07:48:43.104+0000] {logging_mixin.py:190} INFO - [2025-06-27T07:48:43.103+0000] {dag.py:3239} INFO - Sync 1 DAGs
[2025-06-27T07:48:43.148+0000] {logging_mixin.py:190} INFO - [2025-06-27T07:48:43.148+0000] {dag.py:4180} INFO - Setting next_dagrun for example_skip_dag to 2025-06-26 00:00:00+00:00, run_after=2025-06-27 00:00:00+00:00
[2025-06-27T07:48:43.186+0000] {processor.py:208} INFO - Processing /home/airflow/.local/lib/python3.12/site-packages/airflow/example_dags/example_skip_dag.py took 0.185 seconds
[2025-06-27T07:52:26.344+0000] {processor.py:186} INFO - Started process (PID=123) to work on /home/airflow/.local/lib/python3.12/site-packages/airflow/example_dags/example_skip_dag.py
[2025-06-27T07:52:26.349+0000] {processor.py:914} INFO - Processing file /home/airflow/.local/lib/python3.12/site-packages/airflow/example_dags/example_skip_dag.py for tasks to queue
[2025-06-27T07:52:26.358+0000] {logging_mixin.py:190} INFO - [2025-06-27T07:52:26.357+0000] {dagbag.py:588} INFO - Filling up the DagBag from /home/airflow/.local/lib/python3.12/site-packages/airflow/example_dags/example_skip_dag.py
[2025-06-27T07:52:26.400+0000] {processor.py:925} INFO - DAG(s) 'example_skip_dag' retrieved from /home/airflow/.local/lib/python3.12/site-packages/airflow/example_dags/example_skip_dag.py
[2025-06-27T07:52:26.542+0000] {logging_mixin.py:190} INFO - [2025-06-27T07:52:26.536+0000] {dag.py:3239} INFO - Sync 1 DAGs
[2025-06-27T07:52:26.662+0000] {logging_mixin.py:190} INFO - [2025-06-27T07:52:26.661+0000] {dag.py:4180} INFO - Setting next_dagrun for example_skip_dag to 2025-06-26 00:00:00+00:00, run_after=2025-06-27 00:00:00+00:00
[2025-06-27T07:52:26.746+0000] {processor.py:208} INFO - Processing /home/airflow/.local/lib/python3.12/site-packages/airflow/example_dags/example_skip_dag.py took 0.428 seconds
[2025-06-27T07:52:58.458+0000] {processor.py:186} INFO - Started process (PID=186) to work on /home/airflow/.local/lib/python3.12/site-packages/airflow/example_dags/example_skip_dag.py
[2025-06-27T07:52:58.463+0000] {processor.py:914} INFO - Processing file /home/airflow/.local/lib/python3.12/site-packages/airflow/example_dags/example_skip_dag.py for tasks to queue
[2025-06-27T07:52:58.472+0000] {logging_mixin.py:190} INFO - [2025-06-27T07:52:58.470+0000] {dagbag.py:588} INFO - Filling up the DagBag from /home/airflow/.local/lib/python3.12/site-packages/airflow/example_dags/example_skip_dag.py
[2025-06-27T07:52:58.515+0000] {processor.py:925} INFO - DAG(s) 'example_skip_dag' retrieved from /home/airflow/.local/lib/python3.12/site-packages/airflow/example_dags/example_skip_dag.py
[2025-06-27T07:52:58.587+0000] {logging_mixin.py:190} INFO - [2025-06-27T07:52:58.587+0000] {dag.py:3239} INFO - Sync 1 DAGs
[2025-06-27T07:52:58.652+0000] {logging_mixin.py:190} INFO - [2025-06-27T07:52:58.651+0000] {dag.py:4180} INFO - Setting next_dagrun for example_skip_dag to 2025-06-26 00:00:00+00:00, run_after=2025-06-27 00:00:00+00:00
[2025-06-27T07:52:58.692+0000] {processor.py:208} INFO - Processing /home/airflow/.local/lib/python3.12/site-packages/airflow/example_dags/example_skip_dag.py took 0.249 seconds
[2025-06-27T07:53:29.899+0000] {processor.py:186} INFO - Started process (PID=249) to work on /home/airflow/.local/lib/python3.12/site-packages/airflow/example_dags/example_skip_dag.py
[2025-06-27T07:53:29.901+0000] {processor.py:914} INFO - Processing file /home/airflow/.local/lib/python3.12/site-packages/airflow/example_dags/example_skip_dag.py for tasks to queue
[2025-06-27T07:53:29.906+0000] {logging_mixin.py:190} INFO - [2025-06-27T07:53:29.905+0000] {dagbag.py:588} INFO - Filling up the DagBag from /home/airflow/.local/lib/python3.12/site-packages/airflow/example_dags/example_skip_dag.py
[2025-06-27T07:53:29.928+0000] {processor.py:925} INFO - DAG(s) 'example_skip_dag' retrieved from /home/airflow/.local/lib/python3.12/site-packages/airflow/example_dags/example_skip_dag.py
[2025-06-27T07:53:29.980+0000] {logging_mixin.py:190} INFO - [2025-06-27T07:53:29.979+0000] {dag.py:3239} INFO - Sync 1 DAGs
[2025-06-27T07:53:30.020+0000] {logging_mixin.py:190} INFO - [2025-06-27T07:53:30.020+0000] {dag.py:4180} INFO - Setting next_dagrun for example_skip_dag to 2025-06-26 00:00:00+00:00, run_after=2025-06-27 00:00:00+00:00
[2025-06-27T07:53:30.051+0000] {processor.py:208} INFO - Processing /home/airflow/.local/lib/python3.12/site-packages/airflow/example_dags/example_skip_dag.py took 0.163 seconds
[2025-06-27T07:54:00.417+0000] {processor.py:186} INFO - Started process (PID=313) to work on /home/airflow/.local/lib/python3.12/site-packages/airflow/example_dags/example_skip_dag.py
[2025-06-27T07:54:00.420+0000] {processor.py:914} INFO - Processing file /home/airflow/.local/lib/python3.12/site-packages/airflow/example_dags/example_skip_dag.py for tasks to queue
[2025-06-27T07:54:00.426+0000] {logging_mixin.py:190} INFO - [2025-06-27T07:54:00.425+0000] {dagbag.py:588} INFO - Filling up the DagBag from /home/airflow/.local/lib/python3.12/site-packages/airflow/example_dags/example_skip_dag.py
[2025-06-27T07:54:00.443+0000] {processor.py:925} INFO - DAG(s) 'example_skip_dag' retrieved from /home/airflow/.local/lib/python3.12/site-packages/airflow/example_dags/example_skip_dag.py
[2025-06-27T07:54:00.500+0000] {logging_mixin.py:190} INFO - [2025-06-27T07:54:00.500+0000] {dag.py:3239} INFO - Sync 1 DAGs
[2025-06-27T07:54:00.562+0000] {logging_mixin.py:190} INFO - [2025-06-27T07:54:00.562+0000] {dag.py:4180} INFO - Setting next_dagrun for example_skip_dag to 2025-06-26 00:00:00+00:00, run_after=2025-06-27 00:00:00+00:00
[2025-06-27T07:54:00.607+0000] {processor.py:208} INFO - Processing /home/airflow/.local/lib/python3.12/site-packages/airflow/example_dags/example_skip_dag.py took 0.204 seconds
[2025-06-27T07:54:32.540+0000] {processor.py:186} INFO - Started process (PID=376) to work on /home/airflow/.local/lib/python3.12/site-packages/airflow/example_dags/example_skip_dag.py
[2025-06-27T07:54:32.542+0000] {processor.py:914} INFO - Processing file /home/airflow/.local/lib/python3.12/site-packages/airflow/example_dags/example_skip_dag.py for tasks to queue
[2025-06-27T07:54:32.547+0000] {logging_mixin.py:190} INFO - [2025-06-27T07:54:32.546+0000] {dagbag.py:588} INFO - Filling up the DagBag from /home/airflow/.local/lib/python3.12/site-packages/airflow/example_dags/example_skip_dag.py
[2025-06-27T07:54:32.562+0000] {processor.py:925} INFO - DAG(s) 'example_skip_dag' retrieved from /home/airflow/.local/lib/python3.12/site-packages/airflow/example_dags/example_skip_dag.py
[2025-06-27T07:54:32.617+0000] {logging_mixin.py:190} INFO - [2025-06-27T07:54:32.617+0000] {dag.py:3239} INFO - Sync 1 DAGs
[2025-06-27T07:54:32.703+0000] {logging_mixin.py:190} INFO - [2025-06-27T07:54:32.702+0000] {dag.py:4180} INFO - Setting next_dagrun for example_skip_dag to 2025-06-26 00:00:00+00:00, run_after=2025-06-27 00:00:00+00:00
[2025-06-27T07:54:32.762+0000] {processor.py:208} INFO - Processing /home/airflow/.local/lib/python3.12/site-packages/airflow/example_dags/example_skip_dag.py took 0.234 seconds
[2025-06-27T07:55:03.950+0000] {processor.py:186} INFO - Started process (PID=439) to work on /home/airflow/.local/lib/python3.12/site-packages/airflow/example_dags/example_skip_dag.py
[2025-06-27T07:55:03.953+0000] {processor.py:914} INFO - Processing file /home/airflow/.local/lib/python3.12/site-packages/airflow/example_dags/example_skip_dag.py for tasks to queue
[2025-06-27T07:55:03.962+0000] {logging_mixin.py:190} INFO - [2025-06-27T07:55:03.961+0000] {dagbag.py:588} INFO - Filling up the DagBag from /home/airflow/.local/lib/python3.12/site-packages/airflow/example_dags/example_skip_dag.py
[2025-06-27T07:55:03.998+0000] {processor.py:925} INFO - DAG(s) 'example_skip_dag' retrieved from /home/airflow/.local/lib/python3.12/site-packages/airflow/example_dags/example_skip_dag.py
[2025-06-27T07:55:04.083+0000] {logging_mixin.py:190} INFO - [2025-06-27T07:55:04.082+0000] {dag.py:3239} INFO - Sync 1 DAGs
[2025-06-27T07:55:04.235+0000] {logging_mixin.py:190} INFO - [2025-06-27T07:55:04.234+0000] {dag.py:4180} INFO - Setting next_dagrun for example_skip_dag to 2025-06-26 00:00:00+00:00, run_after=2025-06-27 00:00:00+00:00
[2025-06-27T07:55:04.303+0000] {processor.py:208} INFO - Processing /home/airflow/.local/lib/python3.12/site-packages/airflow/example_dags/example_skip_dag.py took 0.373 seconds
[2025-06-27T07:59:49.117+0000] {processor.py:186} INFO - Started process (PID=110) to work on /home/airflow/.local/lib/python3.12/site-packages/airflow/example_dags/example_skip_dag.py
[2025-06-27T07:59:49.137+0000] {processor.py:914} INFO - Processing file /home/airflow/.local/lib/python3.12/site-packages/airflow/example_dags/example_skip_dag.py for tasks to queue
[2025-06-27T07:59:49.298+0000] {logging_mixin.py:190} INFO - [2025-06-27T07:59:49.296+0000] {dagbag.py:588} INFO - Filling up the DagBag from /home/airflow/.local/lib/python3.12/site-packages/airflow/example_dags/example_skip_dag.py
[2025-06-27T07:59:49.415+0000] {processor.py:925} INFO - DAG(s) 'example_skip_dag' retrieved from /home/airflow/.local/lib/python3.12/site-packages/airflow/example_dags/example_skip_dag.py
[2025-06-27T07:59:49.772+0000] {logging_mixin.py:190} INFO - [2025-06-27T07:59:49.771+0000] {dag.py:3239} INFO - Sync 1 DAGs
[2025-06-27T07:59:49.919+0000] {logging_mixin.py:190} INFO - [2025-06-27T07:59:49.918+0000] {dag.py:4180} INFO - Setting next_dagrun for example_skip_dag to 2025-06-26 00:00:00+00:00, run_after=2025-06-27 00:00:00+00:00
[2025-06-27T07:59:50.048+0000] {processor.py:208} INFO - Processing /home/airflow/.local/lib/python3.12/site-packages/airflow/example_dags/example_skip_dag.py took 1.038 seconds
[2025-06-27T08:01:06.183+0000] {processor.py:186} INFO - Started process (PID=198) to work on /home/airflow/.local/lib/python3.12/site-packages/airflow/example_dags/example_skip_dag.py
[2025-06-27T08:01:06.187+0000] {processor.py:914} INFO - Processing file /home/airflow/.local/lib/python3.12/site-packages/airflow/example_dags/example_skip_dag.py for tasks to queue
[2025-06-27T08:01:06.200+0000] {logging_mixin.py:190} INFO - [2025-06-27T08:01:06.198+0000] {dagbag.py:588} INFO - Filling up the DagBag from /home/airflow/.local/lib/python3.12/site-packages/airflow/example_dags/example_skip_dag.py
[2025-06-27T08:01:06.259+0000] {processor.py:925} INFO - DAG(s) 'example_skip_dag' retrieved from /home/airflow/.local/lib/python3.12/site-packages/airflow/example_dags/example_skip_dag.py
[2025-06-27T08:01:06.444+0000] {logging_mixin.py:190} INFO - [2025-06-27T08:01:06.443+0000] {dag.py:3239} INFO - Sync 1 DAGs
[2025-06-27T08:01:06.615+0000] {logging_mixin.py:190} INFO - [2025-06-27T08:01:06.614+0000] {dag.py:4180} INFO - Setting next_dagrun for example_skip_dag to 2025-06-26 00:00:00+00:00, run_after=2025-06-27 00:00:00+00:00
[2025-06-27T08:01:06.692+0000] {processor.py:208} INFO - Processing /home/airflow/.local/lib/python3.12/site-packages/airflow/example_dags/example_skip_dag.py took 0.532 seconds
[2025-06-27T08:01:36.993+0000] {processor.py:186} INFO - Started process (PID=260) to work on /home/airflow/.local/lib/python3.12/site-packages/airflow/example_dags/example_skip_dag.py
[2025-06-27T08:01:36.995+0000] {processor.py:914} INFO - Processing file /home/airflow/.local/lib/python3.12/site-packages/airflow/example_dags/example_skip_dag.py for tasks to queue
[2025-06-27T08:01:37.000+0000] {logging_mixin.py:190} INFO - [2025-06-27T08:01:36.999+0000] {dagbag.py:588} INFO - Filling up the DagBag from /home/airflow/.local/lib/python3.12/site-packages/airflow/example_dags/example_skip_dag.py
[2025-06-27T08:01:37.015+0000] {processor.py:925} INFO - DAG(s) 'example_skip_dag' retrieved from /home/airflow/.local/lib/python3.12/site-packages/airflow/example_dags/example_skip_dag.py
[2025-06-27T08:01:37.057+0000] {logging_mixin.py:190} INFO - [2025-06-27T08:01:37.056+0000] {dag.py:3239} INFO - Sync 1 DAGs
[2025-06-27T08:01:37.099+0000] {logging_mixin.py:190} INFO - [2025-06-27T08:01:37.099+0000] {dag.py:4180} INFO - Setting next_dagrun for example_skip_dag to 2025-06-26 00:00:00+00:00, run_after=2025-06-27 00:00:00+00:00
[2025-06-27T08:01:37.129+0000] {processor.py:208} INFO - Processing /home/airflow/.local/lib/python3.12/site-packages/airflow/example_dags/example_skip_dag.py took 0.148 seconds
[2025-06-27T08:02:07.686+0000] {processor.py:186} INFO - Started process (PID=324) to work on /home/airflow/.local/lib/python3.12/site-packages/airflow/example_dags/example_skip_dag.py
[2025-06-27T08:02:07.689+0000] {processor.py:914} INFO - Processing file /home/airflow/.local/lib/python3.12/site-packages/airflow/example_dags/example_skip_dag.py for tasks to queue
[2025-06-27T08:02:07.700+0000] {logging_mixin.py:190} INFO - [2025-06-27T08:02:07.699+0000] {dagbag.py:588} INFO - Filling up the DagBag from /home/airflow/.local/lib/python3.12/site-packages/airflow/example_dags/example_skip_dag.py
[2025-06-27T08:02:07.730+0000] {processor.py:925} INFO - DAG(s) 'example_skip_dag' retrieved from /home/airflow/.local/lib/python3.12/site-packages/airflow/example_dags/example_skip_dag.py
[2025-06-27T08:02:07.791+0000] {logging_mixin.py:190} INFO - [2025-06-27T08:02:07.790+0000] {dag.py:3239} INFO - Sync 1 DAGs
[2025-06-27T08:02:07.873+0000] {logging_mixin.py:190} INFO - [2025-06-27T08:02:07.873+0000] {dag.py:4180} INFO - Setting next_dagrun for example_skip_dag to 2025-06-26 00:00:00+00:00, run_after=2025-06-27 00:00:00+00:00
[2025-06-27T08:02:07.912+0000] {processor.py:208} INFO - Processing /home/airflow/.local/lib/python3.12/site-packages/airflow/example_dags/example_skip_dag.py took 0.256 seconds
[2025-06-27T08:02:38.665+0000] {processor.py:186} INFO - Started process (PID=386) to work on /home/airflow/.local/lib/python3.12/site-packages/airflow/example_dags/example_skip_dag.py
[2025-06-27T08:02:38.667+0000] {processor.py:914} INFO - Processing file /home/airflow/.local/lib/python3.12/site-packages/airflow/example_dags/example_skip_dag.py for tasks to queue
[2025-06-27T08:02:38.672+0000] {logging_mixin.py:190} INFO - [2025-06-27T08:02:38.671+0000] {dagbag.py:588} INFO - Filling up the DagBag from /home/airflow/.local/lib/python3.12/site-packages/airflow/example_dags/example_skip_dag.py
[2025-06-27T08:02:38.686+0000] {processor.py:925} INFO - DAG(s) 'example_skip_dag' retrieved from /home/airflow/.local/lib/python3.12/site-packages/airflow/example_dags/example_skip_dag.py
[2025-06-27T08:02:38.742+0000] {logging_mixin.py:190} INFO - [2025-06-27T08:02:38.741+0000] {dag.py:3239} INFO - Sync 1 DAGs
[2025-06-27T08:02:38.791+0000] {logging_mixin.py:190} INFO - [2025-06-27T08:02:38.790+0000] {dag.py:4180} INFO - Setting next_dagrun for example_skip_dag to 2025-06-26 00:00:00+00:00, run_after=2025-06-27 00:00:00+00:00
[2025-06-27T08:02:38.825+0000] {processor.py:208} INFO - Processing /home/airflow/.local/lib/python3.12/site-packages/airflow/example_dags/example_skip_dag.py took 0.171 seconds
[2025-06-27T08:03:08.996+0000] {processor.py:186} INFO - Started process (PID=449) to work on /home/airflow/.local/lib/python3.12/site-packages/airflow/example_dags/example_skip_dag.py
[2025-06-27T08:03:08.998+0000] {processor.py:914} INFO - Processing file /home/airflow/.local/lib/python3.12/site-packages/airflow/example_dags/example_skip_dag.py for tasks to queue
[2025-06-27T08:03:09.003+0000] {logging_mixin.py:190} INFO - [2025-06-27T08:03:09.003+0000] {dagbag.py:588} INFO - Filling up the DagBag from /home/airflow/.local/lib/python3.12/site-packages/airflow/example_dags/example_skip_dag.py
[2025-06-27T08:03:09.016+0000] {processor.py:925} INFO - DAG(s) 'example_skip_dag' retrieved from /home/airflow/.local/lib/python3.12/site-packages/airflow/example_dags/example_skip_dag.py
[2025-06-27T08:03:09.049+0000] {logging_mixin.py:190} INFO - [2025-06-27T08:03:09.049+0000] {dag.py:3239} INFO - Sync 1 DAGs
[2025-06-27T08:03:09.083+0000] {logging_mixin.py:190} INFO - [2025-06-27T08:03:09.083+0000] {dag.py:4180} INFO - Setting next_dagrun for example_skip_dag to 2025-06-26 00:00:00+00:00, run_after=2025-06-27 00:00:00+00:00
[2025-06-27T08:03:09.112+0000] {processor.py:208} INFO - Processing /home/airflow/.local/lib/python3.12/site-packages/airflow/example_dags/example_skip_dag.py took 0.125 seconds
[2025-06-27T08:03:39.376+0000] {processor.py:186} INFO - Started process (PID=512) to work on /home/airflow/.local/lib/python3.12/site-packages/airflow/example_dags/example_skip_dag.py
[2025-06-27T08:03:39.377+0000] {processor.py:914} INFO - Processing file /home/airflow/.local/lib/python3.12/site-packages/airflow/example_dags/example_skip_dag.py for tasks to queue
[2025-06-27T08:03:39.381+0000] {logging_mixin.py:190} INFO - [2025-06-27T08:03:39.381+0000] {dagbag.py:588} INFO - Filling up the DagBag from /home/airflow/.local/lib/python3.12/site-packages/airflow/example_dags/example_skip_dag.py
[2025-06-27T08:03:39.392+0000] {processor.py:925} INFO - DAG(s) 'example_skip_dag' retrieved from /home/airflow/.local/lib/python3.12/site-packages/airflow/example_dags/example_skip_dag.py
[2025-06-27T08:03:39.424+0000] {logging_mixin.py:190} INFO - [2025-06-27T08:03:39.424+0000] {dag.py:3239} INFO - Sync 1 DAGs
[2025-06-27T08:03:39.457+0000] {logging_mixin.py:190} INFO - [2025-06-27T08:03:39.456+0000] {dag.py:4180} INFO - Setting next_dagrun for example_skip_dag to 2025-06-26 00:00:00+00:00, run_after=2025-06-27 00:00:00+00:00
[2025-06-27T08:03:39.486+0000] {processor.py:208} INFO - Processing /home/airflow/.local/lib/python3.12/site-packages/airflow/example_dags/example_skip_dag.py took 0.119 seconds
[2025-06-27T08:04:11.584+0000] {processor.py:186} INFO - Started process (PID=575) to work on /home/airflow/.local/lib/python3.12/site-packages/airflow/example_dags/example_skip_dag.py
[2025-06-27T08:04:11.587+0000] {processor.py:914} INFO - Processing file /home/airflow/.local/lib/python3.12/site-packages/airflow/example_dags/example_skip_dag.py for tasks to queue
[2025-06-27T08:04:11.595+0000] {logging_mixin.py:190} INFO - [2025-06-27T08:04:11.594+0000] {dagbag.py:588} INFO - Filling up the DagBag from /home/airflow/.local/lib/python3.12/site-packages/airflow/example_dags/example_skip_dag.py
[2025-06-27T08:04:11.620+0000] {processor.py:925} INFO - DAG(s) 'example_skip_dag' retrieved from /home/airflow/.local/lib/python3.12/site-packages/airflow/example_dags/example_skip_dag.py
[2025-06-27T08:04:11.687+0000] {logging_mixin.py:190} INFO - [2025-06-27T08:04:11.686+0000] {dag.py:3239} INFO - Sync 1 DAGs
[2025-06-27T08:04:11.753+0000] {logging_mixin.py:190} INFO - [2025-06-27T08:04:11.752+0000] {dag.py:4180} INFO - Setting next_dagrun for example_skip_dag to 2025-06-26 00:00:00+00:00, run_after=2025-06-27 00:00:00+00:00
[2025-06-27T08:04:11.814+0000] {processor.py:208} INFO - Processing /home/airflow/.local/lib/python3.12/site-packages/airflow/example_dags/example_skip_dag.py took 0.251 seconds
[2025-06-27T08:04:42.560+0000] {processor.py:186} INFO - Started process (PID=638) to work on /home/airflow/.local/lib/python3.12/site-packages/airflow/example_dags/example_skip_dag.py
[2025-06-27T08:04:42.562+0000] {processor.py:914} INFO - Processing file /home/airflow/.local/lib/python3.12/site-packages/airflow/example_dags/example_skip_dag.py for tasks to queue
[2025-06-27T08:04:42.567+0000] {logging_mixin.py:190} INFO - [2025-06-27T08:04:42.567+0000] {dagbag.py:588} INFO - Filling up the DagBag from /home/airflow/.local/lib/python3.12/site-packages/airflow/example_dags/example_skip_dag.py
[2025-06-27T08:04:42.584+0000] {processor.py:925} INFO - DAG(s) 'example_skip_dag' retrieved from /home/airflow/.local/lib/python3.12/site-packages/airflow/example_dags/example_skip_dag.py
[2025-06-27T08:04:42.629+0000] {logging_mixin.py:190} INFO - [2025-06-27T08:04:42.628+0000] {dag.py:3239} INFO - Sync 1 DAGs
[2025-06-27T08:04:42.684+0000] {logging_mixin.py:190} INFO - [2025-06-27T08:04:42.683+0000] {dag.py:4180} INFO - Setting next_dagrun for example_skip_dag to 2025-06-26 00:00:00+00:00, run_after=2025-06-27 00:00:00+00:00
[2025-06-27T08:04:42.726+0000] {processor.py:208} INFO - Processing /home/airflow/.local/lib/python3.12/site-packages/airflow/example_dags/example_skip_dag.py took 0.180 seconds
[2025-06-27T08:05:27.128+0000] {processor.py:186} INFO - Started process (PID=716) to work on /home/airflow/.local/lib/python3.12/site-packages/airflow/example_dags/example_skip_dag.py
[2025-06-27T08:05:27.134+0000] {processor.py:914} INFO - Processing file /home/airflow/.local/lib/python3.12/site-packages/airflow/example_dags/example_skip_dag.py for tasks to queue
[2025-06-27T08:05:27.147+0000] {logging_mixin.py:190} INFO - [2025-06-27T08:05:27.145+0000] {dagbag.py:588} INFO - Filling up the DagBag from /home/airflow/.local/lib/python3.12/site-packages/airflow/example_dags/example_skip_dag.py
[2025-06-27T08:05:27.208+0000] {processor.py:925} INFO - DAG(s) 'example_skip_dag' retrieved from /home/airflow/.local/lib/python3.12/site-packages/airflow/example_dags/example_skip_dag.py
[2025-06-27T08:05:27.281+0000] {logging_mixin.py:190} INFO - [2025-06-27T08:05:27.280+0000] {dag.py:3239} INFO - Sync 1 DAGs
[2025-06-27T08:05:27.420+0000] {logging_mixin.py:190} INFO - [2025-06-27T08:05:27.418+0000] {dag.py:4180} INFO - Setting next_dagrun for example_skip_dag to 2025-06-26 00:00:00+00:00, run_after=2025-06-27 00:00:00+00:00
[2025-06-27T08:05:27.506+0000] {processor.py:208} INFO - Processing /home/airflow/.local/lib/python3.12/site-packages/airflow/example_dags/example_skip_dag.py took 0.421 seconds
[2025-06-27T08:06:04.226+0000] {processor.py:186} INFO - Started process (PID=781) to work on /home/airflow/.local/lib/python3.12/site-packages/airflow/example_dags/example_skip_dag.py
[2025-06-27T08:06:04.229+0000] {processor.py:914} INFO - Processing file /home/airflow/.local/lib/python3.12/site-packages/airflow/example_dags/example_skip_dag.py for tasks to queue
[2025-06-27T08:06:04.236+0000] {logging_mixin.py:190} INFO - [2025-06-27T08:06:04.235+0000] {dagbag.py:588} INFO - Filling up the DagBag from /home/airflow/.local/lib/python3.12/site-packages/airflow/example_dags/example_skip_dag.py
[2025-06-27T08:06:04.265+0000] {processor.py:925} INFO - DAG(s) 'example_skip_dag' retrieved from /home/airflow/.local/lib/python3.12/site-packages/airflow/example_dags/example_skip_dag.py
[2025-06-27T08:06:04.336+0000] {logging_mixin.py:190} INFO - [2025-06-27T08:06:04.336+0000] {dag.py:3239} INFO - Sync 1 DAGs
[2025-06-27T08:06:04.424+0000] {logging_mixin.py:190} INFO - [2025-06-27T08:06:04.424+0000] {dag.py:4180} INFO - Setting next_dagrun for example_skip_dag to 2025-06-26 00:00:00+00:00, run_after=2025-06-27 00:00:00+00:00
[2025-06-27T08:06:04.477+0000] {processor.py:208} INFO - Processing /home/airflow/.local/lib/python3.12/site-packages/airflow/example_dags/example_skip_dag.py took 0.279 seconds
