[2025-06-27T07:37:01.123+0000] {processor.py:186} INFO - Started process (PID=156) to work on /home/airflow/.local/lib/python3.12/site-packages/airflow/example_dags/example_branch_day_of_week_operator.py
[2025-06-27T07:37:01.135+0000] {processor.py:914} INFO - Processing file /home/airflow/.local/lib/python3.12/site-packages/airflow/example_dags/example_branch_day_of_week_operator.py for tasks to queue
[2025-06-27T07:37:01.155+0000] {logging_mixin.py:190} INFO - [2025-06-27T07:37:01.153+0000] {dagbag.py:588} INFO - Filling up the DagBag from /home/airflow/.local/lib/python3.12/site-packages/airflow/example_dags/example_branch_day_of_week_operator.py
[2025-06-27T07:37:01.218+0000] {processor.py:925} INFO - DAG(s) 'example_weekday_branch_operator' retrieved from /home/airflow/.local/lib/python3.12/site-packages/airflow/example_dags/example_branch_day_of_week_operator.py
[2025-06-27T07:37:02.329+0000] {logging_mixin.py:190} INFO - [2025-06-27T07:37:02.326+0000] {override.py:1900} INFO - Created Permission View: can read on DAG:example_weekday_branch_operator
[2025-06-27T07:37:02.426+0000] {logging_mixin.py:190} INFO - [2025-06-27T07:37:02.418+0000] {override.py:1900} INFO - Created Permission View: can edit on DAG:example_weekday_branch_operator
[2025-06-27T07:37:02.480+0000] {logging_mixin.py:190} INFO - [2025-06-27T07:37:02.479+0000] {override.py:1900} INFO - Created Permission View: can delete on DAG:example_weekday_branch_operator
[2025-06-27T07:37:02.535+0000] {logging_mixin.py:190} INFO - [2025-06-27T07:37:02.534+0000] {override.py:1900} INFO - Created Permission View: can read on DAG Run:example_weekday_branch_operator
[2025-06-27T07:37:02.589+0000] {logging_mixin.py:190} INFO - [2025-06-27T07:37:02.587+0000] {override.py:1900} INFO - Created Permission View: can create on DAG Run:example_weekday_branch_operator
[2025-06-27T07:37:02.654+0000] {logging_mixin.py:190} INFO - [2025-06-27T07:37:02.653+0000] {override.py:1900} INFO - Created Permission View: can delete on DAG Run:example_weekday_branch_operator
[2025-06-27T07:37:02.702+0000] {logging_mixin.py:190} INFO - [2025-06-27T07:37:02.698+0000] {override.py:1900} INFO - Created Permission View: menu access on DAG Run:example_weekday_branch_operator
[2025-06-27T07:37:02.706+0000] {logging_mixin.py:190} INFO - [2025-06-27T07:37:02.705+0000] {dag.py:3239} INFO - Sync 1 DAGs
[2025-06-27T07:37:02.824+0000] {logging_mixin.py:190} INFO - [2025-06-27T07:37:02.823+0000] {dag.py:3262} INFO - Creating ORM DAG for example_weekday_branch_operator
[2025-06-27T07:37:02.893+0000] {logging_mixin.py:190} INFO - [2025-06-27T07:37:02.892+0000] {dag.py:4180} INFO - Setting next_dagrun for example_weekday_branch_operator to 2025-06-26 00:00:00+00:00, run_after=2025-06-27 00:00:00+00:00
[2025-06-27T07:37:02.991+0000] {processor.py:208} INFO - Processing /home/airflow/.local/lib/python3.12/site-packages/airflow/example_dags/example_branch_day_of_week_operator.py took 1.908 seconds
[2025-06-27T07:37:38.049+0000] {processor.py:186} INFO - Started process (PID=219) to work on /home/airflow/.local/lib/python3.12/site-packages/airflow/example_dags/example_branch_day_of_week_operator.py
[2025-06-27T07:37:38.055+0000] {processor.py:914} INFO - Processing file /home/airflow/.local/lib/python3.12/site-packages/airflow/example_dags/example_branch_day_of_week_operator.py for tasks to queue
[2025-06-27T07:37:38.066+0000] {logging_mixin.py:190} INFO - [2025-06-27T07:37:38.065+0000] {dagbag.py:588} INFO - Filling up the DagBag from /home/airflow/.local/lib/python3.12/site-packages/airflow/example_dags/example_branch_day_of_week_operator.py
[2025-06-27T07:37:38.117+0000] {processor.py:925} INFO - DAG(s) 'example_weekday_branch_operator' retrieved from /home/airflow/.local/lib/python3.12/site-packages/airflow/example_dags/example_branch_day_of_week_operator.py
[2025-06-27T07:37:38.198+0000] {logging_mixin.py:190} INFO - [2025-06-27T07:37:38.197+0000] {dag.py:3239} INFO - Sync 1 DAGs
[2025-06-27T07:37:38.288+0000] {logging_mixin.py:190} INFO - [2025-06-27T07:37:38.287+0000] {dag.py:4180} INFO - Setting next_dagrun for example_weekday_branch_operator to 2025-06-26 00:00:00+00:00, run_after=2025-06-27 00:00:00+00:00
[2025-06-27T07:37:38.342+0000] {processor.py:208} INFO - Processing /home/airflow/.local/lib/python3.12/site-packages/airflow/example_dags/example_branch_day_of_week_operator.py took 0.322 seconds
[2025-06-27T07:38:23.079+0000] {processor.py:186} INFO - Started process (PID=282) to work on /home/airflow/.local/lib/python3.12/site-packages/airflow/example_dags/example_branch_day_of_week_operator.py
[2025-06-27T07:38:23.085+0000] {processor.py:914} INFO - Processing file /home/airflow/.local/lib/python3.12/site-packages/airflow/example_dags/example_branch_day_of_week_operator.py for tasks to queue
[2025-06-27T07:38:23.098+0000] {logging_mixin.py:190} INFO - [2025-06-27T07:38:23.096+0000] {dagbag.py:588} INFO - Filling up the DagBag from /home/airflow/.local/lib/python3.12/site-packages/airflow/example_dags/example_branch_day_of_week_operator.py
[2025-06-27T07:38:23.158+0000] {processor.py:925} INFO - DAG(s) 'example_weekday_branch_operator' retrieved from /home/airflow/.local/lib/python3.12/site-packages/airflow/example_dags/example_branch_day_of_week_operator.py
[2025-06-27T07:38:23.285+0000] {logging_mixin.py:190} INFO - [2025-06-27T07:38:23.284+0000] {dag.py:3239} INFO - Sync 1 DAGs
[2025-06-27T07:38:23.440+0000] {logging_mixin.py:190} INFO - [2025-06-27T07:38:23.439+0000] {dag.py:4180} INFO - Setting next_dagrun for example_weekday_branch_operator to 2025-06-26 00:00:00+00:00, run_after=2025-06-27 00:00:00+00:00
[2025-06-27T07:38:23.622+0000] {processor.py:208} INFO - Processing /home/airflow/.local/lib/python3.12/site-packages/airflow/example_dags/example_branch_day_of_week_operator.py took 0.574 seconds
[2025-06-27T07:38:54.226+0000] {processor.py:186} INFO - Started process (PID=344) to work on /home/airflow/.local/lib/python3.12/site-packages/airflow/example_dags/example_branch_day_of_week_operator.py
[2025-06-27T07:38:54.229+0000] {processor.py:914} INFO - Processing file /home/airflow/.local/lib/python3.12/site-packages/airflow/example_dags/example_branch_day_of_week_operator.py for tasks to queue
[2025-06-27T07:38:54.238+0000] {logging_mixin.py:190} INFO - [2025-06-27T07:38:54.237+0000] {dagbag.py:588} INFO - Filling up the DagBag from /home/airflow/.local/lib/python3.12/site-packages/airflow/example_dags/example_branch_day_of_week_operator.py
[2025-06-27T07:38:54.279+0000] {processor.py:925} INFO - DAG(s) 'example_weekday_branch_operator' retrieved from /home/airflow/.local/lib/python3.12/site-packages/airflow/example_dags/example_branch_day_of_week_operator.py
[2025-06-27T07:38:54.425+0000] {logging_mixin.py:190} INFO - [2025-06-27T07:38:54.424+0000] {dag.py:3239} INFO - Sync 1 DAGs
[2025-06-27T07:38:54.636+0000] {logging_mixin.py:190} INFO - [2025-06-27T07:38:54.635+0000] {dag.py:4180} INFO - Setting next_dagrun for example_weekday_branch_operator to 2025-06-26 00:00:00+00:00, run_after=2025-06-27 00:00:00+00:00
[2025-06-27T07:38:54.765+0000] {processor.py:208} INFO - Processing /home/airflow/.local/lib/python3.12/site-packages/airflow/example_dags/example_branch_day_of_week_operator.py took 0.553 seconds
[2025-06-27T07:39:42.976+0000] {processor.py:186} INFO - Started process (PID=412) to work on /home/airflow/.local/lib/python3.12/site-packages/airflow/example_dags/example_branch_day_of_week_operator.py
[2025-06-27T07:39:42.992+0000] {processor.py:914} INFO - Processing file /home/airflow/.local/lib/python3.12/site-packages/airflow/example_dags/example_branch_day_of_week_operator.py for tasks to queue
[2025-06-27T07:39:43.012+0000] {logging_mixin.py:190} INFO - [2025-06-27T07:39:43.005+0000] {dagbag.py:588} INFO - Filling up the DagBag from /home/airflow/.local/lib/python3.12/site-packages/airflow/example_dags/example_branch_day_of_week_operator.py
[2025-06-27T07:39:43.094+0000] {processor.py:925} INFO - DAG(s) 'example_weekday_branch_operator' retrieved from /home/airflow/.local/lib/python3.12/site-packages/airflow/example_dags/example_branch_day_of_week_operator.py
[2025-06-27T07:39:43.334+0000] {logging_mixin.py:190} INFO - [2025-06-27T07:39:43.332+0000] {dag.py:3239} INFO - Sync 1 DAGs
[2025-06-27T07:39:43.632+0000] {logging_mixin.py:190} INFO - [2025-06-27T07:39:43.626+0000] {dag.py:4180} INFO - Setting next_dagrun for example_weekday_branch_operator to 2025-06-26 00:00:00+00:00, run_after=2025-06-27 00:00:00+00:00
[2025-06-27T07:39:43.775+0000] {processor.py:208} INFO - Processing /home/airflow/.local/lib/python3.12/site-packages/airflow/example_dags/example_branch_day_of_week_operator.py took 0.874 seconds
[2025-06-27T07:40:14.378+0000] {processor.py:186} INFO - Started process (PID=475) to work on /home/airflow/.local/lib/python3.12/site-packages/airflow/example_dags/example_branch_day_of_week_operator.py
[2025-06-27T07:40:14.384+0000] {processor.py:914} INFO - Processing file /home/airflow/.local/lib/python3.12/site-packages/airflow/example_dags/example_branch_day_of_week_operator.py for tasks to queue
[2025-06-27T07:40:14.396+0000] {logging_mixin.py:190} INFO - [2025-06-27T07:40:14.395+0000] {dagbag.py:588} INFO - Filling up the DagBag from /home/airflow/.local/lib/python3.12/site-packages/airflow/example_dags/example_branch_day_of_week_operator.py
[2025-06-27T07:40:14.457+0000] {processor.py:925} INFO - DAG(s) 'example_weekday_branch_operator' retrieved from /home/airflow/.local/lib/python3.12/site-packages/airflow/example_dags/example_branch_day_of_week_operator.py
[2025-06-27T07:40:14.611+0000] {logging_mixin.py:190} INFO - [2025-06-27T07:40:14.610+0000] {dag.py:3239} INFO - Sync 1 DAGs
[2025-06-27T07:40:14.817+0000] {logging_mixin.py:190} INFO - [2025-06-27T07:40:14.816+0000] {dag.py:4180} INFO - Setting next_dagrun for example_weekday_branch_operator to 2025-06-26 00:00:00+00:00, run_after=2025-06-27 00:00:00+00:00
[2025-06-27T07:40:14.913+0000] {processor.py:208} INFO - Processing /home/airflow/.local/lib/python3.12/site-packages/airflow/example_dags/example_branch_day_of_week_operator.py took 0.571 seconds
[2025-06-27T07:40:45.411+0000] {processor.py:186} INFO - Started process (PID=537) to work on /home/airflow/.local/lib/python3.12/site-packages/airflow/example_dags/example_branch_day_of_week_operator.py
[2025-06-27T07:40:45.427+0000] {processor.py:914} INFO - Processing file /home/airflow/.local/lib/python3.12/site-packages/airflow/example_dags/example_branch_day_of_week_operator.py for tasks to queue
[2025-06-27T07:40:45.448+0000] {logging_mixin.py:190} INFO - [2025-06-27T07:40:45.446+0000] {dagbag.py:588} INFO - Filling up the DagBag from /home/airflow/.local/lib/python3.12/site-packages/airflow/example_dags/example_branch_day_of_week_operator.py
[2025-06-27T07:40:45.558+0000] {processor.py:925} INFO - DAG(s) 'example_weekday_branch_operator' retrieved from /home/airflow/.local/lib/python3.12/site-packages/airflow/example_dags/example_branch_day_of_week_operator.py
[2025-06-27T07:40:45.761+0000] {logging_mixin.py:190} INFO - [2025-06-27T07:40:45.760+0000] {dag.py:3239} INFO - Sync 1 DAGs
[2025-06-27T07:40:46.014+0000] {logging_mixin.py:190} INFO - [2025-06-27T07:40:46.013+0000] {dag.py:4180} INFO - Setting next_dagrun for example_weekday_branch_operator to 2025-06-26 00:00:00+00:00, run_after=2025-06-27 00:00:00+00:00
[2025-06-27T07:40:46.207+0000] {processor.py:208} INFO - Processing /home/airflow/.local/lib/python3.12/site-packages/airflow/example_dags/example_branch_day_of_week_operator.py took 0.866 seconds
[2025-06-27T07:41:19.740+0000] {processor.py:186} INFO - Started process (PID=601) to work on /home/airflow/.local/lib/python3.12/site-packages/airflow/example_dags/example_branch_day_of_week_operator.py
[2025-06-27T07:41:19.744+0000] {processor.py:914} INFO - Processing file /home/airflow/.local/lib/python3.12/site-packages/airflow/example_dags/example_branch_day_of_week_operator.py for tasks to queue
[2025-06-27T07:41:19.754+0000] {logging_mixin.py:190} INFO - [2025-06-27T07:41:19.753+0000] {dagbag.py:588} INFO - Filling up the DagBag from /home/airflow/.local/lib/python3.12/site-packages/airflow/example_dags/example_branch_day_of_week_operator.py
[2025-06-27T07:41:19.804+0000] {processor.py:925} INFO - DAG(s) 'example_weekday_branch_operator' retrieved from /home/airflow/.local/lib/python3.12/site-packages/airflow/example_dags/example_branch_day_of_week_operator.py
[2025-06-27T07:41:20.116+0000] {logging_mixin.py:190} INFO - [2025-06-27T07:41:20.115+0000] {dag.py:3239} INFO - Sync 1 DAGs
[2025-06-27T07:41:20.275+0000] {logging_mixin.py:190} INFO - [2025-06-27T07:41:20.274+0000] {dag.py:4180} INFO - Setting next_dagrun for example_weekday_branch_operator to 2025-06-26 00:00:00+00:00, run_after=2025-06-27 00:00:00+00:00
[2025-06-27T07:41:20.368+0000] {processor.py:208} INFO - Processing /home/airflow/.local/lib/python3.12/site-packages/airflow/example_dags/example_branch_day_of_week_operator.py took 0.654 seconds
[2025-06-27T07:41:56.401+0000] {processor.py:186} INFO - Started process (PID=665) to work on /home/airflow/.local/lib/python3.12/site-packages/airflow/example_dags/example_branch_day_of_week_operator.py
[2025-06-27T07:41:56.406+0000] {processor.py:914} INFO - Processing file /home/airflow/.local/lib/python3.12/site-packages/airflow/example_dags/example_branch_day_of_week_operator.py for tasks to queue
[2025-06-27T07:41:56.431+0000] {logging_mixin.py:190} INFO - [2025-06-27T07:41:56.429+0000] {dagbag.py:588} INFO - Filling up the DagBag from /home/airflow/.local/lib/python3.12/site-packages/airflow/example_dags/example_branch_day_of_week_operator.py
[2025-06-27T07:41:56.613+0000] {processor.py:925} INFO - DAG(s) 'example_weekday_branch_operator' retrieved from /home/airflow/.local/lib/python3.12/site-packages/airflow/example_dags/example_branch_day_of_week_operator.py
[2025-06-27T07:41:57.028+0000] {logging_mixin.py:190} INFO - [2025-06-27T07:41:57.017+0000] {dag.py:3239} INFO - Sync 1 DAGs
[2025-06-27T07:41:57.474+0000] {logging_mixin.py:190} INFO - [2025-06-27T07:41:57.473+0000] {dag.py:4180} INFO - Setting next_dagrun for example_weekday_branch_operator to 2025-06-26 00:00:00+00:00, run_after=2025-06-27 00:00:00+00:00
[2025-06-27T07:41:58.000+0000] {processor.py:208} INFO - Processing /home/airflow/.local/lib/python3.12/site-packages/airflow/example_dags/example_branch_day_of_week_operator.py took 1.658 seconds
[2025-06-27T07:42:45.557+0000] {processor.py:186} INFO - Started process (PID=736) to work on /home/airflow/.local/lib/python3.12/site-packages/airflow/example_dags/example_branch_day_of_week_operator.py
[2025-06-27T07:42:45.563+0000] {processor.py:914} INFO - Processing file /home/airflow/.local/lib/python3.12/site-packages/airflow/example_dags/example_branch_day_of_week_operator.py for tasks to queue
[2025-06-27T07:42:45.577+0000] {logging_mixin.py:190} INFO - [2025-06-27T07:42:45.574+0000] {dagbag.py:588} INFO - Filling up the DagBag from /home/airflow/.local/lib/python3.12/site-packages/airflow/example_dags/example_branch_day_of_week_operator.py
[2025-06-27T07:42:45.625+0000] {processor.py:925} INFO - DAG(s) 'example_weekday_branch_operator' retrieved from /home/airflow/.local/lib/python3.12/site-packages/airflow/example_dags/example_branch_day_of_week_operator.py
[2025-06-27T07:42:45.790+0000] {logging_mixin.py:190} INFO - [2025-06-27T07:42:45.789+0000] {dag.py:3239} INFO - Sync 1 DAGs
[2025-06-27T07:42:45.941+0000] {logging_mixin.py:190} INFO - [2025-06-27T07:42:45.939+0000] {dag.py:4180} INFO - Setting next_dagrun for example_weekday_branch_operator to 2025-06-26 00:00:00+00:00, run_after=2025-06-27 00:00:00+00:00
[2025-06-27T07:42:46.051+0000] {processor.py:208} INFO - Processing /home/airflow/.local/lib/python3.12/site-packages/airflow/example_dags/example_branch_day_of_week_operator.py took 0.528 seconds
[2025-06-27T07:43:20.107+0000] {processor.py:186} INFO - Started process (PID=796) to work on /home/airflow/.local/lib/python3.12/site-packages/airflow/example_dags/example_branch_day_of_week_operator.py
[2025-06-27T07:43:20.112+0000] {processor.py:914} INFO - Processing file /home/airflow/.local/lib/python3.12/site-packages/airflow/example_dags/example_branch_day_of_week_operator.py for tasks to queue
[2025-06-27T07:43:20.135+0000] {logging_mixin.py:190} INFO - [2025-06-27T07:43:20.133+0000] {dagbag.py:588} INFO - Filling up the DagBag from /home/airflow/.local/lib/python3.12/site-packages/airflow/example_dags/example_branch_day_of_week_operator.py
[2025-06-27T07:43:20.234+0000] {processor.py:925} INFO - DAG(s) 'example_weekday_branch_operator' retrieved from /home/airflow/.local/lib/python3.12/site-packages/airflow/example_dags/example_branch_day_of_week_operator.py
[2025-06-27T07:43:20.467+0000] {logging_mixin.py:190} INFO - [2025-06-27T07:43:20.466+0000] {dag.py:3239} INFO - Sync 1 DAGs
[2025-06-27T07:43:20.784+0000] {logging_mixin.py:190} INFO - [2025-06-27T07:43:20.780+0000] {dag.py:4180} INFO - Setting next_dagrun for example_weekday_branch_operator to 2025-06-26 00:00:00+00:00, run_after=2025-06-27 00:00:00+00:00
[2025-06-27T07:43:20.944+0000] {processor.py:208} INFO - Processing /home/airflow/.local/lib/python3.12/site-packages/airflow/example_dags/example_branch_day_of_week_operator.py took 0.887 seconds
[2025-06-27T07:43:51.480+0000] {processor.py:186} INFO - Started process (PID=859) to work on /home/airflow/.local/lib/python3.12/site-packages/airflow/example_dags/example_branch_day_of_week_operator.py
[2025-06-27T07:43:51.484+0000] {processor.py:914} INFO - Processing file /home/airflow/.local/lib/python3.12/site-packages/airflow/example_dags/example_branch_day_of_week_operator.py for tasks to queue
[2025-06-27T07:43:51.506+0000] {logging_mixin.py:190} INFO - [2025-06-27T07:43:51.504+0000] {dagbag.py:588} INFO - Filling up the DagBag from /home/airflow/.local/lib/python3.12/site-packages/airflow/example_dags/example_branch_day_of_week_operator.py
[2025-06-27T07:43:51.562+0000] {processor.py:925} INFO - DAG(s) 'example_weekday_branch_operator' retrieved from /home/airflow/.local/lib/python3.12/site-packages/airflow/example_dags/example_branch_day_of_week_operator.py
[2025-06-27T07:43:51.709+0000] {logging_mixin.py:190} INFO - [2025-06-27T07:43:51.708+0000] {dag.py:3239} INFO - Sync 1 DAGs
[2025-06-27T07:43:51.805+0000] {logging_mixin.py:190} INFO - [2025-06-27T07:43:51.804+0000] {dag.py:4180} INFO - Setting next_dagrun for example_weekday_branch_operator to 2025-06-26 00:00:00+00:00, run_after=2025-06-27 00:00:00+00:00
[2025-06-27T07:43:51.865+0000] {processor.py:208} INFO - Processing /home/airflow/.local/lib/python3.12/site-packages/airflow/example_dags/example_branch_day_of_week_operator.py took 0.430 seconds
[2025-06-27T07:44:22.128+0000] {processor.py:186} INFO - Started process (PID=923) to work on /home/airflow/.local/lib/python3.12/site-packages/airflow/example_dags/example_branch_day_of_week_operator.py
[2025-06-27T07:44:22.137+0000] {processor.py:914} INFO - Processing file /home/airflow/.local/lib/python3.12/site-packages/airflow/example_dags/example_branch_day_of_week_operator.py for tasks to queue
[2025-06-27T07:44:22.149+0000] {logging_mixin.py:190} INFO - [2025-06-27T07:44:22.147+0000] {dagbag.py:588} INFO - Filling up the DagBag from /home/airflow/.local/lib/python3.12/site-packages/airflow/example_dags/example_branch_day_of_week_operator.py
[2025-06-27T07:44:22.188+0000] {processor.py:925} INFO - DAG(s) 'example_weekday_branch_operator' retrieved from /home/airflow/.local/lib/python3.12/site-packages/airflow/example_dags/example_branch_day_of_week_operator.py
[2025-06-27T07:44:22.285+0000] {logging_mixin.py:190} INFO - [2025-06-27T07:44:22.284+0000] {dag.py:3239} INFO - Sync 1 DAGs
[2025-06-27T07:44:22.375+0000] {logging_mixin.py:190} INFO - [2025-06-27T07:44:22.374+0000] {dag.py:4180} INFO - Setting next_dagrun for example_weekday_branch_operator to 2025-06-26 00:00:00+00:00, run_after=2025-06-27 00:00:00+00:00
[2025-06-27T07:44:22.421+0000] {processor.py:208} INFO - Processing /home/airflow/.local/lib/python3.12/site-packages/airflow/example_dags/example_branch_day_of_week_operator.py took 0.340 seconds
[2025-06-27T07:44:52.605+0000] {processor.py:186} INFO - Started process (PID=987) to work on /home/airflow/.local/lib/python3.12/site-packages/airflow/example_dags/example_branch_day_of_week_operator.py
[2025-06-27T07:44:52.608+0000] {processor.py:914} INFO - Processing file /home/airflow/.local/lib/python3.12/site-packages/airflow/example_dags/example_branch_day_of_week_operator.py for tasks to queue
[2025-06-27T07:44:52.615+0000] {logging_mixin.py:190} INFO - [2025-06-27T07:44:52.614+0000] {dagbag.py:588} INFO - Filling up the DagBag from /home/airflow/.local/lib/python3.12/site-packages/airflow/example_dags/example_branch_day_of_week_operator.py
[2025-06-27T07:44:52.639+0000] {processor.py:925} INFO - DAG(s) 'example_weekday_branch_operator' retrieved from /home/airflow/.local/lib/python3.12/site-packages/airflow/example_dags/example_branch_day_of_week_operator.py
[2025-06-27T07:44:52.705+0000] {logging_mixin.py:190} INFO - [2025-06-27T07:44:52.704+0000] {dag.py:3239} INFO - Sync 1 DAGs
[2025-06-27T07:44:52.782+0000] {logging_mixin.py:190} INFO - [2025-06-27T07:44:52.782+0000] {dag.py:4180} INFO - Setting next_dagrun for example_weekday_branch_operator to 2025-06-26 00:00:00+00:00, run_after=2025-06-27 00:00:00+00:00
[2025-06-27T07:44:52.838+0000] {processor.py:208} INFO - Processing /home/airflow/.local/lib/python3.12/site-packages/airflow/example_dags/example_branch_day_of_week_operator.py took 0.251 seconds
[2025-06-27T07:45:23.377+0000] {processor.py:186} INFO - Started process (PID=1050) to work on /home/airflow/.local/lib/python3.12/site-packages/airflow/example_dags/example_branch_day_of_week_operator.py
[2025-06-27T07:45:23.378+0000] {processor.py:914} INFO - Processing file /home/airflow/.local/lib/python3.12/site-packages/airflow/example_dags/example_branch_day_of_week_operator.py for tasks to queue
[2025-06-27T07:45:23.383+0000] {logging_mixin.py:190} INFO - [2025-06-27T07:45:23.383+0000] {dagbag.py:588} INFO - Filling up the DagBag from /home/airflow/.local/lib/python3.12/site-packages/airflow/example_dags/example_branch_day_of_week_operator.py
[2025-06-27T07:45:23.402+0000] {processor.py:925} INFO - DAG(s) 'example_weekday_branch_operator' retrieved from /home/airflow/.local/lib/python3.12/site-packages/airflow/example_dags/example_branch_day_of_week_operator.py
[2025-06-27T07:45:23.450+0000] {logging_mixin.py:190} INFO - [2025-06-27T07:45:23.450+0000] {dag.py:3239} INFO - Sync 1 DAGs
[2025-06-27T07:45:23.508+0000] {logging_mixin.py:190} INFO - [2025-06-27T07:45:23.507+0000] {dag.py:4180} INFO - Setting next_dagrun for example_weekday_branch_operator to 2025-06-26 00:00:00+00:00, run_after=2025-06-27 00:00:00+00:00
[2025-06-27T07:45:23.561+0000] {processor.py:208} INFO - Processing /home/airflow/.local/lib/python3.12/site-packages/airflow/example_dags/example_branch_day_of_week_operator.py took 0.197 seconds
[2025-06-27T07:45:54.097+0000] {processor.py:186} INFO - Started process (PID=1113) to work on /home/airflow/.local/lib/python3.12/site-packages/airflow/example_dags/example_branch_day_of_week_operator.py
[2025-06-27T07:45:54.100+0000] {processor.py:914} INFO - Processing file /home/airflow/.local/lib/python3.12/site-packages/airflow/example_dags/example_branch_day_of_week_operator.py for tasks to queue
[2025-06-27T07:45:54.110+0000] {logging_mixin.py:190} INFO - [2025-06-27T07:45:54.109+0000] {dagbag.py:588} INFO - Filling up the DagBag from /home/airflow/.local/lib/python3.12/site-packages/airflow/example_dags/example_branch_day_of_week_operator.py
[2025-06-27T07:45:54.142+0000] {processor.py:925} INFO - DAG(s) 'example_weekday_branch_operator' retrieved from /home/airflow/.local/lib/python3.12/site-packages/airflow/example_dags/example_branch_day_of_week_operator.py
[2025-06-27T07:45:54.216+0000] {logging_mixin.py:190} INFO - [2025-06-27T07:45:54.216+0000] {dag.py:3239} INFO - Sync 1 DAGs
[2025-06-27T07:45:54.364+0000] {logging_mixin.py:190} INFO - [2025-06-27T07:45:54.363+0000] {dag.py:4180} INFO - Setting next_dagrun for example_weekday_branch_operator to 2025-06-26 00:00:00+00:00, run_after=2025-06-27 00:00:00+00:00
[2025-06-27T07:45:54.474+0000] {processor.py:208} INFO - Processing /home/airflow/.local/lib/python3.12/site-packages/airflow/example_dags/example_branch_day_of_week_operator.py took 0.398 seconds
[2025-06-27T07:46:24.744+0000] {processor.py:186} INFO - Started process (PID=1176) to work on /home/airflow/.local/lib/python3.12/site-packages/airflow/example_dags/example_branch_day_of_week_operator.py
[2025-06-27T07:46:24.746+0000] {processor.py:914} INFO - Processing file /home/airflow/.local/lib/python3.12/site-packages/airflow/example_dags/example_branch_day_of_week_operator.py for tasks to queue
[2025-06-27T07:46:24.751+0000] {logging_mixin.py:190} INFO - [2025-06-27T07:46:24.751+0000] {dagbag.py:588} INFO - Filling up the DagBag from /home/airflow/.local/lib/python3.12/site-packages/airflow/example_dags/example_branch_day_of_week_operator.py
[2025-06-27T07:46:24.777+0000] {processor.py:925} INFO - DAG(s) 'example_weekday_branch_operator' retrieved from /home/airflow/.local/lib/python3.12/site-packages/airflow/example_dags/example_branch_day_of_week_operator.py
[2025-06-27T07:46:24.840+0000] {logging_mixin.py:190} INFO - [2025-06-27T07:46:24.839+0000] {dag.py:3239} INFO - Sync 1 DAGs
[2025-06-27T07:46:24.906+0000] {logging_mixin.py:190} INFO - [2025-06-27T07:46:24.905+0000] {dag.py:4180} INFO - Setting next_dagrun for example_weekday_branch_operator to 2025-06-26 00:00:00+00:00, run_after=2025-06-27 00:00:00+00:00
[2025-06-27T07:46:24.950+0000] {processor.py:208} INFO - Processing /home/airflow/.local/lib/python3.12/site-packages/airflow/example_dags/example_branch_day_of_week_operator.py took 0.222 seconds
[2025-06-27T07:46:55.209+0000] {processor.py:186} INFO - Started process (PID=1239) to work on /home/airflow/.local/lib/python3.12/site-packages/airflow/example_dags/example_branch_day_of_week_operator.py
[2025-06-27T07:46:55.212+0000] {processor.py:914} INFO - Processing file /home/airflow/.local/lib/python3.12/site-packages/airflow/example_dags/example_branch_day_of_week_operator.py for tasks to queue
[2025-06-27T07:46:55.217+0000] {logging_mixin.py:190} INFO - [2025-06-27T07:46:55.216+0000] {dagbag.py:588} INFO - Filling up the DagBag from /home/airflow/.local/lib/python3.12/site-packages/airflow/example_dags/example_branch_day_of_week_operator.py
[2025-06-27T07:46:55.240+0000] {processor.py:925} INFO - DAG(s) 'example_weekday_branch_operator' retrieved from /home/airflow/.local/lib/python3.12/site-packages/airflow/example_dags/example_branch_day_of_week_operator.py
[2025-06-27T07:46:55.287+0000] {logging_mixin.py:190} INFO - [2025-06-27T07:46:55.286+0000] {dag.py:3239} INFO - Sync 1 DAGs
[2025-06-27T07:46:55.342+0000] {logging_mixin.py:190} INFO - [2025-06-27T07:46:55.342+0000] {dag.py:4180} INFO - Setting next_dagrun for example_weekday_branch_operator to 2025-06-26 00:00:00+00:00, run_after=2025-06-27 00:00:00+00:00
[2025-06-27T07:46:55.389+0000] {processor.py:208} INFO - Processing /home/airflow/.local/lib/python3.12/site-packages/airflow/example_dags/example_branch_day_of_week_operator.py took 0.190 seconds
[2025-06-27T07:47:25.773+0000] {processor.py:186} INFO - Started process (PID=1302) to work on /home/airflow/.local/lib/python3.12/site-packages/airflow/example_dags/example_branch_day_of_week_operator.py
[2025-06-27T07:47:25.775+0000] {processor.py:914} INFO - Processing file /home/airflow/.local/lib/python3.12/site-packages/airflow/example_dags/example_branch_day_of_week_operator.py for tasks to queue
[2025-06-27T07:47:25.779+0000] {logging_mixin.py:190} INFO - [2025-06-27T07:47:25.778+0000] {dagbag.py:588} INFO - Filling up the DagBag from /home/airflow/.local/lib/python3.12/site-packages/airflow/example_dags/example_branch_day_of_week_operator.py
[2025-06-27T07:47:25.797+0000] {processor.py:925} INFO - DAG(s) 'example_weekday_branch_operator' retrieved from /home/airflow/.local/lib/python3.12/site-packages/airflow/example_dags/example_branch_day_of_week_operator.py
[2025-06-27T07:47:25.851+0000] {logging_mixin.py:190} INFO - [2025-06-27T07:47:25.851+0000] {dag.py:3239} INFO - Sync 1 DAGs
[2025-06-27T07:47:25.908+0000] {logging_mixin.py:190} INFO - [2025-06-27T07:47:25.907+0000] {dag.py:4180} INFO - Setting next_dagrun for example_weekday_branch_operator to 2025-06-26 00:00:00+00:00, run_after=2025-06-27 00:00:00+00:00
[2025-06-27T07:47:25.950+0000] {processor.py:208} INFO - Processing /home/airflow/.local/lib/python3.12/site-packages/airflow/example_dags/example_branch_day_of_week_operator.py took 0.187 seconds
[2025-06-27T07:47:56.352+0000] {processor.py:186} INFO - Started process (PID=1365) to work on /home/airflow/.local/lib/python3.12/site-packages/airflow/example_dags/example_branch_day_of_week_operator.py
[2025-06-27T07:47:56.354+0000] {processor.py:914} INFO - Processing file /home/airflow/.local/lib/python3.12/site-packages/airflow/example_dags/example_branch_day_of_week_operator.py for tasks to queue
[2025-06-27T07:47:56.359+0000] {logging_mixin.py:190} INFO - [2025-06-27T07:47:56.358+0000] {dagbag.py:588} INFO - Filling up the DagBag from /home/airflow/.local/lib/python3.12/site-packages/airflow/example_dags/example_branch_day_of_week_operator.py
[2025-06-27T07:47:56.378+0000] {processor.py:925} INFO - DAG(s) 'example_weekday_branch_operator' retrieved from /home/airflow/.local/lib/python3.12/site-packages/airflow/example_dags/example_branch_day_of_week_operator.py
[2025-06-27T07:47:56.418+0000] {logging_mixin.py:190} INFO - [2025-06-27T07:47:56.418+0000] {dag.py:3239} INFO - Sync 1 DAGs
[2025-06-27T07:47:56.458+0000] {logging_mixin.py:190} INFO - [2025-06-27T07:47:56.458+0000] {dag.py:4180} INFO - Setting next_dagrun for example_weekday_branch_operator to 2025-06-26 00:00:00+00:00, run_after=2025-06-27 00:00:00+00:00
[2025-06-27T07:47:56.493+0000] {processor.py:208} INFO - Processing /home/airflow/.local/lib/python3.12/site-packages/airflow/example_dags/example_branch_day_of_week_operator.py took 0.157 seconds
[2025-06-27T07:48:27.759+0000] {processor.py:186} INFO - Started process (PID=1428) to work on /home/airflow/.local/lib/python3.12/site-packages/airflow/example_dags/example_branch_day_of_week_operator.py
[2025-06-27T07:48:27.766+0000] {processor.py:914} INFO - Processing file /home/airflow/.local/lib/python3.12/site-packages/airflow/example_dags/example_branch_day_of_week_operator.py for tasks to queue
[2025-06-27T07:48:27.784+0000] {logging_mixin.py:190} INFO - [2025-06-27T07:48:27.782+0000] {dagbag.py:588} INFO - Filling up the DagBag from /home/airflow/.local/lib/python3.12/site-packages/airflow/example_dags/example_branch_day_of_week_operator.py
[2025-06-27T07:48:27.885+0000] {processor.py:925} INFO - DAG(s) 'example_weekday_branch_operator' retrieved from /home/airflow/.local/lib/python3.12/site-packages/airflow/example_dags/example_branch_day_of_week_operator.py
[2025-06-27T07:48:28.080+0000] {logging_mixin.py:190} INFO - [2025-06-27T07:48:28.079+0000] {dag.py:3239} INFO - Sync 1 DAGs
[2025-06-27T07:48:28.242+0000] {logging_mixin.py:190} INFO - [2025-06-27T07:48:28.241+0000] {dag.py:4180} INFO - Setting next_dagrun for example_weekday_branch_operator to 2025-06-26 00:00:00+00:00, run_after=2025-06-27 00:00:00+00:00
[2025-06-27T07:48:28.396+0000] {processor.py:208} INFO - Processing /home/airflow/.local/lib/python3.12/site-packages/airflow/example_dags/example_branch_day_of_week_operator.py took 0.709 seconds
[2025-06-27T07:48:58.692+0000] {processor.py:186} INFO - Started process (PID=1490) to work on /home/airflow/.local/lib/python3.12/site-packages/airflow/example_dags/example_branch_day_of_week_operator.py
[2025-06-27T07:48:58.695+0000] {processor.py:914} INFO - Processing file /home/airflow/.local/lib/python3.12/site-packages/airflow/example_dags/example_branch_day_of_week_operator.py for tasks to queue
[2025-06-27T07:48:58.700+0000] {logging_mixin.py:190} INFO - [2025-06-27T07:48:58.700+0000] {dagbag.py:588} INFO - Filling up the DagBag from /home/airflow/.local/lib/python3.12/site-packages/airflow/example_dags/example_branch_day_of_week_operator.py
[2025-06-27T07:48:58.724+0000] {processor.py:925} INFO - DAG(s) 'example_weekday_branch_operator' retrieved from /home/airflow/.local/lib/python3.12/site-packages/airflow/example_dags/example_branch_day_of_week_operator.py
[2025-06-27T07:48:58.773+0000] {logging_mixin.py:190} INFO - [2025-06-27T07:48:58.772+0000] {dag.py:3239} INFO - Sync 1 DAGs
[2025-06-27T07:48:58.820+0000] {logging_mixin.py:190} INFO - [2025-06-27T07:48:58.819+0000] {dag.py:4180} INFO - Setting next_dagrun for example_weekday_branch_operator to 2025-06-26 00:00:00+00:00, run_after=2025-06-27 00:00:00+00:00
[2025-06-27T07:48:58.856+0000] {processor.py:208} INFO - Processing /home/airflow/.local/lib/python3.12/site-packages/airflow/example_dags/example_branch_day_of_week_operator.py took 0.177 seconds
[2025-06-27T07:52:14.373+0000] {processor.py:186} INFO - Started process (PID=105) to work on /home/airflow/.local/lib/python3.12/site-packages/airflow/example_dags/example_branch_day_of_week_operator.py
[2025-06-27T07:52:14.378+0000] {processor.py:914} INFO - Processing file /home/airflow/.local/lib/python3.12/site-packages/airflow/example_dags/example_branch_day_of_week_operator.py for tasks to queue
[2025-06-27T07:52:14.386+0000] {logging_mixin.py:190} INFO - [2025-06-27T07:52:14.384+0000] {dagbag.py:588} INFO - Filling up the DagBag from /home/airflow/.local/lib/python3.12/site-packages/airflow/example_dags/example_branch_day_of_week_operator.py
[2025-06-27T07:52:14.442+0000] {processor.py:925} INFO - DAG(s) 'example_weekday_branch_operator' retrieved from /home/airflow/.local/lib/python3.12/site-packages/airflow/example_dags/example_branch_day_of_week_operator.py
[2025-06-27T07:52:14.683+0000] {logging_mixin.py:190} INFO - [2025-06-27T07:52:14.683+0000] {dag.py:3239} INFO - Sync 1 DAGs
[2025-06-27T07:52:14.864+0000] {logging_mixin.py:190} INFO - [2025-06-27T07:52:14.863+0000] {dag.py:4180} INFO - Setting next_dagrun for example_weekday_branch_operator to 2025-06-26 00:00:00+00:00, run_after=2025-06-27 00:00:00+00:00
[2025-06-27T07:52:15.037+0000] {processor.py:208} INFO - Processing /home/airflow/.local/lib/python3.12/site-packages/airflow/example_dags/example_branch_day_of_week_operator.py took 0.687 seconds
[2025-06-27T07:52:53.593+0000] {processor.py:186} INFO - Started process (PID=168) to work on /home/airflow/.local/lib/python3.12/site-packages/airflow/example_dags/example_branch_day_of_week_operator.py
[2025-06-27T07:52:53.597+0000] {processor.py:914} INFO - Processing file /home/airflow/.local/lib/python3.12/site-packages/airflow/example_dags/example_branch_day_of_week_operator.py for tasks to queue
[2025-06-27T07:52:53.644+0000] {logging_mixin.py:190} INFO - [2025-06-27T07:52:53.643+0000] {dagbag.py:588} INFO - Filling up the DagBag from /home/airflow/.local/lib/python3.12/site-packages/airflow/example_dags/example_branch_day_of_week_operator.py
[2025-06-27T07:52:53.706+0000] {processor.py:925} INFO - DAG(s) 'example_weekday_branch_operator' retrieved from /home/airflow/.local/lib/python3.12/site-packages/airflow/example_dags/example_branch_day_of_week_operator.py
[2025-06-27T07:52:53.771+0000] {logging_mixin.py:190} INFO - [2025-06-27T07:52:53.770+0000] {dag.py:3239} INFO - Sync 1 DAGs
[2025-06-27T07:52:53.860+0000] {logging_mixin.py:190} INFO - [2025-06-27T07:52:53.860+0000] {dag.py:4180} INFO - Setting next_dagrun for example_weekday_branch_operator to 2025-06-26 00:00:00+00:00, run_after=2025-06-27 00:00:00+00:00
[2025-06-27T07:52:53.934+0000] {processor.py:208} INFO - Processing /home/airflow/.local/lib/python3.12/site-packages/airflow/example_dags/example_branch_day_of_week_operator.py took 0.365 seconds
[2025-06-27T07:53:24.121+0000] {processor.py:186} INFO - Started process (PID=231) to work on /home/airflow/.local/lib/python3.12/site-packages/airflow/example_dags/example_branch_day_of_week_operator.py
[2025-06-27T07:53:24.124+0000] {processor.py:914} INFO - Processing file /home/airflow/.local/lib/python3.12/site-packages/airflow/example_dags/example_branch_day_of_week_operator.py for tasks to queue
[2025-06-27T07:53:24.130+0000] {logging_mixin.py:190} INFO - [2025-06-27T07:53:24.129+0000] {dagbag.py:588} INFO - Filling up the DagBag from /home/airflow/.local/lib/python3.12/site-packages/airflow/example_dags/example_branch_day_of_week_operator.py
[2025-06-27T07:53:24.155+0000] {processor.py:925} INFO - DAG(s) 'example_weekday_branch_operator' retrieved from /home/airflow/.local/lib/python3.12/site-packages/airflow/example_dags/example_branch_day_of_week_operator.py
[2025-06-27T07:53:24.211+0000] {logging_mixin.py:190} INFO - [2025-06-27T07:53:24.210+0000] {dag.py:3239} INFO - Sync 1 DAGs
[2025-06-27T07:53:24.268+0000] {logging_mixin.py:190} INFO - [2025-06-27T07:53:24.268+0000] {dag.py:4180} INFO - Setting next_dagrun for example_weekday_branch_operator to 2025-06-26 00:00:00+00:00, run_after=2025-06-27 00:00:00+00:00
[2025-06-27T07:53:24.312+0000] {processor.py:208} INFO - Processing /home/airflow/.local/lib/python3.12/site-packages/airflow/example_dags/example_branch_day_of_week_operator.py took 0.208 seconds
[2025-06-27T07:53:55.288+0000] {processor.py:186} INFO - Started process (PID=295) to work on /home/airflow/.local/lib/python3.12/site-packages/airflow/example_dags/example_branch_day_of_week_operator.py
[2025-06-27T07:53:55.290+0000] {processor.py:914} INFO - Processing file /home/airflow/.local/lib/python3.12/site-packages/airflow/example_dags/example_branch_day_of_week_operator.py for tasks to queue
[2025-06-27T07:53:55.295+0000] {logging_mixin.py:190} INFO - [2025-06-27T07:53:55.295+0000] {dagbag.py:588} INFO - Filling up the DagBag from /home/airflow/.local/lib/python3.12/site-packages/airflow/example_dags/example_branch_day_of_week_operator.py
[2025-06-27T07:53:55.313+0000] {processor.py:925} INFO - DAG(s) 'example_weekday_branch_operator' retrieved from /home/airflow/.local/lib/python3.12/site-packages/airflow/example_dags/example_branch_day_of_week_operator.py
[2025-06-27T07:53:55.362+0000] {logging_mixin.py:190} INFO - [2025-06-27T07:53:55.362+0000] {dag.py:3239} INFO - Sync 1 DAGs
[2025-06-27T07:53:55.411+0000] {logging_mixin.py:190} INFO - [2025-06-27T07:53:55.411+0000] {dag.py:4180} INFO - Setting next_dagrun for example_weekday_branch_operator to 2025-06-26 00:00:00+00:00, run_after=2025-06-27 00:00:00+00:00
[2025-06-27T07:53:55.456+0000] {processor.py:208} INFO - Processing /home/airflow/.local/lib/python3.12/site-packages/airflow/example_dags/example_branch_day_of_week_operator.py took 0.180 seconds
[2025-06-27T07:54:27.358+0000] {processor.py:186} INFO - Started process (PID=358) to work on /home/airflow/.local/lib/python3.12/site-packages/airflow/example_dags/example_branch_day_of_week_operator.py
[2025-06-27T07:54:27.365+0000] {processor.py:914} INFO - Processing file /home/airflow/.local/lib/python3.12/site-packages/airflow/example_dags/example_branch_day_of_week_operator.py for tasks to queue
[2025-06-27T07:54:27.382+0000] {logging_mixin.py:190} INFO - [2025-06-27T07:54:27.379+0000] {dagbag.py:588} INFO - Filling up the DagBag from /home/airflow/.local/lib/python3.12/site-packages/airflow/example_dags/example_branch_day_of_week_operator.py
[2025-06-27T07:54:27.434+0000] {processor.py:925} INFO - DAG(s) 'example_weekday_branch_operator' retrieved from /home/airflow/.local/lib/python3.12/site-packages/airflow/example_dags/example_branch_day_of_week_operator.py
[2025-06-27T07:54:27.598+0000] {logging_mixin.py:190} INFO - [2025-06-27T07:54:27.597+0000] {dag.py:3239} INFO - Sync 1 DAGs
[2025-06-27T07:54:27.703+0000] {logging_mixin.py:190} INFO - [2025-06-27T07:54:27.703+0000] {dag.py:4180} INFO - Setting next_dagrun for example_weekday_branch_operator to 2025-06-26 00:00:00+00:00, run_after=2025-06-27 00:00:00+00:00
[2025-06-27T07:54:27.761+0000] {processor.py:208} INFO - Processing /home/airflow/.local/lib/python3.12/site-packages/airflow/example_dags/example_branch_day_of_week_operator.py took 0.434 seconds
[2025-06-27T07:54:58.354+0000] {processor.py:186} INFO - Started process (PID=421) to work on /home/airflow/.local/lib/python3.12/site-packages/airflow/example_dags/example_branch_day_of_week_operator.py
[2025-06-27T07:54:58.357+0000] {processor.py:914} INFO - Processing file /home/airflow/.local/lib/python3.12/site-packages/airflow/example_dags/example_branch_day_of_week_operator.py for tasks to queue
[2025-06-27T07:54:58.365+0000] {logging_mixin.py:190} INFO - [2025-06-27T07:54:58.364+0000] {dagbag.py:588} INFO - Filling up the DagBag from /home/airflow/.local/lib/python3.12/site-packages/airflow/example_dags/example_branch_day_of_week_operator.py
[2025-06-27T07:54:58.393+0000] {processor.py:925} INFO - DAG(s) 'example_weekday_branch_operator' retrieved from /home/airflow/.local/lib/python3.12/site-packages/airflow/example_dags/example_branch_day_of_week_operator.py
[2025-06-27T07:54:58.454+0000] {logging_mixin.py:190} INFO - [2025-06-27T07:54:58.453+0000] {dag.py:3239} INFO - Sync 1 DAGs
[2025-06-27T07:54:58.526+0000] {logging_mixin.py:190} INFO - [2025-06-27T07:54:58.526+0000] {dag.py:4180} INFO - Setting next_dagrun for example_weekday_branch_operator to 2025-06-26 00:00:00+00:00, run_after=2025-06-27 00:00:00+00:00
[2025-06-27T07:54:58.577+0000] {processor.py:208} INFO - Processing /home/airflow/.local/lib/python3.12/site-packages/airflow/example_dags/example_branch_day_of_week_operator.py took 0.242 seconds
[2025-06-27T07:59:36.431+0000] {processor.py:186} INFO - Started process (PID=92) to work on /home/airflow/.local/lib/python3.12/site-packages/airflow/example_dags/example_branch_day_of_week_operator.py
[2025-06-27T07:59:36.436+0000] {processor.py:914} INFO - Processing file /home/airflow/.local/lib/python3.12/site-packages/airflow/example_dags/example_branch_day_of_week_operator.py for tasks to queue
[2025-06-27T07:59:36.442+0000] {logging_mixin.py:190} INFO - [2025-06-27T07:59:36.440+0000] {dagbag.py:588} INFO - Filling up the DagBag from /home/airflow/.local/lib/python3.12/site-packages/airflow/example_dags/example_branch_day_of_week_operator.py
[2025-06-27T07:59:36.469+0000] {processor.py:925} INFO - DAG(s) 'example_weekday_branch_operator' retrieved from /home/airflow/.local/lib/python3.12/site-packages/airflow/example_dags/example_branch_day_of_week_operator.py
[2025-06-27T07:59:36.579+0000] {logging_mixin.py:190} INFO - [2025-06-27T07:59:36.577+0000] {dag.py:3239} INFO - Sync 1 DAGs
[2025-06-27T07:59:36.713+0000] {logging_mixin.py:190} INFO - [2025-06-27T07:59:36.712+0000] {dag.py:4180} INFO - Setting next_dagrun for example_weekday_branch_operator to 2025-06-26 00:00:00+00:00, run_after=2025-06-27 00:00:00+00:00
[2025-06-27T07:59:36.784+0000] {processor.py:208} INFO - Processing /home/airflow/.local/lib/python3.12/site-packages/airflow/example_dags/example_branch_day_of_week_operator.py took 0.366 seconds
[2025-06-27T08:00:35.411+0000] {processor.py:186} INFO - Started process (PID=159) to work on /home/airflow/.local/lib/python3.12/site-packages/airflow/example_dags/example_branch_day_of_week_operator.py
[2025-06-27T08:00:35.453+0000] {processor.py:914} INFO - Processing file /home/airflow/.local/lib/python3.12/site-packages/airflow/example_dags/example_branch_day_of_week_operator.py for tasks to queue
[2025-06-27T08:00:35.501+0000] {logging_mixin.py:190} INFO - [2025-06-27T08:00:35.499+0000] {dagbag.py:588} INFO - Filling up the DagBag from /home/airflow/.local/lib/python3.12/site-packages/airflow/example_dags/example_branch_day_of_week_operator.py
[2025-06-27T08:00:37.136+0000] {processor.py:925} INFO - DAG(s) 'example_weekday_branch_operator' retrieved from /home/airflow/.local/lib/python3.12/site-packages/airflow/example_dags/example_branch_day_of_week_operator.py
[2025-06-27T08:00:37.905+0000] {logging_mixin.py:190} INFO - [2025-06-27T08:00:37.904+0000] {dag.py:3239} INFO - Sync 1 DAGs
[2025-06-27T08:00:38.420+0000] {logging_mixin.py:190} INFO - [2025-06-27T08:00:38.418+0000] {dag.py:4180} INFO - Setting next_dagrun for example_weekday_branch_operator to 2025-06-26 00:00:00+00:00, run_after=2025-06-27 00:00:00+00:00
[2025-06-27T08:00:39.219+0000] {processor.py:208} INFO - Processing /home/airflow/.local/lib/python3.12/site-packages/airflow/example_dags/example_branch_day_of_week_operator.py took 3.938 seconds
[2025-06-27T08:01:14.438+0000] {processor.py:186} INFO - Started process (PID=221) to work on /home/airflow/.local/lib/python3.12/site-packages/airflow/example_dags/example_branch_day_of_week_operator.py
[2025-06-27T08:01:14.519+0000] {processor.py:914} INFO - Processing file /home/airflow/.local/lib/python3.12/site-packages/airflow/example_dags/example_branch_day_of_week_operator.py for tasks to queue
[2025-06-27T08:01:14.599+0000] {logging_mixin.py:190} INFO - [2025-06-27T08:01:14.596+0000] {dagbag.py:588} INFO - Filling up the DagBag from /home/airflow/.local/lib/python3.12/site-packages/airflow/example_dags/example_branch_day_of_week_operator.py
[2025-06-27T08:01:14.781+0000] {processor.py:925} INFO - DAG(s) 'example_weekday_branch_operator' retrieved from /home/airflow/.local/lib/python3.12/site-packages/airflow/example_dags/example_branch_day_of_week_operator.py
[2025-06-27T08:01:15.252+0000] {logging_mixin.py:190} INFO - [2025-06-27T08:01:15.245+0000] {dag.py:3239} INFO - Sync 1 DAGs
[2025-06-27T08:01:15.691+0000] {logging_mixin.py:190} INFO - [2025-06-27T08:01:15.690+0000] {dag.py:4180} INFO - Setting next_dagrun for example_weekday_branch_operator to 2025-06-26 00:00:00+00:00, run_after=2025-06-27 00:00:00+00:00
[2025-06-27T08:01:15.837+0000] {processor.py:208} INFO - Processing /home/airflow/.local/lib/python3.12/site-packages/airflow/example_dags/example_branch_day_of_week_operator.py took 1.525 seconds
[2025-06-27T08:01:46.037+0000] {processor.py:186} INFO - Started process (PID=283) to work on /home/airflow/.local/lib/python3.12/site-packages/airflow/example_dags/example_branch_day_of_week_operator.py
[2025-06-27T08:01:46.040+0000] {processor.py:914} INFO - Processing file /home/airflow/.local/lib/python3.12/site-packages/airflow/example_dags/example_branch_day_of_week_operator.py for tasks to queue
[2025-06-27T08:01:46.049+0000] {logging_mixin.py:190} INFO - [2025-06-27T08:01:46.048+0000] {dagbag.py:588} INFO - Filling up the DagBag from /home/airflow/.local/lib/python3.12/site-packages/airflow/example_dags/example_branch_day_of_week_operator.py
[2025-06-27T08:01:46.075+0000] {processor.py:925} INFO - DAG(s) 'example_weekday_branch_operator' retrieved from /home/airflow/.local/lib/python3.12/site-packages/airflow/example_dags/example_branch_day_of_week_operator.py
[2025-06-27T08:01:46.126+0000] {logging_mixin.py:190} INFO - [2025-06-27T08:01:46.126+0000] {dag.py:3239} INFO - Sync 1 DAGs
[2025-06-27T08:01:46.178+0000] {logging_mixin.py:190} INFO - [2025-06-27T08:01:46.178+0000] {dag.py:4180} INFO - Setting next_dagrun for example_weekday_branch_operator to 2025-06-26 00:00:00+00:00, run_after=2025-06-27 00:00:00+00:00
[2025-06-27T08:01:46.215+0000] {processor.py:208} INFO - Processing /home/airflow/.local/lib/python3.12/site-packages/airflow/example_dags/example_branch_day_of_week_operator.py took 0.192 seconds
[2025-06-27T08:02:16.678+0000] {processor.py:186} INFO - Started process (PID=347) to work on /home/airflow/.local/lib/python3.12/site-packages/airflow/example_dags/example_branch_day_of_week_operator.py
[2025-06-27T08:02:16.685+0000] {processor.py:914} INFO - Processing file /home/airflow/.local/lib/python3.12/site-packages/airflow/example_dags/example_branch_day_of_week_operator.py for tasks to queue
[2025-06-27T08:02:16.695+0000] {logging_mixin.py:190} INFO - [2025-06-27T08:02:16.694+0000] {dagbag.py:588} INFO - Filling up the DagBag from /home/airflow/.local/lib/python3.12/site-packages/airflow/example_dags/example_branch_day_of_week_operator.py
[2025-06-27T08:02:16.749+0000] {processor.py:925} INFO - DAG(s) 'example_weekday_branch_operator' retrieved from /home/airflow/.local/lib/python3.12/site-packages/airflow/example_dags/example_branch_day_of_week_operator.py
[2025-06-27T08:02:16.819+0000] {logging_mixin.py:190} INFO - [2025-06-27T08:02:16.818+0000] {dag.py:3239} INFO - Sync 1 DAGs
[2025-06-27T08:02:16.881+0000] {logging_mixin.py:190} INFO - [2025-06-27T08:02:16.880+0000] {dag.py:4180} INFO - Setting next_dagrun for example_weekday_branch_operator to 2025-06-26 00:00:00+00:00, run_after=2025-06-27 00:00:00+00:00
[2025-06-27T08:02:16.946+0000] {processor.py:208} INFO - Processing /home/airflow/.local/lib/python3.12/site-packages/airflow/example_dags/example_branch_day_of_week_operator.py took 0.295 seconds
[2025-06-27T08:02:47.188+0000] {processor.py:186} INFO - Started process (PID=409) to work on /home/airflow/.local/lib/python3.12/site-packages/airflow/example_dags/example_branch_day_of_week_operator.py
[2025-06-27T08:02:47.190+0000] {processor.py:914} INFO - Processing file /home/airflow/.local/lib/python3.12/site-packages/airflow/example_dags/example_branch_day_of_week_operator.py for tasks to queue
[2025-06-27T08:02:47.195+0000] {logging_mixin.py:190} INFO - [2025-06-27T08:02:47.194+0000] {dagbag.py:588} INFO - Filling up the DagBag from /home/airflow/.local/lib/python3.12/site-packages/airflow/example_dags/example_branch_day_of_week_operator.py
[2025-06-27T08:02:47.208+0000] {processor.py:925} INFO - DAG(s) 'example_weekday_branch_operator' retrieved from /home/airflow/.local/lib/python3.12/site-packages/airflow/example_dags/example_branch_day_of_week_operator.py
[2025-06-27T08:02:47.242+0000] {logging_mixin.py:190} INFO - [2025-06-27T08:02:47.242+0000] {dag.py:3239} INFO - Sync 1 DAGs
[2025-06-27T08:02:47.274+0000] {logging_mixin.py:190} INFO - [2025-06-27T08:02:47.274+0000] {dag.py:4180} INFO - Setting next_dagrun for example_weekday_branch_operator to 2025-06-26 00:00:00+00:00, run_after=2025-06-27 00:00:00+00:00
[2025-06-27T08:02:47.302+0000] {processor.py:208} INFO - Processing /home/airflow/.local/lib/python3.12/site-packages/airflow/example_dags/example_branch_day_of_week_operator.py took 0.124 seconds
[2025-06-27T08:03:17.532+0000] {processor.py:186} INFO - Started process (PID=472) to work on /home/airflow/.local/lib/python3.12/site-packages/airflow/example_dags/example_branch_day_of_week_operator.py
[2025-06-27T08:03:17.535+0000] {processor.py:914} INFO - Processing file /home/airflow/.local/lib/python3.12/site-packages/airflow/example_dags/example_branch_day_of_week_operator.py for tasks to queue
[2025-06-27T08:03:17.543+0000] {logging_mixin.py:190} INFO - [2025-06-27T08:03:17.542+0000] {dagbag.py:588} INFO - Filling up the DagBag from /home/airflow/.local/lib/python3.12/site-packages/airflow/example_dags/example_branch_day_of_week_operator.py
[2025-06-27T08:03:17.584+0000] {processor.py:925} INFO - DAG(s) 'example_weekday_branch_operator' retrieved from /home/airflow/.local/lib/python3.12/site-packages/airflow/example_dags/example_branch_day_of_week_operator.py
[2025-06-27T08:03:17.681+0000] {logging_mixin.py:190} INFO - [2025-06-27T08:03:17.680+0000] {dag.py:3239} INFO - Sync 1 DAGs
[2025-06-27T08:03:17.769+0000] {logging_mixin.py:190} INFO - [2025-06-27T08:03:17.768+0000] {dag.py:4180} INFO - Setting next_dagrun for example_weekday_branch_operator to 2025-06-26 00:00:00+00:00, run_after=2025-06-27 00:00:00+00:00
[2025-06-27T08:03:17.824+0000] {processor.py:208} INFO - Processing /home/airflow/.local/lib/python3.12/site-packages/airflow/example_dags/example_branch_day_of_week_operator.py took 0.325 seconds
[2025-06-27T08:03:47.964+0000] {processor.py:186} INFO - Started process (PID=535) to work on /home/airflow/.local/lib/python3.12/site-packages/airflow/example_dags/example_branch_day_of_week_operator.py
[2025-06-27T08:03:47.967+0000] {processor.py:914} INFO - Processing file /home/airflow/.local/lib/python3.12/site-packages/airflow/example_dags/example_branch_day_of_week_operator.py for tasks to queue
[2025-06-27T08:03:47.972+0000] {logging_mixin.py:190} INFO - [2025-06-27T08:03:47.971+0000] {dagbag.py:588} INFO - Filling up the DagBag from /home/airflow/.local/lib/python3.12/site-packages/airflow/example_dags/example_branch_day_of_week_operator.py
[2025-06-27T08:03:47.989+0000] {processor.py:925} INFO - DAG(s) 'example_weekday_branch_operator' retrieved from /home/airflow/.local/lib/python3.12/site-packages/airflow/example_dags/example_branch_day_of_week_operator.py
[2025-06-27T08:03:48.024+0000] {logging_mixin.py:190} INFO - [2025-06-27T08:03:48.023+0000] {dag.py:3239} INFO - Sync 1 DAGs
[2025-06-27T08:03:48.063+0000] {logging_mixin.py:190} INFO - [2025-06-27T08:03:48.062+0000] {dag.py:4180} INFO - Setting next_dagrun for example_weekday_branch_operator to 2025-06-26 00:00:00+00:00, run_after=2025-06-27 00:00:00+00:00
[2025-06-27T08:03:48.095+0000] {processor.py:208} INFO - Processing /home/airflow/.local/lib/python3.12/site-packages/airflow/example_dags/example_branch_day_of_week_operator.py took 0.144 seconds
[2025-06-27T08:04:19.189+0000] {processor.py:186} INFO - Started process (PID=598) to work on /home/airflow/.local/lib/python3.12/site-packages/airflow/example_dags/example_branch_day_of_week_operator.py
[2025-06-27T08:04:19.192+0000] {processor.py:914} INFO - Processing file /home/airflow/.local/lib/python3.12/site-packages/airflow/example_dags/example_branch_day_of_week_operator.py for tasks to queue
[2025-06-27T08:04:19.198+0000] {logging_mixin.py:190} INFO - [2025-06-27T08:04:19.197+0000] {dagbag.py:588} INFO - Filling up the DagBag from /home/airflow/.local/lib/python3.12/site-packages/airflow/example_dags/example_branch_day_of_week_operator.py
[2025-06-27T08:04:19.224+0000] {processor.py:925} INFO - DAG(s) 'example_weekday_branch_operator' retrieved from /home/airflow/.local/lib/python3.12/site-packages/airflow/example_dags/example_branch_day_of_week_operator.py
[2025-06-27T08:04:19.279+0000] {logging_mixin.py:190} INFO - [2025-06-27T08:04:19.278+0000] {dag.py:3239} INFO - Sync 1 DAGs
[2025-06-27T08:04:19.336+0000] {logging_mixin.py:190} INFO - [2025-06-27T08:04:19.335+0000] {dag.py:4180} INFO - Setting next_dagrun for example_weekday_branch_operator to 2025-06-26 00:00:00+00:00, run_after=2025-06-27 00:00:00+00:00
[2025-06-27T08:04:19.369+0000] {processor.py:208} INFO - Processing /home/airflow/.local/lib/python3.12/site-packages/airflow/example_dags/example_branch_day_of_week_operator.py took 0.191 seconds
[2025-06-27T08:04:50.208+0000] {processor.py:186} INFO - Started process (PID=661) to work on /home/airflow/.local/lib/python3.12/site-packages/airflow/example_dags/example_branch_day_of_week_operator.py
[2025-06-27T08:04:50.211+0000] {processor.py:914} INFO - Processing file /home/airflow/.local/lib/python3.12/site-packages/airflow/example_dags/example_branch_day_of_week_operator.py for tasks to queue
[2025-06-27T08:04:50.224+0000] {logging_mixin.py:190} INFO - [2025-06-27T08:04:50.222+0000] {dagbag.py:588} INFO - Filling up the DagBag from /home/airflow/.local/lib/python3.12/site-packages/airflow/example_dags/example_branch_day_of_week_operator.py
[2025-06-27T08:04:50.269+0000] {processor.py:925} INFO - DAG(s) 'example_weekday_branch_operator' retrieved from /home/airflow/.local/lib/python3.12/site-packages/airflow/example_dags/example_branch_day_of_week_operator.py
[2025-06-27T08:04:50.359+0000] {logging_mixin.py:190} INFO - [2025-06-27T08:04:50.358+0000] {dag.py:3239} INFO - Sync 1 DAGs
[2025-06-27T08:04:50.474+0000] {logging_mixin.py:190} INFO - [2025-06-27T08:04:50.473+0000] {dag.py:4180} INFO - Setting next_dagrun for example_weekday_branch_operator to 2025-06-26 00:00:00+00:00, run_after=2025-06-27 00:00:00+00:00
[2025-06-27T08:04:50.584+0000] {processor.py:208} INFO - Processing /home/airflow/.local/lib/python3.12/site-packages/airflow/example_dags/example_branch_day_of_week_operator.py took 0.394 seconds
[2025-06-27T08:05:26.617+0000] {processor.py:186} INFO - Started process (PID=710) to work on /home/airflow/.local/lib/python3.12/site-packages/airflow/example_dags/example_branch_day_of_week_operator.py
[2025-06-27T08:05:26.624+0000] {processor.py:914} INFO - Processing file /home/airflow/.local/lib/python3.12/site-packages/airflow/example_dags/example_branch_day_of_week_operator.py for tasks to queue
[2025-06-27T08:05:26.648+0000] {logging_mixin.py:190} INFO - [2025-06-27T08:05:26.647+0000] {dagbag.py:588} INFO - Filling up the DagBag from /home/airflow/.local/lib/python3.12/site-packages/airflow/example_dags/example_branch_day_of_week_operator.py
[2025-06-27T08:05:26.722+0000] {processor.py:925} INFO - DAG(s) 'example_weekday_branch_operator' retrieved from /home/airflow/.local/lib/python3.12/site-packages/airflow/example_dags/example_branch_day_of_week_operator.py
[2025-06-27T08:05:26.884+0000] {logging_mixin.py:190} INFO - [2025-06-27T08:05:26.883+0000] {dag.py:3239} INFO - Sync 1 DAGs
[2025-06-27T08:05:27.042+0000] {logging_mixin.py:190} INFO - [2025-06-27T08:05:27.041+0000] {dag.py:4180} INFO - Setting next_dagrun for example_weekday_branch_operator to 2025-06-26 00:00:00+00:00, run_after=2025-06-27 00:00:00+00:00
[2025-06-27T08:05:27.233+0000] {processor.py:208} INFO - Processing /home/airflow/.local/lib/python3.12/site-packages/airflow/example_dags/example_branch_day_of_week_operator.py took 0.646 seconds
[2025-06-27T08:06:03.726+0000] {processor.py:186} INFO - Started process (PID=779) to work on /home/airflow/.local/lib/python3.12/site-packages/airflow/example_dags/example_branch_day_of_week_operator.py
[2025-06-27T08:06:03.735+0000] {processor.py:914} INFO - Processing file /home/airflow/.local/lib/python3.12/site-packages/airflow/example_dags/example_branch_day_of_week_operator.py for tasks to queue
[2025-06-27T08:06:03.788+0000] {logging_mixin.py:190} INFO - [2025-06-27T08:06:03.778+0000] {dagbag.py:588} INFO - Filling up the DagBag from /home/airflow/.local/lib/python3.12/site-packages/airflow/example_dags/example_branch_day_of_week_operator.py
[2025-06-27T08:06:03.835+0000] {processor.py:925} INFO - DAG(s) 'example_weekday_branch_operator' retrieved from /home/airflow/.local/lib/python3.12/site-packages/airflow/example_dags/example_branch_day_of_week_operator.py
[2025-06-27T08:06:03.920+0000] {logging_mixin.py:190} INFO - [2025-06-27T08:06:03.919+0000] {dag.py:3239} INFO - Sync 1 DAGs
[2025-06-27T08:06:04.016+0000] {logging_mixin.py:190} INFO - [2025-06-27T08:06:04.016+0000] {dag.py:4180} INFO - Setting next_dagrun for example_weekday_branch_operator to 2025-06-26 00:00:00+00:00, run_after=2025-06-27 00:00:00+00:00
[2025-06-27T08:06:04.076+0000] {processor.py:208} INFO - Processing /home/airflow/.local/lib/python3.12/site-packages/airflow/example_dags/example_branch_day_of_week_operator.py took 0.429 seconds
