[2025-06-27T07:37:06.333+0000] {processor.py:186} INFO - Started process (PID=160) to work on /home/airflow/.local/lib/python3.12/site-packages/airflow/example_dags/example_trigger_target_dag.py
[2025-06-27T07:37:06.336+0000] {processor.py:914} INFO - Processing file /home/airflow/.local/lib/python3.12/site-packages/airflow/example_dags/example_trigger_target_dag.py for tasks to queue
[2025-06-27T07:37:06.343+0000] {logging_mixin.py:190} INFO - [2025-06-27T07:37:06.343+0000] {dagbag.py:588} INFO - Filling up the DagBag from /home/airflow/.local/lib/python3.12/site-packages/airflow/example_dags/example_trigger_target_dag.py
[2025-06-27T07:37:06.371+0000] {processor.py:925} INFO - DAG(s) 'example_trigger_target_dag' retrieved from /home/airflow/.local/lib/python3.12/site-packages/airflow/example_dags/example_trigger_target_dag.py
[2025-06-27T07:37:06.743+0000] {logging_mixin.py:190} INFO - [2025-06-27T07:37:06.742+0000] {override.py:1900} INFO - Created Permission View: can read on DAG:example_trigger_target_dag
[2025-06-27T07:37:06.774+0000] {logging_mixin.py:190} INFO - [2025-06-27T07:37:06.773+0000] {override.py:1900} INFO - Created Permission View: can edit on DAG:example_trigger_target_dag
[2025-06-27T07:37:06.794+0000] {logging_mixin.py:190} INFO - [2025-06-27T07:37:06.793+0000] {override.py:1900} INFO - Created Permission View: can delete on DAG:example_trigger_target_dag
[2025-06-27T07:37:06.820+0000] {logging_mixin.py:190} INFO - [2025-06-27T07:37:06.819+0000] {override.py:1900} INFO - Created Permission View: can read on DAG Run:example_trigger_target_dag
[2025-06-27T07:37:06.842+0000] {logging_mixin.py:190} INFO - [2025-06-27T07:37:06.841+0000] {override.py:1900} INFO - Created Permission View: can create on DAG Run:example_trigger_target_dag
[2025-06-27T07:37:06.863+0000] {logging_mixin.py:190} INFO - [2025-06-27T07:37:06.862+0000] {override.py:1900} INFO - Created Permission View: can delete on DAG Run:example_trigger_target_dag
[2025-06-27T07:37:06.886+0000] {logging_mixin.py:190} INFO - [2025-06-27T07:37:06.885+0000] {override.py:1900} INFO - Created Permission View: menu access on DAG Run:example_trigger_target_dag
[2025-06-27T07:37:06.888+0000] {logging_mixin.py:190} INFO - [2025-06-27T07:37:06.887+0000] {dag.py:3239} INFO - Sync 1 DAGs
[2025-06-27T07:37:06.930+0000] {logging_mixin.py:190} INFO - [2025-06-27T07:37:06.930+0000] {dag.py:3262} INFO - Creating ORM DAG for example_trigger_target_dag
[2025-06-27T07:37:06.933+0000] {logging_mixin.py:190} INFO - [2025-06-27T07:37:06.933+0000] {dag.py:4180} INFO - Setting next_dagrun for example_trigger_target_dag to None, run_after=None
[2025-06-27T07:37:06.987+0000] {processor.py:208} INFO - Processing /home/airflow/.local/lib/python3.12/site-packages/airflow/example_dags/example_trigger_target_dag.py took 0.673 seconds
[2025-06-27T07:37:39.436+0000] {processor.py:186} INFO - Started process (PID=223) to work on /home/airflow/.local/lib/python3.12/site-packages/airflow/example_dags/example_trigger_target_dag.py
[2025-06-27T07:37:39.442+0000] {processor.py:914} INFO - Processing file /home/airflow/.local/lib/python3.12/site-packages/airflow/example_dags/example_trigger_target_dag.py for tasks to queue
[2025-06-27T07:37:39.462+0000] {logging_mixin.py:190} INFO - [2025-06-27T07:37:39.455+0000] {dagbag.py:588} INFO - Filling up the DagBag from /home/airflow/.local/lib/python3.12/site-packages/airflow/example_dags/example_trigger_target_dag.py
[2025-06-27T07:37:39.504+0000] {processor.py:925} INFO - DAG(s) 'example_trigger_target_dag' retrieved from /home/airflow/.local/lib/python3.12/site-packages/airflow/example_dags/example_trigger_target_dag.py
[2025-06-27T07:37:39.607+0000] {logging_mixin.py:190} INFO - [2025-06-27T07:37:39.606+0000] {dag.py:3239} INFO - Sync 1 DAGs
[2025-06-27T07:37:39.680+0000] {logging_mixin.py:190} INFO - [2025-06-27T07:37:39.680+0000] {dag.py:4180} INFO - Setting next_dagrun for example_trigger_target_dag to None, run_after=None
[2025-06-27T07:37:39.753+0000] {processor.py:208} INFO - Processing /home/airflow/.local/lib/python3.12/site-packages/airflow/example_dags/example_trigger_target_dag.py took 0.340 seconds
[2025-06-27T07:38:25.471+0000] {processor.py:186} INFO - Started process (PID=286) to work on /home/airflow/.local/lib/python3.12/site-packages/airflow/example_dags/example_trigger_target_dag.py
[2025-06-27T07:38:25.477+0000] {processor.py:914} INFO - Processing file /home/airflow/.local/lib/python3.12/site-packages/airflow/example_dags/example_trigger_target_dag.py for tasks to queue
[2025-06-27T07:38:25.492+0000] {logging_mixin.py:190} INFO - [2025-06-27T07:38:25.491+0000] {dagbag.py:588} INFO - Filling up the DagBag from /home/airflow/.local/lib/python3.12/site-packages/airflow/example_dags/example_trigger_target_dag.py
[2025-06-27T07:38:25.537+0000] {processor.py:925} INFO - DAG(s) 'example_trigger_target_dag' retrieved from /home/airflow/.local/lib/python3.12/site-packages/airflow/example_dags/example_trigger_target_dag.py
[2025-06-27T07:38:25.620+0000] {logging_mixin.py:190} INFO - [2025-06-27T07:38:25.619+0000] {dag.py:3239} INFO - Sync 1 DAGs
[2025-06-27T07:38:25.671+0000] {logging_mixin.py:190} INFO - [2025-06-27T07:38:25.671+0000] {dag.py:4180} INFO - Setting next_dagrun for example_trigger_target_dag to None, run_after=None
[2025-06-27T07:38:25.739+0000] {processor.py:208} INFO - Processing /home/airflow/.local/lib/python3.12/site-packages/airflow/example_dags/example_trigger_target_dag.py took 0.338 seconds
[2025-06-27T07:38:56.041+0000] {processor.py:186} INFO - Started process (PID=347) to work on /home/airflow/.local/lib/python3.12/site-packages/airflow/example_dags/example_trigger_target_dag.py
[2025-06-27T07:38:56.044+0000] {processor.py:914} INFO - Processing file /home/airflow/.local/lib/python3.12/site-packages/airflow/example_dags/example_trigger_target_dag.py for tasks to queue
[2025-06-27T07:38:56.050+0000] {logging_mixin.py:190} INFO - [2025-06-27T07:38:56.049+0000] {dagbag.py:588} INFO - Filling up the DagBag from /home/airflow/.local/lib/python3.12/site-packages/airflow/example_dags/example_trigger_target_dag.py
[2025-06-27T07:38:56.075+0000] {processor.py:925} INFO - DAG(s) 'example_trigger_target_dag' retrieved from /home/airflow/.local/lib/python3.12/site-packages/airflow/example_dags/example_trigger_target_dag.py
[2025-06-27T07:38:56.126+0000] {logging_mixin.py:190} INFO - [2025-06-27T07:38:56.125+0000] {dag.py:3239} INFO - Sync 1 DAGs
[2025-06-27T07:38:56.167+0000] {logging_mixin.py:190} INFO - [2025-06-27T07:38:56.166+0000] {dag.py:4180} INFO - Setting next_dagrun for example_trigger_target_dag to None, run_after=None
[2025-06-27T07:38:56.230+0000] {processor.py:208} INFO - Processing /home/airflow/.local/lib/python3.12/site-packages/airflow/example_dags/example_trigger_target_dag.py took 0.204 seconds
[2025-06-27T07:39:45.831+0000] {processor.py:186} INFO - Started process (PID=415) to work on /home/airflow/.local/lib/python3.12/site-packages/airflow/example_dags/example_trigger_target_dag.py
[2025-06-27T07:39:45.837+0000] {processor.py:914} INFO - Processing file /home/airflow/.local/lib/python3.12/site-packages/airflow/example_dags/example_trigger_target_dag.py for tasks to queue
[2025-06-27T07:39:45.850+0000] {logging_mixin.py:190} INFO - [2025-06-27T07:39:45.849+0000] {dagbag.py:588} INFO - Filling up the DagBag from /home/airflow/.local/lib/python3.12/site-packages/airflow/example_dags/example_trigger_target_dag.py
[2025-06-27T07:39:45.893+0000] {processor.py:925} INFO - DAG(s) 'example_trigger_target_dag' retrieved from /home/airflow/.local/lib/python3.12/site-packages/airflow/example_dags/example_trigger_target_dag.py
[2025-06-27T07:39:45.992+0000] {logging_mixin.py:190} INFO - [2025-06-27T07:39:45.991+0000] {dag.py:3239} INFO - Sync 1 DAGs
[2025-06-27T07:39:46.060+0000] {logging_mixin.py:190} INFO - [2025-06-27T07:39:46.060+0000] {dag.py:4180} INFO - Setting next_dagrun for example_trigger_target_dag to None, run_after=None
[2025-06-27T07:39:46.172+0000] {processor.py:208} INFO - Processing /home/airflow/.local/lib/python3.12/site-packages/airflow/example_dags/example_trigger_target_dag.py took 0.371 seconds
[2025-06-27T07:40:17.398+0000] {processor.py:186} INFO - Started process (PID=478) to work on /home/airflow/.local/lib/python3.12/site-packages/airflow/example_dags/example_trigger_target_dag.py
[2025-06-27T07:40:17.404+0000] {processor.py:914} INFO - Processing file /home/airflow/.local/lib/python3.12/site-packages/airflow/example_dags/example_trigger_target_dag.py for tasks to queue
[2025-06-27T07:40:17.421+0000] {logging_mixin.py:190} INFO - [2025-06-27T07:40:17.417+0000] {dagbag.py:588} INFO - Filling up the DagBag from /home/airflow/.local/lib/python3.12/site-packages/airflow/example_dags/example_trigger_target_dag.py
[2025-06-27T07:40:17.472+0000] {processor.py:925} INFO - DAG(s) 'example_trigger_target_dag' retrieved from /home/airflow/.local/lib/python3.12/site-packages/airflow/example_dags/example_trigger_target_dag.py
[2025-06-27T07:40:17.589+0000] {logging_mixin.py:190} INFO - [2025-06-27T07:40:17.588+0000] {dag.py:3239} INFO - Sync 1 DAGs
[2025-06-27T07:40:17.668+0000] {logging_mixin.py:190} INFO - [2025-06-27T07:40:17.667+0000] {dag.py:4180} INFO - Setting next_dagrun for example_trigger_target_dag to None, run_after=None
[2025-06-27T07:40:17.808+0000] {processor.py:208} INFO - Processing /home/airflow/.local/lib/python3.12/site-packages/airflow/example_dags/example_trigger_target_dag.py took 0.440 seconds
[2025-06-27T07:40:48.217+0000] {processor.py:186} INFO - Started process (PID=540) to work on /home/airflow/.local/lib/python3.12/site-packages/airflow/example_dags/example_trigger_target_dag.py
[2025-06-27T07:40:48.222+0000] {processor.py:914} INFO - Processing file /home/airflow/.local/lib/python3.12/site-packages/airflow/example_dags/example_trigger_target_dag.py for tasks to queue
[2025-06-27T07:40:48.242+0000] {logging_mixin.py:190} INFO - [2025-06-27T07:40:48.240+0000] {dagbag.py:588} INFO - Filling up the DagBag from /home/airflow/.local/lib/python3.12/site-packages/airflow/example_dags/example_trigger_target_dag.py
[2025-06-27T07:40:48.292+0000] {processor.py:925} INFO - DAG(s) 'example_trigger_target_dag' retrieved from /home/airflow/.local/lib/python3.12/site-packages/airflow/example_dags/example_trigger_target_dag.py
[2025-06-27T07:40:48.394+0000] {logging_mixin.py:190} INFO - [2025-06-27T07:40:48.393+0000] {dag.py:3239} INFO - Sync 1 DAGs
[2025-06-27T07:40:48.482+0000] {logging_mixin.py:190} INFO - [2025-06-27T07:40:48.480+0000] {dag.py:4180} INFO - Setting next_dagrun for example_trigger_target_dag to None, run_after=None
[2025-06-27T07:40:48.567+0000] {processor.py:208} INFO - Processing /home/airflow/.local/lib/python3.12/site-packages/airflow/example_dags/example_trigger_target_dag.py took 0.387 seconds
[2025-06-27T07:41:20.552+0000] {processor.py:186} INFO - Started process (PID=603) to work on /home/airflow/.local/lib/python3.12/site-packages/airflow/example_dags/example_trigger_target_dag.py
[2025-06-27T07:41:20.558+0000] {processor.py:914} INFO - Processing file /home/airflow/.local/lib/python3.12/site-packages/airflow/example_dags/example_trigger_target_dag.py for tasks to queue
[2025-06-27T07:41:20.567+0000] {logging_mixin.py:190} INFO - [2025-06-27T07:41:20.566+0000] {dagbag.py:588} INFO - Filling up the DagBag from /home/airflow/.local/lib/python3.12/site-packages/airflow/example_dags/example_trigger_target_dag.py
[2025-06-27T07:41:20.611+0000] {processor.py:925} INFO - DAG(s) 'example_trigger_target_dag' retrieved from /home/airflow/.local/lib/python3.12/site-packages/airflow/example_dags/example_trigger_target_dag.py
[2025-06-27T07:41:20.805+0000] {logging_mixin.py:190} INFO - [2025-06-27T07:41:20.804+0000] {dag.py:3239} INFO - Sync 1 DAGs
[2025-06-27T07:41:20.882+0000] {logging_mixin.py:190} INFO - [2025-06-27T07:41:20.882+0000] {dag.py:4180} INFO - Setting next_dagrun for example_trigger_target_dag to None, run_after=None
[2025-06-27T07:41:20.951+0000] {processor.py:208} INFO - Processing /home/airflow/.local/lib/python3.12/site-packages/airflow/example_dags/example_trigger_target_dag.py took 0.426 seconds
[2025-06-27T07:41:59.319+0000] {processor.py:186} INFO - Started process (PID=667) to work on /home/airflow/.local/lib/python3.12/site-packages/airflow/example_dags/example_trigger_target_dag.py
[2025-06-27T07:41:59.378+0000] {processor.py:914} INFO - Processing file /home/airflow/.local/lib/python3.12/site-packages/airflow/example_dags/example_trigger_target_dag.py for tasks to queue
[2025-06-27T07:41:59.455+0000] {logging_mixin.py:190} INFO - [2025-06-27T07:41:59.454+0000] {dagbag.py:588} INFO - Filling up the DagBag from /home/airflow/.local/lib/python3.12/site-packages/airflow/example_dags/example_trigger_target_dag.py
[2025-06-27T07:41:59.614+0000] {processor.py:925} INFO - DAG(s) 'example_trigger_target_dag' retrieved from /home/airflow/.local/lib/python3.12/site-packages/airflow/example_dags/example_trigger_target_dag.py
[2025-06-27T07:41:59.999+0000] {logging_mixin.py:190} INFO - [2025-06-27T07:41:59.998+0000] {dag.py:3239} INFO - Sync 1 DAGs
[2025-06-27T07:42:00.613+0000] {logging_mixin.py:190} INFO - [2025-06-27T07:42:00.601+0000] {dag.py:4180} INFO - Setting next_dagrun for example_trigger_target_dag to None, run_after=None
[2025-06-27T07:42:01.107+0000] {processor.py:208} INFO - Processing /home/airflow/.local/lib/python3.12/site-packages/airflow/example_dags/example_trigger_target_dag.py took 1.961 seconds
[2025-06-27T07:42:47.000+0000] {processor.py:186} INFO - Started process (PID=739) to work on /home/airflow/.local/lib/python3.12/site-packages/airflow/example_dags/example_trigger_target_dag.py
[2025-06-27T07:42:47.007+0000] {processor.py:914} INFO - Processing file /home/airflow/.local/lib/python3.12/site-packages/airflow/example_dags/example_trigger_target_dag.py for tasks to queue
[2025-06-27T07:42:47.017+0000] {logging_mixin.py:190} INFO - [2025-06-27T07:42:47.016+0000] {dagbag.py:588} INFO - Filling up the DagBag from /home/airflow/.local/lib/python3.12/site-packages/airflow/example_dags/example_trigger_target_dag.py
[2025-06-27T07:42:47.049+0000] {processor.py:925} INFO - DAG(s) 'example_trigger_target_dag' retrieved from /home/airflow/.local/lib/python3.12/site-packages/airflow/example_dags/example_trigger_target_dag.py
[2025-06-27T07:42:47.119+0000] {logging_mixin.py:190} INFO - [2025-06-27T07:42:47.118+0000] {dag.py:3239} INFO - Sync 1 DAGs
[2025-06-27T07:42:47.187+0000] {logging_mixin.py:190} INFO - [2025-06-27T07:42:47.186+0000] {dag.py:4180} INFO - Setting next_dagrun for example_trigger_target_dag to None, run_after=None
[2025-06-27T07:42:47.257+0000] {processor.py:208} INFO - Processing /home/airflow/.local/lib/python3.12/site-packages/airflow/example_dags/example_trigger_target_dag.py took 0.295 seconds
[2025-06-27T07:43:26.221+0000] {processor.py:186} INFO - Started process (PID=803) to work on /home/airflow/.local/lib/python3.12/site-packages/airflow/example_dags/example_trigger_target_dag.py
[2025-06-27T07:43:26.228+0000] {processor.py:914} INFO - Processing file /home/airflow/.local/lib/python3.12/site-packages/airflow/example_dags/example_trigger_target_dag.py for tasks to queue
[2025-06-27T07:43:26.243+0000] {logging_mixin.py:190} INFO - [2025-06-27T07:43:26.242+0000] {dagbag.py:588} INFO - Filling up the DagBag from /home/airflow/.local/lib/python3.12/site-packages/airflow/example_dags/example_trigger_target_dag.py
[2025-06-27T07:43:26.297+0000] {processor.py:925} INFO - DAG(s) 'example_trigger_target_dag' retrieved from /home/airflow/.local/lib/python3.12/site-packages/airflow/example_dags/example_trigger_target_dag.py
[2025-06-27T07:43:26.415+0000] {logging_mixin.py:190} INFO - [2025-06-27T07:43:26.414+0000] {dag.py:3239} INFO - Sync 1 DAGs
[2025-06-27T07:43:26.509+0000] {logging_mixin.py:190} INFO - [2025-06-27T07:43:26.508+0000] {dag.py:4180} INFO - Setting next_dagrun for example_trigger_target_dag to None, run_after=None
[2025-06-27T07:43:26.623+0000] {processor.py:208} INFO - Processing /home/airflow/.local/lib/python3.12/site-packages/airflow/example_dags/example_trigger_target_dag.py took 0.435 seconds
[2025-06-27T07:43:57.990+0000] {processor.py:186} INFO - Started process (PID=866) to work on /home/airflow/.local/lib/python3.12/site-packages/airflow/example_dags/example_trigger_target_dag.py
[2025-06-27T07:43:57.994+0000] {processor.py:914} INFO - Processing file /home/airflow/.local/lib/python3.12/site-packages/airflow/example_dags/example_trigger_target_dag.py for tasks to queue
[2025-06-27T07:43:58.003+0000] {logging_mixin.py:190} INFO - [2025-06-27T07:43:58.002+0000] {dagbag.py:588} INFO - Filling up the DagBag from /home/airflow/.local/lib/python3.12/site-packages/airflow/example_dags/example_trigger_target_dag.py
[2025-06-27T07:43:58.036+0000] {processor.py:925} INFO - DAG(s) 'example_trigger_target_dag' retrieved from /home/airflow/.local/lib/python3.12/site-packages/airflow/example_dags/example_trigger_target_dag.py
[2025-06-27T07:43:58.106+0000] {logging_mixin.py:190} INFO - [2025-06-27T07:43:58.106+0000] {dag.py:3239} INFO - Sync 1 DAGs
[2025-06-27T07:43:58.164+0000] {logging_mixin.py:190} INFO - [2025-06-27T07:43:58.163+0000] {dag.py:4180} INFO - Setting next_dagrun for example_trigger_target_dag to None, run_after=None
[2025-06-27T07:43:58.257+0000] {processor.py:208} INFO - Processing /home/airflow/.local/lib/python3.12/site-packages/airflow/example_dags/example_trigger_target_dag.py took 0.286 seconds
[2025-06-27T07:44:28.666+0000] {processor.py:186} INFO - Started process (PID=930) to work on /home/airflow/.local/lib/python3.12/site-packages/airflow/example_dags/example_trigger_target_dag.py
[2025-06-27T07:44:28.671+0000] {processor.py:914} INFO - Processing file /home/airflow/.local/lib/python3.12/site-packages/airflow/example_dags/example_trigger_target_dag.py for tasks to queue
[2025-06-27T07:44:28.687+0000] {logging_mixin.py:190} INFO - [2025-06-27T07:44:28.686+0000] {dagbag.py:588} INFO - Filling up the DagBag from /home/airflow/.local/lib/python3.12/site-packages/airflow/example_dags/example_trigger_target_dag.py
[2025-06-27T07:44:28.723+0000] {processor.py:925} INFO - DAG(s) 'example_trigger_target_dag' retrieved from /home/airflow/.local/lib/python3.12/site-packages/airflow/example_dags/example_trigger_target_dag.py
[2025-06-27T07:44:28.800+0000] {logging_mixin.py:190} INFO - [2025-06-27T07:44:28.800+0000] {dag.py:3239} INFO - Sync 1 DAGs
[2025-06-27T07:44:28.843+0000] {logging_mixin.py:190} INFO - [2025-06-27T07:44:28.842+0000] {dag.py:4180} INFO - Setting next_dagrun for example_trigger_target_dag to None, run_after=None
[2025-06-27T07:44:28.899+0000] {processor.py:208} INFO - Processing /home/airflow/.local/lib/python3.12/site-packages/airflow/example_dags/example_trigger_target_dag.py took 0.257 seconds
[2025-06-27T07:44:59.315+0000] {processor.py:186} INFO - Started process (PID=993) to work on /home/airflow/.local/lib/python3.12/site-packages/airflow/example_dags/example_trigger_target_dag.py
[2025-06-27T07:44:59.317+0000] {processor.py:914} INFO - Processing file /home/airflow/.local/lib/python3.12/site-packages/airflow/example_dags/example_trigger_target_dag.py for tasks to queue
[2025-06-27T07:44:59.322+0000] {logging_mixin.py:190} INFO - [2025-06-27T07:44:59.321+0000] {dagbag.py:588} INFO - Filling up the DagBag from /home/airflow/.local/lib/python3.12/site-packages/airflow/example_dags/example_trigger_target_dag.py
[2025-06-27T07:44:59.336+0000] {processor.py:925} INFO - DAG(s) 'example_trigger_target_dag' retrieved from /home/airflow/.local/lib/python3.12/site-packages/airflow/example_dags/example_trigger_target_dag.py
[2025-06-27T07:44:59.375+0000] {logging_mixin.py:190} INFO - [2025-06-27T07:44:59.374+0000] {dag.py:3239} INFO - Sync 1 DAGs
[2025-06-27T07:44:59.407+0000] {logging_mixin.py:190} INFO - [2025-06-27T07:44:59.407+0000] {dag.py:4180} INFO - Setting next_dagrun for example_trigger_target_dag to None, run_after=None
[2025-06-27T07:44:59.446+0000] {processor.py:208} INFO - Processing /home/airflow/.local/lib/python3.12/site-packages/airflow/example_dags/example_trigger_target_dag.py took 0.141 seconds
[2025-06-27T07:45:30.054+0000] {processor.py:186} INFO - Started process (PID=1056) to work on /home/airflow/.local/lib/python3.12/site-packages/airflow/example_dags/example_trigger_target_dag.py
[2025-06-27T07:45:30.057+0000] {processor.py:914} INFO - Processing file /home/airflow/.local/lib/python3.12/site-packages/airflow/example_dags/example_trigger_target_dag.py for tasks to queue
[2025-06-27T07:45:30.063+0000] {logging_mixin.py:190} INFO - [2025-06-27T07:45:30.062+0000] {dagbag.py:588} INFO - Filling up the DagBag from /home/airflow/.local/lib/python3.12/site-packages/airflow/example_dags/example_trigger_target_dag.py
[2025-06-27T07:45:30.077+0000] {processor.py:925} INFO - DAG(s) 'example_trigger_target_dag' retrieved from /home/airflow/.local/lib/python3.12/site-packages/airflow/example_dags/example_trigger_target_dag.py
[2025-06-27T07:45:30.118+0000] {logging_mixin.py:190} INFO - [2025-06-27T07:45:30.117+0000] {dag.py:3239} INFO - Sync 1 DAGs
[2025-06-27T07:45:30.148+0000] {logging_mixin.py:190} INFO - [2025-06-27T07:45:30.148+0000] {dag.py:4180} INFO - Setting next_dagrun for example_trigger_target_dag to None, run_after=None
[2025-06-27T07:45:30.192+0000] {processor.py:208} INFO - Processing /home/airflow/.local/lib/python3.12/site-packages/airflow/example_dags/example_trigger_target_dag.py took 0.147 seconds
[2025-06-27T07:46:01.030+0000] {processor.py:186} INFO - Started process (PID=1119) to work on /home/airflow/.local/lib/python3.12/site-packages/airflow/example_dags/example_trigger_target_dag.py
[2025-06-27T07:46:01.031+0000] {processor.py:914} INFO - Processing file /home/airflow/.local/lib/python3.12/site-packages/airflow/example_dags/example_trigger_target_dag.py for tasks to queue
[2025-06-27T07:46:01.037+0000] {logging_mixin.py:190} INFO - [2025-06-27T07:46:01.036+0000] {dagbag.py:588} INFO - Filling up the DagBag from /home/airflow/.local/lib/python3.12/site-packages/airflow/example_dags/example_trigger_target_dag.py
[2025-06-27T07:46:01.051+0000] {processor.py:925} INFO - DAG(s) 'example_trigger_target_dag' retrieved from /home/airflow/.local/lib/python3.12/site-packages/airflow/example_dags/example_trigger_target_dag.py
[2025-06-27T07:46:01.088+0000] {logging_mixin.py:190} INFO - [2025-06-27T07:46:01.087+0000] {dag.py:3239} INFO - Sync 1 DAGs
[2025-06-27T07:46:01.114+0000] {logging_mixin.py:190} INFO - [2025-06-27T07:46:01.114+0000] {dag.py:4180} INFO - Setting next_dagrun for example_trigger_target_dag to None, run_after=None
[2025-06-27T07:46:01.153+0000] {processor.py:208} INFO - Processing /home/airflow/.local/lib/python3.12/site-packages/airflow/example_dags/example_trigger_target_dag.py took 0.136 seconds
[2025-06-27T07:46:31.469+0000] {processor.py:186} INFO - Started process (PID=1181) to work on /home/airflow/.local/lib/python3.12/site-packages/airflow/example_dags/example_trigger_target_dag.py
[2025-06-27T07:46:31.471+0000] {processor.py:914} INFO - Processing file /home/airflow/.local/lib/python3.12/site-packages/airflow/example_dags/example_trigger_target_dag.py for tasks to queue
[2025-06-27T07:46:31.477+0000] {logging_mixin.py:190} INFO - [2025-06-27T07:46:31.475+0000] {dagbag.py:588} INFO - Filling up the DagBag from /home/airflow/.local/lib/python3.12/site-packages/airflow/example_dags/example_trigger_target_dag.py
[2025-06-27T07:46:31.489+0000] {processor.py:925} INFO - DAG(s) 'example_trigger_target_dag' retrieved from /home/airflow/.local/lib/python3.12/site-packages/airflow/example_dags/example_trigger_target_dag.py
[2025-06-27T07:46:31.525+0000] {logging_mixin.py:190} INFO - [2025-06-27T07:46:31.524+0000] {dag.py:3239} INFO - Sync 1 DAGs
[2025-06-27T07:46:31.557+0000] {logging_mixin.py:190} INFO - [2025-06-27T07:46:31.556+0000] {dag.py:4180} INFO - Setting next_dagrun for example_trigger_target_dag to None, run_after=None
[2025-06-27T07:46:31.604+0000] {processor.py:208} INFO - Processing /home/airflow/.local/lib/python3.12/site-packages/airflow/example_dags/example_trigger_target_dag.py took 0.146 seconds
[2025-06-27T07:47:01.916+0000] {processor.py:186} INFO - Started process (PID=1244) to work on /home/airflow/.local/lib/python3.12/site-packages/airflow/example_dags/example_trigger_target_dag.py
[2025-06-27T07:47:01.919+0000] {processor.py:914} INFO - Processing file /home/airflow/.local/lib/python3.12/site-packages/airflow/example_dags/example_trigger_target_dag.py for tasks to queue
[2025-06-27T07:47:01.925+0000] {logging_mixin.py:190} INFO - [2025-06-27T07:47:01.923+0000] {dagbag.py:588} INFO - Filling up the DagBag from /home/airflow/.local/lib/python3.12/site-packages/airflow/example_dags/example_trigger_target_dag.py
[2025-06-27T07:47:01.947+0000] {processor.py:925} INFO - DAG(s) 'example_trigger_target_dag' retrieved from /home/airflow/.local/lib/python3.12/site-packages/airflow/example_dags/example_trigger_target_dag.py
[2025-06-27T07:47:02.005+0000] {logging_mixin.py:190} INFO - [2025-06-27T07:47:02.004+0000] {dag.py:3239} INFO - Sync 1 DAGs
[2025-06-27T07:47:02.050+0000] {logging_mixin.py:190} INFO - [2025-06-27T07:47:02.049+0000] {dag.py:4180} INFO - Setting next_dagrun for example_trigger_target_dag to None, run_after=None
[2025-06-27T07:47:02.111+0000] {processor.py:208} INFO - Processing /home/airflow/.local/lib/python3.12/site-packages/airflow/example_dags/example_trigger_target_dag.py took 0.214 seconds
[2025-06-27T07:47:32.488+0000] {processor.py:186} INFO - Started process (PID=1307) to work on /home/airflow/.local/lib/python3.12/site-packages/airflow/example_dags/example_trigger_target_dag.py
[2025-06-27T07:47:32.491+0000] {processor.py:914} INFO - Processing file /home/airflow/.local/lib/python3.12/site-packages/airflow/example_dags/example_trigger_target_dag.py for tasks to queue
[2025-06-27T07:47:32.497+0000] {logging_mixin.py:190} INFO - [2025-06-27T07:47:32.496+0000] {dagbag.py:588} INFO - Filling up the DagBag from /home/airflow/.local/lib/python3.12/site-packages/airflow/example_dags/example_trigger_target_dag.py
[2025-06-27T07:47:32.535+0000] {processor.py:925} INFO - DAG(s) 'example_trigger_target_dag' retrieved from /home/airflow/.local/lib/python3.12/site-packages/airflow/example_dags/example_trigger_target_dag.py
[2025-06-27T07:47:32.650+0000] {logging_mixin.py:190} INFO - [2025-06-27T07:47:32.649+0000] {dag.py:3239} INFO - Sync 1 DAGs
[2025-06-27T07:47:32.801+0000] {logging_mixin.py:190} INFO - [2025-06-27T07:47:32.801+0000] {dag.py:4180} INFO - Setting next_dagrun for example_trigger_target_dag to None, run_after=None
[2025-06-27T07:47:33.047+0000] {processor.py:208} INFO - Processing /home/airflow/.local/lib/python3.12/site-packages/airflow/example_dags/example_trigger_target_dag.py took 0.592 seconds
[2025-06-27T07:48:03.943+0000] {processor.py:186} INFO - Started process (PID=1370) to work on /home/airflow/.local/lib/python3.12/site-packages/airflow/example_dags/example_trigger_target_dag.py
[2025-06-27T07:48:03.945+0000] {processor.py:914} INFO - Processing file /home/airflow/.local/lib/python3.12/site-packages/airflow/example_dags/example_trigger_target_dag.py for tasks to queue
[2025-06-27T07:48:03.951+0000] {logging_mixin.py:190} INFO - [2025-06-27T07:48:03.950+0000] {dagbag.py:588} INFO - Filling up the DagBag from /home/airflow/.local/lib/python3.12/site-packages/airflow/example_dags/example_trigger_target_dag.py
[2025-06-27T07:48:03.965+0000] {processor.py:925} INFO - DAG(s) 'example_trigger_target_dag' retrieved from /home/airflow/.local/lib/python3.12/site-packages/airflow/example_dags/example_trigger_target_dag.py
[2025-06-27T07:48:04.010+0000] {logging_mixin.py:190} INFO - [2025-06-27T07:48:04.010+0000] {dag.py:3239} INFO - Sync 1 DAGs
[2025-06-27T07:48:04.051+0000] {logging_mixin.py:190} INFO - [2025-06-27T07:48:04.050+0000] {dag.py:4180} INFO - Setting next_dagrun for example_trigger_target_dag to None, run_after=None
[2025-06-27T07:48:04.100+0000] {processor.py:208} INFO - Processing /home/airflow/.local/lib/python3.12/site-packages/airflow/example_dags/example_trigger_target_dag.py took 0.168 seconds
[2025-06-27T07:48:34.944+0000] {processor.py:186} INFO - Started process (PID=1433) to work on /home/airflow/.local/lib/python3.12/site-packages/airflow/example_dags/example_trigger_target_dag.py
[2025-06-27T07:48:34.946+0000] {processor.py:914} INFO - Processing file /home/airflow/.local/lib/python3.12/site-packages/airflow/example_dags/example_trigger_target_dag.py for tasks to queue
[2025-06-27T07:48:34.953+0000] {logging_mixin.py:190} INFO - [2025-06-27T07:48:34.951+0000] {dagbag.py:588} INFO - Filling up the DagBag from /home/airflow/.local/lib/python3.12/site-packages/airflow/example_dags/example_trigger_target_dag.py
[2025-06-27T07:48:34.973+0000] {processor.py:925} INFO - DAG(s) 'example_trigger_target_dag' retrieved from /home/airflow/.local/lib/python3.12/site-packages/airflow/example_dags/example_trigger_target_dag.py
[2025-06-27T07:48:35.046+0000] {logging_mixin.py:190} INFO - [2025-06-27T07:48:35.046+0000] {dag.py:3239} INFO - Sync 1 DAGs
[2025-06-27T07:48:35.082+0000] {logging_mixin.py:190} INFO - [2025-06-27T07:48:35.081+0000] {dag.py:4180} INFO - Setting next_dagrun for example_trigger_target_dag to None, run_after=None
[2025-06-27T07:48:35.127+0000] {processor.py:208} INFO - Processing /home/airflow/.local/lib/python3.12/site-packages/airflow/example_dags/example_trigger_target_dag.py took 0.200 seconds
[2025-06-27T07:49:05.254+0000] {processor.py:186} INFO - Started process (PID=1496) to work on /home/airflow/.local/lib/python3.12/site-packages/airflow/example_dags/example_trigger_target_dag.py
[2025-06-27T07:49:05.256+0000] {processor.py:914} INFO - Processing file /home/airflow/.local/lib/python3.12/site-packages/airflow/example_dags/example_trigger_target_dag.py for tasks to queue
[2025-06-27T07:49:05.262+0000] {logging_mixin.py:190} INFO - [2025-06-27T07:49:05.260+0000] {dagbag.py:588} INFO - Filling up the DagBag from /home/airflow/.local/lib/python3.12/site-packages/airflow/example_dags/example_trigger_target_dag.py
[2025-06-27T07:49:05.281+0000] {processor.py:925} INFO - DAG(s) 'example_trigger_target_dag' retrieved from /home/airflow/.local/lib/python3.12/site-packages/airflow/example_dags/example_trigger_target_dag.py
[2025-06-27T07:49:05.322+0000] {logging_mixin.py:190} INFO - [2025-06-27T07:49:05.321+0000] {dag.py:3239} INFO - Sync 1 DAGs
[2025-06-27T07:49:05.356+0000] {logging_mixin.py:190} INFO - [2025-06-27T07:49:05.355+0000] {dag.py:4180} INFO - Setting next_dagrun for example_trigger_target_dag to None, run_after=None
[2025-06-27T07:49:05.408+0000] {processor.py:208} INFO - Processing /home/airflow/.local/lib/python3.12/site-packages/airflow/example_dags/example_trigger_target_dag.py took 0.166 seconds
[2025-06-27T07:52:18.831+0000] {processor.py:186} INFO - Started process (PID=109) to work on /home/airflow/.local/lib/python3.12/site-packages/airflow/example_dags/example_trigger_target_dag.py
[2025-06-27T07:52:18.838+0000] {processor.py:914} INFO - Processing file /home/airflow/.local/lib/python3.12/site-packages/airflow/example_dags/example_trigger_target_dag.py for tasks to queue
[2025-06-27T07:52:18.866+0000] {logging_mixin.py:190} INFO - [2025-06-27T07:52:18.854+0000] {dagbag.py:588} INFO - Filling up the DagBag from /home/airflow/.local/lib/python3.12/site-packages/airflow/example_dags/example_trigger_target_dag.py
[2025-06-27T07:52:18.953+0000] {processor.py:925} INFO - DAG(s) 'example_trigger_target_dag' retrieved from /home/airflow/.local/lib/python3.12/site-packages/airflow/example_dags/example_trigger_target_dag.py
[2025-06-27T07:52:19.117+0000] {logging_mixin.py:190} INFO - [2025-06-27T07:52:19.116+0000] {dag.py:3239} INFO - Sync 1 DAGs
[2025-06-27T07:52:19.352+0000] {logging_mixin.py:190} INFO - [2025-06-27T07:52:19.351+0000] {dag.py:4180} INFO - Setting next_dagrun for example_trigger_target_dag to None, run_after=None
[2025-06-27T07:52:19.517+0000] {processor.py:208} INFO - Processing /home/airflow/.local/lib/python3.12/site-packages/airflow/example_dags/example_trigger_target_dag.py took 0.728 seconds
[2025-06-27T07:52:54.697+0000] {processor.py:186} INFO - Started process (PID=172) to work on /home/airflow/.local/lib/python3.12/site-packages/airflow/example_dags/example_trigger_target_dag.py
[2025-06-27T07:52:54.700+0000] {processor.py:914} INFO - Processing file /home/airflow/.local/lib/python3.12/site-packages/airflow/example_dags/example_trigger_target_dag.py for tasks to queue
[2025-06-27T07:52:54.706+0000] {logging_mixin.py:190} INFO - [2025-06-27T07:52:54.705+0000] {dagbag.py:588} INFO - Filling up the DagBag from /home/airflow/.local/lib/python3.12/site-packages/airflow/example_dags/example_trigger_target_dag.py
[2025-06-27T07:52:54.725+0000] {processor.py:925} INFO - DAG(s) 'example_trigger_target_dag' retrieved from /home/airflow/.local/lib/python3.12/site-packages/airflow/example_dags/example_trigger_target_dag.py
[2025-06-27T07:52:54.776+0000] {logging_mixin.py:190} INFO - [2025-06-27T07:52:54.776+0000] {dag.py:3239} INFO - Sync 1 DAGs
[2025-06-27T07:52:54.819+0000] {logging_mixin.py:190} INFO - [2025-06-27T07:52:54.818+0000] {dag.py:4180} INFO - Setting next_dagrun for example_trigger_target_dag to None, run_after=None
[2025-06-27T07:52:54.889+0000] {processor.py:208} INFO - Processing /home/airflow/.local/lib/python3.12/site-packages/airflow/example_dags/example_trigger_target_dag.py took 0.205 seconds
[2025-06-27T07:53:26.331+0000] {processor.py:186} INFO - Started process (PID=235) to work on /home/airflow/.local/lib/python3.12/site-packages/airflow/example_dags/example_trigger_target_dag.py
[2025-06-27T07:53:26.333+0000] {processor.py:914} INFO - Processing file /home/airflow/.local/lib/python3.12/site-packages/airflow/example_dags/example_trigger_target_dag.py for tasks to queue
[2025-06-27T07:53:26.340+0000] {logging_mixin.py:190} INFO - [2025-06-27T07:53:26.339+0000] {dagbag.py:588} INFO - Filling up the DagBag from /home/airflow/.local/lib/python3.12/site-packages/airflow/example_dags/example_trigger_target_dag.py
[2025-06-27T07:53:26.362+0000] {processor.py:925} INFO - DAG(s) 'example_trigger_target_dag' retrieved from /home/airflow/.local/lib/python3.12/site-packages/airflow/example_dags/example_trigger_target_dag.py
[2025-06-27T07:53:26.408+0000] {logging_mixin.py:190} INFO - [2025-06-27T07:53:26.408+0000] {dag.py:3239} INFO - Sync 1 DAGs
[2025-06-27T07:53:26.447+0000] {logging_mixin.py:190} INFO - [2025-06-27T07:53:26.446+0000] {dag.py:4180} INFO - Setting next_dagrun for example_trigger_target_dag to None, run_after=None
[2025-06-27T07:53:26.500+0000] {processor.py:208} INFO - Processing /home/airflow/.local/lib/python3.12/site-packages/airflow/example_dags/example_trigger_target_dag.py took 0.184 seconds
[2025-06-27T07:53:57.591+0000] {processor.py:186} INFO - Started process (PID=299) to work on /home/airflow/.local/lib/python3.12/site-packages/airflow/example_dags/example_trigger_target_dag.py
[2025-06-27T07:53:57.595+0000] {processor.py:914} INFO - Processing file /home/airflow/.local/lib/python3.12/site-packages/airflow/example_dags/example_trigger_target_dag.py for tasks to queue
[2025-06-27T07:53:57.601+0000] {logging_mixin.py:190} INFO - [2025-06-27T07:53:57.600+0000] {dagbag.py:588} INFO - Filling up the DagBag from /home/airflow/.local/lib/python3.12/site-packages/airflow/example_dags/example_trigger_target_dag.py
[2025-06-27T07:53:57.621+0000] {processor.py:925} INFO - DAG(s) 'example_trigger_target_dag' retrieved from /home/airflow/.local/lib/python3.12/site-packages/airflow/example_dags/example_trigger_target_dag.py
[2025-06-27T07:53:57.669+0000] {logging_mixin.py:190} INFO - [2025-06-27T07:53:57.668+0000] {dag.py:3239} INFO - Sync 1 DAGs
[2025-06-27T07:53:57.707+0000] {logging_mixin.py:190} INFO - [2025-06-27T07:53:57.706+0000] {dag.py:4180} INFO - Setting next_dagrun for example_trigger_target_dag to None, run_after=None
[2025-06-27T07:53:57.759+0000] {processor.py:208} INFO - Processing /home/airflow/.local/lib/python3.12/site-packages/airflow/example_dags/example_trigger_target_dag.py took 0.184 seconds
[2025-06-27T07:54:29.491+0000] {processor.py:186} INFO - Started process (PID=362) to work on /home/airflow/.local/lib/python3.12/site-packages/airflow/example_dags/example_trigger_target_dag.py
[2025-06-27T07:54:29.494+0000] {processor.py:914} INFO - Processing file /home/airflow/.local/lib/python3.12/site-packages/airflow/example_dags/example_trigger_target_dag.py for tasks to queue
[2025-06-27T07:54:29.501+0000] {logging_mixin.py:190} INFO - [2025-06-27T07:54:29.500+0000] {dagbag.py:588} INFO - Filling up the DagBag from /home/airflow/.local/lib/python3.12/site-packages/airflow/example_dags/example_trigger_target_dag.py
[2025-06-27T07:54:29.524+0000] {processor.py:925} INFO - DAG(s) 'example_trigger_target_dag' retrieved from /home/airflow/.local/lib/python3.12/site-packages/airflow/example_dags/example_trigger_target_dag.py
[2025-06-27T07:54:29.593+0000] {logging_mixin.py:190} INFO - [2025-06-27T07:54:29.592+0000] {dag.py:3239} INFO - Sync 1 DAGs
[2025-06-27T07:54:29.685+0000] {logging_mixin.py:190} INFO - [2025-06-27T07:54:29.685+0000] {dag.py:4180} INFO - Setting next_dagrun for example_trigger_target_dag to None, run_after=None
[2025-06-27T07:54:29.743+0000] {processor.py:208} INFO - Processing /home/airflow/.local/lib/python3.12/site-packages/airflow/example_dags/example_trigger_target_dag.py took 0.270 seconds
[2025-06-27T07:55:00.445+0000] {processor.py:186} INFO - Started process (PID=425) to work on /home/airflow/.local/lib/python3.12/site-packages/airflow/example_dags/example_trigger_target_dag.py
[2025-06-27T07:55:00.448+0000] {processor.py:914} INFO - Processing file /home/airflow/.local/lib/python3.12/site-packages/airflow/example_dags/example_trigger_target_dag.py for tasks to queue
[2025-06-27T07:55:00.456+0000] {logging_mixin.py:190} INFO - [2025-06-27T07:55:00.455+0000] {dagbag.py:588} INFO - Filling up the DagBag from /home/airflow/.local/lib/python3.12/site-packages/airflow/example_dags/example_trigger_target_dag.py
[2025-06-27T07:55:00.478+0000] {processor.py:925} INFO - DAG(s) 'example_trigger_target_dag' retrieved from /home/airflow/.local/lib/python3.12/site-packages/airflow/example_dags/example_trigger_target_dag.py
[2025-06-27T07:55:00.556+0000] {logging_mixin.py:190} INFO - [2025-06-27T07:55:00.555+0000] {dag.py:3239} INFO - Sync 1 DAGs
[2025-06-27T07:55:00.653+0000] {logging_mixin.py:190} INFO - [2025-06-27T07:55:00.652+0000] {dag.py:4180} INFO - Setting next_dagrun for example_trigger_target_dag to None, run_after=None
[2025-06-27T07:55:00.753+0000] {processor.py:208} INFO - Processing /home/airflow/.local/lib/python3.12/site-packages/airflow/example_dags/example_trigger_target_dag.py took 0.324 seconds
[2025-06-27T07:59:38.966+0000] {processor.py:186} INFO - Started process (PID=96) to work on /home/airflow/.local/lib/python3.12/site-packages/airflow/example_dags/example_trigger_target_dag.py
[2025-06-27T07:59:38.980+0000] {processor.py:914} INFO - Processing file /home/airflow/.local/lib/python3.12/site-packages/airflow/example_dags/example_trigger_target_dag.py for tasks to queue
[2025-06-27T07:59:39.018+0000] {logging_mixin.py:190} INFO - [2025-06-27T07:59:39.014+0000] {dagbag.py:588} INFO - Filling up the DagBag from /home/airflow/.local/lib/python3.12/site-packages/airflow/example_dags/example_trigger_target_dag.py
[2025-06-27T07:59:39.408+0000] {processor.py:925} INFO - DAG(s) 'example_trigger_target_dag' retrieved from /home/airflow/.local/lib/python3.12/site-packages/airflow/example_dags/example_trigger_target_dag.py
[2025-06-27T07:59:39.756+0000] {logging_mixin.py:190} INFO - [2025-06-27T07:59:39.755+0000] {dag.py:3239} INFO - Sync 1 DAGs
[2025-06-27T07:59:39.895+0000] {logging_mixin.py:190} INFO - [2025-06-27T07:59:39.894+0000] {dag.py:4180} INFO - Setting next_dagrun for example_trigger_target_dag to None, run_after=None
[2025-06-27T07:59:39.998+0000] {processor.py:208} INFO - Processing /home/airflow/.local/lib/python3.12/site-packages/airflow/example_dags/example_trigger_target_dag.py took 1.290 seconds
[2025-06-27T08:00:48.907+0000] {processor.py:186} INFO - Started process (PID=163) to work on /home/airflow/.local/lib/python3.12/site-packages/airflow/example_dags/example_trigger_target_dag.py
[2025-06-27T08:00:48.938+0000] {processor.py:914} INFO - Processing file /home/airflow/.local/lib/python3.12/site-packages/airflow/example_dags/example_trigger_target_dag.py for tasks to queue
[2025-06-27T08:00:49.132+0000] {logging_mixin.py:190} INFO - [2025-06-27T08:00:49.103+0000] {dagbag.py:588} INFO - Filling up the DagBag from /home/airflow/.local/lib/python3.12/site-packages/airflow/example_dags/example_trigger_target_dag.py
[2025-06-27T08:00:49.252+0000] {processor.py:925} INFO - DAG(s) 'example_trigger_target_dag' retrieved from /home/airflow/.local/lib/python3.12/site-packages/airflow/example_dags/example_trigger_target_dag.py
[2025-06-27T08:00:49.523+0000] {logging_mixin.py:190} INFO - [2025-06-27T08:00:49.522+0000] {dag.py:3239} INFO - Sync 1 DAGs
[2025-06-27T08:00:49.886+0000] {logging_mixin.py:190} INFO - [2025-06-27T08:00:49.885+0000] {dag.py:4180} INFO - Setting next_dagrun for example_trigger_target_dag to None, run_after=None
[2025-06-27T08:00:50.316+0000] {processor.py:208} INFO - Processing /home/airflow/.local/lib/python3.12/site-packages/airflow/example_dags/example_trigger_target_dag.py took 1.504 seconds
[2025-06-27T08:01:20.809+0000] {processor.py:186} INFO - Started process (PID=224) to work on /home/airflow/.local/lib/python3.12/site-packages/airflow/example_dags/example_trigger_target_dag.py
[2025-06-27T08:01:20.822+0000] {processor.py:914} INFO - Processing file /home/airflow/.local/lib/python3.12/site-packages/airflow/example_dags/example_trigger_target_dag.py for tasks to queue
[2025-06-27T08:01:20.853+0000] {logging_mixin.py:190} INFO - [2025-06-27T08:01:20.850+0000] {dagbag.py:588} INFO - Filling up the DagBag from /home/airflow/.local/lib/python3.12/site-packages/airflow/example_dags/example_trigger_target_dag.py
[2025-06-27T08:01:20.913+0000] {processor.py:925} INFO - DAG(s) 'example_trigger_target_dag' retrieved from /home/airflow/.local/lib/python3.12/site-packages/airflow/example_dags/example_trigger_target_dag.py
[2025-06-27T08:01:21.099+0000] {logging_mixin.py:190} INFO - [2025-06-27T08:01:21.098+0000] {dag.py:3239} INFO - Sync 1 DAGs
[2025-06-27T08:01:21.218+0000] {logging_mixin.py:190} INFO - [2025-06-27T08:01:21.216+0000] {dag.py:4180} INFO - Setting next_dagrun for example_trigger_target_dag to None, run_after=None
[2025-06-27T08:01:21.399+0000] {processor.py:208} INFO - Processing /home/airflow/.local/lib/python3.12/site-packages/airflow/example_dags/example_trigger_target_dag.py took 0.648 seconds
[2025-06-27T08:01:51.981+0000] {processor.py:186} INFO - Started process (PID=286) to work on /home/airflow/.local/lib/python3.12/site-packages/airflow/example_dags/example_trigger_target_dag.py
[2025-06-27T08:01:51.983+0000] {processor.py:914} INFO - Processing file /home/airflow/.local/lib/python3.12/site-packages/airflow/example_dags/example_trigger_target_dag.py for tasks to queue
[2025-06-27T08:01:51.989+0000] {logging_mixin.py:190} INFO - [2025-06-27T08:01:51.989+0000] {dagbag.py:588} INFO - Filling up the DagBag from /home/airflow/.local/lib/python3.12/site-packages/airflow/example_dags/example_trigger_target_dag.py
[2025-06-27T08:01:52.005+0000] {processor.py:925} INFO - DAG(s) 'example_trigger_target_dag' retrieved from /home/airflow/.local/lib/python3.12/site-packages/airflow/example_dags/example_trigger_target_dag.py
[2025-06-27T08:01:52.042+0000] {logging_mixin.py:190} INFO - [2025-06-27T08:01:52.042+0000] {dag.py:3239} INFO - Sync 1 DAGs
[2025-06-27T08:01:52.065+0000] {logging_mixin.py:190} INFO - [2025-06-27T08:01:52.065+0000] {dag.py:4180} INFO - Setting next_dagrun for example_trigger_target_dag to None, run_after=None
[2025-06-27T08:01:52.095+0000] {processor.py:208} INFO - Processing /home/airflow/.local/lib/python3.12/site-packages/airflow/example_dags/example_trigger_target_dag.py took 0.129 seconds
[2025-06-27T08:02:22.386+0000] {processor.py:186} INFO - Started process (PID=350) to work on /home/airflow/.local/lib/python3.12/site-packages/airflow/example_dags/example_trigger_target_dag.py
[2025-06-27T08:02:22.388+0000] {processor.py:914} INFO - Processing file /home/airflow/.local/lib/python3.12/site-packages/airflow/example_dags/example_trigger_target_dag.py for tasks to queue
[2025-06-27T08:02:22.393+0000] {logging_mixin.py:190} INFO - [2025-06-27T08:02:22.392+0000] {dagbag.py:588} INFO - Filling up the DagBag from /home/airflow/.local/lib/python3.12/site-packages/airflow/example_dags/example_trigger_target_dag.py
[2025-06-27T08:02:22.404+0000] {processor.py:925} INFO - DAG(s) 'example_trigger_target_dag' retrieved from /home/airflow/.local/lib/python3.12/site-packages/airflow/example_dags/example_trigger_target_dag.py
[2025-06-27T08:02:22.436+0000] {logging_mixin.py:190} INFO - [2025-06-27T08:02:22.436+0000] {dag.py:3239} INFO - Sync 1 DAGs
[2025-06-27T08:02:22.459+0000] {logging_mixin.py:190} INFO - [2025-06-27T08:02:22.459+0000] {dag.py:4180} INFO - Setting next_dagrun for example_trigger_target_dag to None, run_after=None
[2025-06-27T08:02:22.492+0000] {processor.py:208} INFO - Processing /home/airflow/.local/lib/python3.12/site-packages/airflow/example_dags/example_trigger_target_dag.py took 0.114 seconds
[2025-06-27T08:02:52.897+0000] {processor.py:186} INFO - Started process (PID=412) to work on /home/airflow/.local/lib/python3.12/site-packages/airflow/example_dags/example_trigger_target_dag.py
[2025-06-27T08:02:52.899+0000] {processor.py:914} INFO - Processing file /home/airflow/.local/lib/python3.12/site-packages/airflow/example_dags/example_trigger_target_dag.py for tasks to queue
[2025-06-27T08:02:52.904+0000] {logging_mixin.py:190} INFO - [2025-06-27T08:02:52.904+0000] {dagbag.py:588} INFO - Filling up the DagBag from /home/airflow/.local/lib/python3.12/site-packages/airflow/example_dags/example_trigger_target_dag.py
[2025-06-27T08:02:52.919+0000] {processor.py:925} INFO - DAG(s) 'example_trigger_target_dag' retrieved from /home/airflow/.local/lib/python3.12/site-packages/airflow/example_dags/example_trigger_target_dag.py
[2025-06-27T08:02:52.958+0000] {logging_mixin.py:190} INFO - [2025-06-27T08:02:52.957+0000] {dag.py:3239} INFO - Sync 1 DAGs
[2025-06-27T08:02:52.979+0000] {logging_mixin.py:190} INFO - [2025-06-27T08:02:52.979+0000] {dag.py:4180} INFO - Setting next_dagrun for example_trigger_target_dag to None, run_after=None
[2025-06-27T08:02:53.009+0000] {processor.py:208} INFO - Processing /home/airflow/.local/lib/python3.12/site-packages/airflow/example_dags/example_trigger_target_dag.py took 0.122 seconds
[2025-06-27T08:03:23.422+0000] {processor.py:186} INFO - Started process (PID=475) to work on /home/airflow/.local/lib/python3.12/site-packages/airflow/example_dags/example_trigger_target_dag.py
[2025-06-27T08:03:23.424+0000] {processor.py:914} INFO - Processing file /home/airflow/.local/lib/python3.12/site-packages/airflow/example_dags/example_trigger_target_dag.py for tasks to queue
[2025-06-27T08:03:23.430+0000] {logging_mixin.py:190} INFO - [2025-06-27T08:03:23.429+0000] {dagbag.py:588} INFO - Filling up the DagBag from /home/airflow/.local/lib/python3.12/site-packages/airflow/example_dags/example_trigger_target_dag.py
[2025-06-27T08:03:23.444+0000] {processor.py:925} INFO - DAG(s) 'example_trigger_target_dag' retrieved from /home/airflow/.local/lib/python3.12/site-packages/airflow/example_dags/example_trigger_target_dag.py
[2025-06-27T08:03:23.482+0000] {logging_mixin.py:190} INFO - [2025-06-27T08:03:23.482+0000] {dag.py:3239} INFO - Sync 1 DAGs
[2025-06-27T08:03:23.514+0000] {logging_mixin.py:190} INFO - [2025-06-27T08:03:23.513+0000] {dag.py:4180} INFO - Setting next_dagrun for example_trigger_target_dag to None, run_after=None
[2025-06-27T08:03:23.559+0000] {processor.py:208} INFO - Processing /home/airflow/.local/lib/python3.12/site-packages/airflow/example_dags/example_trigger_target_dag.py took 0.149 seconds
[2025-06-27T08:03:54.322+0000] {processor.py:186} INFO - Started process (PID=538) to work on /home/airflow/.local/lib/python3.12/site-packages/airflow/example_dags/example_trigger_target_dag.py
[2025-06-27T08:03:54.328+0000] {processor.py:914} INFO - Processing file /home/airflow/.local/lib/python3.12/site-packages/airflow/example_dags/example_trigger_target_dag.py for tasks to queue
[2025-06-27T08:03:54.334+0000] {logging_mixin.py:190} INFO - [2025-06-27T08:03:54.334+0000] {dagbag.py:588} INFO - Filling up the DagBag from /home/airflow/.local/lib/python3.12/site-packages/airflow/example_dags/example_trigger_target_dag.py
[2025-06-27T08:03:54.349+0000] {processor.py:925} INFO - DAG(s) 'example_trigger_target_dag' retrieved from /home/airflow/.local/lib/python3.12/site-packages/airflow/example_dags/example_trigger_target_dag.py
[2025-06-27T08:03:54.405+0000] {logging_mixin.py:190} INFO - [2025-06-27T08:03:54.405+0000] {dag.py:3239} INFO - Sync 1 DAGs
[2025-06-27T08:03:54.443+0000] {logging_mixin.py:190} INFO - [2025-06-27T08:03:54.443+0000] {dag.py:4180} INFO - Setting next_dagrun for example_trigger_target_dag to None, run_after=None
[2025-06-27T08:03:54.486+0000] {processor.py:208} INFO - Processing /home/airflow/.local/lib/python3.12/site-packages/airflow/example_dags/example_trigger_target_dag.py took 0.177 seconds
[2025-06-27T08:04:24.603+0000] {processor.py:186} INFO - Started process (PID=600) to work on /home/airflow/.local/lib/python3.12/site-packages/airflow/example_dags/example_trigger_target_dag.py
[2025-06-27T08:04:24.605+0000] {processor.py:914} INFO - Processing file /home/airflow/.local/lib/python3.12/site-packages/airflow/example_dags/example_trigger_target_dag.py for tasks to queue
[2025-06-27T08:04:24.610+0000] {logging_mixin.py:190} INFO - [2025-06-27T08:04:24.609+0000] {dagbag.py:588} INFO - Filling up the DagBag from /home/airflow/.local/lib/python3.12/site-packages/airflow/example_dags/example_trigger_target_dag.py
[2025-06-27T08:04:24.622+0000] {processor.py:925} INFO - DAG(s) 'example_trigger_target_dag' retrieved from /home/airflow/.local/lib/python3.12/site-packages/airflow/example_dags/example_trigger_target_dag.py
[2025-06-27T08:04:24.653+0000] {logging_mixin.py:190} INFO - [2025-06-27T08:04:24.653+0000] {dag.py:3239} INFO - Sync 1 DAGs
[2025-06-27T08:04:24.677+0000] {logging_mixin.py:190} INFO - [2025-06-27T08:04:24.676+0000] {dag.py:4180} INFO - Setting next_dagrun for example_trigger_target_dag to None, run_after=None
[2025-06-27T08:04:24.708+0000] {processor.py:208} INFO - Processing /home/airflow/.local/lib/python3.12/site-packages/airflow/example_dags/example_trigger_target_dag.py took 0.116 seconds
[2025-06-27T08:04:55.355+0000] {processor.py:186} INFO - Started process (PID=663) to work on /home/airflow/.local/lib/python3.12/site-packages/airflow/example_dags/example_trigger_target_dag.py
[2025-06-27T08:04:55.358+0000] {processor.py:914} INFO - Processing file /home/airflow/.local/lib/python3.12/site-packages/airflow/example_dags/example_trigger_target_dag.py for tasks to queue
[2025-06-27T08:04:55.369+0000] {logging_mixin.py:190} INFO - [2025-06-27T08:04:55.368+0000] {dagbag.py:588} INFO - Filling up the DagBag from /home/airflow/.local/lib/python3.12/site-packages/airflow/example_dags/example_trigger_target_dag.py
[2025-06-27T08:04:55.396+0000] {processor.py:925} INFO - DAG(s) 'example_trigger_target_dag' retrieved from /home/airflow/.local/lib/python3.12/site-packages/airflow/example_dags/example_trigger_target_dag.py
[2025-06-27T08:04:55.461+0000] {logging_mixin.py:190} INFO - [2025-06-27T08:04:55.460+0000] {dag.py:3239} INFO - Sync 1 DAGs
[2025-06-27T08:04:55.512+0000] {logging_mixin.py:190} INFO - [2025-06-27T08:04:55.512+0000] {dag.py:4180} INFO - Setting next_dagrun for example_trigger_target_dag to None, run_after=None
[2025-06-27T08:04:55.571+0000] {processor.py:208} INFO - Processing /home/airflow/.local/lib/python3.12/site-packages/airflow/example_dags/example_trigger_target_dag.py took 0.240 seconds
[2025-06-27T08:05:33.228+0000] {processor.py:186} INFO - Started process (PID=734) to work on /home/airflow/.local/lib/python3.12/site-packages/airflow/example_dags/example_trigger_target_dag.py
[2025-06-27T08:05:33.235+0000] {processor.py:914} INFO - Processing file /home/airflow/.local/lib/python3.12/site-packages/airflow/example_dags/example_trigger_target_dag.py for tasks to queue
[2025-06-27T08:05:33.256+0000] {logging_mixin.py:190} INFO - [2025-06-27T08:05:33.245+0000] {dagbag.py:588} INFO - Filling up the DagBag from /home/airflow/.local/lib/python3.12/site-packages/airflow/example_dags/example_trigger_target_dag.py
[2025-06-27T08:05:33.324+0000] {processor.py:925} INFO - DAG(s) 'example_trigger_target_dag' retrieved from /home/airflow/.local/lib/python3.12/site-packages/airflow/example_dags/example_trigger_target_dag.py
[2025-06-27T08:05:33.498+0000] {logging_mixin.py:190} INFO - [2025-06-27T08:05:33.494+0000] {dag.py:3239} INFO - Sync 1 DAGs
[2025-06-27T08:05:33.660+0000] {logging_mixin.py:190} INFO - [2025-06-27T08:05:33.659+0000] {dag.py:4180} INFO - Setting next_dagrun for example_trigger_target_dag to None, run_after=None
[2025-06-27T08:05:33.785+0000] {processor.py:208} INFO - Processing /home/airflow/.local/lib/python3.12/site-packages/airflow/example_dags/example_trigger_target_dag.py took 0.584 seconds
[2025-06-27T08:06:07.575+0000] {processor.py:186} INFO - Started process (PID=799) to work on /home/airflow/.local/lib/python3.12/site-packages/airflow/example_dags/example_trigger_target_dag.py
[2025-06-27T08:06:07.578+0000] {processor.py:914} INFO - Processing file /home/airflow/.local/lib/python3.12/site-packages/airflow/example_dags/example_trigger_target_dag.py for tasks to queue
[2025-06-27T08:06:07.582+0000] {logging_mixin.py:190} INFO - [2025-06-27T08:06:07.582+0000] {dagbag.py:588} INFO - Filling up the DagBag from /home/airflow/.local/lib/python3.12/site-packages/airflow/example_dags/example_trigger_target_dag.py
[2025-06-27T08:06:07.612+0000] {processor.py:925} INFO - DAG(s) 'example_trigger_target_dag' retrieved from /home/airflow/.local/lib/python3.12/site-packages/airflow/example_dags/example_trigger_target_dag.py
[2025-06-27T08:06:07.668+0000] {logging_mixin.py:190} INFO - [2025-06-27T08:06:07.667+0000] {dag.py:3239} INFO - Sync 1 DAGs
[2025-06-27T08:06:07.724+0000] {logging_mixin.py:190} INFO - [2025-06-27T08:06:07.724+0000] {dag.py:4180} INFO - Setting next_dagrun for example_trigger_target_dag to None, run_after=None
[2025-06-27T08:06:07.778+0000] {processor.py:208} INFO - Processing /home/airflow/.local/lib/python3.12/site-packages/airflow/example_dags/example_trigger_target_dag.py took 0.214 seconds
