[2025-06-27T07:37:03.350+0000] {processor.py:186} INFO - Started process (PID=158) to work on /home/airflow/.local/lib/python3.12/site-packages/airflow/example_dags/example_xcomargs.py
[2025-06-27T07:37:03.359+0000] {processor.py:914} INFO - Processing file /home/airflow/.local/lib/python3.12/site-packages/airflow/example_dags/example_xcomargs.py for tasks to queue
[2025-06-27T07:37:03.373+0000] {logging_mixin.py:190} INFO - [2025-06-27T07:37:03.371+0000] {dagbag.py:588} INFO - Filling up the DagBag from /home/airflow/.local/lib/python3.12/site-packages/airflow/example_dags/example_xcomargs.py
[2025-06-27T07:37:03.459+0000] {processor.py:925} INFO - DAG(s) 'example_xcom_args', 'example_xcom_args_with_operators' retrieved from /home/airflow/.local/lib/python3.12/site-packages/airflow/example_dags/example_xcomargs.py
[2025-06-27T07:37:04.266+0000] {logging_mixin.py:190} INFO - [2025-06-27T07:37:04.262+0000] {override.py:1900} INFO - Created Permission View: can read on DAG:example_xcom_args
[2025-06-27T07:37:04.337+0000] {logging_mixin.py:190} INFO - [2025-06-27T07:37:04.336+0000] {override.py:1900} INFO - Created Permission View: can edit on DAG:example_xcom_args
[2025-06-27T07:37:04.382+0000] {logging_mixin.py:190} INFO - [2025-06-27T07:37:04.381+0000] {override.py:1900} INFO - Created Permission View: can delete on DAG:example_xcom_args
[2025-06-27T07:37:04.438+0000] {logging_mixin.py:190} INFO - [2025-06-27T07:37:04.437+0000] {override.py:1900} INFO - Created Permission View: can read on DAG Run:example_xcom_args
[2025-06-27T07:37:04.481+0000] {logging_mixin.py:190} INFO - [2025-06-27T07:37:04.479+0000] {override.py:1900} INFO - Created Permission View: can create on DAG Run:example_xcom_args
[2025-06-27T07:37:04.527+0000] {logging_mixin.py:190} INFO - [2025-06-27T07:37:04.526+0000] {override.py:1900} INFO - Created Permission View: can delete on DAG Run:example_xcom_args
[2025-06-27T07:37:04.566+0000] {logging_mixin.py:190} INFO - [2025-06-27T07:37:04.563+0000] {override.py:1900} INFO - Created Permission View: menu access on DAG Run:example_xcom_args
[2025-06-27T07:37:04.678+0000] {logging_mixin.py:190} INFO - [2025-06-27T07:37:04.677+0000] {override.py:1900} INFO - Created Permission View: can read on DAG:example_xcom_args_with_operators
[2025-06-27T07:37:04.760+0000] {logging_mixin.py:190} INFO - [2025-06-27T07:37:04.758+0000] {override.py:1900} INFO - Created Permission View: can edit on DAG:example_xcom_args_with_operators
[2025-06-27T07:37:04.860+0000] {logging_mixin.py:190} INFO - [2025-06-27T07:37:04.859+0000] {override.py:1900} INFO - Created Permission View: can delete on DAG:example_xcom_args_with_operators
[2025-06-27T07:37:04.910+0000] {logging_mixin.py:190} INFO - [2025-06-27T07:37:04.908+0000] {override.py:1900} INFO - Created Permission View: can read on DAG Run:example_xcom_args_with_operators
[2025-06-27T07:37:04.943+0000] {logging_mixin.py:190} INFO - [2025-06-27T07:37:04.941+0000] {override.py:1900} INFO - Created Permission View: can create on DAG Run:example_xcom_args_with_operators
[2025-06-27T07:37:04.999+0000] {logging_mixin.py:190} INFO - [2025-06-27T07:37:04.994+0000] {override.py:1900} INFO - Created Permission View: can delete on DAG Run:example_xcom_args_with_operators
[2025-06-27T07:37:05.052+0000] {logging_mixin.py:190} INFO - [2025-06-27T07:37:05.048+0000] {override.py:1900} INFO - Created Permission View: menu access on DAG Run:example_xcom_args_with_operators
[2025-06-27T07:37:05.055+0000] {logging_mixin.py:190} INFO - [2025-06-27T07:37:05.054+0000] {dag.py:3239} INFO - Sync 2 DAGs
[2025-06-27T07:37:05.156+0000] {logging_mixin.py:190} INFO - [2025-06-27T07:37:05.152+0000] {dag.py:3262} INFO - Creating ORM DAG for example_xcom_args
[2025-06-27T07:37:05.161+0000] {logging_mixin.py:190} INFO - [2025-06-27T07:37:05.159+0000] {dag.py:3262} INFO - Creating ORM DAG for example_xcom_args_with_operators
[2025-06-27T07:37:05.167+0000] {logging_mixin.py:190} INFO - [2025-06-27T07:37:05.166+0000] {dag.py:4180} INFO - Setting next_dagrun for example_xcom_args to None, run_after=None
[2025-06-27T07:37:05.178+0000] {logging_mixin.py:190} INFO - [2025-06-27T07:37:05.178+0000] {dag.py:4180} INFO - Setting next_dagrun for example_xcom_args_with_operators to None, run_after=None
[2025-06-27T07:37:05.284+0000] {processor.py:208} INFO - Processing /home/airflow/.local/lib/python3.12/site-packages/airflow/example_dags/example_xcomargs.py took 1.976 seconds
[2025-06-27T07:37:38.497+0000] {processor.py:186} INFO - Started process (PID=221) to work on /home/airflow/.local/lib/python3.12/site-packages/airflow/example_dags/example_xcomargs.py
[2025-06-27T07:37:38.502+0000] {processor.py:914} INFO - Processing file /home/airflow/.local/lib/python3.12/site-packages/airflow/example_dags/example_xcomargs.py for tasks to queue
[2025-06-27T07:37:38.521+0000] {logging_mixin.py:190} INFO - [2025-06-27T07:37:38.513+0000] {dagbag.py:588} INFO - Filling up the DagBag from /home/airflow/.local/lib/python3.12/site-packages/airflow/example_dags/example_xcomargs.py
[2025-06-27T07:37:38.595+0000] {processor.py:925} INFO - DAG(s) 'example_xcom_args', 'example_xcom_args_with_operators' retrieved from /home/airflow/.local/lib/python3.12/site-packages/airflow/example_dags/example_xcomargs.py
[2025-06-27T07:37:38.716+0000] {logging_mixin.py:190} INFO - [2025-06-27T07:37:38.715+0000] {dag.py:3239} INFO - Sync 2 DAGs
[2025-06-27T07:37:38.781+0000] {logging_mixin.py:190} INFO - [2025-06-27T07:37:38.780+0000] {dag.py:4180} INFO - Setting next_dagrun for example_xcom_args to None, run_after=None
[2025-06-27T07:37:38.799+0000] {logging_mixin.py:190} INFO - [2025-06-27T07:37:38.798+0000] {dag.py:4180} INFO - Setting next_dagrun for example_xcom_args_with_operators to None, run_after=None
[2025-06-27T07:37:38.866+0000] {processor.py:208} INFO - Processing /home/airflow/.local/lib/python3.12/site-packages/airflow/example_dags/example_xcomargs.py took 0.397 seconds
[2025-06-27T07:38:23.861+0000] {processor.py:186} INFO - Started process (PID=284) to work on /home/airflow/.local/lib/python3.12/site-packages/airflow/example_dags/example_xcomargs.py
[2025-06-27T07:38:23.869+0000] {processor.py:914} INFO - Processing file /home/airflow/.local/lib/python3.12/site-packages/airflow/example_dags/example_xcomargs.py for tasks to queue
[2025-06-27T07:38:23.881+0000] {logging_mixin.py:190} INFO - [2025-06-27T07:38:23.879+0000] {dagbag.py:588} INFO - Filling up the DagBag from /home/airflow/.local/lib/python3.12/site-packages/airflow/example_dags/example_xcomargs.py
[2025-06-27T07:38:23.939+0000] {processor.py:925} INFO - DAG(s) 'example_xcom_args_with_operators', 'example_xcom_args' retrieved from /home/airflow/.local/lib/python3.12/site-packages/airflow/example_dags/example_xcomargs.py
[2025-06-27T07:38:24.075+0000] {logging_mixin.py:190} INFO - [2025-06-27T07:38:24.074+0000] {dag.py:3239} INFO - Sync 2 DAGs
[2025-06-27T07:38:24.188+0000] {logging_mixin.py:190} INFO - [2025-06-27T07:38:24.187+0000] {dag.py:4180} INFO - Setting next_dagrun for example_xcom_args to None, run_after=None
[2025-06-27T07:38:24.211+0000] {logging_mixin.py:190} INFO - [2025-06-27T07:38:24.210+0000] {dag.py:4180} INFO - Setting next_dagrun for example_xcom_args_with_operators to None, run_after=None
[2025-06-27T07:38:24.305+0000] {processor.py:208} INFO - Processing /home/airflow/.local/lib/python3.12/site-packages/airflow/example_dags/example_xcomargs.py took 0.487 seconds
[2025-06-27T07:38:55.004+0000] {processor.py:186} INFO - Started process (PID=345) to work on /home/airflow/.local/lib/python3.12/site-packages/airflow/example_dags/example_xcomargs.py
[2025-06-27T07:38:55.008+0000] {processor.py:914} INFO - Processing file /home/airflow/.local/lib/python3.12/site-packages/airflow/example_dags/example_xcomargs.py for tasks to queue
[2025-06-27T07:38:55.017+0000] {logging_mixin.py:190} INFO - [2025-06-27T07:38:55.016+0000] {dagbag.py:588} INFO - Filling up the DagBag from /home/airflow/.local/lib/python3.12/site-packages/airflow/example_dags/example_xcomargs.py
[2025-06-27T07:38:55.081+0000] {processor.py:925} INFO - DAG(s) 'example_xcom_args_with_operators', 'example_xcom_args' retrieved from /home/airflow/.local/lib/python3.12/site-packages/airflow/example_dags/example_xcomargs.py
[2025-06-27T07:38:55.225+0000] {logging_mixin.py:190} INFO - [2025-06-27T07:38:55.224+0000] {dag.py:3239} INFO - Sync 2 DAGs
[2025-06-27T07:38:55.293+0000] {logging_mixin.py:190} INFO - [2025-06-27T07:38:55.293+0000] {dag.py:4180} INFO - Setting next_dagrun for example_xcom_args to None, run_after=None
[2025-06-27T07:38:55.309+0000] {logging_mixin.py:190} INFO - [2025-06-27T07:38:55.308+0000] {dag.py:4180} INFO - Setting next_dagrun for example_xcom_args_with_operators to None, run_after=None
[2025-06-27T07:38:55.372+0000] {processor.py:208} INFO - Processing /home/airflow/.local/lib/python3.12/site-packages/airflow/example_dags/example_xcomargs.py took 0.387 seconds
[2025-06-27T07:39:45.078+0000] {processor.py:186} INFO - Started process (PID=414) to work on /home/airflow/.local/lib/python3.12/site-packages/airflow/example_dags/example_xcomargs.py
[2025-06-27T07:39:45.083+0000] {processor.py:914} INFO - Processing file /home/airflow/.local/lib/python3.12/site-packages/airflow/example_dags/example_xcomargs.py for tasks to queue
[2025-06-27T07:39:45.101+0000] {logging_mixin.py:190} INFO - [2025-06-27T07:39:45.099+0000] {dagbag.py:588} INFO - Filling up the DagBag from /home/airflow/.local/lib/python3.12/site-packages/airflow/example_dags/example_xcomargs.py
[2025-06-27T07:39:45.204+0000] {processor.py:925} INFO - DAG(s) 'example_xcom_args_with_operators', 'example_xcom_args' retrieved from /home/airflow/.local/lib/python3.12/site-packages/airflow/example_dags/example_xcomargs.py
[2025-06-27T07:39:45.360+0000] {logging_mixin.py:190} INFO - [2025-06-27T07:39:45.359+0000] {dag.py:3239} INFO - Sync 2 DAGs
[2025-06-27T07:39:45.452+0000] {logging_mixin.py:190} INFO - [2025-06-27T07:39:45.450+0000] {dag.py:4180} INFO - Setting next_dagrun for example_xcom_args to None, run_after=None
[2025-06-27T07:39:45.474+0000] {logging_mixin.py:190} INFO - [2025-06-27T07:39:45.473+0000] {dag.py:4180} INFO - Setting next_dagrun for example_xcom_args_with_operators to None, run_after=None
[2025-06-27T07:39:45.587+0000] {processor.py:208} INFO - Processing /home/airflow/.local/lib/python3.12/site-packages/airflow/example_dags/example_xcomargs.py took 0.541 seconds
[2025-06-27T07:40:16.585+0000] {processor.py:186} INFO - Started process (PID=477) to work on /home/airflow/.local/lib/python3.12/site-packages/airflow/example_dags/example_xcomargs.py
[2025-06-27T07:40:16.590+0000] {processor.py:914} INFO - Processing file /home/airflow/.local/lib/python3.12/site-packages/airflow/example_dags/example_xcomargs.py for tasks to queue
[2025-06-27T07:40:16.611+0000] {logging_mixin.py:190} INFO - [2025-06-27T07:40:16.609+0000] {dagbag.py:588} INFO - Filling up the DagBag from /home/airflow/.local/lib/python3.12/site-packages/airflow/example_dags/example_xcomargs.py
[2025-06-27T07:40:16.715+0000] {processor.py:925} INFO - DAG(s) 'example_xcom_args_with_operators', 'example_xcom_args' retrieved from /home/airflow/.local/lib/python3.12/site-packages/airflow/example_dags/example_xcomargs.py
[2025-06-27T07:40:16.875+0000] {logging_mixin.py:190} INFO - [2025-06-27T07:40:16.874+0000] {dag.py:3239} INFO - Sync 2 DAGs
[2025-06-27T07:40:17.002+0000] {logging_mixin.py:190} INFO - [2025-06-27T07:40:17.001+0000] {dag.py:4180} INFO - Setting next_dagrun for example_xcom_args to None, run_after=None
[2025-06-27T07:40:17.028+0000] {logging_mixin.py:190} INFO - [2025-06-27T07:40:17.027+0000] {dag.py:4180} INFO - Setting next_dagrun for example_xcom_args_with_operators to None, run_after=None
[2025-06-27T07:40:17.147+0000] {processor.py:208} INFO - Processing /home/airflow/.local/lib/python3.12/site-packages/airflow/example_dags/example_xcomargs.py took 0.601 seconds
[2025-06-27T07:40:47.662+0000] {processor.py:186} INFO - Started process (PID=539) to work on /home/airflow/.local/lib/python3.12/site-packages/airflow/example_dags/example_xcomargs.py
[2025-06-27T07:40:47.670+0000] {processor.py:914} INFO - Processing file /home/airflow/.local/lib/python3.12/site-packages/airflow/example_dags/example_xcomargs.py for tasks to queue
[2025-06-27T07:40:47.684+0000] {logging_mixin.py:190} INFO - [2025-06-27T07:40:47.683+0000] {dagbag.py:588} INFO - Filling up the DagBag from /home/airflow/.local/lib/python3.12/site-packages/airflow/example_dags/example_xcomargs.py
[2025-06-27T07:40:47.754+0000] {processor.py:925} INFO - DAG(s) 'example_xcom_args', 'example_xcom_args_with_operators' retrieved from /home/airflow/.local/lib/python3.12/site-packages/airflow/example_dags/example_xcomargs.py
[2025-06-27T07:40:47.894+0000] {logging_mixin.py:190} INFO - [2025-06-27T07:40:47.893+0000] {dag.py:3239} INFO - Sync 2 DAGs
[2025-06-27T07:40:47.977+0000] {logging_mixin.py:190} INFO - [2025-06-27T07:40:47.976+0000] {dag.py:4180} INFO - Setting next_dagrun for example_xcom_args to None, run_after=None
[2025-06-27T07:40:47.997+0000] {logging_mixin.py:190} INFO - [2025-06-27T07:40:47.995+0000] {dag.py:4180} INFO - Setting next_dagrun for example_xcom_args_with_operators to None, run_after=None
[2025-06-27T07:40:48.168+0000] {processor.py:208} INFO - Processing /home/airflow/.local/lib/python3.12/site-packages/airflow/example_dags/example_xcomargs.py took 0.536 seconds
[2025-06-27T07:41:20.316+0000] {processor.py:186} INFO - Started process (PID=602) to work on /home/airflow/.local/lib/python3.12/site-packages/airflow/example_dags/example_xcomargs.py
[2025-06-27T07:41:20.338+0000] {processor.py:914} INFO - Processing file /home/airflow/.local/lib/python3.12/site-packages/airflow/example_dags/example_xcomargs.py for tasks to queue
[2025-06-27T07:41:20.385+0000] {logging_mixin.py:190} INFO - [2025-06-27T07:41:20.383+0000] {dagbag.py:588} INFO - Filling up the DagBag from /home/airflow/.local/lib/python3.12/site-packages/airflow/example_dags/example_xcomargs.py
[2025-06-27T07:41:20.426+0000] {processor.py:925} INFO - DAG(s) 'example_xcom_args_with_operators', 'example_xcom_args' retrieved from /home/airflow/.local/lib/python3.12/site-packages/airflow/example_dags/example_xcomargs.py
[2025-06-27T07:41:20.544+0000] {logging_mixin.py:190} INFO - [2025-06-27T07:41:20.543+0000] {dag.py:3239} INFO - Sync 2 DAGs
[2025-06-27T07:41:20.624+0000] {logging_mixin.py:190} INFO - [2025-06-27T07:41:20.623+0000] {dag.py:4180} INFO - Setting next_dagrun for example_xcom_args to None, run_after=None
[2025-06-27T07:41:20.655+0000] {logging_mixin.py:190} INFO - [2025-06-27T07:41:20.654+0000] {dag.py:4180} INFO - Setting next_dagrun for example_xcom_args_with_operators to None, run_after=None
[2025-06-27T07:41:20.794+0000] {processor.py:208} INFO - Processing /home/airflow/.local/lib/python3.12/site-packages/airflow/example_dags/example_xcomargs.py took 0.508 seconds
[2025-06-27T07:41:57.502+0000] {processor.py:186} INFO - Started process (PID=666) to work on /home/airflow/.local/lib/python3.12/site-packages/airflow/example_dags/example_xcomargs.py
[2025-06-27T07:41:57.522+0000] {processor.py:914} INFO - Processing file /home/airflow/.local/lib/python3.12/site-packages/airflow/example_dags/example_xcomargs.py for tasks to queue
[2025-06-27T07:41:57.714+0000] {logging_mixin.py:190} INFO - [2025-06-27T07:41:57.712+0000] {dagbag.py:588} INFO - Filling up the DagBag from /home/airflow/.local/lib/python3.12/site-packages/airflow/example_dags/example_xcomargs.py
[2025-06-27T07:41:57.906+0000] {processor.py:925} INFO - DAG(s) 'example_xcom_args', 'example_xcom_args_with_operators' retrieved from /home/airflow/.local/lib/python3.12/site-packages/airflow/example_dags/example_xcomargs.py
[2025-06-27T07:41:58.412+0000] {logging_mixin.py:190} INFO - [2025-06-27T07:41:58.411+0000] {dag.py:3239} INFO - Sync 2 DAGs
[2025-06-27T07:41:58.639+0000] {logging_mixin.py:190} INFO - [2025-06-27T07:41:58.639+0000] {dag.py:4180} INFO - Setting next_dagrun for example_xcom_args to None, run_after=None
[2025-06-27T07:41:58.714+0000] {logging_mixin.py:190} INFO - [2025-06-27T07:41:58.713+0000] {dag.py:4180} INFO - Setting next_dagrun for example_xcom_args_with_operators to None, run_after=None
[2025-06-27T07:41:59.044+0000] {processor.py:208} INFO - Processing /home/airflow/.local/lib/python3.12/site-packages/airflow/example_dags/example_xcomargs.py took 1.595 seconds
[2025-06-27T07:42:46.334+0000] {processor.py:186} INFO - Started process (PID=738) to work on /home/airflow/.local/lib/python3.12/site-packages/airflow/example_dags/example_xcomargs.py
[2025-06-27T07:42:46.338+0000] {processor.py:914} INFO - Processing file /home/airflow/.local/lib/python3.12/site-packages/airflow/example_dags/example_xcomargs.py for tasks to queue
[2025-06-27T07:42:46.358+0000] {logging_mixin.py:190} INFO - [2025-06-27T07:42:46.357+0000] {dagbag.py:588} INFO - Filling up the DagBag from /home/airflow/.local/lib/python3.12/site-packages/airflow/example_dags/example_xcomargs.py
[2025-06-27T07:42:46.415+0000] {processor.py:925} INFO - DAG(s) 'example_xcom_args', 'example_xcom_args_with_operators' retrieved from /home/airflow/.local/lib/python3.12/site-packages/airflow/example_dags/example_xcomargs.py
[2025-06-27T07:42:46.571+0000] {logging_mixin.py:190} INFO - [2025-06-27T07:42:46.569+0000] {dag.py:3239} INFO - Sync 2 DAGs
[2025-06-27T07:42:46.647+0000] {logging_mixin.py:190} INFO - [2025-06-27T07:42:46.646+0000] {dag.py:4180} INFO - Setting next_dagrun for example_xcom_args to None, run_after=None
[2025-06-27T07:42:46.662+0000] {logging_mixin.py:190} INFO - [2025-06-27T07:42:46.662+0000] {dag.py:4180} INFO - Setting next_dagrun for example_xcom_args_with_operators to None, run_after=None
[2025-06-27T07:42:46.743+0000] {processor.py:208} INFO - Processing /home/airflow/.local/lib/python3.12/site-packages/airflow/example_dags/example_xcomargs.py took 0.435 seconds
[2025-06-27T07:43:21.074+0000] {processor.py:186} INFO - Started process (PID=797) to work on /home/airflow/.local/lib/python3.12/site-packages/airflow/example_dags/example_xcomargs.py
[2025-06-27T07:43:21.104+0000] {processor.py:914} INFO - Processing file /home/airflow/.local/lib/python3.12/site-packages/airflow/example_dags/example_xcomargs.py for tasks to queue
[2025-06-27T07:43:21.139+0000] {logging_mixin.py:190} INFO - [2025-06-27T07:43:21.138+0000] {dagbag.py:588} INFO - Filling up the DagBag from /home/airflow/.local/lib/python3.12/site-packages/airflow/example_dags/example_xcomargs.py
[2025-06-27T07:43:21.286+0000] {processor.py:925} INFO - DAG(s) 'example_xcom_args', 'example_xcom_args_with_operators' retrieved from /home/airflow/.local/lib/python3.12/site-packages/airflow/example_dags/example_xcomargs.py
[2025-06-27T07:43:21.545+0000] {logging_mixin.py:190} INFO - [2025-06-27T07:43:21.544+0000] {dag.py:3239} INFO - Sync 2 DAGs
[2025-06-27T07:43:21.736+0000] {logging_mixin.py:190} INFO - [2025-06-27T07:43:21.735+0000] {dag.py:4180} INFO - Setting next_dagrun for example_xcom_args to None, run_after=None
[2025-06-27T07:43:21.814+0000] {logging_mixin.py:190} INFO - [2025-06-27T07:43:21.804+0000] {dag.py:4180} INFO - Setting next_dagrun for example_xcom_args_with_operators to None, run_after=None
[2025-06-27T07:43:22.103+0000] {processor.py:208} INFO - Processing /home/airflow/.local/lib/python3.12/site-packages/airflow/example_dags/example_xcomargs.py took 1.122 seconds
[2025-06-27T07:43:52.561+0000] {processor.py:186} INFO - Started process (PID=860) to work on /home/airflow/.local/lib/python3.12/site-packages/airflow/example_dags/example_xcomargs.py
[2025-06-27T07:43:52.563+0000] {processor.py:914} INFO - Processing file /home/airflow/.local/lib/python3.12/site-packages/airflow/example_dags/example_xcomargs.py for tasks to queue
[2025-06-27T07:43:52.569+0000] {logging_mixin.py:190} INFO - [2025-06-27T07:43:52.568+0000] {dagbag.py:588} INFO - Filling up the DagBag from /home/airflow/.local/lib/python3.12/site-packages/airflow/example_dags/example_xcomargs.py
[2025-06-27T07:43:52.597+0000] {processor.py:925} INFO - DAG(s) 'example_xcom_args', 'example_xcom_args_with_operators' retrieved from /home/airflow/.local/lib/python3.12/site-packages/airflow/example_dags/example_xcomargs.py
[2025-06-27T07:43:52.659+0000] {logging_mixin.py:190} INFO - [2025-06-27T07:43:52.658+0000] {dag.py:3239} INFO - Sync 2 DAGs
[2025-06-27T07:43:52.708+0000] {logging_mixin.py:190} INFO - [2025-06-27T07:43:52.707+0000] {dag.py:4180} INFO - Setting next_dagrun for example_xcom_args to None, run_after=None
[2025-06-27T07:43:52.719+0000] {logging_mixin.py:190} INFO - [2025-06-27T07:43:52.718+0000] {dag.py:4180} INFO - Setting next_dagrun for example_xcom_args_with_operators to None, run_after=None
[2025-06-27T07:43:52.773+0000] {processor.py:208} INFO - Processing /home/airflow/.local/lib/python3.12/site-packages/airflow/example_dags/example_xcomargs.py took 0.228 seconds
[2025-06-27T07:44:23.561+0000] {processor.py:186} INFO - Started process (PID=924) to work on /home/airflow/.local/lib/python3.12/site-packages/airflow/example_dags/example_xcomargs.py
[2025-06-27T07:44:23.565+0000] {processor.py:914} INFO - Processing file /home/airflow/.local/lib/python3.12/site-packages/airflow/example_dags/example_xcomargs.py for tasks to queue
[2025-06-27T07:44:23.572+0000] {logging_mixin.py:190} INFO - [2025-06-27T07:44:23.571+0000] {dagbag.py:588} INFO - Filling up the DagBag from /home/airflow/.local/lib/python3.12/site-packages/airflow/example_dags/example_xcomargs.py
[2025-06-27T07:44:23.603+0000] {processor.py:925} INFO - DAG(s) 'example_xcom_args', 'example_xcom_args_with_operators' retrieved from /home/airflow/.local/lib/python3.12/site-packages/airflow/example_dags/example_xcomargs.py
[2025-06-27T07:44:23.671+0000] {logging_mixin.py:190} INFO - [2025-06-27T07:44:23.670+0000] {dag.py:3239} INFO - Sync 2 DAGs
[2025-06-27T07:44:23.704+0000] {logging_mixin.py:190} INFO - [2025-06-27T07:44:23.703+0000] {dag.py:4180} INFO - Setting next_dagrun for example_xcom_args to None, run_after=None
[2025-06-27T07:44:23.713+0000] {logging_mixin.py:190} INFO - [2025-06-27T07:44:23.713+0000] {dag.py:4180} INFO - Setting next_dagrun for example_xcom_args_with_operators to None, run_after=None
[2025-06-27T07:44:23.751+0000] {processor.py:208} INFO - Processing /home/airflow/.local/lib/python3.12/site-packages/airflow/example_dags/example_xcomargs.py took 0.211 seconds
[2025-06-27T07:44:53.968+0000] {processor.py:186} INFO - Started process (PID=988) to work on /home/airflow/.local/lib/python3.12/site-packages/airflow/example_dags/example_xcomargs.py
[2025-06-27T07:44:53.970+0000] {processor.py:914} INFO - Processing file /home/airflow/.local/lib/python3.12/site-packages/airflow/example_dags/example_xcomargs.py for tasks to queue
[2025-06-27T07:44:53.975+0000] {logging_mixin.py:190} INFO - [2025-06-27T07:44:53.975+0000] {dagbag.py:588} INFO - Filling up the DagBag from /home/airflow/.local/lib/python3.12/site-packages/airflow/example_dags/example_xcomargs.py
[2025-06-27T07:44:53.999+0000] {processor.py:925} INFO - DAG(s) 'example_xcom_args', 'example_xcom_args_with_operators' retrieved from /home/airflow/.local/lib/python3.12/site-packages/airflow/example_dags/example_xcomargs.py
[2025-06-27T07:44:54.051+0000] {logging_mixin.py:190} INFO - [2025-06-27T07:44:54.050+0000] {dag.py:3239} INFO - Sync 2 DAGs
[2025-06-27T07:44:54.081+0000] {logging_mixin.py:190} INFO - [2025-06-27T07:44:54.081+0000] {dag.py:4180} INFO - Setting next_dagrun for example_xcom_args to None, run_after=None
[2025-06-27T07:44:54.090+0000] {logging_mixin.py:190} INFO - [2025-06-27T07:44:54.089+0000] {dag.py:4180} INFO - Setting next_dagrun for example_xcom_args_with_operators to None, run_after=None
[2025-06-27T07:44:54.135+0000] {processor.py:208} INFO - Processing /home/airflow/.local/lib/python3.12/site-packages/airflow/example_dags/example_xcomargs.py took 0.178 seconds
[2025-06-27T07:45:24.703+0000] {processor.py:186} INFO - Started process (PID=1051) to work on /home/airflow/.local/lib/python3.12/site-packages/airflow/example_dags/example_xcomargs.py
[2025-06-27T07:45:24.706+0000] {processor.py:914} INFO - Processing file /home/airflow/.local/lib/python3.12/site-packages/airflow/example_dags/example_xcomargs.py for tasks to queue
[2025-06-27T07:45:24.712+0000] {logging_mixin.py:190} INFO - [2025-06-27T07:45:24.711+0000] {dagbag.py:588} INFO - Filling up the DagBag from /home/airflow/.local/lib/python3.12/site-packages/airflow/example_dags/example_xcomargs.py
[2025-06-27T07:45:24.738+0000] {processor.py:925} INFO - DAG(s) 'example_xcom_args', 'example_xcom_args_with_operators' retrieved from /home/airflow/.local/lib/python3.12/site-packages/airflow/example_dags/example_xcomargs.py
[2025-06-27T07:45:24.797+0000] {logging_mixin.py:190} INFO - [2025-06-27T07:45:24.796+0000] {dag.py:3239} INFO - Sync 2 DAGs
[2025-06-27T07:45:24.835+0000] {logging_mixin.py:190} INFO - [2025-06-27T07:45:24.835+0000] {dag.py:4180} INFO - Setting next_dagrun for example_xcom_args to None, run_after=None
[2025-06-27T07:45:24.844+0000] {logging_mixin.py:190} INFO - [2025-06-27T07:45:24.843+0000] {dag.py:4180} INFO - Setting next_dagrun for example_xcom_args_with_operators to None, run_after=None
[2025-06-27T07:45:24.878+0000] {processor.py:208} INFO - Processing /home/airflow/.local/lib/python3.12/site-packages/airflow/example_dags/example_xcomargs.py took 0.190 seconds
[2025-06-27T07:45:55.648+0000] {processor.py:186} INFO - Started process (PID=1114) to work on /home/airflow/.local/lib/python3.12/site-packages/airflow/example_dags/example_xcomargs.py
[2025-06-27T07:45:55.651+0000] {processor.py:914} INFO - Processing file /home/airflow/.local/lib/python3.12/site-packages/airflow/example_dags/example_xcomargs.py for tasks to queue
[2025-06-27T07:45:55.658+0000] {logging_mixin.py:190} INFO - [2025-06-27T07:45:55.657+0000] {dagbag.py:588} INFO - Filling up the DagBag from /home/airflow/.local/lib/python3.12/site-packages/airflow/example_dags/example_xcomargs.py
[2025-06-27T07:45:55.688+0000] {processor.py:925} INFO - DAG(s) 'example_xcom_args_with_operators', 'example_xcom_args' retrieved from /home/airflow/.local/lib/python3.12/site-packages/airflow/example_dags/example_xcomargs.py
[2025-06-27T07:45:55.753+0000] {logging_mixin.py:190} INFO - [2025-06-27T07:45:55.753+0000] {dag.py:3239} INFO - Sync 2 DAGs
[2025-06-27T07:45:55.797+0000] {logging_mixin.py:190} INFO - [2025-06-27T07:45:55.797+0000] {dag.py:4180} INFO - Setting next_dagrun for example_xcom_args to None, run_after=None
[2025-06-27T07:45:55.806+0000] {logging_mixin.py:190} INFO - [2025-06-27T07:45:55.805+0000] {dag.py:4180} INFO - Setting next_dagrun for example_xcom_args_with_operators to None, run_after=None
[2025-06-27T07:45:55.844+0000] {processor.py:208} INFO - Processing /home/airflow/.local/lib/python3.12/site-packages/airflow/example_dags/example_xcomargs.py took 0.215 seconds
[2025-06-27T07:46:26.061+0000] {processor.py:186} INFO - Started process (PID=1177) to work on /home/airflow/.local/lib/python3.12/site-packages/airflow/example_dags/example_xcomargs.py
[2025-06-27T07:46:26.064+0000] {processor.py:914} INFO - Processing file /home/airflow/.local/lib/python3.12/site-packages/airflow/example_dags/example_xcomargs.py for tasks to queue
[2025-06-27T07:46:26.070+0000] {logging_mixin.py:190} INFO - [2025-06-27T07:46:26.069+0000] {dagbag.py:588} INFO - Filling up the DagBag from /home/airflow/.local/lib/python3.12/site-packages/airflow/example_dags/example_xcomargs.py
[2025-06-27T07:46:26.092+0000] {processor.py:925} INFO - DAG(s) 'example_xcom_args_with_operators', 'example_xcom_args' retrieved from /home/airflow/.local/lib/python3.12/site-packages/airflow/example_dags/example_xcomargs.py
[2025-06-27T07:46:26.186+0000] {logging_mixin.py:190} INFO - [2025-06-27T07:46:26.185+0000] {dag.py:3239} INFO - Sync 2 DAGs
[2025-06-27T07:46:26.230+0000] {logging_mixin.py:190} INFO - [2025-06-27T07:46:26.230+0000] {dag.py:4180} INFO - Setting next_dagrun for example_xcom_args to None, run_after=None
[2025-06-27T07:46:26.240+0000] {logging_mixin.py:190} INFO - [2025-06-27T07:46:26.239+0000] {dag.py:4180} INFO - Setting next_dagrun for example_xcom_args_with_operators to None, run_after=None
[2025-06-27T07:46:26.286+0000] {processor.py:208} INFO - Processing /home/airflow/.local/lib/python3.12/site-packages/airflow/example_dags/example_xcomargs.py took 0.238 seconds
[2025-06-27T07:46:56.537+0000] {processor.py:186} INFO - Started process (PID=1240) to work on /home/airflow/.local/lib/python3.12/site-packages/airflow/example_dags/example_xcomargs.py
[2025-06-27T07:46:56.539+0000] {processor.py:914} INFO - Processing file /home/airflow/.local/lib/python3.12/site-packages/airflow/example_dags/example_xcomargs.py for tasks to queue
[2025-06-27T07:46:56.547+0000] {logging_mixin.py:190} INFO - [2025-06-27T07:46:56.545+0000] {dagbag.py:588} INFO - Filling up the DagBag from /home/airflow/.local/lib/python3.12/site-packages/airflow/example_dags/example_xcomargs.py
[2025-06-27T07:46:56.571+0000] {processor.py:925} INFO - DAG(s) 'example_xcom_args_with_operators', 'example_xcom_args' retrieved from /home/airflow/.local/lib/python3.12/site-packages/airflow/example_dags/example_xcomargs.py
[2025-06-27T07:46:56.646+0000] {logging_mixin.py:190} INFO - [2025-06-27T07:46:56.642+0000] {dag.py:3239} INFO - Sync 2 DAGs
[2025-06-27T07:46:56.691+0000] {logging_mixin.py:190} INFO - [2025-06-27T07:46:56.690+0000] {dag.py:4180} INFO - Setting next_dagrun for example_xcom_args to None, run_after=None
[2025-06-27T07:46:56.710+0000] {logging_mixin.py:190} INFO - [2025-06-27T07:46:56.709+0000] {dag.py:4180} INFO - Setting next_dagrun for example_xcom_args_with_operators to None, run_after=None
[2025-06-27T07:46:56.777+0000] {processor.py:208} INFO - Processing /home/airflow/.local/lib/python3.12/site-packages/airflow/example_dags/example_xcomargs.py took 0.255 seconds
[2025-06-27T07:47:27.076+0000] {processor.py:186} INFO - Started process (PID=1303) to work on /home/airflow/.local/lib/python3.12/site-packages/airflow/example_dags/example_xcomargs.py
[2025-06-27T07:47:27.078+0000] {processor.py:914} INFO - Processing file /home/airflow/.local/lib/python3.12/site-packages/airflow/example_dags/example_xcomargs.py for tasks to queue
[2025-06-27T07:47:27.084+0000] {logging_mixin.py:190} INFO - [2025-06-27T07:47:27.083+0000] {dagbag.py:588} INFO - Filling up the DagBag from /home/airflow/.local/lib/python3.12/site-packages/airflow/example_dags/example_xcomargs.py
[2025-06-27T07:47:27.114+0000] {processor.py:925} INFO - DAG(s) 'example_xcom_args_with_operators', 'example_xcom_args' retrieved from /home/airflow/.local/lib/python3.12/site-packages/airflow/example_dags/example_xcomargs.py
[2025-06-27T07:47:27.163+0000] {logging_mixin.py:190} INFO - [2025-06-27T07:47:27.162+0000] {dag.py:3239} INFO - Sync 2 DAGs
[2025-06-27T07:47:27.189+0000] {logging_mixin.py:190} INFO - [2025-06-27T07:47:27.189+0000] {dag.py:4180} INFO - Setting next_dagrun for example_xcom_args to None, run_after=None
[2025-06-27T07:47:27.197+0000] {logging_mixin.py:190} INFO - [2025-06-27T07:47:27.197+0000] {dag.py:4180} INFO - Setting next_dagrun for example_xcom_args_with_operators to None, run_after=None
[2025-06-27T07:47:27.241+0000] {processor.py:208} INFO - Processing /home/airflow/.local/lib/python3.12/site-packages/airflow/example_dags/example_xcomargs.py took 0.177 seconds
[2025-06-27T07:47:57.617+0000] {processor.py:186} INFO - Started process (PID=1366) to work on /home/airflow/.local/lib/python3.12/site-packages/airflow/example_dags/example_xcomargs.py
[2025-06-27T07:47:57.620+0000] {processor.py:914} INFO - Processing file /home/airflow/.local/lib/python3.12/site-packages/airflow/example_dags/example_xcomargs.py for tasks to queue
[2025-06-27T07:47:57.625+0000] {logging_mixin.py:190} INFO - [2025-06-27T07:47:57.625+0000] {dagbag.py:588} INFO - Filling up the DagBag from /home/airflow/.local/lib/python3.12/site-packages/airflow/example_dags/example_xcomargs.py
[2025-06-27T07:47:57.645+0000] {processor.py:925} INFO - DAG(s) 'example_xcom_args', 'example_xcom_args_with_operators' retrieved from /home/airflow/.local/lib/python3.12/site-packages/airflow/example_dags/example_xcomargs.py
[2025-06-27T07:47:57.692+0000] {logging_mixin.py:190} INFO - [2025-06-27T07:47:57.691+0000] {dag.py:3239} INFO - Sync 2 DAGs
[2025-06-27T07:47:57.722+0000] {logging_mixin.py:190} INFO - [2025-06-27T07:47:57.721+0000] {dag.py:4180} INFO - Setting next_dagrun for example_xcom_args to None, run_after=None
[2025-06-27T07:47:57.729+0000] {logging_mixin.py:190} INFO - [2025-06-27T07:47:57.729+0000] {dag.py:4180} INFO - Setting next_dagrun for example_xcom_args_with_operators to None, run_after=None
[2025-06-27T07:47:57.765+0000] {processor.py:208} INFO - Processing /home/airflow/.local/lib/python3.12/site-packages/airflow/example_dags/example_xcomargs.py took 0.162 seconds
[2025-06-27T07:48:28.694+0000] {processor.py:186} INFO - Started process (PID=1429) to work on /home/airflow/.local/lib/python3.12/site-packages/airflow/example_dags/example_xcomargs.py
[2025-06-27T07:48:28.698+0000] {processor.py:914} INFO - Processing file /home/airflow/.local/lib/python3.12/site-packages/airflow/example_dags/example_xcomargs.py for tasks to queue
[2025-06-27T07:48:28.712+0000] {logging_mixin.py:190} INFO - [2025-06-27T07:48:28.710+0000] {dagbag.py:588} INFO - Filling up the DagBag from /home/airflow/.local/lib/python3.12/site-packages/airflow/example_dags/example_xcomargs.py
[2025-06-27T07:48:28.785+0000] {processor.py:925} INFO - DAG(s) 'example_xcom_args_with_operators', 'example_xcom_args' retrieved from /home/airflow/.local/lib/python3.12/site-packages/airflow/example_dags/example_xcomargs.py
[2025-06-27T07:48:28.912+0000] {logging_mixin.py:190} INFO - [2025-06-27T07:48:28.912+0000] {dag.py:3239} INFO - Sync 2 DAGs
[2025-06-27T07:48:29.000+0000] {logging_mixin.py:190} INFO - [2025-06-27T07:48:28.999+0000] {dag.py:4180} INFO - Setting next_dagrun for example_xcom_args to None, run_after=None
[2025-06-27T07:48:29.028+0000] {logging_mixin.py:190} INFO - [2025-06-27T07:48:29.027+0000] {dag.py:4180} INFO - Setting next_dagrun for example_xcom_args_with_operators to None, run_after=None
[2025-06-27T07:48:29.174+0000] {processor.py:208} INFO - Processing /home/airflow/.local/lib/python3.12/site-packages/airflow/example_dags/example_xcomargs.py took 0.509 seconds
[2025-06-27T07:48:59.527+0000] {processor.py:186} INFO - Started process (PID=1493) to work on /home/airflow/.local/lib/python3.12/site-packages/airflow/example_dags/example_xcomargs.py
[2025-06-27T07:48:59.529+0000] {processor.py:914} INFO - Processing file /home/airflow/.local/lib/python3.12/site-packages/airflow/example_dags/example_xcomargs.py for tasks to queue
[2025-06-27T07:48:59.536+0000] {logging_mixin.py:190} INFO - [2025-06-27T07:48:59.535+0000] {dagbag.py:588} INFO - Filling up the DagBag from /home/airflow/.local/lib/python3.12/site-packages/airflow/example_dags/example_xcomargs.py
[2025-06-27T07:48:59.564+0000] {processor.py:925} INFO - DAG(s) 'example_xcom_args', 'example_xcom_args_with_operators' retrieved from /home/airflow/.local/lib/python3.12/site-packages/airflow/example_dags/example_xcomargs.py
[2025-06-27T07:48:59.620+0000] {logging_mixin.py:190} INFO - [2025-06-27T07:48:59.620+0000] {dag.py:3239} INFO - Sync 2 DAGs
[2025-06-27T07:48:59.656+0000] {logging_mixin.py:190} INFO - [2025-06-27T07:48:59.655+0000] {dag.py:4180} INFO - Setting next_dagrun for example_xcom_args to None, run_after=None
[2025-06-27T07:48:59.689+0000] {logging_mixin.py:190} INFO - [2025-06-27T07:48:59.688+0000] {dag.py:4180} INFO - Setting next_dagrun for example_xcom_args_with_operators to None, run_after=None
[2025-06-27T07:48:59.745+0000] {processor.py:208} INFO - Processing /home/airflow/.local/lib/python3.12/site-packages/airflow/example_dags/example_xcomargs.py took 0.230 seconds
[2025-06-27T07:52:15.561+0000] {processor.py:186} INFO - Started process (PID=107) to work on /home/airflow/.local/lib/python3.12/site-packages/airflow/example_dags/example_xcomargs.py
[2025-06-27T07:52:15.566+0000] {processor.py:914} INFO - Processing file /home/airflow/.local/lib/python3.12/site-packages/airflow/example_dags/example_xcomargs.py for tasks to queue
[2025-06-27T07:52:15.581+0000] {logging_mixin.py:190} INFO - [2025-06-27T07:52:15.580+0000] {dagbag.py:588} INFO - Filling up the DagBag from /home/airflow/.local/lib/python3.12/site-packages/airflow/example_dags/example_xcomargs.py
[2025-06-27T07:52:15.631+0000] {processor.py:925} INFO - DAG(s) 'example_xcom_args', 'example_xcom_args_with_operators' retrieved from /home/airflow/.local/lib/python3.12/site-packages/airflow/example_dags/example_xcomargs.py
[2025-06-27T07:52:15.778+0000] {logging_mixin.py:190} INFO - [2025-06-27T07:52:15.778+0000] {dag.py:3239} INFO - Sync 2 DAGs
[2025-06-27T07:52:15.862+0000] {logging_mixin.py:190} INFO - [2025-06-27T07:52:15.862+0000] {dag.py:4180} INFO - Setting next_dagrun for example_xcom_args to None, run_after=None
[2025-06-27T07:52:15.882+0000] {logging_mixin.py:190} INFO - [2025-06-27T07:52:15.881+0000] {dag.py:4180} INFO - Setting next_dagrun for example_xcom_args_with_operators to None, run_after=None
[2025-06-27T07:52:16.083+0000] {processor.py:208} INFO - Processing /home/airflow/.local/lib/python3.12/site-packages/airflow/example_dags/example_xcomargs.py took 0.565 seconds
[2025-06-27T07:52:54.068+0000] {processor.py:186} INFO - Started process (PID=170) to work on /home/airflow/.local/lib/python3.12/site-packages/airflow/example_dags/example_xcomargs.py
[2025-06-27T07:52:54.071+0000] {processor.py:914} INFO - Processing file /home/airflow/.local/lib/python3.12/site-packages/airflow/example_dags/example_xcomargs.py for tasks to queue
[2025-06-27T07:52:54.079+0000] {logging_mixin.py:190} INFO - [2025-06-27T07:52:54.078+0000] {dagbag.py:588} INFO - Filling up the DagBag from /home/airflow/.local/lib/python3.12/site-packages/airflow/example_dags/example_xcomargs.py
[2025-06-27T07:52:54.111+0000] {processor.py:925} INFO - DAG(s) 'example_xcom_args_with_operators', 'example_xcom_args' retrieved from /home/airflow/.local/lib/python3.12/site-packages/airflow/example_dags/example_xcomargs.py
[2025-06-27T07:52:54.187+0000] {logging_mixin.py:190} INFO - [2025-06-27T07:52:54.186+0000] {dag.py:3239} INFO - Sync 2 DAGs
[2025-06-27T07:52:54.232+0000] {logging_mixin.py:190} INFO - [2025-06-27T07:52:54.231+0000] {dag.py:4180} INFO - Setting next_dagrun for example_xcom_args to None, run_after=None
[2025-06-27T07:52:54.243+0000] {logging_mixin.py:190} INFO - [2025-06-27T07:52:54.243+0000] {dag.py:4180} INFO - Setting next_dagrun for example_xcom_args_with_operators to None, run_after=None
[2025-06-27T07:52:54.299+0000] {processor.py:208} INFO - Processing /home/airflow/.local/lib/python3.12/site-packages/airflow/example_dags/example_xcomargs.py took 0.249 seconds
[2025-06-27T07:53:24.421+0000] {processor.py:186} INFO - Started process (PID=232) to work on /home/airflow/.local/lib/python3.12/site-packages/airflow/example_dags/example_xcomargs.py
[2025-06-27T07:53:24.424+0000] {processor.py:914} INFO - Processing file /home/airflow/.local/lib/python3.12/site-packages/airflow/example_dags/example_xcomargs.py for tasks to queue
[2025-06-27T07:53:24.429+0000] {logging_mixin.py:190} INFO - [2025-06-27T07:53:24.428+0000] {dagbag.py:588} INFO - Filling up the DagBag from /home/airflow/.local/lib/python3.12/site-packages/airflow/example_dags/example_xcomargs.py
[2025-06-27T07:53:24.451+0000] {processor.py:925} INFO - DAG(s) 'example_xcom_args', 'example_xcom_args_with_operators' retrieved from /home/airflow/.local/lib/python3.12/site-packages/airflow/example_dags/example_xcomargs.py
[2025-06-27T07:53:24.508+0000] {logging_mixin.py:190} INFO - [2025-06-27T07:53:24.508+0000] {dag.py:3239} INFO - Sync 2 DAGs
[2025-06-27T07:53:24.548+0000] {logging_mixin.py:190} INFO - [2025-06-27T07:53:24.548+0000] {dag.py:4180} INFO - Setting next_dagrun for example_xcom_args to None, run_after=None
[2025-06-27T07:53:24.556+0000] {logging_mixin.py:190} INFO - [2025-06-27T07:53:24.556+0000] {dag.py:4180} INFO - Setting next_dagrun for example_xcom_args_with_operators to None, run_after=None
[2025-06-27T07:53:24.592+0000] {processor.py:208} INFO - Processing /home/airflow/.local/lib/python3.12/site-packages/airflow/example_dags/example_xcomargs.py took 0.183 seconds
[2025-06-27T07:53:55.288+0000] {processor.py:186} INFO - Started process (PID=296) to work on /home/airflow/.local/lib/python3.12/site-packages/airflow/example_dags/example_xcomargs.py
[2025-06-27T07:53:55.290+0000] {processor.py:914} INFO - Processing file /home/airflow/.local/lib/python3.12/site-packages/airflow/example_dags/example_xcomargs.py for tasks to queue
[2025-06-27T07:53:55.295+0000] {logging_mixin.py:190} INFO - [2025-06-27T07:53:55.295+0000] {dagbag.py:588} INFO - Filling up the DagBag from /home/airflow/.local/lib/python3.12/site-packages/airflow/example_dags/example_xcomargs.py
[2025-06-27T07:53:55.318+0000] {processor.py:925} INFO - DAG(s) 'example_xcom_args', 'example_xcom_args_with_operators' retrieved from /home/airflow/.local/lib/python3.12/site-packages/airflow/example_dags/example_xcomargs.py
[2025-06-27T07:53:55.369+0000] {logging_mixin.py:190} INFO - [2025-06-27T07:53:55.368+0000] {dag.py:3239} INFO - Sync 2 DAGs
[2025-06-27T07:53:55.398+0000] {logging_mixin.py:190} INFO - [2025-06-27T07:53:55.398+0000] {dag.py:4180} INFO - Setting next_dagrun for example_xcom_args to None, run_after=None
[2025-06-27T07:53:55.406+0000] {logging_mixin.py:190} INFO - [2025-06-27T07:53:55.405+0000] {dag.py:4180} INFO - Setting next_dagrun for example_xcom_args_with_operators to None, run_after=None
[2025-06-27T07:53:55.441+0000] {processor.py:208} INFO - Processing /home/airflow/.local/lib/python3.12/site-packages/airflow/example_dags/example_xcomargs.py took 0.164 seconds
[2025-06-27T07:54:27.890+0000] {processor.py:186} INFO - Started process (PID=359) to work on /home/airflow/.local/lib/python3.12/site-packages/airflow/example_dags/example_xcomargs.py
[2025-06-27T07:54:27.894+0000] {processor.py:914} INFO - Processing file /home/airflow/.local/lib/python3.12/site-packages/airflow/example_dags/example_xcomargs.py for tasks to queue
[2025-06-27T07:54:27.910+0000] {logging_mixin.py:190} INFO - [2025-06-27T07:54:27.907+0000] {dagbag.py:588} INFO - Filling up the DagBag from /home/airflow/.local/lib/python3.12/site-packages/airflow/example_dags/example_xcomargs.py
[2025-06-27T07:54:27.968+0000] {processor.py:925} INFO - DAG(s) 'example_xcom_args', 'example_xcom_args_with_operators' retrieved from /home/airflow/.local/lib/python3.12/site-packages/airflow/example_dags/example_xcomargs.py
[2025-06-27T07:54:28.073+0000] {logging_mixin.py:190} INFO - [2025-06-27T07:54:28.072+0000] {dag.py:3239} INFO - Sync 2 DAGs
[2025-06-27T07:54:28.120+0000] {logging_mixin.py:190} INFO - [2025-06-27T07:54:28.119+0000] {dag.py:4180} INFO - Setting next_dagrun for example_xcom_args to None, run_after=None
[2025-06-27T07:54:28.129+0000] {logging_mixin.py:190} INFO - [2025-06-27T07:54:28.129+0000] {dag.py:4180} INFO - Setting next_dagrun for example_xcom_args_with_operators to None, run_after=None
[2025-06-27T07:54:28.202+0000] {processor.py:208} INFO - Processing /home/airflow/.local/lib/python3.12/site-packages/airflow/example_dags/example_xcomargs.py took 0.338 seconds
[2025-06-27T07:54:58.440+0000] {processor.py:186} INFO - Started process (PID=422) to work on /home/airflow/.local/lib/python3.12/site-packages/airflow/example_dags/example_xcomargs.py
[2025-06-27T07:54:58.442+0000] {processor.py:914} INFO - Processing file /home/airflow/.local/lib/python3.12/site-packages/airflow/example_dags/example_xcomargs.py for tasks to queue
[2025-06-27T07:54:58.448+0000] {logging_mixin.py:190} INFO - [2025-06-27T07:54:58.447+0000] {dagbag.py:588} INFO - Filling up the DagBag from /home/airflow/.local/lib/python3.12/site-packages/airflow/example_dags/example_xcomargs.py
[2025-06-27T07:54:58.481+0000] {processor.py:925} INFO - DAG(s) 'example_xcom_args_with_operators', 'example_xcom_args' retrieved from /home/airflow/.local/lib/python3.12/site-packages/airflow/example_dags/example_xcomargs.py
[2025-06-27T07:54:58.545+0000] {logging_mixin.py:190} INFO - [2025-06-27T07:54:58.545+0000] {dag.py:3239} INFO - Sync 2 DAGs
[2025-06-27T07:54:58.589+0000] {logging_mixin.py:190} INFO - [2025-06-27T07:54:58.588+0000] {dag.py:4180} INFO - Setting next_dagrun for example_xcom_args to None, run_after=None
[2025-06-27T07:54:58.599+0000] {logging_mixin.py:190} INFO - [2025-06-27T07:54:58.598+0000] {dag.py:4180} INFO - Setting next_dagrun for example_xcom_args_with_operators to None, run_after=None
[2025-06-27T07:54:58.649+0000] {processor.py:208} INFO - Processing /home/airflow/.local/lib/python3.12/site-packages/airflow/example_dags/example_xcomargs.py took 0.227 seconds
[2025-06-27T07:59:37.315+0000] {processor.py:186} INFO - Started process (PID=94) to work on /home/airflow/.local/lib/python3.12/site-packages/airflow/example_dags/example_xcomargs.py
[2025-06-27T07:59:37.356+0000] {processor.py:914} INFO - Processing file /home/airflow/.local/lib/python3.12/site-packages/airflow/example_dags/example_xcomargs.py for tasks to queue
[2025-06-27T07:59:37.411+0000] {logging_mixin.py:190} INFO - [2025-06-27T07:59:37.410+0000] {dagbag.py:588} INFO - Filling up the DagBag from /home/airflow/.local/lib/python3.12/site-packages/airflow/example_dags/example_xcomargs.py
[2025-06-27T07:59:37.580+0000] {processor.py:925} INFO - DAG(s) 'example_xcom_args_with_operators', 'example_xcom_args' retrieved from /home/airflow/.local/lib/python3.12/site-packages/airflow/example_dags/example_xcomargs.py
[2025-06-27T07:59:37.927+0000] {logging_mixin.py:190} INFO - [2025-06-27T07:59:37.927+0000] {dag.py:3239} INFO - Sync 2 DAGs
[2025-06-27T07:59:38.031+0000] {logging_mixin.py:190} INFO - [2025-06-27T07:59:38.031+0000] {dag.py:4180} INFO - Setting next_dagrun for example_xcom_args to None, run_after=None
[2025-06-27T07:59:38.039+0000] {logging_mixin.py:190} INFO - [2025-06-27T07:59:38.039+0000] {dag.py:4180} INFO - Setting next_dagrun for example_xcom_args_with_operators to None, run_after=None
[2025-06-27T07:59:38.081+0000] {processor.py:208} INFO - Processing /home/airflow/.local/lib/python3.12/site-packages/airflow/example_dags/example_xcomargs.py took 0.868 seconds
[2025-06-27T08:00:41.374+0000] {processor.py:186} INFO - Started process (PID=161) to work on /home/airflow/.local/lib/python3.12/site-packages/airflow/example_dags/example_xcomargs.py
[2025-06-27T08:00:41.454+0000] {processor.py:914} INFO - Processing file /home/airflow/.local/lib/python3.12/site-packages/airflow/example_dags/example_xcomargs.py for tasks to queue
[2025-06-27T08:00:41.765+0000] {logging_mixin.py:190} INFO - [2025-06-27T08:00:41.713+0000] {dagbag.py:588} INFO - Filling up the DagBag from /home/airflow/.local/lib/python3.12/site-packages/airflow/example_dags/example_xcomargs.py
[2025-06-27T08:00:43.127+0000] {processor.py:925} INFO - DAG(s) 'example_xcom_args_with_operators', 'example_xcom_args' retrieved from /home/airflow/.local/lib/python3.12/site-packages/airflow/example_dags/example_xcomargs.py
[2025-06-27T08:00:44.471+0000] {logging_mixin.py:190} INFO - [2025-06-27T08:00:44.470+0000] {dag.py:3239} INFO - Sync 2 DAGs
[2025-06-27T08:00:45.153+0000] {logging_mixin.py:190} INFO - [2025-06-27T08:00:45.137+0000] {dag.py:4180} INFO - Setting next_dagrun for example_xcom_args to None, run_after=None
[2025-06-27T08:00:45.402+0000] {logging_mixin.py:190} INFO - [2025-06-27T08:00:45.377+0000] {dag.py:4180} INFO - Setting next_dagrun for example_xcom_args_with_operators to None, run_after=None
[2025-06-27T08:00:46.737+0000] {processor.py:208} INFO - Processing /home/airflow/.local/lib/python3.12/site-packages/airflow/example_dags/example_xcomargs.py took 5.350 seconds
[2025-06-27T08:01:17.559+0000] {processor.py:186} INFO - Started process (PID=222) to work on /home/airflow/.local/lib/python3.12/site-packages/airflow/example_dags/example_xcomargs.py
[2025-06-27T08:01:17.577+0000] {processor.py:914} INFO - Processing file /home/airflow/.local/lib/python3.12/site-packages/airflow/example_dags/example_xcomargs.py for tasks to queue
[2025-06-27T08:01:17.604+0000] {logging_mixin.py:190} INFO - [2025-06-27T08:01:17.598+0000] {dagbag.py:588} INFO - Filling up the DagBag from /home/airflow/.local/lib/python3.12/site-packages/airflow/example_dags/example_xcomargs.py
[2025-06-27T08:01:17.688+0000] {processor.py:925} INFO - DAG(s) 'example_xcom_args_with_operators', 'example_xcom_args' retrieved from /home/airflow/.local/lib/python3.12/site-packages/airflow/example_dags/example_xcomargs.py
[2025-06-27T08:01:17.847+0000] {logging_mixin.py:190} INFO - [2025-06-27T08:01:17.846+0000] {dag.py:3239} INFO - Sync 2 DAGs
[2025-06-27T08:01:17.947+0000] {logging_mixin.py:190} INFO - [2025-06-27T08:01:17.946+0000] {dag.py:4180} INFO - Setting next_dagrun for example_xcom_args to None, run_after=None
[2025-06-27T08:01:17.967+0000] {logging_mixin.py:190} INFO - [2025-06-27T08:01:17.966+0000] {dag.py:4180} INFO - Setting next_dagrun for example_xcom_args_with_operators to None, run_after=None
[2025-06-27T08:01:18.056+0000] {processor.py:208} INFO - Processing /home/airflow/.local/lib/python3.12/site-packages/airflow/example_dags/example_xcomargs.py took 0.538 seconds
[2025-06-27T08:01:48.193+0000] {processor.py:186} INFO - Started process (PID=284) to work on /home/airflow/.local/lib/python3.12/site-packages/airflow/example_dags/example_xcomargs.py
[2025-06-27T08:01:48.195+0000] {processor.py:914} INFO - Processing file /home/airflow/.local/lib/python3.12/site-packages/airflow/example_dags/example_xcomargs.py for tasks to queue
[2025-06-27T08:01:48.199+0000] {logging_mixin.py:190} INFO - [2025-06-27T08:01:48.198+0000] {dagbag.py:588} INFO - Filling up the DagBag from /home/airflow/.local/lib/python3.12/site-packages/airflow/example_dags/example_xcomargs.py
[2025-06-27T08:01:48.214+0000] {processor.py:925} INFO - DAG(s) 'example_xcom_args', 'example_xcom_args_with_operators' retrieved from /home/airflow/.local/lib/python3.12/site-packages/airflow/example_dags/example_xcomargs.py
[2025-06-27T08:01:48.253+0000] {logging_mixin.py:190} INFO - [2025-06-27T08:01:48.253+0000] {dag.py:3239} INFO - Sync 2 DAGs
[2025-06-27T08:01:48.274+0000] {logging_mixin.py:190} INFO - [2025-06-27T08:01:48.274+0000] {dag.py:4180} INFO - Setting next_dagrun for example_xcom_args to None, run_after=None
[2025-06-27T08:01:48.279+0000] {logging_mixin.py:190} INFO - [2025-06-27T08:01:48.279+0000] {dag.py:4180} INFO - Setting next_dagrun for example_xcom_args_with_operators to None, run_after=None
[2025-06-27T08:01:48.304+0000] {processor.py:208} INFO - Processing /home/airflow/.local/lib/python3.12/site-packages/airflow/example_dags/example_xcomargs.py took 0.121 seconds
[2025-06-27T08:02:18.670+0000] {processor.py:186} INFO - Started process (PID=348) to work on /home/airflow/.local/lib/python3.12/site-packages/airflow/example_dags/example_xcomargs.py
[2025-06-27T08:02:18.672+0000] {processor.py:914} INFO - Processing file /home/airflow/.local/lib/python3.12/site-packages/airflow/example_dags/example_xcomargs.py for tasks to queue
[2025-06-27T08:02:18.676+0000] {logging_mixin.py:190} INFO - [2025-06-27T08:02:18.675+0000] {dagbag.py:588} INFO - Filling up the DagBag from /home/airflow/.local/lib/python3.12/site-packages/airflow/example_dags/example_xcomargs.py
[2025-06-27T08:02:18.694+0000] {processor.py:925} INFO - DAG(s) 'example_xcom_args', 'example_xcom_args_with_operators' retrieved from /home/airflow/.local/lib/python3.12/site-packages/airflow/example_dags/example_xcomargs.py
[2025-06-27T08:02:18.734+0000] {logging_mixin.py:190} INFO - [2025-06-27T08:02:18.734+0000] {dag.py:3239} INFO - Sync 2 DAGs
[2025-06-27T08:02:18.763+0000] {logging_mixin.py:190} INFO - [2025-06-27T08:02:18.763+0000] {dag.py:4180} INFO - Setting next_dagrun for example_xcom_args to None, run_after=None
[2025-06-27T08:02:18.772+0000] {logging_mixin.py:190} INFO - [2025-06-27T08:02:18.771+0000] {dag.py:4180} INFO - Setting next_dagrun for example_xcom_args_with_operators to None, run_after=None
[2025-06-27T08:02:18.809+0000] {processor.py:208} INFO - Processing /home/airflow/.local/lib/python3.12/site-packages/airflow/example_dags/example_xcomargs.py took 0.149 seconds
[2025-06-27T08:02:49.224+0000] {processor.py:186} INFO - Started process (PID=410) to work on /home/airflow/.local/lib/python3.12/site-packages/airflow/example_dags/example_xcomargs.py
[2025-06-27T08:02:49.225+0000] {processor.py:914} INFO - Processing file /home/airflow/.local/lib/python3.12/site-packages/airflow/example_dags/example_xcomargs.py for tasks to queue
[2025-06-27T08:02:49.229+0000] {logging_mixin.py:190} INFO - [2025-06-27T08:02:49.229+0000] {dagbag.py:588} INFO - Filling up the DagBag from /home/airflow/.local/lib/python3.12/site-packages/airflow/example_dags/example_xcomargs.py
[2025-06-27T08:02:49.244+0000] {processor.py:925} INFO - DAG(s) 'example_xcom_args_with_operators', 'example_xcom_args' retrieved from /home/airflow/.local/lib/python3.12/site-packages/airflow/example_dags/example_xcomargs.py
[2025-06-27T08:02:49.288+0000] {logging_mixin.py:190} INFO - [2025-06-27T08:02:49.287+0000] {dag.py:3239} INFO - Sync 2 DAGs
[2025-06-27T08:02:49.312+0000] {logging_mixin.py:190} INFO - [2025-06-27T08:02:49.312+0000] {dag.py:4180} INFO - Setting next_dagrun for example_xcom_args to None, run_after=None
[2025-06-27T08:02:49.319+0000] {logging_mixin.py:190} INFO - [2025-06-27T08:02:49.319+0000] {dag.py:4180} INFO - Setting next_dagrun for example_xcom_args_with_operators to None, run_after=None
[2025-06-27T08:02:49.350+0000] {processor.py:208} INFO - Processing /home/airflow/.local/lib/python3.12/site-packages/airflow/example_dags/example_xcomargs.py took 0.136 seconds
[2025-06-27T08:03:20.018+0000] {processor.py:186} INFO - Started process (PID=473) to work on /home/airflow/.local/lib/python3.12/site-packages/airflow/example_dags/example_xcomargs.py
[2025-06-27T08:03:20.020+0000] {processor.py:914} INFO - Processing file /home/airflow/.local/lib/python3.12/site-packages/airflow/example_dags/example_xcomargs.py for tasks to queue
[2025-06-27T08:03:20.027+0000] {logging_mixin.py:190} INFO - [2025-06-27T08:03:20.026+0000] {dagbag.py:588} INFO - Filling up the DagBag from /home/airflow/.local/lib/python3.12/site-packages/airflow/example_dags/example_xcomargs.py
[2025-06-27T08:03:20.055+0000] {processor.py:925} INFO - DAG(s) 'example_xcom_args', 'example_xcom_args_with_operators' retrieved from /home/airflow/.local/lib/python3.12/site-packages/airflow/example_dags/example_xcomargs.py
[2025-06-27T08:03:20.121+0000] {logging_mixin.py:190} INFO - [2025-06-27T08:03:20.120+0000] {dag.py:3239} INFO - Sync 2 DAGs
[2025-06-27T08:03:20.176+0000] {logging_mixin.py:190} INFO - [2025-06-27T08:03:20.176+0000] {dag.py:4180} INFO - Setting next_dagrun for example_xcom_args to None, run_after=None
[2025-06-27T08:03:20.187+0000] {logging_mixin.py:190} INFO - [2025-06-27T08:03:20.186+0000] {dag.py:4180} INFO - Setting next_dagrun for example_xcom_args_with_operators to None, run_after=None
[2025-06-27T08:03:20.255+0000] {processor.py:208} INFO - Processing /home/airflow/.local/lib/python3.12/site-packages/airflow/example_dags/example_xcomargs.py took 0.254 seconds
[2025-06-27T08:03:51.254+0000] {processor.py:186} INFO - Started process (PID=536) to work on /home/airflow/.local/lib/python3.12/site-packages/airflow/example_dags/example_xcomargs.py
[2025-06-27T08:03:51.256+0000] {processor.py:914} INFO - Processing file /home/airflow/.local/lib/python3.12/site-packages/airflow/example_dags/example_xcomargs.py for tasks to queue
[2025-06-27T08:03:51.264+0000] {logging_mixin.py:190} INFO - [2025-06-27T08:03:51.263+0000] {dagbag.py:588} INFO - Filling up the DagBag from /home/airflow/.local/lib/python3.12/site-packages/airflow/example_dags/example_xcomargs.py
[2025-06-27T08:03:51.299+0000] {processor.py:925} INFO - DAG(s) 'example_xcom_args_with_operators', 'example_xcom_args' retrieved from /home/airflow/.local/lib/python3.12/site-packages/airflow/example_dags/example_xcomargs.py
[2025-06-27T08:03:51.366+0000] {logging_mixin.py:190} INFO - [2025-06-27T08:03:51.366+0000] {dag.py:3239} INFO - Sync 2 DAGs
[2025-06-27T08:03:51.409+0000] {logging_mixin.py:190} INFO - [2025-06-27T08:03:51.408+0000] {dag.py:4180} INFO - Setting next_dagrun for example_xcom_args to None, run_after=None
[2025-06-27T08:03:51.418+0000] {logging_mixin.py:190} INFO - [2025-06-27T08:03:51.418+0000] {dag.py:4180} INFO - Setting next_dagrun for example_xcom_args_with_operators to None, run_after=None
[2025-06-27T08:03:51.465+0000] {processor.py:208} INFO - Processing /home/airflow/.local/lib/python3.12/site-packages/airflow/example_dags/example_xcomargs.py took 0.226 seconds
[2025-06-27T08:04:22.326+0000] {processor.py:186} INFO - Started process (PID=599) to work on /home/airflow/.local/lib/python3.12/site-packages/airflow/example_dags/example_xcomargs.py
[2025-06-27T08:04:22.328+0000] {processor.py:914} INFO - Processing file /home/airflow/.local/lib/python3.12/site-packages/airflow/example_dags/example_xcomargs.py for tasks to queue
[2025-06-27T08:04:22.335+0000] {logging_mixin.py:190} INFO - [2025-06-27T08:04:22.334+0000] {dagbag.py:588} INFO - Filling up the DagBag from /home/airflow/.local/lib/python3.12/site-packages/airflow/example_dags/example_xcomargs.py
[2025-06-27T08:04:22.360+0000] {processor.py:925} INFO - DAG(s) 'example_xcom_args', 'example_xcom_args_with_operators' retrieved from /home/airflow/.local/lib/python3.12/site-packages/airflow/example_dags/example_xcomargs.py
[2025-06-27T08:04:22.415+0000] {logging_mixin.py:190} INFO - [2025-06-27T08:04:22.414+0000] {dag.py:3239} INFO - Sync 2 DAGs
[2025-06-27T08:04:22.443+0000] {logging_mixin.py:190} INFO - [2025-06-27T08:04:22.443+0000] {dag.py:4180} INFO - Setting next_dagrun for example_xcom_args to None, run_after=None
[2025-06-27T08:04:22.450+0000] {logging_mixin.py:190} INFO - [2025-06-27T08:04:22.450+0000] {dag.py:4180} INFO - Setting next_dagrun for example_xcom_args_with_operators to None, run_after=None
[2025-06-27T08:04:22.479+0000] {processor.py:208} INFO - Processing /home/airflow/.local/lib/python3.12/site-packages/airflow/example_dags/example_xcomargs.py took 0.167 seconds
[2025-06-27T08:04:52.844+0000] {processor.py:186} INFO - Started process (PID=662) to work on /home/airflow/.local/lib/python3.12/site-packages/airflow/example_dags/example_xcomargs.py
[2025-06-27T08:04:52.847+0000] {processor.py:914} INFO - Processing file /home/airflow/.local/lib/python3.12/site-packages/airflow/example_dags/example_xcomargs.py for tasks to queue
[2025-06-27T08:04:52.858+0000] {logging_mixin.py:190} INFO - [2025-06-27T08:04:52.856+0000] {dagbag.py:588} INFO - Filling up the DagBag from /home/airflow/.local/lib/python3.12/site-packages/airflow/example_dags/example_xcomargs.py
[2025-06-27T08:04:52.892+0000] {processor.py:925} INFO - DAG(s) 'example_xcom_args_with_operators', 'example_xcom_args' retrieved from /home/airflow/.local/lib/python3.12/site-packages/airflow/example_dags/example_xcomargs.py
[2025-06-27T08:04:52.976+0000] {logging_mixin.py:190} INFO - [2025-06-27T08:04:52.976+0000] {dag.py:3239} INFO - Sync 2 DAGs
[2025-06-27T08:04:53.023+0000] {logging_mixin.py:190} INFO - [2025-06-27T08:04:53.022+0000] {dag.py:4180} INFO - Setting next_dagrun for example_xcom_args to None, run_after=None
[2025-06-27T08:04:53.036+0000] {logging_mixin.py:190} INFO - [2025-06-27T08:04:53.036+0000] {dag.py:4180} INFO - Setting next_dagrun for example_xcom_args_with_operators to None, run_after=None
[2025-06-27T08:04:53.097+0000] {processor.py:208} INFO - Processing /home/airflow/.local/lib/python3.12/site-packages/airflow/example_dags/example_xcomargs.py took 0.272 seconds
[2025-06-27T08:05:31.397+0000] {processor.py:186} INFO - Started process (PID=732) to work on /home/airflow/.local/lib/python3.12/site-packages/airflow/example_dags/example_xcomargs.py
[2025-06-27T08:05:31.409+0000] {processor.py:914} INFO - Processing file /home/airflow/.local/lib/python3.12/site-packages/airflow/example_dags/example_xcomargs.py for tasks to queue
[2025-06-27T08:05:31.430+0000] {logging_mixin.py:190} INFO - [2025-06-27T08:05:31.428+0000] {dagbag.py:588} INFO - Filling up the DagBag from /home/airflow/.local/lib/python3.12/site-packages/airflow/example_dags/example_xcomargs.py
[2025-06-27T08:05:31.539+0000] {processor.py:925} INFO - DAG(s) 'example_xcom_args_with_operators', 'example_xcom_args' retrieved from /home/airflow/.local/lib/python3.12/site-packages/airflow/example_dags/example_xcomargs.py
[2025-06-27T08:05:31.697+0000] {logging_mixin.py:190} INFO - [2025-06-27T08:05:31.696+0000] {dag.py:3239} INFO - Sync 2 DAGs
[2025-06-27T08:05:31.821+0000] {logging_mixin.py:190} INFO - [2025-06-27T08:05:31.820+0000] {dag.py:4180} INFO - Setting next_dagrun for example_xcom_args to None, run_after=None
[2025-06-27T08:05:31.846+0000] {logging_mixin.py:190} INFO - [2025-06-27T08:05:31.846+0000] {dag.py:4180} INFO - Setting next_dagrun for example_xcom_args_with_operators to None, run_after=None
[2025-06-27T08:05:32.016+0000] {processor.py:208} INFO - Processing /home/airflow/.local/lib/python3.12/site-packages/airflow/example_dags/example_xcomargs.py took 0.657 seconds
[2025-06-27T08:06:03.946+0000] {processor.py:186} INFO - Started process (PID=780) to work on /home/airflow/.local/lib/python3.12/site-packages/airflow/example_dags/example_xcomargs.py
[2025-06-27T08:06:03.949+0000] {processor.py:914} INFO - Processing file /home/airflow/.local/lib/python3.12/site-packages/airflow/example_dags/example_xcomargs.py for tasks to queue
[2025-06-27T08:06:03.958+0000] {logging_mixin.py:190} INFO - [2025-06-27T08:06:03.957+0000] {dagbag.py:588} INFO - Filling up the DagBag from /home/airflow/.local/lib/python3.12/site-packages/airflow/example_dags/example_xcomargs.py
[2025-06-27T08:06:03.997+0000] {processor.py:925} INFO - DAG(s) 'example_xcom_args', 'example_xcom_args_with_operators' retrieved from /home/airflow/.local/lib/python3.12/site-packages/airflow/example_dags/example_xcomargs.py
[2025-06-27T08:06:04.083+0000] {logging_mixin.py:190} INFO - [2025-06-27T08:06:04.083+0000] {dag.py:3239} INFO - Sync 2 DAGs
[2025-06-27T08:06:04.136+0000] {logging_mixin.py:190} INFO - [2025-06-27T08:06:04.135+0000] {dag.py:4180} INFO - Setting next_dagrun for example_xcom_args to None, run_after=None
[2025-06-27T08:06:04.149+0000] {logging_mixin.py:190} INFO - [2025-06-27T08:06:04.149+0000] {dag.py:4180} INFO - Setting next_dagrun for example_xcom_args_with_operators to None, run_after=None
[2025-06-27T08:06:04.202+0000] {processor.py:208} INFO - Processing /home/airflow/.local/lib/python3.12/site-packages/airflow/example_dags/example_xcomargs.py took 0.284 seconds
