[2025-06-27T07:37:10.850+0000] {processor.py:186} INFO - Started process (PID=166) to work on /home/airflow/.local/lib/python3.12/site-packages/airflow/example_dags/example_xcom.py
[2025-06-27T07:37:10.854+0000] {processor.py:914} INFO - Processing file /home/airflow/.local/lib/python3.12/site-packages/airflow/example_dags/example_xcom.py for tasks to queue
[2025-06-27T07:37:10.866+0000] {logging_mixin.py:190} INFO - [2025-06-27T07:37:10.864+0000] {dagbag.py:588} INFO - Filling up the DagBag from /home/airflow/.local/lib/python3.12/site-packages/airflow/example_dags/example_xcom.py
[2025-06-27T07:37:10.939+0000] {processor.py:925} INFO - DAG(s) 'example_xcom' retrieved from /home/airflow/.local/lib/python3.12/site-packages/airflow/example_dags/example_xcom.py
[2025-06-27T07:37:11.546+0000] {logging_mixin.py:190} INFO - [2025-06-27T07:37:11.544+0000] {override.py:1900} INFO - Created Permission View: can read on DAG:example_xcom
[2025-06-27T07:37:11.605+0000] {logging_mixin.py:190} INFO - [2025-06-27T07:37:11.604+0000] {override.py:1900} INFO - Created Permission View: can edit on DAG:example_xcom
[2025-06-27T07:37:11.649+0000] {logging_mixin.py:190} INFO - [2025-06-27T07:37:11.648+0000] {override.py:1900} INFO - Created Permission View: can delete on DAG:example_xcom
[2025-06-27T07:37:11.699+0000] {logging_mixin.py:190} INFO - [2025-06-27T07:37:11.698+0000] {override.py:1900} INFO - Created Permission View: can read on DAG Run:example_xcom
[2025-06-27T07:37:11.757+0000] {logging_mixin.py:190} INFO - [2025-06-27T07:37:11.755+0000] {override.py:1900} INFO - Created Permission View: can create on DAG Run:example_xcom
[2025-06-27T07:37:11.807+0000] {logging_mixin.py:190} INFO - [2025-06-27T07:37:11.806+0000] {override.py:1900} INFO - Created Permission View: can delete on DAG Run:example_xcom
[2025-06-27T07:37:11.844+0000] {logging_mixin.py:190} INFO - [2025-06-27T07:37:11.843+0000] {override.py:1900} INFO - Created Permission View: menu access on DAG Run:example_xcom
[2025-06-27T07:37:11.849+0000] {logging_mixin.py:190} INFO - [2025-06-27T07:37:11.848+0000] {dag.py:3239} INFO - Sync 1 DAGs
[2025-06-27T07:37:11.909+0000] {logging_mixin.py:190} INFO - [2025-06-27T07:37:11.908+0000] {dag.py:3262} INFO - Creating ORM DAG for example_xcom
[2025-06-27T07:37:11.999+0000] {logging_mixin.py:190} INFO - [2025-06-27T07:37:11.997+0000] {dag.py:4180} INFO - Setting next_dagrun for example_xcom to 2021-01-01 00:00:00+00:00, run_after=2021-01-01 00:00:00+00:00
[2025-06-27T07:37:12.091+0000] {processor.py:208} INFO - Processing /home/airflow/.local/lib/python3.12/site-packages/airflow/example_dags/example_xcom.py took 1.275 seconds
[2025-06-27T07:37:42.395+0000] {processor.py:186} INFO - Started process (PID=229) to work on /home/airflow/.local/lib/python3.12/site-packages/airflow/example_dags/example_xcom.py
[2025-06-27T07:37:42.398+0000] {processor.py:914} INFO - Processing file /home/airflow/.local/lib/python3.12/site-packages/airflow/example_dags/example_xcom.py for tasks to queue
[2025-06-27T07:37:42.407+0000] {logging_mixin.py:190} INFO - [2025-06-27T07:37:42.405+0000] {dagbag.py:588} INFO - Filling up the DagBag from /home/airflow/.local/lib/python3.12/site-packages/airflow/example_dags/example_xcom.py
[2025-06-27T07:37:42.440+0000] {processor.py:925} INFO - DAG(s) 'example_xcom' retrieved from /home/airflow/.local/lib/python3.12/site-packages/airflow/example_dags/example_xcom.py
[2025-06-27T07:37:42.542+0000] {logging_mixin.py:190} INFO - [2025-06-27T07:37:42.541+0000] {dag.py:3239} INFO - Sync 1 DAGs
[2025-06-27T07:37:42.653+0000] {logging_mixin.py:190} INFO - [2025-06-27T07:37:42.652+0000] {dag.py:4180} INFO - Setting next_dagrun for example_xcom to 2021-01-01 00:00:00+00:00, run_after=2021-01-01 00:00:00+00:00
[2025-06-27T07:37:42.715+0000] {processor.py:208} INFO - Processing /home/airflow/.local/lib/python3.12/site-packages/airflow/example_dags/example_xcom.py took 0.343 seconds
[2025-06-27T07:38:27.927+0000] {processor.py:186} INFO - Started process (PID=292) to work on /home/airflow/.local/lib/python3.12/site-packages/airflow/example_dags/example_xcom.py
[2025-06-27T07:38:27.940+0000] {processor.py:914} INFO - Processing file /home/airflow/.local/lib/python3.12/site-packages/airflow/example_dags/example_xcom.py for tasks to queue
[2025-06-27T07:38:27.962+0000] {logging_mixin.py:190} INFO - [2025-06-27T07:38:27.960+0000] {dagbag.py:588} INFO - Filling up the DagBag from /home/airflow/.local/lib/python3.12/site-packages/airflow/example_dags/example_xcom.py
[2025-06-27T07:38:28.027+0000] {processor.py:925} INFO - DAG(s) 'example_xcom' retrieved from /home/airflow/.local/lib/python3.12/site-packages/airflow/example_dags/example_xcom.py
[2025-06-27T07:38:28.129+0000] {logging_mixin.py:190} INFO - [2025-06-27T07:38:28.128+0000] {dag.py:3239} INFO - Sync 1 DAGs
[2025-06-27T07:38:28.275+0000] {logging_mixin.py:190} INFO - [2025-06-27T07:38:28.274+0000] {dag.py:4180} INFO - Setting next_dagrun for example_xcom to 2021-01-01 00:00:00+00:00, run_after=2021-01-01 00:00:00+00:00
[2025-06-27T07:38:28.453+0000] {processor.py:208} INFO - Processing /home/airflow/.local/lib/python3.12/site-packages/airflow/example_dags/example_xcom.py took 0.573 seconds
[2025-06-27T07:39:06.371+0000] {processor.py:186} INFO - Started process (PID=360) to work on /home/airflow/.local/lib/python3.12/site-packages/airflow/example_dags/example_xcom.py
[2025-06-27T07:39:06.393+0000] {processor.py:914} INFO - Processing file /home/airflow/.local/lib/python3.12/site-packages/airflow/example_dags/example_xcom.py for tasks to queue
[2025-06-27T07:39:06.420+0000] {logging_mixin.py:190} INFO - [2025-06-27T07:39:06.418+0000] {dagbag.py:588} INFO - Filling up the DagBag from /home/airflow/.local/lib/python3.12/site-packages/airflow/example_dags/example_xcom.py
[2025-06-27T07:39:06.575+0000] {processor.py:925} INFO - DAG(s) 'example_xcom' retrieved from /home/airflow/.local/lib/python3.12/site-packages/airflow/example_dags/example_xcom.py
[2025-06-27T07:39:06.807+0000] {logging_mixin.py:190} INFO - [2025-06-27T07:39:06.806+0000] {dag.py:3239} INFO - Sync 1 DAGs
[2025-06-27T07:39:07.157+0000] {logging_mixin.py:190} INFO - [2025-06-27T07:39:07.146+0000] {dag.py:4180} INFO - Setting next_dagrun for example_xcom to 2021-01-01 00:00:00+00:00, run_after=2021-01-01 00:00:00+00:00
[2025-06-27T07:39:07.409+0000] {processor.py:208} INFO - Processing /home/airflow/.local/lib/python3.12/site-packages/airflow/example_dags/example_xcom.py took 1.113 seconds
[2025-06-27T07:39:49.541+0000] {processor.py:186} INFO - Started process (PID=424) to work on /home/airflow/.local/lib/python3.12/site-packages/airflow/example_dags/example_xcom.py
[2025-06-27T07:39:49.545+0000] {processor.py:914} INFO - Processing file /home/airflow/.local/lib/python3.12/site-packages/airflow/example_dags/example_xcom.py for tasks to queue
[2025-06-27T07:39:49.552+0000] {logging_mixin.py:190} INFO - [2025-06-27T07:39:49.551+0000] {dagbag.py:588} INFO - Filling up the DagBag from /home/airflow/.local/lib/python3.12/site-packages/airflow/example_dags/example_xcom.py
[2025-06-27T07:39:49.586+0000] {processor.py:925} INFO - DAG(s) 'example_xcom' retrieved from /home/airflow/.local/lib/python3.12/site-packages/airflow/example_dags/example_xcom.py
[2025-06-27T07:39:49.649+0000] {logging_mixin.py:190} INFO - [2025-06-27T07:39:49.648+0000] {dag.py:3239} INFO - Sync 1 DAGs
[2025-06-27T07:39:49.715+0000] {logging_mixin.py:190} INFO - [2025-06-27T07:39:49.714+0000] {dag.py:4180} INFO - Setting next_dagrun for example_xcom to 2021-01-01 00:00:00+00:00, run_after=2021-01-01 00:00:00+00:00
[2025-06-27T07:39:49.767+0000] {processor.py:208} INFO - Processing /home/airflow/.local/lib/python3.12/site-packages/airflow/example_dags/example_xcom.py took 0.244 seconds
[2025-06-27T07:40:22.053+0000] {processor.py:186} INFO - Started process (PID=487) to work on /home/airflow/.local/lib/python3.12/site-packages/airflow/example_dags/example_xcom.py
[2025-06-27T07:40:22.091+0000] {processor.py:914} INFO - Processing file /home/airflow/.local/lib/python3.12/site-packages/airflow/example_dags/example_xcom.py for tasks to queue
[2025-06-27T07:40:22.108+0000] {logging_mixin.py:190} INFO - [2025-06-27T07:40:22.106+0000] {dagbag.py:588} INFO - Filling up the DagBag from /home/airflow/.local/lib/python3.12/site-packages/airflow/example_dags/example_xcom.py
[2025-06-27T07:40:22.178+0000] {processor.py:925} INFO - DAG(s) 'example_xcom' retrieved from /home/airflow/.local/lib/python3.12/site-packages/airflow/example_dags/example_xcom.py
[2025-06-27T07:40:22.338+0000] {logging_mixin.py:190} INFO - [2025-06-27T07:40:22.335+0000] {dag.py:3239} INFO - Sync 1 DAGs
[2025-06-27T07:40:22.491+0000] {logging_mixin.py:190} INFO - [2025-06-27T07:40:22.490+0000] {dag.py:4180} INFO - Setting next_dagrun for example_xcom to 2021-01-01 00:00:00+00:00, run_after=2021-01-01 00:00:00+00:00
[2025-06-27T07:40:22.640+0000] {processor.py:208} INFO - Processing /home/airflow/.local/lib/python3.12/site-packages/airflow/example_dags/example_xcom.py took 0.644 seconds
[2025-06-27T07:40:53.815+0000] {processor.py:186} INFO - Started process (PID=550) to work on /home/airflow/.local/lib/python3.12/site-packages/airflow/example_dags/example_xcom.py
[2025-06-27T07:40:53.819+0000] {processor.py:914} INFO - Processing file /home/airflow/.local/lib/python3.12/site-packages/airflow/example_dags/example_xcom.py for tasks to queue
[2025-06-27T07:40:53.828+0000] {logging_mixin.py:190} INFO - [2025-06-27T07:40:53.827+0000] {dagbag.py:588} INFO - Filling up the DagBag from /home/airflow/.local/lib/python3.12/site-packages/airflow/example_dags/example_xcom.py
[2025-06-27T07:40:53.860+0000] {processor.py:925} INFO - DAG(s) 'example_xcom' retrieved from /home/airflow/.local/lib/python3.12/site-packages/airflow/example_dags/example_xcom.py
[2025-06-27T07:40:53.931+0000] {logging_mixin.py:190} INFO - [2025-06-27T07:40:53.930+0000] {dag.py:3239} INFO - Sync 1 DAGs
[2025-06-27T07:40:54.037+0000] {logging_mixin.py:190} INFO - [2025-06-27T07:40:54.036+0000] {dag.py:4180} INFO - Setting next_dagrun for example_xcom to 2021-01-01 00:00:00+00:00, run_after=2021-01-01 00:00:00+00:00
[2025-06-27T07:40:54.163+0000] {processor.py:208} INFO - Processing /home/airflow/.local/lib/python3.12/site-packages/airflow/example_dags/example_xcom.py took 0.379 seconds
[2025-06-27T07:41:31.385+0000] {processor.py:186} INFO - Started process (PID=615) to work on /home/airflow/.local/lib/python3.12/site-packages/airflow/example_dags/example_xcom.py
[2025-06-27T07:41:31.388+0000] {processor.py:914} INFO - Processing file /home/airflow/.local/lib/python3.12/site-packages/airflow/example_dags/example_xcom.py for tasks to queue
[2025-06-27T07:41:31.398+0000] {logging_mixin.py:190} INFO - [2025-06-27T07:41:31.396+0000] {dagbag.py:588} INFO - Filling up the DagBag from /home/airflow/.local/lib/python3.12/site-packages/airflow/example_dags/example_xcom.py
[2025-06-27T07:41:31.443+0000] {processor.py:925} INFO - DAG(s) 'example_xcom' retrieved from /home/airflow/.local/lib/python3.12/site-packages/airflow/example_dags/example_xcom.py
[2025-06-27T07:41:31.618+0000] {logging_mixin.py:190} INFO - [2025-06-27T07:41:31.614+0000] {dag.py:3239} INFO - Sync 1 DAGs
[2025-06-27T07:41:31.729+0000] {logging_mixin.py:190} INFO - [2025-06-27T07:41:31.728+0000] {dag.py:4180} INFO - Setting next_dagrun for example_xcom to 2021-01-01 00:00:00+00:00, run_after=2021-01-01 00:00:00+00:00
[2025-06-27T07:41:31.800+0000] {processor.py:208} INFO - Processing /home/airflow/.local/lib/python3.12/site-packages/airflow/example_dags/example_xcom.py took 0.435 seconds
[2025-06-27T07:42:17.198+0000] {processor.py:186} INFO - Started process (PID=684) to work on /home/airflow/.local/lib/python3.12/site-packages/airflow/example_dags/example_xcom.py
[2025-06-27T07:42:17.205+0000] {processor.py:914} INFO - Processing file /home/airflow/.local/lib/python3.12/site-packages/airflow/example_dags/example_xcom.py for tasks to queue
[2025-06-27T07:42:17.219+0000] {logging_mixin.py:190} INFO - [2025-06-27T07:42:17.217+0000] {dagbag.py:588} INFO - Filling up the DagBag from /home/airflow/.local/lib/python3.12/site-packages/airflow/example_dags/example_xcom.py
[2025-06-27T07:42:17.301+0000] {processor.py:925} INFO - DAG(s) 'example_xcom' retrieved from /home/airflow/.local/lib/python3.12/site-packages/airflow/example_dags/example_xcom.py
[2025-06-27T07:42:17.531+0000] {logging_mixin.py:190} INFO - [2025-06-27T07:42:17.530+0000] {dag.py:3239} INFO - Sync 1 DAGs
[2025-06-27T07:42:17.637+0000] {logging_mixin.py:190} INFO - [2025-06-27T07:42:17.636+0000] {dag.py:4180} INFO - Setting next_dagrun for example_xcom to 2021-01-01 00:00:00+00:00, run_after=2021-01-01 00:00:00+00:00
[2025-06-27T07:42:17.726+0000] {processor.py:208} INFO - Processing /home/airflow/.local/lib/python3.12/site-packages/airflow/example_dags/example_xcom.py took 0.570 seconds
[2025-06-27T07:42:50.998+0000] {processor.py:186} INFO - Started process (PID=747) to work on /home/airflow/.local/lib/python3.12/site-packages/airflow/example_dags/example_xcom.py
[2025-06-27T07:42:51.003+0000] {processor.py:914} INFO - Processing file /home/airflow/.local/lib/python3.12/site-packages/airflow/example_dags/example_xcom.py for tasks to queue
[2025-06-27T07:42:51.023+0000] {logging_mixin.py:190} INFO - [2025-06-27T07:42:51.021+0000] {dagbag.py:588} INFO - Filling up the DagBag from /home/airflow/.local/lib/python3.12/site-packages/airflow/example_dags/example_xcom.py
[2025-06-27T07:42:51.120+0000] {processor.py:925} INFO - DAG(s) 'example_xcom' retrieved from /home/airflow/.local/lib/python3.12/site-packages/airflow/example_dags/example_xcom.py
[2025-06-27T07:42:51.244+0000] {logging_mixin.py:190} INFO - [2025-06-27T07:42:51.242+0000] {dag.py:3239} INFO - Sync 1 DAGs
[2025-06-27T07:42:51.414+0000] {logging_mixin.py:190} INFO - [2025-06-27T07:42:51.412+0000] {dag.py:4180} INFO - Setting next_dagrun for example_xcom to 2021-01-01 00:00:00+00:00, run_after=2021-01-01 00:00:00+00:00
[2025-06-27T07:42:51.507+0000] {processor.py:208} INFO - Processing /home/airflow/.local/lib/python3.12/site-packages/airflow/example_dags/example_xcom.py took 0.557 seconds
[2025-06-27T07:43:28.393+0000] {processor.py:186} INFO - Started process (PID=809) to work on /home/airflow/.local/lib/python3.12/site-packages/airflow/example_dags/example_xcom.py
[2025-06-27T07:43:28.396+0000] {processor.py:914} INFO - Processing file /home/airflow/.local/lib/python3.12/site-packages/airflow/example_dags/example_xcom.py for tasks to queue
[2025-06-27T07:43:28.405+0000] {logging_mixin.py:190} INFO - [2025-06-27T07:43:28.404+0000] {dagbag.py:588} INFO - Filling up the DagBag from /home/airflow/.local/lib/python3.12/site-packages/airflow/example_dags/example_xcom.py
[2025-06-27T07:43:28.436+0000] {processor.py:925} INFO - DAG(s) 'example_xcom' retrieved from /home/airflow/.local/lib/python3.12/site-packages/airflow/example_dags/example_xcom.py
[2025-06-27T07:43:28.522+0000] {logging_mixin.py:190} INFO - [2025-06-27T07:43:28.521+0000] {dag.py:3239} INFO - Sync 1 DAGs
[2025-06-27T07:43:28.622+0000] {logging_mixin.py:190} INFO - [2025-06-27T07:43:28.621+0000] {dag.py:4180} INFO - Setting next_dagrun for example_xcom to 2021-01-01 00:00:00+00:00, run_after=2021-01-01 00:00:00+00:00
[2025-06-27T07:43:28.690+0000] {processor.py:208} INFO - Processing /home/airflow/.local/lib/python3.12/site-packages/airflow/example_dags/example_xcom.py took 0.320 seconds
[2025-06-27T07:43:59.569+0000] {processor.py:186} INFO - Started process (PID=872) to work on /home/airflow/.local/lib/python3.12/site-packages/airflow/example_dags/example_xcom.py
[2025-06-27T07:43:59.573+0000] {processor.py:914} INFO - Processing file /home/airflow/.local/lib/python3.12/site-packages/airflow/example_dags/example_xcom.py for tasks to queue
[2025-06-27T07:43:59.582+0000] {logging_mixin.py:190} INFO - [2025-06-27T07:43:59.581+0000] {dagbag.py:588} INFO - Filling up the DagBag from /home/airflow/.local/lib/python3.12/site-packages/airflow/example_dags/example_xcom.py
[2025-06-27T07:43:59.617+0000] {processor.py:925} INFO - DAG(s) 'example_xcom' retrieved from /home/airflow/.local/lib/python3.12/site-packages/airflow/example_dags/example_xcom.py
[2025-06-27T07:43:59.692+0000] {logging_mixin.py:190} INFO - [2025-06-27T07:43:59.690+0000] {dag.py:3239} INFO - Sync 1 DAGs
[2025-06-27T07:43:59.801+0000] {logging_mixin.py:190} INFO - [2025-06-27T07:43:59.800+0000] {dag.py:4180} INFO - Setting next_dagrun for example_xcom to 2021-01-01 00:00:00+00:00, run_after=2021-01-01 00:00:00+00:00
[2025-06-27T07:43:59.879+0000] {processor.py:208} INFO - Processing /home/airflow/.local/lib/python3.12/site-packages/airflow/example_dags/example_xcom.py took 0.333 seconds
[2025-06-27T07:44:30.354+0000] {processor.py:186} INFO - Started process (PID=936) to work on /home/airflow/.local/lib/python3.12/site-packages/airflow/example_dags/example_xcom.py
[2025-06-27T07:44:30.358+0000] {processor.py:914} INFO - Processing file /home/airflow/.local/lib/python3.12/site-packages/airflow/example_dags/example_xcom.py for tasks to queue
[2025-06-27T07:44:30.369+0000] {logging_mixin.py:190} INFO - [2025-06-27T07:44:30.368+0000] {dagbag.py:588} INFO - Filling up the DagBag from /home/airflow/.local/lib/python3.12/site-packages/airflow/example_dags/example_xcom.py
[2025-06-27T07:44:30.403+0000] {processor.py:925} INFO - DAG(s) 'example_xcom' retrieved from /home/airflow/.local/lib/python3.12/site-packages/airflow/example_dags/example_xcom.py
[2025-06-27T07:44:30.472+0000] {logging_mixin.py:190} INFO - [2025-06-27T07:44:30.471+0000] {dag.py:3239} INFO - Sync 1 DAGs
[2025-06-27T07:44:30.579+0000] {logging_mixin.py:190} INFO - [2025-06-27T07:44:30.578+0000] {dag.py:4180} INFO - Setting next_dagrun for example_xcom to 2021-01-01 00:00:00+00:00, run_after=2021-01-01 00:00:00+00:00
[2025-06-27T07:44:30.656+0000] {processor.py:208} INFO - Processing /home/airflow/.local/lib/python3.12/site-packages/airflow/example_dags/example_xcom.py took 0.323 seconds
[2025-06-27T07:45:00.908+0000] {processor.py:186} INFO - Started process (PID=999) to work on /home/airflow/.local/lib/python3.12/site-packages/airflow/example_dags/example_xcom.py
[2025-06-27T07:45:00.910+0000] {processor.py:914} INFO - Processing file /home/airflow/.local/lib/python3.12/site-packages/airflow/example_dags/example_xcom.py for tasks to queue
[2025-06-27T07:45:00.917+0000] {logging_mixin.py:190} INFO - [2025-06-27T07:45:00.916+0000] {dagbag.py:588} INFO - Filling up the DagBag from /home/airflow/.local/lib/python3.12/site-packages/airflow/example_dags/example_xcom.py
[2025-06-27T07:45:00.934+0000] {processor.py:925} INFO - DAG(s) 'example_xcom' retrieved from /home/airflow/.local/lib/python3.12/site-packages/airflow/example_dags/example_xcom.py
[2025-06-27T07:45:00.977+0000] {logging_mixin.py:190} INFO - [2025-06-27T07:45:00.976+0000] {dag.py:3239} INFO - Sync 1 DAGs
[2025-06-27T07:45:01.018+0000] {logging_mixin.py:190} INFO - [2025-06-27T07:45:01.017+0000] {dag.py:4180} INFO - Setting next_dagrun for example_xcom to 2021-01-01 00:00:00+00:00, run_after=2021-01-01 00:00:00+00:00
[2025-06-27T07:45:01.057+0000] {processor.py:208} INFO - Processing /home/airflow/.local/lib/python3.12/site-packages/airflow/example_dags/example_xcom.py took 0.160 seconds
[2025-06-27T07:45:31.359+0000] {processor.py:186} INFO - Started process (PID=1062) to work on /home/airflow/.local/lib/python3.12/site-packages/airflow/example_dags/example_xcom.py
[2025-06-27T07:45:31.362+0000] {processor.py:914} INFO - Processing file /home/airflow/.local/lib/python3.12/site-packages/airflow/example_dags/example_xcom.py for tasks to queue
[2025-06-27T07:45:31.366+0000] {logging_mixin.py:190} INFO - [2025-06-27T07:45:31.366+0000] {dagbag.py:588} INFO - Filling up the DagBag from /home/airflow/.local/lib/python3.12/site-packages/airflow/example_dags/example_xcom.py
[2025-06-27T07:45:31.384+0000] {processor.py:925} INFO - DAG(s) 'example_xcom' retrieved from /home/airflow/.local/lib/python3.12/site-packages/airflow/example_dags/example_xcom.py
[2025-06-27T07:45:31.428+0000] {logging_mixin.py:190} INFO - [2025-06-27T07:45:31.428+0000] {dag.py:3239} INFO - Sync 1 DAGs
[2025-06-27T07:45:31.478+0000] {logging_mixin.py:190} INFO - [2025-06-27T07:45:31.477+0000] {dag.py:4180} INFO - Setting next_dagrun for example_xcom to 2021-01-01 00:00:00+00:00, run_after=2021-01-01 00:00:00+00:00
[2025-06-27T07:45:31.522+0000] {processor.py:208} INFO - Processing /home/airflow/.local/lib/python3.12/site-packages/airflow/example_dags/example_xcom.py took 0.173 seconds
[2025-06-27T07:46:02.019+0000] {processor.py:186} INFO - Started process (PID=1125) to work on /home/airflow/.local/lib/python3.12/site-packages/airflow/example_dags/example_xcom.py
[2025-06-27T07:46:02.023+0000] {processor.py:914} INFO - Processing file /home/airflow/.local/lib/python3.12/site-packages/airflow/example_dags/example_xcom.py for tasks to queue
[2025-06-27T07:46:02.031+0000] {logging_mixin.py:190} INFO - [2025-06-27T07:46:02.030+0000] {dagbag.py:588} INFO - Filling up the DagBag from /home/airflow/.local/lib/python3.12/site-packages/airflow/example_dags/example_xcom.py
[2025-06-27T07:46:02.082+0000] {processor.py:925} INFO - DAG(s) 'example_xcom' retrieved from /home/airflow/.local/lib/python3.12/site-packages/airflow/example_dags/example_xcom.py
[2025-06-27T07:46:02.148+0000] {logging_mixin.py:190} INFO - [2025-06-27T07:46:02.148+0000] {dag.py:3239} INFO - Sync 1 DAGs
[2025-06-27T07:46:02.270+0000] {logging_mixin.py:190} INFO - [2025-06-27T07:46:02.270+0000] {dag.py:4180} INFO - Setting next_dagrun for example_xcom to 2021-01-01 00:00:00+00:00, run_after=2021-01-01 00:00:00+00:00
[2025-06-27T07:46:02.333+0000] {processor.py:208} INFO - Processing /home/airflow/.local/lib/python3.12/site-packages/airflow/example_dags/example_xcom.py took 0.331 seconds
[2025-06-27T07:46:32.690+0000] {processor.py:186} INFO - Started process (PID=1188) to work on /home/airflow/.local/lib/python3.12/site-packages/airflow/example_dags/example_xcom.py
[2025-06-27T07:46:32.691+0000] {processor.py:914} INFO - Processing file /home/airflow/.local/lib/python3.12/site-packages/airflow/example_dags/example_xcom.py for tasks to queue
[2025-06-27T07:46:32.696+0000] {logging_mixin.py:190} INFO - [2025-06-27T07:46:32.696+0000] {dagbag.py:588} INFO - Filling up the DagBag from /home/airflow/.local/lib/python3.12/site-packages/airflow/example_dags/example_xcom.py
[2025-06-27T07:46:32.712+0000] {processor.py:925} INFO - DAG(s) 'example_xcom' retrieved from /home/airflow/.local/lib/python3.12/site-packages/airflow/example_dags/example_xcom.py
[2025-06-27T07:46:32.753+0000] {logging_mixin.py:190} INFO - [2025-06-27T07:46:32.752+0000] {dag.py:3239} INFO - Sync 1 DAGs
[2025-06-27T07:46:32.792+0000] {logging_mixin.py:190} INFO - [2025-06-27T07:46:32.792+0000] {dag.py:4180} INFO - Setting next_dagrun for example_xcom to 2021-01-01 00:00:00+00:00, run_after=2021-01-01 00:00:00+00:00
[2025-06-27T07:46:32.833+0000] {processor.py:208} INFO - Processing /home/airflow/.local/lib/python3.12/site-packages/airflow/example_dags/example_xcom.py took 0.153 seconds
[2025-06-27T07:47:04.065+0000] {processor.py:186} INFO - Started process (PID=1251) to work on /home/airflow/.local/lib/python3.12/site-packages/airflow/example_dags/example_xcom.py
[2025-06-27T07:47:04.067+0000] {processor.py:914} INFO - Processing file /home/airflow/.local/lib/python3.12/site-packages/airflow/example_dags/example_xcom.py for tasks to queue
[2025-06-27T07:47:04.072+0000] {logging_mixin.py:190} INFO - [2025-06-27T07:47:04.072+0000] {dagbag.py:588} INFO - Filling up the DagBag from /home/airflow/.local/lib/python3.12/site-packages/airflow/example_dags/example_xcom.py
[2025-06-27T07:47:04.092+0000] {processor.py:925} INFO - DAG(s) 'example_xcom' retrieved from /home/airflow/.local/lib/python3.12/site-packages/airflow/example_dags/example_xcom.py
[2025-06-27T07:47:04.136+0000] {logging_mixin.py:190} INFO - [2025-06-27T07:47:04.135+0000] {dag.py:3239} INFO - Sync 1 DAGs
[2025-06-27T07:47:04.185+0000] {logging_mixin.py:190} INFO - [2025-06-27T07:47:04.185+0000] {dag.py:4180} INFO - Setting next_dagrun for example_xcom to 2021-01-01 00:00:00+00:00, run_after=2021-01-01 00:00:00+00:00
[2025-06-27T07:47:04.227+0000] {processor.py:208} INFO - Processing /home/airflow/.local/lib/python3.12/site-packages/airflow/example_dags/example_xcom.py took 0.177 seconds
[2025-06-27T07:47:34.568+0000] {processor.py:186} INFO - Started process (PID=1314) to work on /home/airflow/.local/lib/python3.12/site-packages/airflow/example_dags/example_xcom.py
[2025-06-27T07:47:34.571+0000] {processor.py:914} INFO - Processing file /home/airflow/.local/lib/python3.12/site-packages/airflow/example_dags/example_xcom.py for tasks to queue
[2025-06-27T07:47:34.576+0000] {logging_mixin.py:190} INFO - [2025-06-27T07:47:34.576+0000] {dagbag.py:588} INFO - Filling up the DagBag from /home/airflow/.local/lib/python3.12/site-packages/airflow/example_dags/example_xcom.py
[2025-06-27T07:47:34.596+0000] {processor.py:925} INFO - DAG(s) 'example_xcom' retrieved from /home/airflow/.local/lib/python3.12/site-packages/airflow/example_dags/example_xcom.py
[2025-06-27T07:47:34.664+0000] {logging_mixin.py:190} INFO - [2025-06-27T07:47:34.663+0000] {dag.py:3239} INFO - Sync 1 DAGs
[2025-06-27T07:47:34.799+0000] {logging_mixin.py:190} INFO - [2025-06-27T07:47:34.798+0000] {dag.py:4180} INFO - Setting next_dagrun for example_xcom to 2021-01-01 00:00:00+00:00, run_after=2021-01-01 00:00:00+00:00
[2025-06-27T07:47:34.913+0000] {processor.py:208} INFO - Processing /home/airflow/.local/lib/python3.12/site-packages/airflow/example_dags/example_xcom.py took 0.358 seconds
[2025-06-27T07:48:05.227+0000] {processor.py:186} INFO - Started process (PID=1376) to work on /home/airflow/.local/lib/python3.12/site-packages/airflow/example_dags/example_xcom.py
[2025-06-27T07:48:05.229+0000] {processor.py:914} INFO - Processing file /home/airflow/.local/lib/python3.12/site-packages/airflow/example_dags/example_xcom.py for tasks to queue
[2025-06-27T07:48:05.235+0000] {logging_mixin.py:190} INFO - [2025-06-27T07:48:05.234+0000] {dagbag.py:588} INFO - Filling up the DagBag from /home/airflow/.local/lib/python3.12/site-packages/airflow/example_dags/example_xcom.py
[2025-06-27T07:48:05.251+0000] {processor.py:925} INFO - DAG(s) 'example_xcom' retrieved from /home/airflow/.local/lib/python3.12/site-packages/airflow/example_dags/example_xcom.py
[2025-06-27T07:48:05.290+0000] {logging_mixin.py:190} INFO - [2025-06-27T07:48:05.289+0000] {dag.py:3239} INFO - Sync 1 DAGs
[2025-06-27T07:48:05.330+0000] {logging_mixin.py:190} INFO - [2025-06-27T07:48:05.330+0000] {dag.py:4180} INFO - Setting next_dagrun for example_xcom to 2021-01-01 00:00:00+00:00, run_after=2021-01-01 00:00:00+00:00
[2025-06-27T07:48:05.362+0000] {processor.py:208} INFO - Processing /home/airflow/.local/lib/python3.12/site-packages/airflow/example_dags/example_xcom.py took 0.148 seconds
[2025-06-27T07:48:36.018+0000] {processor.py:186} INFO - Started process (PID=1439) to work on /home/airflow/.local/lib/python3.12/site-packages/airflow/example_dags/example_xcom.py
[2025-06-27T07:48:36.021+0000] {processor.py:914} INFO - Processing file /home/airflow/.local/lib/python3.12/site-packages/airflow/example_dags/example_xcom.py for tasks to queue
[2025-06-27T07:48:36.032+0000] {logging_mixin.py:190} INFO - [2025-06-27T07:48:36.031+0000] {dagbag.py:588} INFO - Filling up the DagBag from /home/airflow/.local/lib/python3.12/site-packages/airflow/example_dags/example_xcom.py
[2025-06-27T07:48:36.075+0000] {processor.py:925} INFO - DAG(s) 'example_xcom' retrieved from /home/airflow/.local/lib/python3.12/site-packages/airflow/example_dags/example_xcom.py
[2025-06-27T07:48:36.172+0000] {logging_mixin.py:190} INFO - [2025-06-27T07:48:36.170+0000] {dag.py:3239} INFO - Sync 1 DAGs
[2025-06-27T07:48:36.254+0000] {logging_mixin.py:190} INFO - [2025-06-27T07:48:36.253+0000] {dag.py:4180} INFO - Setting next_dagrun for example_xcom to 2021-01-01 00:00:00+00:00, run_after=2021-01-01 00:00:00+00:00
[2025-06-27T07:48:36.308+0000] {processor.py:208} INFO - Processing /home/airflow/.local/lib/python3.12/site-packages/airflow/example_dags/example_xcom.py took 0.309 seconds
[2025-06-27T07:49:06.957+0000] {processor.py:186} INFO - Started process (PID=1502) to work on /home/airflow/.local/lib/python3.12/site-packages/airflow/example_dags/example_xcom.py
[2025-06-27T07:49:06.960+0000] {processor.py:914} INFO - Processing file /home/airflow/.local/lib/python3.12/site-packages/airflow/example_dags/example_xcom.py for tasks to queue
[2025-06-27T07:49:06.968+0000] {logging_mixin.py:190} INFO - [2025-06-27T07:49:06.967+0000] {dagbag.py:588} INFO - Filling up the DagBag from /home/airflow/.local/lib/python3.12/site-packages/airflow/example_dags/example_xcom.py
[2025-06-27T07:49:06.999+0000] {processor.py:925} INFO - DAG(s) 'example_xcom' retrieved from /home/airflow/.local/lib/python3.12/site-packages/airflow/example_dags/example_xcom.py
[2025-06-27T07:49:07.072+0000] {logging_mixin.py:190} INFO - [2025-06-27T07:49:07.071+0000] {dag.py:3239} INFO - Sync 1 DAGs
[2025-06-27T07:49:07.126+0000] {logging_mixin.py:190} INFO - [2025-06-27T07:49:07.125+0000] {dag.py:4180} INFO - Setting next_dagrun for example_xcom to 2021-01-01 00:00:00+00:00, run_after=2021-01-01 00:00:00+00:00
[2025-06-27T07:49:07.169+0000] {processor.py:208} INFO - Processing /home/airflow/.local/lib/python3.12/site-packages/airflow/example_dags/example_xcom.py took 0.230 seconds
[2025-06-27T07:52:23.018+0000] {processor.py:186} INFO - Started process (PID=115) to work on /home/airflow/.local/lib/python3.12/site-packages/airflow/example_dags/example_xcom.py
[2025-06-27T07:52:23.023+0000] {processor.py:914} INFO - Processing file /home/airflow/.local/lib/python3.12/site-packages/airflow/example_dags/example_xcom.py for tasks to queue
[2025-06-27T07:52:23.037+0000] {logging_mixin.py:190} INFO - [2025-06-27T07:52:23.036+0000] {dagbag.py:588} INFO - Filling up the DagBag from /home/airflow/.local/lib/python3.12/site-packages/airflow/example_dags/example_xcom.py
[2025-06-27T07:52:23.109+0000] {processor.py:925} INFO - DAG(s) 'example_xcom' retrieved from /home/airflow/.local/lib/python3.12/site-packages/airflow/example_dags/example_xcom.py
[2025-06-27T07:52:23.280+0000] {logging_mixin.py:190} INFO - [2025-06-27T07:52:23.279+0000] {dag.py:3239} INFO - Sync 1 DAGs
[2025-06-27T07:52:23.475+0000] {logging_mixin.py:190} INFO - [2025-06-27T07:52:23.473+0000] {dag.py:4180} INFO - Setting next_dagrun for example_xcom to 2021-01-01 00:00:00+00:00, run_after=2021-01-01 00:00:00+00:00
[2025-06-27T07:52:23.648+0000] {processor.py:208} INFO - Processing /home/airflow/.local/lib/python3.12/site-packages/airflow/example_dags/example_xcom.py took 0.679 seconds
[2025-06-27T07:52:56.043+0000] {processor.py:186} INFO - Started process (PID=178) to work on /home/airflow/.local/lib/python3.12/site-packages/airflow/example_dags/example_xcom.py
[2025-06-27T07:52:56.045+0000] {processor.py:914} INFO - Processing file /home/airflow/.local/lib/python3.12/site-packages/airflow/example_dags/example_xcom.py for tasks to queue
[2025-06-27T07:52:56.050+0000] {logging_mixin.py:190} INFO - [2025-06-27T07:52:56.049+0000] {dagbag.py:588} INFO - Filling up the DagBag from /home/airflow/.local/lib/python3.12/site-packages/airflow/example_dags/example_xcom.py
[2025-06-27T07:52:56.069+0000] {processor.py:925} INFO - DAG(s) 'example_xcom' retrieved from /home/airflow/.local/lib/python3.12/site-packages/airflow/example_dags/example_xcom.py
[2025-06-27T07:52:56.121+0000] {logging_mixin.py:190} INFO - [2025-06-27T07:52:56.121+0000] {dag.py:3239} INFO - Sync 1 DAGs
[2025-06-27T07:52:56.182+0000] {logging_mixin.py:190} INFO - [2025-06-27T07:52:56.182+0000] {dag.py:4180} INFO - Setting next_dagrun for example_xcom to 2021-01-01 00:00:00+00:00, run_after=2021-01-01 00:00:00+00:00
[2025-06-27T07:52:56.238+0000] {processor.py:208} INFO - Processing /home/airflow/.local/lib/python3.12/site-packages/airflow/example_dags/example_xcom.py took 0.208 seconds
[2025-06-27T07:53:28.372+0000] {processor.py:186} INFO - Started process (PID=241) to work on /home/airflow/.local/lib/python3.12/site-packages/airflow/example_dags/example_xcom.py
[2025-06-27T07:53:28.375+0000] {processor.py:914} INFO - Processing file /home/airflow/.local/lib/python3.12/site-packages/airflow/example_dags/example_xcom.py for tasks to queue
[2025-06-27T07:53:28.383+0000] {logging_mixin.py:190} INFO - [2025-06-27T07:53:28.382+0000] {dagbag.py:588} INFO - Filling up the DagBag from /home/airflow/.local/lib/python3.12/site-packages/airflow/example_dags/example_xcom.py
[2025-06-27T07:53:28.410+0000] {processor.py:925} INFO - DAG(s) 'example_xcom' retrieved from /home/airflow/.local/lib/python3.12/site-packages/airflow/example_dags/example_xcom.py
[2025-06-27T07:53:28.461+0000] {logging_mixin.py:190} INFO - [2025-06-27T07:53:28.461+0000] {dag.py:3239} INFO - Sync 1 DAGs
[2025-06-27T07:53:28.509+0000] {logging_mixin.py:190} INFO - [2025-06-27T07:53:28.509+0000] {dag.py:4180} INFO - Setting next_dagrun for example_xcom to 2021-01-01 00:00:00+00:00, run_after=2021-01-01 00:00:00+00:00
[2025-06-27T07:53:28.554+0000] {processor.py:208} INFO - Processing /home/airflow/.local/lib/python3.12/site-packages/airflow/example_dags/example_xcom.py took 0.203 seconds
[2025-06-27T07:53:58.823+0000] {processor.py:186} INFO - Started process (PID=305) to work on /home/airflow/.local/lib/python3.12/site-packages/airflow/example_dags/example_xcom.py
[2025-06-27T07:53:58.825+0000] {processor.py:914} INFO - Processing file /home/airflow/.local/lib/python3.12/site-packages/airflow/example_dags/example_xcom.py for tasks to queue
[2025-06-27T07:53:58.829+0000] {logging_mixin.py:190} INFO - [2025-06-27T07:53:58.828+0000] {dagbag.py:588} INFO - Filling up the DagBag from /home/airflow/.local/lib/python3.12/site-packages/airflow/example_dags/example_xcom.py
[2025-06-27T07:53:58.845+0000] {processor.py:925} INFO - DAG(s) 'example_xcom' retrieved from /home/airflow/.local/lib/python3.12/site-packages/airflow/example_dags/example_xcom.py
[2025-06-27T07:53:58.892+0000] {logging_mixin.py:190} INFO - [2025-06-27T07:53:58.892+0000] {dag.py:3239} INFO - Sync 1 DAGs
[2025-06-27T07:53:58.961+0000] {logging_mixin.py:190} INFO - [2025-06-27T07:53:58.960+0000] {dag.py:4180} INFO - Setting next_dagrun for example_xcom to 2021-01-01 00:00:00+00:00, run_after=2021-01-01 00:00:00+00:00
[2025-06-27T07:53:59.012+0000] {processor.py:208} INFO - Processing /home/airflow/.local/lib/python3.12/site-packages/airflow/example_dags/example_xcom.py took 0.199 seconds
[2025-06-27T07:54:30.747+0000] {processor.py:186} INFO - Started process (PID=368) to work on /home/airflow/.local/lib/python3.12/site-packages/airflow/example_dags/example_xcom.py
[2025-06-27T07:54:30.750+0000] {processor.py:914} INFO - Processing file /home/airflow/.local/lib/python3.12/site-packages/airflow/example_dags/example_xcom.py for tasks to queue
[2025-06-27T07:54:30.756+0000] {logging_mixin.py:190} INFO - [2025-06-27T07:54:30.755+0000] {dagbag.py:588} INFO - Filling up the DagBag from /home/airflow/.local/lib/python3.12/site-packages/airflow/example_dags/example_xcom.py
[2025-06-27T07:54:30.778+0000] {processor.py:925} INFO - DAG(s) 'example_xcom' retrieved from /home/airflow/.local/lib/python3.12/site-packages/airflow/example_dags/example_xcom.py
[2025-06-27T07:54:30.832+0000] {logging_mixin.py:190} INFO - [2025-06-27T07:54:30.832+0000] {dag.py:3239} INFO - Sync 1 DAGs
[2025-06-27T07:54:30.896+0000] {logging_mixin.py:190} INFO - [2025-06-27T07:54:30.896+0000] {dag.py:4180} INFO - Setting next_dagrun for example_xcom to 2021-01-01 00:00:00+00:00, run_after=2021-01-01 00:00:00+00:00
[2025-06-27T07:54:30.973+0000] {processor.py:208} INFO - Processing /home/airflow/.local/lib/python3.12/site-packages/airflow/example_dags/example_xcom.py took 0.240 seconds
[2025-06-27T07:55:01.946+0000] {processor.py:186} INFO - Started process (PID=431) to work on /home/airflow/.local/lib/python3.12/site-packages/airflow/example_dags/example_xcom.py
[2025-06-27T07:55:01.949+0000] {processor.py:914} INFO - Processing file /home/airflow/.local/lib/python3.12/site-packages/airflow/example_dags/example_xcom.py for tasks to queue
[2025-06-27T07:55:01.957+0000] {logging_mixin.py:190} INFO - [2025-06-27T07:55:01.956+0000] {dagbag.py:588} INFO - Filling up the DagBag from /home/airflow/.local/lib/python3.12/site-packages/airflow/example_dags/example_xcom.py
[2025-06-27T07:55:01.991+0000] {processor.py:925} INFO - DAG(s) 'example_xcom' retrieved from /home/airflow/.local/lib/python3.12/site-packages/airflow/example_dags/example_xcom.py
[2025-06-27T07:55:02.073+0000] {logging_mixin.py:190} INFO - [2025-06-27T07:55:02.073+0000] {dag.py:3239} INFO - Sync 1 DAGs
[2025-06-27T07:55:02.157+0000] {logging_mixin.py:190} INFO - [2025-06-27T07:55:02.156+0000] {dag.py:4180} INFO - Setting next_dagrun for example_xcom to 2021-01-01 00:00:00+00:00, run_after=2021-01-01 00:00:00+00:00
[2025-06-27T07:55:02.207+0000] {processor.py:208} INFO - Processing /home/airflow/.local/lib/python3.12/site-packages/airflow/example_dags/example_xcom.py took 0.277 seconds
[2025-06-27T07:59:43.461+0000] {processor.py:186} INFO - Started process (PID=102) to work on /home/airflow/.local/lib/python3.12/site-packages/airflow/example_dags/example_xcom.py
[2025-06-27T07:59:43.662+0000] {processor.py:914} INFO - Processing file /home/airflow/.local/lib/python3.12/site-packages/airflow/example_dags/example_xcom.py for tasks to queue
[2025-06-27T07:59:43.829+0000] {logging_mixin.py:190} INFO - [2025-06-27T07:59:43.826+0000] {dagbag.py:588} INFO - Filling up the DagBag from /home/airflow/.local/lib/python3.12/site-packages/airflow/example_dags/example_xcom.py
[2025-06-27T07:59:44.348+0000] {processor.py:925} INFO - DAG(s) 'example_xcom' retrieved from /home/airflow/.local/lib/python3.12/site-packages/airflow/example_dags/example_xcom.py
[2025-06-27T07:59:44.629+0000] {logging_mixin.py:190} INFO - [2025-06-27T07:59:44.628+0000] {dag.py:3239} INFO - Sync 1 DAGs
[2025-06-27T07:59:44.788+0000] {logging_mixin.py:190} INFO - [2025-06-27T07:59:44.787+0000] {dag.py:4180} INFO - Setting next_dagrun for example_xcom to 2021-01-01 00:00:00+00:00, run_after=2021-01-01 00:00:00+00:00
[2025-06-27T07:59:44.837+0000] {processor.py:208} INFO - Processing /home/airflow/.local/lib/python3.12/site-packages/airflow/example_dags/example_xcom.py took 1.594 seconds
[2025-06-27T08:00:56.689+0000] {processor.py:186} INFO - Started process (PID=174) to work on /home/airflow/.local/lib/python3.12/site-packages/airflow/example_dags/example_xcom.py
[2025-06-27T08:00:56.708+0000] {processor.py:914} INFO - Processing file /home/airflow/.local/lib/python3.12/site-packages/airflow/example_dags/example_xcom.py for tasks to queue
[2025-06-27T08:00:56.803+0000] {logging_mixin.py:190} INFO - [2025-06-27T08:00:56.802+0000] {dagbag.py:588} INFO - Filling up the DagBag from /home/airflow/.local/lib/python3.12/site-packages/airflow/example_dags/example_xcom.py
[2025-06-27T08:00:56.863+0000] {processor.py:925} INFO - DAG(s) 'example_xcom' retrieved from /home/airflow/.local/lib/python3.12/site-packages/airflow/example_dags/example_xcom.py
[2025-06-27T08:00:57.030+0000] {logging_mixin.py:190} INFO - [2025-06-27T08:00:57.030+0000] {dag.py:3239} INFO - Sync 1 DAGs
[2025-06-27T08:00:57.228+0000] {logging_mixin.py:190} INFO - [2025-06-27T08:00:57.227+0000] {dag.py:4180} INFO - Setting next_dagrun for example_xcom to 2021-01-01 00:00:00+00:00, run_after=2021-01-01 00:00:00+00:00
[2025-06-27T08:00:57.421+0000] {processor.py:208} INFO - Processing /home/airflow/.local/lib/python3.12/site-packages/airflow/example_dags/example_xcom.py took 0.943 seconds
[2025-06-27T08:01:28.095+0000] {processor.py:186} INFO - Started process (PID=236) to work on /home/airflow/.local/lib/python3.12/site-packages/airflow/example_dags/example_xcom.py
[2025-06-27T08:01:28.099+0000] {processor.py:914} INFO - Processing file /home/airflow/.local/lib/python3.12/site-packages/airflow/example_dags/example_xcom.py for tasks to queue
[2025-06-27T08:01:28.112+0000] {logging_mixin.py:190} INFO - [2025-06-27T08:01:28.110+0000] {dagbag.py:588} INFO - Filling up the DagBag from /home/airflow/.local/lib/python3.12/site-packages/airflow/example_dags/example_xcom.py
[2025-06-27T08:01:28.172+0000] {processor.py:925} INFO - DAG(s) 'example_xcom' retrieved from /home/airflow/.local/lib/python3.12/site-packages/airflow/example_dags/example_xcom.py
[2025-06-27T08:01:28.298+0000] {logging_mixin.py:190} INFO - [2025-06-27T08:01:28.297+0000] {dag.py:3239} INFO - Sync 1 DAGs
[2025-06-27T08:01:28.452+0000] {logging_mixin.py:190} INFO - [2025-06-27T08:01:28.450+0000] {dag.py:4180} INFO - Setting next_dagrun for example_xcom to 2021-01-01 00:00:00+00:00, run_after=2021-01-01 00:00:00+00:00
[2025-06-27T08:01:28.526+0000] {processor.py:208} INFO - Processing /home/airflow/.local/lib/python3.12/site-packages/airflow/example_dags/example_xcom.py took 0.466 seconds
[2025-06-27T08:01:59.137+0000] {processor.py:186} INFO - Started process (PID=300) to work on /home/airflow/.local/lib/python3.12/site-packages/airflow/example_dags/example_xcom.py
[2025-06-27T08:01:59.139+0000] {processor.py:914} INFO - Processing file /home/airflow/.local/lib/python3.12/site-packages/airflow/example_dags/example_xcom.py for tasks to queue
[2025-06-27T08:01:59.144+0000] {logging_mixin.py:190} INFO - [2025-06-27T08:01:59.143+0000] {dagbag.py:588} INFO - Filling up the DagBag from /home/airflow/.local/lib/python3.12/site-packages/airflow/example_dags/example_xcom.py
[2025-06-27T08:01:59.165+0000] {processor.py:925} INFO - DAG(s) 'example_xcom' retrieved from /home/airflow/.local/lib/python3.12/site-packages/airflow/example_dags/example_xcom.py
[2025-06-27T08:01:59.210+0000] {logging_mixin.py:190} INFO - [2025-06-27T08:01:59.209+0000] {dag.py:3239} INFO - Sync 1 DAGs
[2025-06-27T08:01:59.261+0000] {logging_mixin.py:190} INFO - [2025-06-27T08:01:59.260+0000] {dag.py:4180} INFO - Setting next_dagrun for example_xcom to 2021-01-01 00:00:00+00:00, run_after=2021-01-01 00:00:00+00:00
[2025-06-27T08:01:59.303+0000] {processor.py:208} INFO - Processing /home/airflow/.local/lib/python3.12/site-packages/airflow/example_dags/example_xcom.py took 0.176 seconds
[2025-06-27T08:02:30.523+0000] {processor.py:186} INFO - Started process (PID=363) to work on /home/airflow/.local/lib/python3.12/site-packages/airflow/example_dags/example_xcom.py
[2025-06-27T08:02:30.525+0000] {processor.py:914} INFO - Processing file /home/airflow/.local/lib/python3.12/site-packages/airflow/example_dags/example_xcom.py for tasks to queue
[2025-06-27T08:02:30.530+0000] {logging_mixin.py:190} INFO - [2025-06-27T08:02:30.530+0000] {dagbag.py:588} INFO - Filling up the DagBag from /home/airflow/.local/lib/python3.12/site-packages/airflow/example_dags/example_xcom.py
[2025-06-27T08:02:30.553+0000] {processor.py:925} INFO - DAG(s) 'example_xcom' retrieved from /home/airflow/.local/lib/python3.12/site-packages/airflow/example_dags/example_xcom.py
[2025-06-27T08:02:30.590+0000] {logging_mixin.py:190} INFO - [2025-06-27T08:02:30.589+0000] {dag.py:3239} INFO - Sync 1 DAGs
[2025-06-27T08:02:30.626+0000] {logging_mixin.py:190} INFO - [2025-06-27T08:02:30.625+0000] {dag.py:4180} INFO - Setting next_dagrun for example_xcom to 2021-01-01 00:00:00+00:00, run_after=2021-01-01 00:00:00+00:00
[2025-06-27T08:02:30.661+0000] {processor.py:208} INFO - Processing /home/airflow/.local/lib/python3.12/site-packages/airflow/example_dags/example_xcom.py took 0.151 seconds
[2025-06-27T08:03:00.803+0000] {processor.py:186} INFO - Started process (PID=425) to work on /home/airflow/.local/lib/python3.12/site-packages/airflow/example_dags/example_xcom.py
[2025-06-27T08:03:00.805+0000] {processor.py:914} INFO - Processing file /home/airflow/.local/lib/python3.12/site-packages/airflow/example_dags/example_xcom.py for tasks to queue
[2025-06-27T08:03:00.810+0000] {logging_mixin.py:190} INFO - [2025-06-27T08:03:00.809+0000] {dagbag.py:588} INFO - Filling up the DagBag from /home/airflow/.local/lib/python3.12/site-packages/airflow/example_dags/example_xcom.py
[2025-06-27T08:03:00.827+0000] {processor.py:925} INFO - DAG(s) 'example_xcom' retrieved from /home/airflow/.local/lib/python3.12/site-packages/airflow/example_dags/example_xcom.py
[2025-06-27T08:03:00.864+0000] {logging_mixin.py:190} INFO - [2025-06-27T08:03:00.864+0000] {dag.py:3239} INFO - Sync 1 DAGs
[2025-06-27T08:03:00.904+0000] {logging_mixin.py:190} INFO - [2025-06-27T08:03:00.903+0000] {dag.py:4180} INFO - Setting next_dagrun for example_xcom to 2021-01-01 00:00:00+00:00, run_after=2021-01-01 00:00:00+00:00
[2025-06-27T08:03:00.942+0000] {processor.py:208} INFO - Processing /home/airflow/.local/lib/python3.12/site-packages/airflow/example_dags/example_xcom.py took 0.149 seconds
[2025-06-27T08:03:31.260+0000] {processor.py:186} INFO - Started process (PID=488) to work on /home/airflow/.local/lib/python3.12/site-packages/airflow/example_dags/example_xcom.py
[2025-06-27T08:03:31.262+0000] {processor.py:914} INFO - Processing file /home/airflow/.local/lib/python3.12/site-packages/airflow/example_dags/example_xcom.py for tasks to queue
[2025-06-27T08:03:31.271+0000] {logging_mixin.py:190} INFO - [2025-06-27T08:03:31.270+0000] {dagbag.py:588} INFO - Filling up the DagBag from /home/airflow/.local/lib/python3.12/site-packages/airflow/example_dags/example_xcom.py
[2025-06-27T08:03:31.294+0000] {processor.py:925} INFO - DAG(s) 'example_xcom' retrieved from /home/airflow/.local/lib/python3.12/site-packages/airflow/example_dags/example_xcom.py
[2025-06-27T08:03:31.343+0000] {logging_mixin.py:190} INFO - [2025-06-27T08:03:31.342+0000] {dag.py:3239} INFO - Sync 1 DAGs
[2025-06-27T08:03:31.391+0000] {logging_mixin.py:190} INFO - [2025-06-27T08:03:31.391+0000] {dag.py:4180} INFO - Setting next_dagrun for example_xcom to 2021-01-01 00:00:00+00:00, run_after=2021-01-01 00:00:00+00:00
[2025-06-27T08:03:31.436+0000] {processor.py:208} INFO - Processing /home/airflow/.local/lib/python3.12/site-packages/airflow/example_dags/example_xcom.py took 0.187 seconds
[2025-06-27T08:04:01.565+0000] {processor.py:186} INFO - Started process (PID=551) to work on /home/airflow/.local/lib/python3.12/site-packages/airflow/example_dags/example_xcom.py
[2025-06-27T08:04:01.568+0000] {processor.py:914} INFO - Processing file /home/airflow/.local/lib/python3.12/site-packages/airflow/example_dags/example_xcom.py for tasks to queue
[2025-06-27T08:04:01.574+0000] {logging_mixin.py:190} INFO - [2025-06-27T08:04:01.573+0000] {dagbag.py:588} INFO - Filling up the DagBag from /home/airflow/.local/lib/python3.12/site-packages/airflow/example_dags/example_xcom.py
[2025-06-27T08:04:01.598+0000] {processor.py:925} INFO - DAG(s) 'example_xcom' retrieved from /home/airflow/.local/lib/python3.12/site-packages/airflow/example_dags/example_xcom.py
[2025-06-27T08:04:01.642+0000] {logging_mixin.py:190} INFO - [2025-06-27T08:04:01.641+0000] {dag.py:3239} INFO - Sync 1 DAGs
[2025-06-27T08:04:01.696+0000] {logging_mixin.py:190} INFO - [2025-06-27T08:04:01.696+0000] {dag.py:4180} INFO - Setting next_dagrun for example_xcom to 2021-01-01 00:00:00+00:00, run_after=2021-01-01 00:00:00+00:00
[2025-06-27T08:04:01.738+0000] {processor.py:208} INFO - Processing /home/airflow/.local/lib/python3.12/site-packages/airflow/example_dags/example_xcom.py took 0.185 seconds
[2025-06-27T08:04:32.694+0000] {processor.py:186} INFO - Started process (PID=614) to work on /home/airflow/.local/lib/python3.12/site-packages/airflow/example_dags/example_xcom.py
[2025-06-27T08:04:32.697+0000] {processor.py:914} INFO - Processing file /home/airflow/.local/lib/python3.12/site-packages/airflow/example_dags/example_xcom.py for tasks to queue
[2025-06-27T08:04:32.707+0000] {logging_mixin.py:190} INFO - [2025-06-27T08:04:32.705+0000] {dagbag.py:588} INFO - Filling up the DagBag from /home/airflow/.local/lib/python3.12/site-packages/airflow/example_dags/example_xcom.py
[2025-06-27T08:04:32.743+0000] {processor.py:925} INFO - DAG(s) 'example_xcom' retrieved from /home/airflow/.local/lib/python3.12/site-packages/airflow/example_dags/example_xcom.py
[2025-06-27T08:04:32.832+0000] {logging_mixin.py:190} INFO - [2025-06-27T08:04:32.831+0000] {dag.py:3239} INFO - Sync 1 DAGs
[2025-06-27T08:04:32.908+0000] {logging_mixin.py:190} INFO - [2025-06-27T08:04:32.907+0000] {dag.py:4180} INFO - Setting next_dagrun for example_xcom to 2021-01-01 00:00:00+00:00, run_after=2021-01-01 00:00:00+00:00
[2025-06-27T08:04:33.007+0000] {processor.py:208} INFO - Processing /home/airflow/.local/lib/python3.12/site-packages/airflow/example_dags/example_xcom.py took 0.336 seconds
[2025-06-27T08:05:03.988+0000] {processor.py:186} INFO - Started process (PID=678) to work on /home/airflow/.local/lib/python3.12/site-packages/airflow/example_dags/example_xcom.py
[2025-06-27T08:05:04.007+0000] {processor.py:914} INFO - Processing file /home/airflow/.local/lib/python3.12/site-packages/airflow/example_dags/example_xcom.py for tasks to queue
[2025-06-27T08:05:04.033+0000] {logging_mixin.py:190} INFO - [2025-06-27T08:05:04.032+0000] {dagbag.py:588} INFO - Filling up the DagBag from /home/airflow/.local/lib/python3.12/site-packages/airflow/example_dags/example_xcom.py
[2025-06-27T08:05:04.139+0000] {processor.py:925} INFO - DAG(s) 'example_xcom' retrieved from /home/airflow/.local/lib/python3.12/site-packages/airflow/example_dags/example_xcom.py
[2025-06-27T08:05:04.265+0000] {logging_mixin.py:190} INFO - [2025-06-27T08:05:04.264+0000] {dag.py:3239} INFO - Sync 1 DAGs
[2025-06-27T08:05:04.354+0000] {logging_mixin.py:190} INFO - [2025-06-27T08:05:04.353+0000] {dag.py:4180} INFO - Setting next_dagrun for example_xcom to 2021-01-01 00:00:00+00:00, run_after=2021-01-01 00:00:00+00:00
[2025-06-27T08:05:04.503+0000] {processor.py:208} INFO - Processing /home/airflow/.local/lib/python3.12/site-packages/airflow/example_dags/example_xcom.py took 0.649 seconds
[2025-06-27T08:05:36.107+0000] {processor.py:186} INFO - Started process (PID=740) to work on /home/airflow/.local/lib/python3.12/site-packages/airflow/example_dags/example_xcom.py
[2025-06-27T08:05:36.112+0000] {processor.py:914} INFO - Processing file /home/airflow/.local/lib/python3.12/site-packages/airflow/example_dags/example_xcom.py for tasks to queue
[2025-06-27T08:05:36.125+0000] {logging_mixin.py:190} INFO - [2025-06-27T08:05:36.123+0000] {dagbag.py:588} INFO - Filling up the DagBag from /home/airflow/.local/lib/python3.12/site-packages/airflow/example_dags/example_xcom.py
[2025-06-27T08:05:36.194+0000] {processor.py:925} INFO - DAG(s) 'example_xcom' retrieved from /home/airflow/.local/lib/python3.12/site-packages/airflow/example_dags/example_xcom.py
[2025-06-27T08:05:36.307+0000] {logging_mixin.py:190} INFO - [2025-06-27T08:05:36.306+0000] {dag.py:3239} INFO - Sync 1 DAGs
[2025-06-27T08:05:36.471+0000] {logging_mixin.py:190} INFO - [2025-06-27T08:05:36.469+0000] {dag.py:4180} INFO - Setting next_dagrun for example_xcom to 2021-01-01 00:00:00+00:00, run_after=2021-01-01 00:00:00+00:00
[2025-06-27T08:05:36.557+0000] {processor.py:208} INFO - Processing /home/airflow/.local/lib/python3.12/site-packages/airflow/example_dags/example_xcom.py took 0.481 seconds
[2025-06-27T08:06:08.481+0000] {processor.py:186} INFO - Started process (PID=804) to work on /home/airflow/.local/lib/python3.12/site-packages/airflow/example_dags/example_xcom.py
[2025-06-27T08:06:08.487+0000] {processor.py:914} INFO - Processing file /home/airflow/.local/lib/python3.12/site-packages/airflow/example_dags/example_xcom.py for tasks to queue
[2025-06-27T08:06:08.498+0000] {logging_mixin.py:190} INFO - [2025-06-27T08:06:08.497+0000] {dagbag.py:588} INFO - Filling up the DagBag from /home/airflow/.local/lib/python3.12/site-packages/airflow/example_dags/example_xcom.py
[2025-06-27T08:06:08.540+0000] {processor.py:925} INFO - DAG(s) 'example_xcom' retrieved from /home/airflow/.local/lib/python3.12/site-packages/airflow/example_dags/example_xcom.py
[2025-06-27T08:06:08.634+0000] {logging_mixin.py:190} INFO - [2025-06-27T08:06:08.633+0000] {dag.py:3239} INFO - Sync 1 DAGs
[2025-06-27T08:06:08.727+0000] {logging_mixin.py:190} INFO - [2025-06-27T08:06:08.727+0000] {dag.py:4180} INFO - Setting next_dagrun for example_xcom to 2021-01-01 00:00:00+00:00, run_after=2021-01-01 00:00:00+00:00
[2025-06-27T08:06:08.798+0000] {processor.py:208} INFO - Processing /home/airflow/.local/lib/python3.12/site-packages/airflow/example_dags/example_xcom.py took 0.340 seconds
