[2025-06-27T07:37:21.420+0000] {processor.py:186} INFO - Started process (PID=180) to work on /home/airflow/.local/lib/python3.12/site-packages/airflow/example_dags/example_params_trigger_ui.py
[2025-06-27T07:37:21.428+0000] {processor.py:914} INFO - Processing file /home/airflow/.local/lib/python3.12/site-packages/airflow/example_dags/example_params_trigger_ui.py for tasks to queue
[2025-06-27T07:37:21.448+0000] {logging_mixin.py:190} INFO - [2025-06-27T07:37:21.447+0000] {dagbag.py:588} INFO - Filling up the DagBag from /home/airflow/.local/lib/python3.12/site-packages/airflow/example_dags/example_params_trigger_ui.py
[2025-06-27T07:37:21.562+0000] {processor.py:925} INFO - DAG(s) 'example_params_trigger_ui' retrieved from /home/airflow/.local/lib/python3.12/site-packages/airflow/example_dags/example_params_trigger_ui.py
[2025-06-27T07:37:22.735+0000] {logging_mixin.py:190} INFO - [2025-06-27T07:37:22.732+0000] {override.py:1900} INFO - Created Permission View: can read on DAG:example_params_trigger_ui
[2025-06-27T07:37:22.940+0000] {logging_mixin.py:190} INFO - [2025-06-27T07:37:22.939+0000] {override.py:1900} INFO - Created Permission View: can edit on DAG:example_params_trigger_ui
[2025-06-27T07:37:23.026+0000] {logging_mixin.py:190} INFO - [2025-06-27T07:37:23.025+0000] {override.py:1900} INFO - Created Permission View: can delete on DAG:example_params_trigger_ui
[2025-06-27T07:37:23.108+0000] {logging_mixin.py:190} INFO - [2025-06-27T07:37:23.106+0000] {override.py:1900} INFO - Created Permission View: can read on DAG Run:example_params_trigger_ui
[2025-06-27T07:37:23.153+0000] {logging_mixin.py:190} INFO - [2025-06-27T07:37:23.152+0000] {override.py:1900} INFO - Created Permission View: can create on DAG Run:example_params_trigger_ui
[2025-06-27T07:37:23.226+0000] {logging_mixin.py:190} INFO - [2025-06-27T07:37:23.225+0000] {override.py:1900} INFO - Created Permission View: can delete on DAG Run:example_params_trigger_ui
[2025-06-27T07:37:23.305+0000] {logging_mixin.py:190} INFO - [2025-06-27T07:37:23.304+0000] {override.py:1900} INFO - Created Permission View: menu access on DAG Run:example_params_trigger_ui
[2025-06-27T07:37:23.308+0000] {logging_mixin.py:190} INFO - [2025-06-27T07:37:23.307+0000] {dag.py:3239} INFO - Sync 1 DAGs
[2025-06-27T07:37:23.386+0000] {logging_mixin.py:190} INFO - [2025-06-27T07:37:23.386+0000] {dag.py:3262} INFO - Creating ORM DAG for example_params_trigger_ui
[2025-06-27T07:37:23.396+0000] {logging_mixin.py:190} INFO - [2025-06-27T07:37:23.394+0000] {dag.py:4180} INFO - Setting next_dagrun for example_params_trigger_ui to None, run_after=None
[2025-06-27T07:37:23.502+0000] {processor.py:208} INFO - Processing /home/airflow/.local/lib/python3.12/site-packages/airflow/example_dags/example_params_trigger_ui.py took 2.145 seconds
[2025-06-27T07:37:54.289+0000] {processor.py:186} INFO - Started process (PID=243) to work on /home/airflow/.local/lib/python3.12/site-packages/airflow/example_dags/example_params_trigger_ui.py
[2025-06-27T07:37:54.303+0000] {processor.py:914} INFO - Processing file /home/airflow/.local/lib/python3.12/site-packages/airflow/example_dags/example_params_trigger_ui.py for tasks to queue
[2025-06-27T07:37:54.326+0000] {logging_mixin.py:190} INFO - [2025-06-27T07:37:54.322+0000] {dagbag.py:588} INFO - Filling up the DagBag from /home/airflow/.local/lib/python3.12/site-packages/airflow/example_dags/example_params_trigger_ui.py
[2025-06-27T07:37:54.494+0000] {processor.py:925} INFO - DAG(s) 'example_params_trigger_ui' retrieved from /home/airflow/.local/lib/python3.12/site-packages/airflow/example_dags/example_params_trigger_ui.py
[2025-06-27T07:37:55.006+0000] {logging_mixin.py:190} INFO - [2025-06-27T07:37:55.004+0000] {dag.py:3239} INFO - Sync 1 DAGs
[2025-06-27T07:37:55.201+0000] {logging_mixin.py:190} INFO - [2025-06-27T07:37:55.199+0000] {dag.py:4180} INFO - Setting next_dagrun for example_params_trigger_ui to None, run_after=None
[2025-06-27T07:37:57.959+0000] {processor.py:208} INFO - Processing /home/airflow/.local/lib/python3.12/site-packages/airflow/example_dags/example_params_trigger_ui.py took 3.750 seconds
[2025-06-27T07:38:33.415+0000] {processor.py:186} INFO - Started process (PID=311) to work on /home/airflow/.local/lib/python3.12/site-packages/airflow/example_dags/example_params_trigger_ui.py
[2025-06-27T07:38:33.422+0000] {processor.py:914} INFO - Processing file /home/airflow/.local/lib/python3.12/site-packages/airflow/example_dags/example_params_trigger_ui.py for tasks to queue
[2025-06-27T07:38:33.435+0000] {logging_mixin.py:190} INFO - [2025-06-27T07:38:33.433+0000] {dagbag.py:588} INFO - Filling up the DagBag from /home/airflow/.local/lib/python3.12/site-packages/airflow/example_dags/example_params_trigger_ui.py
[2025-06-27T07:38:33.489+0000] {processor.py:925} INFO - DAG(s) 'example_params_trigger_ui' retrieved from /home/airflow/.local/lib/python3.12/site-packages/airflow/example_dags/example_params_trigger_ui.py
[2025-06-27T07:38:33.674+0000] {logging_mixin.py:190} INFO - [2025-06-27T07:38:33.673+0000] {dag.py:3239} INFO - Sync 1 DAGs
[2025-06-27T07:38:33.786+0000] {logging_mixin.py:190} INFO - [2025-06-27T07:38:33.784+0000] {dag.py:4180} INFO - Setting next_dagrun for example_params_trigger_ui to None, run_after=None
[2025-06-27T07:38:34.003+0000] {processor.py:208} INFO - Processing /home/airflow/.local/lib/python3.12/site-packages/airflow/example_dags/example_params_trigger_ui.py took 0.627 seconds
[2025-06-27T07:39:13.694+0000] {processor.py:186} INFO - Started process (PID=375) to work on /home/airflow/.local/lib/python3.12/site-packages/airflow/example_dags/example_params_trigger_ui.py
[2025-06-27T07:39:13.699+0000] {processor.py:914} INFO - Processing file /home/airflow/.local/lib/python3.12/site-packages/airflow/example_dags/example_params_trigger_ui.py for tasks to queue
[2025-06-27T07:39:13.714+0000] {logging_mixin.py:190} INFO - [2025-06-27T07:39:13.712+0000] {dagbag.py:588} INFO - Filling up the DagBag from /home/airflow/.local/lib/python3.12/site-packages/airflow/example_dags/example_params_trigger_ui.py
[2025-06-27T07:39:13.792+0000] {processor.py:925} INFO - DAG(s) 'example_params_trigger_ui' retrieved from /home/airflow/.local/lib/python3.12/site-packages/airflow/example_dags/example_params_trigger_ui.py
[2025-06-27T07:39:14.112+0000] {logging_mixin.py:190} INFO - [2025-06-27T07:39:14.110+0000] {dag.py:3239} INFO - Sync 1 DAGs
[2025-06-27T07:39:14.261+0000] {logging_mixin.py:190} INFO - [2025-06-27T07:39:14.260+0000] {dag.py:4180} INFO - Setting next_dagrun for example_params_trigger_ui to None, run_after=None
[2025-06-27T07:39:14.390+0000] {processor.py:208} INFO - Processing /home/airflow/.local/lib/python3.12/site-packages/airflow/example_dags/example_params_trigger_ui.py took 0.732 seconds
[2025-06-27T07:39:54.238+0000] {processor.py:186} INFO - Started process (PID=438) to work on /home/airflow/.local/lib/python3.12/site-packages/airflow/example_dags/example_params_trigger_ui.py
[2025-06-27T07:39:54.242+0000] {processor.py:914} INFO - Processing file /home/airflow/.local/lib/python3.12/site-packages/airflow/example_dags/example_params_trigger_ui.py for tasks to queue
[2025-06-27T07:39:54.254+0000] {logging_mixin.py:190} INFO - [2025-06-27T07:39:54.251+0000] {dagbag.py:588} INFO - Filling up the DagBag from /home/airflow/.local/lib/python3.12/site-packages/airflow/example_dags/example_params_trigger_ui.py
[2025-06-27T07:39:54.314+0000] {processor.py:925} INFO - DAG(s) 'example_params_trigger_ui' retrieved from /home/airflow/.local/lib/python3.12/site-packages/airflow/example_dags/example_params_trigger_ui.py
[2025-06-27T07:39:54.608+0000] {logging_mixin.py:190} INFO - [2025-06-27T07:39:54.607+0000] {dag.py:3239} INFO - Sync 1 DAGs
[2025-06-27T07:39:54.709+0000] {logging_mixin.py:190} INFO - [2025-06-27T07:39:54.708+0000] {dag.py:4180} INFO - Setting next_dagrun for example_params_trigger_ui to None, run_after=None
[2025-06-27T07:39:54.811+0000] {processor.py:208} INFO - Processing /home/airflow/.local/lib/python3.12/site-packages/airflow/example_dags/example_params_trigger_ui.py took 0.596 seconds
[2025-06-27T07:40:27.284+0000] {processor.py:186} INFO - Started process (PID=501) to work on /home/airflow/.local/lib/python3.12/site-packages/airflow/example_dags/example_params_trigger_ui.py
[2025-06-27T07:40:27.289+0000] {processor.py:914} INFO - Processing file /home/airflow/.local/lib/python3.12/site-packages/airflow/example_dags/example_params_trigger_ui.py for tasks to queue
[2025-06-27T07:40:27.302+0000] {logging_mixin.py:190} INFO - [2025-06-27T07:40:27.301+0000] {dagbag.py:588} INFO - Filling up the DagBag from /home/airflow/.local/lib/python3.12/site-packages/airflow/example_dags/example_params_trigger_ui.py
[2025-06-27T07:40:27.363+0000] {processor.py:925} INFO - DAG(s) 'example_params_trigger_ui' retrieved from /home/airflow/.local/lib/python3.12/site-packages/airflow/example_dags/example_params_trigger_ui.py
[2025-06-27T07:40:27.557+0000] {logging_mixin.py:190} INFO - [2025-06-27T07:40:27.556+0000] {dag.py:3239} INFO - Sync 1 DAGs
[2025-06-27T07:40:27.624+0000] {logging_mixin.py:190} INFO - [2025-06-27T07:40:27.623+0000] {dag.py:4180} INFO - Setting next_dagrun for example_params_trigger_ui to None, run_after=None
[2025-06-27T07:40:27.698+0000] {processor.py:208} INFO - Processing /home/airflow/.local/lib/python3.12/site-packages/airflow/example_dags/example_params_trigger_ui.py took 0.448 seconds
[2025-06-27T07:40:58.726+0000] {processor.py:186} INFO - Started process (PID=565) to work on /home/airflow/.local/lib/python3.12/site-packages/airflow/example_dags/example_params_trigger_ui.py
[2025-06-27T07:40:58.729+0000] {processor.py:914} INFO - Processing file /home/airflow/.local/lib/python3.12/site-packages/airflow/example_dags/example_params_trigger_ui.py for tasks to queue
[2025-06-27T07:40:58.737+0000] {logging_mixin.py:190} INFO - [2025-06-27T07:40:58.736+0000] {dagbag.py:588} INFO - Filling up the DagBag from /home/airflow/.local/lib/python3.12/site-packages/airflow/example_dags/example_params_trigger_ui.py
[2025-06-27T07:40:58.767+0000] {processor.py:925} INFO - DAG(s) 'example_params_trigger_ui' retrieved from /home/airflow/.local/lib/python3.12/site-packages/airflow/example_dags/example_params_trigger_ui.py
[2025-06-27T07:40:58.902+0000] {logging_mixin.py:190} INFO - [2025-06-27T07:40:58.901+0000] {dag.py:3239} INFO - Sync 1 DAGs
[2025-06-27T07:40:58.952+0000] {logging_mixin.py:190} INFO - [2025-06-27T07:40:58.951+0000] {dag.py:4180} INFO - Setting next_dagrun for example_params_trigger_ui to None, run_after=None
[2025-06-27T07:40:59.025+0000] {processor.py:208} INFO - Processing /home/airflow/.local/lib/python3.12/site-packages/airflow/example_dags/example_params_trigger_ui.py took 0.313 seconds
[2025-06-27T07:41:38.231+0000] {processor.py:186} INFO - Started process (PID=635) to work on /home/airflow/.local/lib/python3.12/site-packages/airflow/example_dags/example_params_trigger_ui.py
[2025-06-27T07:41:38.236+0000] {processor.py:914} INFO - Processing file /home/airflow/.local/lib/python3.12/site-packages/airflow/example_dags/example_params_trigger_ui.py for tasks to queue
[2025-06-27T07:41:38.246+0000] {logging_mixin.py:190} INFO - [2025-06-27T07:41:38.245+0000] {dagbag.py:588} INFO - Filling up the DagBag from /home/airflow/.local/lib/python3.12/site-packages/airflow/example_dags/example_params_trigger_ui.py
[2025-06-27T07:41:38.320+0000] {processor.py:925} INFO - DAG(s) 'example_params_trigger_ui' retrieved from /home/airflow/.local/lib/python3.12/site-packages/airflow/example_dags/example_params_trigger_ui.py
[2025-06-27T07:41:38.625+0000] {logging_mixin.py:190} INFO - [2025-06-27T07:41:38.624+0000] {dag.py:3239} INFO - Sync 1 DAGs
[2025-06-27T07:41:38.686+0000] {logging_mixin.py:190} INFO - [2025-06-27T07:41:38.685+0000] {dag.py:4180} INFO - Setting next_dagrun for example_params_trigger_ui to None, run_after=None
[2025-06-27T07:41:38.768+0000] {processor.py:208} INFO - Processing /home/airflow/.local/lib/python3.12/site-packages/airflow/example_dags/example_params_trigger_ui.py took 0.569 seconds
[2025-06-27T07:42:41.517+0000] {processor.py:186} INFO - Started process (PID=723) to work on /home/airflow/.local/lib/python3.12/site-packages/airflow/example_dags/example_params_trigger_ui.py
[2025-06-27T07:42:41.522+0000] {processor.py:914} INFO - Processing file /home/airflow/.local/lib/python3.12/site-packages/airflow/example_dags/example_params_trigger_ui.py for tasks to queue
[2025-06-27T07:42:41.531+0000] {logging_mixin.py:190} INFO - [2025-06-27T07:42:41.530+0000] {dagbag.py:588} INFO - Filling up the DagBag from /home/airflow/.local/lib/python3.12/site-packages/airflow/example_dags/example_params_trigger_ui.py
[2025-06-27T07:42:41.584+0000] {processor.py:925} INFO - DAG(s) 'example_params_trigger_ui' retrieved from /home/airflow/.local/lib/python3.12/site-packages/airflow/example_dags/example_params_trigger_ui.py
[2025-06-27T07:42:41.803+0000] {logging_mixin.py:190} INFO - [2025-06-27T07:42:41.801+0000] {dag.py:3239} INFO - Sync 1 DAGs
[2025-06-27T07:42:41.937+0000] {logging_mixin.py:190} INFO - [2025-06-27T07:42:41.936+0000] {dag.py:4180} INFO - Setting next_dagrun for example_params_trigger_ui to None, run_after=None
[2025-06-27T07:42:42.065+0000] {processor.py:208} INFO - Processing /home/airflow/.local/lib/python3.12/site-packages/airflow/example_dags/example_params_trigger_ui.py took 0.583 seconds
[2025-06-27T07:43:12.685+0000] {processor.py:186} INFO - Started process (PID=786) to work on /home/airflow/.local/lib/python3.12/site-packages/airflow/example_dags/example_params_trigger_ui.py
[2025-06-27T07:43:12.689+0000] {processor.py:914} INFO - Processing file /home/airflow/.local/lib/python3.12/site-packages/airflow/example_dags/example_params_trigger_ui.py for tasks to queue
[2025-06-27T07:43:12.701+0000] {logging_mixin.py:190} INFO - [2025-06-27T07:43:12.700+0000] {dagbag.py:588} INFO - Filling up the DagBag from /home/airflow/.local/lib/python3.12/site-packages/airflow/example_dags/example_params_trigger_ui.py
[2025-06-27T07:43:12.754+0000] {processor.py:925} INFO - DAG(s) 'example_params_trigger_ui' retrieved from /home/airflow/.local/lib/python3.12/site-packages/airflow/example_dags/example_params_trigger_ui.py
[2025-06-27T07:43:13.038+0000] {logging_mixin.py:190} INFO - [2025-06-27T07:43:13.037+0000] {dag.py:3239} INFO - Sync 1 DAGs
[2025-06-27T07:43:13.129+0000] {logging_mixin.py:190} INFO - [2025-06-27T07:43:13.126+0000] {dag.py:4180} INFO - Setting next_dagrun for example_params_trigger_ui to None, run_after=None
[2025-06-27T07:43:13.250+0000] {processor.py:208} INFO - Processing /home/airflow/.local/lib/python3.12/site-packages/airflow/example_dags/example_params_trigger_ui.py took 0.590 seconds
[2025-06-27T07:43:43.868+0000] {processor.py:186} INFO - Started process (PID=849) to work on /home/airflow/.local/lib/python3.12/site-packages/airflow/example_dags/example_params_trigger_ui.py
[2025-06-27T07:43:43.871+0000] {processor.py:914} INFO - Processing file /home/airflow/.local/lib/python3.12/site-packages/airflow/example_dags/example_params_trigger_ui.py for tasks to queue
[2025-06-27T07:43:43.877+0000] {logging_mixin.py:190} INFO - [2025-06-27T07:43:43.876+0000] {dagbag.py:588} INFO - Filling up the DagBag from /home/airflow/.local/lib/python3.12/site-packages/airflow/example_dags/example_params_trigger_ui.py
[2025-06-27T07:43:43.909+0000] {processor.py:925} INFO - DAG(s) 'example_params_trigger_ui' retrieved from /home/airflow/.local/lib/python3.12/site-packages/airflow/example_dags/example_params_trigger_ui.py
[2025-06-27T07:43:44.010+0000] {logging_mixin.py:190} INFO - [2025-06-27T07:43:44.009+0000] {dag.py:3239} INFO - Sync 1 DAGs
[2025-06-27T07:43:44.049+0000] {logging_mixin.py:190} INFO - [2025-06-27T07:43:44.049+0000] {dag.py:4180} INFO - Setting next_dagrun for example_params_trigger_ui to None, run_after=None
[2025-06-27T07:43:44.099+0000] {processor.py:208} INFO - Processing /home/airflow/.local/lib/python3.12/site-packages/airflow/example_dags/example_params_trigger_ui.py took 0.246 seconds
[2025-06-27T07:44:14.504+0000] {processor.py:186} INFO - Started process (PID=913) to work on /home/airflow/.local/lib/python3.12/site-packages/airflow/example_dags/example_params_trigger_ui.py
[2025-06-27T07:44:14.505+0000] {processor.py:914} INFO - Processing file /home/airflow/.local/lib/python3.12/site-packages/airflow/example_dags/example_params_trigger_ui.py for tasks to queue
[2025-06-27T07:44:14.509+0000] {logging_mixin.py:190} INFO - [2025-06-27T07:44:14.508+0000] {dagbag.py:588} INFO - Filling up the DagBag from /home/airflow/.local/lib/python3.12/site-packages/airflow/example_dags/example_params_trigger_ui.py
[2025-06-27T07:44:14.526+0000] {processor.py:925} INFO - DAG(s) 'example_params_trigger_ui' retrieved from /home/airflow/.local/lib/python3.12/site-packages/airflow/example_dags/example_params_trigger_ui.py
[2025-06-27T07:44:14.593+0000] {logging_mixin.py:190} INFO - [2025-06-27T07:44:14.592+0000] {dag.py:3239} INFO - Sync 1 DAGs
[2025-06-27T07:44:14.620+0000] {logging_mixin.py:190} INFO - [2025-06-27T07:44:14.620+0000] {dag.py:4180} INFO - Setting next_dagrun for example_params_trigger_ui to None, run_after=None
[2025-06-27T07:44:14.657+0000] {processor.py:208} INFO - Processing /home/airflow/.local/lib/python3.12/site-packages/airflow/example_dags/example_params_trigger_ui.py took 0.162 seconds
[2025-06-27T07:44:45.824+0000] {processor.py:186} INFO - Started process (PID=977) to work on /home/airflow/.local/lib/python3.12/site-packages/airflow/example_dags/example_params_trigger_ui.py
[2025-06-27T07:44:45.828+0000] {processor.py:914} INFO - Processing file /home/airflow/.local/lib/python3.12/site-packages/airflow/example_dags/example_params_trigger_ui.py for tasks to queue
[2025-06-27T07:44:45.838+0000] {logging_mixin.py:190} INFO - [2025-06-27T07:44:45.837+0000] {dagbag.py:588} INFO - Filling up the DagBag from /home/airflow/.local/lib/python3.12/site-packages/airflow/example_dags/example_params_trigger_ui.py
[2025-06-27T07:44:45.902+0000] {processor.py:925} INFO - DAG(s) 'example_params_trigger_ui' retrieved from /home/airflow/.local/lib/python3.12/site-packages/airflow/example_dags/example_params_trigger_ui.py
[2025-06-27T07:44:46.171+0000] {logging_mixin.py:190} INFO - [2025-06-27T07:44:46.170+0000] {dag.py:3239} INFO - Sync 1 DAGs
[2025-06-27T07:44:46.249+0000] {logging_mixin.py:190} INFO - [2025-06-27T07:44:46.248+0000] {dag.py:4180} INFO - Setting next_dagrun for example_params_trigger_ui to None, run_after=None
[2025-06-27T07:44:46.317+0000] {processor.py:208} INFO - Processing /home/airflow/.local/lib/python3.12/site-packages/airflow/example_dags/example_params_trigger_ui.py took 0.518 seconds
[2025-06-27T07:45:16.669+0000] {processor.py:186} INFO - Started process (PID=1039) to work on /home/airflow/.local/lib/python3.12/site-packages/airflow/example_dags/example_params_trigger_ui.py
[2025-06-27T07:45:16.672+0000] {processor.py:914} INFO - Processing file /home/airflow/.local/lib/python3.12/site-packages/airflow/example_dags/example_params_trigger_ui.py for tasks to queue
[2025-06-27T07:45:16.677+0000] {logging_mixin.py:190} INFO - [2025-06-27T07:45:16.676+0000] {dagbag.py:588} INFO - Filling up the DagBag from /home/airflow/.local/lib/python3.12/site-packages/airflow/example_dags/example_params_trigger_ui.py
[2025-06-27T07:45:16.704+0000] {processor.py:925} INFO - DAG(s) 'example_params_trigger_ui' retrieved from /home/airflow/.local/lib/python3.12/site-packages/airflow/example_dags/example_params_trigger_ui.py
[2025-06-27T07:45:16.826+0000] {logging_mixin.py:190} INFO - [2025-06-27T07:45:16.825+0000] {dag.py:3239} INFO - Sync 1 DAGs
[2025-06-27T07:45:16.862+0000] {logging_mixin.py:190} INFO - [2025-06-27T07:45:16.862+0000] {dag.py:4180} INFO - Setting next_dagrun for example_params_trigger_ui to None, run_after=None
[2025-06-27T07:45:16.906+0000] {processor.py:208} INFO - Processing /home/airflow/.local/lib/python3.12/site-packages/airflow/example_dags/example_params_trigger_ui.py took 0.249 seconds
[2025-06-27T07:45:47.694+0000] {processor.py:186} INFO - Started process (PID=1103) to work on /home/airflow/.local/lib/python3.12/site-packages/airflow/example_dags/example_params_trigger_ui.py
[2025-06-27T07:45:47.697+0000] {processor.py:914} INFO - Processing file /home/airflow/.local/lib/python3.12/site-packages/airflow/example_dags/example_params_trigger_ui.py for tasks to queue
[2025-06-27T07:45:47.704+0000] {logging_mixin.py:190} INFO - [2025-06-27T07:45:47.703+0000] {dagbag.py:588} INFO - Filling up the DagBag from /home/airflow/.local/lib/python3.12/site-packages/airflow/example_dags/example_params_trigger_ui.py
[2025-06-27T07:45:47.742+0000] {processor.py:925} INFO - DAG(s) 'example_params_trigger_ui' retrieved from /home/airflow/.local/lib/python3.12/site-packages/airflow/example_dags/example_params_trigger_ui.py
[2025-06-27T07:45:47.847+0000] {logging_mixin.py:190} INFO - [2025-06-27T07:45:47.847+0000] {dag.py:3239} INFO - Sync 1 DAGs
[2025-06-27T07:45:47.884+0000] {logging_mixin.py:190} INFO - [2025-06-27T07:45:47.883+0000] {dag.py:4180} INFO - Setting next_dagrun for example_params_trigger_ui to None, run_after=None
[2025-06-27T07:45:47.940+0000] {processor.py:208} INFO - Processing /home/airflow/.local/lib/python3.12/site-packages/airflow/example_dags/example_params_trigger_ui.py took 0.264 seconds
[2025-06-27T07:46:18.246+0000] {processor.py:186} INFO - Started process (PID=1166) to work on /home/airflow/.local/lib/python3.12/site-packages/airflow/example_dags/example_params_trigger_ui.py
[2025-06-27T07:46:18.248+0000] {processor.py:914} INFO - Processing file /home/airflow/.local/lib/python3.12/site-packages/airflow/example_dags/example_params_trigger_ui.py for tasks to queue
[2025-06-27T07:46:18.254+0000] {logging_mixin.py:190} INFO - [2025-06-27T07:46:18.253+0000] {dagbag.py:588} INFO - Filling up the DagBag from /home/airflow/.local/lib/python3.12/site-packages/airflow/example_dags/example_params_trigger_ui.py
[2025-06-27T07:46:18.274+0000] {processor.py:925} INFO - DAG(s) 'example_params_trigger_ui' retrieved from /home/airflow/.local/lib/python3.12/site-packages/airflow/example_dags/example_params_trigger_ui.py
[2025-06-27T07:46:18.353+0000] {logging_mixin.py:190} INFO - [2025-06-27T07:46:18.353+0000] {dag.py:3239} INFO - Sync 1 DAGs
[2025-06-27T07:46:18.384+0000] {logging_mixin.py:190} INFO - [2025-06-27T07:46:18.383+0000] {dag.py:4180} INFO - Setting next_dagrun for example_params_trigger_ui to None, run_after=None
[2025-06-27T07:46:18.427+0000] {processor.py:208} INFO - Processing /home/airflow/.local/lib/python3.12/site-packages/airflow/example_dags/example_params_trigger_ui.py took 0.191 seconds
[2025-06-27T07:46:48.828+0000] {processor.py:186} INFO - Started process (PID=1229) to work on /home/airflow/.local/lib/python3.12/site-packages/airflow/example_dags/example_params_trigger_ui.py
[2025-06-27T07:46:48.829+0000] {processor.py:914} INFO - Processing file /home/airflow/.local/lib/python3.12/site-packages/airflow/example_dags/example_params_trigger_ui.py for tasks to queue
[2025-06-27T07:46:48.834+0000] {logging_mixin.py:190} INFO - [2025-06-27T07:46:48.833+0000] {dagbag.py:588} INFO - Filling up the DagBag from /home/airflow/.local/lib/python3.12/site-packages/airflow/example_dags/example_params_trigger_ui.py
[2025-06-27T07:46:48.852+0000] {processor.py:925} INFO - DAG(s) 'example_params_trigger_ui' retrieved from /home/airflow/.local/lib/python3.12/site-packages/airflow/example_dags/example_params_trigger_ui.py
[2025-06-27T07:46:48.922+0000] {logging_mixin.py:190} INFO - [2025-06-27T07:46:48.922+0000] {dag.py:3239} INFO - Sync 1 DAGs
[2025-06-27T07:46:48.951+0000] {logging_mixin.py:190} INFO - [2025-06-27T07:46:48.951+0000] {dag.py:4180} INFO - Setting next_dagrun for example_params_trigger_ui to None, run_after=None
[2025-06-27T07:46:49.001+0000] {processor.py:208} INFO - Processing /home/airflow/.local/lib/python3.12/site-packages/airflow/example_dags/example_params_trigger_ui.py took 0.183 seconds
[2025-06-27T07:47:19.385+0000] {processor.py:186} INFO - Started process (PID=1292) to work on /home/airflow/.local/lib/python3.12/site-packages/airflow/example_dags/example_params_trigger_ui.py
[2025-06-27T07:47:19.386+0000] {processor.py:914} INFO - Processing file /home/airflow/.local/lib/python3.12/site-packages/airflow/example_dags/example_params_trigger_ui.py for tasks to queue
[2025-06-27T07:47:19.391+0000] {logging_mixin.py:190} INFO - [2025-06-27T07:47:19.390+0000] {dagbag.py:588} INFO - Filling up the DagBag from /home/airflow/.local/lib/python3.12/site-packages/airflow/example_dags/example_params_trigger_ui.py
[2025-06-27T07:47:19.409+0000] {processor.py:925} INFO - DAG(s) 'example_params_trigger_ui' retrieved from /home/airflow/.local/lib/python3.12/site-packages/airflow/example_dags/example_params_trigger_ui.py
[2025-06-27T07:47:19.475+0000] {logging_mixin.py:190} INFO - [2025-06-27T07:47:19.475+0000] {dag.py:3239} INFO - Sync 1 DAGs
[2025-06-27T07:47:19.499+0000] {logging_mixin.py:190} INFO - [2025-06-27T07:47:19.499+0000] {dag.py:4180} INFO - Setting next_dagrun for example_params_trigger_ui to None, run_after=None
[2025-06-27T07:47:19.534+0000] {processor.py:208} INFO - Processing /home/airflow/.local/lib/python3.12/site-packages/airflow/example_dags/example_params_trigger_ui.py took 0.159 seconds
[2025-06-27T07:47:49.673+0000] {processor.py:186} INFO - Started process (PID=1354) to work on /home/airflow/.local/lib/python3.12/site-packages/airflow/example_dags/example_params_trigger_ui.py
[2025-06-27T07:47:49.675+0000] {processor.py:914} INFO - Processing file /home/airflow/.local/lib/python3.12/site-packages/airflow/example_dags/example_params_trigger_ui.py for tasks to queue
[2025-06-27T07:47:49.680+0000] {logging_mixin.py:190} INFO - [2025-06-27T07:47:49.679+0000] {dagbag.py:588} INFO - Filling up the DagBag from /home/airflow/.local/lib/python3.12/site-packages/airflow/example_dags/example_params_trigger_ui.py
[2025-06-27T07:47:49.702+0000] {processor.py:925} INFO - DAG(s) 'example_params_trigger_ui' retrieved from /home/airflow/.local/lib/python3.12/site-packages/airflow/example_dags/example_params_trigger_ui.py
[2025-06-27T07:47:49.810+0000] {logging_mixin.py:190} INFO - [2025-06-27T07:47:49.809+0000] {dag.py:3239} INFO - Sync 1 DAGs
[2025-06-27T07:47:49.846+0000] {logging_mixin.py:190} INFO - [2025-06-27T07:47:49.846+0000] {dag.py:4180} INFO - Setting next_dagrun for example_params_trigger_ui to None, run_after=None
[2025-06-27T07:47:49.897+0000] {processor.py:208} INFO - Processing /home/airflow/.local/lib/python3.12/site-packages/airflow/example_dags/example_params_trigger_ui.py took 0.237 seconds
[2025-06-27T07:48:20.391+0000] {processor.py:186} INFO - Started process (PID=1418) to work on /home/airflow/.local/lib/python3.12/site-packages/airflow/example_dags/example_params_trigger_ui.py
[2025-06-27T07:48:20.395+0000] {processor.py:914} INFO - Processing file /home/airflow/.local/lib/python3.12/site-packages/airflow/example_dags/example_params_trigger_ui.py for tasks to queue
[2025-06-27T07:48:20.401+0000] {logging_mixin.py:190} INFO - [2025-06-27T07:48:20.400+0000] {dagbag.py:588} INFO - Filling up the DagBag from /home/airflow/.local/lib/python3.12/site-packages/airflow/example_dags/example_params_trigger_ui.py
[2025-06-27T07:48:20.482+0000] {processor.py:925} INFO - DAG(s) 'example_params_trigger_ui' retrieved from /home/airflow/.local/lib/python3.12/site-packages/airflow/example_dags/example_params_trigger_ui.py
[2025-06-27T07:48:20.584+0000] {logging_mixin.py:190} INFO - [2025-06-27T07:48:20.583+0000] {dag.py:3239} INFO - Sync 1 DAGs
[2025-06-27T07:48:20.637+0000] {logging_mixin.py:190} INFO - [2025-06-27T07:48:20.636+0000] {dag.py:4180} INFO - Setting next_dagrun for example_params_trigger_ui to None, run_after=None
[2025-06-27T07:48:20.695+0000] {processor.py:208} INFO - Processing /home/airflow/.local/lib/python3.12/site-packages/airflow/example_dags/example_params_trigger_ui.py took 0.318 seconds
[2025-06-27T07:48:51.028+0000] {processor.py:186} INFO - Started process (PID=1481) to work on /home/airflow/.local/lib/python3.12/site-packages/airflow/example_dags/example_params_trigger_ui.py
[2025-06-27T07:48:51.031+0000] {processor.py:914} INFO - Processing file /home/airflow/.local/lib/python3.12/site-packages/airflow/example_dags/example_params_trigger_ui.py for tasks to queue
[2025-06-27T07:48:51.038+0000] {logging_mixin.py:190} INFO - [2025-06-27T07:48:51.037+0000] {dagbag.py:588} INFO - Filling up the DagBag from /home/airflow/.local/lib/python3.12/site-packages/airflow/example_dags/example_params_trigger_ui.py
[2025-06-27T07:48:51.064+0000] {processor.py:925} INFO - DAG(s) 'example_params_trigger_ui' retrieved from /home/airflow/.local/lib/python3.12/site-packages/airflow/example_dags/example_params_trigger_ui.py
[2025-06-27T07:48:51.151+0000] {logging_mixin.py:190} INFO - [2025-06-27T07:48:51.150+0000] {dag.py:3239} INFO - Sync 1 DAGs
[2025-06-27T07:48:51.185+0000] {logging_mixin.py:190} INFO - [2025-06-27T07:48:51.184+0000] {dag.py:4180} INFO - Setting next_dagrun for example_params_trigger_ui to None, run_after=None
[2025-06-27T07:48:51.241+0000] {processor.py:208} INFO - Processing /home/airflow/.local/lib/python3.12/site-packages/airflow/example_dags/example_params_trigger_ui.py took 0.229 seconds
[2025-06-27T07:52:31.472+0000] {processor.py:186} INFO - Started process (PID=129) to work on /home/airflow/.local/lib/python3.12/site-packages/airflow/example_dags/example_params_trigger_ui.py
[2025-06-27T07:52:31.485+0000] {processor.py:914} INFO - Processing file /home/airflow/.local/lib/python3.12/site-packages/airflow/example_dags/example_params_trigger_ui.py for tasks to queue
[2025-06-27T07:52:31.512+0000] {logging_mixin.py:190} INFO - [2025-06-27T07:52:31.509+0000] {dagbag.py:588} INFO - Filling up the DagBag from /home/airflow/.local/lib/python3.12/site-packages/airflow/example_dags/example_params_trigger_ui.py
[2025-06-27T07:52:31.656+0000] {processor.py:925} INFO - DAG(s) 'example_params_trigger_ui' retrieved from /home/airflow/.local/lib/python3.12/site-packages/airflow/example_dags/example_params_trigger_ui.py
[2025-06-27T07:52:31.997+0000] {logging_mixin.py:190} INFO - [2025-06-27T07:52:31.996+0000] {dag.py:3239} INFO - Sync 1 DAGs
[2025-06-27T07:52:32.140+0000] {logging_mixin.py:190} INFO - [2025-06-27T07:52:32.138+0000] {dag.py:4180} INFO - Setting next_dagrun for example_params_trigger_ui to None, run_after=None
[2025-06-27T07:52:32.324+0000] {processor.py:208} INFO - Processing /home/airflow/.local/lib/python3.12/site-packages/airflow/example_dags/example_params_trigger_ui.py took 0.910 seconds
[2025-06-27T07:53:02.995+0000] {processor.py:186} INFO - Started process (PID=192) to work on /home/airflow/.local/lib/python3.12/site-packages/airflow/example_dags/example_params_trigger_ui.py
[2025-06-27T07:53:02.997+0000] {processor.py:914} INFO - Processing file /home/airflow/.local/lib/python3.12/site-packages/airflow/example_dags/example_params_trigger_ui.py for tasks to queue
[2025-06-27T07:53:03.002+0000] {logging_mixin.py:190} INFO - [2025-06-27T07:53:03.002+0000] {dagbag.py:588} INFO - Filling up the DagBag from /home/airflow/.local/lib/python3.12/site-packages/airflow/example_dags/example_params_trigger_ui.py
[2025-06-27T07:53:03.022+0000] {processor.py:925} INFO - DAG(s) 'example_params_trigger_ui' retrieved from /home/airflow/.local/lib/python3.12/site-packages/airflow/example_dags/example_params_trigger_ui.py
[2025-06-27T07:53:03.122+0000] {logging_mixin.py:190} INFO - [2025-06-27T07:53:03.122+0000] {dag.py:3239} INFO - Sync 1 DAGs
[2025-06-27T07:53:03.159+0000] {logging_mixin.py:190} INFO - [2025-06-27T07:53:03.159+0000] {dag.py:4180} INFO - Setting next_dagrun for example_params_trigger_ui to None, run_after=None
[2025-06-27T07:53:03.205+0000] {processor.py:208} INFO - Processing /home/airflow/.local/lib/python3.12/site-packages/airflow/example_dags/example_params_trigger_ui.py took 0.226 seconds
[2025-06-27T07:53:33.888+0000] {processor.py:186} INFO - Started process (PID=255) to work on /home/airflow/.local/lib/python3.12/site-packages/airflow/example_dags/example_params_trigger_ui.py
[2025-06-27T07:53:33.890+0000] {processor.py:914} INFO - Processing file /home/airflow/.local/lib/python3.12/site-packages/airflow/example_dags/example_params_trigger_ui.py for tasks to queue
[2025-06-27T07:53:33.895+0000] {logging_mixin.py:190} INFO - [2025-06-27T07:53:33.895+0000] {dagbag.py:588} INFO - Filling up the DagBag from /home/airflow/.local/lib/python3.12/site-packages/airflow/example_dags/example_params_trigger_ui.py
[2025-06-27T07:53:33.913+0000] {processor.py:925} INFO - DAG(s) 'example_params_trigger_ui' retrieved from /home/airflow/.local/lib/python3.12/site-packages/airflow/example_dags/example_params_trigger_ui.py
[2025-06-27T07:53:33.985+0000] {logging_mixin.py:190} INFO - [2025-06-27T07:53:33.985+0000] {dag.py:3239} INFO - Sync 1 DAGs
[2025-06-27T07:53:34.026+0000] {logging_mixin.py:190} INFO - [2025-06-27T07:53:34.026+0000] {dag.py:4180} INFO - Setting next_dagrun for example_params_trigger_ui to None, run_after=None
[2025-06-27T07:53:34.075+0000] {processor.py:208} INFO - Processing /home/airflow/.local/lib/python3.12/site-packages/airflow/example_dags/example_params_trigger_ui.py took 0.199 seconds
[2025-06-27T07:54:04.400+0000] {processor.py:186} INFO - Started process (PID=319) to work on /home/airflow/.local/lib/python3.12/site-packages/airflow/example_dags/example_params_trigger_ui.py
[2025-06-27T07:54:04.402+0000] {processor.py:914} INFO - Processing file /home/airflow/.local/lib/python3.12/site-packages/airflow/example_dags/example_params_trigger_ui.py for tasks to queue
[2025-06-27T07:54:04.408+0000] {logging_mixin.py:190} INFO - [2025-06-27T07:54:04.407+0000] {dagbag.py:588} INFO - Filling up the DagBag from /home/airflow/.local/lib/python3.12/site-packages/airflow/example_dags/example_params_trigger_ui.py
[2025-06-27T07:54:04.439+0000] {processor.py:925} INFO - DAG(s) 'example_params_trigger_ui' retrieved from /home/airflow/.local/lib/python3.12/site-packages/airflow/example_dags/example_params_trigger_ui.py
[2025-06-27T07:54:04.567+0000] {logging_mixin.py:190} INFO - [2025-06-27T07:54:04.567+0000] {dag.py:3239} INFO - Sync 1 DAGs
[2025-06-27T07:54:04.599+0000] {logging_mixin.py:190} INFO - [2025-06-27T07:54:04.599+0000] {dag.py:4180} INFO - Setting next_dagrun for example_params_trigger_ui to None, run_after=None
[2025-06-27T07:54:04.633+0000] {processor.py:208} INFO - Processing /home/airflow/.local/lib/python3.12/site-packages/airflow/example_dags/example_params_trigger_ui.py took 0.246 seconds
[2025-06-27T07:54:34.754+0000] {processor.py:186} INFO - Started process (PID=382) to work on /home/airflow/.local/lib/python3.12/site-packages/airflow/example_dags/example_params_trigger_ui.py
[2025-06-27T07:54:34.756+0000] {processor.py:914} INFO - Processing file /home/airflow/.local/lib/python3.12/site-packages/airflow/example_dags/example_params_trigger_ui.py for tasks to queue
[2025-06-27T07:54:34.761+0000] {logging_mixin.py:190} INFO - [2025-06-27T07:54:34.760+0000] {dagbag.py:588} INFO - Filling up the DagBag from /home/airflow/.local/lib/python3.12/site-packages/airflow/example_dags/example_params_trigger_ui.py
[2025-06-27T07:54:34.778+0000] {processor.py:925} INFO - DAG(s) 'example_params_trigger_ui' retrieved from /home/airflow/.local/lib/python3.12/site-packages/airflow/example_dags/example_params_trigger_ui.py
[2025-06-27T07:54:34.845+0000] {logging_mixin.py:190} INFO - [2025-06-27T07:54:34.845+0000] {dag.py:3239} INFO - Sync 1 DAGs
[2025-06-27T07:54:34.873+0000] {logging_mixin.py:190} INFO - [2025-06-27T07:54:34.872+0000] {dag.py:4180} INFO - Setting next_dagrun for example_params_trigger_ui to None, run_after=None
[2025-06-27T07:54:34.910+0000] {processor.py:208} INFO - Processing /home/airflow/.local/lib/python3.12/site-packages/airflow/example_dags/example_params_trigger_ui.py took 0.167 seconds
[2025-06-27T07:55:05.553+0000] {processor.py:186} INFO - Started process (PID=445) to work on /home/airflow/.local/lib/python3.12/site-packages/airflow/example_dags/example_params_trigger_ui.py
[2025-06-27T07:55:05.556+0000] {processor.py:914} INFO - Processing file /home/airflow/.local/lib/python3.12/site-packages/airflow/example_dags/example_params_trigger_ui.py for tasks to queue
[2025-06-27T07:55:05.568+0000] {logging_mixin.py:190} INFO - [2025-06-27T07:55:05.566+0000] {dagbag.py:588} INFO - Filling up the DagBag from /home/airflow/.local/lib/python3.12/site-packages/airflow/example_dags/example_params_trigger_ui.py
[2025-06-27T07:55:05.607+0000] {processor.py:925} INFO - DAG(s) 'example_params_trigger_ui' retrieved from /home/airflow/.local/lib/python3.12/site-packages/airflow/example_dags/example_params_trigger_ui.py
[2025-06-27T07:55:05.728+0000] {logging_mixin.py:190} INFO - [2025-06-27T07:55:05.728+0000] {dag.py:3239} INFO - Sync 1 DAGs
[2025-06-27T07:55:05.772+0000] {logging_mixin.py:190} INFO - [2025-06-27T07:55:05.772+0000] {dag.py:4180} INFO - Setting next_dagrun for example_params_trigger_ui to None, run_after=None
[2025-06-27T07:55:05.821+0000] {processor.py:208} INFO - Processing /home/airflow/.local/lib/python3.12/site-packages/airflow/example_dags/example_params_trigger_ui.py took 0.291 seconds
[2025-06-27T07:59:56.904+0000] {processor.py:186} INFO - Started process (PID=121) to work on /home/airflow/.local/lib/python3.12/site-packages/airflow/example_dags/example_params_trigger_ui.py
[2025-06-27T07:59:56.915+0000] {processor.py:914} INFO - Processing file /home/airflow/.local/lib/python3.12/site-packages/airflow/example_dags/example_params_trigger_ui.py for tasks to queue
[2025-06-27T07:59:56.948+0000] {logging_mixin.py:190} INFO - [2025-06-27T07:59:56.945+0000] {dagbag.py:588} INFO - Filling up the DagBag from /home/airflow/.local/lib/python3.12/site-packages/airflow/example_dags/example_params_trigger_ui.py
[2025-06-27T07:59:57.031+0000] {processor.py:925} INFO - DAG(s) 'example_params_trigger_ui' retrieved from /home/airflow/.local/lib/python3.12/site-packages/airflow/example_dags/example_params_trigger_ui.py
[2025-06-27T07:59:57.396+0000] {logging_mixin.py:190} INFO - [2025-06-27T07:59:57.395+0000] {dag.py:3239} INFO - Sync 1 DAGs
[2025-06-27T07:59:57.565+0000] {logging_mixin.py:190} INFO - [2025-06-27T07:59:57.564+0000] {dag.py:4180} INFO - Setting next_dagrun for example_params_trigger_ui to None, run_after=None
[2025-06-27T07:59:57.728+0000] {processor.py:208} INFO - Processing /home/airflow/.local/lib/python3.12/site-packages/airflow/example_dags/example_params_trigger_ui.py took 0.851 seconds
[2025-06-27T08:01:07.845+0000] {processor.py:186} INFO - Started process (PID=204) to work on /home/airflow/.local/lib/python3.12/site-packages/airflow/example_dags/example_params_trigger_ui.py
[2025-06-27T08:01:07.849+0000] {processor.py:914} INFO - Processing file /home/airflow/.local/lib/python3.12/site-packages/airflow/example_dags/example_params_trigger_ui.py for tasks to queue
[2025-06-27T08:01:07.858+0000] {logging_mixin.py:190} INFO - [2025-06-27T08:01:07.856+0000] {dagbag.py:588} INFO - Filling up the DagBag from /home/airflow/.local/lib/python3.12/site-packages/airflow/example_dags/example_params_trigger_ui.py
[2025-06-27T08:01:07.923+0000] {processor.py:925} INFO - DAG(s) 'example_params_trigger_ui' retrieved from /home/airflow/.local/lib/python3.12/site-packages/airflow/example_dags/example_params_trigger_ui.py
[2025-06-27T08:01:08.283+0000] {logging_mixin.py:190} INFO - [2025-06-27T08:01:08.282+0000] {dag.py:3239} INFO - Sync 1 DAGs
[2025-06-27T08:01:08.345+0000] {logging_mixin.py:190} INFO - [2025-06-27T08:01:08.345+0000] {dag.py:4180} INFO - Setting next_dagrun for example_params_trigger_ui to None, run_after=None
[2025-06-27T08:01:08.410+0000] {processor.py:208} INFO - Processing /home/airflow/.local/lib/python3.12/site-packages/airflow/example_dags/example_params_trigger_ui.py took 0.581 seconds
[2025-06-27T08:01:38.862+0000] {processor.py:186} INFO - Started process (PID=266) to work on /home/airflow/.local/lib/python3.12/site-packages/airflow/example_dags/example_params_trigger_ui.py
[2025-06-27T08:01:38.865+0000] {processor.py:914} INFO - Processing file /home/airflow/.local/lib/python3.12/site-packages/airflow/example_dags/example_params_trigger_ui.py for tasks to queue
[2025-06-27T08:01:38.872+0000] {logging_mixin.py:190} INFO - [2025-06-27T08:01:38.871+0000] {dagbag.py:588} INFO - Filling up the DagBag from /home/airflow/.local/lib/python3.12/site-packages/airflow/example_dags/example_params_trigger_ui.py
[2025-06-27T08:01:38.903+0000] {processor.py:925} INFO - DAG(s) 'example_params_trigger_ui' retrieved from /home/airflow/.local/lib/python3.12/site-packages/airflow/example_dags/example_params_trigger_ui.py
[2025-06-27T08:01:38.999+0000] {logging_mixin.py:190} INFO - [2025-06-27T08:01:38.999+0000] {dag.py:3239} INFO - Sync 1 DAGs
[2025-06-27T08:01:39.034+0000] {logging_mixin.py:190} INFO - [2025-06-27T08:01:39.034+0000] {dag.py:4180} INFO - Setting next_dagrun for example_params_trigger_ui to None, run_after=None
[2025-06-27T08:01:39.085+0000] {processor.py:208} INFO - Processing /home/airflow/.local/lib/python3.12/site-packages/airflow/example_dags/example_params_trigger_ui.py took 0.240 seconds
[2025-06-27T08:02:09.675+0000] {processor.py:186} INFO - Started process (PID=330) to work on /home/airflow/.local/lib/python3.12/site-packages/airflow/example_dags/example_params_trigger_ui.py
[2025-06-27T08:02:09.679+0000] {processor.py:914} INFO - Processing file /home/airflow/.local/lib/python3.12/site-packages/airflow/example_dags/example_params_trigger_ui.py for tasks to queue
[2025-06-27T08:02:09.686+0000] {logging_mixin.py:190} INFO - [2025-06-27T08:02:09.685+0000] {dagbag.py:588} INFO - Filling up the DagBag from /home/airflow/.local/lib/python3.12/site-packages/airflow/example_dags/example_params_trigger_ui.py
[2025-06-27T08:02:09.711+0000] {processor.py:925} INFO - DAG(s) 'example_params_trigger_ui' retrieved from /home/airflow/.local/lib/python3.12/site-packages/airflow/example_dags/example_params_trigger_ui.py
[2025-06-27T08:02:09.792+0000] {logging_mixin.py:190} INFO - [2025-06-27T08:02:09.792+0000] {dag.py:3239} INFO - Sync 1 DAGs
[2025-06-27T08:02:09.825+0000] {logging_mixin.py:190} INFO - [2025-06-27T08:02:09.825+0000] {dag.py:4180} INFO - Setting next_dagrun for example_params_trigger_ui to None, run_after=None
[2025-06-27T08:02:09.861+0000] {processor.py:208} INFO - Processing /home/airflow/.local/lib/python3.12/site-packages/airflow/example_dags/example_params_trigger_ui.py took 0.210 seconds
[2025-06-27T08:02:40.531+0000] {processor.py:186} INFO - Started process (PID=392) to work on /home/airflow/.local/lib/python3.12/site-packages/airflow/example_dags/example_params_trigger_ui.py
[2025-06-27T08:02:40.533+0000] {processor.py:914} INFO - Processing file /home/airflow/.local/lib/python3.12/site-packages/airflow/example_dags/example_params_trigger_ui.py for tasks to queue
[2025-06-27T08:02:40.539+0000] {logging_mixin.py:190} INFO - [2025-06-27T08:02:40.538+0000] {dagbag.py:588} INFO - Filling up the DagBag from /home/airflow/.local/lib/python3.12/site-packages/airflow/example_dags/example_params_trigger_ui.py
[2025-06-27T08:02:40.562+0000] {processor.py:925} INFO - DAG(s) 'example_params_trigger_ui' retrieved from /home/airflow/.local/lib/python3.12/site-packages/airflow/example_dags/example_params_trigger_ui.py
[2025-06-27T08:02:40.670+0000] {logging_mixin.py:190} INFO - [2025-06-27T08:02:40.669+0000] {dag.py:3239} INFO - Sync 1 DAGs
[2025-06-27T08:02:40.706+0000] {logging_mixin.py:190} INFO - [2025-06-27T08:02:40.705+0000] {dag.py:4180} INFO - Setting next_dagrun for example_params_trigger_ui to None, run_after=None
[2025-06-27T08:02:40.747+0000] {processor.py:208} INFO - Processing /home/airflow/.local/lib/python3.12/site-packages/airflow/example_dags/example_params_trigger_ui.py took 0.230 seconds
[2025-06-27T08:03:11.119+0000] {processor.py:186} INFO - Started process (PID=455) to work on /home/airflow/.local/lib/python3.12/site-packages/airflow/example_dags/example_params_trigger_ui.py
[2025-06-27T08:03:11.121+0000] {processor.py:914} INFO - Processing file /home/airflow/.local/lib/python3.12/site-packages/airflow/example_dags/example_params_trigger_ui.py for tasks to queue
[2025-06-27T08:03:11.125+0000] {logging_mixin.py:190} INFO - [2025-06-27T08:03:11.124+0000] {dagbag.py:588} INFO - Filling up the DagBag from /home/airflow/.local/lib/python3.12/site-packages/airflow/example_dags/example_params_trigger_ui.py
[2025-06-27T08:03:11.141+0000] {processor.py:925} INFO - DAG(s) 'example_params_trigger_ui' retrieved from /home/airflow/.local/lib/python3.12/site-packages/airflow/example_dags/example_params_trigger_ui.py
[2025-06-27T08:03:11.215+0000] {logging_mixin.py:190} INFO - [2025-06-27T08:03:11.214+0000] {dag.py:3239} INFO - Sync 1 DAGs
[2025-06-27T08:03:11.243+0000] {logging_mixin.py:190} INFO - [2025-06-27T08:03:11.242+0000] {dag.py:4180} INFO - Setting next_dagrun for example_params_trigger_ui to None, run_after=None
[2025-06-27T08:03:11.280+0000] {processor.py:208} INFO - Processing /home/airflow/.local/lib/python3.12/site-packages/airflow/example_dags/example_params_trigger_ui.py took 0.169 seconds
[2025-06-27T08:03:41.578+0000] {processor.py:186} INFO - Started process (PID=518) to work on /home/airflow/.local/lib/python3.12/site-packages/airflow/example_dags/example_params_trigger_ui.py
[2025-06-27T08:03:41.580+0000] {processor.py:914} INFO - Processing file /home/airflow/.local/lib/python3.12/site-packages/airflow/example_dags/example_params_trigger_ui.py for tasks to queue
[2025-06-27T08:03:41.585+0000] {logging_mixin.py:190} INFO - [2025-06-27T08:03:41.585+0000] {dagbag.py:588} INFO - Filling up the DagBag from /home/airflow/.local/lib/python3.12/site-packages/airflow/example_dags/example_params_trigger_ui.py
[2025-06-27T08:03:41.607+0000] {processor.py:925} INFO - DAG(s) 'example_params_trigger_ui' retrieved from /home/airflow/.local/lib/python3.12/site-packages/airflow/example_dags/example_params_trigger_ui.py
[2025-06-27T08:03:41.697+0000] {logging_mixin.py:190} INFO - [2025-06-27T08:03:41.697+0000] {dag.py:3239} INFO - Sync 1 DAGs
[2025-06-27T08:03:41.727+0000] {logging_mixin.py:190} INFO - [2025-06-27T08:03:41.727+0000] {dag.py:4180} INFO - Setting next_dagrun for example_params_trigger_ui to None, run_after=None
[2025-06-27T08:03:41.766+0000] {processor.py:208} INFO - Processing /home/airflow/.local/lib/python3.12/site-packages/airflow/example_dags/example_params_trigger_ui.py took 0.199 seconds
[2025-06-27T08:04:13.317+0000] {processor.py:186} INFO - Started process (PID=581) to work on /home/airflow/.local/lib/python3.12/site-packages/airflow/example_dags/example_params_trigger_ui.py
[2025-06-27T08:04:13.333+0000] {processor.py:914} INFO - Processing file /home/airflow/.local/lib/python3.12/site-packages/airflow/example_dags/example_params_trigger_ui.py for tasks to queue
[2025-06-27T08:04:13.346+0000] {logging_mixin.py:190} INFO - [2025-06-27T08:04:13.342+0000] {dagbag.py:588} INFO - Filling up the DagBag from /home/airflow/.local/lib/python3.12/site-packages/airflow/example_dags/example_params_trigger_ui.py
[2025-06-27T08:04:13.444+0000] {processor.py:925} INFO - DAG(s) 'example_params_trigger_ui' retrieved from /home/airflow/.local/lib/python3.12/site-packages/airflow/example_dags/example_params_trigger_ui.py
[2025-06-27T08:04:13.961+0000] {logging_mixin.py:190} INFO - [2025-06-27T08:04:13.960+0000] {dag.py:3239} INFO - Sync 1 DAGs
[2025-06-27T08:04:14.036+0000] {logging_mixin.py:190} INFO - [2025-06-27T08:04:14.035+0000] {dag.py:4180} INFO - Setting next_dagrun for example_params_trigger_ui to None, run_after=None
[2025-06-27T08:04:14.098+0000] {processor.py:208} INFO - Processing /home/airflow/.local/lib/python3.12/site-packages/airflow/example_dags/example_params_trigger_ui.py took 0.812 seconds
[2025-06-27T08:04:44.405+0000] {processor.py:186} INFO - Started process (PID=644) to work on /home/airflow/.local/lib/python3.12/site-packages/airflow/example_dags/example_params_trigger_ui.py
[2025-06-27T08:04:44.407+0000] {processor.py:914} INFO - Processing file /home/airflow/.local/lib/python3.12/site-packages/airflow/example_dags/example_params_trigger_ui.py for tasks to queue
[2025-06-27T08:04:44.412+0000] {logging_mixin.py:190} INFO - [2025-06-27T08:04:44.411+0000] {dagbag.py:588} INFO - Filling up the DagBag from /home/airflow/.local/lib/python3.12/site-packages/airflow/example_dags/example_params_trigger_ui.py
[2025-06-27T08:04:44.436+0000] {processor.py:925} INFO - DAG(s) 'example_params_trigger_ui' retrieved from /home/airflow/.local/lib/python3.12/site-packages/airflow/example_dags/example_params_trigger_ui.py
[2025-06-27T08:04:44.517+0000] {logging_mixin.py:190} INFO - [2025-06-27T08:04:44.517+0000] {dag.py:3239} INFO - Sync 1 DAGs
[2025-06-27T08:04:44.546+0000] {logging_mixin.py:190} INFO - [2025-06-27T08:04:44.546+0000] {dag.py:4180} INFO - Setting next_dagrun for example_params_trigger_ui to None, run_after=None
[2025-06-27T08:04:44.580+0000] {processor.py:208} INFO - Processing /home/airflow/.local/lib/python3.12/site-packages/airflow/example_dags/example_params_trigger_ui.py took 0.187 seconds
[2025-06-27T08:05:28.992+0000] {processor.py:186} INFO - Started process (PID=722) to work on /home/airflow/.local/lib/python3.12/site-packages/airflow/example_dags/example_params_trigger_ui.py
[2025-06-27T08:05:28.999+0000] {processor.py:914} INFO - Processing file /home/airflow/.local/lib/python3.12/site-packages/airflow/example_dags/example_params_trigger_ui.py for tasks to queue
[2025-06-27T08:05:29.014+0000] {logging_mixin.py:190} INFO - [2025-06-27T08:05:29.012+0000] {dagbag.py:588} INFO - Filling up the DagBag from /home/airflow/.local/lib/python3.12/site-packages/airflow/example_dags/example_params_trigger_ui.py
[2025-06-27T08:05:29.074+0000] {processor.py:925} INFO - DAG(s) 'example_params_trigger_ui' retrieved from /home/airflow/.local/lib/python3.12/site-packages/airflow/example_dags/example_params_trigger_ui.py
[2025-06-27T08:05:29.219+0000] {logging_mixin.py:190} INFO - [2025-06-27T08:05:29.219+0000] {dag.py:3239} INFO - Sync 1 DAGs
[2025-06-27T08:05:29.273+0000] {logging_mixin.py:190} INFO - [2025-06-27T08:05:29.272+0000] {dag.py:4180} INFO - Setting next_dagrun for example_params_trigger_ui to None, run_after=None
[2025-06-27T08:05:29.329+0000] {processor.py:208} INFO - Processing /home/airflow/.local/lib/python3.12/site-packages/airflow/example_dags/example_params_trigger_ui.py took 0.368 seconds
[2025-06-27T08:06:05.762+0000] {processor.py:186} INFO - Started process (PID=787) to work on /home/airflow/.local/lib/python3.12/site-packages/airflow/example_dags/example_params_trigger_ui.py
[2025-06-27T08:06:05.764+0000] {processor.py:914} INFO - Processing file /home/airflow/.local/lib/python3.12/site-packages/airflow/example_dags/example_params_trigger_ui.py for tasks to queue
[2025-06-27T08:06:05.771+0000] {logging_mixin.py:190} INFO - [2025-06-27T08:06:05.770+0000] {dagbag.py:588} INFO - Filling up the DagBag from /home/airflow/.local/lib/python3.12/site-packages/airflow/example_dags/example_params_trigger_ui.py
[2025-06-27T08:06:05.799+0000] {processor.py:925} INFO - DAG(s) 'example_params_trigger_ui' retrieved from /home/airflow/.local/lib/python3.12/site-packages/airflow/example_dags/example_params_trigger_ui.py
[2025-06-27T08:06:05.946+0000] {logging_mixin.py:190} INFO - [2025-06-27T08:06:05.945+0000] {dag.py:3239} INFO - Sync 1 DAGs
[2025-06-27T08:06:05.992+0000] {logging_mixin.py:190} INFO - [2025-06-27T08:06:05.992+0000] {dag.py:4180} INFO - Setting next_dagrun for example_params_trigger_ui to None, run_after=None
[2025-06-27T08:06:06.042+0000] {processor.py:208} INFO - Processing /home/airflow/.local/lib/python3.12/site-packages/airflow/example_dags/example_params_trigger_ui.py took 0.296 seconds
