[2025-06-27T07:37:23.861+0000] {processor.py:186} INFO - Started process (PID=182) to work on /home/airflow/.local/lib/python3.12/site-packages/airflow/example_dags/example_sensors.py
[2025-06-27T07:37:23.868+0000] {processor.py:914} INFO - Processing file /home/airflow/.local/lib/python3.12/site-packages/airflow/example_dags/example_sensors.py for tasks to queue
[2025-06-27T07:37:23.884+0000] {logging_mixin.py:190} INFO - [2025-06-27T07:37:23.882+0000] {dagbag.py:588} INFO - Filling up the DagBag from /home/airflow/.local/lib/python3.12/site-packages/airflow/example_dags/example_sensors.py
[2025-06-27T07:37:23.953+0000] {processor.py:925} INFO - DAG(s) 'example_sensors' retrieved from /home/airflow/.local/lib/python3.12/site-packages/airflow/example_dags/example_sensors.py
[2025-06-27T07:37:24.771+0000] {logging_mixin.py:190} INFO - [2025-06-27T07:37:24.769+0000] {override.py:1900} INFO - Created Permission View: can read on DAG:example_sensors
[2025-06-27T07:37:24.867+0000] {logging_mixin.py:190} INFO - [2025-06-27T07:37:24.865+0000] {override.py:1900} INFO - Created Permission View: can edit on DAG:example_sensors
[2025-06-27T07:37:24.911+0000] {logging_mixin.py:190} INFO - [2025-06-27T07:37:24.910+0000] {override.py:1900} INFO - Created Permission View: can delete on DAG:example_sensors
[2025-06-27T07:37:24.973+0000] {logging_mixin.py:190} INFO - [2025-06-27T07:37:24.972+0000] {override.py:1900} INFO - Created Permission View: can read on DAG Run:example_sensors
[2025-06-27T07:37:25.025+0000] {logging_mixin.py:190} INFO - [2025-06-27T07:37:25.024+0000] {override.py:1900} INFO - Created Permission View: can create on DAG Run:example_sensors
[2025-06-27T07:37:25.119+0000] {logging_mixin.py:190} INFO - [2025-06-27T07:37:25.117+0000] {override.py:1900} INFO - Created Permission View: can delete on DAG Run:example_sensors
[2025-06-27T07:37:25.191+0000] {logging_mixin.py:190} INFO - [2025-06-27T07:37:25.189+0000] {override.py:1900} INFO - Created Permission View: menu access on DAG Run:example_sensors
[2025-06-27T07:37:25.198+0000] {logging_mixin.py:190} INFO - [2025-06-27T07:37:25.197+0000] {dag.py:3239} INFO - Sync 1 DAGs
[2025-06-27T07:37:25.319+0000] {logging_mixin.py:190} INFO - [2025-06-27T07:37:25.314+0000] {dag.py:3262} INFO - Creating ORM DAG for example_sensors
[2025-06-27T07:37:25.329+0000] {logging_mixin.py:190} INFO - [2025-06-27T07:37:25.328+0000] {dag.py:4180} INFO - Setting next_dagrun for example_sensors to None, run_after=None
[2025-06-27T07:37:25.571+0000] {processor.py:208} INFO - Processing /home/airflow/.local/lib/python3.12/site-packages/airflow/example_dags/example_sensors.py took 1.754 seconds
[2025-06-27T07:37:56.843+0000] {processor.py:186} INFO - Started process (PID=244) to work on /home/airflow/.local/lib/python3.12/site-packages/airflow/example_dags/example_sensors.py
[2025-06-27T07:37:56.860+0000] {processor.py:914} INFO - Processing file /home/airflow/.local/lib/python3.12/site-packages/airflow/example_dags/example_sensors.py for tasks to queue
[2025-06-27T07:37:56.894+0000] {logging_mixin.py:190} INFO - [2025-06-27T07:37:56.892+0000] {dagbag.py:588} INFO - Filling up the DagBag from /home/airflow/.local/lib/python3.12/site-packages/airflow/example_dags/example_sensors.py
[2025-06-27T07:37:58.100+0000] {processor.py:925} INFO - DAG(s) 'example_sensors' retrieved from /home/airflow/.local/lib/python3.12/site-packages/airflow/example_dags/example_sensors.py
[2025-06-27T07:37:58.867+0000] {logging_mixin.py:190} INFO - [2025-06-27T07:37:58.866+0000] {dag.py:3239} INFO - Sync 1 DAGs
[2025-06-27T07:37:59.225+0000] {logging_mixin.py:190} INFO - [2025-06-27T07:37:59.224+0000] {dag.py:4180} INFO - Setting next_dagrun for example_sensors to None, run_after=None
[2025-06-27T07:37:59.743+0000] {processor.py:208} INFO - Processing /home/airflow/.local/lib/python3.12/site-packages/airflow/example_dags/example_sensors.py took 3.226 seconds
[2025-06-27T07:38:33.954+0000] {processor.py:186} INFO - Started process (PID=312) to work on /home/airflow/.local/lib/python3.12/site-packages/airflow/example_dags/example_sensors.py
[2025-06-27T07:38:33.961+0000] {processor.py:914} INFO - Processing file /home/airflow/.local/lib/python3.12/site-packages/airflow/example_dags/example_sensors.py for tasks to queue
[2025-06-27T07:38:33.971+0000] {logging_mixin.py:190} INFO - [2025-06-27T07:38:33.970+0000] {dagbag.py:588} INFO - Filling up the DagBag from /home/airflow/.local/lib/python3.12/site-packages/airflow/example_dags/example_sensors.py
[2025-06-27T07:38:34.033+0000] {processor.py:925} INFO - DAG(s) 'example_sensors' retrieved from /home/airflow/.local/lib/python3.12/site-packages/airflow/example_dags/example_sensors.py
[2025-06-27T07:38:34.155+0000] {logging_mixin.py:190} INFO - [2025-06-27T07:38:34.155+0000] {dag.py:3239} INFO - Sync 1 DAGs
[2025-06-27T07:38:34.212+0000] {logging_mixin.py:190} INFO - [2025-06-27T07:38:34.211+0000] {dag.py:4180} INFO - Setting next_dagrun for example_sensors to None, run_after=None
[2025-06-27T07:38:34.326+0000] {processor.py:208} INFO - Processing /home/airflow/.local/lib/python3.12/site-packages/airflow/example_dags/example_sensors.py took 0.393 seconds
[2025-06-27T07:39:14.629+0000] {processor.py:186} INFO - Started process (PID=377) to work on /home/airflow/.local/lib/python3.12/site-packages/airflow/example_dags/example_sensors.py
[2025-06-27T07:39:14.633+0000] {processor.py:914} INFO - Processing file /home/airflow/.local/lib/python3.12/site-packages/airflow/example_dags/example_sensors.py for tasks to queue
[2025-06-27T07:39:14.647+0000] {logging_mixin.py:190} INFO - [2025-06-27T07:39:14.646+0000] {dagbag.py:588} INFO - Filling up the DagBag from /home/airflow/.local/lib/python3.12/site-packages/airflow/example_dags/example_sensors.py
[2025-06-27T07:39:14.761+0000] {processor.py:925} INFO - DAG(s) 'example_sensors' retrieved from /home/airflow/.local/lib/python3.12/site-packages/airflow/example_dags/example_sensors.py
[2025-06-27T07:39:14.903+0000] {logging_mixin.py:190} INFO - [2025-06-27T07:39:14.901+0000] {dag.py:3239} INFO - Sync 1 DAGs
[2025-06-27T07:39:14.974+0000] {logging_mixin.py:190} INFO - [2025-06-27T07:39:14.974+0000] {dag.py:4180} INFO - Setting next_dagrun for example_sensors to None, run_after=None
[2025-06-27T07:39:15.107+0000] {processor.py:208} INFO - Processing /home/airflow/.local/lib/python3.12/site-packages/airflow/example_dags/example_sensors.py took 0.506 seconds
[2025-06-27T07:39:55.025+0000] {processor.py:186} INFO - Started process (PID=440) to work on /home/airflow/.local/lib/python3.12/site-packages/airflow/example_dags/example_sensors.py
[2025-06-27T07:39:55.029+0000] {processor.py:914} INFO - Processing file /home/airflow/.local/lib/python3.12/site-packages/airflow/example_dags/example_sensors.py for tasks to queue
[2025-06-27T07:39:55.041+0000] {logging_mixin.py:190} INFO - [2025-06-27T07:39:55.040+0000] {dagbag.py:588} INFO - Filling up the DagBag from /home/airflow/.local/lib/python3.12/site-packages/airflow/example_dags/example_sensors.py
[2025-06-27T07:39:55.089+0000] {processor.py:925} INFO - DAG(s) 'example_sensors' retrieved from /home/airflow/.local/lib/python3.12/site-packages/airflow/example_dags/example_sensors.py
[2025-06-27T07:39:55.255+0000] {logging_mixin.py:190} INFO - [2025-06-27T07:39:55.249+0000] {dag.py:3239} INFO - Sync 1 DAGs
[2025-06-27T07:39:55.329+0000] {logging_mixin.py:190} INFO - [2025-06-27T07:39:55.328+0000] {dag.py:4180} INFO - Setting next_dagrun for example_sensors to None, run_after=None
[2025-06-27T07:39:55.398+0000] {processor.py:208} INFO - Processing /home/airflow/.local/lib/python3.12/site-packages/airflow/example_dags/example_sensors.py took 0.400 seconds
[2025-06-27T07:40:27.567+0000] {processor.py:186} INFO - Started process (PID=502) to work on /home/airflow/.local/lib/python3.12/site-packages/airflow/example_dags/example_sensors.py
[2025-06-27T07:40:27.572+0000] {processor.py:914} INFO - Processing file /home/airflow/.local/lib/python3.12/site-packages/airflow/example_dags/example_sensors.py for tasks to queue
[2025-06-27T07:40:27.583+0000] {logging_mixin.py:190} INFO - [2025-06-27T07:40:27.581+0000] {dagbag.py:588} INFO - Filling up the DagBag from /home/airflow/.local/lib/python3.12/site-packages/airflow/example_dags/example_sensors.py
[2025-06-27T07:40:27.637+0000] {processor.py:925} INFO - DAG(s) 'example_sensors' retrieved from /home/airflow/.local/lib/python3.12/site-packages/airflow/example_dags/example_sensors.py
[2025-06-27T07:40:27.733+0000] {logging_mixin.py:190} INFO - [2025-06-27T07:40:27.732+0000] {dag.py:3239} INFO - Sync 1 DAGs
[2025-06-27T07:40:27.819+0000] {logging_mixin.py:190} INFO - [2025-06-27T07:40:27.819+0000] {dag.py:4180} INFO - Setting next_dagrun for example_sensors to None, run_after=None
[2025-06-27T07:40:27.897+0000] {processor.py:208} INFO - Processing /home/airflow/.local/lib/python3.12/site-packages/airflow/example_dags/example_sensors.py took 0.357 seconds
[2025-06-27T07:40:58.849+0000] {processor.py:186} INFO - Started process (PID=566) to work on /home/airflow/.local/lib/python3.12/site-packages/airflow/example_dags/example_sensors.py
[2025-06-27T07:40:58.852+0000] {processor.py:914} INFO - Processing file /home/airflow/.local/lib/python3.12/site-packages/airflow/example_dags/example_sensors.py for tasks to queue
[2025-06-27T07:40:58.860+0000] {logging_mixin.py:190} INFO - [2025-06-27T07:40:58.858+0000] {dagbag.py:588} INFO - Filling up the DagBag from /home/airflow/.local/lib/python3.12/site-packages/airflow/example_dags/example_sensors.py
[2025-06-27T07:40:58.896+0000] {processor.py:925} INFO - DAG(s) 'example_sensors' retrieved from /home/airflow/.local/lib/python3.12/site-packages/airflow/example_dags/example_sensors.py
[2025-06-27T07:40:58.997+0000] {logging_mixin.py:190} INFO - [2025-06-27T07:40:58.996+0000] {dag.py:3239} INFO - Sync 1 DAGs
[2025-06-27T07:40:59.064+0000] {logging_mixin.py:190} INFO - [2025-06-27T07:40:59.063+0000] {dag.py:4180} INFO - Setting next_dagrun for example_sensors to None, run_after=None
[2025-06-27T07:40:59.143+0000] {processor.py:208} INFO - Processing /home/airflow/.local/lib/python3.12/site-packages/airflow/example_dags/example_sensors.py took 0.315 seconds
[2025-06-27T07:41:38.360+0000] {processor.py:186} INFO - Started process (PID=636) to work on /home/airflow/.local/lib/python3.12/site-packages/airflow/example_dags/example_sensors.py
[2025-06-27T07:41:38.365+0000] {processor.py:914} INFO - Processing file /home/airflow/.local/lib/python3.12/site-packages/airflow/example_dags/example_sensors.py for tasks to queue
[2025-06-27T07:41:38.385+0000] {logging_mixin.py:190} INFO - [2025-06-27T07:41:38.383+0000] {dagbag.py:588} INFO - Filling up the DagBag from /home/airflow/.local/lib/python3.12/site-packages/airflow/example_dags/example_sensors.py
[2025-06-27T07:41:38.471+0000] {processor.py:925} INFO - DAG(s) 'example_sensors' retrieved from /home/airflow/.local/lib/python3.12/site-packages/airflow/example_dags/example_sensors.py
[2025-06-27T07:41:38.644+0000] {logging_mixin.py:190} INFO - [2025-06-27T07:41:38.643+0000] {dag.py:3239} INFO - Sync 1 DAGs
[2025-06-27T07:41:38.713+0000] {logging_mixin.py:190} INFO - [2025-06-27T07:41:38.712+0000] {dag.py:4180} INFO - Setting next_dagrun for example_sensors to None, run_after=None
[2025-06-27T07:41:38.812+0000] {processor.py:208} INFO - Processing /home/airflow/.local/lib/python3.12/site-packages/airflow/example_dags/example_sensors.py took 0.484 seconds
[2025-06-27T07:42:42.411+0000] {processor.py:186} INFO - Started process (PID=725) to work on /home/airflow/.local/lib/python3.12/site-packages/airflow/example_dags/example_sensors.py
[2025-06-27T07:42:42.428+0000] {processor.py:914} INFO - Processing file /home/airflow/.local/lib/python3.12/site-packages/airflow/example_dags/example_sensors.py for tasks to queue
[2025-06-27T07:42:42.462+0000] {logging_mixin.py:190} INFO - [2025-06-27T07:42:42.460+0000] {dagbag.py:588} INFO - Filling up the DagBag from /home/airflow/.local/lib/python3.12/site-packages/airflow/example_dags/example_sensors.py
[2025-06-27T07:42:42.550+0000] {processor.py:925} INFO - DAG(s) 'example_sensors' retrieved from /home/airflow/.local/lib/python3.12/site-packages/airflow/example_dags/example_sensors.py
[2025-06-27T07:42:42.753+0000] {logging_mixin.py:190} INFO - [2025-06-27T07:42:42.752+0000] {dag.py:3239} INFO - Sync 1 DAGs
[2025-06-27T07:42:42.879+0000] {logging_mixin.py:190} INFO - [2025-06-27T07:42:42.878+0000] {dag.py:4180} INFO - Setting next_dagrun for example_sensors to None, run_after=None
[2025-06-27T07:42:43.023+0000] {processor.py:208} INFO - Processing /home/airflow/.local/lib/python3.12/site-packages/airflow/example_dags/example_sensors.py took 0.667 seconds
[2025-06-27T07:43:13.684+0000] {processor.py:186} INFO - Started process (PID=787) to work on /home/airflow/.local/lib/python3.12/site-packages/airflow/example_dags/example_sensors.py
[2025-06-27T07:43:13.689+0000] {processor.py:914} INFO - Processing file /home/airflow/.local/lib/python3.12/site-packages/airflow/example_dags/example_sensors.py for tasks to queue
[2025-06-27T07:43:13.702+0000] {logging_mixin.py:190} INFO - [2025-06-27T07:43:13.700+0000] {dagbag.py:588} INFO - Filling up the DagBag from /home/airflow/.local/lib/python3.12/site-packages/airflow/example_dags/example_sensors.py
[2025-06-27T07:43:13.764+0000] {processor.py:925} INFO - DAG(s) 'example_sensors' retrieved from /home/airflow/.local/lib/python3.12/site-packages/airflow/example_dags/example_sensors.py
[2025-06-27T07:43:13.921+0000] {logging_mixin.py:190} INFO - [2025-06-27T07:43:13.920+0000] {dag.py:3239} INFO - Sync 1 DAGs
[2025-06-27T07:43:13.983+0000] {logging_mixin.py:190} INFO - [2025-06-27T07:43:13.982+0000] {dag.py:4180} INFO - Setting next_dagrun for example_sensors to None, run_after=None
[2025-06-27T07:43:14.047+0000] {processor.py:208} INFO - Processing /home/airflow/.local/lib/python3.12/site-packages/airflow/example_dags/example_sensors.py took 0.402 seconds
[2025-06-27T07:43:44.918+0000] {processor.py:186} INFO - Started process (PID=850) to work on /home/airflow/.local/lib/python3.12/site-packages/airflow/example_dags/example_sensors.py
[2025-06-27T07:43:44.921+0000] {processor.py:914} INFO - Processing file /home/airflow/.local/lib/python3.12/site-packages/airflow/example_dags/example_sensors.py for tasks to queue
[2025-06-27T07:43:44.935+0000] {logging_mixin.py:190} INFO - [2025-06-27T07:43:44.934+0000] {dagbag.py:588} INFO - Filling up the DagBag from /home/airflow/.local/lib/python3.12/site-packages/airflow/example_dags/example_sensors.py
[2025-06-27T07:43:44.976+0000] {processor.py:925} INFO - DAG(s) 'example_sensors' retrieved from /home/airflow/.local/lib/python3.12/site-packages/airflow/example_dags/example_sensors.py
[2025-06-27T07:43:45.064+0000] {logging_mixin.py:190} INFO - [2025-06-27T07:43:45.064+0000] {dag.py:3239} INFO - Sync 1 DAGs
[2025-06-27T07:43:45.101+0000] {logging_mixin.py:190} INFO - [2025-06-27T07:43:45.100+0000] {dag.py:4180} INFO - Setting next_dagrun for example_sensors to None, run_after=None
[2025-06-27T07:43:45.148+0000] {processor.py:208} INFO - Processing /home/airflow/.local/lib/python3.12/site-packages/airflow/example_dags/example_sensors.py took 0.245 seconds
[2025-06-27T07:44:15.783+0000] {processor.py:186} INFO - Started process (PID=914) to work on /home/airflow/.local/lib/python3.12/site-packages/airflow/example_dags/example_sensors.py
[2025-06-27T07:44:15.786+0000] {processor.py:914} INFO - Processing file /home/airflow/.local/lib/python3.12/site-packages/airflow/example_dags/example_sensors.py for tasks to queue
[2025-06-27T07:44:15.792+0000] {logging_mixin.py:190} INFO - [2025-06-27T07:44:15.791+0000] {dagbag.py:588} INFO - Filling up the DagBag from /home/airflow/.local/lib/python3.12/site-packages/airflow/example_dags/example_sensors.py
[2025-06-27T07:44:15.851+0000] {processor.py:925} INFO - DAG(s) 'example_sensors' retrieved from /home/airflow/.local/lib/python3.12/site-packages/airflow/example_dags/example_sensors.py
[2025-06-27T07:44:15.969+0000] {logging_mixin.py:190} INFO - [2025-06-27T07:44:15.969+0000] {dag.py:3239} INFO - Sync 1 DAGs
[2025-06-27T07:44:16.018+0000] {logging_mixin.py:190} INFO - [2025-06-27T07:44:16.017+0000] {dag.py:4180} INFO - Setting next_dagrun for example_sensors to None, run_after=None
[2025-06-27T07:44:16.074+0000] {processor.py:208} INFO - Processing /home/airflow/.local/lib/python3.12/site-packages/airflow/example_dags/example_sensors.py took 0.309 seconds
[2025-06-27T07:44:46.452+0000] {processor.py:186} INFO - Started process (PID=978) to work on /home/airflow/.local/lib/python3.12/site-packages/airflow/example_dags/example_sensors.py
[2025-06-27T07:44:46.455+0000] {processor.py:914} INFO - Processing file /home/airflow/.local/lib/python3.12/site-packages/airflow/example_dags/example_sensors.py for tasks to queue
[2025-06-27T07:44:46.465+0000] {logging_mixin.py:190} INFO - [2025-06-27T07:44:46.463+0000] {dagbag.py:588} INFO - Filling up the DagBag from /home/airflow/.local/lib/python3.12/site-packages/airflow/example_dags/example_sensors.py
[2025-06-27T07:44:46.525+0000] {processor.py:925} INFO - DAG(s) 'example_sensors' retrieved from /home/airflow/.local/lib/python3.12/site-packages/airflow/example_dags/example_sensors.py
[2025-06-27T07:44:46.621+0000] {logging_mixin.py:190} INFO - [2025-06-27T07:44:46.620+0000] {dag.py:3239} INFO - Sync 1 DAGs
[2025-06-27T07:44:46.662+0000] {logging_mixin.py:190} INFO - [2025-06-27T07:44:46.662+0000] {dag.py:4180} INFO - Setting next_dagrun for example_sensors to None, run_after=None
[2025-06-27T07:44:46.709+0000] {processor.py:208} INFO - Processing /home/airflow/.local/lib/python3.12/site-packages/airflow/example_dags/example_sensors.py took 0.277 seconds
[2025-06-27T07:45:17.019+0000] {processor.py:186} INFO - Started process (PID=1041) to work on /home/airflow/.local/lib/python3.12/site-packages/airflow/example_dags/example_sensors.py
[2025-06-27T07:45:17.022+0000] {processor.py:914} INFO - Processing file /home/airflow/.local/lib/python3.12/site-packages/airflow/example_dags/example_sensors.py for tasks to queue
[2025-06-27T07:45:17.027+0000] {logging_mixin.py:190} INFO - [2025-06-27T07:45:17.027+0000] {dagbag.py:588} INFO - Filling up the DagBag from /home/airflow/.local/lib/python3.12/site-packages/airflow/example_dags/example_sensors.py
[2025-06-27T07:45:17.052+0000] {processor.py:925} INFO - DAG(s) 'example_sensors' retrieved from /home/airflow/.local/lib/python3.12/site-packages/airflow/example_dags/example_sensors.py
[2025-06-27T07:45:17.113+0000] {logging_mixin.py:190} INFO - [2025-06-27T07:45:17.113+0000] {dag.py:3239} INFO - Sync 1 DAGs
[2025-06-27T07:45:17.142+0000] {logging_mixin.py:190} INFO - [2025-06-27T07:45:17.141+0000] {dag.py:4180} INFO - Setting next_dagrun for example_sensors to None, run_after=None
[2025-06-27T07:45:17.181+0000] {processor.py:208} INFO - Processing /home/airflow/.local/lib/python3.12/site-packages/airflow/example_dags/example_sensors.py took 0.175 seconds
[2025-06-27T07:45:48.052+0000] {processor.py:186} INFO - Started process (PID=1104) to work on /home/airflow/.local/lib/python3.12/site-packages/airflow/example_dags/example_sensors.py
[2025-06-27T07:45:48.055+0000] {processor.py:914} INFO - Processing file /home/airflow/.local/lib/python3.12/site-packages/airflow/example_dags/example_sensors.py for tasks to queue
[2025-06-27T07:45:48.063+0000] {logging_mixin.py:190} INFO - [2025-06-27T07:45:48.061+0000] {dagbag.py:588} INFO - Filling up the DagBag from /home/airflow/.local/lib/python3.12/site-packages/airflow/example_dags/example_sensors.py
[2025-06-27T07:45:48.087+0000] {processor.py:925} INFO - DAG(s) 'example_sensors' retrieved from /home/airflow/.local/lib/python3.12/site-packages/airflow/example_dags/example_sensors.py
[2025-06-27T07:45:48.150+0000] {logging_mixin.py:190} INFO - [2025-06-27T07:45:48.150+0000] {dag.py:3239} INFO - Sync 1 DAGs
[2025-06-27T07:45:48.187+0000] {logging_mixin.py:190} INFO - [2025-06-27T07:45:48.186+0000] {dag.py:4180} INFO - Setting next_dagrun for example_sensors to None, run_after=None
[2025-06-27T07:45:48.232+0000] {processor.py:208} INFO - Processing /home/airflow/.local/lib/python3.12/site-packages/airflow/example_dags/example_sensors.py took 0.196 seconds
[2025-06-27T07:46:18.513+0000] {processor.py:186} INFO - Started process (PID=1167) to work on /home/airflow/.local/lib/python3.12/site-packages/airflow/example_dags/example_sensors.py
[2025-06-27T07:46:18.516+0000] {processor.py:914} INFO - Processing file /home/airflow/.local/lib/python3.12/site-packages/airflow/example_dags/example_sensors.py for tasks to queue
[2025-06-27T07:46:18.522+0000] {logging_mixin.py:190} INFO - [2025-06-27T07:46:18.521+0000] {dagbag.py:588} INFO - Filling up the DagBag from /home/airflow/.local/lib/python3.12/site-packages/airflow/example_dags/example_sensors.py
[2025-06-27T07:46:18.547+0000] {processor.py:925} INFO - DAG(s) 'example_sensors' retrieved from /home/airflow/.local/lib/python3.12/site-packages/airflow/example_dags/example_sensors.py
[2025-06-27T07:46:18.599+0000] {logging_mixin.py:190} INFO - [2025-06-27T07:46:18.598+0000] {dag.py:3239} INFO - Sync 1 DAGs
[2025-06-27T07:46:18.621+0000] {logging_mixin.py:190} INFO - [2025-06-27T07:46:18.620+0000] {dag.py:4180} INFO - Setting next_dagrun for example_sensors to None, run_after=None
[2025-06-27T07:46:18.652+0000] {processor.py:208} INFO - Processing /home/airflow/.local/lib/python3.12/site-packages/airflow/example_dags/example_sensors.py took 0.150 seconds
[2025-06-27T07:46:49.078+0000] {processor.py:186} INFO - Started process (PID=1230) to work on /home/airflow/.local/lib/python3.12/site-packages/airflow/example_dags/example_sensors.py
[2025-06-27T07:46:49.080+0000] {processor.py:914} INFO - Processing file /home/airflow/.local/lib/python3.12/site-packages/airflow/example_dags/example_sensors.py for tasks to queue
[2025-06-27T07:46:49.085+0000] {logging_mixin.py:190} INFO - [2025-06-27T07:46:49.085+0000] {dagbag.py:588} INFO - Filling up the DagBag from /home/airflow/.local/lib/python3.12/site-packages/airflow/example_dags/example_sensors.py
[2025-06-27T07:46:49.105+0000] {processor.py:925} INFO - DAG(s) 'example_sensors' retrieved from /home/airflow/.local/lib/python3.12/site-packages/airflow/example_dags/example_sensors.py
[2025-06-27T07:46:49.156+0000] {logging_mixin.py:190} INFO - [2025-06-27T07:46:49.156+0000] {dag.py:3239} INFO - Sync 1 DAGs
[2025-06-27T07:46:49.183+0000] {logging_mixin.py:190} INFO - [2025-06-27T07:46:49.182+0000] {dag.py:4180} INFO - Setting next_dagrun for example_sensors to None, run_after=None
[2025-06-27T07:46:49.218+0000] {processor.py:208} INFO - Processing /home/airflow/.local/lib/python3.12/site-packages/airflow/example_dags/example_sensors.py took 0.150 seconds
[2025-06-27T07:47:19.618+0000] {processor.py:186} INFO - Started process (PID=1293) to work on /home/airflow/.local/lib/python3.12/site-packages/airflow/example_dags/example_sensors.py
[2025-06-27T07:47:19.620+0000] {processor.py:914} INFO - Processing file /home/airflow/.local/lib/python3.12/site-packages/airflow/example_dags/example_sensors.py for tasks to queue
[2025-06-27T07:47:19.624+0000] {logging_mixin.py:190} INFO - [2025-06-27T07:47:19.624+0000] {dagbag.py:588} INFO - Filling up the DagBag from /home/airflow/.local/lib/python3.12/site-packages/airflow/example_dags/example_sensors.py
[2025-06-27T07:47:19.645+0000] {processor.py:925} INFO - DAG(s) 'example_sensors' retrieved from /home/airflow/.local/lib/python3.12/site-packages/airflow/example_dags/example_sensors.py
[2025-06-27T07:47:19.691+0000] {logging_mixin.py:190} INFO - [2025-06-27T07:47:19.691+0000] {dag.py:3239} INFO - Sync 1 DAGs
[2025-06-27T07:47:19.717+0000] {logging_mixin.py:190} INFO - [2025-06-27T07:47:19.717+0000] {dag.py:4180} INFO - Setting next_dagrun for example_sensors to None, run_after=None
[2025-06-27T07:47:19.748+0000] {processor.py:208} INFO - Processing /home/airflow/.local/lib/python3.12/site-packages/airflow/example_dags/example_sensors.py took 0.139 seconds
[2025-06-27T07:47:50.014+0000] {processor.py:186} INFO - Started process (PID=1356) to work on /home/airflow/.local/lib/python3.12/site-packages/airflow/example_dags/example_sensors.py
[2025-06-27T07:47:50.017+0000] {processor.py:914} INFO - Processing file /home/airflow/.local/lib/python3.12/site-packages/airflow/example_dags/example_sensors.py for tasks to queue
[2025-06-27T07:47:50.025+0000] {logging_mixin.py:190} INFO - [2025-06-27T07:47:50.024+0000] {dagbag.py:588} INFO - Filling up the DagBag from /home/airflow/.local/lib/python3.12/site-packages/airflow/example_dags/example_sensors.py
[2025-06-27T07:47:50.073+0000] {processor.py:925} INFO - DAG(s) 'example_sensors' retrieved from /home/airflow/.local/lib/python3.12/site-packages/airflow/example_dags/example_sensors.py
[2025-06-27T07:47:50.180+0000] {logging_mixin.py:190} INFO - [2025-06-27T07:47:50.179+0000] {dag.py:3239} INFO - Sync 1 DAGs
[2025-06-27T07:47:50.225+0000] {logging_mixin.py:190} INFO - [2025-06-27T07:47:50.224+0000] {dag.py:4180} INFO - Setting next_dagrun for example_sensors to None, run_after=None
[2025-06-27T07:47:50.276+0000] {processor.py:208} INFO - Processing /home/airflow/.local/lib/python3.12/site-packages/airflow/example_dags/example_sensors.py took 0.279 seconds
[2025-06-27T07:48:20.763+0000] {processor.py:186} INFO - Started process (PID=1419) to work on /home/airflow/.local/lib/python3.12/site-packages/airflow/example_dags/example_sensors.py
[2025-06-27T07:48:20.768+0000] {processor.py:914} INFO - Processing file /home/airflow/.local/lib/python3.12/site-packages/airflow/example_dags/example_sensors.py for tasks to queue
[2025-06-27T07:48:20.776+0000] {logging_mixin.py:190} INFO - [2025-06-27T07:48:20.775+0000] {dagbag.py:588} INFO - Filling up the DagBag from /home/airflow/.local/lib/python3.12/site-packages/airflow/example_dags/example_sensors.py
[2025-06-27T07:48:20.813+0000] {processor.py:925} INFO - DAG(s) 'example_sensors' retrieved from /home/airflow/.local/lib/python3.12/site-packages/airflow/example_dags/example_sensors.py
[2025-06-27T07:48:20.888+0000] {logging_mixin.py:190} INFO - [2025-06-27T07:48:20.887+0000] {dag.py:3239} INFO - Sync 1 DAGs
[2025-06-27T07:48:20.923+0000] {logging_mixin.py:190} INFO - [2025-06-27T07:48:20.923+0000] {dag.py:4180} INFO - Setting next_dagrun for example_sensors to None, run_after=None
[2025-06-27T07:48:20.957+0000] {processor.py:208} INFO - Processing /home/airflow/.local/lib/python3.12/site-packages/airflow/example_dags/example_sensors.py took 0.213 seconds
[2025-06-27T07:48:51.369+0000] {processor.py:186} INFO - Started process (PID=1482) to work on /home/airflow/.local/lib/python3.12/site-packages/airflow/example_dags/example_sensors.py
[2025-06-27T07:48:51.372+0000] {processor.py:914} INFO - Processing file /home/airflow/.local/lib/python3.12/site-packages/airflow/example_dags/example_sensors.py for tasks to queue
[2025-06-27T07:48:51.378+0000] {logging_mixin.py:190} INFO - [2025-06-27T07:48:51.377+0000] {dagbag.py:588} INFO - Filling up the DagBag from /home/airflow/.local/lib/python3.12/site-packages/airflow/example_dags/example_sensors.py
[2025-06-27T07:48:51.403+0000] {processor.py:925} INFO - DAG(s) 'example_sensors' retrieved from /home/airflow/.local/lib/python3.12/site-packages/airflow/example_dags/example_sensors.py
[2025-06-27T07:48:51.459+0000] {logging_mixin.py:190} INFO - [2025-06-27T07:48:51.458+0000] {dag.py:3239} INFO - Sync 1 DAGs
[2025-06-27T07:48:51.489+0000] {logging_mixin.py:190} INFO - [2025-06-27T07:48:51.488+0000] {dag.py:4180} INFO - Setting next_dagrun for example_sensors to None, run_after=None
[2025-06-27T07:48:51.527+0000] {processor.py:208} INFO - Processing /home/airflow/.local/lib/python3.12/site-packages/airflow/example_dags/example_sensors.py took 0.171 seconds
[2025-06-27T07:52:32.611+0000] {processor.py:186} INFO - Started process (PID=131) to work on /home/airflow/.local/lib/python3.12/site-packages/airflow/example_dags/example_sensors.py
[2025-06-27T07:52:32.628+0000] {processor.py:914} INFO - Processing file /home/airflow/.local/lib/python3.12/site-packages/airflow/example_dags/example_sensors.py for tasks to queue
[2025-06-27T07:52:32.646+0000] {logging_mixin.py:190} INFO - [2025-06-27T07:52:32.638+0000] {dagbag.py:588} INFO - Filling up the DagBag from /home/airflow/.local/lib/python3.12/site-packages/airflow/example_dags/example_sensors.py
[2025-06-27T07:52:32.751+0000] {processor.py:925} INFO - DAG(s) 'example_sensors' retrieved from /home/airflow/.local/lib/python3.12/site-packages/airflow/example_dags/example_sensors.py
[2025-06-27T07:52:32.997+0000] {logging_mixin.py:190} INFO - [2025-06-27T07:52:32.996+0000] {dag.py:3239} INFO - Sync 1 DAGs
[2025-06-27T07:52:33.150+0000] {logging_mixin.py:190} INFO - [2025-06-27T07:52:33.147+0000] {dag.py:4180} INFO - Setting next_dagrun for example_sensors to None, run_after=None
[2025-06-27T07:52:33.342+0000] {processor.py:208} INFO - Processing /home/airflow/.local/lib/python3.12/site-packages/airflow/example_dags/example_sensors.py took 0.768 seconds
[2025-06-27T07:53:04.000+0000] {processor.py:186} INFO - Started process (PID=193) to work on /home/airflow/.local/lib/python3.12/site-packages/airflow/example_dags/example_sensors.py
[2025-06-27T07:53:04.003+0000] {processor.py:914} INFO - Processing file /home/airflow/.local/lib/python3.12/site-packages/airflow/example_dags/example_sensors.py for tasks to queue
[2025-06-27T07:53:04.007+0000] {logging_mixin.py:190} INFO - [2025-06-27T07:53:04.007+0000] {dagbag.py:588} INFO - Filling up the DagBag from /home/airflow/.local/lib/python3.12/site-packages/airflow/example_dags/example_sensors.py
[2025-06-27T07:53:04.032+0000] {processor.py:925} INFO - DAG(s) 'example_sensors' retrieved from /home/airflow/.local/lib/python3.12/site-packages/airflow/example_dags/example_sensors.py
[2025-06-27T07:53:04.090+0000] {logging_mixin.py:190} INFO - [2025-06-27T07:53:04.090+0000] {dag.py:3239} INFO - Sync 1 DAGs
[2025-06-27T07:53:04.117+0000] {logging_mixin.py:190} INFO - [2025-06-27T07:53:04.116+0000] {dag.py:4180} INFO - Setting next_dagrun for example_sensors to None, run_after=None
[2025-06-27T07:53:04.170+0000] {processor.py:208} INFO - Processing /home/airflow/.local/lib/python3.12/site-packages/airflow/example_dags/example_sensors.py took 0.179 seconds
[2025-06-27T07:53:35.130+0000] {processor.py:186} INFO - Started process (PID=256) to work on /home/airflow/.local/lib/python3.12/site-packages/airflow/example_dags/example_sensors.py
[2025-06-27T07:53:35.132+0000] {processor.py:914} INFO - Processing file /home/airflow/.local/lib/python3.12/site-packages/airflow/example_dags/example_sensors.py for tasks to queue
[2025-06-27T07:53:35.138+0000] {logging_mixin.py:190} INFO - [2025-06-27T07:53:35.138+0000] {dagbag.py:588} INFO - Filling up the DagBag from /home/airflow/.local/lib/python3.12/site-packages/airflow/example_dags/example_sensors.py
[2025-06-27T07:53:35.165+0000] {processor.py:925} INFO - DAG(s) 'example_sensors' retrieved from /home/airflow/.local/lib/python3.12/site-packages/airflow/example_dags/example_sensors.py
[2025-06-27T07:53:35.235+0000] {logging_mixin.py:190} INFO - [2025-06-27T07:53:35.234+0000] {dag.py:3239} INFO - Sync 1 DAGs
[2025-06-27T07:53:35.277+0000] {logging_mixin.py:190} INFO - [2025-06-27T07:53:35.276+0000] {dag.py:4180} INFO - Setting next_dagrun for example_sensors to None, run_after=None
[2025-06-27T07:53:35.334+0000] {processor.py:208} INFO - Processing /home/airflow/.local/lib/python3.12/site-packages/airflow/example_dags/example_sensors.py took 0.218 seconds
[2025-06-27T07:54:05.792+0000] {processor.py:186} INFO - Started process (PID=320) to work on /home/airflow/.local/lib/python3.12/site-packages/airflow/example_dags/example_sensors.py
[2025-06-27T07:54:05.796+0000] {processor.py:914} INFO - Processing file /home/airflow/.local/lib/python3.12/site-packages/airflow/example_dags/example_sensors.py for tasks to queue
[2025-06-27T07:54:05.803+0000] {logging_mixin.py:190} INFO - [2025-06-27T07:54:05.802+0000] {dagbag.py:588} INFO - Filling up the DagBag from /home/airflow/.local/lib/python3.12/site-packages/airflow/example_dags/example_sensors.py
[2025-06-27T07:54:05.840+0000] {processor.py:925} INFO - DAG(s) 'example_sensors' retrieved from /home/airflow/.local/lib/python3.12/site-packages/airflow/example_dags/example_sensors.py
[2025-06-27T07:54:05.943+0000] {logging_mixin.py:190} INFO - [2025-06-27T07:54:05.942+0000] {dag.py:3239} INFO - Sync 1 DAGs
[2025-06-27T07:54:05.997+0000] {logging_mixin.py:190} INFO - [2025-06-27T07:54:05.997+0000] {dag.py:4180} INFO - Setting next_dagrun for example_sensors to None, run_after=None
[2025-06-27T07:54:06.045+0000] {processor.py:208} INFO - Processing /home/airflow/.local/lib/python3.12/site-packages/airflow/example_dags/example_sensors.py took 0.272 seconds
[2025-06-27T07:54:36.821+0000] {processor.py:186} INFO - Started process (PID=383) to work on /home/airflow/.local/lib/python3.12/site-packages/airflow/example_dags/example_sensors.py
[2025-06-27T07:54:36.824+0000] {processor.py:914} INFO - Processing file /home/airflow/.local/lib/python3.12/site-packages/airflow/example_dags/example_sensors.py for tasks to queue
[2025-06-27T07:54:36.829+0000] {logging_mixin.py:190} INFO - [2025-06-27T07:54:36.828+0000] {dagbag.py:588} INFO - Filling up the DagBag from /home/airflow/.local/lib/python3.12/site-packages/airflow/example_dags/example_sensors.py
[2025-06-27T07:54:36.853+0000] {processor.py:925} INFO - DAG(s) 'example_sensors' retrieved from /home/airflow/.local/lib/python3.12/site-packages/airflow/example_dags/example_sensors.py
[2025-06-27T07:54:36.923+0000] {logging_mixin.py:190} INFO - [2025-06-27T07:54:36.922+0000] {dag.py:3239} INFO - Sync 1 DAGs
[2025-06-27T07:54:36.975+0000] {logging_mixin.py:190} INFO - [2025-06-27T07:54:36.974+0000] {dag.py:4180} INFO - Setting next_dagrun for example_sensors to None, run_after=None
[2025-06-27T07:54:37.047+0000] {processor.py:208} INFO - Processing /home/airflow/.local/lib/python3.12/site-packages/airflow/example_dags/example_sensors.py took 0.241 seconds
[2025-06-27T07:55:07.762+0000] {processor.py:186} INFO - Started process (PID=446) to work on /home/airflow/.local/lib/python3.12/site-packages/airflow/example_dags/example_sensors.py
[2025-06-27T07:55:07.765+0000] {processor.py:914} INFO - Processing file /home/airflow/.local/lib/python3.12/site-packages/airflow/example_dags/example_sensors.py for tasks to queue
[2025-06-27T07:55:07.774+0000] {logging_mixin.py:190} INFO - [2025-06-27T07:55:07.773+0000] {dagbag.py:588} INFO - Filling up the DagBag from /home/airflow/.local/lib/python3.12/site-packages/airflow/example_dags/example_sensors.py
[2025-06-27T07:55:07.813+0000] {processor.py:925} INFO - DAG(s) 'example_sensors' retrieved from /home/airflow/.local/lib/python3.12/site-packages/airflow/example_dags/example_sensors.py
[2025-06-27T07:55:07.997+0000] {logging_mixin.py:190} INFO - [2025-06-27T07:55:07.996+0000] {dag.py:3239} INFO - Sync 1 DAGs
[2025-06-27T07:55:08.055+0000] {logging_mixin.py:190} INFO - [2025-06-27T07:55:08.054+0000] {dag.py:4180} INFO - Setting next_dagrun for example_sensors to None, run_after=None
[2025-06-27T07:55:08.174+0000] {processor.py:208} INFO - Processing /home/airflow/.local/lib/python3.12/site-packages/airflow/example_dags/example_sensors.py took 0.428 seconds
[2025-06-27T07:59:58.263+0000] {processor.py:186} INFO - Started process (PID=123) to work on /home/airflow/.local/lib/python3.12/site-packages/airflow/example_dags/example_sensors.py
[2025-06-27T07:59:58.286+0000] {processor.py:914} INFO - Processing file /home/airflow/.local/lib/python3.12/site-packages/airflow/example_dags/example_sensors.py for tasks to queue
[2025-06-27T07:59:58.341+0000] {logging_mixin.py:190} INFO - [2025-06-27T07:59:58.336+0000] {dagbag.py:588} INFO - Filling up the DagBag from /home/airflow/.local/lib/python3.12/site-packages/airflow/example_dags/example_sensors.py
[2025-06-27T07:59:58.643+0000] {processor.py:925} INFO - DAG(s) 'example_sensors' retrieved from /home/airflow/.local/lib/python3.12/site-packages/airflow/example_dags/example_sensors.py
[2025-06-27T07:59:59.030+0000] {logging_mixin.py:190} INFO - [2025-06-27T07:59:59.029+0000] {dag.py:3239} INFO - Sync 1 DAGs
[2025-06-27T07:59:59.201+0000] {logging_mixin.py:190} INFO - [2025-06-27T07:59:59.200+0000] {dag.py:4180} INFO - Setting next_dagrun for example_sensors to None, run_after=None
[2025-06-27T07:59:59.328+0000] {processor.py:208} INFO - Processing /home/airflow/.local/lib/python3.12/site-packages/airflow/example_dags/example_sensors.py took 1.231 seconds
[2025-06-27T08:01:08.593+0000] {processor.py:186} INFO - Started process (PID=206) to work on /home/airflow/.local/lib/python3.12/site-packages/airflow/example_dags/example_sensors.py
[2025-06-27T08:01:08.596+0000] {processor.py:914} INFO - Processing file /home/airflow/.local/lib/python3.12/site-packages/airflow/example_dags/example_sensors.py for tasks to queue
[2025-06-27T08:01:08.604+0000] {logging_mixin.py:190} INFO - [2025-06-27T08:01:08.603+0000] {dagbag.py:588} INFO - Filling up the DagBag from /home/airflow/.local/lib/python3.12/site-packages/airflow/example_dags/example_sensors.py
[2025-06-27T08:01:08.635+0000] {processor.py:925} INFO - DAG(s) 'example_sensors' retrieved from /home/airflow/.local/lib/python3.12/site-packages/airflow/example_dags/example_sensors.py
[2025-06-27T08:01:08.701+0000] {logging_mixin.py:190} INFO - [2025-06-27T08:01:08.700+0000] {dag.py:3239} INFO - Sync 1 DAGs
[2025-06-27T08:01:08.782+0000] {logging_mixin.py:190} INFO - [2025-06-27T08:01:08.781+0000] {dag.py:4180} INFO - Setting next_dagrun for example_sensors to None, run_after=None
[2025-06-27T08:01:08.889+0000] {processor.py:208} INFO - Processing /home/airflow/.local/lib/python3.12/site-packages/airflow/example_dags/example_sensors.py took 0.311 seconds
[2025-06-27T08:01:39.144+0000] {processor.py:186} INFO - Started process (PID=267) to work on /home/airflow/.local/lib/python3.12/site-packages/airflow/example_dags/example_sensors.py
[2025-06-27T08:01:39.147+0000] {processor.py:914} INFO - Processing file /home/airflow/.local/lib/python3.12/site-packages/airflow/example_dags/example_sensors.py for tasks to queue
[2025-06-27T08:01:39.153+0000] {logging_mixin.py:190} INFO - [2025-06-27T08:01:39.152+0000] {dagbag.py:588} INFO - Filling up the DagBag from /home/airflow/.local/lib/python3.12/site-packages/airflow/example_dags/example_sensors.py
[2025-06-27T08:01:39.183+0000] {processor.py:925} INFO - DAG(s) 'example_sensors' retrieved from /home/airflow/.local/lib/python3.12/site-packages/airflow/example_dags/example_sensors.py
[2025-06-27T08:01:39.246+0000] {logging_mixin.py:190} INFO - [2025-06-27T08:01:39.245+0000] {dag.py:3239} INFO - Sync 1 DAGs
[2025-06-27T08:01:39.281+0000] {logging_mixin.py:190} INFO - [2025-06-27T08:01:39.280+0000] {dag.py:4180} INFO - Setting next_dagrun for example_sensors to None, run_after=None
[2025-06-27T08:01:39.326+0000] {processor.py:208} INFO - Processing /home/airflow/.local/lib/python3.12/site-packages/airflow/example_dags/example_sensors.py took 0.195 seconds
[2025-06-27T08:02:09.839+0000] {processor.py:186} INFO - Started process (PID=331) to work on /home/airflow/.local/lib/python3.12/site-packages/airflow/example_dags/example_sensors.py
[2025-06-27T08:02:09.840+0000] {processor.py:914} INFO - Processing file /home/airflow/.local/lib/python3.12/site-packages/airflow/example_dags/example_sensors.py for tasks to queue
[2025-06-27T08:02:09.845+0000] {logging_mixin.py:190} INFO - [2025-06-27T08:02:09.845+0000] {dagbag.py:588} INFO - Filling up the DagBag from /home/airflow/.local/lib/python3.12/site-packages/airflow/example_dags/example_sensors.py
[2025-06-27T08:02:09.863+0000] {processor.py:925} INFO - DAG(s) 'example_sensors' retrieved from /home/airflow/.local/lib/python3.12/site-packages/airflow/example_dags/example_sensors.py
[2025-06-27T08:02:09.909+0000] {logging_mixin.py:190} INFO - [2025-06-27T08:02:09.908+0000] {dag.py:3239} INFO - Sync 1 DAGs
[2025-06-27T08:02:09.935+0000] {logging_mixin.py:190} INFO - [2025-06-27T08:02:09.934+0000] {dag.py:4180} INFO - Setting next_dagrun for example_sensors to None, run_after=None
[2025-06-27T08:02:09.965+0000] {processor.py:208} INFO - Processing /home/airflow/.local/lib/python3.12/site-packages/airflow/example_dags/example_sensors.py took 0.136 seconds
[2025-06-27T08:02:40.725+0000] {processor.py:186} INFO - Started process (PID=393) to work on /home/airflow/.local/lib/python3.12/site-packages/airflow/example_dags/example_sensors.py
[2025-06-27T08:02:40.727+0000] {processor.py:914} INFO - Processing file /home/airflow/.local/lib/python3.12/site-packages/airflow/example_dags/example_sensors.py for tasks to queue
[2025-06-27T08:02:40.732+0000] {logging_mixin.py:190} INFO - [2025-06-27T08:02:40.732+0000] {dagbag.py:588} INFO - Filling up the DagBag from /home/airflow/.local/lib/python3.12/site-packages/airflow/example_dags/example_sensors.py
[2025-06-27T08:02:40.760+0000] {processor.py:925} INFO - DAG(s) 'example_sensors' retrieved from /home/airflow/.local/lib/python3.12/site-packages/airflow/example_dags/example_sensors.py
[2025-06-27T08:02:40.829+0000] {logging_mixin.py:190} INFO - [2025-06-27T08:02:40.828+0000] {dag.py:3239} INFO - Sync 1 DAGs
[2025-06-27T08:02:40.859+0000] {logging_mixin.py:190} INFO - [2025-06-27T08:02:40.858+0000] {dag.py:4180} INFO - Setting next_dagrun for example_sensors to None, run_after=None
[2025-06-27T08:02:40.900+0000] {processor.py:208} INFO - Processing /home/airflow/.local/lib/python3.12/site-packages/airflow/example_dags/example_sensors.py took 0.188 seconds
[2025-06-27T08:03:11.119+0000] {processor.py:186} INFO - Started process (PID=456) to work on /home/airflow/.local/lib/python3.12/site-packages/airflow/example_dags/example_sensors.py
[2025-06-27T08:03:11.121+0000] {processor.py:914} INFO - Processing file /home/airflow/.local/lib/python3.12/site-packages/airflow/example_dags/example_sensors.py for tasks to queue
[2025-06-27T08:03:11.125+0000] {logging_mixin.py:190} INFO - [2025-06-27T08:03:11.124+0000] {dagbag.py:588} INFO - Filling up the DagBag from /home/airflow/.local/lib/python3.12/site-packages/airflow/example_dags/example_sensors.py
[2025-06-27T08:03:11.142+0000] {processor.py:925} INFO - DAG(s) 'example_sensors' retrieved from /home/airflow/.local/lib/python3.12/site-packages/airflow/example_dags/example_sensors.py
[2025-06-27T08:03:11.183+0000] {logging_mixin.py:190} INFO - [2025-06-27T08:03:11.183+0000] {dag.py:3239} INFO - Sync 1 DAGs
[2025-06-27T08:03:11.206+0000] {logging_mixin.py:190} INFO - [2025-06-27T08:03:11.206+0000] {dag.py:4180} INFO - Setting next_dagrun for example_sensors to None, run_after=None
[2025-06-27T08:03:11.237+0000] {processor.py:208} INFO - Processing /home/airflow/.local/lib/python3.12/site-packages/airflow/example_dags/example_sensors.py took 0.129 seconds
[2025-06-27T08:03:41.581+0000] {processor.py:186} INFO - Started process (PID=519) to work on /home/airflow/.local/lib/python3.12/site-packages/airflow/example_dags/example_sensors.py
[2025-06-27T08:03:41.583+0000] {processor.py:914} INFO - Processing file /home/airflow/.local/lib/python3.12/site-packages/airflow/example_dags/example_sensors.py for tasks to queue
[2025-06-27T08:03:41.588+0000] {logging_mixin.py:190} INFO - [2025-06-27T08:03:41.587+0000] {dagbag.py:588} INFO - Filling up the DagBag from /home/airflow/.local/lib/python3.12/site-packages/airflow/example_dags/example_sensors.py
[2025-06-27T08:03:41.609+0000] {processor.py:925} INFO - DAG(s) 'example_sensors' retrieved from /home/airflow/.local/lib/python3.12/site-packages/airflow/example_dags/example_sensors.py
[2025-06-27T08:03:41.660+0000] {logging_mixin.py:190} INFO - [2025-06-27T08:03:41.660+0000] {dag.py:3239} INFO - Sync 1 DAGs
[2025-06-27T08:03:41.690+0000] {logging_mixin.py:190} INFO - [2025-06-27T08:03:41.689+0000] {dag.py:4180} INFO - Setting next_dagrun for example_sensors to None, run_after=None
[2025-06-27T08:03:41.732+0000] {processor.py:208} INFO - Processing /home/airflow/.local/lib/python3.12/site-packages/airflow/example_dags/example_sensors.py took 0.165 seconds
[2025-06-27T08:04:14.212+0000] {processor.py:186} INFO - Started process (PID=583) to work on /home/airflow/.local/lib/python3.12/site-packages/airflow/example_dags/example_sensors.py
[2025-06-27T08:04:14.215+0000] {processor.py:914} INFO - Processing file /home/airflow/.local/lib/python3.12/site-packages/airflow/example_dags/example_sensors.py for tasks to queue
[2025-06-27T08:04:14.221+0000] {logging_mixin.py:190} INFO - [2025-06-27T08:04:14.220+0000] {dagbag.py:588} INFO - Filling up the DagBag from /home/airflow/.local/lib/python3.12/site-packages/airflow/example_dags/example_sensors.py
[2025-06-27T08:04:14.258+0000] {processor.py:925} INFO - DAG(s) 'example_sensors' retrieved from /home/airflow/.local/lib/python3.12/site-packages/airflow/example_dags/example_sensors.py
[2025-06-27T08:04:14.348+0000] {logging_mixin.py:190} INFO - [2025-06-27T08:04:14.347+0000] {dag.py:3239} INFO - Sync 1 DAGs
[2025-06-27T08:04:14.384+0000] {logging_mixin.py:190} INFO - [2025-06-27T08:04:14.383+0000] {dag.py:4180} INFO - Setting next_dagrun for example_sensors to None, run_after=None
[2025-06-27T08:04:14.430+0000] {processor.py:208} INFO - Processing /home/airflow/.local/lib/python3.12/site-packages/airflow/example_dags/example_sensors.py took 0.234 seconds
[2025-06-27T08:04:44.684+0000] {processor.py:186} INFO - Started process (PID=645) to work on /home/airflow/.local/lib/python3.12/site-packages/airflow/example_dags/example_sensors.py
[2025-06-27T08:04:44.686+0000] {processor.py:914} INFO - Processing file /home/airflow/.local/lib/python3.12/site-packages/airflow/example_dags/example_sensors.py for tasks to queue
[2025-06-27T08:04:44.692+0000] {logging_mixin.py:190} INFO - [2025-06-27T08:04:44.691+0000] {dagbag.py:588} INFO - Filling up the DagBag from /home/airflow/.local/lib/python3.12/site-packages/airflow/example_dags/example_sensors.py
[2025-06-27T08:04:44.717+0000] {processor.py:925} INFO - DAG(s) 'example_sensors' retrieved from /home/airflow/.local/lib/python3.12/site-packages/airflow/example_dags/example_sensors.py
[2025-06-27T08:04:44.769+0000] {logging_mixin.py:190} INFO - [2025-06-27T08:04:44.768+0000] {dag.py:3239} INFO - Sync 1 DAGs
[2025-06-27T08:04:44.800+0000] {logging_mixin.py:190} INFO - [2025-06-27T08:04:44.799+0000] {dag.py:4180} INFO - Setting next_dagrun for example_sensors to None, run_after=None
[2025-06-27T08:04:44.844+0000] {processor.py:208} INFO - Processing /home/airflow/.local/lib/python3.12/site-packages/airflow/example_dags/example_sensors.py took 0.179 seconds
[2025-06-27T08:05:29.475+0000] {processor.py:186} INFO - Started process (PID=724) to work on /home/airflow/.local/lib/python3.12/site-packages/airflow/example_dags/example_sensors.py
[2025-06-27T08:05:29.478+0000] {processor.py:914} INFO - Processing file /home/airflow/.local/lib/python3.12/site-packages/airflow/example_dags/example_sensors.py for tasks to queue
[2025-06-27T08:05:29.486+0000] {logging_mixin.py:190} INFO - [2025-06-27T08:05:29.484+0000] {dagbag.py:588} INFO - Filling up the DagBag from /home/airflow/.local/lib/python3.12/site-packages/airflow/example_dags/example_sensors.py
[2025-06-27T08:05:29.522+0000] {processor.py:925} INFO - DAG(s) 'example_sensors' retrieved from /home/airflow/.local/lib/python3.12/site-packages/airflow/example_dags/example_sensors.py
[2025-06-27T08:05:29.608+0000] {logging_mixin.py:190} INFO - [2025-06-27T08:05:29.607+0000] {dag.py:3239} INFO - Sync 1 DAGs
[2025-06-27T08:05:29.666+0000] {logging_mixin.py:190} INFO - [2025-06-27T08:05:29.665+0000] {dag.py:4180} INFO - Setting next_dagrun for example_sensors to None, run_after=None
[2025-06-27T08:05:29.737+0000] {processor.py:208} INFO - Processing /home/airflow/.local/lib/python3.12/site-packages/airflow/example_dags/example_sensors.py took 0.283 seconds
[2025-06-27T08:06:06.189+0000] {processor.py:186} INFO - Started process (PID=789) to work on /home/airflow/.local/lib/python3.12/site-packages/airflow/example_dags/example_sensors.py
[2025-06-27T08:06:06.193+0000] {processor.py:914} INFO - Processing file /home/airflow/.local/lib/python3.12/site-packages/airflow/example_dags/example_sensors.py for tasks to queue
[2025-06-27T08:06:06.200+0000] {logging_mixin.py:190} INFO - [2025-06-27T08:06:06.199+0000] {dagbag.py:588} INFO - Filling up the DagBag from /home/airflow/.local/lib/python3.12/site-packages/airflow/example_dags/example_sensors.py
[2025-06-27T08:06:06.231+0000] {processor.py:925} INFO - DAG(s) 'example_sensors' retrieved from /home/airflow/.local/lib/python3.12/site-packages/airflow/example_dags/example_sensors.py
[2025-06-27T08:06:06.288+0000] {logging_mixin.py:190} INFO - [2025-06-27T08:06:06.288+0000] {dag.py:3239} INFO - Sync 1 DAGs
[2025-06-27T08:06:06.318+0000] {logging_mixin.py:190} INFO - [2025-06-27T08:06:06.318+0000] {dag.py:4180} INFO - Setting next_dagrun for example_sensors to None, run_after=None
[2025-06-27T08:06:06.354+0000] {processor.py:208} INFO - Processing /home/airflow/.local/lib/python3.12/site-packages/airflow/example_dags/example_sensors.py took 0.187 seconds
