[2025-06-27T07:35:26.601+0000] {processor.py:186} INFO - Started process (PID=115) to work on /home/airflow/.local/lib/python3.12/site-packages/airflow/example_dags/example_branch_labels.py
[2025-06-27T07:35:26.642+0000] {processor.py:914} INFO - Processing file /home/airflow/.local/lib/python3.12/site-packages/airflow/example_dags/example_branch_labels.py for tasks to queue
[2025-06-27T07:35:26.671+0000] {logging_mixin.py:190} INFO - [2025-06-27T07:35:26.669+0000] {dagbag.py:588} INFO - Filling up the DagBag from /home/airflow/.local/lib/python3.12/site-packages/airflow/example_dags/example_branch_labels.py
[2025-06-27T07:35:26.982+0000] {processor.py:925} INFO - DAG(s) 'example_branch_labels' retrieved from /home/airflow/.local/lib/python3.12/site-packages/airflow/example_dags/example_branch_labels.py
[2025-06-27T07:35:33.257+0000] {logging_mixin.py:190} INFO - [2025-06-27T07:35:33.242+0000] {override.py:1900} INFO - Created Permission View: can read on DAG:example_branch_labels
[2025-06-27T07:35:33.551+0000] {logging_mixin.py:190} INFO - [2025-06-27T07:35:33.549+0000] {override.py:1900} INFO - Created Permission View: can edit on DAG:example_branch_labels
[2025-06-27T07:35:33.624+0000] {logging_mixin.py:190} INFO - [2025-06-27T07:35:33.623+0000] {override.py:1900} INFO - Created Permission View: can delete on DAG:example_branch_labels
[2025-06-27T07:35:33.695+0000] {logging_mixin.py:190} INFO - [2025-06-27T07:35:33.693+0000] {override.py:1900} INFO - Created Permission View: can read on DAG Run:example_branch_labels
[2025-06-27T07:35:33.762+0000] {logging_mixin.py:190} INFO - [2025-06-27T07:35:33.761+0000] {override.py:1900} INFO - Created Permission View: can create on DAG Run:example_branch_labels
[2025-06-27T07:35:34.003+0000] {logging_mixin.py:190} INFO - [2025-06-27T07:35:34.001+0000] {override.py:1900} INFO - Created Permission View: can delete on DAG Run:example_branch_labels
[2025-06-27T07:35:34.130+0000] {logging_mixin.py:190} INFO - [2025-06-27T07:35:34.129+0000] {override.py:1900} INFO - Created Permission View: menu access on DAG Run:example_branch_labels
[2025-06-27T07:35:34.139+0000] {logging_mixin.py:190} INFO - [2025-06-27T07:35:34.138+0000] {dag.py:3239} INFO - Sync 1 DAGs
[2025-06-27T07:35:35.274+0000] {logging_mixin.py:190} INFO - [2025-06-27T07:35:35.273+0000] {dag.py:3262} INFO - Creating ORM DAG for example_branch_labels
[2025-06-27T07:35:35.769+0000] {logging_mixin.py:190} INFO - [2025-06-27T07:35:35.767+0000] {dag.py:4180} INFO - Setting next_dagrun for example_branch_labels to 2025-06-26 00:00:00+00:00, run_after=2025-06-27 00:00:00+00:00
[2025-06-27T07:35:36.027+0000] {processor.py:208} INFO - Processing /home/airflow/.local/lib/python3.12/site-packages/airflow/example_dags/example_branch_labels.py took 9.533 seconds
[2025-06-27T07:37:29.681+0000] {processor.py:186} INFO - Started process (PID=191) to work on /home/airflow/.local/lib/python3.12/site-packages/airflow/example_dags/example_branch_labels.py
[2025-06-27T07:37:29.690+0000] {processor.py:914} INFO - Processing file /home/airflow/.local/lib/python3.12/site-packages/airflow/example_dags/example_branch_labels.py for tasks to queue
[2025-06-27T07:37:29.706+0000] {logging_mixin.py:190} INFO - [2025-06-27T07:37:29.704+0000] {dagbag.py:588} INFO - Filling up the DagBag from /home/airflow/.local/lib/python3.12/site-packages/airflow/example_dags/example_branch_labels.py
[2025-06-27T07:37:29.762+0000] {processor.py:925} INFO - DAG(s) 'example_branch_labels' retrieved from /home/airflow/.local/lib/python3.12/site-packages/airflow/example_dags/example_branch_labels.py
[2025-06-27T07:37:29.912+0000] {logging_mixin.py:190} INFO - [2025-06-27T07:37:29.911+0000] {dag.py:3239} INFO - Sync 1 DAGs
[2025-06-27T07:37:30.030+0000] {logging_mixin.py:190} INFO - [2025-06-27T07:37:30.029+0000] {dag.py:4180} INFO - Setting next_dagrun for example_branch_labels to 2025-06-26 00:00:00+00:00, run_after=2025-06-27 00:00:00+00:00
[2025-06-27T07:37:30.113+0000] {processor.py:208} INFO - Processing /home/airflow/.local/lib/python3.12/site-packages/airflow/example_dags/example_branch_labels.py took 0.471 seconds
[2025-06-27T07:38:06.826+0000] {processor.py:186} INFO - Started process (PID=259) to work on /home/airflow/.local/lib/python3.12/site-packages/airflow/example_dags/example_branch_labels.py
[2025-06-27T07:38:06.837+0000] {processor.py:914} INFO - Processing file /home/airflow/.local/lib/python3.12/site-packages/airflow/example_dags/example_branch_labels.py for tasks to queue
[2025-06-27T07:38:06.878+0000] {logging_mixin.py:190} INFO - [2025-06-27T07:38:06.872+0000] {dagbag.py:588} INFO - Filling up the DagBag from /home/airflow/.local/lib/python3.12/site-packages/airflow/example_dags/example_branch_labels.py
[2025-06-27T07:38:08.687+0000] {processor.py:925} INFO - DAG(s) 'example_branch_labels' retrieved from /home/airflow/.local/lib/python3.12/site-packages/airflow/example_dags/example_branch_labels.py
[2025-06-27T07:38:08.875+0000] {logging_mixin.py:190} INFO - [2025-06-27T07:38:08.874+0000] {dag.py:3239} INFO - Sync 1 DAGs
[2025-06-27T07:38:09.150+0000] {logging_mixin.py:190} INFO - [2025-06-27T07:38:09.149+0000] {dag.py:4180} INFO - Setting next_dagrun for example_branch_labels to 2025-06-26 00:00:00+00:00, run_after=2025-06-27 00:00:00+00:00
[2025-06-27T07:38:09.353+0000] {processor.py:208} INFO - Processing /home/airflow/.local/lib/python3.12/site-packages/airflow/example_dags/example_branch_labels.py took 2.563 seconds
[2025-06-27T07:38:40.140+0000] {processor.py:186} INFO - Started process (PID=321) to work on /home/airflow/.local/lib/python3.12/site-packages/airflow/example_dags/example_branch_labels.py
[2025-06-27T07:38:40.155+0000] {processor.py:914} INFO - Processing file /home/airflow/.local/lib/python3.12/site-packages/airflow/example_dags/example_branch_labels.py for tasks to queue
[2025-06-27T07:38:40.177+0000] {logging_mixin.py:190} INFO - [2025-06-27T07:38:40.173+0000] {dagbag.py:588} INFO - Filling up the DagBag from /home/airflow/.local/lib/python3.12/site-packages/airflow/example_dags/example_branch_labels.py
[2025-06-27T07:38:40.436+0000] {processor.py:925} INFO - DAG(s) 'example_branch_labels' retrieved from /home/airflow/.local/lib/python3.12/site-packages/airflow/example_dags/example_branch_labels.py
[2025-06-27T07:38:40.622+0000] {logging_mixin.py:190} INFO - [2025-06-27T07:38:40.621+0000] {dag.py:3239} INFO - Sync 1 DAGs
[2025-06-27T07:38:40.858+0000] {logging_mixin.py:190} INFO - [2025-06-27T07:38:40.855+0000] {dag.py:4180} INFO - Setting next_dagrun for example_branch_labels to 2025-06-26 00:00:00+00:00, run_after=2025-06-27 00:00:00+00:00
[2025-06-27T07:38:41.031+0000] {processor.py:208} INFO - Processing /home/airflow/.local/lib/python3.12/site-packages/airflow/example_dags/example_branch_labels.py took 0.965 seconds
[2025-06-27T07:39:19.795+0000] {processor.py:186} INFO - Started process (PID=384) to work on /home/airflow/.local/lib/python3.12/site-packages/airflow/example_dags/example_branch_labels.py
[2025-06-27T07:39:19.826+0000] {processor.py:914} INFO - Processing file /home/airflow/.local/lib/python3.12/site-packages/airflow/example_dags/example_branch_labels.py for tasks to queue
[2025-06-27T07:39:19.952+0000] {logging_mixin.py:190} INFO - [2025-06-27T07:39:19.947+0000] {dagbag.py:588} INFO - Filling up the DagBag from /home/airflow/.local/lib/python3.12/site-packages/airflow/example_dags/example_branch_labels.py
[2025-06-27T07:39:20.249+0000] {processor.py:925} INFO - DAG(s) 'example_branch_labels' retrieved from /home/airflow/.local/lib/python3.12/site-packages/airflow/example_dags/example_branch_labels.py
[2025-06-27T07:39:21.305+0000] {logging_mixin.py:190} INFO - [2025-06-27T07:39:21.304+0000] {dag.py:3239} INFO - Sync 1 DAGs
[2025-06-27T07:39:21.577+0000] {logging_mixin.py:190} INFO - [2025-06-27T07:39:21.576+0000] {dag.py:4180} INFO - Setting next_dagrun for example_branch_labels to 2025-06-26 00:00:00+00:00, run_after=2025-06-27 00:00:00+00:00
[2025-06-27T07:39:22.693+0000] {processor.py:208} INFO - Processing /home/airflow/.local/lib/python3.12/site-packages/airflow/example_dags/example_branch_labels.py took 2.987 seconds
[2025-06-27T07:39:56.296+0000] {processor.py:186} INFO - Started process (PID=442) to work on /home/airflow/.local/lib/python3.12/site-packages/airflow/example_dags/example_branch_labels.py
[2025-06-27T07:39:56.300+0000] {processor.py:914} INFO - Processing file /home/airflow/.local/lib/python3.12/site-packages/airflow/example_dags/example_branch_labels.py for tasks to queue
[2025-06-27T07:39:56.312+0000] {logging_mixin.py:190} INFO - [2025-06-27T07:39:56.310+0000] {dagbag.py:588} INFO - Filling up the DagBag from /home/airflow/.local/lib/python3.12/site-packages/airflow/example_dags/example_branch_labels.py
[2025-06-27T07:39:56.366+0000] {processor.py:925} INFO - DAG(s) 'example_branch_labels' retrieved from /home/airflow/.local/lib/python3.12/site-packages/airflow/example_dags/example_branch_labels.py
[2025-06-27T07:39:56.450+0000] {logging_mixin.py:190} INFO - [2025-06-27T07:39:56.449+0000] {dag.py:3239} INFO - Sync 1 DAGs
[2025-06-27T07:39:56.554+0000] {logging_mixin.py:190} INFO - [2025-06-27T07:39:56.553+0000] {dag.py:4180} INFO - Setting next_dagrun for example_branch_labels to 2025-06-26 00:00:00+00:00, run_after=2025-06-27 00:00:00+00:00
[2025-06-27T07:39:56.652+0000] {processor.py:208} INFO - Processing /home/airflow/.local/lib/python3.12/site-packages/airflow/example_dags/example_branch_labels.py took 0.394 seconds
[2025-06-27T07:40:28.045+0000] {processor.py:186} INFO - Started process (PID=504) to work on /home/airflow/.local/lib/python3.12/site-packages/airflow/example_dags/example_branch_labels.py
[2025-06-27T07:40:28.049+0000] {processor.py:914} INFO - Processing file /home/airflow/.local/lib/python3.12/site-packages/airflow/example_dags/example_branch_labels.py for tasks to queue
[2025-06-27T07:40:28.056+0000] {logging_mixin.py:190} INFO - [2025-06-27T07:40:28.055+0000] {dagbag.py:588} INFO - Filling up the DagBag from /home/airflow/.local/lib/python3.12/site-packages/airflow/example_dags/example_branch_labels.py
[2025-06-27T07:40:28.100+0000] {processor.py:925} INFO - DAG(s) 'example_branch_labels' retrieved from /home/airflow/.local/lib/python3.12/site-packages/airflow/example_dags/example_branch_labels.py
[2025-06-27T07:40:28.172+0000] {logging_mixin.py:190} INFO - [2025-06-27T07:40:28.172+0000] {dag.py:3239} INFO - Sync 1 DAGs
[2025-06-27T07:40:28.263+0000] {logging_mixin.py:190} INFO - [2025-06-27T07:40:28.262+0000] {dag.py:4180} INFO - Setting next_dagrun for example_branch_labels to 2025-06-26 00:00:00+00:00, run_after=2025-06-27 00:00:00+00:00
[2025-06-27T07:40:28.329+0000] {processor.py:208} INFO - Processing /home/airflow/.local/lib/python3.12/site-packages/airflow/example_dags/example_branch_labels.py took 0.304 seconds
[2025-06-27T07:40:59.205+0000] {processor.py:186} INFO - Started process (PID=567) to work on /home/airflow/.local/lib/python3.12/site-packages/airflow/example_dags/example_branch_labels.py
[2025-06-27T07:40:59.209+0000] {processor.py:914} INFO - Processing file /home/airflow/.local/lib/python3.12/site-packages/airflow/example_dags/example_branch_labels.py for tasks to queue
[2025-06-27T07:40:59.217+0000] {logging_mixin.py:190} INFO - [2025-06-27T07:40:59.216+0000] {dagbag.py:588} INFO - Filling up the DagBag from /home/airflow/.local/lib/python3.12/site-packages/airflow/example_dags/example_branch_labels.py
[2025-06-27T07:40:59.263+0000] {processor.py:925} INFO - DAG(s) 'example_branch_labels' retrieved from /home/airflow/.local/lib/python3.12/site-packages/airflow/example_dags/example_branch_labels.py
[2025-06-27T07:40:59.354+0000] {logging_mixin.py:190} INFO - [2025-06-27T07:40:59.354+0000] {dag.py:3239} INFO - Sync 1 DAGs
[2025-06-27T07:40:59.461+0000] {logging_mixin.py:190} INFO - [2025-06-27T07:40:59.460+0000] {dag.py:4180} INFO - Setting next_dagrun for example_branch_labels to 2025-06-26 00:00:00+00:00, run_after=2025-06-27 00:00:00+00:00
[2025-06-27T07:40:59.535+0000] {processor.py:208} INFO - Processing /home/airflow/.local/lib/python3.12/site-packages/airflow/example_dags/example_branch_labels.py took 0.351 seconds
[2025-06-27T07:41:30.476+0000] {processor.py:186} INFO - Started process (PID=613) to work on /home/airflow/.local/lib/python3.12/site-packages/airflow/example_dags/example_branch_labels.py
[2025-06-27T07:41:30.491+0000] {processor.py:914} INFO - Processing file /home/airflow/.local/lib/python3.12/site-packages/airflow/example_dags/example_branch_labels.py for tasks to queue
[2025-06-27T07:41:30.528+0000] {logging_mixin.py:190} INFO - [2025-06-27T07:41:30.527+0000] {dagbag.py:588} INFO - Filling up the DagBag from /home/airflow/.local/lib/python3.12/site-packages/airflow/example_dags/example_branch_labels.py
[2025-06-27T07:41:30.618+0000] {processor.py:925} INFO - DAG(s) 'example_branch_labels' retrieved from /home/airflow/.local/lib/python3.12/site-packages/airflow/example_dags/example_branch_labels.py
[2025-06-27T07:41:30.818+0000] {logging_mixin.py:190} INFO - [2025-06-27T07:41:30.817+0000] {dag.py:3239} INFO - Sync 1 DAGs
[2025-06-27T07:41:31.058+0000] {logging_mixin.py:190} INFO - [2025-06-27T07:41:31.055+0000] {dag.py:4180} INFO - Setting next_dagrun for example_branch_labels to 2025-06-26 00:00:00+00:00, run_after=2025-06-27 00:00:00+00:00
[2025-06-27T07:41:31.187+0000] {processor.py:208} INFO - Processing /home/airflow/.local/lib/python3.12/site-packages/airflow/example_dags/example_branch_labels.py took 0.783 seconds
[2025-06-27T07:42:07.802+0000] {processor.py:186} INFO - Started process (PID=679) to work on /home/airflow/.local/lib/python3.12/site-packages/airflow/example_dags/example_branch_labels.py
[2025-06-27T07:42:07.818+0000] {processor.py:914} INFO - Processing file /home/airflow/.local/lib/python3.12/site-packages/airflow/example_dags/example_branch_labels.py for tasks to queue
[2025-06-27T07:42:07.861+0000] {logging_mixin.py:190} INFO - [2025-06-27T07:42:07.850+0000] {dagbag.py:588} INFO - Filling up the DagBag from /home/airflow/.local/lib/python3.12/site-packages/airflow/example_dags/example_branch_labels.py
[2025-06-27T07:42:08.054+0000] {processor.py:925} INFO - DAG(s) 'example_branch_labels' retrieved from /home/airflow/.local/lib/python3.12/site-packages/airflow/example_dags/example_branch_labels.py
[2025-06-27T07:42:08.335+0000] {logging_mixin.py:190} INFO - [2025-06-27T07:42:08.334+0000] {dag.py:3239} INFO - Sync 1 DAGs
[2025-06-27T07:42:08.810+0000] {logging_mixin.py:190} INFO - [2025-06-27T07:42:08.808+0000] {dag.py:4180} INFO - Setting next_dagrun for example_branch_labels to 2025-06-26 00:00:00+00:00, run_after=2025-06-27 00:00:00+00:00
[2025-06-27T07:42:09.166+0000] {processor.py:208} INFO - Processing /home/airflow/.local/lib/python3.12/site-packages/airflow/example_dags/example_branch_labels.py took 1.426 seconds
[2025-06-27T07:42:44.839+0000] {processor.py:186} INFO - Started process (PID=733) to work on /home/airflow/.local/lib/python3.12/site-packages/airflow/example_dags/example_branch_labels.py
[2025-06-27T07:42:44.850+0000] {processor.py:914} INFO - Processing file /home/airflow/.local/lib/python3.12/site-packages/airflow/example_dags/example_branch_labels.py for tasks to queue
[2025-06-27T07:42:44.861+0000] {logging_mixin.py:190} INFO - [2025-06-27T07:42:44.859+0000] {dagbag.py:588} INFO - Filling up the DagBag from /home/airflow/.local/lib/python3.12/site-packages/airflow/example_dags/example_branch_labels.py
[2025-06-27T07:42:44.912+0000] {processor.py:925} INFO - DAG(s) 'example_branch_labels' retrieved from /home/airflow/.local/lib/python3.12/site-packages/airflow/example_dags/example_branch_labels.py
[2025-06-27T07:42:44.992+0000] {logging_mixin.py:190} INFO - [2025-06-27T07:42:44.992+0000] {dag.py:3239} INFO - Sync 1 DAGs
[2025-06-27T07:42:45.089+0000] {logging_mixin.py:190} INFO - [2025-06-27T07:42:45.088+0000] {dag.py:4180} INFO - Setting next_dagrun for example_branch_labels to 2025-06-26 00:00:00+00:00, run_after=2025-06-27 00:00:00+00:00
[2025-06-27T07:42:45.165+0000] {processor.py:208} INFO - Processing /home/airflow/.local/lib/python3.12/site-packages/airflow/example_dags/example_branch_labels.py took 0.362 seconds
[2025-06-27T07:43:18.225+0000] {processor.py:186} INFO - Started process (PID=793) to work on /home/airflow/.local/lib/python3.12/site-packages/airflow/example_dags/example_branch_labels.py
[2025-06-27T07:43:18.234+0000] {processor.py:914} INFO - Processing file /home/airflow/.local/lib/python3.12/site-packages/airflow/example_dags/example_branch_labels.py for tasks to queue
[2025-06-27T07:43:18.251+0000] {logging_mixin.py:190} INFO - [2025-06-27T07:43:18.249+0000] {dagbag.py:588} INFO - Filling up the DagBag from /home/airflow/.local/lib/python3.12/site-packages/airflow/example_dags/example_branch_labels.py
[2025-06-27T07:43:18.334+0000] {processor.py:925} INFO - DAG(s) 'example_branch_labels' retrieved from /home/airflow/.local/lib/python3.12/site-packages/airflow/example_dags/example_branch_labels.py
[2025-06-27T07:43:18.610+0000] {logging_mixin.py:190} INFO - [2025-06-27T07:43:18.609+0000] {dag.py:3239} INFO - Sync 1 DAGs
[2025-06-27T07:43:18.920+0000] {logging_mixin.py:190} INFO - [2025-06-27T07:43:18.919+0000] {dag.py:4180} INFO - Setting next_dagrun for example_branch_labels to 2025-06-26 00:00:00+00:00, run_after=2025-06-27 00:00:00+00:00
[2025-06-27T07:43:19.105+0000] {processor.py:208} INFO - Processing /home/airflow/.local/lib/python3.12/site-packages/airflow/example_dags/example_branch_labels.py took 0.936 seconds
[2025-06-27T07:43:49.999+0000] {processor.py:186} INFO - Started process (PID=856) to work on /home/airflow/.local/lib/python3.12/site-packages/airflow/example_dags/example_branch_labels.py
[2025-06-27T07:43:50.001+0000] {processor.py:914} INFO - Processing file /home/airflow/.local/lib/python3.12/site-packages/airflow/example_dags/example_branch_labels.py for tasks to queue
[2025-06-27T07:43:50.009+0000] {logging_mixin.py:190} INFO - [2025-06-27T07:43:50.008+0000] {dagbag.py:588} INFO - Filling up the DagBag from /home/airflow/.local/lib/python3.12/site-packages/airflow/example_dags/example_branch_labels.py
[2025-06-27T07:43:50.041+0000] {processor.py:925} INFO - DAG(s) 'example_branch_labels' retrieved from /home/airflow/.local/lib/python3.12/site-packages/airflow/example_dags/example_branch_labels.py
[2025-06-27T07:43:50.129+0000] {logging_mixin.py:190} INFO - [2025-06-27T07:43:50.128+0000] {dag.py:3239} INFO - Sync 1 DAGs
[2025-06-27T07:43:50.211+0000] {logging_mixin.py:190} INFO - [2025-06-27T07:43:50.210+0000] {dag.py:4180} INFO - Setting next_dagrun for example_branch_labels to 2025-06-26 00:00:00+00:00, run_after=2025-06-27 00:00:00+00:00
[2025-06-27T07:43:50.270+0000] {processor.py:208} INFO - Processing /home/airflow/.local/lib/python3.12/site-packages/airflow/example_dags/example_branch_labels.py took 0.287 seconds
[2025-06-27T07:44:20.725+0000] {processor.py:186} INFO - Started process (PID=920) to work on /home/airflow/.local/lib/python3.12/site-packages/airflow/example_dags/example_branch_labels.py
[2025-06-27T07:44:20.727+0000] {processor.py:914} INFO - Processing file /home/airflow/.local/lib/python3.12/site-packages/airflow/example_dags/example_branch_labels.py for tasks to queue
[2025-06-27T07:44:20.732+0000] {logging_mixin.py:190} INFO - [2025-06-27T07:44:20.732+0000] {dagbag.py:588} INFO - Filling up the DagBag from /home/airflow/.local/lib/python3.12/site-packages/airflow/example_dags/example_branch_labels.py
[2025-06-27T07:44:20.754+0000] {processor.py:925} INFO - DAG(s) 'example_branch_labels' retrieved from /home/airflow/.local/lib/python3.12/site-packages/airflow/example_dags/example_branch_labels.py
[2025-06-27T07:44:20.804+0000] {logging_mixin.py:190} INFO - [2025-06-27T07:44:20.803+0000] {dag.py:3239} INFO - Sync 1 DAGs
[2025-06-27T07:44:20.863+0000] {logging_mixin.py:190} INFO - [2025-06-27T07:44:20.862+0000] {dag.py:4180} INFO - Setting next_dagrun for example_branch_labels to 2025-06-26 00:00:00+00:00, run_after=2025-06-27 00:00:00+00:00
[2025-06-27T07:44:20.916+0000] {processor.py:208} INFO - Processing /home/airflow/.local/lib/python3.12/site-packages/airflow/example_dags/example_branch_labels.py took 0.205 seconds
[2025-06-27T07:44:51.443+0000] {processor.py:186} INFO - Started process (PID=984) to work on /home/airflow/.local/lib/python3.12/site-packages/airflow/example_dags/example_branch_labels.py
[2025-06-27T07:44:51.445+0000] {processor.py:914} INFO - Processing file /home/airflow/.local/lib/python3.12/site-packages/airflow/example_dags/example_branch_labels.py for tasks to queue
[2025-06-27T07:44:51.450+0000] {logging_mixin.py:190} INFO - [2025-06-27T07:44:51.450+0000] {dagbag.py:588} INFO - Filling up the DagBag from /home/airflow/.local/lib/python3.12/site-packages/airflow/example_dags/example_branch_labels.py
[2025-06-27T07:44:51.471+0000] {processor.py:925} INFO - DAG(s) 'example_branch_labels' retrieved from /home/airflow/.local/lib/python3.12/site-packages/airflow/example_dags/example_branch_labels.py
[2025-06-27T07:44:51.513+0000] {logging_mixin.py:190} INFO - [2025-06-27T07:44:51.513+0000] {dag.py:3239} INFO - Sync 1 DAGs
[2025-06-27T07:44:51.554+0000] {logging_mixin.py:190} INFO - [2025-06-27T07:44:51.554+0000] {dag.py:4180} INFO - Setting next_dagrun for example_branch_labels to 2025-06-26 00:00:00+00:00, run_after=2025-06-27 00:00:00+00:00
[2025-06-27T07:44:51.591+0000] {processor.py:208} INFO - Processing /home/airflow/.local/lib/python3.12/site-packages/airflow/example_dags/example_branch_labels.py took 0.164 seconds
[2025-06-27T07:45:22.014+0000] {processor.py:186} INFO - Started process (PID=1047) to work on /home/airflow/.local/lib/python3.12/site-packages/airflow/example_dags/example_branch_labels.py
[2025-06-27T07:45:22.016+0000] {processor.py:914} INFO - Processing file /home/airflow/.local/lib/python3.12/site-packages/airflow/example_dags/example_branch_labels.py for tasks to queue
[2025-06-27T07:45:22.023+0000] {logging_mixin.py:190} INFO - [2025-06-27T07:45:22.022+0000] {dagbag.py:588} INFO - Filling up the DagBag from /home/airflow/.local/lib/python3.12/site-packages/airflow/example_dags/example_branch_labels.py
[2025-06-27T07:45:22.056+0000] {processor.py:925} INFO - DAG(s) 'example_branch_labels' retrieved from /home/airflow/.local/lib/python3.12/site-packages/airflow/example_dags/example_branch_labels.py
[2025-06-27T07:45:22.132+0000] {logging_mixin.py:190} INFO - [2025-06-27T07:45:22.131+0000] {dag.py:3239} INFO - Sync 1 DAGs
[2025-06-27T07:45:22.202+0000] {logging_mixin.py:190} INFO - [2025-06-27T07:45:22.202+0000] {dag.py:4180} INFO - Setting next_dagrun for example_branch_labels to 2025-06-26 00:00:00+00:00, run_after=2025-06-27 00:00:00+00:00
[2025-06-27T07:45:22.251+0000] {processor.py:208} INFO - Processing /home/airflow/.local/lib/python3.12/site-packages/airflow/example_dags/example_branch_labels.py took 0.251 seconds
[2025-06-27T07:45:52.578+0000] {processor.py:186} INFO - Started process (PID=1110) to work on /home/airflow/.local/lib/python3.12/site-packages/airflow/example_dags/example_branch_labels.py
[2025-06-27T07:45:52.580+0000] {processor.py:914} INFO - Processing file /home/airflow/.local/lib/python3.12/site-packages/airflow/example_dags/example_branch_labels.py for tasks to queue
[2025-06-27T07:45:52.593+0000] {logging_mixin.py:190} INFO - [2025-06-27T07:45:52.591+0000] {dagbag.py:588} INFO - Filling up the DagBag from /home/airflow/.local/lib/python3.12/site-packages/airflow/example_dags/example_branch_labels.py
[2025-06-27T07:45:52.629+0000] {processor.py:925} INFO - DAG(s) 'example_branch_labels' retrieved from /home/airflow/.local/lib/python3.12/site-packages/airflow/example_dags/example_branch_labels.py
[2025-06-27T07:45:52.712+0000] {logging_mixin.py:190} INFO - [2025-06-27T07:45:52.711+0000] {dag.py:3239} INFO - Sync 1 DAGs
[2025-06-27T07:45:52.859+0000] {logging_mixin.py:190} INFO - [2025-06-27T07:45:52.858+0000] {dag.py:4180} INFO - Setting next_dagrun for example_branch_labels to 2025-06-26 00:00:00+00:00, run_after=2025-06-27 00:00:00+00:00
[2025-06-27T07:45:53.060+0000] {processor.py:208} INFO - Processing /home/airflow/.local/lib/python3.12/site-packages/airflow/example_dags/example_branch_labels.py took 0.508 seconds
[2025-06-27T07:46:23.492+0000] {processor.py:186} INFO - Started process (PID=1173) to work on /home/airflow/.local/lib/python3.12/site-packages/airflow/example_dags/example_branch_labels.py
[2025-06-27T07:46:23.495+0000] {processor.py:914} INFO - Processing file /home/airflow/.local/lib/python3.12/site-packages/airflow/example_dags/example_branch_labels.py for tasks to queue
[2025-06-27T07:46:23.500+0000] {logging_mixin.py:190} INFO - [2025-06-27T07:46:23.500+0000] {dagbag.py:588} INFO - Filling up the DagBag from /home/airflow/.local/lib/python3.12/site-packages/airflow/example_dags/example_branch_labels.py
[2025-06-27T07:46:23.523+0000] {processor.py:925} INFO - DAG(s) 'example_branch_labels' retrieved from /home/airflow/.local/lib/python3.12/site-packages/airflow/example_dags/example_branch_labels.py
[2025-06-27T07:46:23.569+0000] {logging_mixin.py:190} INFO - [2025-06-27T07:46:23.569+0000] {dag.py:3239} INFO - Sync 1 DAGs
[2025-06-27T07:46:23.614+0000] {logging_mixin.py:190} INFO - [2025-06-27T07:46:23.613+0000] {dag.py:4180} INFO - Setting next_dagrun for example_branch_labels to 2025-06-26 00:00:00+00:00, run_after=2025-06-27 00:00:00+00:00
[2025-06-27T07:46:23.655+0000] {processor.py:208} INFO - Processing /home/airflow/.local/lib/python3.12/site-packages/airflow/example_dags/example_branch_labels.py took 0.182 seconds
[2025-06-27T07:46:54.136+0000] {processor.py:186} INFO - Started process (PID=1236) to work on /home/airflow/.local/lib/python3.12/site-packages/airflow/example_dags/example_branch_labels.py
[2025-06-27T07:46:54.138+0000] {processor.py:914} INFO - Processing file /home/airflow/.local/lib/python3.12/site-packages/airflow/example_dags/example_branch_labels.py for tasks to queue
[2025-06-27T07:46:54.145+0000] {logging_mixin.py:190} INFO - [2025-06-27T07:46:54.143+0000] {dagbag.py:588} INFO - Filling up the DagBag from /home/airflow/.local/lib/python3.12/site-packages/airflow/example_dags/example_branch_labels.py
[2025-06-27T07:46:54.168+0000] {processor.py:925} INFO - DAG(s) 'example_branch_labels' retrieved from /home/airflow/.local/lib/python3.12/site-packages/airflow/example_dags/example_branch_labels.py
[2025-06-27T07:46:54.218+0000] {logging_mixin.py:190} INFO - [2025-06-27T07:46:54.217+0000] {dag.py:3239} INFO - Sync 1 DAGs
[2025-06-27T07:46:54.282+0000] {logging_mixin.py:190} INFO - [2025-06-27T07:46:54.282+0000] {dag.py:4180} INFO - Setting next_dagrun for example_branch_labels to 2025-06-26 00:00:00+00:00, run_after=2025-06-27 00:00:00+00:00
[2025-06-27T07:46:54.327+0000] {processor.py:208} INFO - Processing /home/airflow/.local/lib/python3.12/site-packages/airflow/example_dags/example_branch_labels.py took 0.204 seconds
[2025-06-27T07:47:24.730+0000] {processor.py:186} INFO - Started process (PID=1299) to work on /home/airflow/.local/lib/python3.12/site-packages/airflow/example_dags/example_branch_labels.py
[2025-06-27T07:47:24.732+0000] {processor.py:914} INFO - Processing file /home/airflow/.local/lib/python3.12/site-packages/airflow/example_dags/example_branch_labels.py for tasks to queue
[2025-06-27T07:47:24.737+0000] {logging_mixin.py:190} INFO - [2025-06-27T07:47:24.737+0000] {dagbag.py:588} INFO - Filling up the DagBag from /home/airflow/.local/lib/python3.12/site-packages/airflow/example_dags/example_branch_labels.py
[2025-06-27T07:47:24.757+0000] {processor.py:925} INFO - DAG(s) 'example_branch_labels' retrieved from /home/airflow/.local/lib/python3.12/site-packages/airflow/example_dags/example_branch_labels.py
[2025-06-27T07:47:24.802+0000] {logging_mixin.py:190} INFO - [2025-06-27T07:47:24.801+0000] {dag.py:3239} INFO - Sync 1 DAGs
[2025-06-27T07:47:24.855+0000] {logging_mixin.py:190} INFO - [2025-06-27T07:47:24.855+0000] {dag.py:4180} INFO - Setting next_dagrun for example_branch_labels to 2025-06-26 00:00:00+00:00, run_after=2025-06-27 00:00:00+00:00
[2025-06-27T07:47:24.893+0000] {processor.py:208} INFO - Processing /home/airflow/.local/lib/python3.12/site-packages/airflow/example_dags/example_branch_labels.py took 0.173 seconds
[2025-06-27T07:47:55.288+0000] {processor.py:186} INFO - Started process (PID=1362) to work on /home/airflow/.local/lib/python3.12/site-packages/airflow/example_dags/example_branch_labels.py
[2025-06-27T07:47:55.293+0000] {processor.py:914} INFO - Processing file /home/airflow/.local/lib/python3.12/site-packages/airflow/example_dags/example_branch_labels.py for tasks to queue
[2025-06-27T07:47:55.298+0000] {logging_mixin.py:190} INFO - [2025-06-27T07:47:55.297+0000] {dagbag.py:588} INFO - Filling up the DagBag from /home/airflow/.local/lib/python3.12/site-packages/airflow/example_dags/example_branch_labels.py
[2025-06-27T07:47:55.313+0000] {processor.py:925} INFO - DAG(s) 'example_branch_labels' retrieved from /home/airflow/.local/lib/python3.12/site-packages/airflow/example_dags/example_branch_labels.py
[2025-06-27T07:47:55.350+0000] {logging_mixin.py:190} INFO - [2025-06-27T07:47:55.350+0000] {dag.py:3239} INFO - Sync 1 DAGs
[2025-06-27T07:47:55.396+0000] {logging_mixin.py:190} INFO - [2025-06-27T07:47:55.396+0000] {dag.py:4180} INFO - Setting next_dagrun for example_branch_labels to 2025-06-26 00:00:00+00:00, run_after=2025-06-27 00:00:00+00:00
[2025-06-27T07:47:55.438+0000] {processor.py:208} INFO - Processing /home/airflow/.local/lib/python3.12/site-packages/airflow/example_dags/example_branch_labels.py took 0.159 seconds
[2025-06-27T07:48:26.531+0000] {processor.py:186} INFO - Started process (PID=1425) to work on /home/airflow/.local/lib/python3.12/site-packages/airflow/example_dags/example_branch_labels.py
[2025-06-27T07:48:26.537+0000] {processor.py:914} INFO - Processing file /home/airflow/.local/lib/python3.12/site-packages/airflow/example_dags/example_branch_labels.py for tasks to queue
[2025-06-27T07:48:26.567+0000] {logging_mixin.py:190} INFO - [2025-06-27T07:48:26.562+0000] {dagbag.py:588} INFO - Filling up the DagBag from /home/airflow/.local/lib/python3.12/site-packages/airflow/example_dags/example_branch_labels.py
[2025-06-27T07:48:26.670+0000] {processor.py:925} INFO - DAG(s) 'example_branch_labels' retrieved from /home/airflow/.local/lib/python3.12/site-packages/airflow/example_dags/example_branch_labels.py
[2025-06-27T07:48:26.773+0000] {logging_mixin.py:190} INFO - [2025-06-27T07:48:26.772+0000] {dag.py:3239} INFO - Sync 1 DAGs
[2025-06-27T07:48:27.002+0000] {logging_mixin.py:190} INFO - [2025-06-27T07:48:27.000+0000] {dag.py:4180} INFO - Setting next_dagrun for example_branch_labels to 2025-06-26 00:00:00+00:00, run_after=2025-06-27 00:00:00+00:00
[2025-06-27T07:48:27.151+0000] {processor.py:208} INFO - Processing /home/airflow/.local/lib/python3.12/site-packages/airflow/example_dags/example_branch_labels.py took 0.667 seconds
[2025-06-27T07:48:57.348+0000] {processor.py:186} INFO - Started process (PID=1488) to work on /home/airflow/.local/lib/python3.12/site-packages/airflow/example_dags/example_branch_labels.py
[2025-06-27T07:48:57.350+0000] {processor.py:914} INFO - Processing file /home/airflow/.local/lib/python3.12/site-packages/airflow/example_dags/example_branch_labels.py for tasks to queue
[2025-06-27T07:48:57.356+0000] {logging_mixin.py:190} INFO - [2025-06-27T07:48:57.355+0000] {dagbag.py:588} INFO - Filling up the DagBag from /home/airflow/.local/lib/python3.12/site-packages/airflow/example_dags/example_branch_labels.py
[2025-06-27T07:48:57.375+0000] {processor.py:925} INFO - DAG(s) 'example_branch_labels' retrieved from /home/airflow/.local/lib/python3.12/site-packages/airflow/example_dags/example_branch_labels.py
[2025-06-27T07:48:57.428+0000] {logging_mixin.py:190} INFO - [2025-06-27T07:48:57.428+0000] {dag.py:3239} INFO - Sync 1 DAGs
[2025-06-27T07:48:57.494+0000] {logging_mixin.py:190} INFO - [2025-06-27T07:48:57.493+0000] {dag.py:4180} INFO - Setting next_dagrun for example_branch_labels to 2025-06-26 00:00:00+00:00, run_after=2025-06-27 00:00:00+00:00
[2025-06-27T07:48:57.544+0000] {processor.py:208} INFO - Processing /home/airflow/.local/lib/python3.12/site-packages/airflow/example_dags/example_branch_labels.py took 0.208 seconds
[2025-06-27T07:51:59.278+0000] {processor.py:186} INFO - Started process (PID=77) to work on /home/airflow/.local/lib/python3.12/site-packages/airflow/example_dags/example_branch_labels.py
[2025-06-27T07:51:59.300+0000] {processor.py:914} INFO - Processing file /home/airflow/.local/lib/python3.12/site-packages/airflow/example_dags/example_branch_labels.py for tasks to queue
[2025-06-27T07:51:59.357+0000] {logging_mixin.py:190} INFO - [2025-06-27T07:51:59.353+0000] {dagbag.py:588} INFO - Filling up the DagBag from /home/airflow/.local/lib/python3.12/site-packages/airflow/example_dags/example_branch_labels.py
[2025-06-27T07:51:59.505+0000] {processor.py:925} INFO - DAG(s) 'example_branch_labels' retrieved from /home/airflow/.local/lib/python3.12/site-packages/airflow/example_dags/example_branch_labels.py
[2025-06-27T07:51:59.722+0000] {logging_mixin.py:190} INFO - [2025-06-27T07:51:59.721+0000] {dag.py:3239} INFO - Sync 1 DAGs
[2025-06-27T07:51:59.861+0000] {logging_mixin.py:190} INFO - [2025-06-27T07:51:59.860+0000] {dag.py:4180} INFO - Setting next_dagrun for example_branch_labels to 2025-06-26 00:00:00+00:00, run_after=2025-06-27 00:00:00+00:00
[2025-06-27T07:51:59.919+0000] {processor.py:208} INFO - Processing /home/airflow/.local/lib/python3.12/site-packages/airflow/example_dags/example_branch_labels.py took 0.722 seconds
[2025-06-27T07:52:38.435+0000] {processor.py:186} INFO - Started process (PID=140) to work on /home/airflow/.local/lib/python3.12/site-packages/airflow/example_dags/example_branch_labels.py
[2025-06-27T07:52:38.451+0000] {processor.py:914} INFO - Processing file /home/airflow/.local/lib/python3.12/site-packages/airflow/example_dags/example_branch_labels.py for tasks to queue
[2025-06-27T07:52:38.475+0000] {logging_mixin.py:190} INFO - [2025-06-27T07:52:38.473+0000] {dagbag.py:588} INFO - Filling up the DagBag from /home/airflow/.local/lib/python3.12/site-packages/airflow/example_dags/example_branch_labels.py
[2025-06-27T07:52:38.593+0000] {processor.py:925} INFO - DAG(s) 'example_branch_labels' retrieved from /home/airflow/.local/lib/python3.12/site-packages/airflow/example_dags/example_branch_labels.py
[2025-06-27T07:52:38.875+0000] {logging_mixin.py:190} INFO - [2025-06-27T07:52:38.866+0000] {dag.py:3239} INFO - Sync 1 DAGs
[2025-06-27T07:52:39.318+0000] {logging_mixin.py:190} INFO - [2025-06-27T07:52:39.317+0000] {dag.py:4180} INFO - Setting next_dagrun for example_branch_labels to 2025-06-26 00:00:00+00:00, run_after=2025-06-27 00:00:00+00:00
[2025-06-27T07:52:39.545+0000] {processor.py:208} INFO - Processing /home/airflow/.local/lib/python3.12/site-packages/airflow/example_dags/example_branch_labels.py took 1.336 seconds
[2025-06-27T07:53:10.394+0000] {processor.py:186} INFO - Started process (PID=203) to work on /home/airflow/.local/lib/python3.12/site-packages/airflow/example_dags/example_branch_labels.py
[2025-06-27T07:53:10.396+0000] {processor.py:914} INFO - Processing file /home/airflow/.local/lib/python3.12/site-packages/airflow/example_dags/example_branch_labels.py for tasks to queue
[2025-06-27T07:53:10.401+0000] {logging_mixin.py:190} INFO - [2025-06-27T07:53:10.400+0000] {dagbag.py:588} INFO - Filling up the DagBag from /home/airflow/.local/lib/python3.12/site-packages/airflow/example_dags/example_branch_labels.py
[2025-06-27T07:53:10.420+0000] {processor.py:925} INFO - DAG(s) 'example_branch_labels' retrieved from /home/airflow/.local/lib/python3.12/site-packages/airflow/example_dags/example_branch_labels.py
[2025-06-27T07:53:10.468+0000] {logging_mixin.py:190} INFO - [2025-06-27T07:53:10.467+0000] {dag.py:3239} INFO - Sync 1 DAGs
[2025-06-27T07:53:10.521+0000] {logging_mixin.py:190} INFO - [2025-06-27T07:53:10.520+0000] {dag.py:4180} INFO - Setting next_dagrun for example_branch_labels to 2025-06-26 00:00:00+00:00, run_after=2025-06-27 00:00:00+00:00
[2025-06-27T07:53:10.571+0000] {processor.py:208} INFO - Processing /home/airflow/.local/lib/python3.12/site-packages/airflow/example_dags/example_branch_labels.py took 0.189 seconds
[2025-06-27T07:53:41.361+0000] {processor.py:186} INFO - Started process (PID=266) to work on /home/airflow/.local/lib/python3.12/site-packages/airflow/example_dags/example_branch_labels.py
[2025-06-27T07:53:41.364+0000] {processor.py:914} INFO - Processing file /home/airflow/.local/lib/python3.12/site-packages/airflow/example_dags/example_branch_labels.py for tasks to queue
[2025-06-27T07:53:41.372+0000] {logging_mixin.py:190} INFO - [2025-06-27T07:53:41.371+0000] {dagbag.py:588} INFO - Filling up the DagBag from /home/airflow/.local/lib/python3.12/site-packages/airflow/example_dags/example_branch_labels.py
[2025-06-27T07:53:41.402+0000] {processor.py:925} INFO - DAG(s) 'example_branch_labels' retrieved from /home/airflow/.local/lib/python3.12/site-packages/airflow/example_dags/example_branch_labels.py
[2025-06-27T07:53:41.485+0000] {logging_mixin.py:190} INFO - [2025-06-27T07:53:41.484+0000] {dag.py:3239} INFO - Sync 1 DAGs
[2025-06-27T07:53:41.562+0000] {logging_mixin.py:190} INFO - [2025-06-27T07:53:41.561+0000] {dag.py:4180} INFO - Setting next_dagrun for example_branch_labels to 2025-06-26 00:00:00+00:00, run_after=2025-06-27 00:00:00+00:00
[2025-06-27T07:53:41.605+0000] {processor.py:208} INFO - Processing /home/airflow/.local/lib/python3.12/site-packages/airflow/example_dags/example_branch_labels.py took 0.262 seconds
[2025-06-27T07:54:11.901+0000] {processor.py:186} INFO - Started process (PID=330) to work on /home/airflow/.local/lib/python3.12/site-packages/airflow/example_dags/example_branch_labels.py
[2025-06-27T07:54:11.907+0000] {processor.py:914} INFO - Processing file /home/airflow/.local/lib/python3.12/site-packages/airflow/example_dags/example_branch_labels.py for tasks to queue
[2025-06-27T07:54:11.932+0000] {logging_mixin.py:190} INFO - [2025-06-27T07:54:11.930+0000] {dagbag.py:588} INFO - Filling up the DagBag from /home/airflow/.local/lib/python3.12/site-packages/airflow/example_dags/example_branch_labels.py
[2025-06-27T07:54:12.006+0000] {processor.py:925} INFO - DAG(s) 'example_branch_labels' retrieved from /home/airflow/.local/lib/python3.12/site-packages/airflow/example_dags/example_branch_labels.py
[2025-06-27T07:54:12.162+0000] {logging_mixin.py:190} INFO - [2025-06-27T07:54:12.161+0000] {dag.py:3239} INFO - Sync 1 DAGs
[2025-06-27T07:54:12.323+0000] {logging_mixin.py:190} INFO - [2025-06-27T07:54:12.320+0000] {dag.py:4180} INFO - Setting next_dagrun for example_branch_labels to 2025-06-26 00:00:00+00:00, run_after=2025-06-27 00:00:00+00:00
[2025-06-27T07:54:12.457+0000] {processor.py:208} INFO - Processing /home/airflow/.local/lib/python3.12/site-packages/airflow/example_dags/example_branch_labels.py took 0.599 seconds
[2025-06-27T07:54:43.060+0000] {processor.py:186} INFO - Started process (PID=399) to work on /home/airflow/.local/lib/python3.12/site-packages/airflow/example_dags/example_branch_labels.py
[2025-06-27T07:54:43.062+0000] {processor.py:914} INFO - Processing file /home/airflow/.local/lib/python3.12/site-packages/airflow/example_dags/example_branch_labels.py for tasks to queue
[2025-06-27T07:54:43.067+0000] {logging_mixin.py:190} INFO - [2025-06-27T07:54:43.067+0000] {dagbag.py:588} INFO - Filling up the DagBag from /home/airflow/.local/lib/python3.12/site-packages/airflow/example_dags/example_branch_labels.py
[2025-06-27T07:54:43.086+0000] {processor.py:925} INFO - DAG(s) 'example_branch_labels' retrieved from /home/airflow/.local/lib/python3.12/site-packages/airflow/example_dags/example_branch_labels.py
[2025-06-27T07:54:43.135+0000] {logging_mixin.py:190} INFO - [2025-06-27T07:54:43.134+0000] {dag.py:3239} INFO - Sync 1 DAGs
[2025-06-27T07:54:43.206+0000] {logging_mixin.py:190} INFO - [2025-06-27T07:54:43.206+0000] {dag.py:4180} INFO - Setting next_dagrun for example_branch_labels to 2025-06-26 00:00:00+00:00, run_after=2025-06-27 00:00:00+00:00
[2025-06-27T07:54:43.252+0000] {processor.py:208} INFO - Processing /home/airflow/.local/lib/python3.12/site-packages/airflow/example_dags/example_branch_labels.py took 0.205 seconds
[2025-06-27T07:55:14.770+0000] {processor.py:186} INFO - Started process (PID=462) to work on /home/airflow/.local/lib/python3.12/site-packages/airflow/example_dags/example_branch_labels.py
[2025-06-27T07:55:14.911+0000] {processor.py:914} INFO - Processing file /home/airflow/.local/lib/python3.12/site-packages/airflow/example_dags/example_branch_labels.py for tasks to queue
[2025-06-27T07:55:15.071+0000] {logging_mixin.py:190} INFO - [2025-06-27T07:55:15.057+0000] {dagbag.py:588} INFO - Filling up the DagBag from /home/airflow/.local/lib/python3.12/site-packages/airflow/example_dags/example_branch_labels.py
[2025-06-27T07:59:26.415+0000] {processor.py:186} INFO - Started process (PID=70) to work on /home/airflow/.local/lib/python3.12/site-packages/airflow/example_dags/example_branch_labels.py
[2025-06-27T07:59:26.419+0000] {processor.py:914} INFO - Processing file /home/airflow/.local/lib/python3.12/site-packages/airflow/example_dags/example_branch_labels.py for tasks to queue
[2025-06-27T07:59:26.437+0000] {logging_mixin.py:190} INFO - [2025-06-27T07:59:26.436+0000] {dagbag.py:588} INFO - Filling up the DagBag from /home/airflow/.local/lib/python3.12/site-packages/airflow/example_dags/example_branch_labels.py
[2025-06-27T07:59:26.521+0000] {processor.py:925} INFO - DAG(s) 'example_branch_labels' retrieved from /home/airflow/.local/lib/python3.12/site-packages/airflow/example_dags/example_branch_labels.py
[2025-06-27T07:59:26.664+0000] {logging_mixin.py:190} INFO - [2025-06-27T07:59:26.663+0000] {dag.py:3239} INFO - Sync 1 DAGs
[2025-06-27T07:59:26.823+0000] {logging_mixin.py:190} INFO - [2025-06-27T07:59:26.818+0000] {dag.py:4180} INFO - Setting next_dagrun for example_branch_labels to 2025-06-26 00:00:00+00:00, run_after=2025-06-27 00:00:00+00:00
[2025-06-27T07:59:26.960+0000] {processor.py:208} INFO - Processing /home/airflow/.local/lib/python3.12/site-packages/airflow/example_dags/example_branch_labels.py took 0.590 seconds
[2025-06-27T08:00:02.491+0000] {processor.py:186} INFO - Started process (PID=132) to work on /home/airflow/.local/lib/python3.12/site-packages/airflow/example_dags/example_branch_labels.py
[2025-06-27T08:00:02.498+0000] {processor.py:914} INFO - Processing file /home/airflow/.local/lib/python3.12/site-packages/airflow/example_dags/example_branch_labels.py for tasks to queue
[2025-06-27T08:00:02.517+0000] {logging_mixin.py:190} INFO - [2025-06-27T08:00:02.515+0000] {dagbag.py:588} INFO - Filling up the DagBag from /home/airflow/.local/lib/python3.12/site-packages/airflow/example_dags/example_branch_labels.py
[2025-06-27T08:00:02.620+0000] {processor.py:925} INFO - DAG(s) 'example_branch_labels' retrieved from /home/airflow/.local/lib/python3.12/site-packages/airflow/example_dags/example_branch_labels.py
[2025-06-27T08:00:03.406+0000] {logging_mixin.py:190} INFO - [2025-06-27T08:00:03.404+0000] {dag.py:3239} INFO - Sync 1 DAGs
[2025-06-27T08:00:04.248+0000] {logging_mixin.py:190} INFO - [2025-06-27T08:00:04.247+0000] {dag.py:4180} INFO - Setting next_dagrun for example_branch_labels to 2025-06-26 00:00:00+00:00, run_after=2025-06-27 00:00:00+00:00
[2025-06-27T08:00:04.606+0000] {processor.py:208} INFO - Processing /home/airflow/.local/lib/python3.12/site-packages/airflow/example_dags/example_branch_labels.py took 2.164 seconds
[2025-06-27T08:00:58.602+0000] {processor.py:186} INFO - Started process (PID=178) to work on /home/airflow/.local/lib/python3.12/site-packages/airflow/example_dags/example_branch_labels.py
[2025-06-27T08:00:58.622+0000] {processor.py:914} INFO - Processing file /home/airflow/.local/lib/python3.12/site-packages/airflow/example_dags/example_branch_labels.py for tasks to queue
[2025-06-27T08:00:58.655+0000] {logging_mixin.py:190} INFO - [2025-06-27T08:00:58.653+0000] {dagbag.py:588} INFO - Filling up the DagBag from /home/airflow/.local/lib/python3.12/site-packages/airflow/example_dags/example_branch_labels.py
[2025-06-27T08:00:58.773+0000] {processor.py:925} INFO - DAG(s) 'example_branch_labels' retrieved from /home/airflow/.local/lib/python3.12/site-packages/airflow/example_dags/example_branch_labels.py
[2025-06-27T08:00:59.179+0000] {logging_mixin.py:190} INFO - [2025-06-27T08:00:59.178+0000] {dag.py:3239} INFO - Sync 1 DAGs
[2025-06-27T08:00:59.543+0000] {logging_mixin.py:190} INFO - [2025-06-27T08:00:59.542+0000] {dag.py:4180} INFO - Setting next_dagrun for example_branch_labels to 2025-06-26 00:00:00+00:00, run_after=2025-06-27 00:00:00+00:00
[2025-06-27T08:00:59.696+0000] {processor.py:208} INFO - Processing /home/airflow/.local/lib/python3.12/site-packages/airflow/example_dags/example_branch_labels.py took 1.233 seconds
[2025-06-27T08:01:30.507+0000] {processor.py:186} INFO - Started process (PID=240) to work on /home/airflow/.local/lib/python3.12/site-packages/airflow/example_dags/example_branch_labels.py
[2025-06-27T08:01:30.513+0000] {processor.py:914} INFO - Processing file /home/airflow/.local/lib/python3.12/site-packages/airflow/example_dags/example_branch_labels.py for tasks to queue
[2025-06-27T08:01:30.527+0000] {logging_mixin.py:190} INFO - [2025-06-27T08:01:30.525+0000] {dagbag.py:588} INFO - Filling up the DagBag from /home/airflow/.local/lib/python3.12/site-packages/airflow/example_dags/example_branch_labels.py
[2025-06-27T08:01:30.588+0000] {processor.py:925} INFO - DAG(s) 'example_branch_labels' retrieved from /home/airflow/.local/lib/python3.12/site-packages/airflow/example_dags/example_branch_labels.py
[2025-06-27T08:01:30.702+0000] {logging_mixin.py:190} INFO - [2025-06-27T08:01:30.701+0000] {dag.py:3239} INFO - Sync 1 DAGs
[2025-06-27T08:01:30.927+0000] {logging_mixin.py:190} INFO - [2025-06-27T08:01:30.927+0000] {dag.py:4180} INFO - Setting next_dagrun for example_branch_labels to 2025-06-26 00:00:00+00:00, run_after=2025-06-27 00:00:00+00:00
[2025-06-27T08:01:31.083+0000] {processor.py:208} INFO - Processing /home/airflow/.local/lib/python3.12/site-packages/airflow/example_dags/example_branch_labels.py took 0.609 seconds
[2025-06-27T08:02:01.734+0000] {processor.py:186} INFO - Started process (PID=304) to work on /home/airflow/.local/lib/python3.12/site-packages/airflow/example_dags/example_branch_labels.py
[2025-06-27T08:02:01.737+0000] {processor.py:914} INFO - Processing file /home/airflow/.local/lib/python3.12/site-packages/airflow/example_dags/example_branch_labels.py for tasks to queue
[2025-06-27T08:02:01.741+0000] {logging_mixin.py:190} INFO - [2025-06-27T08:02:01.740+0000] {dagbag.py:588} INFO - Filling up the DagBag from /home/airflow/.local/lib/python3.12/site-packages/airflow/example_dags/example_branch_labels.py
[2025-06-27T08:02:01.758+0000] {processor.py:925} INFO - DAG(s) 'example_branch_labels' retrieved from /home/airflow/.local/lib/python3.12/site-packages/airflow/example_dags/example_branch_labels.py
[2025-06-27T08:02:01.808+0000] {logging_mixin.py:190} INFO - [2025-06-27T08:02:01.808+0000] {dag.py:3239} INFO - Sync 1 DAGs
[2025-06-27T08:02:01.855+0000] {logging_mixin.py:190} INFO - [2025-06-27T08:02:01.855+0000] {dag.py:4180} INFO - Setting next_dagrun for example_branch_labels to 2025-06-26 00:00:00+00:00, run_after=2025-06-27 00:00:00+00:00
[2025-06-27T08:02:01.888+0000] {processor.py:208} INFO - Processing /home/airflow/.local/lib/python3.12/site-packages/airflow/example_dags/example_branch_labels.py took 0.166 seconds
[2025-06-27T08:02:32.900+0000] {processor.py:186} INFO - Started process (PID=366) to work on /home/airflow/.local/lib/python3.12/site-packages/airflow/example_dags/example_branch_labels.py
[2025-06-27T08:02:32.902+0000] {processor.py:914} INFO - Processing file /home/airflow/.local/lib/python3.12/site-packages/airflow/example_dags/example_branch_labels.py for tasks to queue
[2025-06-27T08:02:32.907+0000] {logging_mixin.py:190} INFO - [2025-06-27T08:02:32.907+0000] {dagbag.py:588} INFO - Filling up the DagBag from /home/airflow/.local/lib/python3.12/site-packages/airflow/example_dags/example_branch_labels.py
[2025-06-27T08:02:32.925+0000] {processor.py:925} INFO - DAG(s) 'example_branch_labels' retrieved from /home/airflow/.local/lib/python3.12/site-packages/airflow/example_dags/example_branch_labels.py
[2025-06-27T08:02:32.967+0000] {logging_mixin.py:190} INFO - [2025-06-27T08:02:32.967+0000] {dag.py:3239} INFO - Sync 1 DAGs
[2025-06-27T08:02:33.020+0000] {logging_mixin.py:190} INFO - [2025-06-27T08:02:33.019+0000] {dag.py:4180} INFO - Setting next_dagrun for example_branch_labels to 2025-06-26 00:00:00+00:00, run_after=2025-06-27 00:00:00+00:00
[2025-06-27T08:02:33.056+0000] {processor.py:208} INFO - Processing /home/airflow/.local/lib/python3.12/site-packages/airflow/example_dags/example_branch_labels.py took 0.166 seconds
[2025-06-27T08:03:03.284+0000] {processor.py:186} INFO - Started process (PID=429) to work on /home/airflow/.local/lib/python3.12/site-packages/airflow/example_dags/example_branch_labels.py
[2025-06-27T08:03:03.286+0000] {processor.py:914} INFO - Processing file /home/airflow/.local/lib/python3.12/site-packages/airflow/example_dags/example_branch_labels.py for tasks to queue
[2025-06-27T08:03:03.293+0000] {logging_mixin.py:190} INFO - [2025-06-27T08:03:03.292+0000] {dagbag.py:588} INFO - Filling up the DagBag from /home/airflow/.local/lib/python3.12/site-packages/airflow/example_dags/example_branch_labels.py
[2025-06-27T08:03:03.318+0000] {processor.py:925} INFO - DAG(s) 'example_branch_labels' retrieved from /home/airflow/.local/lib/python3.12/site-packages/airflow/example_dags/example_branch_labels.py
[2025-06-27T08:03:03.386+0000] {logging_mixin.py:190} INFO - [2025-06-27T08:03:03.385+0000] {dag.py:3239} INFO - Sync 1 DAGs
[2025-06-27T08:03:03.435+0000] {logging_mixin.py:190} INFO - [2025-06-27T08:03:03.435+0000] {dag.py:4180} INFO - Setting next_dagrun for example_branch_labels to 2025-06-26 00:00:00+00:00, run_after=2025-06-27 00:00:00+00:00
[2025-06-27T08:03:03.470+0000] {processor.py:208} INFO - Processing /home/airflow/.local/lib/python3.12/site-packages/airflow/example_dags/example_branch_labels.py took 0.200 seconds
[2025-06-27T08:03:33.682+0000] {processor.py:186} INFO - Started process (PID=492) to work on /home/airflow/.local/lib/python3.12/site-packages/airflow/example_dags/example_branch_labels.py
[2025-06-27T08:03:33.684+0000] {processor.py:914} INFO - Processing file /home/airflow/.local/lib/python3.12/site-packages/airflow/example_dags/example_branch_labels.py for tasks to queue
[2025-06-27T08:03:33.689+0000] {logging_mixin.py:190} INFO - [2025-06-27T08:03:33.689+0000] {dagbag.py:588} INFO - Filling up the DagBag from /home/airflow/.local/lib/python3.12/site-packages/airflow/example_dags/example_branch_labels.py
[2025-06-27T08:03:33.712+0000] {processor.py:925} INFO - DAG(s) 'example_branch_labels' retrieved from /home/airflow/.local/lib/python3.12/site-packages/airflow/example_dags/example_branch_labels.py
[2025-06-27T08:03:33.759+0000] {logging_mixin.py:190} INFO - [2025-06-27T08:03:33.759+0000] {dag.py:3239} INFO - Sync 1 DAGs
[2025-06-27T08:03:33.802+0000] {logging_mixin.py:190} INFO - [2025-06-27T08:03:33.802+0000] {dag.py:4180} INFO - Setting next_dagrun for example_branch_labels to 2025-06-26 00:00:00+00:00, run_after=2025-06-27 00:00:00+00:00
[2025-06-27T08:03:33.838+0000] {processor.py:208} INFO - Processing /home/airflow/.local/lib/python3.12/site-packages/airflow/example_dags/example_branch_labels.py took 0.171 seconds
[2025-06-27T08:04:04.009+0000] {processor.py:186} INFO - Started process (PID=555) to work on /home/airflow/.local/lib/python3.12/site-packages/airflow/example_dags/example_branch_labels.py
[2025-06-27T08:04:04.011+0000] {processor.py:914} INFO - Processing file /home/airflow/.local/lib/python3.12/site-packages/airflow/example_dags/example_branch_labels.py for tasks to queue
[2025-06-27T08:04:04.017+0000] {logging_mixin.py:190} INFO - [2025-06-27T08:04:04.016+0000] {dagbag.py:588} INFO - Filling up the DagBag from /home/airflow/.local/lib/python3.12/site-packages/airflow/example_dags/example_branch_labels.py
[2025-06-27T08:04:04.038+0000] {processor.py:925} INFO - DAG(s) 'example_branch_labels' retrieved from /home/airflow/.local/lib/python3.12/site-packages/airflow/example_dags/example_branch_labels.py
[2025-06-27T08:04:04.095+0000] {logging_mixin.py:190} INFO - [2025-06-27T08:04:04.094+0000] {dag.py:3239} INFO - Sync 1 DAGs
[2025-06-27T08:04:04.162+0000] {logging_mixin.py:190} INFO - [2025-06-27T08:04:04.161+0000] {dag.py:4180} INFO - Setting next_dagrun for example_branch_labels to 2025-06-26 00:00:00+00:00, run_after=2025-06-27 00:00:00+00:00
[2025-06-27T08:04:04.208+0000] {processor.py:208} INFO - Processing /home/airflow/.local/lib/python3.12/site-packages/airflow/example_dags/example_branch_labels.py took 0.210 seconds
[2025-06-27T08:04:34.612+0000] {processor.py:186} INFO - Started process (PID=618) to work on /home/airflow/.local/lib/python3.12/site-packages/airflow/example_dags/example_branch_labels.py
[2025-06-27T08:04:34.615+0000] {processor.py:914} INFO - Processing file /home/airflow/.local/lib/python3.12/site-packages/airflow/example_dags/example_branch_labels.py for tasks to queue
[2025-06-27T08:04:34.622+0000] {logging_mixin.py:190} INFO - [2025-06-27T08:04:34.621+0000] {dagbag.py:588} INFO - Filling up the DagBag from /home/airflow/.local/lib/python3.12/site-packages/airflow/example_dags/example_branch_labels.py
[2025-06-27T08:04:34.670+0000] {processor.py:925} INFO - DAG(s) 'example_branch_labels' retrieved from /home/airflow/.local/lib/python3.12/site-packages/airflow/example_dags/example_branch_labels.py
[2025-06-27T08:04:34.724+0000] {logging_mixin.py:190} INFO - [2025-06-27T08:04:34.723+0000] {dag.py:3239} INFO - Sync 1 DAGs
[2025-06-27T08:04:34.813+0000] {logging_mixin.py:190} INFO - [2025-06-27T08:04:34.812+0000] {dag.py:4180} INFO - Setting next_dagrun for example_branch_labels to 2025-06-26 00:00:00+00:00, run_after=2025-06-27 00:00:00+00:00
[2025-06-27T08:04:34.872+0000] {processor.py:208} INFO - Processing /home/airflow/.local/lib/python3.12/site-packages/airflow/example_dags/example_branch_labels.py took 0.275 seconds
[2025-06-27T08:05:05.045+0000] {processor.py:186} INFO - Started process (PID=681) to work on /home/airflow/.local/lib/python3.12/site-packages/airflow/example_dags/example_branch_labels.py
[2025-06-27T08:05:05.049+0000] {processor.py:914} INFO - Processing file /home/airflow/.local/lib/python3.12/site-packages/airflow/example_dags/example_branch_labels.py for tasks to queue
[2025-06-27T08:05:05.058+0000] {logging_mixin.py:190} INFO - [2025-06-27T08:05:05.057+0000] {dagbag.py:588} INFO - Filling up the DagBag from /home/airflow/.local/lib/python3.12/site-packages/airflow/example_dags/example_branch_labels.py
[2025-06-27T08:05:05.104+0000] {processor.py:925} INFO - DAG(s) 'example_branch_labels' retrieved from /home/airflow/.local/lib/python3.12/site-packages/airflow/example_dags/example_branch_labels.py
[2025-06-27T08:05:05.201+0000] {logging_mixin.py:190} INFO - [2025-06-27T08:05:05.199+0000] {dag.py:3239} INFO - Sync 1 DAGs
[2025-06-27T08:05:05.279+0000] {logging_mixin.py:190} INFO - [2025-06-27T08:05:05.279+0000] {dag.py:4180} INFO - Setting next_dagrun for example_branch_labels to 2025-06-26 00:00:00+00:00, run_after=2025-06-27 00:00:00+00:00
[2025-06-27T08:05:05.345+0000] {processor.py:208} INFO - Processing /home/airflow/.local/lib/python3.12/site-packages/airflow/example_dags/example_branch_labels.py took 0.322 seconds
[2025-06-27T08:05:37.414+0000] {processor.py:186} INFO - Started process (PID=743) to work on /home/airflow/.local/lib/python3.12/site-packages/airflow/example_dags/example_branch_labels.py
[2025-06-27T08:05:37.423+0000] {processor.py:914} INFO - Processing file /home/airflow/.local/lib/python3.12/site-packages/airflow/example_dags/example_branch_labels.py for tasks to queue
[2025-06-27T08:05:37.438+0000] {logging_mixin.py:190} INFO - [2025-06-27T08:05:37.435+0000] {dagbag.py:588} INFO - Filling up the DagBag from /home/airflow/.local/lib/python3.12/site-packages/airflow/example_dags/example_branch_labels.py
[2025-06-27T08:05:37.502+0000] {processor.py:925} INFO - DAG(s) 'example_branch_labels' retrieved from /home/airflow/.local/lib/python3.12/site-packages/airflow/example_dags/example_branch_labels.py
[2025-06-27T08:05:37.673+0000] {logging_mixin.py:190} INFO - [2025-06-27T08:05:37.671+0000] {dag.py:3239} INFO - Sync 1 DAGs
[2025-06-27T08:05:37.869+0000] {logging_mixin.py:190} INFO - [2025-06-27T08:05:37.863+0000] {dag.py:4180} INFO - Setting next_dagrun for example_branch_labels to 2025-06-26 00:00:00+00:00, run_after=2025-06-27 00:00:00+00:00
[2025-06-27T08:05:37.997+0000] {processor.py:208} INFO - Processing /home/airflow/.local/lib/python3.12/site-packages/airflow/example_dags/example_branch_labels.py took 0.630 seconds
[2025-06-27T08:06:08.973+0000] {processor.py:186} INFO - Started process (PID=806) to work on /home/airflow/.local/lib/python3.12/site-packages/airflow/example_dags/example_branch_labels.py
[2025-06-27T08:06:08.979+0000] {processor.py:914} INFO - Processing file /home/airflow/.local/lib/python3.12/site-packages/airflow/example_dags/example_branch_labels.py for tasks to queue
[2025-06-27T08:06:08.995+0000] {logging_mixin.py:190} INFO - [2025-06-27T08:06:08.994+0000] {dagbag.py:588} INFO - Filling up the DagBag from /home/airflow/.local/lib/python3.12/site-packages/airflow/example_dags/example_branch_labels.py
[2025-06-27T08:06:09.033+0000] {processor.py:925} INFO - DAG(s) 'example_branch_labels' retrieved from /home/airflow/.local/lib/python3.12/site-packages/airflow/example_dags/example_branch_labels.py
[2025-06-27T08:06:09.125+0000] {logging_mixin.py:190} INFO - [2025-06-27T08:06:09.124+0000] {dag.py:3239} INFO - Sync 1 DAGs
[2025-06-27T08:06:09.219+0000] {logging_mixin.py:190} INFO - [2025-06-27T08:06:09.218+0000] {dag.py:4180} INFO - Setting next_dagrun for example_branch_labels to 2025-06-26 00:00:00+00:00, run_after=2025-06-27 00:00:00+00:00
[2025-06-27T08:06:09.299+0000] {processor.py:208} INFO - Processing /home/airflow/.local/lib/python3.12/site-packages/airflow/example_dags/example_branch_labels.py took 0.346 seconds
