[2025-06-27T07:37:25.942+0000] {processor.py:186} INFO - Started process (PID=183) to work on /home/airflow/.local/lib/python3.12/site-packages/airflow/example_dags/example_complex.py
[2025-06-27T07:37:25.946+0000] {processor.py:914} INFO - Processing file /home/airflow/.local/lib/python3.12/site-packages/airflow/example_dags/example_complex.py for tasks to queue
[2025-06-27T07:37:25.956+0000] {logging_mixin.py:190} INFO - [2025-06-27T07:37:25.954+0000] {dagbag.py:588} INFO - Filling up the DagBag from /home/airflow/.local/lib/python3.12/site-packages/airflow/example_dags/example_complex.py
[2025-06-27T07:37:26.052+0000] {processor.py:925} INFO - DAG(s) 'example_complex' retrieved from /home/airflow/.local/lib/python3.12/site-packages/airflow/example_dags/example_complex.py
[2025-06-27T07:37:27.023+0000] {logging_mixin.py:190} INFO - [2025-06-27T07:37:27.021+0000] {override.py:1900} INFO - Created Permission View: can read on DAG:example_complex
[2025-06-27T07:37:27.094+0000] {logging_mixin.py:190} INFO - [2025-06-27T07:37:27.093+0000] {override.py:1900} INFO - Created Permission View: can edit on DAG:example_complex
[2025-06-27T07:37:27.156+0000] {logging_mixin.py:190} INFO - [2025-06-27T07:37:27.152+0000] {override.py:1900} INFO - Created Permission View: can delete on DAG:example_complex
[2025-06-27T07:37:27.305+0000] {logging_mixin.py:190} INFO - [2025-06-27T07:37:27.303+0000] {override.py:1900} INFO - Created Permission View: can read on DAG Run:example_complex
[2025-06-27T07:37:27.413+0000] {logging_mixin.py:190} INFO - [2025-06-27T07:37:27.412+0000] {override.py:1900} INFO - Created Permission View: can create on DAG Run:example_complex
[2025-06-27T07:37:27.480+0000] {logging_mixin.py:190} INFO - [2025-06-27T07:37:27.478+0000] {override.py:1900} INFO - Created Permission View: can delete on DAG Run:example_complex
[2025-06-27T07:37:27.539+0000] {logging_mixin.py:190} INFO - [2025-06-27T07:37:27.537+0000] {override.py:1900} INFO - Created Permission View: menu access on DAG Run:example_complex
[2025-06-27T07:37:27.542+0000] {logging_mixin.py:190} INFO - [2025-06-27T07:37:27.541+0000] {dag.py:3239} INFO - Sync 1 DAGs
[2025-06-27T07:37:27.688+0000] {logging_mixin.py:190} INFO - [2025-06-27T07:37:27.688+0000] {dag.py:3262} INFO - Creating ORM DAG for example_complex
[2025-06-27T07:37:27.694+0000] {logging_mixin.py:190} INFO - [2025-06-27T07:37:27.693+0000] {dag.py:4180} INFO - Setting next_dagrun for example_complex to None, run_after=None
[2025-06-27T07:37:27.817+0000] {processor.py:208} INFO - Processing /home/airflow/.local/lib/python3.12/site-packages/airflow/example_dags/example_complex.py took 1.908 seconds
[2025-06-27T07:38:00.648+0000] {processor.py:186} INFO - Started process (PID=246) to work on /home/airflow/.local/lib/python3.12/site-packages/airflow/example_dags/example_complex.py
[2025-06-27T07:38:00.671+0000] {processor.py:914} INFO - Processing file /home/airflow/.local/lib/python3.12/site-packages/airflow/example_dags/example_complex.py for tasks to queue
[2025-06-27T07:38:00.769+0000] {logging_mixin.py:190} INFO - [2025-06-27T07:38:00.756+0000] {dagbag.py:588} INFO - Filling up the DagBag from /home/airflow/.local/lib/python3.12/site-packages/airflow/example_dags/example_complex.py
[2025-06-27T07:38:01.105+0000] {processor.py:925} INFO - DAG(s) 'example_complex' retrieved from /home/airflow/.local/lib/python3.12/site-packages/airflow/example_dags/example_complex.py
[2025-06-27T07:38:01.914+0000] {logging_mixin.py:190} INFO - [2025-06-27T07:38:01.902+0000] {dag.py:3239} INFO - Sync 1 DAGs
[2025-06-27T07:38:02.873+0000] {logging_mixin.py:190} INFO - [2025-06-27T07:38:02.872+0000] {dag.py:4180} INFO - Setting next_dagrun for example_complex to None, run_after=None
[2025-06-27T07:38:03.400+0000] {processor.py:208} INFO - Processing /home/airflow/.local/lib/python3.12/site-packages/airflow/example_dags/example_complex.py took 2.899 seconds
[2025-06-27T07:38:34.209+0000] {processor.py:186} INFO - Started process (PID=313) to work on /home/airflow/.local/lib/python3.12/site-packages/airflow/example_dags/example_complex.py
[2025-06-27T07:38:34.213+0000] {processor.py:914} INFO - Processing file /home/airflow/.local/lib/python3.12/site-packages/airflow/example_dags/example_complex.py for tasks to queue
[2025-06-27T07:38:34.223+0000] {logging_mixin.py:190} INFO - [2025-06-27T07:38:34.220+0000] {dagbag.py:588} INFO - Filling up the DagBag from /home/airflow/.local/lib/python3.12/site-packages/airflow/example_dags/example_complex.py
[2025-06-27T07:38:34.325+0000] {processor.py:925} INFO - DAG(s) 'example_complex' retrieved from /home/airflow/.local/lib/python3.12/site-packages/airflow/example_dags/example_complex.py
[2025-06-27T07:38:34.489+0000] {logging_mixin.py:190} INFO - [2025-06-27T07:38:34.488+0000] {dag.py:3239} INFO - Sync 1 DAGs
[2025-06-27T07:38:34.550+0000] {logging_mixin.py:190} INFO - [2025-06-27T07:38:34.550+0000] {dag.py:4180} INFO - Setting next_dagrun for example_complex to None, run_after=None
[2025-06-27T07:38:34.620+0000] {processor.py:208} INFO - Processing /home/airflow/.local/lib/python3.12/site-packages/airflow/example_dags/example_complex.py took 0.435 seconds
[2025-06-27T07:39:15.543+0000] {processor.py:186} INFO - Started process (PID=378) to work on /home/airflow/.local/lib/python3.12/site-packages/airflow/example_dags/example_complex.py
[2025-06-27T07:39:15.552+0000] {processor.py:914} INFO - Processing file /home/airflow/.local/lib/python3.12/site-packages/airflow/example_dags/example_complex.py for tasks to queue
[2025-06-27T07:39:15.577+0000] {logging_mixin.py:190} INFO - [2025-06-27T07:39:15.569+0000] {dagbag.py:588} INFO - Filling up the DagBag from /home/airflow/.local/lib/python3.12/site-packages/airflow/example_dags/example_complex.py
[2025-06-27T07:39:15.781+0000] {processor.py:925} INFO - DAG(s) 'example_complex' retrieved from /home/airflow/.local/lib/python3.12/site-packages/airflow/example_dags/example_complex.py
[2025-06-27T07:39:16.379+0000] {logging_mixin.py:190} INFO - [2025-06-27T07:39:16.378+0000] {dag.py:3239} INFO - Sync 1 DAGs
[2025-06-27T07:39:16.666+0000] {logging_mixin.py:190} INFO - [2025-06-27T07:39:16.651+0000] {dag.py:4180} INFO - Setting next_dagrun for example_complex to None, run_after=None
[2025-06-27T07:39:17.014+0000] {processor.py:208} INFO - Processing /home/airflow/.local/lib/python3.12/site-packages/airflow/example_dags/example_complex.py took 1.540 seconds
[2025-06-27T07:39:57.520+0000] {processor.py:186} INFO - Started process (PID=446) to work on /home/airflow/.local/lib/python3.12/site-packages/airflow/example_dags/example_complex.py
[2025-06-27T07:39:57.525+0000] {processor.py:914} INFO - Processing file /home/airflow/.local/lib/python3.12/site-packages/airflow/example_dags/example_complex.py for tasks to queue
[2025-06-27T07:39:57.538+0000] {logging_mixin.py:190} INFO - [2025-06-27T07:39:57.537+0000] {dagbag.py:588} INFO - Filling up the DagBag from /home/airflow/.local/lib/python3.12/site-packages/airflow/example_dags/example_complex.py
[2025-06-27T07:39:57.601+0000] {processor.py:925} INFO - DAG(s) 'example_complex' retrieved from /home/airflow/.local/lib/python3.12/site-packages/airflow/example_dags/example_complex.py
[2025-06-27T07:39:57.753+0000] {logging_mixin.py:190} INFO - [2025-06-27T07:39:57.752+0000] {dag.py:3239} INFO - Sync 1 DAGs
[2025-06-27T07:39:57.927+0000] {logging_mixin.py:190} INFO - [2025-06-27T07:39:57.926+0000] {dag.py:4180} INFO - Setting next_dagrun for example_complex to None, run_after=None
[2025-06-27T07:39:58.046+0000] {processor.py:208} INFO - Processing /home/airflow/.local/lib/python3.12/site-packages/airflow/example_dags/example_complex.py took 0.558 seconds
[2025-06-27T07:40:29.309+0000] {processor.py:186} INFO - Started process (PID=509) to work on /home/airflow/.local/lib/python3.12/site-packages/airflow/example_dags/example_complex.py
[2025-06-27T07:40:29.313+0000] {processor.py:914} INFO - Processing file /home/airflow/.local/lib/python3.12/site-packages/airflow/example_dags/example_complex.py for tasks to queue
[2025-06-27T07:40:29.322+0000] {logging_mixin.py:190} INFO - [2025-06-27T07:40:29.321+0000] {dagbag.py:588} INFO - Filling up the DagBag from /home/airflow/.local/lib/python3.12/site-packages/airflow/example_dags/example_complex.py
[2025-06-27T07:40:29.380+0000] {processor.py:925} INFO - DAG(s) 'example_complex' retrieved from /home/airflow/.local/lib/python3.12/site-packages/airflow/example_dags/example_complex.py
[2025-06-27T07:40:29.526+0000] {logging_mixin.py:190} INFO - [2025-06-27T07:40:29.525+0000] {dag.py:3239} INFO - Sync 1 DAGs
[2025-06-27T07:40:29.593+0000] {logging_mixin.py:190} INFO - [2025-06-27T07:40:29.592+0000] {dag.py:4180} INFO - Setting next_dagrun for example_complex to None, run_after=None
[2025-06-27T07:40:29.671+0000] {processor.py:208} INFO - Processing /home/airflow/.local/lib/python3.12/site-packages/airflow/example_dags/example_complex.py took 0.389 seconds
[2025-06-27T07:41:00.298+0000] {processor.py:186} INFO - Started process (PID=571) to work on /home/airflow/.local/lib/python3.12/site-packages/airflow/example_dags/example_complex.py
[2025-06-27T07:41:00.302+0000] {processor.py:914} INFO - Processing file /home/airflow/.local/lib/python3.12/site-packages/airflow/example_dags/example_complex.py for tasks to queue
[2025-06-27T07:41:00.310+0000] {logging_mixin.py:190} INFO - [2025-06-27T07:41:00.309+0000] {dagbag.py:588} INFO - Filling up the DagBag from /home/airflow/.local/lib/python3.12/site-packages/airflow/example_dags/example_complex.py
[2025-06-27T07:41:00.351+0000] {processor.py:925} INFO - DAG(s) 'example_complex' retrieved from /home/airflow/.local/lib/python3.12/site-packages/airflow/example_dags/example_complex.py
[2025-06-27T07:41:00.463+0000] {logging_mixin.py:190} INFO - [2025-06-27T07:41:00.462+0000] {dag.py:3239} INFO - Sync 1 DAGs
[2025-06-27T07:41:00.515+0000] {logging_mixin.py:190} INFO - [2025-06-27T07:41:00.514+0000] {dag.py:4180} INFO - Setting next_dagrun for example_complex to None, run_after=None
[2025-06-27T07:41:00.580+0000] {processor.py:208} INFO - Processing /home/airflow/.local/lib/python3.12/site-packages/airflow/example_dags/example_complex.py took 0.303 seconds
[2025-06-27T07:41:42.316+0000] {processor.py:186} INFO - Started process (PID=651) to work on /home/airflow/.local/lib/python3.12/site-packages/airflow/example_dags/example_complex.py
[2025-06-27T07:41:42.320+0000] {processor.py:914} INFO - Processing file /home/airflow/.local/lib/python3.12/site-packages/airflow/example_dags/example_complex.py for tasks to queue
[2025-06-27T07:41:42.331+0000] {logging_mixin.py:190} INFO - [2025-06-27T07:41:42.327+0000] {dagbag.py:588} INFO - Filling up the DagBag from /home/airflow/.local/lib/python3.12/site-packages/airflow/example_dags/example_complex.py
[2025-06-27T07:41:42.385+0000] {processor.py:925} INFO - DAG(s) 'example_complex' retrieved from /home/airflow/.local/lib/python3.12/site-packages/airflow/example_dags/example_complex.py
[2025-06-27T07:41:42.492+0000] {logging_mixin.py:190} INFO - [2025-06-27T07:41:42.491+0000] {dag.py:3239} INFO - Sync 1 DAGs
[2025-06-27T07:41:42.543+0000] {logging_mixin.py:190} INFO - [2025-06-27T07:41:42.542+0000] {dag.py:4180} INFO - Setting next_dagrun for example_complex to None, run_after=None
[2025-06-27T07:41:42.689+0000] {processor.py:208} INFO - Processing /home/airflow/.local/lib/python3.12/site-packages/airflow/example_dags/example_complex.py took 0.398 seconds
[2025-06-27T07:42:43.254+0000] {processor.py:186} INFO - Started process (PID=726) to work on /home/airflow/.local/lib/python3.12/site-packages/airflow/example_dags/example_complex.py
[2025-06-27T07:42:43.260+0000] {processor.py:914} INFO - Processing file /home/airflow/.local/lib/python3.12/site-packages/airflow/example_dags/example_complex.py for tasks to queue
[2025-06-27T07:42:43.274+0000] {logging_mixin.py:190} INFO - [2025-06-27T07:42:43.272+0000] {dagbag.py:588} INFO - Filling up the DagBag from /home/airflow/.local/lib/python3.12/site-packages/airflow/example_dags/example_complex.py
[2025-06-27T07:42:43.380+0000] {processor.py:925} INFO - DAG(s) 'example_complex' retrieved from /home/airflow/.local/lib/python3.12/site-packages/airflow/example_dags/example_complex.py
[2025-06-27T07:42:43.590+0000] {logging_mixin.py:190} INFO - [2025-06-27T07:42:43.589+0000] {dag.py:3239} INFO - Sync 1 DAGs
[2025-06-27T07:42:43.691+0000] {logging_mixin.py:190} INFO - [2025-06-27T07:42:43.691+0000] {dag.py:4180} INFO - Setting next_dagrun for example_complex to None, run_after=None
[2025-06-27T07:42:43.793+0000] {processor.py:208} INFO - Processing /home/airflow/.local/lib/python3.12/site-packages/airflow/example_dags/example_complex.py took 0.594 seconds
[2025-06-27T07:43:14.884+0000] {processor.py:186} INFO - Started process (PID=789) to work on /home/airflow/.local/lib/python3.12/site-packages/airflow/example_dags/example_complex.py
[2025-06-27T07:43:14.936+0000] {processor.py:914} INFO - Processing file /home/airflow/.local/lib/python3.12/site-packages/airflow/example_dags/example_complex.py for tasks to queue
[2025-06-27T07:43:15.013+0000] {logging_mixin.py:190} INFO - [2025-06-27T07:43:15.011+0000] {dagbag.py:588} INFO - Filling up the DagBag from /home/airflow/.local/lib/python3.12/site-packages/airflow/example_dags/example_complex.py
[2025-06-27T07:43:15.202+0000] {processor.py:925} INFO - DAG(s) 'example_complex' retrieved from /home/airflow/.local/lib/python3.12/site-packages/airflow/example_dags/example_complex.py
[2025-06-27T07:43:15.539+0000] {logging_mixin.py:190} INFO - [2025-06-27T07:43:15.538+0000] {dag.py:3239} INFO - Sync 1 DAGs
[2025-06-27T07:43:15.687+0000] {logging_mixin.py:190} INFO - [2025-06-27T07:43:15.686+0000] {dag.py:4180} INFO - Setting next_dagrun for example_complex to None, run_after=None
[2025-06-27T07:43:16.003+0000] {processor.py:208} INFO - Processing /home/airflow/.local/lib/python3.12/site-packages/airflow/example_dags/example_complex.py took 1.196 seconds
[2025-06-27T07:43:47.291+0000] {processor.py:186} INFO - Started process (PID=852) to work on /home/airflow/.local/lib/python3.12/site-packages/airflow/example_dags/example_complex.py
[2025-06-27T07:43:47.294+0000] {processor.py:914} INFO - Processing file /home/airflow/.local/lib/python3.12/site-packages/airflow/example_dags/example_complex.py for tasks to queue
[2025-06-27T07:43:47.300+0000] {logging_mixin.py:190} INFO - [2025-06-27T07:43:47.299+0000] {dagbag.py:588} INFO - Filling up the DagBag from /home/airflow/.local/lib/python3.12/site-packages/airflow/example_dags/example_complex.py
[2025-06-27T07:43:47.327+0000] {processor.py:925} INFO - DAG(s) 'example_complex' retrieved from /home/airflow/.local/lib/python3.12/site-packages/airflow/example_dags/example_complex.py
[2025-06-27T07:43:47.405+0000] {logging_mixin.py:190} INFO - [2025-06-27T07:43:47.405+0000] {dag.py:3239} INFO - Sync 1 DAGs
[2025-06-27T07:43:47.436+0000] {logging_mixin.py:190} INFO - [2025-06-27T07:43:47.435+0000] {dag.py:4180} INFO - Setting next_dagrun for example_complex to None, run_after=None
[2025-06-27T07:43:47.475+0000] {processor.py:208} INFO - Processing /home/airflow/.local/lib/python3.12/site-packages/airflow/example_dags/example_complex.py took 0.200 seconds
[2025-06-27T07:44:18.036+0000] {processor.py:186} INFO - Started process (PID=916) to work on /home/airflow/.local/lib/python3.12/site-packages/airflow/example_dags/example_complex.py
[2025-06-27T07:44:18.038+0000] {processor.py:914} INFO - Processing file /home/airflow/.local/lib/python3.12/site-packages/airflow/example_dags/example_complex.py for tasks to queue
[2025-06-27T07:44:18.043+0000] {logging_mixin.py:190} INFO - [2025-06-27T07:44:18.042+0000] {dagbag.py:588} INFO - Filling up the DagBag from /home/airflow/.local/lib/python3.12/site-packages/airflow/example_dags/example_complex.py
[2025-06-27T07:44:18.068+0000] {processor.py:925} INFO - DAG(s) 'example_complex' retrieved from /home/airflow/.local/lib/python3.12/site-packages/airflow/example_dags/example_complex.py
[2025-06-27T07:44:18.156+0000] {logging_mixin.py:190} INFO - [2025-06-27T07:44:18.155+0000] {dag.py:3239} INFO - Sync 1 DAGs
[2025-06-27T07:44:18.187+0000] {logging_mixin.py:190} INFO - [2025-06-27T07:44:18.187+0000] {dag.py:4180} INFO - Setting next_dagrun for example_complex to None, run_after=None
[2025-06-27T07:44:18.223+0000] {processor.py:208} INFO - Processing /home/airflow/.local/lib/python3.12/site-packages/airflow/example_dags/example_complex.py took 0.201 seconds
[2025-06-27T07:44:48.745+0000] {processor.py:186} INFO - Started process (PID=980) to work on /home/airflow/.local/lib/python3.12/site-packages/airflow/example_dags/example_complex.py
[2025-06-27T07:44:48.749+0000] {processor.py:914} INFO - Processing file /home/airflow/.local/lib/python3.12/site-packages/airflow/example_dags/example_complex.py for tasks to queue
[2025-06-27T07:44:48.755+0000] {logging_mixin.py:190} INFO - [2025-06-27T07:44:48.754+0000] {dagbag.py:588} INFO - Filling up the DagBag from /home/airflow/.local/lib/python3.12/site-packages/airflow/example_dags/example_complex.py
[2025-06-27T07:44:48.793+0000] {processor.py:925} INFO - DAG(s) 'example_complex' retrieved from /home/airflow/.local/lib/python3.12/site-packages/airflow/example_dags/example_complex.py
[2025-06-27T07:44:48.862+0000] {logging_mixin.py:190} INFO - [2025-06-27T07:44:48.861+0000] {dag.py:3239} INFO - Sync 1 DAGs
[2025-06-27T07:44:48.893+0000] {logging_mixin.py:190} INFO - [2025-06-27T07:44:48.892+0000] {dag.py:4180} INFO - Setting next_dagrun for example_complex to None, run_after=None
[2025-06-27T07:44:48.933+0000] {processor.py:208} INFO - Processing /home/airflow/.local/lib/python3.12/site-packages/airflow/example_dags/example_complex.py took 0.205 seconds
[2025-06-27T07:45:19.305+0000] {processor.py:186} INFO - Started process (PID=1042) to work on /home/airflow/.local/lib/python3.12/site-packages/airflow/example_dags/example_complex.py
[2025-06-27T07:45:19.307+0000] {processor.py:914} INFO - Processing file /home/airflow/.local/lib/python3.12/site-packages/airflow/example_dags/example_complex.py for tasks to queue
[2025-06-27T07:45:19.313+0000] {logging_mixin.py:190} INFO - [2025-06-27T07:45:19.312+0000] {dagbag.py:588} INFO - Filling up the DagBag from /home/airflow/.local/lib/python3.12/site-packages/airflow/example_dags/example_complex.py
[2025-06-27T07:45:19.345+0000] {processor.py:925} INFO - DAG(s) 'example_complex' retrieved from /home/airflow/.local/lib/python3.12/site-packages/airflow/example_dags/example_complex.py
[2025-06-27T07:45:19.453+0000] {logging_mixin.py:190} INFO - [2025-06-27T07:45:19.452+0000] {dag.py:3239} INFO - Sync 1 DAGs
[2025-06-27T07:45:19.501+0000] {logging_mixin.py:190} INFO - [2025-06-27T07:45:19.500+0000] {dag.py:4180} INFO - Setting next_dagrun for example_complex to None, run_after=None
[2025-06-27T07:45:19.556+0000] {processor.py:208} INFO - Processing /home/airflow/.local/lib/python3.12/site-packages/airflow/example_dags/example_complex.py took 0.261 seconds
[2025-06-27T07:45:50.360+0000] {processor.py:186} INFO - Started process (PID=1106) to work on /home/airflow/.local/lib/python3.12/site-packages/airflow/example_dags/example_complex.py
[2025-06-27T07:45:50.371+0000] {processor.py:914} INFO - Processing file /home/airflow/.local/lib/python3.12/site-packages/airflow/example_dags/example_complex.py for tasks to queue
[2025-06-27T07:45:50.381+0000] {logging_mixin.py:190} INFO - [2025-06-27T07:45:50.380+0000] {dagbag.py:588} INFO - Filling up the DagBag from /home/airflow/.local/lib/python3.12/site-packages/airflow/example_dags/example_complex.py
[2025-06-27T07:45:50.461+0000] {processor.py:925} INFO - DAG(s) 'example_complex' retrieved from /home/airflow/.local/lib/python3.12/site-packages/airflow/example_dags/example_complex.py
[2025-06-27T07:45:50.571+0000] {logging_mixin.py:190} INFO - [2025-06-27T07:45:50.570+0000] {dag.py:3239} INFO - Sync 1 DAGs
[2025-06-27T07:45:50.623+0000] {logging_mixin.py:190} INFO - [2025-06-27T07:45:50.622+0000] {dag.py:4180} INFO - Setting next_dagrun for example_complex to None, run_after=None
[2025-06-27T07:45:50.736+0000] {processor.py:208} INFO - Processing /home/airflow/.local/lib/python3.12/site-packages/airflow/example_dags/example_complex.py took 0.401 seconds
[2025-06-27T07:46:21.893+0000] {processor.py:186} INFO - Started process (PID=1170) to work on /home/airflow/.local/lib/python3.12/site-packages/airflow/example_dags/example_complex.py
[2025-06-27T07:46:21.895+0000] {processor.py:914} INFO - Processing file /home/airflow/.local/lib/python3.12/site-packages/airflow/example_dags/example_complex.py for tasks to queue
[2025-06-27T07:46:21.900+0000] {logging_mixin.py:190} INFO - [2025-06-27T07:46:21.899+0000] {dagbag.py:588} INFO - Filling up the DagBag from /home/airflow/.local/lib/python3.12/site-packages/airflow/example_dags/example_complex.py
[2025-06-27T07:46:21.926+0000] {processor.py:925} INFO - DAG(s) 'example_complex' retrieved from /home/airflow/.local/lib/python3.12/site-packages/airflow/example_dags/example_complex.py
[2025-06-27T07:46:21.993+0000] {logging_mixin.py:190} INFO - [2025-06-27T07:46:21.992+0000] {dag.py:3239} INFO - Sync 1 DAGs
[2025-06-27T07:46:22.026+0000] {logging_mixin.py:190} INFO - [2025-06-27T07:46:22.025+0000] {dag.py:4180} INFO - Setting next_dagrun for example_complex to None, run_after=None
[2025-06-27T07:46:22.093+0000] {processor.py:208} INFO - Processing /home/airflow/.local/lib/python3.12/site-packages/airflow/example_dags/example_complex.py took 0.211 seconds
[2025-06-27T07:46:52.381+0000] {processor.py:186} INFO - Started process (PID=1232) to work on /home/airflow/.local/lib/python3.12/site-packages/airflow/example_dags/example_complex.py
[2025-06-27T07:46:52.390+0000] {processor.py:914} INFO - Processing file /home/airflow/.local/lib/python3.12/site-packages/airflow/example_dags/example_complex.py for tasks to queue
[2025-06-27T07:46:52.400+0000] {logging_mixin.py:190} INFO - [2025-06-27T07:46:52.397+0000] {dagbag.py:588} INFO - Filling up the DagBag from /home/airflow/.local/lib/python3.12/site-packages/airflow/example_dags/example_complex.py
[2025-06-27T07:46:52.448+0000] {processor.py:925} INFO - DAG(s) 'example_complex' retrieved from /home/airflow/.local/lib/python3.12/site-packages/airflow/example_dags/example_complex.py
[2025-06-27T07:46:52.520+0000] {logging_mixin.py:190} INFO - [2025-06-27T07:46:52.519+0000] {dag.py:3239} INFO - Sync 1 DAGs
[2025-06-27T07:46:52.550+0000] {logging_mixin.py:190} INFO - [2025-06-27T07:46:52.549+0000] {dag.py:4180} INFO - Setting next_dagrun for example_complex to None, run_after=None
[2025-06-27T07:46:52.595+0000] {processor.py:208} INFO - Processing /home/airflow/.local/lib/python3.12/site-packages/airflow/example_dags/example_complex.py took 0.237 seconds
[2025-06-27T07:47:22.821+0000] {processor.py:186} INFO - Started process (PID=1295) to work on /home/airflow/.local/lib/python3.12/site-packages/airflow/example_dags/example_complex.py
[2025-06-27T07:47:22.823+0000] {processor.py:914} INFO - Processing file /home/airflow/.local/lib/python3.12/site-packages/airflow/example_dags/example_complex.py for tasks to queue
[2025-06-27T07:47:22.828+0000] {logging_mixin.py:190} INFO - [2025-06-27T07:47:22.827+0000] {dagbag.py:588} INFO - Filling up the DagBag from /home/airflow/.local/lib/python3.12/site-packages/airflow/example_dags/example_complex.py
[2025-06-27T07:47:22.858+0000] {processor.py:925} INFO - DAG(s) 'example_complex' retrieved from /home/airflow/.local/lib/python3.12/site-packages/airflow/example_dags/example_complex.py
[2025-06-27T07:47:22.922+0000] {logging_mixin.py:190} INFO - [2025-06-27T07:47:22.921+0000] {dag.py:3239} INFO - Sync 1 DAGs
[2025-06-27T07:47:22.973+0000] {logging_mixin.py:190} INFO - [2025-06-27T07:47:22.973+0000] {dag.py:4180} INFO - Setting next_dagrun for example_complex to None, run_after=None
[2025-06-27T07:47:23.014+0000] {processor.py:208} INFO - Processing /home/airflow/.local/lib/python3.12/site-packages/airflow/example_dags/example_complex.py took 0.204 seconds
[2025-06-27T07:47:53.571+0000] {processor.py:186} INFO - Started process (PID=1359) to work on /home/airflow/.local/lib/python3.12/site-packages/airflow/example_dags/example_complex.py
[2025-06-27T07:47:53.573+0000] {processor.py:914} INFO - Processing file /home/airflow/.local/lib/python3.12/site-packages/airflow/example_dags/example_complex.py for tasks to queue
[2025-06-27T07:47:53.578+0000] {logging_mixin.py:190} INFO - [2025-06-27T07:47:53.577+0000] {dagbag.py:588} INFO - Filling up the DagBag from /home/airflow/.local/lib/python3.12/site-packages/airflow/example_dags/example_complex.py
[2025-06-27T07:47:53.601+0000] {processor.py:925} INFO - DAG(s) 'example_complex' retrieved from /home/airflow/.local/lib/python3.12/site-packages/airflow/example_dags/example_complex.py
[2025-06-27T07:47:53.654+0000] {logging_mixin.py:190} INFO - [2025-06-27T07:47:53.653+0000] {dag.py:3239} INFO - Sync 1 DAGs
[2025-06-27T07:47:53.679+0000] {logging_mixin.py:190} INFO - [2025-06-27T07:47:53.679+0000] {dag.py:4180} INFO - Setting next_dagrun for example_complex to None, run_after=None
[2025-06-27T07:47:53.716+0000] {processor.py:208} INFO - Processing /home/airflow/.local/lib/python3.12/site-packages/airflow/example_dags/example_complex.py took 0.155 seconds
[2025-06-27T07:48:24.131+0000] {processor.py:186} INFO - Started process (PID=1422) to work on /home/airflow/.local/lib/python3.12/site-packages/airflow/example_dags/example_complex.py
[2025-06-27T07:48:24.134+0000] {processor.py:914} INFO - Processing file /home/airflow/.local/lib/python3.12/site-packages/airflow/example_dags/example_complex.py for tasks to queue
[2025-06-27T07:48:24.142+0000] {logging_mixin.py:190} INFO - [2025-06-27T07:48:24.141+0000] {dagbag.py:588} INFO - Filling up the DagBag from /home/airflow/.local/lib/python3.12/site-packages/airflow/example_dags/example_complex.py
[2025-06-27T07:48:24.178+0000] {processor.py:925} INFO - DAG(s) 'example_complex' retrieved from /home/airflow/.local/lib/python3.12/site-packages/airflow/example_dags/example_complex.py
[2025-06-27T07:48:24.288+0000] {logging_mixin.py:190} INFO - [2025-06-27T07:48:24.287+0000] {dag.py:3239} INFO - Sync 1 DAGs
[2025-06-27T07:48:24.329+0000] {logging_mixin.py:190} INFO - [2025-06-27T07:48:24.328+0000] {dag.py:4180} INFO - Setting next_dagrun for example_complex to None, run_after=None
[2025-06-27T07:48:24.398+0000] {processor.py:208} INFO - Processing /home/airflow/.local/lib/python3.12/site-packages/airflow/example_dags/example_complex.py took 0.284 seconds
[2025-06-27T07:48:54.951+0000] {processor.py:186} INFO - Started process (PID=1485) to work on /home/airflow/.local/lib/python3.12/site-packages/airflow/example_dags/example_complex.py
[2025-06-27T07:48:54.953+0000] {processor.py:914} INFO - Processing file /home/airflow/.local/lib/python3.12/site-packages/airflow/example_dags/example_complex.py for tasks to queue
[2025-06-27T07:48:54.961+0000] {logging_mixin.py:190} INFO - [2025-06-27T07:48:54.959+0000] {dagbag.py:588} INFO - Filling up the DagBag from /home/airflow/.local/lib/python3.12/site-packages/airflow/example_dags/example_complex.py
[2025-06-27T07:48:54.998+0000] {processor.py:925} INFO - DAG(s) 'example_complex' retrieved from /home/airflow/.local/lib/python3.12/site-packages/airflow/example_dags/example_complex.py
[2025-06-27T07:48:55.092+0000] {logging_mixin.py:190} INFO - [2025-06-27T07:48:55.091+0000] {dag.py:3239} INFO - Sync 1 DAGs
[2025-06-27T07:48:55.129+0000] {logging_mixin.py:190} INFO - [2025-06-27T07:48:55.128+0000] {dag.py:4180} INFO - Setting next_dagrun for example_complex to None, run_after=None
[2025-06-27T07:48:55.180+0000] {processor.py:208} INFO - Processing /home/airflow/.local/lib/python3.12/site-packages/airflow/example_dags/example_complex.py took 0.247 seconds
[2025-06-27T07:52:33.594+0000] {processor.py:186} INFO - Started process (PID=132) to work on /home/airflow/.local/lib/python3.12/site-packages/airflow/example_dags/example_complex.py
[2025-06-27T07:52:33.600+0000] {processor.py:914} INFO - Processing file /home/airflow/.local/lib/python3.12/site-packages/airflow/example_dags/example_complex.py for tasks to queue
[2025-06-27T07:52:33.616+0000] {logging_mixin.py:190} INFO - [2025-06-27T07:52:33.612+0000] {dagbag.py:588} INFO - Filling up the DagBag from /home/airflow/.local/lib/python3.12/site-packages/airflow/example_dags/example_complex.py
[2025-06-27T07:52:33.711+0000] {processor.py:925} INFO - DAG(s) 'example_complex' retrieved from /home/airflow/.local/lib/python3.12/site-packages/airflow/example_dags/example_complex.py
[2025-06-27T07:52:34.123+0000] {logging_mixin.py:190} INFO - [2025-06-27T07:52:34.122+0000] {dag.py:3239} INFO - Sync 1 DAGs
[2025-06-27T07:52:34.263+0000] {logging_mixin.py:190} INFO - [2025-06-27T07:52:34.262+0000] {dag.py:4180} INFO - Setting next_dagrun for example_complex to None, run_after=None
[2025-06-27T07:52:34.400+0000] {processor.py:208} INFO - Processing /home/airflow/.local/lib/python3.12/site-packages/airflow/example_dags/example_complex.py took 0.848 seconds
[2025-06-27T07:53:05.090+0000] {processor.py:186} INFO - Started process (PID=195) to work on /home/airflow/.local/lib/python3.12/site-packages/airflow/example_dags/example_complex.py
[2025-06-27T07:53:05.099+0000] {processor.py:914} INFO - Processing file /home/airflow/.local/lib/python3.12/site-packages/airflow/example_dags/example_complex.py for tasks to queue
[2025-06-27T07:53:05.109+0000] {logging_mixin.py:190} INFO - [2025-06-27T07:53:05.108+0000] {dagbag.py:588} INFO - Filling up the DagBag from /home/airflow/.local/lib/python3.12/site-packages/airflow/example_dags/example_complex.py
[2025-06-27T07:53:05.176+0000] {processor.py:925} INFO - DAG(s) 'example_complex' retrieved from /home/airflow/.local/lib/python3.12/site-packages/airflow/example_dags/example_complex.py
[2025-06-27T07:53:05.341+0000] {logging_mixin.py:190} INFO - [2025-06-27T07:53:05.340+0000] {dag.py:3239} INFO - Sync 1 DAGs
[2025-06-27T07:53:05.409+0000] {logging_mixin.py:190} INFO - [2025-06-27T07:53:05.408+0000] {dag.py:4180} INFO - Setting next_dagrun for example_complex to None, run_after=None
[2025-06-27T07:53:05.463+0000] {processor.py:208} INFO - Processing /home/airflow/.local/lib/python3.12/site-packages/airflow/example_dags/example_complex.py took 0.412 seconds
[2025-06-27T07:53:36.336+0000] {processor.py:186} INFO - Started process (PID=258) to work on /home/airflow/.local/lib/python3.12/site-packages/airflow/example_dags/example_complex.py
[2025-06-27T07:53:36.344+0000] {processor.py:914} INFO - Processing file /home/airflow/.local/lib/python3.12/site-packages/airflow/example_dags/example_complex.py for tasks to queue
[2025-06-27T07:53:36.359+0000] {logging_mixin.py:190} INFO - [2025-06-27T07:53:36.356+0000] {dagbag.py:588} INFO - Filling up the DagBag from /home/airflow/.local/lib/python3.12/site-packages/airflow/example_dags/example_complex.py
[2025-06-27T07:53:36.455+0000] {processor.py:925} INFO - DAG(s) 'example_complex' retrieved from /home/airflow/.local/lib/python3.12/site-packages/airflow/example_dags/example_complex.py
[2025-06-27T07:53:36.732+0000] {logging_mixin.py:190} INFO - [2025-06-27T07:53:36.731+0000] {dag.py:3239} INFO - Sync 1 DAGs
[2025-06-27T07:53:36.848+0000] {logging_mixin.py:190} INFO - [2025-06-27T07:53:36.847+0000] {dag.py:4180} INFO - Setting next_dagrun for example_complex to None, run_after=None
[2025-06-27T07:53:36.979+0000] {processor.py:208} INFO - Processing /home/airflow/.local/lib/python3.12/site-packages/airflow/example_dags/example_complex.py took 0.684 seconds
[2025-06-27T07:54:07.260+0000] {processor.py:186} INFO - Started process (PID=322) to work on /home/airflow/.local/lib/python3.12/site-packages/airflow/example_dags/example_complex.py
[2025-06-27T07:54:07.264+0000] {processor.py:914} INFO - Processing file /home/airflow/.local/lib/python3.12/site-packages/airflow/example_dags/example_complex.py for tasks to queue
[2025-06-27T07:54:07.273+0000] {logging_mixin.py:190} INFO - [2025-06-27T07:54:07.272+0000] {dagbag.py:588} INFO - Filling up the DagBag from /home/airflow/.local/lib/python3.12/site-packages/airflow/example_dags/example_complex.py
[2025-06-27T07:54:07.324+0000] {processor.py:925} INFO - DAG(s) 'example_complex' retrieved from /home/airflow/.local/lib/python3.12/site-packages/airflow/example_dags/example_complex.py
[2025-06-27T07:54:07.451+0000] {logging_mixin.py:190} INFO - [2025-06-27T07:54:07.451+0000] {dag.py:3239} INFO - Sync 1 DAGs
[2025-06-27T07:54:07.498+0000] {logging_mixin.py:190} INFO - [2025-06-27T07:54:07.497+0000] {dag.py:4180} INFO - Setting next_dagrun for example_complex to None, run_after=None
[2025-06-27T07:54:07.547+0000] {processor.py:208} INFO - Processing /home/airflow/.local/lib/python3.12/site-packages/airflow/example_dags/example_complex.py took 0.308 seconds
[2025-06-27T07:54:38.052+0000] {processor.py:186} INFO - Started process (PID=384) to work on /home/airflow/.local/lib/python3.12/site-packages/airflow/example_dags/example_complex.py
[2025-06-27T07:54:38.055+0000] {processor.py:914} INFO - Processing file /home/airflow/.local/lib/python3.12/site-packages/airflow/example_dags/example_complex.py for tasks to queue
[2025-06-27T07:54:38.061+0000] {logging_mixin.py:190} INFO - [2025-06-27T07:54:38.060+0000] {dagbag.py:588} INFO - Filling up the DagBag from /home/airflow/.local/lib/python3.12/site-packages/airflow/example_dags/example_complex.py
[2025-06-27T07:54:38.085+0000] {processor.py:925} INFO - DAG(s) 'example_complex' retrieved from /home/airflow/.local/lib/python3.12/site-packages/airflow/example_dags/example_complex.py
[2025-06-27T07:54:38.210+0000] {logging_mixin.py:190} INFO - [2025-06-27T07:54:38.209+0000] {dag.py:3239} INFO - Sync 1 DAGs
[2025-06-27T07:54:38.260+0000] {logging_mixin.py:190} INFO - [2025-06-27T07:54:38.259+0000] {dag.py:4180} INFO - Setting next_dagrun for example_complex to None, run_after=None
[2025-06-27T07:54:38.297+0000] {processor.py:208} INFO - Processing /home/airflow/.local/lib/python3.12/site-packages/airflow/example_dags/example_complex.py took 0.258 seconds
[2025-06-27T07:55:08.668+0000] {processor.py:186} INFO - Started process (PID=448) to work on /home/airflow/.local/lib/python3.12/site-packages/airflow/example_dags/example_complex.py
[2025-06-27T07:55:08.673+0000] {processor.py:914} INFO - Processing file /home/airflow/.local/lib/python3.12/site-packages/airflow/example_dags/example_complex.py for tasks to queue
[2025-06-27T07:55:08.682+0000] {logging_mixin.py:190} INFO - [2025-06-27T07:55:08.680+0000] {dagbag.py:588} INFO - Filling up the DagBag from /home/airflow/.local/lib/python3.12/site-packages/airflow/example_dags/example_complex.py
[2025-06-27T07:55:08.743+0000] {processor.py:925} INFO - DAG(s) 'example_complex' retrieved from /home/airflow/.local/lib/python3.12/site-packages/airflow/example_dags/example_complex.py
[2025-06-27T07:55:08.822+0000] {logging_mixin.py:190} INFO - [2025-06-27T07:55:08.822+0000] {dag.py:3239} INFO - Sync 1 DAGs
[2025-06-27T07:55:08.860+0000] {logging_mixin.py:190} INFO - [2025-06-27T07:55:08.860+0000] {dag.py:4180} INFO - Setting next_dagrun for example_complex to None, run_after=None
[2025-06-27T07:55:08.913+0000] {processor.py:208} INFO - Processing /home/airflow/.local/lib/python3.12/site-packages/airflow/example_dags/example_complex.py took 0.278 seconds
[2025-06-27T07:59:59.450+0000] {processor.py:186} INFO - Started process (PID=124) to work on /home/airflow/.local/lib/python3.12/site-packages/airflow/example_dags/example_complex.py
[2025-06-27T07:59:59.455+0000] {processor.py:914} INFO - Processing file /home/airflow/.local/lib/python3.12/site-packages/airflow/example_dags/example_complex.py for tasks to queue
[2025-06-27T07:59:59.464+0000] {logging_mixin.py:190} INFO - [2025-06-27T07:59:59.463+0000] {dagbag.py:588} INFO - Filling up the DagBag from /home/airflow/.local/lib/python3.12/site-packages/airflow/example_dags/example_complex.py
[2025-06-27T07:59:59.536+0000] {processor.py:925} INFO - DAG(s) 'example_complex' retrieved from /home/airflow/.local/lib/python3.12/site-packages/airflow/example_dags/example_complex.py
[2025-06-27T07:59:59.708+0000] {logging_mixin.py:190} INFO - [2025-06-27T07:59:59.707+0000] {dag.py:3239} INFO - Sync 1 DAGs
[2025-06-27T07:59:59.789+0000] {logging_mixin.py:190} INFO - [2025-06-27T07:59:59.789+0000] {dag.py:4180} INFO - Setting next_dagrun for example_complex to None, run_after=None
[2025-06-27T07:59:59.866+0000] {processor.py:208} INFO - Processing /home/airflow/.local/lib/python3.12/site-packages/airflow/example_dags/example_complex.py took 0.435 seconds
[2025-06-27T08:01:09.033+0000] {processor.py:186} INFO - Started process (PID=207) to work on /home/airflow/.local/lib/python3.12/site-packages/airflow/example_dags/example_complex.py
[2025-06-27T08:01:09.038+0000] {processor.py:914} INFO - Processing file /home/airflow/.local/lib/python3.12/site-packages/airflow/example_dags/example_complex.py for tasks to queue
[2025-06-27T08:01:09.049+0000] {logging_mixin.py:190} INFO - [2025-06-27T08:01:09.048+0000] {dagbag.py:588} INFO - Filling up the DagBag from /home/airflow/.local/lib/python3.12/site-packages/airflow/example_dags/example_complex.py
[2025-06-27T08:01:09.122+0000] {processor.py:925} INFO - DAG(s) 'example_complex' retrieved from /home/airflow/.local/lib/python3.12/site-packages/airflow/example_dags/example_complex.py
[2025-06-27T08:01:09.272+0000] {logging_mixin.py:190} INFO - [2025-06-27T08:01:09.271+0000] {dag.py:3239} INFO - Sync 1 DAGs
[2025-06-27T08:01:09.312+0000] {logging_mixin.py:190} INFO - [2025-06-27T08:01:09.311+0000] {dag.py:4180} INFO - Setting next_dagrun for example_complex to None, run_after=None
[2025-06-27T08:01:09.369+0000] {processor.py:208} INFO - Processing /home/airflow/.local/lib/python3.12/site-packages/airflow/example_dags/example_complex.py took 0.356 seconds
[2025-06-27T08:01:40.084+0000] {processor.py:186} INFO - Started process (PID=269) to work on /home/airflow/.local/lib/python3.12/site-packages/airflow/example_dags/example_complex.py
[2025-06-27T08:01:40.086+0000] {processor.py:914} INFO - Processing file /home/airflow/.local/lib/python3.12/site-packages/airflow/example_dags/example_complex.py for tasks to queue
[2025-06-27T08:01:40.092+0000] {logging_mixin.py:190} INFO - [2025-06-27T08:01:40.091+0000] {dagbag.py:588} INFO - Filling up the DagBag from /home/airflow/.local/lib/python3.12/site-packages/airflow/example_dags/example_complex.py
[2025-06-27T08:01:40.120+0000] {processor.py:925} INFO - DAG(s) 'example_complex' retrieved from /home/airflow/.local/lib/python3.12/site-packages/airflow/example_dags/example_complex.py
[2025-06-27T08:01:40.196+0000] {logging_mixin.py:190} INFO - [2025-06-27T08:01:40.195+0000] {dag.py:3239} INFO - Sync 1 DAGs
[2025-06-27T08:01:40.228+0000] {logging_mixin.py:190} INFO - [2025-06-27T08:01:40.227+0000] {dag.py:4180} INFO - Setting next_dagrun for example_complex to None, run_after=None
[2025-06-27T08:01:40.271+0000] {processor.py:208} INFO - Processing /home/airflow/.local/lib/python3.12/site-packages/airflow/example_dags/example_complex.py took 0.202 seconds
[2025-06-27T08:02:10.462+0000] {processor.py:186} INFO - Started process (PID=333) to work on /home/airflow/.local/lib/python3.12/site-packages/airflow/example_dags/example_complex.py
[2025-06-27T08:02:10.465+0000] {processor.py:914} INFO - Processing file /home/airflow/.local/lib/python3.12/site-packages/airflow/example_dags/example_complex.py for tasks to queue
[2025-06-27T08:02:10.469+0000] {logging_mixin.py:190} INFO - [2025-06-27T08:02:10.468+0000] {dagbag.py:588} INFO - Filling up the DagBag from /home/airflow/.local/lib/python3.12/site-packages/airflow/example_dags/example_complex.py
[2025-06-27T08:02:10.490+0000] {processor.py:925} INFO - DAG(s) 'example_complex' retrieved from /home/airflow/.local/lib/python3.12/site-packages/airflow/example_dags/example_complex.py
[2025-06-27T08:02:10.553+0000] {logging_mixin.py:190} INFO - [2025-06-27T08:02:10.552+0000] {dag.py:3239} INFO - Sync 1 DAGs
[2025-06-27T08:02:10.580+0000] {logging_mixin.py:190} INFO - [2025-06-27T08:02:10.579+0000] {dag.py:4180} INFO - Setting next_dagrun for example_complex to None, run_after=None
[2025-06-27T08:02:10.613+0000] {processor.py:208} INFO - Processing /home/airflow/.local/lib/python3.12/site-packages/airflow/example_dags/example_complex.py took 0.162 seconds
[2025-06-27T08:02:41.039+0000] {processor.py:186} INFO - Started process (PID=395) to work on /home/airflow/.local/lib/python3.12/site-packages/airflow/example_dags/example_complex.py
[2025-06-27T08:02:41.042+0000] {processor.py:914} INFO - Processing file /home/airflow/.local/lib/python3.12/site-packages/airflow/example_dags/example_complex.py for tasks to queue
[2025-06-27T08:02:41.047+0000] {logging_mixin.py:190} INFO - [2025-06-27T08:02:41.046+0000] {dagbag.py:588} INFO - Filling up the DagBag from /home/airflow/.local/lib/python3.12/site-packages/airflow/example_dags/example_complex.py
[2025-06-27T08:02:41.078+0000] {processor.py:925} INFO - DAG(s) 'example_complex' retrieved from /home/airflow/.local/lib/python3.12/site-packages/airflow/example_dags/example_complex.py
[2025-06-27T08:02:41.150+0000] {logging_mixin.py:190} INFO - [2025-06-27T08:02:41.149+0000] {dag.py:3239} INFO - Sync 1 DAGs
[2025-06-27T08:02:41.179+0000] {logging_mixin.py:190} INFO - [2025-06-27T08:02:41.178+0000] {dag.py:4180} INFO - Setting next_dagrun for example_complex to None, run_after=None
[2025-06-27T08:02:41.218+0000] {processor.py:208} INFO - Processing /home/airflow/.local/lib/python3.12/site-packages/airflow/example_dags/example_complex.py took 0.191 seconds
[2025-06-27T08:03:11.312+0000] {processor.py:186} INFO - Started process (PID=457) to work on /home/airflow/.local/lib/python3.12/site-packages/airflow/example_dags/example_complex.py
[2025-06-27T08:03:11.314+0000] {processor.py:914} INFO - Processing file /home/airflow/.local/lib/python3.12/site-packages/airflow/example_dags/example_complex.py for tasks to queue
[2025-06-27T08:03:11.319+0000] {logging_mixin.py:190} INFO - [2025-06-27T08:03:11.318+0000] {dagbag.py:588} INFO - Filling up the DagBag from /home/airflow/.local/lib/python3.12/site-packages/airflow/example_dags/example_complex.py
[2025-06-27T08:03:11.337+0000] {processor.py:925} INFO - DAG(s) 'example_complex' retrieved from /home/airflow/.local/lib/python3.12/site-packages/airflow/example_dags/example_complex.py
[2025-06-27T08:03:11.379+0000] {logging_mixin.py:190} INFO - [2025-06-27T08:03:11.379+0000] {dag.py:3239} INFO - Sync 1 DAGs
[2025-06-27T08:03:11.400+0000] {logging_mixin.py:190} INFO - [2025-06-27T08:03:11.400+0000] {dag.py:4180} INFO - Setting next_dagrun for example_complex to None, run_after=None
[2025-06-27T08:03:11.428+0000] {processor.py:208} INFO - Processing /home/airflow/.local/lib/python3.12/site-packages/airflow/example_dags/example_complex.py took 0.128 seconds
[2025-06-27T08:03:41.856+0000] {processor.py:186} INFO - Started process (PID=520) to work on /home/airflow/.local/lib/python3.12/site-packages/airflow/example_dags/example_complex.py
[2025-06-27T08:03:41.859+0000] {processor.py:914} INFO - Processing file /home/airflow/.local/lib/python3.12/site-packages/airflow/example_dags/example_complex.py for tasks to queue
[2025-06-27T08:03:41.865+0000] {logging_mixin.py:190} INFO - [2025-06-27T08:03:41.865+0000] {dagbag.py:588} INFO - Filling up the DagBag from /home/airflow/.local/lib/python3.12/site-packages/airflow/example_dags/example_complex.py
[2025-06-27T08:03:41.889+0000] {processor.py:925} INFO - DAG(s) 'example_complex' retrieved from /home/airflow/.local/lib/python3.12/site-packages/airflow/example_dags/example_complex.py
[2025-06-27T08:03:41.957+0000] {logging_mixin.py:190} INFO - [2025-06-27T08:03:41.957+0000] {dag.py:3239} INFO - Sync 1 DAGs
[2025-06-27T08:03:41.986+0000] {logging_mixin.py:190} INFO - [2025-06-27T08:03:41.986+0000] {dag.py:4180} INFO - Setting next_dagrun for example_complex to None, run_after=None
[2025-06-27T08:03:42.019+0000] {processor.py:208} INFO - Processing /home/airflow/.local/lib/python3.12/site-packages/airflow/example_dags/example_complex.py took 0.176 seconds
[2025-06-27T08:04:14.543+0000] {processor.py:186} INFO - Started process (PID=584) to work on /home/airflow/.local/lib/python3.12/site-packages/airflow/example_dags/example_complex.py
[2025-06-27T08:04:14.546+0000] {processor.py:914} INFO - Processing file /home/airflow/.local/lib/python3.12/site-packages/airflow/example_dags/example_complex.py for tasks to queue
[2025-06-27T08:04:14.555+0000] {logging_mixin.py:190} INFO - [2025-06-27T08:04:14.554+0000] {dagbag.py:588} INFO - Filling up the DagBag from /home/airflow/.local/lib/python3.12/site-packages/airflow/example_dags/example_complex.py
[2025-06-27T08:04:14.595+0000] {processor.py:925} INFO - DAG(s) 'example_complex' retrieved from /home/airflow/.local/lib/python3.12/site-packages/airflow/example_dags/example_complex.py
[2025-06-27T08:04:14.685+0000] {logging_mixin.py:190} INFO - [2025-06-27T08:04:14.684+0000] {dag.py:3239} INFO - Sync 1 DAGs
[2025-06-27T08:04:14.728+0000] {logging_mixin.py:190} INFO - [2025-06-27T08:04:14.727+0000] {dag.py:4180} INFO - Setting next_dagrun for example_complex to None, run_after=None
[2025-06-27T08:04:14.773+0000] {processor.py:208} INFO - Processing /home/airflow/.local/lib/python3.12/site-packages/airflow/example_dags/example_complex.py took 0.248 seconds
[2025-06-27T08:04:44.966+0000] {processor.py:186} INFO - Started process (PID=647) to work on /home/airflow/.local/lib/python3.12/site-packages/airflow/example_dags/example_complex.py
[2025-06-27T08:04:44.968+0000] {processor.py:914} INFO - Processing file /home/airflow/.local/lib/python3.12/site-packages/airflow/example_dags/example_complex.py for tasks to queue
[2025-06-27T08:04:44.974+0000] {logging_mixin.py:190} INFO - [2025-06-27T08:04:44.974+0000] {dagbag.py:588} INFO - Filling up the DagBag from /home/airflow/.local/lib/python3.12/site-packages/airflow/example_dags/example_complex.py
[2025-06-27T08:04:45.008+0000] {processor.py:925} INFO - DAG(s) 'example_complex' retrieved from /home/airflow/.local/lib/python3.12/site-packages/airflow/example_dags/example_complex.py
[2025-06-27T08:04:45.071+0000] {logging_mixin.py:190} INFO - [2025-06-27T08:04:45.070+0000] {dag.py:3239} INFO - Sync 1 DAGs
[2025-06-27T08:04:45.099+0000] {logging_mixin.py:190} INFO - [2025-06-27T08:04:45.098+0000] {dag.py:4180} INFO - Setting next_dagrun for example_complex to None, run_after=None
[2025-06-27T08:04:45.139+0000] {processor.py:208} INFO - Processing /home/airflow/.local/lib/python3.12/site-packages/airflow/example_dags/example_complex.py took 0.189 seconds
[2025-06-27T08:05:29.908+0000] {processor.py:186} INFO - Started process (PID=725) to work on /home/airflow/.local/lib/python3.12/site-packages/airflow/example_dags/example_complex.py
[2025-06-27T08:05:29.916+0000] {processor.py:914} INFO - Processing file /home/airflow/.local/lib/python3.12/site-packages/airflow/example_dags/example_complex.py for tasks to queue
[2025-06-27T08:05:29.926+0000] {logging_mixin.py:190} INFO - [2025-06-27T08:05:29.925+0000] {dagbag.py:588} INFO - Filling up the DagBag from /home/airflow/.local/lib/python3.12/site-packages/airflow/example_dags/example_complex.py
[2025-06-27T08:05:29.985+0000] {processor.py:925} INFO - DAG(s) 'example_complex' retrieved from /home/airflow/.local/lib/python3.12/site-packages/airflow/example_dags/example_complex.py
[2025-06-27T08:05:30.106+0000] {logging_mixin.py:190} INFO - [2025-06-27T08:05:30.105+0000] {dag.py:3239} INFO - Sync 1 DAGs
[2025-06-27T08:05:30.173+0000] {logging_mixin.py:190} INFO - [2025-06-27T08:05:30.172+0000] {dag.py:4180} INFO - Setting next_dagrun for example_complex to None, run_after=None
[2025-06-27T08:05:30.244+0000] {processor.py:208} INFO - Processing /home/airflow/.local/lib/python3.12/site-packages/airflow/example_dags/example_complex.py took 0.361 seconds
[2025-06-27T08:06:06.447+0000] {processor.py:186} INFO - Started process (PID=790) to work on /home/airflow/.local/lib/python3.12/site-packages/airflow/example_dags/example_complex.py
[2025-06-27T08:06:06.449+0000] {processor.py:914} INFO - Processing file /home/airflow/.local/lib/python3.12/site-packages/airflow/example_dags/example_complex.py for tasks to queue
[2025-06-27T08:06:06.454+0000] {logging_mixin.py:190} INFO - [2025-06-27T08:06:06.453+0000] {dagbag.py:588} INFO - Filling up the DagBag from /home/airflow/.local/lib/python3.12/site-packages/airflow/example_dags/example_complex.py
[2025-06-27T08:06:06.476+0000] {processor.py:925} INFO - DAG(s) 'example_complex' retrieved from /home/airflow/.local/lib/python3.12/site-packages/airflow/example_dags/example_complex.py
[2025-06-27T08:06:06.530+0000] {logging_mixin.py:190} INFO - [2025-06-27T08:06:06.529+0000] {dag.py:3239} INFO - Sync 1 DAGs
[2025-06-27T08:06:06.559+0000] {logging_mixin.py:190} INFO - [2025-06-27T08:06:06.558+0000] {dag.py:4180} INFO - Setting next_dagrun for example_complex to None, run_after=None
[2025-06-27T08:06:06.597+0000] {processor.py:208} INFO - Processing /home/airflow/.local/lib/python3.12/site-packages/airflow/example_dags/example_complex.py took 0.160 seconds
