[2025-06-27T07:36:03.926+0000] {processor.py:186} INFO - Started process (PID=128) to work on /home/airflow/.local/lib/python3.12/site-packages/airflow/example_dags/example_workday_timetable.py
[2025-06-27T07:36:04.063+0000] {processor.py:914} INFO - Processing file /home/airflow/.local/lib/python3.12/site-packages/airflow/example_dags/example_workday_timetable.py for tasks to queue
[2025-06-27T07:36:04.389+0000] {logging_mixin.py:190} INFO - [2025-06-27T07:36:04.270+0000] {dagbag.py:588} INFO - Filling up the DagBag from /home/airflow/.local/lib/python3.12/site-packages/airflow/example_dags/example_workday_timetable.py
[2025-06-27T07:36:06.069+0000] {processor.py:925} INFO - DAG(s) 'example_workday_timetable' retrieved from /home/airflow/.local/lib/python3.12/site-packages/airflow/example_dags/example_workday_timetable.py
[2025-06-27T07:36:10.154+0000] {logging_mixin.py:190} INFO - [2025-06-27T07:36:10.142+0000] {override.py:1900} INFO - Created Permission View: can read on DAG:example_workday_timetable
[2025-06-27T07:36:10.375+0000] {logging_mixin.py:190} INFO - [2025-06-27T07:36:10.374+0000] {override.py:1900} INFO - Created Permission View: can edit on DAG:example_workday_timetable
[2025-06-27T07:36:10.457+0000] {logging_mixin.py:190} INFO - [2025-06-27T07:36:10.445+0000] {override.py:1900} INFO - Created Permission View: can delete on DAG:example_workday_timetable
[2025-06-27T07:36:10.701+0000] {logging_mixin.py:190} INFO - [2025-06-27T07:36:10.699+0000] {override.py:1900} INFO - Created Permission View: can read on DAG Run:example_workday_timetable
[2025-06-27T07:36:10.920+0000] {logging_mixin.py:190} INFO - [2025-06-27T07:36:10.919+0000] {override.py:1900} INFO - Created Permission View: can create on DAG Run:example_workday_timetable
[2025-06-27T07:36:11.006+0000] {logging_mixin.py:190} INFO - [2025-06-27T07:36:11.005+0000] {override.py:1900} INFO - Created Permission View: can delete on DAG Run:example_workday_timetable
[2025-06-27T07:36:11.141+0000] {logging_mixin.py:190} INFO - [2025-06-27T07:36:11.140+0000] {override.py:1900} INFO - Created Permission View: menu access on DAG Run:example_workday_timetable
[2025-06-27T07:36:11.160+0000] {logging_mixin.py:190} INFO - [2025-06-27T07:36:11.159+0000] {dag.py:3239} INFO - Sync 1 DAGs
[2025-06-27T07:36:11.740+0000] {logging_mixin.py:190} INFO - [2025-06-27T07:36:11.739+0000] {dag.py:3262} INFO - Creating ORM DAG for example_workday_timetable
[2025-06-27T07:36:21.909+0000] {logging_mixin.py:190} INFO - [2025-06-27T07:36:21.905+0000] {dag.py:4180} INFO - Setting next_dagrun for example_workday_timetable to 2021-01-04 00:00:00+00:00, run_after=2021-01-05 00:00:00+00:00
[2025-06-27T07:36:22.554+0000] {processor.py:208} INFO - Processing /home/airflow/.local/lib/python3.12/site-packages/airflow/example_dags/example_workday_timetable.py took 19.342 seconds
[2025-06-27T07:37:32.038+0000] {processor.py:186} INFO - Started process (PID=203) to work on /home/airflow/.local/lib/python3.12/site-packages/airflow/example_dags/example_workday_timetable.py
[2025-06-27T07:37:32.058+0000] {processor.py:914} INFO - Processing file /home/airflow/.local/lib/python3.12/site-packages/airflow/example_dags/example_workday_timetable.py for tasks to queue
[2025-06-27T07:37:32.106+0000] {logging_mixin.py:190} INFO - [2025-06-27T07:37:32.094+0000] {dagbag.py:588} INFO - Filling up the DagBag from /home/airflow/.local/lib/python3.12/site-packages/airflow/example_dags/example_workday_timetable.py
[2025-06-27T07:37:32.181+0000] {processor.py:925} INFO - DAG(s) 'example_workday_timetable' retrieved from /home/airflow/.local/lib/python3.12/site-packages/airflow/example_dags/example_workday_timetable.py
[2025-06-27T07:37:32.345+0000] {logging_mixin.py:190} INFO - [2025-06-27T07:37:32.344+0000] {dag.py:3239} INFO - Sync 1 DAGs
[2025-06-27T07:37:32.707+0000] {logging_mixin.py:190} INFO - [2025-06-27T07:37:32.706+0000] {dag.py:4180} INFO - Setting next_dagrun for example_workday_timetable to 2021-01-04 00:00:00+00:00, run_after=2021-01-05 00:00:00+00:00
[2025-06-27T07:37:32.787+0000] {processor.py:208} INFO - Processing /home/airflow/.local/lib/python3.12/site-packages/airflow/example_dags/example_workday_timetable.py took 0.812 seconds
[2025-06-27T07:38:14.600+0000] {processor.py:186} INFO - Started process (PID=265) to work on /home/airflow/.local/lib/python3.12/site-packages/airflow/example_dags/example_workday_timetable.py
[2025-06-27T07:38:14.625+0000] {processor.py:914} INFO - Processing file /home/airflow/.local/lib/python3.12/site-packages/airflow/example_dags/example_workday_timetable.py for tasks to queue
[2025-06-27T07:38:14.678+0000] {logging_mixin.py:190} INFO - [2025-06-27T07:38:14.667+0000] {dagbag.py:588} INFO - Filling up the DagBag from /home/airflow/.local/lib/python3.12/site-packages/airflow/example_dags/example_workday_timetable.py
[2025-06-27T07:38:14.733+0000] {processor.py:925} INFO - DAG(s) 'example_workday_timetable' retrieved from /home/airflow/.local/lib/python3.12/site-packages/airflow/example_dags/example_workday_timetable.py
[2025-06-27T07:38:14.920+0000] {logging_mixin.py:190} INFO - [2025-06-27T07:38:14.919+0000] {dag.py:3239} INFO - Sync 1 DAGs
[2025-06-27T07:38:15.742+0000] {logging_mixin.py:190} INFO - [2025-06-27T07:38:15.741+0000] {dag.py:4180} INFO - Setting next_dagrun for example_workday_timetable to 2021-01-04 00:00:00+00:00, run_after=2021-01-05 00:00:00+00:00
[2025-06-27T07:38:16.235+0000] {processor.py:208} INFO - Processing /home/airflow/.local/lib/python3.12/site-packages/airflow/example_dags/example_workday_timetable.py took 1.751 seconds
[2025-06-27T07:38:47.037+0000] {processor.py:186} INFO - Started process (PID=327) to work on /home/airflow/.local/lib/python3.12/site-packages/airflow/example_dags/example_workday_timetable.py
[2025-06-27T07:38:47.043+0000] {processor.py:914} INFO - Processing file /home/airflow/.local/lib/python3.12/site-packages/airflow/example_dags/example_workday_timetable.py for tasks to queue
[2025-06-27T07:38:47.058+0000] {logging_mixin.py:190} INFO - [2025-06-27T07:38:47.055+0000] {dagbag.py:588} INFO - Filling up the DagBag from /home/airflow/.local/lib/python3.12/site-packages/airflow/example_dags/example_workday_timetable.py
[2025-06-27T07:38:47.107+0000] {processor.py:925} INFO - DAG(s) 'example_workday_timetable' retrieved from /home/airflow/.local/lib/python3.12/site-packages/airflow/example_dags/example_workday_timetable.py
[2025-06-27T07:38:47.252+0000] {logging_mixin.py:190} INFO - [2025-06-27T07:38:47.251+0000] {dag.py:3239} INFO - Sync 1 DAGs
[2025-06-27T07:38:47.784+0000] {logging_mixin.py:190} INFO - [2025-06-27T07:38:47.781+0000] {dag.py:4180} INFO - Setting next_dagrun for example_workday_timetable to 2021-01-04 00:00:00+00:00, run_after=2021-01-05 00:00:00+00:00
[2025-06-27T07:38:47.879+0000] {processor.py:208} INFO - Processing /home/airflow/.local/lib/python3.12/site-packages/airflow/example_dags/example_workday_timetable.py took 0.900 seconds
[2025-06-27T07:39:26.029+0000] {processor.py:186} INFO - Started process (PID=390) to work on /home/airflow/.local/lib/python3.12/site-packages/airflow/example_dags/example_workday_timetable.py
[2025-06-27T07:39:26.033+0000] {processor.py:914} INFO - Processing file /home/airflow/.local/lib/python3.12/site-packages/airflow/example_dags/example_workday_timetable.py for tasks to queue
[2025-06-27T07:39:26.066+0000] {logging_mixin.py:190} INFO - [2025-06-27T07:39:26.064+0000] {dagbag.py:588} INFO - Filling up the DagBag from /home/airflow/.local/lib/python3.12/site-packages/airflow/example_dags/example_workday_timetable.py
[2025-06-27T07:39:26.113+0000] {processor.py:925} INFO - DAG(s) 'example_workday_timetable' retrieved from /home/airflow/.local/lib/python3.12/site-packages/airflow/example_dags/example_workday_timetable.py
[2025-06-27T07:39:26.211+0000] {logging_mixin.py:190} INFO - [2025-06-27T07:39:26.211+0000] {dag.py:3239} INFO - Sync 1 DAGs
[2025-06-27T07:39:26.732+0000] {logging_mixin.py:190} INFO - [2025-06-27T07:39:26.730+0000] {dag.py:4180} INFO - Setting next_dagrun for example_workday_timetable to 2021-01-04 00:00:00+00:00, run_after=2021-01-05 00:00:00+00:00
[2025-06-27T07:39:26.944+0000] {processor.py:208} INFO - Processing /home/airflow/.local/lib/python3.12/site-packages/airflow/example_dags/example_workday_timetable.py took 0.953 seconds
[2025-06-27T07:40:00.343+0000] {processor.py:186} INFO - Started process (PID=453) to work on /home/airflow/.local/lib/python3.12/site-packages/airflow/example_dags/example_workday_timetable.py
[2025-06-27T07:40:00.398+0000] {processor.py:914} INFO - Processing file /home/airflow/.local/lib/python3.12/site-packages/airflow/example_dags/example_workday_timetable.py for tasks to queue
[2025-06-27T07:40:00.422+0000] {logging_mixin.py:190} INFO - [2025-06-27T07:40:00.420+0000] {dagbag.py:588} INFO - Filling up the DagBag from /home/airflow/.local/lib/python3.12/site-packages/airflow/example_dags/example_workday_timetable.py
[2025-06-27T07:40:00.485+0000] {processor.py:925} INFO - DAG(s) 'example_workday_timetable' retrieved from /home/airflow/.local/lib/python3.12/site-packages/airflow/example_dags/example_workday_timetable.py
[2025-06-27T07:40:00.710+0000] {logging_mixin.py:190} INFO - [2025-06-27T07:40:00.709+0000] {dag.py:3239} INFO - Sync 1 DAGs
[2025-06-27T07:40:01.323+0000] {logging_mixin.py:190} INFO - [2025-06-27T07:40:01.320+0000] {dag.py:4180} INFO - Setting next_dagrun for example_workday_timetable to 2021-01-04 00:00:00+00:00, run_after=2021-01-05 00:00:00+00:00
[2025-06-27T07:40:01.487+0000] {processor.py:208} INFO - Processing /home/airflow/.local/lib/python3.12/site-packages/airflow/example_dags/example_workday_timetable.py took 1.231 seconds
[2025-06-27T07:40:32.325+0000] {processor.py:186} INFO - Started process (PID=517) to work on /home/airflow/.local/lib/python3.12/site-packages/airflow/example_dags/example_workday_timetable.py
[2025-06-27T07:40:32.329+0000] {processor.py:914} INFO - Processing file /home/airflow/.local/lib/python3.12/site-packages/airflow/example_dags/example_workday_timetable.py for tasks to queue
[2025-06-27T07:40:32.338+0000] {logging_mixin.py:190} INFO - [2025-06-27T07:40:32.337+0000] {dagbag.py:588} INFO - Filling up the DagBag from /home/airflow/.local/lib/python3.12/site-packages/airflow/example_dags/example_workday_timetable.py
[2025-06-27T07:40:32.368+0000] {processor.py:925} INFO - DAG(s) 'example_workday_timetable' retrieved from /home/airflow/.local/lib/python3.12/site-packages/airflow/example_dags/example_workday_timetable.py
[2025-06-27T07:40:32.453+0000] {logging_mixin.py:190} INFO - [2025-06-27T07:40:32.452+0000] {dag.py:3239} INFO - Sync 1 DAGs
[2025-06-27T07:40:32.962+0000] {logging_mixin.py:190} INFO - [2025-06-27T07:40:32.950+0000] {dag.py:4180} INFO - Setting next_dagrun for example_workday_timetable to 2021-01-04 00:00:00+00:00, run_after=2021-01-05 00:00:00+00:00
[2025-06-27T07:40:33.060+0000] {processor.py:208} INFO - Processing /home/airflow/.local/lib/python3.12/site-packages/airflow/example_dags/example_workday_timetable.py took 0.758 seconds
[2025-06-27T07:41:03.287+0000] {processor.py:186} INFO - Started process (PID=580) to work on /home/airflow/.local/lib/python3.12/site-packages/airflow/example_dags/example_workday_timetable.py
[2025-06-27T07:41:03.290+0000] {processor.py:914} INFO - Processing file /home/airflow/.local/lib/python3.12/site-packages/airflow/example_dags/example_workday_timetable.py for tasks to queue
[2025-06-27T07:41:03.296+0000] {logging_mixin.py:190} INFO - [2025-06-27T07:41:03.296+0000] {dagbag.py:588} INFO - Filling up the DagBag from /home/airflow/.local/lib/python3.12/site-packages/airflow/example_dags/example_workday_timetable.py
[2025-06-27T07:41:03.309+0000] {processor.py:925} INFO - DAG(s) 'example_workday_timetable' retrieved from /home/airflow/.local/lib/python3.12/site-packages/airflow/example_dags/example_workday_timetable.py
[2025-06-27T07:41:03.363+0000] {logging_mixin.py:190} INFO - [2025-06-27T07:41:03.362+0000] {dag.py:3239} INFO - Sync 1 DAGs
[2025-06-27T07:41:03.587+0000] {logging_mixin.py:190} INFO - [2025-06-27T07:41:03.587+0000] {dag.py:4180} INFO - Setting next_dagrun for example_workday_timetable to 2021-01-04 00:00:00+00:00, run_after=2021-01-05 00:00:00+00:00
[2025-06-27T07:41:03.628+0000] {processor.py:208} INFO - Processing /home/airflow/.local/lib/python3.12/site-packages/airflow/example_dags/example_workday_timetable.py took 0.355 seconds
[2025-06-27T07:41:40.056+0000] {processor.py:186} INFO - Started process (PID=642) to work on /home/airflow/.local/lib/python3.12/site-packages/airflow/example_dags/example_workday_timetable.py
[2025-06-27T07:41:40.061+0000] {processor.py:914} INFO - Processing file /home/airflow/.local/lib/python3.12/site-packages/airflow/example_dags/example_workday_timetable.py for tasks to queue
[2025-06-27T07:41:40.073+0000] {logging_mixin.py:190} INFO - [2025-06-27T07:41:40.071+0000] {dagbag.py:588} INFO - Filling up the DagBag from /home/airflow/.local/lib/python3.12/site-packages/airflow/example_dags/example_workday_timetable.py
[2025-06-27T07:41:40.096+0000] {processor.py:925} INFO - DAG(s) 'example_workday_timetable' retrieved from /home/airflow/.local/lib/python3.12/site-packages/airflow/example_dags/example_workday_timetable.py
[2025-06-27T07:41:40.167+0000] {logging_mixin.py:190} INFO - [2025-06-27T07:41:40.166+0000] {dag.py:3239} INFO - Sync 1 DAGs
[2025-06-27T07:41:40.395+0000] {logging_mixin.py:190} INFO - [2025-06-27T07:41:40.394+0000] {dag.py:4180} INFO - Setting next_dagrun for example_workday_timetable to 2021-01-04 00:00:00+00:00, run_after=2021-01-05 00:00:00+00:00
[2025-06-27T07:41:40.479+0000] {processor.py:208} INFO - Processing /home/airflow/.local/lib/python3.12/site-packages/airflow/example_dags/example_workday_timetable.py took 0.448 seconds
[2025-06-27T07:42:27.331+0000] {processor.py:186} INFO - Started process (PID=700) to work on /home/airflow/.local/lib/python3.12/site-packages/airflow/example_dags/example_workday_timetable.py
[2025-06-27T07:42:27.336+0000] {processor.py:914} INFO - Processing file /home/airflow/.local/lib/python3.12/site-packages/airflow/example_dags/example_workday_timetable.py for tasks to queue
[2025-06-27T07:42:27.354+0000] {logging_mixin.py:190} INFO - [2025-06-27T07:42:27.352+0000] {dagbag.py:588} INFO - Filling up the DagBag from /home/airflow/.local/lib/python3.12/site-packages/airflow/example_dags/example_workday_timetable.py
[2025-06-27T07:42:27.407+0000] {processor.py:925} INFO - DAG(s) 'example_workday_timetable' retrieved from /home/airflow/.local/lib/python3.12/site-packages/airflow/example_dags/example_workday_timetable.py
[2025-06-27T07:42:27.640+0000] {logging_mixin.py:190} INFO - [2025-06-27T07:42:27.638+0000] {dag.py:3239} INFO - Sync 1 DAGs
[2025-06-27T07:42:28.870+0000] {logging_mixin.py:190} INFO - [2025-06-27T07:42:28.869+0000] {dag.py:4180} INFO - Setting next_dagrun for example_workday_timetable to 2021-01-04 00:00:00+00:00, run_after=2021-01-05 00:00:00+00:00
[2025-06-27T07:42:29.189+0000] {processor.py:208} INFO - Processing /home/airflow/.local/lib/python3.12/site-packages/airflow/example_dags/example_workday_timetable.py took 1.891 seconds
[2025-06-27T07:42:59.837+0000] {processor.py:186} INFO - Started process (PID=763) to work on /home/airflow/.local/lib/python3.12/site-packages/airflow/example_dags/example_workday_timetable.py
[2025-06-27T07:42:59.841+0000] {processor.py:914} INFO - Processing file /home/airflow/.local/lib/python3.12/site-packages/airflow/example_dags/example_workday_timetable.py for tasks to queue
[2025-06-27T07:42:59.850+0000] {logging_mixin.py:190} INFO - [2025-06-27T07:42:59.849+0000] {dagbag.py:588} INFO - Filling up the DagBag from /home/airflow/.local/lib/python3.12/site-packages/airflow/example_dags/example_workday_timetable.py
[2025-06-27T07:42:59.872+0000] {processor.py:925} INFO - DAG(s) 'example_workday_timetable' retrieved from /home/airflow/.local/lib/python3.12/site-packages/airflow/example_dags/example_workday_timetable.py
[2025-06-27T07:42:59.952+0000] {logging_mixin.py:190} INFO - [2025-06-27T07:42:59.951+0000] {dag.py:3239} INFO - Sync 1 DAGs
[2025-06-27T07:43:00.214+0000] {logging_mixin.py:190} INFO - [2025-06-27T07:43:00.213+0000] {dag.py:4180} INFO - Setting next_dagrun for example_workday_timetable to 2021-01-04 00:00:00+00:00, run_after=2021-01-05 00:00:00+00:00
[2025-06-27T07:43:00.284+0000] {processor.py:208} INFO - Processing /home/airflow/.local/lib/python3.12/site-packages/airflow/example_dags/example_workday_timetable.py took 0.465 seconds
[2025-06-27T07:43:32.429+0000] {processor.py:186} INFO - Started process (PID=820) to work on /home/airflow/.local/lib/python3.12/site-packages/airflow/example_dags/example_workday_timetable.py
[2025-06-27T07:43:32.434+0000] {processor.py:914} INFO - Processing file /home/airflow/.local/lib/python3.12/site-packages/airflow/example_dags/example_workday_timetable.py for tasks to queue
[2025-06-27T07:43:32.466+0000] {logging_mixin.py:190} INFO - [2025-06-27T07:43:32.461+0000] {dagbag.py:588} INFO - Filling up the DagBag from /home/airflow/.local/lib/python3.12/site-packages/airflow/example_dags/example_workday_timetable.py
[2025-06-27T07:43:32.528+0000] {processor.py:925} INFO - DAG(s) 'example_workday_timetable' retrieved from /home/airflow/.local/lib/python3.12/site-packages/airflow/example_dags/example_workday_timetable.py
[2025-06-27T07:43:32.640+0000] {logging_mixin.py:190} INFO - [2025-06-27T07:43:32.640+0000] {dag.py:3239} INFO - Sync 1 DAGs
[2025-06-27T07:43:32.899+0000] {logging_mixin.py:190} INFO - [2025-06-27T07:43:32.899+0000] {dag.py:4180} INFO - Setting next_dagrun for example_workday_timetable to 2021-01-04 00:00:00+00:00, run_after=2021-01-05 00:00:00+00:00
[2025-06-27T07:43:32.959+0000] {processor.py:208} INFO - Processing /home/airflow/.local/lib/python3.12/site-packages/airflow/example_dags/example_workday_timetable.py took 0.602 seconds
[2025-06-27T07:44:03.723+0000] {processor.py:186} INFO - Started process (PID=883) to work on /home/airflow/.local/lib/python3.12/site-packages/airflow/example_dags/example_workday_timetable.py
[2025-06-27T07:44:03.729+0000] {processor.py:914} INFO - Processing file /home/airflow/.local/lib/python3.12/site-packages/airflow/example_dags/example_workday_timetable.py for tasks to queue
[2025-06-27T07:44:03.735+0000] {logging_mixin.py:190} INFO - [2025-06-27T07:44:03.734+0000] {dagbag.py:588} INFO - Filling up the DagBag from /home/airflow/.local/lib/python3.12/site-packages/airflow/example_dags/example_workday_timetable.py
[2025-06-27T07:44:03.749+0000] {processor.py:925} INFO - DAG(s) 'example_workday_timetable' retrieved from /home/airflow/.local/lib/python3.12/site-packages/airflow/example_dags/example_workday_timetable.py
[2025-06-27T07:44:03.796+0000] {logging_mixin.py:190} INFO - [2025-06-27T07:44:03.796+0000] {dag.py:3239} INFO - Sync 1 DAGs
[2025-06-27T07:44:03.928+0000] {logging_mixin.py:190} INFO - [2025-06-27T07:44:03.928+0000] {dag.py:4180} INFO - Setting next_dagrun for example_workday_timetable to 2021-01-04 00:00:00+00:00, run_after=2021-01-05 00:00:00+00:00
[2025-06-27T07:44:03.968+0000] {processor.py:208} INFO - Processing /home/airflow/.local/lib/python3.12/site-packages/airflow/example_dags/example_workday_timetable.py took 0.263 seconds
[2025-06-27T07:44:34.669+0000] {processor.py:186} INFO - Started process (PID=947) to work on /home/airflow/.local/lib/python3.12/site-packages/airflow/example_dags/example_workday_timetable.py
[2025-06-27T07:44:34.673+0000] {processor.py:914} INFO - Processing file /home/airflow/.local/lib/python3.12/site-packages/airflow/example_dags/example_workday_timetable.py for tasks to queue
[2025-06-27T07:44:34.679+0000] {logging_mixin.py:190} INFO - [2025-06-27T07:44:34.678+0000] {dagbag.py:588} INFO - Filling up the DagBag from /home/airflow/.local/lib/python3.12/site-packages/airflow/example_dags/example_workday_timetable.py
[2025-06-27T07:44:34.699+0000] {processor.py:925} INFO - DAG(s) 'example_workday_timetable' retrieved from /home/airflow/.local/lib/python3.12/site-packages/airflow/example_dags/example_workday_timetable.py
[2025-06-27T07:44:34.770+0000] {logging_mixin.py:190} INFO - [2025-06-27T07:44:34.769+0000] {dag.py:3239} INFO - Sync 1 DAGs
[2025-06-27T07:44:34.985+0000] {logging_mixin.py:190} INFO - [2025-06-27T07:44:34.984+0000] {dag.py:4180} INFO - Setting next_dagrun for example_workday_timetable to 2021-01-04 00:00:00+00:00, run_after=2021-01-05 00:00:00+00:00
[2025-06-27T07:44:35.043+0000] {processor.py:208} INFO - Processing /home/airflow/.local/lib/python3.12/site-packages/airflow/example_dags/example_workday_timetable.py took 0.389 seconds
[2025-06-27T07:45:05.212+0000] {processor.py:186} INFO - Started process (PID=1011) to work on /home/airflow/.local/lib/python3.12/site-packages/airflow/example_dags/example_workday_timetable.py
[2025-06-27T07:45:05.214+0000] {processor.py:914} INFO - Processing file /home/airflow/.local/lib/python3.12/site-packages/airflow/example_dags/example_workday_timetable.py for tasks to queue
[2025-06-27T07:45:05.221+0000] {logging_mixin.py:190} INFO - [2025-06-27T07:45:05.221+0000] {dagbag.py:588} INFO - Filling up the DagBag from /home/airflow/.local/lib/python3.12/site-packages/airflow/example_dags/example_workday_timetable.py
[2025-06-27T07:45:05.230+0000] {processor.py:925} INFO - DAG(s) 'example_workday_timetable' retrieved from /home/airflow/.local/lib/python3.12/site-packages/airflow/example_dags/example_workday_timetable.py
[2025-06-27T07:45:05.270+0000] {logging_mixin.py:190} INFO - [2025-06-27T07:45:05.270+0000] {dag.py:3239} INFO - Sync 1 DAGs
[2025-06-27T07:45:05.404+0000] {logging_mixin.py:190} INFO - [2025-06-27T07:45:05.403+0000] {dag.py:4180} INFO - Setting next_dagrun for example_workday_timetable to 2021-01-04 00:00:00+00:00, run_after=2021-01-05 00:00:00+00:00
[2025-06-27T07:45:05.439+0000] {processor.py:208} INFO - Processing /home/airflow/.local/lib/python3.12/site-packages/airflow/example_dags/example_workday_timetable.py took 0.236 seconds
[2025-06-27T07:45:35.601+0000] {processor.py:186} INFO - Started process (PID=1074) to work on /home/airflow/.local/lib/python3.12/site-packages/airflow/example_dags/example_workday_timetable.py
[2025-06-27T07:45:35.603+0000] {processor.py:914} INFO - Processing file /home/airflow/.local/lib/python3.12/site-packages/airflow/example_dags/example_workday_timetable.py for tasks to queue
[2025-06-27T07:45:35.608+0000] {logging_mixin.py:190} INFO - [2025-06-27T07:45:35.607+0000] {dagbag.py:588} INFO - Filling up the DagBag from /home/airflow/.local/lib/python3.12/site-packages/airflow/example_dags/example_workday_timetable.py
[2025-06-27T07:45:35.618+0000] {processor.py:925} INFO - DAG(s) 'example_workday_timetable' retrieved from /home/airflow/.local/lib/python3.12/site-packages/airflow/example_dags/example_workday_timetable.py
[2025-06-27T07:45:35.662+0000] {logging_mixin.py:190} INFO - [2025-06-27T07:45:35.661+0000] {dag.py:3239} INFO - Sync 1 DAGs
[2025-06-27T07:45:35.822+0000] {logging_mixin.py:190} INFO - [2025-06-27T07:45:35.822+0000] {dag.py:4180} INFO - Setting next_dagrun for example_workday_timetable to 2021-01-04 00:00:00+00:00, run_after=2021-01-05 00:00:00+00:00
[2025-06-27T07:45:35.862+0000] {processor.py:208} INFO - Processing /home/airflow/.local/lib/python3.12/site-packages/airflow/example_dags/example_workday_timetable.py took 0.273 seconds
[2025-06-27T07:46:05.969+0000] {processor.py:186} INFO - Started process (PID=1137) to work on /home/airflow/.local/lib/python3.12/site-packages/airflow/example_dags/example_workday_timetable.py
[2025-06-27T07:46:05.971+0000] {processor.py:914} INFO - Processing file /home/airflow/.local/lib/python3.12/site-packages/airflow/example_dags/example_workday_timetable.py for tasks to queue
[2025-06-27T07:46:05.977+0000] {logging_mixin.py:190} INFO - [2025-06-27T07:46:05.976+0000] {dagbag.py:588} INFO - Filling up the DagBag from /home/airflow/.local/lib/python3.12/site-packages/airflow/example_dags/example_workday_timetable.py
[2025-06-27T07:46:05.986+0000] {processor.py:925} INFO - DAG(s) 'example_workday_timetable' retrieved from /home/airflow/.local/lib/python3.12/site-packages/airflow/example_dags/example_workday_timetable.py
[2025-06-27T07:46:06.022+0000] {logging_mixin.py:190} INFO - [2025-06-27T07:46:06.022+0000] {dag.py:3239} INFO - Sync 1 DAGs
[2025-06-27T07:46:06.140+0000] {logging_mixin.py:190} INFO - [2025-06-27T07:46:06.140+0000] {dag.py:4180} INFO - Setting next_dagrun for example_workday_timetable to 2021-01-04 00:00:00+00:00, run_after=2021-01-05 00:00:00+00:00
[2025-06-27T07:46:06.185+0000] {processor.py:208} INFO - Processing /home/airflow/.local/lib/python3.12/site-packages/airflow/example_dags/example_workday_timetable.py took 0.226 seconds
[2025-06-27T07:46:36.774+0000] {processor.py:186} INFO - Started process (PID=1200) to work on /home/airflow/.local/lib/python3.12/site-packages/airflow/example_dags/example_workday_timetable.py
[2025-06-27T07:46:36.776+0000] {processor.py:914} INFO - Processing file /home/airflow/.local/lib/python3.12/site-packages/airflow/example_dags/example_workday_timetable.py for tasks to queue
[2025-06-27T07:46:36.781+0000] {logging_mixin.py:190} INFO - [2025-06-27T07:46:36.781+0000] {dagbag.py:588} INFO - Filling up the DagBag from /home/airflow/.local/lib/python3.12/site-packages/airflow/example_dags/example_workday_timetable.py
[2025-06-27T07:46:36.792+0000] {processor.py:925} INFO - DAG(s) 'example_workday_timetable' retrieved from /home/airflow/.local/lib/python3.12/site-packages/airflow/example_dags/example_workday_timetable.py
[2025-06-27T07:46:36.829+0000] {logging_mixin.py:190} INFO - [2025-06-27T07:46:36.829+0000] {dag.py:3239} INFO - Sync 1 DAGs
[2025-06-27T07:46:36.937+0000] {logging_mixin.py:190} INFO - [2025-06-27T07:46:36.937+0000] {dag.py:4180} INFO - Setting next_dagrun for example_workday_timetable to 2021-01-04 00:00:00+00:00, run_after=2021-01-05 00:00:00+00:00
[2025-06-27T07:46:36.982+0000] {processor.py:208} INFO - Processing /home/airflow/.local/lib/python3.12/site-packages/airflow/example_dags/example_workday_timetable.py took 0.218 seconds
[2025-06-27T07:47:07.827+0000] {processor.py:186} INFO - Started process (PID=1263) to work on /home/airflow/.local/lib/python3.12/site-packages/airflow/example_dags/example_workday_timetable.py
[2025-06-27T07:47:07.830+0000] {processor.py:914} INFO - Processing file /home/airflow/.local/lib/python3.12/site-packages/airflow/example_dags/example_workday_timetable.py for tasks to queue
[2025-06-27T07:47:07.835+0000] {logging_mixin.py:190} INFO - [2025-06-27T07:47:07.834+0000] {dagbag.py:588} INFO - Filling up the DagBag from /home/airflow/.local/lib/python3.12/site-packages/airflow/example_dags/example_workday_timetable.py
[2025-06-27T07:47:07.847+0000] {processor.py:925} INFO - DAG(s) 'example_workday_timetable' retrieved from /home/airflow/.local/lib/python3.12/site-packages/airflow/example_dags/example_workday_timetable.py
[2025-06-27T07:47:07.902+0000] {logging_mixin.py:190} INFO - [2025-06-27T07:47:07.902+0000] {dag.py:3239} INFO - Sync 1 DAGs
[2025-06-27T07:47:08.104+0000] {logging_mixin.py:190} INFO - [2025-06-27T07:47:08.103+0000] {dag.py:4180} INFO - Setting next_dagrun for example_workday_timetable to 2021-01-04 00:00:00+00:00, run_after=2021-01-05 00:00:00+00:00
[2025-06-27T07:47:08.149+0000] {processor.py:208} INFO - Processing /home/airflow/.local/lib/python3.12/site-packages/airflow/example_dags/example_workday_timetable.py took 0.333 seconds
[2025-06-27T07:47:38.806+0000] {processor.py:186} INFO - Started process (PID=1331) to work on /home/airflow/.local/lib/python3.12/site-packages/airflow/example_dags/example_workday_timetable.py
[2025-06-27T07:47:38.808+0000] {processor.py:914} INFO - Processing file /home/airflow/.local/lib/python3.12/site-packages/airflow/example_dags/example_workday_timetable.py for tasks to queue
[2025-06-27T07:47:38.815+0000] {logging_mixin.py:190} INFO - [2025-06-27T07:47:38.814+0000] {dagbag.py:588} INFO - Filling up the DagBag from /home/airflow/.local/lib/python3.12/site-packages/airflow/example_dags/example_workday_timetable.py
[2025-06-27T07:47:38.829+0000] {processor.py:925} INFO - DAG(s) 'example_workday_timetable' retrieved from /home/airflow/.local/lib/python3.12/site-packages/airflow/example_dags/example_workday_timetable.py
[2025-06-27T07:47:38.874+0000] {logging_mixin.py:190} INFO - [2025-06-27T07:47:38.874+0000] {dag.py:3239} INFO - Sync 1 DAGs
[2025-06-27T07:47:39.114+0000] {logging_mixin.py:190} INFO - [2025-06-27T07:47:39.113+0000] {dag.py:4180} INFO - Setting next_dagrun for example_workday_timetable to 2021-01-04 00:00:00+00:00, run_after=2021-01-05 00:00:00+00:00
[2025-06-27T07:47:39.182+0000] {processor.py:208} INFO - Processing /home/airflow/.local/lib/python3.12/site-packages/airflow/example_dags/example_workday_timetable.py took 0.391 seconds
[2025-06-27T07:48:09.430+0000] {processor.py:186} INFO - Started process (PID=1394) to work on /home/airflow/.local/lib/python3.12/site-packages/airflow/example_dags/example_workday_timetable.py
[2025-06-27T07:48:09.432+0000] {processor.py:914} INFO - Processing file /home/airflow/.local/lib/python3.12/site-packages/airflow/example_dags/example_workday_timetable.py for tasks to queue
[2025-06-27T07:48:09.438+0000] {logging_mixin.py:190} INFO - [2025-06-27T07:48:09.437+0000] {dagbag.py:588} INFO - Filling up the DagBag from /home/airflow/.local/lib/python3.12/site-packages/airflow/example_dags/example_workday_timetable.py
[2025-06-27T07:48:09.451+0000] {processor.py:925} INFO - DAG(s) 'example_workday_timetable' retrieved from /home/airflow/.local/lib/python3.12/site-packages/airflow/example_dags/example_workday_timetable.py
[2025-06-27T07:48:09.490+0000] {logging_mixin.py:190} INFO - [2025-06-27T07:48:09.490+0000] {dag.py:3239} INFO - Sync 1 DAGs
[2025-06-27T07:48:09.708+0000] {logging_mixin.py:190} INFO - [2025-06-27T07:48:09.707+0000] {dag.py:4180} INFO - Setting next_dagrun for example_workday_timetable to 2021-01-04 00:00:00+00:00, run_after=2021-01-05 00:00:00+00:00
[2025-06-27T07:48:09.772+0000] {processor.py:208} INFO - Processing /home/airflow/.local/lib/python3.12/site-packages/airflow/example_dags/example_workday_timetable.py took 0.352 seconds
[2025-06-27T07:48:40.383+0000] {processor.py:186} INFO - Started process (PID=1457) to work on /home/airflow/.local/lib/python3.12/site-packages/airflow/example_dags/example_workday_timetable.py
[2025-06-27T07:48:40.386+0000] {processor.py:914} INFO - Processing file /home/airflow/.local/lib/python3.12/site-packages/airflow/example_dags/example_workday_timetable.py for tasks to queue
[2025-06-27T07:48:40.395+0000] {logging_mixin.py:190} INFO - [2025-06-27T07:48:40.394+0000] {dagbag.py:588} INFO - Filling up the DagBag from /home/airflow/.local/lib/python3.12/site-packages/airflow/example_dags/example_workday_timetable.py
[2025-06-27T07:48:40.420+0000] {processor.py:925} INFO - DAG(s) 'example_workday_timetable' retrieved from /home/airflow/.local/lib/python3.12/site-packages/airflow/example_dags/example_workday_timetable.py
[2025-06-27T07:48:40.523+0000] {logging_mixin.py:190} INFO - [2025-06-27T07:48:40.522+0000] {dag.py:3239} INFO - Sync 1 DAGs
[2025-06-27T07:48:40.938+0000] {logging_mixin.py:190} INFO - [2025-06-27T07:48:40.936+0000] {dag.py:4180} INFO - Setting next_dagrun for example_workday_timetable to 2021-01-04 00:00:00+00:00, run_after=2021-01-05 00:00:00+00:00
[2025-06-27T07:48:41.011+0000] {processor.py:208} INFO - Processing /home/airflow/.local/lib/python3.12/site-packages/airflow/example_dags/example_workday_timetable.py took 0.662 seconds
[2025-06-27T07:49:13.633+0000] {processor.py:186} INFO - Started process (PID=1520) to work on /home/airflow/.local/lib/python3.12/site-packages/airflow/example_dags/example_workday_timetable.py
[2025-06-27T07:49:13.639+0000] {processor.py:914} INFO - Processing file /home/airflow/.local/lib/python3.12/site-packages/airflow/example_dags/example_workday_timetable.py for tasks to queue
[2025-06-27T07:49:13.688+0000] {logging_mixin.py:190} INFO - [2025-06-27T07:49:13.679+0000] {dagbag.py:588} INFO - Filling up the DagBag from /home/airflow/.local/lib/python3.12/site-packages/airflow/example_dags/example_workday_timetable.py
[2025-06-27T07:49:13.828+0000] {processor.py:925} INFO - DAG(s) 'example_workday_timetable' retrieved from /home/airflow/.local/lib/python3.12/site-packages/airflow/example_dags/example_workday_timetable.py
[2025-06-27T07:49:14.121+0000] {logging_mixin.py:190} INFO - [2025-06-27T07:49:14.119+0000] {dag.py:3239} INFO - Sync 1 DAGs
[2025-06-27T07:52:03.544+0000] {processor.py:186} INFO - Started process (PID=83) to work on /home/airflow/.local/lib/python3.12/site-packages/airflow/example_dags/example_workday_timetable.py
[2025-06-27T07:52:03.560+0000] {processor.py:914} INFO - Processing file /home/airflow/.local/lib/python3.12/site-packages/airflow/example_dags/example_workday_timetable.py for tasks to queue
[2025-06-27T07:52:03.577+0000] {logging_mixin.py:190} INFO - [2025-06-27T07:52:03.574+0000] {dagbag.py:588} INFO - Filling up the DagBag from /home/airflow/.local/lib/python3.12/site-packages/airflow/example_dags/example_workday_timetable.py
[2025-06-27T07:52:03.631+0000] {processor.py:925} INFO - DAG(s) 'example_workday_timetable' retrieved from /home/airflow/.local/lib/python3.12/site-packages/airflow/example_dags/example_workday_timetable.py
[2025-06-27T07:52:04.066+0000] {logging_mixin.py:190} INFO - [2025-06-27T07:52:04.059+0000] {dag.py:3239} INFO - Sync 1 DAGs
[2025-06-27T07:52:04.872+0000] {logging_mixin.py:190} INFO - [2025-06-27T07:52:04.871+0000] {dag.py:4180} INFO - Setting next_dagrun for example_workday_timetable to 2021-01-04 00:00:00+00:00, run_after=2021-01-05 00:00:00+00:00
[2025-06-27T07:52:05.034+0000] {processor.py:208} INFO - Processing /home/airflow/.local/lib/python3.12/site-packages/airflow/example_dags/example_workday_timetable.py took 1.707 seconds
[2025-06-27T07:52:44.053+0000] {processor.py:186} INFO - Started process (PID=152) to work on /home/airflow/.local/lib/python3.12/site-packages/airflow/example_dags/example_workday_timetable.py
[2025-06-27T07:52:44.073+0000] {processor.py:914} INFO - Processing file /home/airflow/.local/lib/python3.12/site-packages/airflow/example_dags/example_workday_timetable.py for tasks to queue
[2025-06-27T07:52:44.175+0000] {logging_mixin.py:190} INFO - [2025-06-27T07:52:44.171+0000] {dagbag.py:588} INFO - Filling up the DagBag from /home/airflow/.local/lib/python3.12/site-packages/airflow/example_dags/example_workday_timetable.py
[2025-06-27T07:52:44.313+0000] {processor.py:925} INFO - DAG(s) 'example_workday_timetable' retrieved from /home/airflow/.local/lib/python3.12/site-packages/airflow/example_dags/example_workday_timetable.py
[2025-06-27T07:52:44.973+0000] {logging_mixin.py:190} INFO - [2025-06-27T07:52:44.972+0000] {dag.py:3239} INFO - Sync 1 DAGs
[2025-06-27T07:52:46.057+0000] {logging_mixin.py:190} INFO - [2025-06-27T07:52:46.056+0000] {dag.py:4180} INFO - Setting next_dagrun for example_workday_timetable to 2021-01-04 00:00:00+00:00, run_after=2021-01-05 00:00:00+00:00
[2025-06-27T07:52:46.183+0000] {processor.py:208} INFO - Processing /home/airflow/.local/lib/python3.12/site-packages/airflow/example_dags/example_workday_timetable.py took 2.221 seconds
[2025-06-27T07:53:16.528+0000] {processor.py:186} INFO - Started process (PID=216) to work on /home/airflow/.local/lib/python3.12/site-packages/airflow/example_dags/example_workday_timetable.py
[2025-06-27T07:53:16.531+0000] {processor.py:914} INFO - Processing file /home/airflow/.local/lib/python3.12/site-packages/airflow/example_dags/example_workday_timetable.py for tasks to queue
[2025-06-27T07:53:16.536+0000] {logging_mixin.py:190} INFO - [2025-06-27T07:53:16.536+0000] {dagbag.py:588} INFO - Filling up the DagBag from /home/airflow/.local/lib/python3.12/site-packages/airflow/example_dags/example_workday_timetable.py
[2025-06-27T07:53:16.548+0000] {processor.py:925} INFO - DAG(s) 'example_workday_timetable' retrieved from /home/airflow/.local/lib/python3.12/site-packages/airflow/example_dags/example_workday_timetable.py
[2025-06-27T07:53:16.584+0000] {logging_mixin.py:190} INFO - [2025-06-27T07:53:16.584+0000] {dag.py:3239} INFO - Sync 1 DAGs
[2025-06-27T07:53:16.688+0000] {logging_mixin.py:190} INFO - [2025-06-27T07:53:16.688+0000] {dag.py:4180} INFO - Setting next_dagrun for example_workday_timetable to 2021-01-04 00:00:00+00:00, run_after=2021-01-05 00:00:00+00:00
[2025-06-27T07:53:16.725+0000] {processor.py:208} INFO - Processing /home/airflow/.local/lib/python3.12/site-packages/airflow/example_dags/example_workday_timetable.py took 0.210 seconds
[2025-06-27T07:53:47.434+0000] {processor.py:186} INFO - Started process (PID=280) to work on /home/airflow/.local/lib/python3.12/site-packages/airflow/example_dags/example_workday_timetable.py
[2025-06-27T07:53:47.437+0000] {processor.py:914} INFO - Processing file /home/airflow/.local/lib/python3.12/site-packages/airflow/example_dags/example_workday_timetable.py for tasks to queue
[2025-06-27T07:53:47.446+0000] {logging_mixin.py:190} INFO - [2025-06-27T07:53:47.445+0000] {dagbag.py:588} INFO - Filling up the DagBag from /home/airflow/.local/lib/python3.12/site-packages/airflow/example_dags/example_workday_timetable.py
[2025-06-27T07:53:47.464+0000] {processor.py:925} INFO - DAG(s) 'example_workday_timetable' retrieved from /home/airflow/.local/lib/python3.12/site-packages/airflow/example_dags/example_workday_timetable.py
[2025-06-27T07:53:47.523+0000] {logging_mixin.py:190} INFO - [2025-06-27T07:53:47.522+0000] {dag.py:3239} INFO - Sync 1 DAGs
[2025-06-27T07:53:47.826+0000] {logging_mixin.py:190} INFO - [2025-06-27T07:53:47.825+0000] {dag.py:4180} INFO - Setting next_dagrun for example_workday_timetable to 2021-01-04 00:00:00+00:00, run_after=2021-01-05 00:00:00+00:00
[2025-06-27T07:53:47.881+0000] {processor.py:208} INFO - Processing /home/airflow/.local/lib/python3.12/site-packages/airflow/example_dags/example_workday_timetable.py took 0.469 seconds
[2025-06-27T07:54:18.043+0000] {processor.py:186} INFO - Started process (PID=343) to work on /home/airflow/.local/lib/python3.12/site-packages/airflow/example_dags/example_workday_timetable.py
[2025-06-27T07:54:18.047+0000] {processor.py:914} INFO - Processing file /home/airflow/.local/lib/python3.12/site-packages/airflow/example_dags/example_workday_timetable.py for tasks to queue
[2025-06-27T07:54:18.056+0000] {logging_mixin.py:190} INFO - [2025-06-27T07:54:18.055+0000] {dagbag.py:588} INFO - Filling up the DagBag from /home/airflow/.local/lib/python3.12/site-packages/airflow/example_dags/example_workday_timetable.py
[2025-06-27T07:54:18.076+0000] {processor.py:925} INFO - DAG(s) 'example_workday_timetable' retrieved from /home/airflow/.local/lib/python3.12/site-packages/airflow/example_dags/example_workday_timetable.py
[2025-06-27T07:54:18.158+0000] {logging_mixin.py:190} INFO - [2025-06-27T07:54:18.157+0000] {dag.py:3239} INFO - Sync 1 DAGs
[2025-06-27T07:54:18.376+0000] {logging_mixin.py:190} INFO - [2025-06-27T07:54:18.375+0000] {dag.py:4180} INFO - Setting next_dagrun for example_workday_timetable to 2021-01-04 00:00:00+00:00, run_after=2021-01-05 00:00:00+00:00
[2025-06-27T07:54:18.437+0000] {processor.py:208} INFO - Processing /home/airflow/.local/lib/python3.12/site-packages/airflow/example_dags/example_workday_timetable.py took 0.412 seconds
[2025-06-27T07:54:48.558+0000] {processor.py:186} INFO - Started process (PID=405) to work on /home/airflow/.local/lib/python3.12/site-packages/airflow/example_dags/example_workday_timetable.py
[2025-06-27T07:54:48.561+0000] {processor.py:914} INFO - Processing file /home/airflow/.local/lib/python3.12/site-packages/airflow/example_dags/example_workday_timetable.py for tasks to queue
[2025-06-27T07:54:48.566+0000] {logging_mixin.py:190} INFO - [2025-06-27T07:54:48.566+0000] {dagbag.py:588} INFO - Filling up the DagBag from /home/airflow/.local/lib/python3.12/site-packages/airflow/example_dags/example_workday_timetable.py
[2025-06-27T07:54:48.579+0000] {processor.py:925} INFO - DAG(s) 'example_workday_timetable' retrieved from /home/airflow/.local/lib/python3.12/site-packages/airflow/example_dags/example_workday_timetable.py
[2025-06-27T07:54:48.627+0000] {logging_mixin.py:190} INFO - [2025-06-27T07:54:48.626+0000] {dag.py:3239} INFO - Sync 1 DAGs
[2025-06-27T07:54:48.777+0000] {logging_mixin.py:190} INFO - [2025-06-27T07:54:48.777+0000] {dag.py:4180} INFO - Setting next_dagrun for example_workday_timetable to 2021-01-04 00:00:00+00:00, run_after=2021-01-05 00:00:00+00:00
[2025-06-27T07:54:48.816+0000] {processor.py:208} INFO - Processing /home/airflow/.local/lib/python3.12/site-packages/airflow/example_dags/example_workday_timetable.py took 0.268 seconds
[2025-06-27T07:59:29.023+0000] {processor.py:186} INFO - Started process (PID=76) to work on /home/airflow/.local/lib/python3.12/site-packages/airflow/example_dags/example_workday_timetable.py
[2025-06-27T07:59:29.026+0000] {processor.py:914} INFO - Processing file /home/airflow/.local/lib/python3.12/site-packages/airflow/example_dags/example_workday_timetable.py for tasks to queue
[2025-06-27T07:59:29.037+0000] {logging_mixin.py:190} INFO - [2025-06-27T07:59:29.036+0000] {dagbag.py:588} INFO - Filling up the DagBag from /home/airflow/.local/lib/python3.12/site-packages/airflow/example_dags/example_workday_timetable.py
[2025-06-27T07:59:29.061+0000] {processor.py:925} INFO - DAG(s) 'example_workday_timetable' retrieved from /home/airflow/.local/lib/python3.12/site-packages/airflow/example_dags/example_workday_timetable.py
[2025-06-27T07:59:29.144+0000] {logging_mixin.py:190} INFO - [2025-06-27T07:59:29.143+0000] {dag.py:3239} INFO - Sync 1 DAGs
[2025-06-27T07:59:29.743+0000] {logging_mixin.py:190} INFO - [2025-06-27T07:59:29.743+0000] {dag.py:4180} INFO - Setting next_dagrun for example_workday_timetable to 2021-01-04 00:00:00+00:00, run_after=2021-01-05 00:00:00+00:00
[2025-06-27T07:59:29.856+0000] {processor.py:208} INFO - Processing /home/airflow/.local/lib/python3.12/site-packages/airflow/example_dags/example_workday_timetable.py took 0.873 seconds
[2025-06-27T08:00:08.855+0000] {processor.py:186} INFO - Started process (PID=138) to work on /home/airflow/.local/lib/python3.12/site-packages/airflow/example_dags/example_workday_timetable.py
[2025-06-27T08:00:08.907+0000] {processor.py:914} INFO - Processing file /home/airflow/.local/lib/python3.12/site-packages/airflow/example_dags/example_workday_timetable.py for tasks to queue
[2025-06-27T08:00:08.960+0000] {logging_mixin.py:190} INFO - [2025-06-27T08:00:08.946+0000] {dagbag.py:588} INFO - Filling up the DagBag from /home/airflow/.local/lib/python3.12/site-packages/airflow/example_dags/example_workday_timetable.py
[2025-06-27T08:00:09.067+0000] {processor.py:925} INFO - DAG(s) 'example_workday_timetable' retrieved from /home/airflow/.local/lib/python3.12/site-packages/airflow/example_dags/example_workday_timetable.py
[2025-06-27T08:00:09.391+0000] {logging_mixin.py:190} INFO - [2025-06-27T08:00:09.390+0000] {dag.py:3239} INFO - Sync 1 DAGs
[2025-06-27T08:00:14.069+0000] {logging_mixin.py:190} INFO - [2025-06-27T08:00:14.068+0000] {dag.py:4180} INFO - Setting next_dagrun for example_workday_timetable to 2021-01-04 00:00:00+00:00, run_after=2021-01-05 00:00:00+00:00
[2025-06-27T08:00:14.729+0000] {processor.py:208} INFO - Processing /home/airflow/.local/lib/python3.12/site-packages/airflow/example_dags/example_workday_timetable.py took 6.056 seconds
[2025-06-27T08:01:01.106+0000] {processor.py:186} INFO - Started process (PID=184) to work on /home/airflow/.local/lib/python3.12/site-packages/airflow/example_dags/example_workday_timetable.py
[2025-06-27T08:01:01.109+0000] {processor.py:914} INFO - Processing file /home/airflow/.local/lib/python3.12/site-packages/airflow/example_dags/example_workday_timetable.py for tasks to queue
[2025-06-27T08:01:01.122+0000] {logging_mixin.py:190} INFO - [2025-06-27T08:01:01.119+0000] {dagbag.py:588} INFO - Filling up the DagBag from /home/airflow/.local/lib/python3.12/site-packages/airflow/example_dags/example_workday_timetable.py
[2025-06-27T08:01:01.144+0000] {processor.py:925} INFO - DAG(s) 'example_workday_timetable' retrieved from /home/airflow/.local/lib/python3.12/site-packages/airflow/example_dags/example_workday_timetable.py
[2025-06-27T08:01:01.243+0000] {logging_mixin.py:190} INFO - [2025-06-27T08:01:01.242+0000] {dag.py:3239} INFO - Sync 1 DAGs
[2025-06-27T08:01:01.664+0000] {logging_mixin.py:190} INFO - [2025-06-27T08:01:01.663+0000] {dag.py:4180} INFO - Setting next_dagrun for example_workday_timetable to 2021-01-04 00:00:00+00:00, run_after=2021-01-05 00:00:00+00:00
[2025-06-27T08:01:01.751+0000] {processor.py:208} INFO - Processing /home/airflow/.local/lib/python3.12/site-packages/airflow/example_dags/example_workday_timetable.py took 0.669 seconds
[2025-06-27T08:01:32.567+0000] {processor.py:186} INFO - Started process (PID=246) to work on /home/airflow/.local/lib/python3.12/site-packages/airflow/example_dags/example_workday_timetable.py
[2025-06-27T08:01:32.572+0000] {processor.py:914} INFO - Processing file /home/airflow/.local/lib/python3.12/site-packages/airflow/example_dags/example_workday_timetable.py for tasks to queue
[2025-06-27T08:01:32.586+0000] {logging_mixin.py:190} INFO - [2025-06-27T08:01:32.585+0000] {dagbag.py:588} INFO - Filling up the DagBag from /home/airflow/.local/lib/python3.12/site-packages/airflow/example_dags/example_workday_timetable.py
[2025-06-27T08:01:32.613+0000] {processor.py:925} INFO - DAG(s) 'example_workday_timetable' retrieved from /home/airflow/.local/lib/python3.12/site-packages/airflow/example_dags/example_workday_timetable.py
[2025-06-27T08:01:32.699+0000] {logging_mixin.py:190} INFO - [2025-06-27T08:01:32.698+0000] {dag.py:3239} INFO - Sync 1 DAGs
[2025-06-27T08:01:32.897+0000] {logging_mixin.py:190} INFO - [2025-06-27T08:01:32.897+0000] {dag.py:4180} INFO - Setting next_dagrun for example_workday_timetable to 2021-01-04 00:00:00+00:00, run_after=2021-01-05 00:00:00+00:00
[2025-06-27T08:01:32.960+0000] {processor.py:208} INFO - Processing /home/airflow/.local/lib/python3.12/site-packages/airflow/example_dags/example_workday_timetable.py took 0.428 seconds
[2025-06-27T08:02:03.915+0000] {processor.py:186} INFO - Started process (PID=310) to work on /home/airflow/.local/lib/python3.12/site-packages/airflow/example_dags/example_workday_timetable.py
[2025-06-27T08:02:03.919+0000] {processor.py:914} INFO - Processing file /home/airflow/.local/lib/python3.12/site-packages/airflow/example_dags/example_workday_timetable.py for tasks to queue
[2025-06-27T08:02:03.926+0000] {logging_mixin.py:190} INFO - [2025-06-27T08:02:03.925+0000] {dagbag.py:588} INFO - Filling up the DagBag from /home/airflow/.local/lib/python3.12/site-packages/airflow/example_dags/example_workday_timetable.py
[2025-06-27T08:02:03.939+0000] {processor.py:925} INFO - DAG(s) 'example_workday_timetable' retrieved from /home/airflow/.local/lib/python3.12/site-packages/airflow/example_dags/example_workday_timetable.py
[2025-06-27T08:02:04.006+0000] {logging_mixin.py:190} INFO - [2025-06-27T08:02:04.005+0000] {dag.py:3239} INFO - Sync 1 DAGs
[2025-06-27T08:02:04.160+0000] {logging_mixin.py:190} INFO - [2025-06-27T08:02:04.159+0000] {dag.py:4180} INFO - Setting next_dagrun for example_workday_timetable to 2021-01-04 00:00:00+00:00, run_after=2021-01-05 00:00:00+00:00
[2025-06-27T08:02:04.196+0000] {processor.py:208} INFO - Processing /home/airflow/.local/lib/python3.12/site-packages/airflow/example_dags/example_workday_timetable.py took 0.302 seconds
[2025-06-27T08:02:34.970+0000] {processor.py:186} INFO - Started process (PID=372) to work on /home/airflow/.local/lib/python3.12/site-packages/airflow/example_dags/example_workday_timetable.py
[2025-06-27T08:02:34.972+0000] {processor.py:914} INFO - Processing file /home/airflow/.local/lib/python3.12/site-packages/airflow/example_dags/example_workday_timetable.py for tasks to queue
[2025-06-27T08:02:34.977+0000] {logging_mixin.py:190} INFO - [2025-06-27T08:02:34.976+0000] {dagbag.py:588} INFO - Filling up the DagBag from /home/airflow/.local/lib/python3.12/site-packages/airflow/example_dags/example_workday_timetable.py
[2025-06-27T08:02:34.988+0000] {processor.py:925} INFO - DAG(s) 'example_workday_timetable' retrieved from /home/airflow/.local/lib/python3.12/site-packages/airflow/example_dags/example_workday_timetable.py
[2025-06-27T08:02:35.024+0000] {logging_mixin.py:190} INFO - [2025-06-27T08:02:35.024+0000] {dag.py:3239} INFO - Sync 1 DAGs
[2025-06-27T08:02:35.131+0000] {logging_mixin.py:190} INFO - [2025-06-27T08:02:35.131+0000] {dag.py:4180} INFO - Setting next_dagrun for example_workday_timetable to 2021-01-04 00:00:00+00:00, run_after=2021-01-05 00:00:00+00:00
[2025-06-27T08:02:35.169+0000] {processor.py:208} INFO - Processing /home/airflow/.local/lib/python3.12/site-packages/airflow/example_dags/example_workday_timetable.py took 0.209 seconds
[2025-06-27T08:03:05.327+0000] {processor.py:186} INFO - Started process (PID=435) to work on /home/airflow/.local/lib/python3.12/site-packages/airflow/example_dags/example_workday_timetable.py
[2025-06-27T08:03:05.330+0000] {processor.py:914} INFO - Processing file /home/airflow/.local/lib/python3.12/site-packages/airflow/example_dags/example_workday_timetable.py for tasks to queue
[2025-06-27T08:03:05.334+0000] {logging_mixin.py:190} INFO - [2025-06-27T08:03:05.333+0000] {dagbag.py:588} INFO - Filling up the DagBag from /home/airflow/.local/lib/python3.12/site-packages/airflow/example_dags/example_workday_timetable.py
[2025-06-27T08:03:05.343+0000] {processor.py:925} INFO - DAG(s) 'example_workday_timetable' retrieved from /home/airflow/.local/lib/python3.12/site-packages/airflow/example_dags/example_workday_timetable.py
[2025-06-27T08:03:05.376+0000] {logging_mixin.py:190} INFO - [2025-06-27T08:03:05.376+0000] {dag.py:3239} INFO - Sync 1 DAGs
[2025-06-27T08:03:05.495+0000] {logging_mixin.py:190} INFO - [2025-06-27T08:03:05.495+0000] {dag.py:4180} INFO - Setting next_dagrun for example_workday_timetable to 2021-01-04 00:00:00+00:00, run_after=2021-01-05 00:00:00+00:00
[2025-06-27T08:03:05.530+0000] {processor.py:208} INFO - Processing /home/airflow/.local/lib/python3.12/site-packages/airflow/example_dags/example_workday_timetable.py took 0.212 seconds
[2025-06-27T08:03:36.551+0000] {processor.py:186} INFO - Started process (PID=498) to work on /home/airflow/.local/lib/python3.12/site-packages/airflow/example_dags/example_workday_timetable.py
[2025-06-27T08:03:36.554+0000] {processor.py:914} INFO - Processing file /home/airflow/.local/lib/python3.12/site-packages/airflow/example_dags/example_workday_timetable.py for tasks to queue
[2025-06-27T08:03:36.559+0000] {logging_mixin.py:190} INFO - [2025-06-27T08:03:36.558+0000] {dagbag.py:588} INFO - Filling up the DagBag from /home/airflow/.local/lib/python3.12/site-packages/airflow/example_dags/example_workday_timetable.py
[2025-06-27T08:03:36.571+0000] {processor.py:925} INFO - DAG(s) 'example_workday_timetable' retrieved from /home/airflow/.local/lib/python3.12/site-packages/airflow/example_dags/example_workday_timetable.py
[2025-06-27T08:03:36.615+0000] {logging_mixin.py:190} INFO - [2025-06-27T08:03:36.615+0000] {dag.py:3239} INFO - Sync 1 DAGs
[2025-06-27T08:03:36.764+0000] {logging_mixin.py:190} INFO - [2025-06-27T08:03:36.763+0000] {dag.py:4180} INFO - Setting next_dagrun for example_workday_timetable to 2021-01-04 00:00:00+00:00, run_after=2021-01-05 00:00:00+00:00
[2025-06-27T08:03:36.808+0000] {processor.py:208} INFO - Processing /home/airflow/.local/lib/python3.12/site-packages/airflow/example_dags/example_workday_timetable.py took 0.268 seconds
[2025-06-27T08:04:07.081+0000] {processor.py:186} INFO - Started process (PID=561) to work on /home/airflow/.local/lib/python3.12/site-packages/airflow/example_dags/example_workday_timetable.py
[2025-06-27T08:04:07.085+0000] {processor.py:914} INFO - Processing file /home/airflow/.local/lib/python3.12/site-packages/airflow/example_dags/example_workday_timetable.py for tasks to queue
[2025-06-27T08:04:07.091+0000] {logging_mixin.py:190} INFO - [2025-06-27T08:04:07.091+0000] {dagbag.py:588} INFO - Filling up the DagBag from /home/airflow/.local/lib/python3.12/site-packages/airflow/example_dags/example_workday_timetable.py
[2025-06-27T08:04:07.102+0000] {processor.py:925} INFO - DAG(s) 'example_workday_timetable' retrieved from /home/airflow/.local/lib/python3.12/site-packages/airflow/example_dags/example_workday_timetable.py
[2025-06-27T08:04:07.142+0000] {logging_mixin.py:190} INFO - [2025-06-27T08:04:07.142+0000] {dag.py:3239} INFO - Sync 1 DAGs
[2025-06-27T08:04:07.277+0000] {logging_mixin.py:190} INFO - [2025-06-27T08:04:07.276+0000] {dag.py:4180} INFO - Setting next_dagrun for example_workday_timetable to 2021-01-04 00:00:00+00:00, run_after=2021-01-05 00:00:00+00:00
[2025-06-27T08:04:07.327+0000] {processor.py:208} INFO - Processing /home/airflow/.local/lib/python3.12/site-packages/airflow/example_dags/example_workday_timetable.py took 0.257 seconds
[2025-06-27T08:04:37.659+0000] {processor.py:186} INFO - Started process (PID=624) to work on /home/airflow/.local/lib/python3.12/site-packages/airflow/example_dags/example_workday_timetable.py
[2025-06-27T08:04:37.661+0000] {processor.py:914} INFO - Processing file /home/airflow/.local/lib/python3.12/site-packages/airflow/example_dags/example_workday_timetable.py for tasks to queue
[2025-06-27T08:04:37.665+0000] {logging_mixin.py:190} INFO - [2025-06-27T08:04:37.664+0000] {dagbag.py:588} INFO - Filling up the DagBag from /home/airflow/.local/lib/python3.12/site-packages/airflow/example_dags/example_workday_timetable.py
[2025-06-27T08:04:37.674+0000] {processor.py:925} INFO - DAG(s) 'example_workday_timetable' retrieved from /home/airflow/.local/lib/python3.12/site-packages/airflow/example_dags/example_workday_timetable.py
[2025-06-27T08:04:37.733+0000] {logging_mixin.py:190} INFO - [2025-06-27T08:04:37.732+0000] {dag.py:3239} INFO - Sync 1 DAGs
[2025-06-27T08:04:37.939+0000] {logging_mixin.py:190} INFO - [2025-06-27T08:04:37.938+0000] {dag.py:4180} INFO - Setting next_dagrun for example_workday_timetable to 2021-01-04 00:00:00+00:00, run_after=2021-01-05 00:00:00+00:00
[2025-06-27T08:04:37.994+0000] {processor.py:208} INFO - Processing /home/airflow/.local/lib/python3.12/site-packages/airflow/example_dags/example_workday_timetable.py took 0.344 seconds
[2025-06-27T08:05:09.279+0000] {processor.py:186} INFO - Started process (PID=688) to work on /home/airflow/.local/lib/python3.12/site-packages/airflow/example_dags/example_workday_timetable.py
[2025-06-27T08:05:09.338+0000] {processor.py:914} INFO - Processing file /home/airflow/.local/lib/python3.12/site-packages/airflow/example_dags/example_workday_timetable.py for tasks to queue
[2025-06-27T08:05:09.410+0000] {logging_mixin.py:190} INFO - [2025-06-27T08:05:09.376+0000] {dagbag.py:588} INFO - Filling up the DagBag from /home/airflow/.local/lib/python3.12/site-packages/airflow/example_dags/example_workday_timetable.py
[2025-06-27T08:05:09.616+0000] {processor.py:925} INFO - DAG(s) 'example_workday_timetable' retrieved from /home/airflow/.local/lib/python3.12/site-packages/airflow/example_dags/example_workday_timetable.py
[2025-06-27T08:05:10.005+0000] {logging_mixin.py:190} INFO - [2025-06-27T08:05:10.004+0000] {dag.py:3239} INFO - Sync 1 DAGs
[2025-06-27T08:05:10.717+0000] {logging_mixin.py:190} INFO - [2025-06-27T08:05:10.710+0000] {dag.py:4180} INFO - Setting next_dagrun for example_workday_timetable to 2021-01-04 00:00:00+00:00, run_after=2021-01-05 00:00:00+00:00
[2025-06-27T08:05:10.857+0000] {processor.py:208} INFO - Processing /home/airflow/.local/lib/python3.12/site-packages/airflow/example_dags/example_workday_timetable.py took 1.691 seconds
[2025-06-27T08:05:41.317+0000] {processor.py:186} INFO - Started process (PID=751) to work on /home/airflow/.local/lib/python3.12/site-packages/airflow/example_dags/example_workday_timetable.py
[2025-06-27T08:05:41.340+0000] {processor.py:914} INFO - Processing file /home/airflow/.local/lib/python3.12/site-packages/airflow/example_dags/example_workday_timetable.py for tasks to queue
[2025-06-27T08:05:41.361+0000] {logging_mixin.py:190} INFO - [2025-06-27T08:05:41.359+0000] {dagbag.py:588} INFO - Filling up the DagBag from /home/airflow/.local/lib/python3.12/site-packages/airflow/example_dags/example_workday_timetable.py
[2025-06-27T08:05:41.402+0000] {processor.py:925} INFO - DAG(s) 'example_workday_timetable' retrieved from /home/airflow/.local/lib/python3.12/site-packages/airflow/example_dags/example_workday_timetable.py
[2025-06-27T08:05:41.583+0000] {logging_mixin.py:190} INFO - [2025-06-27T08:05:41.581+0000] {dag.py:3239} INFO - Sync 1 DAGs
[2025-06-27T08:05:42.249+0000] {logging_mixin.py:190} INFO - [2025-06-27T08:05:42.247+0000] {dag.py:4180} INFO - Setting next_dagrun for example_workday_timetable to 2021-01-04 00:00:00+00:00, run_after=2021-01-05 00:00:00+00:00
[2025-06-27T08:05:42.398+0000] {processor.py:208} INFO - Processing /home/airflow/.local/lib/python3.12/site-packages/airflow/example_dags/example_workday_timetable.py took 1.124 seconds
