[2025-06-27T07:37:07.035+0000] {processor.py:186} INFO - Started process (PID=161) to work on /home/airflow/.local/lib/python3.12/site-packages/airflow/example_dags/example_python_decorator.py
[2025-06-27T07:37:07.038+0000] {processor.py:914} INFO - Processing file /home/airflow/.local/lib/python3.12/site-packages/airflow/example_dags/example_python_decorator.py for tasks to queue
[2025-06-27T07:37:07.049+0000] {logging_mixin.py:190} INFO - [2025-06-27T07:37:07.046+0000] {dagbag.py:588} INFO - Filling up the DagBag from /home/airflow/.local/lib/python3.12/site-packages/airflow/example_dags/example_python_decorator.py
[2025-06-27T07:37:07.105+0000] {processor.py:925} INFO - DAG(s) 'example_python_decorator' retrieved from /home/airflow/.local/lib/python3.12/site-packages/airflow/example_dags/example_python_decorator.py
[2025-06-27T07:37:07.521+0000] {logging_mixin.py:190} INFO - [2025-06-27T07:37:07.519+0000] {override.py:1900} INFO - Created Permission View: can read on DAG:example_python_decorator
[2025-06-27T07:37:07.558+0000] {logging_mixin.py:190} INFO - [2025-06-27T07:37:07.557+0000] {override.py:1900} INFO - Created Permission View: can edit on DAG:example_python_decorator
[2025-06-27T07:37:07.591+0000] {logging_mixin.py:190} INFO - [2025-06-27T07:37:07.590+0000] {override.py:1900} INFO - Created Permission View: can delete on DAG:example_python_decorator
[2025-06-27T07:37:07.621+0000] {logging_mixin.py:190} INFO - [2025-06-27T07:37:07.621+0000] {override.py:1900} INFO - Created Permission View: can read on DAG Run:example_python_decorator
[2025-06-27T07:37:07.648+0000] {logging_mixin.py:190} INFO - [2025-06-27T07:37:07.647+0000] {override.py:1900} INFO - Created Permission View: can create on DAG Run:example_python_decorator
[2025-06-27T07:37:07.674+0000] {logging_mixin.py:190} INFO - [2025-06-27T07:37:07.673+0000] {override.py:1900} INFO - Created Permission View: can delete on DAG Run:example_python_decorator
[2025-06-27T07:37:07.705+0000] {logging_mixin.py:190} INFO - [2025-06-27T07:37:07.704+0000] {override.py:1900} INFO - Created Permission View: menu access on DAG Run:example_python_decorator
[2025-06-27T07:37:07.708+0000] {logging_mixin.py:190} INFO - [2025-06-27T07:37:07.708+0000] {dag.py:3239} INFO - Sync 1 DAGs
[2025-06-27T07:37:07.758+0000] {logging_mixin.py:190} INFO - [2025-06-27T07:37:07.757+0000] {dag.py:3262} INFO - Creating ORM DAG for example_python_decorator
[2025-06-27T07:37:07.761+0000] {logging_mixin.py:190} INFO - [2025-06-27T07:37:07.760+0000] {dag.py:4180} INFO - Setting next_dagrun for example_python_decorator to None, run_after=None
[2025-06-27T07:37:07.836+0000] {processor.py:208} INFO - Processing /home/airflow/.local/lib/python3.12/site-packages/airflow/example_dags/example_python_decorator.py took 0.824 seconds
[2025-06-27T07:37:39.938+0000] {processor.py:186} INFO - Started process (PID=224) to work on /home/airflow/.local/lib/python3.12/site-packages/airflow/example_dags/example_python_decorator.py
[2025-06-27T07:37:39.945+0000] {processor.py:914} INFO - Processing file /home/airflow/.local/lib/python3.12/site-packages/airflow/example_dags/example_python_decorator.py for tasks to queue
[2025-06-27T07:37:39.957+0000] {logging_mixin.py:190} INFO - [2025-06-27T07:37:39.955+0000] {dagbag.py:588} INFO - Filling up the DagBag from /home/airflow/.local/lib/python3.12/site-packages/airflow/example_dags/example_python_decorator.py
[2025-06-27T07:37:40.020+0000] {processor.py:925} INFO - DAG(s) 'example_python_decorator' retrieved from /home/airflow/.local/lib/python3.12/site-packages/airflow/example_dags/example_python_decorator.py
[2025-06-27T07:37:40.115+0000] {logging_mixin.py:190} INFO - [2025-06-27T07:37:40.114+0000] {dag.py:3239} INFO - Sync 1 DAGs
[2025-06-27T07:37:40.201+0000] {logging_mixin.py:190} INFO - [2025-06-27T07:37:40.200+0000] {dag.py:4180} INFO - Setting next_dagrun for example_python_decorator to None, run_after=None
[2025-06-27T07:37:40.293+0000] {processor.py:208} INFO - Processing /home/airflow/.local/lib/python3.12/site-packages/airflow/example_dags/example_python_decorator.py took 0.394 seconds
[2025-06-27T07:38:25.919+0000] {processor.py:186} INFO - Started process (PID=287) to work on /home/airflow/.local/lib/python3.12/site-packages/airflow/example_dags/example_python_decorator.py
[2025-06-27T07:38:25.922+0000] {processor.py:914} INFO - Processing file /home/airflow/.local/lib/python3.12/site-packages/airflow/example_dags/example_python_decorator.py for tasks to queue
[2025-06-27T07:38:25.935+0000] {logging_mixin.py:190} INFO - [2025-06-27T07:38:25.930+0000] {dagbag.py:588} INFO - Filling up the DagBag from /home/airflow/.local/lib/python3.12/site-packages/airflow/example_dags/example_python_decorator.py
[2025-06-27T07:38:26.019+0000] {processor.py:925} INFO - DAG(s) 'example_python_decorator' retrieved from /home/airflow/.local/lib/python3.12/site-packages/airflow/example_dags/example_python_decorator.py
[2025-06-27T07:38:26.173+0000] {logging_mixin.py:190} INFO - [2025-06-27T07:38:26.169+0000] {dag.py:3239} INFO - Sync 1 DAGs
[2025-06-27T07:38:26.285+0000] {logging_mixin.py:190} INFO - [2025-06-27T07:38:26.275+0000] {dag.py:4180} INFO - Setting next_dagrun for example_python_decorator to None, run_after=None
[2025-06-27T07:38:26.422+0000] {processor.py:208} INFO - Processing /home/airflow/.local/lib/python3.12/site-packages/airflow/example_dags/example_python_decorator.py took 0.523 seconds
[2025-06-27T07:38:57.051+0000] {processor.py:186} INFO - Started process (PID=349) to work on /home/airflow/.local/lib/python3.12/site-packages/airflow/example_dags/example_python_decorator.py
[2025-06-27T07:38:57.057+0000] {processor.py:914} INFO - Processing file /home/airflow/.local/lib/python3.12/site-packages/airflow/example_dags/example_python_decorator.py for tasks to queue
[2025-06-27T07:38:57.085+0000] {logging_mixin.py:190} INFO - [2025-06-27T07:38:57.083+0000] {dagbag.py:588} INFO - Filling up the DagBag from /home/airflow/.local/lib/python3.12/site-packages/airflow/example_dags/example_python_decorator.py
[2025-06-27T07:38:57.267+0000] {processor.py:925} INFO - DAG(s) 'example_python_decorator' retrieved from /home/airflow/.local/lib/python3.12/site-packages/airflow/example_dags/example_python_decorator.py
[2025-06-27T07:38:57.637+0000] {logging_mixin.py:190} INFO - [2025-06-27T07:38:57.636+0000] {dag.py:3239} INFO - Sync 1 DAGs
[2025-06-27T07:38:57.967+0000] {logging_mixin.py:190} INFO - [2025-06-27T07:38:57.965+0000] {dag.py:4180} INFO - Setting next_dagrun for example_python_decorator to None, run_after=None
[2025-06-27T07:38:58.219+0000] {processor.py:208} INFO - Processing /home/airflow/.local/lib/python3.12/site-packages/airflow/example_dags/example_python_decorator.py took 1.210 seconds
[2025-06-27T07:39:46.994+0000] {processor.py:186} INFO - Started process (PID=419) to work on /home/airflow/.local/lib/python3.12/site-packages/airflow/example_dags/example_python_decorator.py
[2025-06-27T07:39:47.008+0000] {processor.py:914} INFO - Processing file /home/airflow/.local/lib/python3.12/site-packages/airflow/example_dags/example_python_decorator.py for tasks to queue
[2025-06-27T07:39:47.021+0000] {logging_mixin.py:190} INFO - [2025-06-27T07:39:47.020+0000] {dagbag.py:588} INFO - Filling up the DagBag from /home/airflow/.local/lib/python3.12/site-packages/airflow/example_dags/example_python_decorator.py
[2025-06-27T07:39:47.151+0000] {processor.py:925} INFO - DAG(s) 'example_python_decorator' retrieved from /home/airflow/.local/lib/python3.12/site-packages/airflow/example_dags/example_python_decorator.py
[2025-06-27T07:39:47.292+0000] {logging_mixin.py:190} INFO - [2025-06-27T07:39:47.291+0000] {dag.py:3239} INFO - Sync 1 DAGs
[2025-06-27T07:39:47.337+0000] {logging_mixin.py:190} INFO - [2025-06-27T07:39:47.337+0000] {dag.py:4180} INFO - Setting next_dagrun for example_python_decorator to None, run_after=None
[2025-06-27T07:39:47.406+0000] {processor.py:208} INFO - Processing /home/airflow/.local/lib/python3.12/site-packages/airflow/example_dags/example_python_decorator.py took 0.476 seconds
[2025-06-27T07:40:18.617+0000] {processor.py:186} INFO - Started process (PID=480) to work on /home/airflow/.local/lib/python3.12/site-packages/airflow/example_dags/example_python_decorator.py
[2025-06-27T07:40:18.623+0000] {processor.py:914} INFO - Processing file /home/airflow/.local/lib/python3.12/site-packages/airflow/example_dags/example_python_decorator.py for tasks to queue
[2025-06-27T07:40:18.634+0000] {logging_mixin.py:190} INFO - [2025-06-27T07:40:18.633+0000] {dagbag.py:588} INFO - Filling up the DagBag from /home/airflow/.local/lib/python3.12/site-packages/airflow/example_dags/example_python_decorator.py
[2025-06-27T07:40:18.721+0000] {processor.py:925} INFO - DAG(s) 'example_python_decorator' retrieved from /home/airflow/.local/lib/python3.12/site-packages/airflow/example_dags/example_python_decorator.py
[2025-06-27T07:40:18.885+0000] {logging_mixin.py:190} INFO - [2025-06-27T07:40:18.884+0000] {dag.py:3239} INFO - Sync 1 DAGs
[2025-06-27T07:40:19.009+0000] {logging_mixin.py:190} INFO - [2025-06-27T07:40:19.008+0000] {dag.py:4180} INFO - Setting next_dagrun for example_python_decorator to None, run_after=None
[2025-06-27T07:40:19.136+0000] {processor.py:208} INFO - Processing /home/airflow/.local/lib/python3.12/site-packages/airflow/example_dags/example_python_decorator.py took 0.549 seconds
[2025-06-27T07:40:49.409+0000] {processor.py:186} INFO - Started process (PID=543) to work on /home/airflow/.local/lib/python3.12/site-packages/airflow/example_dags/example_python_decorator.py
[2025-06-27T07:40:49.419+0000] {processor.py:914} INFO - Processing file /home/airflow/.local/lib/python3.12/site-packages/airflow/example_dags/example_python_decorator.py for tasks to queue
[2025-06-27T07:40:49.439+0000] {logging_mixin.py:190} INFO - [2025-06-27T07:40:49.436+0000] {dagbag.py:588} INFO - Filling up the DagBag from /home/airflow/.local/lib/python3.12/site-packages/airflow/example_dags/example_python_decorator.py
[2025-06-27T07:40:49.570+0000] {processor.py:925} INFO - DAG(s) 'example_python_decorator' retrieved from /home/airflow/.local/lib/python3.12/site-packages/airflow/example_dags/example_python_decorator.py
[2025-06-27T07:40:49.696+0000] {logging_mixin.py:190} INFO - [2025-06-27T07:40:49.695+0000] {dag.py:3239} INFO - Sync 1 DAGs
[2025-06-27T07:40:49.786+0000] {logging_mixin.py:190} INFO - [2025-06-27T07:40:49.785+0000] {dag.py:4180} INFO - Setting next_dagrun for example_python_decorator to None, run_after=None
[2025-06-27T07:40:49.938+0000] {processor.py:208} INFO - Processing /home/airflow/.local/lib/python3.12/site-packages/airflow/example_dags/example_python_decorator.py took 0.562 seconds
[2025-06-27T07:41:21.488+0000] {processor.py:186} INFO - Started process (PID=606) to work on /home/airflow/.local/lib/python3.12/site-packages/airflow/example_dags/example_python_decorator.py
[2025-06-27T07:41:21.502+0000] {processor.py:914} INFO - Processing file /home/airflow/.local/lib/python3.12/site-packages/airflow/example_dags/example_python_decorator.py for tasks to queue
[2025-06-27T07:41:21.522+0000] {logging_mixin.py:190} INFO - [2025-06-27T07:41:21.519+0000] {dagbag.py:588} INFO - Filling up the DagBag from /home/airflow/.local/lib/python3.12/site-packages/airflow/example_dags/example_python_decorator.py
[2025-06-27T07:41:21.639+0000] {processor.py:925} INFO - DAG(s) 'example_python_decorator' retrieved from /home/airflow/.local/lib/python3.12/site-packages/airflow/example_dags/example_python_decorator.py
[2025-06-27T07:41:21.857+0000] {logging_mixin.py:190} INFO - [2025-06-27T07:41:21.856+0000] {dag.py:3239} INFO - Sync 1 DAGs
[2025-06-27T07:41:22.037+0000] {logging_mixin.py:190} INFO - [2025-06-27T07:41:22.036+0000] {dag.py:4180} INFO - Setting next_dagrun for example_python_decorator to None, run_after=None
[2025-06-27T07:41:22.945+0000] {processor.py:208} INFO - Processing /home/airflow/.local/lib/python3.12/site-packages/airflow/example_dags/example_python_decorator.py took 1.500 seconds
[2025-06-27T07:42:01.831+0000] {processor.py:186} INFO - Started process (PID=669) to work on /home/airflow/.local/lib/python3.12/site-packages/airflow/example_dags/example_python_decorator.py
[2025-06-27T07:42:01.851+0000] {processor.py:914} INFO - Processing file /home/airflow/.local/lib/python3.12/site-packages/airflow/example_dags/example_python_decorator.py for tasks to queue
[2025-06-27T07:42:01.893+0000] {logging_mixin.py:190} INFO - [2025-06-27T07:42:01.891+0000] {dagbag.py:588} INFO - Filling up the DagBag from /home/airflow/.local/lib/python3.12/site-packages/airflow/example_dags/example_python_decorator.py
[2025-06-27T07:42:02.252+0000] {processor.py:925} INFO - DAG(s) 'example_python_decorator' retrieved from /home/airflow/.local/lib/python3.12/site-packages/airflow/example_dags/example_python_decorator.py
[2025-06-27T07:42:02.783+0000] {logging_mixin.py:190} INFO - [2025-06-27T07:42:02.782+0000] {dag.py:3239} INFO - Sync 1 DAGs
[2025-06-27T07:42:03.134+0000] {logging_mixin.py:190} INFO - [2025-06-27T07:42:03.133+0000] {dag.py:4180} INFO - Setting next_dagrun for example_python_decorator to None, run_after=None
[2025-06-27T07:42:03.946+0000] {processor.py:208} INFO - Processing /home/airflow/.local/lib/python3.12/site-packages/airflow/example_dags/example_python_decorator.py took 2.172 seconds
[2025-06-27T07:42:47.441+0000] {processor.py:186} INFO - Started process (PID=740) to work on /home/airflow/.local/lib/python3.12/site-packages/airflow/example_dags/example_python_decorator.py
[2025-06-27T07:42:47.447+0000] {processor.py:914} INFO - Processing file /home/airflow/.local/lib/python3.12/site-packages/airflow/example_dags/example_python_decorator.py for tasks to queue
[2025-06-27T07:42:47.457+0000] {logging_mixin.py:190} INFO - [2025-06-27T07:42:47.456+0000] {dagbag.py:588} INFO - Filling up the DagBag from /home/airflow/.local/lib/python3.12/site-packages/airflow/example_dags/example_python_decorator.py
[2025-06-27T07:42:47.514+0000] {processor.py:925} INFO - DAG(s) 'example_python_decorator' retrieved from /home/airflow/.local/lib/python3.12/site-packages/airflow/example_dags/example_python_decorator.py
[2025-06-27T07:42:47.593+0000] {logging_mixin.py:190} INFO - [2025-06-27T07:42:47.592+0000] {dag.py:3239} INFO - Sync 1 DAGs
[2025-06-27T07:42:47.650+0000] {logging_mixin.py:190} INFO - [2025-06-27T07:42:47.649+0000] {dag.py:4180} INFO - Setting next_dagrun for example_python_decorator to None, run_after=None
[2025-06-27T07:42:47.727+0000] {processor.py:208} INFO - Processing /home/airflow/.local/lib/python3.12/site-packages/airflow/example_dags/example_python_decorator.py took 0.313 seconds
[2025-06-27T07:43:26.371+0000] {processor.py:186} INFO - Started process (PID=804) to work on /home/airflow/.local/lib/python3.12/site-packages/airflow/example_dags/example_python_decorator.py
[2025-06-27T07:43:26.377+0000] {processor.py:914} INFO - Processing file /home/airflow/.local/lib/python3.12/site-packages/airflow/example_dags/example_python_decorator.py for tasks to queue
[2025-06-27T07:43:26.393+0000] {logging_mixin.py:190} INFO - [2025-06-27T07:43:26.390+0000] {dagbag.py:588} INFO - Filling up the DagBag from /home/airflow/.local/lib/python3.12/site-packages/airflow/example_dags/example_python_decorator.py
[2025-06-27T07:43:26.505+0000] {processor.py:925} INFO - DAG(s) 'example_python_decorator' retrieved from /home/airflow/.local/lib/python3.12/site-packages/airflow/example_dags/example_python_decorator.py
[2025-06-27T07:43:26.659+0000] {logging_mixin.py:190} INFO - [2025-06-27T07:43:26.657+0000] {dag.py:3239} INFO - Sync 1 DAGs
[2025-06-27T07:43:26.757+0000] {logging_mixin.py:190} INFO - [2025-06-27T07:43:26.756+0000] {dag.py:4180} INFO - Setting next_dagrun for example_python_decorator to None, run_after=None
[2025-06-27T07:43:26.883+0000] {processor.py:208} INFO - Processing /home/airflow/.local/lib/python3.12/site-packages/airflow/example_dags/example_python_decorator.py took 0.546 seconds
[2025-06-27T07:43:58.064+0000] {processor.py:186} INFO - Started process (PID=867) to work on /home/airflow/.local/lib/python3.12/site-packages/airflow/example_dags/example_python_decorator.py
[2025-06-27T07:43:58.068+0000] {processor.py:914} INFO - Processing file /home/airflow/.local/lib/python3.12/site-packages/airflow/example_dags/example_python_decorator.py for tasks to queue
[2025-06-27T07:43:58.079+0000] {logging_mixin.py:190} INFO - [2025-06-27T07:43:58.077+0000] {dagbag.py:588} INFO - Filling up the DagBag from /home/airflow/.local/lib/python3.12/site-packages/airflow/example_dags/example_python_decorator.py
[2025-06-27T07:43:58.129+0000] {processor.py:925} INFO - DAG(s) 'example_python_decorator' retrieved from /home/airflow/.local/lib/python3.12/site-packages/airflow/example_dags/example_python_decorator.py
[2025-06-27T07:43:58.231+0000] {logging_mixin.py:190} INFO - [2025-06-27T07:43:58.229+0000] {dag.py:3239} INFO - Sync 1 DAGs
[2025-06-27T07:43:58.337+0000] {logging_mixin.py:190} INFO - [2025-06-27T07:43:58.335+0000] {dag.py:4180} INFO - Setting next_dagrun for example_python_decorator to None, run_after=None
[2025-06-27T07:43:58.449+0000] {processor.py:208} INFO - Processing /home/airflow/.local/lib/python3.12/site-packages/airflow/example_dags/example_python_decorator.py took 0.408 seconds
[2025-06-27T07:44:29.069+0000] {processor.py:186} INFO - Started process (PID=931) to work on /home/airflow/.local/lib/python3.12/site-packages/airflow/example_dags/example_python_decorator.py
[2025-06-27T07:44:29.078+0000] {processor.py:914} INFO - Processing file /home/airflow/.local/lib/python3.12/site-packages/airflow/example_dags/example_python_decorator.py for tasks to queue
[2025-06-27T07:44:29.090+0000] {logging_mixin.py:190} INFO - [2025-06-27T07:44:29.088+0000] {dagbag.py:588} INFO - Filling up the DagBag from /home/airflow/.local/lib/python3.12/site-packages/airflow/example_dags/example_python_decorator.py
[2025-06-27T07:44:29.160+0000] {processor.py:925} INFO - DAG(s) 'example_python_decorator' retrieved from /home/airflow/.local/lib/python3.12/site-packages/airflow/example_dags/example_python_decorator.py
[2025-06-27T07:44:29.247+0000] {logging_mixin.py:190} INFO - [2025-06-27T07:44:29.246+0000] {dag.py:3239} INFO - Sync 1 DAGs
[2025-06-27T07:44:29.293+0000] {logging_mixin.py:190} INFO - [2025-06-27T07:44:29.292+0000] {dag.py:4180} INFO - Setting next_dagrun for example_python_decorator to None, run_after=None
[2025-06-27T07:44:29.360+0000] {processor.py:208} INFO - Processing /home/airflow/.local/lib/python3.12/site-packages/airflow/example_dags/example_python_decorator.py took 0.327 seconds
[2025-06-27T07:44:59.529+0000] {processor.py:186} INFO - Started process (PID=994) to work on /home/airflow/.local/lib/python3.12/site-packages/airflow/example_dags/example_python_decorator.py
[2025-06-27T07:44:59.531+0000] {processor.py:914} INFO - Processing file /home/airflow/.local/lib/python3.12/site-packages/airflow/example_dags/example_python_decorator.py for tasks to queue
[2025-06-27T07:44:59.536+0000] {logging_mixin.py:190} INFO - [2025-06-27T07:44:59.536+0000] {dagbag.py:588} INFO - Filling up the DagBag from /home/airflow/.local/lib/python3.12/site-packages/airflow/example_dags/example_python_decorator.py
[2025-06-27T07:44:59.579+0000] {processor.py:925} INFO - DAG(s) 'example_python_decorator' retrieved from /home/airflow/.local/lib/python3.12/site-packages/airflow/example_dags/example_python_decorator.py
[2025-06-27T07:44:59.639+0000] {logging_mixin.py:190} INFO - [2025-06-27T07:44:59.638+0000] {dag.py:3239} INFO - Sync 1 DAGs
[2025-06-27T07:44:59.670+0000] {logging_mixin.py:190} INFO - [2025-06-27T07:44:59.670+0000] {dag.py:4180} INFO - Setting next_dagrun for example_python_decorator to None, run_after=None
[2025-06-27T07:44:59.718+0000] {processor.py:208} INFO - Processing /home/airflow/.local/lib/python3.12/site-packages/airflow/example_dags/example_python_decorator.py took 0.200 seconds
[2025-06-27T07:45:30.287+0000] {processor.py:186} INFO - Started process (PID=1057) to work on /home/airflow/.local/lib/python3.12/site-packages/airflow/example_dags/example_python_decorator.py
[2025-06-27T07:45:30.289+0000] {processor.py:914} INFO - Processing file /home/airflow/.local/lib/python3.12/site-packages/airflow/example_dags/example_python_decorator.py for tasks to queue
[2025-06-27T07:45:30.295+0000] {logging_mixin.py:190} INFO - [2025-06-27T07:45:30.294+0000] {dagbag.py:588} INFO - Filling up the DagBag from /home/airflow/.local/lib/python3.12/site-packages/airflow/example_dags/example_python_decorator.py
[2025-06-27T07:45:30.327+0000] {processor.py:925} INFO - DAG(s) 'example_python_decorator' retrieved from /home/airflow/.local/lib/python3.12/site-packages/airflow/example_dags/example_python_decorator.py
[2025-06-27T07:45:30.370+0000] {logging_mixin.py:190} INFO - [2025-06-27T07:45:30.369+0000] {dag.py:3239} INFO - Sync 1 DAGs
[2025-06-27T07:45:30.398+0000] {logging_mixin.py:190} INFO - [2025-06-27T07:45:30.398+0000] {dag.py:4180} INFO - Setting next_dagrun for example_python_decorator to None, run_after=None
[2025-06-27T07:45:30.439+0000] {processor.py:208} INFO - Processing /home/airflow/.local/lib/python3.12/site-packages/airflow/example_dags/example_python_decorator.py took 0.166 seconds
[2025-06-27T07:46:01.233+0000] {processor.py:186} INFO - Started process (PID=1120) to work on /home/airflow/.local/lib/python3.12/site-packages/airflow/example_dags/example_python_decorator.py
[2025-06-27T07:46:01.235+0000] {processor.py:914} INFO - Processing file /home/airflow/.local/lib/python3.12/site-packages/airflow/example_dags/example_python_decorator.py for tasks to queue
[2025-06-27T07:46:01.240+0000] {logging_mixin.py:190} INFO - [2025-06-27T07:46:01.239+0000] {dagbag.py:588} INFO - Filling up the DagBag from /home/airflow/.local/lib/python3.12/site-packages/airflow/example_dags/example_python_decorator.py
[2025-06-27T07:46:01.270+0000] {processor.py:925} INFO - DAG(s) 'example_python_decorator' retrieved from /home/airflow/.local/lib/python3.12/site-packages/airflow/example_dags/example_python_decorator.py
[2025-06-27T07:46:01.318+0000] {logging_mixin.py:190} INFO - [2025-06-27T07:46:01.318+0000] {dag.py:3239} INFO - Sync 1 DAGs
[2025-06-27T07:46:01.358+0000] {logging_mixin.py:190} INFO - [2025-06-27T07:46:01.358+0000] {dag.py:4180} INFO - Setting next_dagrun for example_python_decorator to None, run_after=None
[2025-06-27T07:46:01.400+0000] {processor.py:208} INFO - Processing /home/airflow/.local/lib/python3.12/site-packages/airflow/example_dags/example_python_decorator.py took 0.177 seconds
[2025-06-27T07:46:31.484+0000] {processor.py:186} INFO - Started process (PID=1182) to work on /home/airflow/.local/lib/python3.12/site-packages/airflow/example_dags/example_python_decorator.py
[2025-06-27T07:46:31.486+0000] {processor.py:914} INFO - Processing file /home/airflow/.local/lib/python3.12/site-packages/airflow/example_dags/example_python_decorator.py for tasks to queue
[2025-06-27T07:46:31.492+0000] {logging_mixin.py:190} INFO - [2025-06-27T07:46:31.491+0000] {dagbag.py:588} INFO - Filling up the DagBag from /home/airflow/.local/lib/python3.12/site-packages/airflow/example_dags/example_python_decorator.py
[2025-06-27T07:46:31.519+0000] {processor.py:925} INFO - DAG(s) 'example_python_decorator' retrieved from /home/airflow/.local/lib/python3.12/site-packages/airflow/example_dags/example_python_decorator.py
[2025-06-27T07:46:31.569+0000] {logging_mixin.py:190} INFO - [2025-06-27T07:46:31.568+0000] {dag.py:3239} INFO - Sync 1 DAGs
[2025-06-27T07:46:31.605+0000] {logging_mixin.py:190} INFO - [2025-06-27T07:46:31.605+0000] {dag.py:4180} INFO - Setting next_dagrun for example_python_decorator to None, run_after=None
[2025-06-27T07:46:31.662+0000] {processor.py:208} INFO - Processing /home/airflow/.local/lib/python3.12/site-packages/airflow/example_dags/example_python_decorator.py took 0.188 seconds
[2025-06-27T07:47:01.923+0000] {processor.py:186} INFO - Started process (PID=1245) to work on /home/airflow/.local/lib/python3.12/site-packages/airflow/example_dags/example_python_decorator.py
[2025-06-27T07:47:01.926+0000] {processor.py:914} INFO - Processing file /home/airflow/.local/lib/python3.12/site-packages/airflow/example_dags/example_python_decorator.py for tasks to queue
[2025-06-27T07:47:01.932+0000] {logging_mixin.py:190} INFO - [2025-06-27T07:47:01.931+0000] {dagbag.py:588} INFO - Filling up the DagBag from /home/airflow/.local/lib/python3.12/site-packages/airflow/example_dags/example_python_decorator.py
[2025-06-27T07:47:01.970+0000] {processor.py:925} INFO - DAG(s) 'example_python_decorator' retrieved from /home/airflow/.local/lib/python3.12/site-packages/airflow/example_dags/example_python_decorator.py
[2025-06-27T07:47:02.030+0000] {logging_mixin.py:190} INFO - [2025-06-27T07:47:02.030+0000] {dag.py:3239} INFO - Sync 1 DAGs
[2025-06-27T07:47:02.074+0000] {logging_mixin.py:190} INFO - [2025-06-27T07:47:02.073+0000] {dag.py:4180} INFO - Setting next_dagrun for example_python_decorator to None, run_after=None
[2025-06-27T07:47:02.127+0000] {processor.py:208} INFO - Processing /home/airflow/.local/lib/python3.12/site-packages/airflow/example_dags/example_python_decorator.py took 0.222 seconds
[2025-06-27T07:47:32.488+0000] {processor.py:186} INFO - Started process (PID=1308) to work on /home/airflow/.local/lib/python3.12/site-packages/airflow/example_dags/example_python_decorator.py
[2025-06-27T07:47:32.490+0000] {processor.py:914} INFO - Processing file /home/airflow/.local/lib/python3.12/site-packages/airflow/example_dags/example_python_decorator.py for tasks to queue
[2025-06-27T07:47:32.497+0000] {logging_mixin.py:190} INFO - [2025-06-27T07:47:32.497+0000] {dagbag.py:588} INFO - Filling up the DagBag from /home/airflow/.local/lib/python3.12/site-packages/airflow/example_dags/example_python_decorator.py
[2025-06-27T07:47:32.583+0000] {processor.py:925} INFO - DAG(s) 'example_python_decorator' retrieved from /home/airflow/.local/lib/python3.12/site-packages/airflow/example_dags/example_python_decorator.py
[2025-06-27T07:47:32.758+0000] {logging_mixin.py:190} INFO - [2025-06-27T07:47:32.756+0000] {dag.py:3239} INFO - Sync 1 DAGs
[2025-06-27T07:47:32.890+0000] {logging_mixin.py:190} INFO - [2025-06-27T07:47:32.889+0000] {dag.py:4180} INFO - Setting next_dagrun for example_python_decorator to None, run_after=None
[2025-06-27T07:47:33.064+0000] {processor.py:208} INFO - Processing /home/airflow/.local/lib/python3.12/site-packages/airflow/example_dags/example_python_decorator.py took 0.606 seconds
[2025-06-27T07:48:03.944+0000] {processor.py:186} INFO - Started process (PID=1371) to work on /home/airflow/.local/lib/python3.12/site-packages/airflow/example_dags/example_python_decorator.py
[2025-06-27T07:48:03.946+0000] {processor.py:914} INFO - Processing file /home/airflow/.local/lib/python3.12/site-packages/airflow/example_dags/example_python_decorator.py for tasks to queue
[2025-06-27T07:48:03.951+0000] {logging_mixin.py:190} INFO - [2025-06-27T07:48:03.951+0000] {dagbag.py:588} INFO - Filling up the DagBag from /home/airflow/.local/lib/python3.12/site-packages/airflow/example_dags/example_python_decorator.py
[2025-06-27T07:48:03.977+0000] {processor.py:925} INFO - DAG(s) 'example_python_decorator' retrieved from /home/airflow/.local/lib/python3.12/site-packages/airflow/example_dags/example_python_decorator.py
[2025-06-27T07:48:04.030+0000] {logging_mixin.py:190} INFO - [2025-06-27T07:48:04.030+0000] {dag.py:3239} INFO - Sync 1 DAGs
[2025-06-27T07:48:04.070+0000] {logging_mixin.py:190} INFO - [2025-06-27T07:48:04.069+0000] {dag.py:4180} INFO - Setting next_dagrun for example_python_decorator to None, run_after=None
[2025-06-27T07:48:04.118+0000] {processor.py:208} INFO - Processing /home/airflow/.local/lib/python3.12/site-packages/airflow/example_dags/example_python_decorator.py took 0.182 seconds
[2025-06-27T07:48:34.946+0000] {processor.py:186} INFO - Started process (PID=1434) to work on /home/airflow/.local/lib/python3.12/site-packages/airflow/example_dags/example_python_decorator.py
[2025-06-27T07:48:34.948+0000] {processor.py:914} INFO - Processing file /home/airflow/.local/lib/python3.12/site-packages/airflow/example_dags/example_python_decorator.py for tasks to queue
[2025-06-27T07:48:34.954+0000] {logging_mixin.py:190} INFO - [2025-06-27T07:48:34.953+0000] {dagbag.py:588} INFO - Filling up the DagBag from /home/airflow/.local/lib/python3.12/site-packages/airflow/example_dags/example_python_decorator.py
[2025-06-27T07:48:35.011+0000] {processor.py:925} INFO - DAG(s) 'example_python_decorator' retrieved from /home/airflow/.local/lib/python3.12/site-packages/airflow/example_dags/example_python_decorator.py
[2025-06-27T07:48:35.076+0000] {logging_mixin.py:190} INFO - [2025-06-27T07:48:35.075+0000] {dag.py:3239} INFO - Sync 1 DAGs
[2025-06-27T07:48:35.116+0000] {logging_mixin.py:190} INFO - [2025-06-27T07:48:35.116+0000] {dag.py:4180} INFO - Setting next_dagrun for example_python_decorator to None, run_after=None
[2025-06-27T07:48:35.158+0000] {processor.py:208} INFO - Processing /home/airflow/.local/lib/python3.12/site-packages/airflow/example_dags/example_python_decorator.py took 0.227 seconds
[2025-06-27T07:49:05.596+0000] {processor.py:186} INFO - Started process (PID=1497) to work on /home/airflow/.local/lib/python3.12/site-packages/airflow/example_dags/example_python_decorator.py
[2025-06-27T07:49:05.598+0000] {processor.py:914} INFO - Processing file /home/airflow/.local/lib/python3.12/site-packages/airflow/example_dags/example_python_decorator.py for tasks to queue
[2025-06-27T07:49:05.605+0000] {logging_mixin.py:190} INFO - [2025-06-27T07:49:05.604+0000] {dagbag.py:588} INFO - Filling up the DagBag from /home/airflow/.local/lib/python3.12/site-packages/airflow/example_dags/example_python_decorator.py
[2025-06-27T07:49:05.652+0000] {processor.py:925} INFO - DAG(s) 'example_python_decorator' retrieved from /home/airflow/.local/lib/python3.12/site-packages/airflow/example_dags/example_python_decorator.py
[2025-06-27T07:49:05.822+0000] {logging_mixin.py:190} INFO - [2025-06-27T07:49:05.812+0000] {dag.py:3239} INFO - Sync 1 DAGs
[2025-06-27T07:49:05.908+0000] {logging_mixin.py:190} INFO - [2025-06-27T07:49:05.907+0000] {dag.py:4180} INFO - Setting next_dagrun for example_python_decorator to None, run_after=None
[2025-06-27T07:49:05.965+0000] {processor.py:208} INFO - Processing /home/airflow/.local/lib/python3.12/site-packages/airflow/example_dags/example_python_decorator.py took 0.389 seconds
[2025-06-27T07:52:19.954+0000] {processor.py:186} INFO - Started process (PID=110) to work on /home/airflow/.local/lib/python3.12/site-packages/airflow/example_dags/example_python_decorator.py
[2025-06-27T07:52:19.969+0000] {processor.py:914} INFO - Processing file /home/airflow/.local/lib/python3.12/site-packages/airflow/example_dags/example_python_decorator.py for tasks to queue
[2025-06-27T07:52:20.006+0000] {logging_mixin.py:190} INFO - [2025-06-27T07:52:20.005+0000] {dagbag.py:588} INFO - Filling up the DagBag from /home/airflow/.local/lib/python3.12/site-packages/airflow/example_dags/example_python_decorator.py
[2025-06-27T07:52:20.164+0000] {processor.py:925} INFO - DAG(s) 'example_python_decorator' retrieved from /home/airflow/.local/lib/python3.12/site-packages/airflow/example_dags/example_python_decorator.py
[2025-06-27T07:52:21.308+0000] {logging_mixin.py:190} INFO - [2025-06-27T07:52:21.306+0000] {dag.py:3239} INFO - Sync 1 DAGs
[2025-06-27T07:52:21.378+0000] {logging_mixin.py:190} INFO - [2025-06-27T07:52:21.377+0000] {dag.py:4180} INFO - Setting next_dagrun for example_python_decorator to None, run_after=None
[2025-06-27T07:52:21.546+0000] {processor.py:208} INFO - Processing /home/airflow/.local/lib/python3.12/site-packages/airflow/example_dags/example_python_decorator.py took 1.681 seconds
[2025-06-27T07:52:55.063+0000] {processor.py:186} INFO - Started process (PID=173) to work on /home/airflow/.local/lib/python3.12/site-packages/airflow/example_dags/example_python_decorator.py
[2025-06-27T07:52:55.067+0000] {processor.py:914} INFO - Processing file /home/airflow/.local/lib/python3.12/site-packages/airflow/example_dags/example_python_decorator.py for tasks to queue
[2025-06-27T07:52:55.079+0000] {logging_mixin.py:190} INFO - [2025-06-27T07:52:55.077+0000] {dagbag.py:588} INFO - Filling up the DagBag from /home/airflow/.local/lib/python3.12/site-packages/airflow/example_dags/example_python_decorator.py
[2025-06-27T07:52:55.132+0000] {processor.py:925} INFO - DAG(s) 'example_python_decorator' retrieved from /home/airflow/.local/lib/python3.12/site-packages/airflow/example_dags/example_python_decorator.py
[2025-06-27T07:52:55.204+0000] {logging_mixin.py:190} INFO - [2025-06-27T07:52:55.203+0000] {dag.py:3239} INFO - Sync 1 DAGs
[2025-06-27T07:52:55.262+0000] {logging_mixin.py:190} INFO - [2025-06-27T07:52:55.261+0000] {dag.py:4180} INFO - Setting next_dagrun for example_python_decorator to None, run_after=None
[2025-06-27T07:52:55.322+0000] {processor.py:208} INFO - Processing /home/airflow/.local/lib/python3.12/site-packages/airflow/example_dags/example_python_decorator.py took 0.288 seconds
[2025-06-27T07:53:26.626+0000] {processor.py:186} INFO - Started process (PID=236) to work on /home/airflow/.local/lib/python3.12/site-packages/airflow/example_dags/example_python_decorator.py
[2025-06-27T07:53:26.629+0000] {processor.py:914} INFO - Processing file /home/airflow/.local/lib/python3.12/site-packages/airflow/example_dags/example_python_decorator.py for tasks to queue
[2025-06-27T07:53:26.636+0000] {logging_mixin.py:190} INFO - [2025-06-27T07:53:26.635+0000] {dagbag.py:588} INFO - Filling up the DagBag from /home/airflow/.local/lib/python3.12/site-packages/airflow/example_dags/example_python_decorator.py
[2025-06-27T07:53:26.677+0000] {processor.py:925} INFO - DAG(s) 'example_python_decorator' retrieved from /home/airflow/.local/lib/python3.12/site-packages/airflow/example_dags/example_python_decorator.py
[2025-06-27T07:53:26.727+0000] {logging_mixin.py:190} INFO - [2025-06-27T07:53:26.726+0000] {dag.py:3239} INFO - Sync 1 DAGs
[2025-06-27T07:53:26.760+0000] {logging_mixin.py:190} INFO - [2025-06-27T07:53:26.759+0000] {dag.py:4180} INFO - Setting next_dagrun for example_python_decorator to None, run_after=None
[2025-06-27T07:53:26.811+0000] {processor.py:208} INFO - Processing /home/airflow/.local/lib/python3.12/site-packages/airflow/example_dags/example_python_decorator.py took 0.201 seconds
[2025-06-27T07:53:57.672+0000] {processor.py:186} INFO - Started process (PID=300) to work on /home/airflow/.local/lib/python3.12/site-packages/airflow/example_dags/example_python_decorator.py
[2025-06-27T07:53:57.675+0000] {processor.py:914} INFO - Processing file /home/airflow/.local/lib/python3.12/site-packages/airflow/example_dags/example_python_decorator.py for tasks to queue
[2025-06-27T07:53:57.682+0000] {logging_mixin.py:190} INFO - [2025-06-27T07:53:57.681+0000] {dagbag.py:588} INFO - Filling up the DagBag from /home/airflow/.local/lib/python3.12/site-packages/airflow/example_dags/example_python_decorator.py
[2025-06-27T07:53:57.733+0000] {processor.py:925} INFO - DAG(s) 'example_python_decorator' retrieved from /home/airflow/.local/lib/python3.12/site-packages/airflow/example_dags/example_python_decorator.py
[2025-06-27T07:53:57.801+0000] {logging_mixin.py:190} INFO - [2025-06-27T07:53:57.800+0000] {dag.py:3239} INFO - Sync 1 DAGs
[2025-06-27T07:53:57.858+0000] {logging_mixin.py:190} INFO - [2025-06-27T07:53:57.857+0000] {dag.py:4180} INFO - Setting next_dagrun for example_python_decorator to None, run_after=None
[2025-06-27T07:53:57.931+0000] {processor.py:208} INFO - Processing /home/airflow/.local/lib/python3.12/site-packages/airflow/example_dags/example_python_decorator.py took 0.276 seconds
[2025-06-27T07:54:29.741+0000] {processor.py:186} INFO - Started process (PID=363) to work on /home/airflow/.local/lib/python3.12/site-packages/airflow/example_dags/example_python_decorator.py
[2025-06-27T07:54:29.745+0000] {processor.py:914} INFO - Processing file /home/airflow/.local/lib/python3.12/site-packages/airflow/example_dags/example_python_decorator.py for tasks to queue
[2025-06-27T07:54:29.751+0000] {logging_mixin.py:190} INFO - [2025-06-27T07:54:29.750+0000] {dagbag.py:588} INFO - Filling up the DagBag from /home/airflow/.local/lib/python3.12/site-packages/airflow/example_dags/example_python_decorator.py
[2025-06-27T07:54:29.798+0000] {processor.py:925} INFO - DAG(s) 'example_python_decorator' retrieved from /home/airflow/.local/lib/python3.12/site-packages/airflow/example_dags/example_python_decorator.py
[2025-06-27T07:54:29.872+0000] {logging_mixin.py:190} INFO - [2025-06-27T07:54:29.872+0000] {dag.py:3239} INFO - Sync 1 DAGs
[2025-06-27T07:54:29.925+0000] {logging_mixin.py:190} INFO - [2025-06-27T07:54:29.924+0000] {dag.py:4180} INFO - Setting next_dagrun for example_python_decorator to None, run_after=None
[2025-06-27T07:54:29.974+0000] {processor.py:208} INFO - Processing /home/airflow/.local/lib/python3.12/site-packages/airflow/example_dags/example_python_decorator.py took 0.250 seconds
[2025-06-27T07:55:00.542+0000] {processor.py:186} INFO - Started process (PID=426) to work on /home/airflow/.local/lib/python3.12/site-packages/airflow/example_dags/example_python_decorator.py
[2025-06-27T07:55:00.546+0000] {processor.py:914} INFO - Processing file /home/airflow/.local/lib/python3.12/site-packages/airflow/example_dags/example_python_decorator.py for tasks to queue
[2025-06-27T07:55:00.557+0000] {logging_mixin.py:190} INFO - [2025-06-27T07:55:00.556+0000] {dagbag.py:588} INFO - Filling up the DagBag from /home/airflow/.local/lib/python3.12/site-packages/airflow/example_dags/example_python_decorator.py
[2025-06-27T07:55:00.653+0000] {processor.py:925} INFO - DAG(s) 'example_python_decorator' retrieved from /home/airflow/.local/lib/python3.12/site-packages/airflow/example_dags/example_python_decorator.py
[2025-06-27T07:55:00.798+0000] {logging_mixin.py:190} INFO - [2025-06-27T07:55:00.796+0000] {dag.py:3239} INFO - Sync 1 DAGs
[2025-06-27T07:55:00.913+0000] {logging_mixin.py:190} INFO - [2025-06-27T07:55:00.911+0000] {dag.py:4180} INFO - Setting next_dagrun for example_python_decorator to None, run_after=None
[2025-06-27T07:55:00.987+0000] {processor.py:208} INFO - Processing /home/airflow/.local/lib/python3.12/site-packages/airflow/example_dags/example_python_decorator.py took 0.470 seconds
[2025-06-27T07:59:40.200+0000] {processor.py:186} INFO - Started process (PID=97) to work on /home/airflow/.local/lib/python3.12/site-packages/airflow/example_dags/example_python_decorator.py
[2025-06-27T07:59:40.203+0000] {processor.py:914} INFO - Processing file /home/airflow/.local/lib/python3.12/site-packages/airflow/example_dags/example_python_decorator.py for tasks to queue
[2025-06-27T07:59:40.208+0000] {logging_mixin.py:190} INFO - [2025-06-27T07:59:40.207+0000] {dagbag.py:588} INFO - Filling up the DagBag from /home/airflow/.local/lib/python3.12/site-packages/airflow/example_dags/example_python_decorator.py
[2025-06-27T07:59:40.270+0000] {processor.py:925} INFO - DAG(s) 'example_python_decorator' retrieved from /home/airflow/.local/lib/python3.12/site-packages/airflow/example_dags/example_python_decorator.py
[2025-06-27T07:59:40.944+0000] {logging_mixin.py:190} INFO - [2025-06-27T07:59:40.944+0000] {dag.py:3239} INFO - Sync 1 DAGs
[2025-06-27T07:59:41.017+0000] {logging_mixin.py:190} INFO - [2025-06-27T07:59:41.017+0000] {dag.py:4180} INFO - Setting next_dagrun for example_python_decorator to None, run_after=None
[2025-06-27T07:59:41.075+0000] {processor.py:208} INFO - Processing /home/airflow/.local/lib/python3.12/site-packages/airflow/example_dags/example_python_decorator.py took 0.977 seconds
[2025-06-27T08:00:50.839+0000] {processor.py:186} INFO - Started process (PID=164) to work on /home/airflow/.local/lib/python3.12/site-packages/airflow/example_dags/example_python_decorator.py
[2025-06-27T08:00:50.875+0000] {processor.py:914} INFO - Processing file /home/airflow/.local/lib/python3.12/site-packages/airflow/example_dags/example_python_decorator.py for tasks to queue
[2025-06-27T08:00:50.935+0000] {logging_mixin.py:190} INFO - [2025-06-27T08:00:50.934+0000] {dagbag.py:588} INFO - Filling up the DagBag from /home/airflow/.local/lib/python3.12/site-packages/airflow/example_dags/example_python_decorator.py
[2025-06-27T08:00:51.425+0000] {processor.py:925} INFO - DAG(s) 'example_python_decorator' retrieved from /home/airflow/.local/lib/python3.12/site-packages/airflow/example_dags/example_python_decorator.py
[2025-06-27T08:00:52.408+0000] {logging_mixin.py:190} INFO - [2025-06-27T08:00:52.405+0000] {dag.py:3239} INFO - Sync 1 DAGs
[2025-06-27T08:00:52.568+0000] {logging_mixin.py:190} INFO - [2025-06-27T08:00:52.568+0000] {dag.py:4180} INFO - Setting next_dagrun for example_python_decorator to None, run_after=None
[2025-06-27T08:00:52.653+0000] {processor.py:208} INFO - Processing /home/airflow/.local/lib/python3.12/site-packages/airflow/example_dags/example_python_decorator.py took 1.977 seconds
[2025-06-27T08:01:24.132+0000] {processor.py:186} INFO - Started process (PID=226) to work on /home/airflow/.local/lib/python3.12/site-packages/airflow/example_dags/example_python_decorator.py
[2025-06-27T08:01:24.137+0000] {processor.py:914} INFO - Processing file /home/airflow/.local/lib/python3.12/site-packages/airflow/example_dags/example_python_decorator.py for tasks to queue
[2025-06-27T08:01:24.150+0000] {logging_mixin.py:190} INFO - [2025-06-27T08:01:24.149+0000] {dagbag.py:588} INFO - Filling up the DagBag from /home/airflow/.local/lib/python3.12/site-packages/airflow/example_dags/example_python_decorator.py
[2025-06-27T08:01:24.327+0000] {processor.py:925} INFO - DAG(s) 'example_python_decorator' retrieved from /home/airflow/.local/lib/python3.12/site-packages/airflow/example_dags/example_python_decorator.py
[2025-06-27T08:01:24.464+0000] {logging_mixin.py:190} INFO - [2025-06-27T08:01:24.463+0000] {dag.py:3239} INFO - Sync 1 DAGs
[2025-06-27T08:01:24.677+0000] {logging_mixin.py:190} INFO - [2025-06-27T08:01:24.676+0000] {dag.py:4180} INFO - Setting next_dagrun for example_python_decorator to None, run_after=None
[2025-06-27T08:01:24.905+0000] {processor.py:208} INFO - Processing /home/airflow/.local/lib/python3.12/site-packages/airflow/example_dags/example_python_decorator.py took 0.828 seconds
[2025-06-27T08:01:55.610+0000] {processor.py:186} INFO - Started process (PID=288) to work on /home/airflow/.local/lib/python3.12/site-packages/airflow/example_dags/example_python_decorator.py
[2025-06-27T08:01:55.612+0000] {processor.py:914} INFO - Processing file /home/airflow/.local/lib/python3.12/site-packages/airflow/example_dags/example_python_decorator.py for tasks to queue
[2025-06-27T08:01:55.617+0000] {logging_mixin.py:190} INFO - [2025-06-27T08:01:55.616+0000] {dagbag.py:588} INFO - Filling up the DagBag from /home/airflow/.local/lib/python3.12/site-packages/airflow/example_dags/example_python_decorator.py
[2025-06-27T08:01:55.640+0000] {processor.py:925} INFO - DAG(s) 'example_python_decorator' retrieved from /home/airflow/.local/lib/python3.12/site-packages/airflow/example_dags/example_python_decorator.py
[2025-06-27T08:01:55.677+0000] {logging_mixin.py:190} INFO - [2025-06-27T08:01:55.677+0000] {dag.py:3239} INFO - Sync 1 DAGs
[2025-06-27T08:01:55.702+0000] {logging_mixin.py:190} INFO - [2025-06-27T08:01:55.702+0000] {dag.py:4180} INFO - Setting next_dagrun for example_python_decorator to None, run_after=None
[2025-06-27T08:01:55.735+0000] {processor.py:208} INFO - Processing /home/airflow/.local/lib/python3.12/site-packages/airflow/example_dags/example_python_decorator.py took 0.137 seconds
[2025-06-27T08:02:26.090+0000] {processor.py:186} INFO - Started process (PID=357) to work on /home/airflow/.local/lib/python3.12/site-packages/airflow/example_dags/example_python_decorator.py
[2025-06-27T08:02:26.092+0000] {processor.py:914} INFO - Processing file /home/airflow/.local/lib/python3.12/site-packages/airflow/example_dags/example_python_decorator.py for tasks to queue
[2025-06-27T08:02:26.095+0000] {logging_mixin.py:190} INFO - [2025-06-27T08:02:26.095+0000] {dagbag.py:588} INFO - Filling up the DagBag from /home/airflow/.local/lib/python3.12/site-packages/airflow/example_dags/example_python_decorator.py
[2025-06-27T08:02:26.119+0000] {processor.py:925} INFO - DAG(s) 'example_python_decorator' retrieved from /home/airflow/.local/lib/python3.12/site-packages/airflow/example_dags/example_python_decorator.py
[2025-06-27T08:02:26.155+0000] {logging_mixin.py:190} INFO - [2025-06-27T08:02:26.155+0000] {dag.py:3239} INFO - Sync 1 DAGs
[2025-06-27T08:02:26.177+0000] {logging_mixin.py:190} INFO - [2025-06-27T08:02:26.177+0000] {dag.py:4180} INFO - Setting next_dagrun for example_python_decorator to None, run_after=None
[2025-06-27T08:02:26.209+0000] {processor.py:208} INFO - Processing /home/airflow/.local/lib/python3.12/site-packages/airflow/example_dags/example_python_decorator.py took 0.132 seconds
[2025-06-27T08:02:56.535+0000] {processor.py:186} INFO - Started process (PID=420) to work on /home/airflow/.local/lib/python3.12/site-packages/airflow/example_dags/example_python_decorator.py
[2025-06-27T08:02:56.537+0000] {processor.py:914} INFO - Processing file /home/airflow/.local/lib/python3.12/site-packages/airflow/example_dags/example_python_decorator.py for tasks to queue
[2025-06-27T08:02:56.540+0000] {logging_mixin.py:190} INFO - [2025-06-27T08:02:56.540+0000] {dagbag.py:588} INFO - Filling up the DagBag from /home/airflow/.local/lib/python3.12/site-packages/airflow/example_dags/example_python_decorator.py
[2025-06-27T08:02:56.566+0000] {processor.py:925} INFO - DAG(s) 'example_python_decorator' retrieved from /home/airflow/.local/lib/python3.12/site-packages/airflow/example_dags/example_python_decorator.py
[2025-06-27T08:02:56.603+0000] {logging_mixin.py:190} INFO - [2025-06-27T08:02:56.602+0000] {dag.py:3239} INFO - Sync 1 DAGs
[2025-06-27T08:02:56.625+0000] {logging_mixin.py:190} INFO - [2025-06-27T08:02:56.625+0000] {dag.py:4180} INFO - Setting next_dagrun for example_python_decorator to None, run_after=None
[2025-06-27T08:02:56.656+0000] {processor.py:208} INFO - Processing /home/airflow/.local/lib/python3.12/site-packages/airflow/example_dags/example_python_decorator.py took 0.130 seconds
[2025-06-27T08:03:26.747+0000] {processor.py:186} INFO - Started process (PID=483) to work on /home/airflow/.local/lib/python3.12/site-packages/airflow/example_dags/example_python_decorator.py
[2025-06-27T08:03:26.750+0000] {processor.py:914} INFO - Processing file /home/airflow/.local/lib/python3.12/site-packages/airflow/example_dags/example_python_decorator.py for tasks to queue
[2025-06-27T08:03:26.756+0000] {logging_mixin.py:190} INFO - [2025-06-27T08:03:26.755+0000] {dagbag.py:588} INFO - Filling up the DagBag from /home/airflow/.local/lib/python3.12/site-packages/airflow/example_dags/example_python_decorator.py
[2025-06-27T08:03:26.791+0000] {processor.py:925} INFO - DAG(s) 'example_python_decorator' retrieved from /home/airflow/.local/lib/python3.12/site-packages/airflow/example_dags/example_python_decorator.py
[2025-06-27T08:03:26.836+0000] {logging_mixin.py:190} INFO - [2025-06-27T08:03:26.835+0000] {dag.py:3239} INFO - Sync 1 DAGs
[2025-06-27T08:03:26.872+0000] {logging_mixin.py:190} INFO - [2025-06-27T08:03:26.872+0000] {dag.py:4180} INFO - Setting next_dagrun for example_python_decorator to None, run_after=None
[2025-06-27T08:03:26.917+0000] {processor.py:208} INFO - Processing /home/airflow/.local/lib/python3.12/site-packages/airflow/example_dags/example_python_decorator.py took 0.179 seconds
[2025-06-27T08:03:57.111+0000] {processor.py:186} INFO - Started process (PID=545) to work on /home/airflow/.local/lib/python3.12/site-packages/airflow/example_dags/example_python_decorator.py
[2025-06-27T08:03:57.114+0000] {processor.py:914} INFO - Processing file /home/airflow/.local/lib/python3.12/site-packages/airflow/example_dags/example_python_decorator.py for tasks to queue
[2025-06-27T08:03:57.119+0000] {logging_mixin.py:190} INFO - [2025-06-27T08:03:57.118+0000] {dagbag.py:588} INFO - Filling up the DagBag from /home/airflow/.local/lib/python3.12/site-packages/airflow/example_dags/example_python_decorator.py
[2025-06-27T08:03:57.160+0000] {processor.py:925} INFO - DAG(s) 'example_python_decorator' retrieved from /home/airflow/.local/lib/python3.12/site-packages/airflow/example_dags/example_python_decorator.py
[2025-06-27T08:03:57.219+0000] {logging_mixin.py:190} INFO - [2025-06-27T08:03:57.219+0000] {dag.py:3239} INFO - Sync 1 DAGs
[2025-06-27T08:03:57.267+0000] {logging_mixin.py:190} INFO - [2025-06-27T08:03:57.266+0000] {dag.py:4180} INFO - Setting next_dagrun for example_python_decorator to None, run_after=None
[2025-06-27T08:03:57.312+0000] {processor.py:208} INFO - Processing /home/airflow/.local/lib/python3.12/site-packages/airflow/example_dags/example_python_decorator.py took 0.217 seconds
[2025-06-27T08:04:27.985+0000] {processor.py:186} INFO - Started process (PID=608) to work on /home/airflow/.local/lib/python3.12/site-packages/airflow/example_dags/example_python_decorator.py
[2025-06-27T08:04:27.989+0000] {processor.py:914} INFO - Processing file /home/airflow/.local/lib/python3.12/site-packages/airflow/example_dags/example_python_decorator.py for tasks to queue
[2025-06-27T08:04:27.999+0000] {logging_mixin.py:190} INFO - [2025-06-27T08:04:27.998+0000] {dagbag.py:588} INFO - Filling up the DagBag from /home/airflow/.local/lib/python3.12/site-packages/airflow/example_dags/example_python_decorator.py
[2025-06-27T08:04:28.082+0000] {processor.py:925} INFO - DAG(s) 'example_python_decorator' retrieved from /home/airflow/.local/lib/python3.12/site-packages/airflow/example_dags/example_python_decorator.py
[2025-06-27T08:04:28.179+0000] {logging_mixin.py:190} INFO - [2025-06-27T08:04:28.178+0000] {dag.py:3239} INFO - Sync 1 DAGs
[2025-06-27T08:04:28.255+0000] {logging_mixin.py:190} INFO - [2025-06-27T08:04:28.254+0000] {dag.py:4180} INFO - Setting next_dagrun for example_python_decorator to None, run_after=None
[2025-06-27T08:04:28.308+0000] {processor.py:208} INFO - Processing /home/airflow/.local/lib/python3.12/site-packages/airflow/example_dags/example_python_decorator.py took 0.348 seconds
[2025-06-27T08:04:58.868+0000] {processor.py:186} INFO - Started process (PID=672) to work on /home/airflow/.local/lib/python3.12/site-packages/airflow/example_dags/example_python_decorator.py
[2025-06-27T08:04:58.873+0000] {processor.py:914} INFO - Processing file /home/airflow/.local/lib/python3.12/site-packages/airflow/example_dags/example_python_decorator.py for tasks to queue
[2025-06-27T08:04:58.882+0000] {logging_mixin.py:190} INFO - [2025-06-27T08:04:58.880+0000] {dagbag.py:588} INFO - Filling up the DagBag from /home/airflow/.local/lib/python3.12/site-packages/airflow/example_dags/example_python_decorator.py
[2025-06-27T08:04:58.956+0000] {processor.py:925} INFO - DAG(s) 'example_python_decorator' retrieved from /home/airflow/.local/lib/python3.12/site-packages/airflow/example_dags/example_python_decorator.py
[2025-06-27T08:04:59.055+0000] {logging_mixin.py:190} INFO - [2025-06-27T08:04:59.054+0000] {dag.py:3239} INFO - Sync 1 DAGs
[2025-06-27T08:04:59.150+0000] {logging_mixin.py:190} INFO - [2025-06-27T08:04:59.143+0000] {dag.py:4180} INFO - Setting next_dagrun for example_python_decorator to None, run_after=None
[2025-06-27T08:04:59.252+0000] {processor.py:208} INFO - Processing /home/airflow/.local/lib/python3.12/site-packages/airflow/example_dags/example_python_decorator.py took 0.408 seconds
[2025-06-27T08:05:34.138+0000] {processor.py:186} INFO - Started process (PID=735) to work on /home/airflow/.local/lib/python3.12/site-packages/airflow/example_dags/example_python_decorator.py
[2025-06-27T08:05:34.146+0000] {processor.py:914} INFO - Processing file /home/airflow/.local/lib/python3.12/site-packages/airflow/example_dags/example_python_decorator.py for tasks to queue
[2025-06-27T08:05:34.160+0000] {logging_mixin.py:190} INFO - [2025-06-27T08:05:34.158+0000] {dagbag.py:588} INFO - Filling up the DagBag from /home/airflow/.local/lib/python3.12/site-packages/airflow/example_dags/example_python_decorator.py
[2025-06-27T08:05:34.234+0000] {processor.py:925} INFO - DAG(s) 'example_python_decorator' retrieved from /home/airflow/.local/lib/python3.12/site-packages/airflow/example_dags/example_python_decorator.py
[2025-06-27T08:05:34.330+0000] {logging_mixin.py:190} INFO - [2025-06-27T08:05:34.329+0000] {dag.py:3239} INFO - Sync 1 DAGs
[2025-06-27T08:05:34.417+0000] {logging_mixin.py:190} INFO - [2025-06-27T08:05:34.415+0000] {dag.py:4180} INFO - Setting next_dagrun for example_python_decorator to None, run_after=None
[2025-06-27T08:05:34.510+0000] {processor.py:208} INFO - Processing /home/airflow/.local/lib/python3.12/site-packages/airflow/example_dags/example_python_decorator.py took 0.427 seconds
[2025-06-27T08:06:07.694+0000] {processor.py:186} INFO - Started process (PID=800) to work on /home/airflow/.local/lib/python3.12/site-packages/airflow/example_dags/example_python_decorator.py
[2025-06-27T08:06:07.697+0000] {processor.py:914} INFO - Processing file /home/airflow/.local/lib/python3.12/site-packages/airflow/example_dags/example_python_decorator.py for tasks to queue
[2025-06-27T08:06:07.705+0000] {logging_mixin.py:190} INFO - [2025-06-27T08:06:07.704+0000] {dagbag.py:588} INFO - Filling up the DagBag from /home/airflow/.local/lib/python3.12/site-packages/airflow/example_dags/example_python_decorator.py
[2025-06-27T08:06:07.755+0000] {processor.py:925} INFO - DAG(s) 'example_python_decorator' retrieved from /home/airflow/.local/lib/python3.12/site-packages/airflow/example_dags/example_python_decorator.py
[2025-06-27T08:06:07.833+0000] {logging_mixin.py:190} INFO - [2025-06-27T08:06:07.832+0000] {dag.py:3239} INFO - Sync 1 DAGs
[2025-06-27T08:06:07.875+0000] {logging_mixin.py:190} INFO - [2025-06-27T08:06:07.874+0000] {dag.py:4180} INFO - Setting next_dagrun for example_python_decorator to None, run_after=None
[2025-06-27T08:06:07.942+0000] {processor.py:208} INFO - Processing /home/airflow/.local/lib/python3.12/site-packages/airflow/example_dags/example_python_decorator.py took 0.265 seconds
