[2025-06-27T07:36:31.420+0000] {processor.py:186} INFO - Started process (PID=138) to work on /home/airflow/.local/lib/python3.12/site-packages/airflow/example_dags/example_branch_datetime_operator.py
[2025-06-27T07:36:31.443+0000] {processor.py:914} INFO - Processing file /home/airflow/.local/lib/python3.12/site-packages/airflow/example_dags/example_branch_datetime_operator.py for tasks to queue
[2025-06-27T07:36:31.467+0000] {logging_mixin.py:190} INFO - [2025-06-27T07:36:31.465+0000] {dagbag.py:588} INFO - Filling up the DagBag from /home/airflow/.local/lib/python3.12/site-packages/airflow/example_dags/example_branch_datetime_operator.py
[2025-06-27T07:36:31.648+0000] {processor.py:925} INFO - DAG(s) 'example_branch_datetime_operator_3', 'example_branch_datetime_operator', 'example_branch_datetime_operator_2' retrieved from /home/airflow/.local/lib/python3.12/site-packages/airflow/example_dags/example_branch_datetime_operator.py
[2025-06-27T07:36:34.596+0000] {logging_mixin.py:190} INFO - [2025-06-27T07:36:34.593+0000] {override.py:1900} INFO - Created Permission View: can read on DAG:example_branch_datetime_operator_3
[2025-06-27T07:36:34.736+0000] {logging_mixin.py:190} INFO - [2025-06-27T07:36:34.735+0000] {override.py:1900} INFO - Created Permission View: can edit on DAG:example_branch_datetime_operator_3
[2025-06-27T07:36:34.839+0000] {logging_mixin.py:190} INFO - [2025-06-27T07:36:34.838+0000] {override.py:1900} INFO - Created Permission View: can delete on DAG:example_branch_datetime_operator_3
[2025-06-27T07:36:34.936+0000] {logging_mixin.py:190} INFO - [2025-06-27T07:36:34.935+0000] {override.py:1900} INFO - Created Permission View: can read on DAG Run:example_branch_datetime_operator_3
[2025-06-27T07:36:35.006+0000] {logging_mixin.py:190} INFO - [2025-06-27T07:36:35.005+0000] {override.py:1900} INFO - Created Permission View: can create on DAG Run:example_branch_datetime_operator_3
[2025-06-27T07:36:35.060+0000] {logging_mixin.py:190} INFO - [2025-06-27T07:36:35.058+0000] {override.py:1900} INFO - Created Permission View: can delete on DAG Run:example_branch_datetime_operator_3
[2025-06-27T07:36:35.157+0000] {logging_mixin.py:190} INFO - [2025-06-27T07:36:35.154+0000] {override.py:1900} INFO - Created Permission View: menu access on DAG Run:example_branch_datetime_operator_3
[2025-06-27T07:36:35.281+0000] {logging_mixin.py:190} INFO - [2025-06-27T07:36:35.280+0000] {override.py:1900} INFO - Created Permission View: can read on DAG:example_branch_datetime_operator
[2025-06-27T07:36:35.350+0000] {logging_mixin.py:190} INFO - [2025-06-27T07:36:35.345+0000] {override.py:1900} INFO - Created Permission View: can edit on DAG:example_branch_datetime_operator
[2025-06-27T07:36:35.505+0000] {logging_mixin.py:190} INFO - [2025-06-27T07:36:35.504+0000] {override.py:1900} INFO - Created Permission View: can delete on DAG:example_branch_datetime_operator
[2025-06-27T07:36:35.646+0000] {logging_mixin.py:190} INFO - [2025-06-27T07:36:35.645+0000] {override.py:1900} INFO - Created Permission View: can read on DAG Run:example_branch_datetime_operator
[2025-06-27T07:36:35.754+0000] {logging_mixin.py:190} INFO - [2025-06-27T07:36:35.752+0000] {override.py:1900} INFO - Created Permission View: can create on DAG Run:example_branch_datetime_operator
[2025-06-27T07:36:35.836+0000] {logging_mixin.py:190} INFO - [2025-06-27T07:36:35.835+0000] {override.py:1900} INFO - Created Permission View: can delete on DAG Run:example_branch_datetime_operator
[2025-06-27T07:36:35.895+0000] {logging_mixin.py:190} INFO - [2025-06-27T07:36:35.894+0000] {override.py:1900} INFO - Created Permission View: menu access on DAG Run:example_branch_datetime_operator
[2025-06-27T07:36:36.125+0000] {logging_mixin.py:190} INFO - [2025-06-27T07:36:36.121+0000] {override.py:1900} INFO - Created Permission View: can read on DAG:example_branch_datetime_operator_2
[2025-06-27T07:36:36.288+0000] {logging_mixin.py:190} INFO - [2025-06-27T07:36:36.286+0000] {override.py:1900} INFO - Created Permission View: can edit on DAG:example_branch_datetime_operator_2
[2025-06-27T07:36:36.434+0000] {logging_mixin.py:190} INFO - [2025-06-27T07:36:36.423+0000] {override.py:1900} INFO - Created Permission View: can delete on DAG:example_branch_datetime_operator_2
[2025-06-27T07:36:36.528+0000] {logging_mixin.py:190} INFO - [2025-06-27T07:36:36.527+0000] {override.py:1900} INFO - Created Permission View: can read on DAG Run:example_branch_datetime_operator_2
[2025-06-27T07:36:36.651+0000] {logging_mixin.py:190} INFO - [2025-06-27T07:36:36.650+0000] {override.py:1900} INFO - Created Permission View: can create on DAG Run:example_branch_datetime_operator_2
[2025-06-27T07:36:36.745+0000] {logging_mixin.py:190} INFO - [2025-06-27T07:36:36.744+0000] {override.py:1900} INFO - Created Permission View: can delete on DAG Run:example_branch_datetime_operator_2
[2025-06-27T07:36:36.889+0000] {logging_mixin.py:190} INFO - [2025-06-27T07:36:36.888+0000] {override.py:1900} INFO - Created Permission View: menu access on DAG Run:example_branch_datetime_operator_2
[2025-06-27T07:36:36.897+0000] {logging_mixin.py:190} INFO - [2025-06-27T07:36:36.895+0000] {dag.py:3239} INFO - Sync 3 DAGs
[2025-06-27T07:36:37.271+0000] {logging_mixin.py:190} INFO - [2025-06-27T07:36:37.269+0000] {dag.py:3262} INFO - Creating ORM DAG for example_branch_datetime_operator_3
[2025-06-27T07:36:37.287+0000] {logging_mixin.py:190} INFO - [2025-06-27T07:36:37.286+0000] {dag.py:3262} INFO - Creating ORM DAG for example_branch_datetime_operator_2
[2025-06-27T07:36:37.334+0000] {logging_mixin.py:190} INFO - [2025-06-27T07:36:37.320+0000] {dag.py:3262} INFO - Creating ORM DAG for example_branch_datetime_operator
[2025-06-27T07:36:37.461+0000] {logging_mixin.py:190} INFO - [2025-06-27T07:36:37.460+0000] {dag.py:4180} INFO - Setting next_dagrun for example_branch_datetime_operator to 2025-06-26 00:00:00+00:00, run_after=2025-06-27 00:00:00+00:00
[2025-06-27T07:36:37.481+0000] {logging_mixin.py:190} INFO - [2025-06-27T07:36:37.480+0000] {dag.py:4180} INFO - Setting next_dagrun for example_branch_datetime_operator_2 to 2025-06-26 00:00:00+00:00, run_after=2025-06-27 00:00:00+00:00
[2025-06-27T07:36:37.521+0000] {logging_mixin.py:190} INFO - [2025-06-27T07:36:37.520+0000] {dag.py:4180} INFO - Setting next_dagrun for example_branch_datetime_operator_3 to 2025-06-26 00:00:00+00:00, run_after=2025-06-27 00:00:00+00:00
[2025-06-27T07:36:37.742+0000] {processor.py:208} INFO - Processing /home/airflow/.local/lib/python3.12/site-packages/airflow/example_dags/example_branch_datetime_operator.py took 6.538 seconds
[2025-06-27T07:37:34.027+0000] {processor.py:186} INFO - Started process (PID=207) to work on /home/airflow/.local/lib/python3.12/site-packages/airflow/example_dags/example_branch_datetime_operator.py
[2025-06-27T07:37:34.033+0000] {processor.py:914} INFO - Processing file /home/airflow/.local/lib/python3.12/site-packages/airflow/example_dags/example_branch_datetime_operator.py for tasks to queue
[2025-06-27T07:37:34.048+0000] {logging_mixin.py:190} INFO - [2025-06-27T07:37:34.047+0000] {dagbag.py:588} INFO - Filling up the DagBag from /home/airflow/.local/lib/python3.12/site-packages/airflow/example_dags/example_branch_datetime_operator.py
[2025-06-27T07:37:34.116+0000] {processor.py:925} INFO - DAG(s) 'example_branch_datetime_operator_2', 'example_branch_datetime_operator', 'example_branch_datetime_operator_3' retrieved from /home/airflow/.local/lib/python3.12/site-packages/airflow/example_dags/example_branch_datetime_operator.py
[2025-06-27T07:37:34.214+0000] {logging_mixin.py:190} INFO - [2025-06-27T07:37:34.213+0000] {dag.py:3239} INFO - Sync 3 DAGs
[2025-06-27T07:37:34.328+0000] {logging_mixin.py:190} INFO - [2025-06-27T07:37:34.327+0000] {dag.py:4180} INFO - Setting next_dagrun for example_branch_datetime_operator to 2025-06-26 00:00:00+00:00, run_after=2025-06-27 00:00:00+00:00
[2025-06-27T07:37:34.348+0000] {logging_mixin.py:190} INFO - [2025-06-27T07:37:34.347+0000] {dag.py:4180} INFO - Setting next_dagrun for example_branch_datetime_operator_2 to 2025-06-26 00:00:00+00:00, run_after=2025-06-27 00:00:00+00:00
[2025-06-27T07:37:34.358+0000] {logging_mixin.py:190} INFO - [2025-06-27T07:37:34.358+0000] {dag.py:4180} INFO - Setting next_dagrun for example_branch_datetime_operator_3 to 2025-06-26 00:00:00+00:00, run_after=2025-06-27 00:00:00+00:00
[2025-06-27T07:37:34.448+0000] {processor.py:208} INFO - Processing /home/airflow/.local/lib/python3.12/site-packages/airflow/example_dags/example_branch_datetime_operator.py took 0.488 seconds
[2025-06-27T07:38:17.652+0000] {processor.py:186} INFO - Started process (PID=269) to work on /home/airflow/.local/lib/python3.12/site-packages/airflow/example_dags/example_branch_datetime_operator.py
[2025-06-27T07:38:17.660+0000] {processor.py:914} INFO - Processing file /home/airflow/.local/lib/python3.12/site-packages/airflow/example_dags/example_branch_datetime_operator.py for tasks to queue
[2025-06-27T07:38:17.671+0000] {logging_mixin.py:190} INFO - [2025-06-27T07:38:17.669+0000] {dagbag.py:588} INFO - Filling up the DagBag from /home/airflow/.local/lib/python3.12/site-packages/airflow/example_dags/example_branch_datetime_operator.py
[2025-06-27T07:38:17.737+0000] {processor.py:925} INFO - DAG(s) 'example_branch_datetime_operator_2', 'example_branch_datetime_operator_3', 'example_branch_datetime_operator' retrieved from /home/airflow/.local/lib/python3.12/site-packages/airflow/example_dags/example_branch_datetime_operator.py
[2025-06-27T07:38:17.866+0000] {logging_mixin.py:190} INFO - [2025-06-27T07:38:17.866+0000] {dag.py:3239} INFO - Sync 3 DAGs
[2025-06-27T07:38:18.048+0000] {logging_mixin.py:190} INFO - [2025-06-27T07:38:18.047+0000] {dag.py:4180} INFO - Setting next_dagrun for example_branch_datetime_operator to 2025-06-26 00:00:00+00:00, run_after=2025-06-27 00:00:00+00:00
[2025-06-27T07:38:18.086+0000] {logging_mixin.py:190} INFO - [2025-06-27T07:38:18.085+0000] {dag.py:4180} INFO - Setting next_dagrun for example_branch_datetime_operator_2 to 2025-06-26 00:00:00+00:00, run_after=2025-06-27 00:00:00+00:00
[2025-06-27T07:38:18.119+0000] {logging_mixin.py:190} INFO - [2025-06-27T07:38:18.118+0000] {dag.py:4180} INFO - Setting next_dagrun for example_branch_datetime_operator_3 to 2025-06-26 00:00:00+00:00, run_after=2025-06-27 00:00:00+00:00
[2025-06-27T07:38:18.237+0000] {processor.py:208} INFO - Processing /home/airflow/.local/lib/python3.12/site-packages/airflow/example_dags/example_branch_datetime_operator.py took 0.610 seconds
[2025-06-27T07:38:48.918+0000] {processor.py:186} INFO - Started process (PID=331) to work on /home/airflow/.local/lib/python3.12/site-packages/airflow/example_dags/example_branch_datetime_operator.py
[2025-06-27T07:38:48.929+0000] {processor.py:914} INFO - Processing file /home/airflow/.local/lib/python3.12/site-packages/airflow/example_dags/example_branch_datetime_operator.py for tasks to queue
[2025-06-27T07:38:48.959+0000] {logging_mixin.py:190} INFO - [2025-06-27T07:38:48.958+0000] {dagbag.py:588} INFO - Filling up the DagBag from /home/airflow/.local/lib/python3.12/site-packages/airflow/example_dags/example_branch_datetime_operator.py
[2025-06-27T07:38:49.057+0000] {processor.py:925} INFO - DAG(s) 'example_branch_datetime_operator_2', 'example_branch_datetime_operator', 'example_branch_datetime_operator_3' retrieved from /home/airflow/.local/lib/python3.12/site-packages/airflow/example_dags/example_branch_datetime_operator.py
[2025-06-27T07:38:49.238+0000] {logging_mixin.py:190} INFO - [2025-06-27T07:38:49.237+0000] {dag.py:3239} INFO - Sync 3 DAGs
[2025-06-27T07:38:49.444+0000] {logging_mixin.py:190} INFO - [2025-06-27T07:38:49.443+0000] {dag.py:4180} INFO - Setting next_dagrun for example_branch_datetime_operator to 2025-06-26 00:00:00+00:00, run_after=2025-06-27 00:00:00+00:00
[2025-06-27T07:38:49.474+0000] {logging_mixin.py:190} INFO - [2025-06-27T07:38:49.473+0000] {dag.py:4180} INFO - Setting next_dagrun for example_branch_datetime_operator_2 to 2025-06-26 00:00:00+00:00, run_after=2025-06-27 00:00:00+00:00
[2025-06-27T07:38:49.491+0000] {logging_mixin.py:190} INFO - [2025-06-27T07:38:49.490+0000] {dag.py:4180} INFO - Setting next_dagrun for example_branch_datetime_operator_3 to 2025-06-26 00:00:00+00:00, run_after=2025-06-27 00:00:00+00:00
[2025-06-27T07:38:49.601+0000] {processor.py:208} INFO - Processing /home/airflow/.local/lib/python3.12/site-packages/airflow/example_dags/example_branch_datetime_operator.py took 0.736 seconds
[2025-06-27T07:39:31.448+0000] {processor.py:186} INFO - Started process (PID=394) to work on /home/airflow/.local/lib/python3.12/site-packages/airflow/example_dags/example_branch_datetime_operator.py
[2025-06-27T07:39:31.457+0000] {processor.py:914} INFO - Processing file /home/airflow/.local/lib/python3.12/site-packages/airflow/example_dags/example_branch_datetime_operator.py for tasks to queue
[2025-06-27T07:39:31.506+0000] {logging_mixin.py:190} INFO - [2025-06-27T07:39:31.495+0000] {dagbag.py:588} INFO - Filling up the DagBag from /home/airflow/.local/lib/python3.12/site-packages/airflow/example_dags/example_branch_datetime_operator.py
[2025-06-27T07:39:31.692+0000] {processor.py:925} INFO - DAG(s) 'example_branch_datetime_operator_2', 'example_branch_datetime_operator_3', 'example_branch_datetime_operator' retrieved from /home/airflow/.local/lib/python3.12/site-packages/airflow/example_dags/example_branch_datetime_operator.py
[2025-06-27T07:39:32.017+0000] {logging_mixin.py:190} INFO - [2025-06-27T07:39:32.016+0000] {dag.py:3239} INFO - Sync 3 DAGs
[2025-06-27T07:39:32.348+0000] {logging_mixin.py:190} INFO - [2025-06-27T07:39:32.346+0000] {dag.py:4180} INFO - Setting next_dagrun for example_branch_datetime_operator to 2025-06-26 00:00:00+00:00, run_after=2025-06-27 00:00:00+00:00
[2025-06-27T07:39:32.401+0000] {logging_mixin.py:190} INFO - [2025-06-27T07:39:32.400+0000] {dag.py:4180} INFO - Setting next_dagrun for example_branch_datetime_operator_2 to 2025-06-26 00:00:00+00:00, run_after=2025-06-27 00:00:00+00:00
[2025-06-27T07:39:32.435+0000] {logging_mixin.py:190} INFO - [2025-06-27T07:39:32.434+0000] {dag.py:4180} INFO - Setting next_dagrun for example_branch_datetime_operator_3 to 2025-06-26 00:00:00+00:00, run_after=2025-06-27 00:00:00+00:00
[2025-06-27T07:39:32.568+0000] {processor.py:208} INFO - Processing /home/airflow/.local/lib/python3.12/site-packages/airflow/example_dags/example_branch_datetime_operator.py took 1.364 seconds
[2025-06-27T07:40:03.082+0000] {processor.py:186} INFO - Started process (PID=457) to work on /home/airflow/.local/lib/python3.12/site-packages/airflow/example_dags/example_branch_datetime_operator.py
[2025-06-27T07:40:03.085+0000] {processor.py:914} INFO - Processing file /home/airflow/.local/lib/python3.12/site-packages/airflow/example_dags/example_branch_datetime_operator.py for tasks to queue
[2025-06-27T07:40:03.091+0000] {logging_mixin.py:190} INFO - [2025-06-27T07:40:03.091+0000] {dagbag.py:588} INFO - Filling up the DagBag from /home/airflow/.local/lib/python3.12/site-packages/airflow/example_dags/example_branch_datetime_operator.py
[2025-06-27T07:40:03.162+0000] {processor.py:925} INFO - DAG(s) 'example_branch_datetime_operator', 'example_branch_datetime_operator_3', 'example_branch_datetime_operator_2' retrieved from /home/airflow/.local/lib/python3.12/site-packages/airflow/example_dags/example_branch_datetime_operator.py
[2025-06-27T07:40:03.293+0000] {logging_mixin.py:190} INFO - [2025-06-27T07:40:03.292+0000] {dag.py:3239} INFO - Sync 3 DAGs
[2025-06-27T07:40:03.453+0000] {logging_mixin.py:190} INFO - [2025-06-27T07:40:03.452+0000] {dag.py:4180} INFO - Setting next_dagrun for example_branch_datetime_operator to 2025-06-26 00:00:00+00:00, run_after=2025-06-27 00:00:00+00:00
[2025-06-27T07:40:03.495+0000] {logging_mixin.py:190} INFO - [2025-06-27T07:40:03.493+0000] {dag.py:4180} INFO - Setting next_dagrun for example_branch_datetime_operator_2 to 2025-06-26 00:00:00+00:00, run_after=2025-06-27 00:00:00+00:00
[2025-06-27T07:40:03.510+0000] {logging_mixin.py:190} INFO - [2025-06-27T07:40:03.509+0000] {dag.py:4180} INFO - Setting next_dagrun for example_branch_datetime_operator_3 to 2025-06-26 00:00:00+00:00, run_after=2025-06-27 00:00:00+00:00
[2025-06-27T07:40:03.635+0000] {processor.py:208} INFO - Processing /home/airflow/.local/lib/python3.12/site-packages/airflow/example_dags/example_branch_datetime_operator.py took 0.581 seconds
[2025-06-27T07:40:34.483+0000] {processor.py:186} INFO - Started process (PID=526) to work on /home/airflow/.local/lib/python3.12/site-packages/airflow/example_dags/example_branch_datetime_operator.py
[2025-06-27T07:40:34.511+0000] {processor.py:914} INFO - Processing file /home/airflow/.local/lib/python3.12/site-packages/airflow/example_dags/example_branch_datetime_operator.py for tasks to queue
[2025-06-27T07:40:34.577+0000] {logging_mixin.py:190} INFO - [2025-06-27T07:40:34.576+0000] {dagbag.py:588} INFO - Filling up the DagBag from /home/airflow/.local/lib/python3.12/site-packages/airflow/example_dags/example_branch_datetime_operator.py
[2025-06-27T07:40:34.741+0000] {processor.py:925} INFO - DAG(s) 'example_branch_datetime_operator_2', 'example_branch_datetime_operator_3', 'example_branch_datetime_operator' retrieved from /home/airflow/.local/lib/python3.12/site-packages/airflow/example_dags/example_branch_datetime_operator.py
[2025-06-27T07:40:34.966+0000] {logging_mixin.py:190} INFO - [2025-06-27T07:40:34.965+0000] {dag.py:3239} INFO - Sync 3 DAGs
[2025-06-27T07:40:35.174+0000] {logging_mixin.py:190} INFO - [2025-06-27T07:40:35.172+0000] {dag.py:4180} INFO - Setting next_dagrun for example_branch_datetime_operator to 2025-06-26 00:00:00+00:00, run_after=2025-06-27 00:00:00+00:00
[2025-06-27T07:40:35.218+0000] {logging_mixin.py:190} INFO - [2025-06-27T07:40:35.216+0000] {dag.py:4180} INFO - Setting next_dagrun for example_branch_datetime_operator_2 to 2025-06-26 00:00:00+00:00, run_after=2025-06-27 00:00:00+00:00
[2025-06-27T07:40:35.241+0000] {logging_mixin.py:190} INFO - [2025-06-27T07:40:35.240+0000] {dag.py:4180} INFO - Setting next_dagrun for example_branch_datetime_operator_3 to 2025-06-26 00:00:00+00:00, run_after=2025-06-27 00:00:00+00:00
[2025-06-27T07:40:35.370+0000] {processor.py:208} INFO - Processing /home/airflow/.local/lib/python3.12/site-packages/airflow/example_dags/example_branch_datetime_operator.py took 0.957 seconds
[2025-06-27T07:41:05.800+0000] {processor.py:186} INFO - Started process (PID=589) to work on /home/airflow/.local/lib/python3.12/site-packages/airflow/example_dags/example_branch_datetime_operator.py
[2025-06-27T07:41:05.803+0000] {processor.py:914} INFO - Processing file /home/airflow/.local/lib/python3.12/site-packages/airflow/example_dags/example_branch_datetime_operator.py for tasks to queue
[2025-06-27T07:41:05.808+0000] {logging_mixin.py:190} INFO - [2025-06-27T07:41:05.807+0000] {dagbag.py:588} INFO - Filling up the DagBag from /home/airflow/.local/lib/python3.12/site-packages/airflow/example_dags/example_branch_datetime_operator.py
[2025-06-27T07:41:05.837+0000] {processor.py:925} INFO - DAG(s) 'example_branch_datetime_operator_2', 'example_branch_datetime_operator_3', 'example_branch_datetime_operator' retrieved from /home/airflow/.local/lib/python3.12/site-packages/airflow/example_dags/example_branch_datetime_operator.py
[2025-06-27T07:41:05.906+0000] {logging_mixin.py:190} INFO - [2025-06-27T07:41:05.906+0000] {dag.py:3239} INFO - Sync 3 DAGs
[2025-06-27T07:41:06.002+0000] {logging_mixin.py:190} INFO - [2025-06-27T07:41:06.002+0000] {dag.py:4180} INFO - Setting next_dagrun for example_branch_datetime_operator to 2025-06-26 00:00:00+00:00, run_after=2025-06-27 00:00:00+00:00
[2025-06-27T07:41:06.018+0000] {logging_mixin.py:190} INFO - [2025-06-27T07:41:06.017+0000] {dag.py:4180} INFO - Setting next_dagrun for example_branch_datetime_operator_2 to 2025-06-26 00:00:00+00:00, run_after=2025-06-27 00:00:00+00:00
[2025-06-27T07:41:06.023+0000] {logging_mixin.py:190} INFO - [2025-06-27T07:41:06.023+0000] {dag.py:4180} INFO - Setting next_dagrun for example_branch_datetime_operator_3 to 2025-06-26 00:00:00+00:00, run_after=2025-06-27 00:00:00+00:00
[2025-06-27T07:41:06.084+0000] {processor.py:208} INFO - Processing /home/airflow/.local/lib/python3.12/site-packages/airflow/example_dags/example_branch_datetime_operator.py took 0.295 seconds
[2025-06-27T07:41:40.953+0000] {processor.py:186} INFO - Started process (PID=646) to work on /home/airflow/.local/lib/python3.12/site-packages/airflow/example_dags/example_branch_datetime_operator.py
[2025-06-27T07:41:40.958+0000] {processor.py:914} INFO - Processing file /home/airflow/.local/lib/python3.12/site-packages/airflow/example_dags/example_branch_datetime_operator.py for tasks to queue
[2025-06-27T07:41:40.969+0000] {logging_mixin.py:190} INFO - [2025-06-27T07:41:40.967+0000] {dagbag.py:588} INFO - Filling up the DagBag from /home/airflow/.local/lib/python3.12/site-packages/airflow/example_dags/example_branch_datetime_operator.py
[2025-06-27T07:41:41.017+0000] {processor.py:925} INFO - DAG(s) 'example_branch_datetime_operator', 'example_branch_datetime_operator_2', 'example_branch_datetime_operator_3' retrieved from /home/airflow/.local/lib/python3.12/site-packages/airflow/example_dags/example_branch_datetime_operator.py
[2025-06-27T07:41:41.110+0000] {logging_mixin.py:190} INFO - [2025-06-27T07:41:41.109+0000] {dag.py:3239} INFO - Sync 3 DAGs
[2025-06-27T07:41:41.209+0000] {logging_mixin.py:190} INFO - [2025-06-27T07:41:41.208+0000] {dag.py:4180} INFO - Setting next_dagrun for example_branch_datetime_operator to 2025-06-26 00:00:00+00:00, run_after=2025-06-27 00:00:00+00:00
[2025-06-27T07:41:41.229+0000] {logging_mixin.py:190} INFO - [2025-06-27T07:41:41.228+0000] {dag.py:4180} INFO - Setting next_dagrun for example_branch_datetime_operator_2 to 2025-06-26 00:00:00+00:00, run_after=2025-06-27 00:00:00+00:00
[2025-06-27T07:41:41.240+0000] {logging_mixin.py:190} INFO - [2025-06-27T07:41:41.239+0000] {dag.py:4180} INFO - Setting next_dagrun for example_branch_datetime_operator_3 to 2025-06-26 00:00:00+00:00, run_after=2025-06-27 00:00:00+00:00
[2025-06-27T07:41:41.311+0000] {processor.py:208} INFO - Processing /home/airflow/.local/lib/python3.12/site-packages/airflow/example_dags/example_branch_datetime_operator.py took 0.379 seconds
[2025-06-27T07:42:30.633+0000] {processor.py:186} INFO - Started process (PID=704) to work on /home/airflow/.local/lib/python3.12/site-packages/airflow/example_dags/example_branch_datetime_operator.py
[2025-06-27T07:42:30.637+0000] {processor.py:914} INFO - Processing file /home/airflow/.local/lib/python3.12/site-packages/airflow/example_dags/example_branch_datetime_operator.py for tasks to queue
[2025-06-27T07:42:30.654+0000] {logging_mixin.py:190} INFO - [2025-06-27T07:42:30.652+0000] {dagbag.py:588} INFO - Filling up the DagBag from /home/airflow/.local/lib/python3.12/site-packages/airflow/example_dags/example_branch_datetime_operator.py
[2025-06-27T07:42:30.869+0000] {processor.py:925} INFO - DAG(s) 'example_branch_datetime_operator_3', 'example_branch_datetime_operator_2', 'example_branch_datetime_operator' retrieved from /home/airflow/.local/lib/python3.12/site-packages/airflow/example_dags/example_branch_datetime_operator.py
[2025-06-27T07:42:31.163+0000] {logging_mixin.py:190} INFO - [2025-06-27T07:42:31.157+0000] {dag.py:3239} INFO - Sync 3 DAGs
[2025-06-27T07:42:31.442+0000] {logging_mixin.py:190} INFO - [2025-06-27T07:42:31.441+0000] {dag.py:4180} INFO - Setting next_dagrun for example_branch_datetime_operator to 2025-06-26 00:00:00+00:00, run_after=2025-06-27 00:00:00+00:00
[2025-06-27T07:42:31.507+0000] {logging_mixin.py:190} INFO - [2025-06-27T07:42:31.506+0000] {dag.py:4180} INFO - Setting next_dagrun for example_branch_datetime_operator_2 to 2025-06-26 00:00:00+00:00, run_after=2025-06-27 00:00:00+00:00
[2025-06-27T07:42:31.570+0000] {logging_mixin.py:190} INFO - [2025-06-27T07:42:31.569+0000] {dag.py:4180} INFO - Setting next_dagrun for example_branch_datetime_operator_3 to 2025-06-26 00:00:00+00:00, run_after=2025-06-27 00:00:00+00:00
[2025-06-27T07:42:31.821+0000] {processor.py:208} INFO - Processing /home/airflow/.local/lib/python3.12/site-packages/airflow/example_dags/example_branch_datetime_operator.py took 1.229 seconds
[2025-06-27T07:43:02.505+0000] {processor.py:186} INFO - Started process (PID=767) to work on /home/airflow/.local/lib/python3.12/site-packages/airflow/example_dags/example_branch_datetime_operator.py
[2025-06-27T07:43:02.508+0000] {processor.py:914} INFO - Processing file /home/airflow/.local/lib/python3.12/site-packages/airflow/example_dags/example_branch_datetime_operator.py for tasks to queue
[2025-06-27T07:43:02.514+0000] {logging_mixin.py:190} INFO - [2025-06-27T07:43:02.513+0000] {dagbag.py:588} INFO - Filling up the DagBag from /home/airflow/.local/lib/python3.12/site-packages/airflow/example_dags/example_branch_datetime_operator.py
[2025-06-27T07:43:02.545+0000] {processor.py:925} INFO - DAG(s) 'example_branch_datetime_operator_3', 'example_branch_datetime_operator_2', 'example_branch_datetime_operator' retrieved from /home/airflow/.local/lib/python3.12/site-packages/airflow/example_dags/example_branch_datetime_operator.py
[2025-06-27T07:43:02.606+0000] {logging_mixin.py:190} INFO - [2025-06-27T07:43:02.606+0000] {dag.py:3239} INFO - Sync 3 DAGs
[2025-06-27T07:43:02.657+0000] {logging_mixin.py:190} INFO - [2025-06-27T07:43:02.657+0000] {dag.py:4180} INFO - Setting next_dagrun for example_branch_datetime_operator to 2025-06-26 00:00:00+00:00, run_after=2025-06-27 00:00:00+00:00
[2025-06-27T07:43:02.667+0000] {logging_mixin.py:190} INFO - [2025-06-27T07:43:02.666+0000] {dag.py:4180} INFO - Setting next_dagrun for example_branch_datetime_operator_2 to 2025-06-26 00:00:00+00:00, run_after=2025-06-27 00:00:00+00:00
[2025-06-27T07:43:02.672+0000] {logging_mixin.py:190} INFO - [2025-06-27T07:43:02.672+0000] {dag.py:4180} INFO - Setting next_dagrun for example_branch_datetime_operator_3 to 2025-06-26 00:00:00+00:00, run_after=2025-06-27 00:00:00+00:00
[2025-06-27T07:43:02.708+0000] {processor.py:208} INFO - Processing /home/airflow/.local/lib/python3.12/site-packages/airflow/example_dags/example_branch_datetime_operator.py took 0.218 seconds
[2025-06-27T07:43:34.883+0000] {processor.py:186} INFO - Started process (PID=830) to work on /home/airflow/.local/lib/python3.12/site-packages/airflow/example_dags/example_branch_datetime_operator.py
[2025-06-27T07:43:34.887+0000] {processor.py:914} INFO - Processing file /home/airflow/.local/lib/python3.12/site-packages/airflow/example_dags/example_branch_datetime_operator.py for tasks to queue
[2025-06-27T07:43:34.897+0000] {logging_mixin.py:190} INFO - [2025-06-27T07:43:34.896+0000] {dagbag.py:588} INFO - Filling up the DagBag from /home/airflow/.local/lib/python3.12/site-packages/airflow/example_dags/example_branch_datetime_operator.py
[2025-06-27T07:43:34.940+0000] {processor.py:925} INFO - DAG(s) 'example_branch_datetime_operator', 'example_branch_datetime_operator_3', 'example_branch_datetime_operator_2' retrieved from /home/airflow/.local/lib/python3.12/site-packages/airflow/example_dags/example_branch_datetime_operator.py
[2025-06-27T07:43:35.040+0000] {logging_mixin.py:190} INFO - [2025-06-27T07:43:35.039+0000] {dag.py:3239} INFO - Sync 3 DAGs
[2025-06-27T07:43:35.155+0000] {logging_mixin.py:190} INFO - [2025-06-27T07:43:35.154+0000] {dag.py:4180} INFO - Setting next_dagrun for example_branch_datetime_operator to 2025-06-26 00:00:00+00:00, run_after=2025-06-27 00:00:00+00:00
[2025-06-27T07:43:35.170+0000] {logging_mixin.py:190} INFO - [2025-06-27T07:43:35.170+0000] {dag.py:4180} INFO - Setting next_dagrun for example_branch_datetime_operator_2 to 2025-06-26 00:00:00+00:00, run_after=2025-06-27 00:00:00+00:00
[2025-06-27T07:43:35.181+0000] {logging_mixin.py:190} INFO - [2025-06-27T07:43:35.181+0000] {dag.py:4180} INFO - Setting next_dagrun for example_branch_datetime_operator_3 to 2025-06-26 00:00:00+00:00, run_after=2025-06-27 00:00:00+00:00
[2025-06-27T07:43:35.225+0000] {processor.py:208} INFO - Processing /home/airflow/.local/lib/python3.12/site-packages/airflow/example_dags/example_branch_datetime_operator.py took 0.369 seconds
[2025-06-27T07:44:05.846+0000] {processor.py:186} INFO - Started process (PID=893) to work on /home/airflow/.local/lib/python3.12/site-packages/airflow/example_dags/example_branch_datetime_operator.py
[2025-06-27T07:44:05.849+0000] {processor.py:914} INFO - Processing file /home/airflow/.local/lib/python3.12/site-packages/airflow/example_dags/example_branch_datetime_operator.py for tasks to queue
[2025-06-27T07:44:05.854+0000] {logging_mixin.py:190} INFO - [2025-06-27T07:44:05.853+0000] {dagbag.py:588} INFO - Filling up the DagBag from /home/airflow/.local/lib/python3.12/site-packages/airflow/example_dags/example_branch_datetime_operator.py
[2025-06-27T07:44:05.884+0000] {processor.py:925} INFO - DAG(s) 'example_branch_datetime_operator', 'example_branch_datetime_operator_3', 'example_branch_datetime_operator_2' retrieved from /home/airflow/.local/lib/python3.12/site-packages/airflow/example_dags/example_branch_datetime_operator.py
[2025-06-27T07:44:05.946+0000] {logging_mixin.py:190} INFO - [2025-06-27T07:44:05.946+0000] {dag.py:3239} INFO - Sync 3 DAGs
[2025-06-27T07:44:06.000+0000] {logging_mixin.py:190} INFO - [2025-06-27T07:44:05.999+0000] {dag.py:4180} INFO - Setting next_dagrun for example_branch_datetime_operator to 2025-06-26 00:00:00+00:00, run_after=2025-06-27 00:00:00+00:00
[2025-06-27T07:44:06.013+0000] {logging_mixin.py:190} INFO - [2025-06-27T07:44:06.012+0000] {dag.py:4180} INFO - Setting next_dagrun for example_branch_datetime_operator_2 to 2025-06-26 00:00:00+00:00, run_after=2025-06-27 00:00:00+00:00
[2025-06-27T07:44:06.019+0000] {logging_mixin.py:190} INFO - [2025-06-27T07:44:06.019+0000] {dag.py:4180} INFO - Setting next_dagrun for example_branch_datetime_operator_3 to 2025-06-26 00:00:00+00:00, run_after=2025-06-27 00:00:00+00:00
[2025-06-27T07:44:06.059+0000] {processor.py:208} INFO - Processing /home/airflow/.local/lib/python3.12/site-packages/airflow/example_dags/example_branch_datetime_operator.py took 0.225 seconds
[2025-06-27T07:44:37.315+0000] {processor.py:186} INFO - Started process (PID=955) to work on /home/airflow/.local/lib/python3.12/site-packages/airflow/example_dags/example_branch_datetime_operator.py
[2025-06-27T07:44:37.326+0000] {processor.py:914} INFO - Processing file /home/airflow/.local/lib/python3.12/site-packages/airflow/example_dags/example_branch_datetime_operator.py for tasks to queue
[2025-06-27T07:44:37.342+0000] {logging_mixin.py:190} INFO - [2025-06-27T07:44:37.341+0000] {dagbag.py:588} INFO - Filling up the DagBag from /home/airflow/.local/lib/python3.12/site-packages/airflow/example_dags/example_branch_datetime_operator.py
[2025-06-27T07:44:37.417+0000] {processor.py:925} INFO - DAG(s) 'example_branch_datetime_operator_3', 'example_branch_datetime_operator', 'example_branch_datetime_operator_2' retrieved from /home/airflow/.local/lib/python3.12/site-packages/airflow/example_dags/example_branch_datetime_operator.py
[2025-06-27T07:44:37.585+0000] {logging_mixin.py:190} INFO - [2025-06-27T07:44:37.585+0000] {dag.py:3239} INFO - Sync 3 DAGs
[2025-06-27T07:44:37.691+0000] {logging_mixin.py:190} INFO - [2025-06-27T07:44:37.690+0000] {dag.py:4180} INFO - Setting next_dagrun for example_branch_datetime_operator to 2025-06-26 00:00:00+00:00, run_after=2025-06-27 00:00:00+00:00
[2025-06-27T07:44:37.708+0000] {logging_mixin.py:190} INFO - [2025-06-27T07:44:37.708+0000] {dag.py:4180} INFO - Setting next_dagrun for example_branch_datetime_operator_2 to 2025-06-26 00:00:00+00:00, run_after=2025-06-27 00:00:00+00:00
[2025-06-27T07:44:37.719+0000] {logging_mixin.py:190} INFO - [2025-06-27T07:44:37.718+0000] {dag.py:4180} INFO - Setting next_dagrun for example_branch_datetime_operator_3 to 2025-06-26 00:00:00+00:00, run_after=2025-06-27 00:00:00+00:00
[2025-06-27T07:44:37.794+0000] {processor.py:208} INFO - Processing /home/airflow/.local/lib/python3.12/site-packages/airflow/example_dags/example_branch_datetime_operator.py took 0.511 seconds
[2025-06-27T07:45:08.584+0000] {processor.py:186} INFO - Started process (PID=1025) to work on /home/airflow/.local/lib/python3.12/site-packages/airflow/example_dags/example_branch_datetime_operator.py
[2025-06-27T07:45:08.586+0000] {processor.py:914} INFO - Processing file /home/airflow/.local/lib/python3.12/site-packages/airflow/example_dags/example_branch_datetime_operator.py for tasks to queue
[2025-06-27T07:45:08.593+0000] {logging_mixin.py:190} INFO - [2025-06-27T07:45:08.592+0000] {dagbag.py:588} INFO - Filling up the DagBag from /home/airflow/.local/lib/python3.12/site-packages/airflow/example_dags/example_branch_datetime_operator.py
[2025-06-27T07:45:08.630+0000] {processor.py:925} INFO - DAG(s) 'example_branch_datetime_operator_2', 'example_branch_datetime_operator_3', 'example_branch_datetime_operator' retrieved from /home/airflow/.local/lib/python3.12/site-packages/airflow/example_dags/example_branch_datetime_operator.py
[2025-06-27T07:45:08.706+0000] {logging_mixin.py:190} INFO - [2025-06-27T07:45:08.706+0000] {dag.py:3239} INFO - Sync 3 DAGs
[2025-06-27T07:45:08.793+0000] {logging_mixin.py:190} INFO - [2025-06-27T07:45:08.792+0000] {dag.py:4180} INFO - Setting next_dagrun for example_branch_datetime_operator to 2025-06-26 00:00:00+00:00, run_after=2025-06-27 00:00:00+00:00
[2025-06-27T07:45:08.807+0000] {logging_mixin.py:190} INFO - [2025-06-27T07:45:08.806+0000] {dag.py:4180} INFO - Setting next_dagrun for example_branch_datetime_operator_2 to 2025-06-26 00:00:00+00:00, run_after=2025-06-27 00:00:00+00:00
[2025-06-27T07:45:08.818+0000] {logging_mixin.py:190} INFO - [2025-06-27T07:45:08.817+0000] {dag.py:4180} INFO - Setting next_dagrun for example_branch_datetime_operator_3 to 2025-06-26 00:00:00+00:00, run_after=2025-06-27 00:00:00+00:00
[2025-06-27T07:45:08.877+0000] {processor.py:208} INFO - Processing /home/airflow/.local/lib/python3.12/site-packages/airflow/example_dags/example_branch_datetime_operator.py took 0.307 seconds
[2025-06-27T07:45:39.770+0000] {processor.py:186} INFO - Started process (PID=1088) to work on /home/airflow/.local/lib/python3.12/site-packages/airflow/example_dags/example_branch_datetime_operator.py
[2025-06-27T07:45:39.772+0000] {processor.py:914} INFO - Processing file /home/airflow/.local/lib/python3.12/site-packages/airflow/example_dags/example_branch_datetime_operator.py for tasks to queue
[2025-06-27T07:45:39.777+0000] {logging_mixin.py:190} INFO - [2025-06-27T07:45:39.776+0000] {dagbag.py:588} INFO - Filling up the DagBag from /home/airflow/.local/lib/python3.12/site-packages/airflow/example_dags/example_branch_datetime_operator.py
[2025-06-27T07:45:39.799+0000] {processor.py:925} INFO - DAG(s) 'example_branch_datetime_operator_3', 'example_branch_datetime_operator', 'example_branch_datetime_operator_2' retrieved from /home/airflow/.local/lib/python3.12/site-packages/airflow/example_dags/example_branch_datetime_operator.py
[2025-06-27T07:45:39.852+0000] {logging_mixin.py:190} INFO - [2025-06-27T07:45:39.852+0000] {dag.py:3239} INFO - Sync 3 DAGs
[2025-06-27T07:45:39.908+0000] {logging_mixin.py:190} INFO - [2025-06-27T07:45:39.908+0000] {dag.py:4180} INFO - Setting next_dagrun for example_branch_datetime_operator to 2025-06-26 00:00:00+00:00, run_after=2025-06-27 00:00:00+00:00
[2025-06-27T07:45:39.920+0000] {logging_mixin.py:190} INFO - [2025-06-27T07:45:39.919+0000] {dag.py:4180} INFO - Setting next_dagrun for example_branch_datetime_operator_2 to 2025-06-26 00:00:00+00:00, run_after=2025-06-27 00:00:00+00:00
[2025-06-27T07:45:39.927+0000] {logging_mixin.py:190} INFO - [2025-06-27T07:45:39.926+0000] {dag.py:4180} INFO - Setting next_dagrun for example_branch_datetime_operator_3 to 2025-06-26 00:00:00+00:00, run_after=2025-06-27 00:00:00+00:00
[2025-06-27T07:45:39.972+0000] {processor.py:208} INFO - Processing /home/airflow/.local/lib/python3.12/site-packages/airflow/example_dags/example_branch_datetime_operator.py took 0.211 seconds
[2025-06-27T07:46:10.371+0000] {processor.py:186} INFO - Started process (PID=1152) to work on /home/airflow/.local/lib/python3.12/site-packages/airflow/example_dags/example_branch_datetime_operator.py
[2025-06-27T07:46:10.372+0000] {processor.py:914} INFO - Processing file /home/airflow/.local/lib/python3.12/site-packages/airflow/example_dags/example_branch_datetime_operator.py for tasks to queue
[2025-06-27T07:46:10.377+0000] {logging_mixin.py:190} INFO - [2025-06-27T07:46:10.376+0000] {dagbag.py:588} INFO - Filling up the DagBag from /home/airflow/.local/lib/python3.12/site-packages/airflow/example_dags/example_branch_datetime_operator.py
[2025-06-27T07:46:10.400+0000] {processor.py:925} INFO - DAG(s) 'example_branch_datetime_operator_3', 'example_branch_datetime_operator', 'example_branch_datetime_operator_2' retrieved from /home/airflow/.local/lib/python3.12/site-packages/airflow/example_dags/example_branch_datetime_operator.py
[2025-06-27T07:46:10.461+0000] {logging_mixin.py:190} INFO - [2025-06-27T07:46:10.461+0000] {dag.py:3239} INFO - Sync 3 DAGs
[2025-06-27T07:46:10.510+0000] {logging_mixin.py:190} INFO - [2025-06-27T07:46:10.509+0000] {dag.py:4180} INFO - Setting next_dagrun for example_branch_datetime_operator to 2025-06-26 00:00:00+00:00, run_after=2025-06-27 00:00:00+00:00
[2025-06-27T07:46:10.518+0000] {logging_mixin.py:190} INFO - [2025-06-27T07:46:10.518+0000] {dag.py:4180} INFO - Setting next_dagrun for example_branch_datetime_operator_2 to 2025-06-26 00:00:00+00:00, run_after=2025-06-27 00:00:00+00:00
[2025-06-27T07:46:10.524+0000] {logging_mixin.py:190} INFO - [2025-06-27T07:46:10.523+0000] {dag.py:4180} INFO - Setting next_dagrun for example_branch_datetime_operator_3 to 2025-06-26 00:00:00+00:00, run_after=2025-06-27 00:00:00+00:00
[2025-06-27T07:46:10.563+0000] {processor.py:208} INFO - Processing /home/airflow/.local/lib/python3.12/site-packages/airflow/example_dags/example_branch_datetime_operator.py took 0.202 seconds
[2025-06-27T07:46:41.021+0000] {processor.py:186} INFO - Started process (PID=1215) to work on /home/airflow/.local/lib/python3.12/site-packages/airflow/example_dags/example_branch_datetime_operator.py
[2025-06-27T07:46:41.023+0000] {processor.py:914} INFO - Processing file /home/airflow/.local/lib/python3.12/site-packages/airflow/example_dags/example_branch_datetime_operator.py for tasks to queue
[2025-06-27T07:46:41.031+0000] {logging_mixin.py:190} INFO - [2025-06-27T07:46:41.029+0000] {dagbag.py:588} INFO - Filling up the DagBag from /home/airflow/.local/lib/python3.12/site-packages/airflow/example_dags/example_branch_datetime_operator.py
[2025-06-27T07:46:41.061+0000] {processor.py:925} INFO - DAG(s) 'example_branch_datetime_operator_2', 'example_branch_datetime_operator_3', 'example_branch_datetime_operator' retrieved from /home/airflow/.local/lib/python3.12/site-packages/airflow/example_dags/example_branch_datetime_operator.py
[2025-06-27T07:46:41.134+0000] {logging_mixin.py:190} INFO - [2025-06-27T07:46:41.134+0000] {dag.py:3239} INFO - Sync 3 DAGs
[2025-06-27T07:46:41.213+0000] {logging_mixin.py:190} INFO - [2025-06-27T07:46:41.212+0000] {dag.py:4180} INFO - Setting next_dagrun for example_branch_datetime_operator to 2025-06-26 00:00:00+00:00, run_after=2025-06-27 00:00:00+00:00
[2025-06-27T07:46:41.227+0000] {logging_mixin.py:190} INFO - [2025-06-27T07:46:41.226+0000] {dag.py:4180} INFO - Setting next_dagrun for example_branch_datetime_operator_2 to 2025-06-26 00:00:00+00:00, run_after=2025-06-27 00:00:00+00:00
[2025-06-27T07:46:41.239+0000] {logging_mixin.py:190} INFO - [2025-06-27T07:46:41.237+0000] {dag.py:4180} INFO - Setting next_dagrun for example_branch_datetime_operator_3 to 2025-06-26 00:00:00+00:00, run_after=2025-06-27 00:00:00+00:00
[2025-06-27T07:46:41.292+0000] {processor.py:208} INFO - Processing /home/airflow/.local/lib/python3.12/site-packages/airflow/example_dags/example_branch_datetime_operator.py took 0.287 seconds
[2025-06-27T07:47:11.521+0000] {processor.py:186} INFO - Started process (PID=1278) to work on /home/airflow/.local/lib/python3.12/site-packages/airflow/example_dags/example_branch_datetime_operator.py
[2025-06-27T07:47:11.523+0000] {processor.py:914} INFO - Processing file /home/airflow/.local/lib/python3.12/site-packages/airflow/example_dags/example_branch_datetime_operator.py for tasks to queue
[2025-06-27T07:47:11.528+0000] {logging_mixin.py:190} INFO - [2025-06-27T07:47:11.527+0000] {dagbag.py:588} INFO - Filling up the DagBag from /home/airflow/.local/lib/python3.12/site-packages/airflow/example_dags/example_branch_datetime_operator.py
[2025-06-27T07:47:11.550+0000] {processor.py:925} INFO - DAG(s) 'example_branch_datetime_operator_3', 'example_branch_datetime_operator', 'example_branch_datetime_operator_2' retrieved from /home/airflow/.local/lib/python3.12/site-packages/airflow/example_dags/example_branch_datetime_operator.py
[2025-06-27T07:47:11.606+0000] {logging_mixin.py:190} INFO - [2025-06-27T07:47:11.606+0000] {dag.py:3239} INFO - Sync 3 DAGs
[2025-06-27T07:47:11.653+0000] {logging_mixin.py:190} INFO - [2025-06-27T07:47:11.653+0000] {dag.py:4180} INFO - Setting next_dagrun for example_branch_datetime_operator to 2025-06-26 00:00:00+00:00, run_after=2025-06-27 00:00:00+00:00
[2025-06-27T07:47:11.663+0000] {logging_mixin.py:190} INFO - [2025-06-27T07:47:11.662+0000] {dag.py:4180} INFO - Setting next_dagrun for example_branch_datetime_operator_2 to 2025-06-26 00:00:00+00:00, run_after=2025-06-27 00:00:00+00:00
[2025-06-27T07:47:11.668+0000] {logging_mixin.py:190} INFO - [2025-06-27T07:47:11.667+0000] {dag.py:4180} INFO - Setting next_dagrun for example_branch_datetime_operator_3 to 2025-06-26 00:00:00+00:00, run_after=2025-06-27 00:00:00+00:00
[2025-06-27T07:47:11.743+0000] {processor.py:208} INFO - Processing /home/airflow/.local/lib/python3.12/site-packages/airflow/example_dags/example_branch_datetime_operator.py took 0.233 seconds
[2025-06-27T07:47:42.514+0000] {processor.py:186} INFO - Started process (PID=1341) to work on /home/airflow/.local/lib/python3.12/site-packages/airflow/example_dags/example_branch_datetime_operator.py
[2025-06-27T07:47:42.517+0000] {processor.py:914} INFO - Processing file /home/airflow/.local/lib/python3.12/site-packages/airflow/example_dags/example_branch_datetime_operator.py for tasks to queue
[2025-06-27T07:47:42.527+0000] {logging_mixin.py:190} INFO - [2025-06-27T07:47:42.525+0000] {dagbag.py:588} INFO - Filling up the DagBag from /home/airflow/.local/lib/python3.12/site-packages/airflow/example_dags/example_branch_datetime_operator.py
[2025-06-27T07:47:42.584+0000] {processor.py:925} INFO - DAG(s) 'example_branch_datetime_operator', 'example_branch_datetime_operator_2', 'example_branch_datetime_operator_3' retrieved from /home/airflow/.local/lib/python3.12/site-packages/airflow/example_dags/example_branch_datetime_operator.py
[2025-06-27T07:47:42.682+0000] {logging_mixin.py:190} INFO - [2025-06-27T07:47:42.682+0000] {dag.py:3239} INFO - Sync 3 DAGs
[2025-06-27T07:47:42.843+0000] {logging_mixin.py:190} INFO - [2025-06-27T07:47:42.842+0000] {dag.py:4180} INFO - Setting next_dagrun for example_branch_datetime_operator to 2025-06-26 00:00:00+00:00, run_after=2025-06-27 00:00:00+00:00
[2025-06-27T07:47:42.864+0000] {logging_mixin.py:190} INFO - [2025-06-27T07:47:42.863+0000] {dag.py:4180} INFO - Setting next_dagrun for example_branch_datetime_operator_2 to 2025-06-26 00:00:00+00:00, run_after=2025-06-27 00:00:00+00:00
[2025-06-27T07:47:42.878+0000] {logging_mixin.py:190} INFO - [2025-06-27T07:47:42.877+0000] {dag.py:4180} INFO - Setting next_dagrun for example_branch_datetime_operator_3 to 2025-06-26 00:00:00+00:00, run_after=2025-06-27 00:00:00+00:00
[2025-06-27T07:47:43.179+0000] {processor.py:208} INFO - Processing /home/airflow/.local/lib/python3.12/site-packages/airflow/example_dags/example_branch_datetime_operator.py took 0.695 seconds
[2025-06-27T07:48:13.951+0000] {processor.py:186} INFO - Started process (PID=1404) to work on /home/airflow/.local/lib/python3.12/site-packages/airflow/example_dags/example_branch_datetime_operator.py
[2025-06-27T07:48:13.953+0000] {processor.py:914} INFO - Processing file /home/airflow/.local/lib/python3.12/site-packages/airflow/example_dags/example_branch_datetime_operator.py for tasks to queue
[2025-06-27T07:48:13.957+0000] {logging_mixin.py:190} INFO - [2025-06-27T07:48:13.956+0000] {dagbag.py:588} INFO - Filling up the DagBag from /home/airflow/.local/lib/python3.12/site-packages/airflow/example_dags/example_branch_datetime_operator.py
[2025-06-27T07:48:13.975+0000] {processor.py:925} INFO - DAG(s) 'example_branch_datetime_operator', 'example_branch_datetime_operator_3', 'example_branch_datetime_operator_2' retrieved from /home/airflow/.local/lib/python3.12/site-packages/airflow/example_dags/example_branch_datetime_operator.py
[2025-06-27T07:48:14.040+0000] {logging_mixin.py:190} INFO - [2025-06-27T07:48:14.040+0000] {dag.py:3239} INFO - Sync 3 DAGs
[2025-06-27T07:48:14.106+0000] {logging_mixin.py:190} INFO - [2025-06-27T07:48:14.106+0000] {dag.py:4180} INFO - Setting next_dagrun for example_branch_datetime_operator to 2025-06-26 00:00:00+00:00, run_after=2025-06-27 00:00:00+00:00
[2025-06-27T07:48:14.118+0000] {logging_mixin.py:190} INFO - [2025-06-27T07:48:14.117+0000] {dag.py:4180} INFO - Setting next_dagrun for example_branch_datetime_operator_2 to 2025-06-26 00:00:00+00:00, run_after=2025-06-27 00:00:00+00:00
[2025-06-27T07:48:14.124+0000] {logging_mixin.py:190} INFO - [2025-06-27T07:48:14.124+0000] {dag.py:4180} INFO - Setting next_dagrun for example_branch_datetime_operator_3 to 2025-06-26 00:00:00+00:00, run_after=2025-06-27 00:00:00+00:00
[2025-06-27T07:48:14.163+0000] {processor.py:208} INFO - Processing /home/airflow/.local/lib/python3.12/site-packages/airflow/example_dags/example_branch_datetime_operator.py took 0.221 seconds
[2025-06-27T07:48:44.448+0000] {processor.py:186} INFO - Started process (PID=1467) to work on /home/airflow/.local/lib/python3.12/site-packages/airflow/example_dags/example_branch_datetime_operator.py
[2025-06-27T07:48:44.450+0000] {processor.py:914} INFO - Processing file /home/airflow/.local/lib/python3.12/site-packages/airflow/example_dags/example_branch_datetime_operator.py for tasks to queue
[2025-06-27T07:48:44.457+0000] {logging_mixin.py:190} INFO - [2025-06-27T07:48:44.456+0000] {dagbag.py:588} INFO - Filling up the DagBag from /home/airflow/.local/lib/python3.12/site-packages/airflow/example_dags/example_branch_datetime_operator.py
[2025-06-27T07:48:44.484+0000] {processor.py:925} INFO - DAG(s) 'example_branch_datetime_operator_3', 'example_branch_datetime_operator', 'example_branch_datetime_operator_2' retrieved from /home/airflow/.local/lib/python3.12/site-packages/airflow/example_dags/example_branch_datetime_operator.py
[2025-06-27T07:48:44.543+0000] {logging_mixin.py:190} INFO - [2025-06-27T07:48:44.542+0000] {dag.py:3239} INFO - Sync 3 DAGs
[2025-06-27T07:48:44.589+0000] {logging_mixin.py:190} INFO - [2025-06-27T07:48:44.589+0000] {dag.py:4180} INFO - Setting next_dagrun for example_branch_datetime_operator to 2025-06-26 00:00:00+00:00, run_after=2025-06-27 00:00:00+00:00
[2025-06-27T07:48:44.598+0000] {logging_mixin.py:190} INFO - [2025-06-27T07:48:44.598+0000] {dag.py:4180} INFO - Setting next_dagrun for example_branch_datetime_operator_2 to 2025-06-26 00:00:00+00:00, run_after=2025-06-27 00:00:00+00:00
[2025-06-27T07:48:44.604+0000] {logging_mixin.py:190} INFO - [2025-06-27T07:48:44.603+0000] {dag.py:4180} INFO - Setting next_dagrun for example_branch_datetime_operator_3 to 2025-06-26 00:00:00+00:00, run_after=2025-06-27 00:00:00+00:00
[2025-06-27T07:48:44.637+0000] {processor.py:208} INFO - Processing /home/airflow/.local/lib/python3.12/site-packages/airflow/example_dags/example_branch_datetime_operator.py took 0.200 seconds
[2025-06-27T07:52:06.486+0000] {processor.py:186} INFO - Started process (PID=87) to work on /home/airflow/.local/lib/python3.12/site-packages/airflow/example_dags/example_branch_datetime_operator.py
[2025-06-27T07:52:06.543+0000] {processor.py:914} INFO - Processing file /home/airflow/.local/lib/python3.12/site-packages/airflow/example_dags/example_branch_datetime_operator.py for tasks to queue
[2025-06-27T07:52:06.597+0000] {logging_mixin.py:190} INFO - [2025-06-27T07:52:06.571+0000] {dagbag.py:588} INFO - Filling up the DagBag from /home/airflow/.local/lib/python3.12/site-packages/airflow/example_dags/example_branch_datetime_operator.py
[2025-06-27T07:52:06.777+0000] {processor.py:925} INFO - DAG(s) 'example_branch_datetime_operator', 'example_branch_datetime_operator_3', 'example_branch_datetime_operator_2' retrieved from /home/airflow/.local/lib/python3.12/site-packages/airflow/example_dags/example_branch_datetime_operator.py
[2025-06-27T07:52:07.113+0000] {logging_mixin.py:190} INFO - [2025-06-27T07:52:07.110+0000] {dag.py:3239} INFO - Sync 3 DAGs
[2025-06-27T07:52:07.412+0000] {logging_mixin.py:190} INFO - [2025-06-27T07:52:07.411+0000] {dag.py:4180} INFO - Setting next_dagrun for example_branch_datetime_operator to 2025-06-26 00:00:00+00:00, run_after=2025-06-27 00:00:00+00:00
[2025-06-27T07:52:07.452+0000] {logging_mixin.py:190} INFO - [2025-06-27T07:52:07.451+0000] {dag.py:4180} INFO - Setting next_dagrun for example_branch_datetime_operator_2 to 2025-06-26 00:00:00+00:00, run_after=2025-06-27 00:00:00+00:00
[2025-06-27T07:52:07.471+0000] {logging_mixin.py:190} INFO - [2025-06-27T07:52:07.470+0000] {dag.py:4180} INFO - Setting next_dagrun for example_branch_datetime_operator_3 to 2025-06-26 00:00:00+00:00, run_after=2025-06-27 00:00:00+00:00
[2025-06-27T07:52:07.608+0000] {processor.py:208} INFO - Processing /home/airflow/.local/lib/python3.12/site-packages/airflow/example_dags/example_branch_datetime_operator.py took 1.306 seconds
[2025-06-27T07:52:47.227+0000] {processor.py:186} INFO - Started process (PID=156) to work on /home/airflow/.local/lib/python3.12/site-packages/airflow/example_dags/example_branch_datetime_operator.py
[2025-06-27T07:52:47.240+0000] {processor.py:914} INFO - Processing file /home/airflow/.local/lib/python3.12/site-packages/airflow/example_dags/example_branch_datetime_operator.py for tasks to queue
[2025-06-27T07:52:47.278+0000] {logging_mixin.py:190} INFO - [2025-06-27T07:52:47.265+0000] {dagbag.py:588} INFO - Filling up the DagBag from /home/airflow/.local/lib/python3.12/site-packages/airflow/example_dags/example_branch_datetime_operator.py
[2025-06-27T07:52:47.444+0000] {processor.py:925} INFO - DAG(s) 'example_branch_datetime_operator_2', 'example_branch_datetime_operator_3', 'example_branch_datetime_operator' retrieved from /home/airflow/.local/lib/python3.12/site-packages/airflow/example_dags/example_branch_datetime_operator.py
[2025-06-27T07:52:47.779+0000] {logging_mixin.py:190} INFO - [2025-06-27T07:52:47.778+0000] {dag.py:3239} INFO - Sync 3 DAGs
[2025-06-27T07:52:48.074+0000] {logging_mixin.py:190} INFO - [2025-06-27T07:52:48.069+0000] {dag.py:4180} INFO - Setting next_dagrun for example_branch_datetime_operator to 2025-06-26 00:00:00+00:00, run_after=2025-06-27 00:00:00+00:00
[2025-06-27T07:52:48.137+0000] {logging_mixin.py:190} INFO - [2025-06-27T07:52:48.136+0000] {dag.py:4180} INFO - Setting next_dagrun for example_branch_datetime_operator_2 to 2025-06-26 00:00:00+00:00, run_after=2025-06-27 00:00:00+00:00
[2025-06-27T07:52:48.157+0000] {logging_mixin.py:190} INFO - [2025-06-27T07:52:48.156+0000] {dag.py:4180} INFO - Setting next_dagrun for example_branch_datetime_operator_3 to 2025-06-26 00:00:00+00:00, run_after=2025-06-27 00:00:00+00:00
[2025-06-27T07:52:48.236+0000] {processor.py:208} INFO - Processing /home/airflow/.local/lib/python3.12/site-packages/airflow/example_dags/example_branch_datetime_operator.py took 1.085 seconds
[2025-06-27T07:53:18.597+0000] {processor.py:186} INFO - Started process (PID=219) to work on /home/airflow/.local/lib/python3.12/site-packages/airflow/example_dags/example_branch_datetime_operator.py
[2025-06-27T07:53:18.600+0000] {processor.py:914} INFO - Processing file /home/airflow/.local/lib/python3.12/site-packages/airflow/example_dags/example_branch_datetime_operator.py for tasks to queue
[2025-06-27T07:53:18.605+0000] {logging_mixin.py:190} INFO - [2025-06-27T07:53:18.604+0000] {dagbag.py:588} INFO - Filling up the DagBag from /home/airflow/.local/lib/python3.12/site-packages/airflow/example_dags/example_branch_datetime_operator.py
[2025-06-27T07:53:18.630+0000] {processor.py:925} INFO - DAG(s) 'example_branch_datetime_operator', 'example_branch_datetime_operator_2', 'example_branch_datetime_operator_3' retrieved from /home/airflow/.local/lib/python3.12/site-packages/airflow/example_dags/example_branch_datetime_operator.py
[2025-06-27T07:53:18.709+0000] {logging_mixin.py:190} INFO - [2025-06-27T07:53:18.708+0000] {dag.py:3239} INFO - Sync 3 DAGs
[2025-06-27T07:53:18.778+0000] {logging_mixin.py:190} INFO - [2025-06-27T07:53:18.778+0000] {dag.py:4180} INFO - Setting next_dagrun for example_branch_datetime_operator to 2025-06-26 00:00:00+00:00, run_after=2025-06-27 00:00:00+00:00
[2025-06-27T07:53:18.789+0000] {logging_mixin.py:190} INFO - [2025-06-27T07:53:18.789+0000] {dag.py:4180} INFO - Setting next_dagrun for example_branch_datetime_operator_2 to 2025-06-26 00:00:00+00:00, run_after=2025-06-27 00:00:00+00:00
[2025-06-27T07:53:18.796+0000] {logging_mixin.py:190} INFO - [2025-06-27T07:53:18.795+0000] {dag.py:4180} INFO - Setting next_dagrun for example_branch_datetime_operator_3 to 2025-06-26 00:00:00+00:00, run_after=2025-06-27 00:00:00+00:00
[2025-06-27T07:53:18.842+0000] {processor.py:208} INFO - Processing /home/airflow/.local/lib/python3.12/site-packages/airflow/example_dags/example_branch_datetime_operator.py took 0.257 seconds
[2025-06-27T07:53:49.022+0000] {processor.py:186} INFO - Started process (PID=283) to work on /home/airflow/.local/lib/python3.12/site-packages/airflow/example_dags/example_branch_datetime_operator.py
[2025-06-27T07:53:49.024+0000] {processor.py:914} INFO - Processing file /home/airflow/.local/lib/python3.12/site-packages/airflow/example_dags/example_branch_datetime_operator.py for tasks to queue
[2025-06-27T07:53:49.028+0000] {logging_mixin.py:190} INFO - [2025-06-27T07:53:49.028+0000] {dagbag.py:588} INFO - Filling up the DagBag from /home/airflow/.local/lib/python3.12/site-packages/airflow/example_dags/example_branch_datetime_operator.py
[2025-06-27T07:53:49.050+0000] {processor.py:925} INFO - DAG(s) 'example_branch_datetime_operator_3', 'example_branch_datetime_operator_2', 'example_branch_datetime_operator' retrieved from /home/airflow/.local/lib/python3.12/site-packages/airflow/example_dags/example_branch_datetime_operator.py
[2025-06-27T07:53:49.103+0000] {logging_mixin.py:190} INFO - [2025-06-27T07:53:49.103+0000] {dag.py:3239} INFO - Sync 3 DAGs
[2025-06-27T07:53:49.150+0000] {logging_mixin.py:190} INFO - [2025-06-27T07:53:49.150+0000] {dag.py:4180} INFO - Setting next_dagrun for example_branch_datetime_operator to 2025-06-26 00:00:00+00:00, run_after=2025-06-27 00:00:00+00:00
[2025-06-27T07:53:49.160+0000] {logging_mixin.py:190} INFO - [2025-06-27T07:53:49.159+0000] {dag.py:4180} INFO - Setting next_dagrun for example_branch_datetime_operator_2 to 2025-06-26 00:00:00+00:00, run_after=2025-06-27 00:00:00+00:00
[2025-06-27T07:53:49.166+0000] {logging_mixin.py:190} INFO - [2025-06-27T07:53:49.165+0000] {dag.py:4180} INFO - Setting next_dagrun for example_branch_datetime_operator_3 to 2025-06-26 00:00:00+00:00, run_after=2025-06-27 00:00:00+00:00
[2025-06-27T07:53:49.204+0000] {processor.py:208} INFO - Processing /home/airflow/.local/lib/python3.12/site-packages/airflow/example_dags/example_branch_datetime_operator.py took 0.191 seconds
[2025-06-27T07:54:19.619+0000] {processor.py:186} INFO - Started process (PID=346) to work on /home/airflow/.local/lib/python3.12/site-packages/airflow/example_dags/example_branch_datetime_operator.py
[2025-06-27T07:54:19.623+0000] {processor.py:914} INFO - Processing file /home/airflow/.local/lib/python3.12/site-packages/airflow/example_dags/example_branch_datetime_operator.py for tasks to queue
[2025-06-27T07:54:19.629+0000] {logging_mixin.py:190} INFO - [2025-06-27T07:54:19.628+0000] {dagbag.py:588} INFO - Filling up the DagBag from /home/airflow/.local/lib/python3.12/site-packages/airflow/example_dags/example_branch_datetime_operator.py
[2025-06-27T07:54:19.665+0000] {processor.py:925} INFO - DAG(s) 'example_branch_datetime_operator', 'example_branch_datetime_operator_3', 'example_branch_datetime_operator_2' retrieved from /home/airflow/.local/lib/python3.12/site-packages/airflow/example_dags/example_branch_datetime_operator.py
[2025-06-27T07:54:19.788+0000] {logging_mixin.py:190} INFO - [2025-06-27T07:54:19.787+0000] {dag.py:3239} INFO - Sync 3 DAGs
[2025-06-27T07:54:19.878+0000] {logging_mixin.py:190} INFO - [2025-06-27T07:54:19.878+0000] {dag.py:4180} INFO - Setting next_dagrun for example_branch_datetime_operator to 2025-06-26 00:00:00+00:00, run_after=2025-06-27 00:00:00+00:00
[2025-06-27T07:54:19.892+0000] {logging_mixin.py:190} INFO - [2025-06-27T07:54:19.892+0000] {dag.py:4180} INFO - Setting next_dagrun for example_branch_datetime_operator_2 to 2025-06-26 00:00:00+00:00, run_after=2025-06-27 00:00:00+00:00
[2025-06-27T07:54:19.899+0000] {logging_mixin.py:190} INFO - [2025-06-27T07:54:19.899+0000] {dag.py:4180} INFO - Setting next_dagrun for example_branch_datetime_operator_3 to 2025-06-26 00:00:00+00:00, run_after=2025-06-27 00:00:00+00:00
[2025-06-27T07:54:19.950+0000] {processor.py:208} INFO - Processing /home/airflow/.local/lib/python3.12/site-packages/airflow/example_dags/example_branch_datetime_operator.py took 0.347 seconds
[2025-06-27T07:54:50.127+0000] {processor.py:186} INFO - Started process (PID=409) to work on /home/airflow/.local/lib/python3.12/site-packages/airflow/example_dags/example_branch_datetime_operator.py
[2025-06-27T07:54:50.129+0000] {processor.py:914} INFO - Processing file /home/airflow/.local/lib/python3.12/site-packages/airflow/example_dags/example_branch_datetime_operator.py for tasks to queue
[2025-06-27T07:54:50.135+0000] {logging_mixin.py:190} INFO - [2025-06-27T07:54:50.134+0000] {dagbag.py:588} INFO - Filling up the DagBag from /home/airflow/.local/lib/python3.12/site-packages/airflow/example_dags/example_branch_datetime_operator.py
[2025-06-27T07:54:50.162+0000] {processor.py:925} INFO - DAG(s) 'example_branch_datetime_operator_2', 'example_branch_datetime_operator_3', 'example_branch_datetime_operator' retrieved from /home/airflow/.local/lib/python3.12/site-packages/airflow/example_dags/example_branch_datetime_operator.py
[2025-06-27T07:54:50.233+0000] {logging_mixin.py:190} INFO - [2025-06-27T07:54:50.232+0000] {dag.py:3239} INFO - Sync 3 DAGs
[2025-06-27T07:54:50.284+0000] {logging_mixin.py:190} INFO - [2025-06-27T07:54:50.283+0000] {dag.py:4180} INFO - Setting next_dagrun for example_branch_datetime_operator to 2025-06-26 00:00:00+00:00, run_after=2025-06-27 00:00:00+00:00
[2025-06-27T07:54:50.294+0000] {logging_mixin.py:190} INFO - [2025-06-27T07:54:50.293+0000] {dag.py:4180} INFO - Setting next_dagrun for example_branch_datetime_operator_2 to 2025-06-26 00:00:00+00:00, run_after=2025-06-27 00:00:00+00:00
[2025-06-27T07:54:50.299+0000] {logging_mixin.py:190} INFO - [2025-06-27T07:54:50.298+0000] {dag.py:4180} INFO - Setting next_dagrun for example_branch_datetime_operator_3 to 2025-06-26 00:00:00+00:00, run_after=2025-06-27 00:00:00+00:00
[2025-06-27T07:54:50.333+0000] {processor.py:208} INFO - Processing /home/airflow/.local/lib/python3.12/site-packages/airflow/example_dags/example_branch_datetime_operator.py took 0.221 seconds
[2025-06-27T07:59:30.660+0000] {processor.py:186} INFO - Started process (PID=80) to work on /home/airflow/.local/lib/python3.12/site-packages/airflow/example_dags/example_branch_datetime_operator.py
[2025-06-27T07:59:30.670+0000] {processor.py:914} INFO - Processing file /home/airflow/.local/lib/python3.12/site-packages/airflow/example_dags/example_branch_datetime_operator.py for tasks to queue
[2025-06-27T07:59:30.680+0000] {logging_mixin.py:190} INFO - [2025-06-27T07:59:30.679+0000] {dagbag.py:588} INFO - Filling up the DagBag from /home/airflow/.local/lib/python3.12/site-packages/airflow/example_dags/example_branch_datetime_operator.py
[2025-06-27T07:59:30.773+0000] {processor.py:925} INFO - DAG(s) 'example_branch_datetime_operator_3', 'example_branch_datetime_operator_2', 'example_branch_datetime_operator' retrieved from /home/airflow/.local/lib/python3.12/site-packages/airflow/example_dags/example_branch_datetime_operator.py
[2025-06-27T07:59:30.897+0000] {logging_mixin.py:190} INFO - [2025-06-27T07:59:30.896+0000] {dag.py:3239} INFO - Sync 3 DAGs
[2025-06-27T07:59:31.136+0000] {logging_mixin.py:190} INFO - [2025-06-27T07:59:31.135+0000] {dag.py:4180} INFO - Setting next_dagrun for example_branch_datetime_operator to 2025-06-26 00:00:00+00:00, run_after=2025-06-27 00:00:00+00:00
[2025-06-27T07:59:31.228+0000] {logging_mixin.py:190} INFO - [2025-06-27T07:59:31.228+0000] {dag.py:4180} INFO - Setting next_dagrun for example_branch_datetime_operator_2 to 2025-06-26 00:00:00+00:00, run_after=2025-06-27 00:00:00+00:00
[2025-06-27T07:59:31.238+0000] {logging_mixin.py:190} INFO - [2025-06-27T07:59:31.237+0000] {dag.py:4180} INFO - Setting next_dagrun for example_branch_datetime_operator_3 to 2025-06-26 00:00:00+00:00, run_after=2025-06-27 00:00:00+00:00
[2025-06-27T07:59:31.298+0000] {processor.py:208} INFO - Processing /home/airflow/.local/lib/python3.12/site-packages/airflow/example_dags/example_branch_datetime_operator.py took 0.685 seconds
[2025-06-27T08:00:16.576+0000] {processor.py:186} INFO - Started process (PID=142) to work on /home/airflow/.local/lib/python3.12/site-packages/airflow/example_dags/example_branch_datetime_operator.py
[2025-06-27T08:00:16.618+0000] {processor.py:914} INFO - Processing file /home/airflow/.local/lib/python3.12/site-packages/airflow/example_dags/example_branch_datetime_operator.py for tasks to queue
[2025-06-27T08:00:16.669+0000] {logging_mixin.py:190} INFO - [2025-06-27T08:00:16.667+0000] {dagbag.py:588} INFO - Filling up the DagBag from /home/airflow/.local/lib/python3.12/site-packages/airflow/example_dags/example_branch_datetime_operator.py
[2025-06-27T08:00:16.962+0000] {processor.py:925} INFO - DAG(s) 'example_branch_datetime_operator_2', 'example_branch_datetime_operator_3', 'example_branch_datetime_operator' retrieved from /home/airflow/.local/lib/python3.12/site-packages/airflow/example_dags/example_branch_datetime_operator.py
[2025-06-27T08:00:17.858+0000] {logging_mixin.py:190} INFO - [2025-06-27T08:00:17.853+0000] {dag.py:3239} INFO - Sync 3 DAGs
[2025-06-27T08:00:18.277+0000] {logging_mixin.py:190} INFO - [2025-06-27T08:00:18.276+0000] {dag.py:4180} INFO - Setting next_dagrun for example_branch_datetime_operator to 2025-06-26 00:00:00+00:00, run_after=2025-06-27 00:00:00+00:00
[2025-06-27T08:00:18.317+0000] {logging_mixin.py:190} INFO - [2025-06-27T08:00:18.317+0000] {dag.py:4180} INFO - Setting next_dagrun for example_branch_datetime_operator_2 to 2025-06-26 00:00:00+00:00, run_after=2025-06-27 00:00:00+00:00
[2025-06-27T08:00:18.340+0000] {logging_mixin.py:190} INFO - [2025-06-27T08:00:18.339+0000] {dag.py:4180} INFO - Setting next_dagrun for example_branch_datetime_operator_3 to 2025-06-26 00:00:00+00:00, run_after=2025-06-27 00:00:00+00:00
[2025-06-27T08:00:18.509+0000] {processor.py:208} INFO - Processing /home/airflow/.local/lib/python3.12/site-packages/airflow/example_dags/example_branch_datetime_operator.py took 2.055 seconds
[2025-06-27T08:01:02.549+0000] {processor.py:186} INFO - Started process (PID=188) to work on /home/airflow/.local/lib/python3.12/site-packages/airflow/example_dags/example_branch_datetime_operator.py
[2025-06-27T08:01:02.552+0000] {processor.py:914} INFO - Processing file /home/airflow/.local/lib/python3.12/site-packages/airflow/example_dags/example_branch_datetime_operator.py for tasks to queue
[2025-06-27T08:01:02.561+0000] {logging_mixin.py:190} INFO - [2025-06-27T08:01:02.560+0000] {dagbag.py:588} INFO - Filling up the DagBag from /home/airflow/.local/lib/python3.12/site-packages/airflow/example_dags/example_branch_datetime_operator.py
[2025-06-27T08:01:02.612+0000] {processor.py:925} INFO - DAG(s) 'example_branch_datetime_operator', 'example_branch_datetime_operator_2', 'example_branch_datetime_operator_3' retrieved from /home/airflow/.local/lib/python3.12/site-packages/airflow/example_dags/example_branch_datetime_operator.py
[2025-06-27T08:01:02.717+0000] {logging_mixin.py:190} INFO - [2025-06-27T08:01:02.716+0000] {dag.py:3239} INFO - Sync 3 DAGs
[2025-06-27T08:01:02.819+0000] {logging_mixin.py:190} INFO - [2025-06-27T08:01:02.818+0000] {dag.py:4180} INFO - Setting next_dagrun for example_branch_datetime_operator to 2025-06-26 00:00:00+00:00, run_after=2025-06-27 00:00:00+00:00
[2025-06-27T08:01:02.844+0000] {logging_mixin.py:190} INFO - [2025-06-27T08:01:02.843+0000] {dag.py:4180} INFO - Setting next_dagrun for example_branch_datetime_operator_2 to 2025-06-26 00:00:00+00:00, run_after=2025-06-27 00:00:00+00:00
[2025-06-27T08:01:02.860+0000] {logging_mixin.py:190} INFO - [2025-06-27T08:01:02.859+0000] {dag.py:4180} INFO - Setting next_dagrun for example_branch_datetime_operator_3 to 2025-06-26 00:00:00+00:00, run_after=2025-06-27 00:00:00+00:00
[2025-06-27T08:01:02.930+0000] {processor.py:208} INFO - Processing /home/airflow/.local/lib/python3.12/site-packages/airflow/example_dags/example_branch_datetime_operator.py took 0.404 seconds
[2025-06-27T08:01:33.694+0000] {processor.py:186} INFO - Started process (PID=250) to work on /home/airflow/.local/lib/python3.12/site-packages/airflow/example_dags/example_branch_datetime_operator.py
[2025-06-27T08:01:33.697+0000] {processor.py:914} INFO - Processing file /home/airflow/.local/lib/python3.12/site-packages/airflow/example_dags/example_branch_datetime_operator.py for tasks to queue
[2025-06-27T08:01:33.702+0000] {logging_mixin.py:190} INFO - [2025-06-27T08:01:33.701+0000] {dagbag.py:588} INFO - Filling up the DagBag from /home/airflow/.local/lib/python3.12/site-packages/airflow/example_dags/example_branch_datetime_operator.py
[2025-06-27T08:01:33.732+0000] {processor.py:925} INFO - DAG(s) 'example_branch_datetime_operator_2', 'example_branch_datetime_operator', 'example_branch_datetime_operator_3' retrieved from /home/airflow/.local/lib/python3.12/site-packages/airflow/example_dags/example_branch_datetime_operator.py
[2025-06-27T08:01:33.799+0000] {logging_mixin.py:190} INFO - [2025-06-27T08:01:33.798+0000] {dag.py:3239} INFO - Sync 3 DAGs
[2025-06-27T08:01:33.870+0000] {logging_mixin.py:190} INFO - [2025-06-27T08:01:33.869+0000] {dag.py:4180} INFO - Setting next_dagrun for example_branch_datetime_operator to 2025-06-26 00:00:00+00:00, run_after=2025-06-27 00:00:00+00:00
[2025-06-27T08:01:33.885+0000] {logging_mixin.py:190} INFO - [2025-06-27T08:01:33.884+0000] {dag.py:4180} INFO - Setting next_dagrun for example_branch_datetime_operator_2 to 2025-06-26 00:00:00+00:00, run_after=2025-06-27 00:00:00+00:00
[2025-06-27T08:01:33.897+0000] {logging_mixin.py:190} INFO - [2025-06-27T08:01:33.897+0000] {dag.py:4180} INFO - Setting next_dagrun for example_branch_datetime_operator_3 to 2025-06-26 00:00:00+00:00, run_after=2025-06-27 00:00:00+00:00
[2025-06-27T08:01:33.944+0000] {processor.py:208} INFO - Processing /home/airflow/.local/lib/python3.12/site-packages/airflow/example_dags/example_branch_datetime_operator.py took 0.265 seconds
[2025-06-27T08:02:04.907+0000] {processor.py:186} INFO - Started process (PID=314) to work on /home/airflow/.local/lib/python3.12/site-packages/airflow/example_dags/example_branch_datetime_operator.py
[2025-06-27T08:02:04.909+0000] {processor.py:914} INFO - Processing file /home/airflow/.local/lib/python3.12/site-packages/airflow/example_dags/example_branch_datetime_operator.py for tasks to queue
[2025-06-27T08:02:04.915+0000] {logging_mixin.py:190} INFO - [2025-06-27T08:02:04.914+0000] {dagbag.py:588} INFO - Filling up the DagBag from /home/airflow/.local/lib/python3.12/site-packages/airflow/example_dags/example_branch_datetime_operator.py
[2025-06-27T08:02:04.944+0000] {processor.py:925} INFO - DAG(s) 'example_branch_datetime_operator', 'example_branch_datetime_operator_3', 'example_branch_datetime_operator_2' retrieved from /home/airflow/.local/lib/python3.12/site-packages/airflow/example_dags/example_branch_datetime_operator.py
[2025-06-27T08:02:05.010+0000] {logging_mixin.py:190} INFO - [2025-06-27T08:02:05.009+0000] {dag.py:3239} INFO - Sync 3 DAGs
[2025-06-27T08:02:05.067+0000] {logging_mixin.py:190} INFO - [2025-06-27T08:02:05.067+0000] {dag.py:4180} INFO - Setting next_dagrun for example_branch_datetime_operator to 2025-06-26 00:00:00+00:00, run_after=2025-06-27 00:00:00+00:00
[2025-06-27T08:02:05.079+0000] {logging_mixin.py:190} INFO - [2025-06-27T08:02:05.078+0000] {dag.py:4180} INFO - Setting next_dagrun for example_branch_datetime_operator_2 to 2025-06-26 00:00:00+00:00, run_after=2025-06-27 00:00:00+00:00
[2025-06-27T08:02:05.089+0000] {logging_mixin.py:190} INFO - [2025-06-27T08:02:05.088+0000] {dag.py:4180} INFO - Setting next_dagrun for example_branch_datetime_operator_3 to 2025-06-26 00:00:00+00:00, run_after=2025-06-27 00:00:00+00:00
[2025-06-27T08:02:05.124+0000] {processor.py:208} INFO - Processing /home/airflow/.local/lib/python3.12/site-packages/airflow/example_dags/example_branch_datetime_operator.py took 0.232 seconds
[2025-06-27T08:02:35.393+0000] {processor.py:186} INFO - Started process (PID=376) to work on /home/airflow/.local/lib/python3.12/site-packages/airflow/example_dags/example_branch_datetime_operator.py
[2025-06-27T08:02:35.396+0000] {processor.py:914} INFO - Processing file /home/airflow/.local/lib/python3.12/site-packages/airflow/example_dags/example_branch_datetime_operator.py for tasks to queue
[2025-06-27T08:02:35.403+0000] {logging_mixin.py:190} INFO - [2025-06-27T08:02:35.402+0000] {dagbag.py:588} INFO - Filling up the DagBag from /home/airflow/.local/lib/python3.12/site-packages/airflow/example_dags/example_branch_datetime_operator.py
[2025-06-27T08:02:35.435+0000] {processor.py:925} INFO - DAG(s) 'example_branch_datetime_operator', 'example_branch_datetime_operator_2', 'example_branch_datetime_operator_3' retrieved from /home/airflow/.local/lib/python3.12/site-packages/airflow/example_dags/example_branch_datetime_operator.py
[2025-06-27T08:02:35.482+0000] {logging_mixin.py:190} INFO - [2025-06-27T08:02:35.482+0000] {dag.py:3239} INFO - Sync 3 DAGs
[2025-06-27T08:02:35.520+0000] {logging_mixin.py:190} INFO - [2025-06-27T08:02:35.520+0000] {dag.py:4180} INFO - Setting next_dagrun for example_branch_datetime_operator to 2025-06-26 00:00:00+00:00, run_after=2025-06-27 00:00:00+00:00
[2025-06-27T08:02:35.530+0000] {logging_mixin.py:190} INFO - [2025-06-27T08:02:35.529+0000] {dag.py:4180} INFO - Setting next_dagrun for example_branch_datetime_operator_2 to 2025-06-26 00:00:00+00:00, run_after=2025-06-27 00:00:00+00:00
[2025-06-27T08:02:35.534+0000] {logging_mixin.py:190} INFO - [2025-06-27T08:02:35.533+0000] {dag.py:4180} INFO - Setting next_dagrun for example_branch_datetime_operator_3 to 2025-06-26 00:00:00+00:00, run_after=2025-06-27 00:00:00+00:00
[2025-06-27T08:02:35.561+0000] {processor.py:208} INFO - Processing /home/airflow/.local/lib/python3.12/site-packages/airflow/example_dags/example_branch_datetime_operator.py took 0.179 seconds
[2025-06-27T08:03:05.798+0000] {processor.py:186} INFO - Started process (PID=439) to work on /home/airflow/.local/lib/python3.12/site-packages/airflow/example_dags/example_branch_datetime_operator.py
[2025-06-27T08:03:05.800+0000] {processor.py:914} INFO - Processing file /home/airflow/.local/lib/python3.12/site-packages/airflow/example_dags/example_branch_datetime_operator.py for tasks to queue
[2025-06-27T08:03:05.805+0000] {logging_mixin.py:190} INFO - [2025-06-27T08:03:05.804+0000] {dagbag.py:588} INFO - Filling up the DagBag from /home/airflow/.local/lib/python3.12/site-packages/airflow/example_dags/example_branch_datetime_operator.py
[2025-06-27T08:03:05.821+0000] {processor.py:925} INFO - DAG(s) 'example_branch_datetime_operator_3', 'example_branch_datetime_operator', 'example_branch_datetime_operator_2' retrieved from /home/airflow/.local/lib/python3.12/site-packages/airflow/example_dags/example_branch_datetime_operator.py
[2025-06-27T08:03:05.868+0000] {logging_mixin.py:190} INFO - [2025-06-27T08:03:05.868+0000] {dag.py:3239} INFO - Sync 3 DAGs
[2025-06-27T08:03:05.908+0000] {logging_mixin.py:190} INFO - [2025-06-27T08:03:05.908+0000] {dag.py:4180} INFO - Setting next_dagrun for example_branch_datetime_operator to 2025-06-26 00:00:00+00:00, run_after=2025-06-27 00:00:00+00:00
[2025-06-27T08:03:05.921+0000] {logging_mixin.py:190} INFO - [2025-06-27T08:03:05.920+0000] {dag.py:4180} INFO - Setting next_dagrun for example_branch_datetime_operator_2 to 2025-06-26 00:00:00+00:00, run_after=2025-06-27 00:00:00+00:00
[2025-06-27T08:03:05.927+0000] {logging_mixin.py:190} INFO - [2025-06-27T08:03:05.927+0000] {dag.py:4180} INFO - Setting next_dagrun for example_branch_datetime_operator_3 to 2025-06-26 00:00:00+00:00, run_after=2025-06-27 00:00:00+00:00
[2025-06-27T08:03:05.960+0000] {processor.py:208} INFO - Processing /home/airflow/.local/lib/python3.12/site-packages/airflow/example_dags/example_branch_datetime_operator.py took 0.175 seconds
[2025-06-27T08:03:37.103+0000] {processor.py:186} INFO - Started process (PID=502) to work on /home/airflow/.local/lib/python3.12/site-packages/airflow/example_dags/example_branch_datetime_operator.py
[2025-06-27T08:03:37.106+0000] {processor.py:914} INFO - Processing file /home/airflow/.local/lib/python3.12/site-packages/airflow/example_dags/example_branch_datetime_operator.py for tasks to queue
[2025-06-27T08:03:37.112+0000] {logging_mixin.py:190} INFO - [2025-06-27T08:03:37.111+0000] {dagbag.py:588} INFO - Filling up the DagBag from /home/airflow/.local/lib/python3.12/site-packages/airflow/example_dags/example_branch_datetime_operator.py
[2025-06-27T08:03:37.140+0000] {processor.py:925} INFO - DAG(s) 'example_branch_datetime_operator', 'example_branch_datetime_operator_2', 'example_branch_datetime_operator_3' retrieved from /home/airflow/.local/lib/python3.12/site-packages/airflow/example_dags/example_branch_datetime_operator.py
[2025-06-27T08:03:37.199+0000] {logging_mixin.py:190} INFO - [2025-06-27T08:03:37.198+0000] {dag.py:3239} INFO - Sync 3 DAGs
[2025-06-27T08:03:37.249+0000] {logging_mixin.py:190} INFO - [2025-06-27T08:03:37.248+0000] {dag.py:4180} INFO - Setting next_dagrun for example_branch_datetime_operator to 2025-06-26 00:00:00+00:00, run_after=2025-06-27 00:00:00+00:00
[2025-06-27T08:03:37.260+0000] {logging_mixin.py:190} INFO - [2025-06-27T08:03:37.260+0000] {dag.py:4180} INFO - Setting next_dagrun for example_branch_datetime_operator_2 to 2025-06-26 00:00:00+00:00, run_after=2025-06-27 00:00:00+00:00
[2025-06-27T08:03:37.266+0000] {logging_mixin.py:190} INFO - [2025-06-27T08:03:37.265+0000] {dag.py:4180} INFO - Setting next_dagrun for example_branch_datetime_operator_3 to 2025-06-26 00:00:00+00:00, run_after=2025-06-27 00:00:00+00:00
[2025-06-27T08:03:37.302+0000] {processor.py:208} INFO - Processing /home/airflow/.local/lib/python3.12/site-packages/airflow/example_dags/example_branch_datetime_operator.py took 0.212 seconds
[2025-06-27T08:04:07.613+0000] {processor.py:186} INFO - Started process (PID=565) to work on /home/airflow/.local/lib/python3.12/site-packages/airflow/example_dags/example_branch_datetime_operator.py
[2025-06-27T08:04:07.615+0000] {processor.py:914} INFO - Processing file /home/airflow/.local/lib/python3.12/site-packages/airflow/example_dags/example_branch_datetime_operator.py for tasks to queue
[2025-06-27T08:04:07.621+0000] {logging_mixin.py:190} INFO - [2025-06-27T08:04:07.619+0000] {dagbag.py:588} INFO - Filling up the DagBag from /home/airflow/.local/lib/python3.12/site-packages/airflow/example_dags/example_branch_datetime_operator.py
[2025-06-27T08:04:07.643+0000] {processor.py:925} INFO - DAG(s) 'example_branch_datetime_operator', 'example_branch_datetime_operator_3', 'example_branch_datetime_operator_2' retrieved from /home/airflow/.local/lib/python3.12/site-packages/airflow/example_dags/example_branch_datetime_operator.py
[2025-06-27T08:04:07.703+0000] {logging_mixin.py:190} INFO - [2025-06-27T08:04:07.702+0000] {dag.py:3239} INFO - Sync 3 DAGs
[2025-06-27T08:04:07.759+0000] {logging_mixin.py:190} INFO - [2025-06-27T08:04:07.759+0000] {dag.py:4180} INFO - Setting next_dagrun for example_branch_datetime_operator to 2025-06-26 00:00:00+00:00, run_after=2025-06-27 00:00:00+00:00
[2025-06-27T08:04:07.768+0000] {logging_mixin.py:190} INFO - [2025-06-27T08:04:07.768+0000] {dag.py:4180} INFO - Setting next_dagrun for example_branch_datetime_operator_2 to 2025-06-26 00:00:00+00:00, run_after=2025-06-27 00:00:00+00:00
[2025-06-27T08:04:07.774+0000] {logging_mixin.py:190} INFO - [2025-06-27T08:04:07.774+0000] {dag.py:4180} INFO - Setting next_dagrun for example_branch_datetime_operator_3 to 2025-06-26 00:00:00+00:00, run_after=2025-06-27 00:00:00+00:00
[2025-06-27T08:04:07.817+0000] {processor.py:208} INFO - Processing /home/airflow/.local/lib/python3.12/site-packages/airflow/example_dags/example_branch_datetime_operator.py took 0.215 seconds
[2025-06-27T08:04:38.365+0000] {processor.py:186} INFO - Started process (PID=628) to work on /home/airflow/.local/lib/python3.12/site-packages/airflow/example_dags/example_branch_datetime_operator.py
[2025-06-27T08:04:38.367+0000] {processor.py:914} INFO - Processing file /home/airflow/.local/lib/python3.12/site-packages/airflow/example_dags/example_branch_datetime_operator.py for tasks to queue
[2025-06-27T08:04:38.374+0000] {logging_mixin.py:190} INFO - [2025-06-27T08:04:38.373+0000] {dagbag.py:588} INFO - Filling up the DagBag from /home/airflow/.local/lib/python3.12/site-packages/airflow/example_dags/example_branch_datetime_operator.py
[2025-06-27T08:04:38.411+0000] {processor.py:925} INFO - DAG(s) 'example_branch_datetime_operator_3', 'example_branch_datetime_operator', 'example_branch_datetime_operator_2' retrieved from /home/airflow/.local/lib/python3.12/site-packages/airflow/example_dags/example_branch_datetime_operator.py
[2025-06-27T08:04:38.501+0000] {logging_mixin.py:190} INFO - [2025-06-27T08:04:38.500+0000] {dag.py:3239} INFO - Sync 3 DAGs
[2025-06-27T08:04:38.570+0000] {logging_mixin.py:190} INFO - [2025-06-27T08:04:38.569+0000] {dag.py:4180} INFO - Setting next_dagrun for example_branch_datetime_operator to 2025-06-26 00:00:00+00:00, run_after=2025-06-27 00:00:00+00:00
[2025-06-27T08:04:38.584+0000] {logging_mixin.py:190} INFO - [2025-06-27T08:04:38.583+0000] {dag.py:4180} INFO - Setting next_dagrun for example_branch_datetime_operator_2 to 2025-06-26 00:00:00+00:00, run_after=2025-06-27 00:00:00+00:00
[2025-06-27T08:04:38.589+0000] {logging_mixin.py:190} INFO - [2025-06-27T08:04:38.589+0000] {dag.py:4180} INFO - Setting next_dagrun for example_branch_datetime_operator_3 to 2025-06-26 00:00:00+00:00, run_after=2025-06-27 00:00:00+00:00
[2025-06-27T08:04:38.633+0000] {processor.py:208} INFO - Processing /home/airflow/.local/lib/python3.12/site-packages/airflow/example_dags/example_branch_datetime_operator.py took 0.282 seconds
[2025-06-27T08:05:12.347+0000] {processor.py:186} INFO - Started process (PID=692) to work on /home/airflow/.local/lib/python3.12/site-packages/airflow/example_dags/example_branch_datetime_operator.py
[2025-06-27T08:05:12.355+0000] {processor.py:914} INFO - Processing file /home/airflow/.local/lib/python3.12/site-packages/airflow/example_dags/example_branch_datetime_operator.py for tasks to queue
[2025-06-27T08:05:12.369+0000] {logging_mixin.py:190} INFO - [2025-06-27T08:05:12.368+0000] {dagbag.py:588} INFO - Filling up the DagBag from /home/airflow/.local/lib/python3.12/site-packages/airflow/example_dags/example_branch_datetime_operator.py
[2025-06-27T08:05:12.587+0000] {processor.py:925} INFO - DAG(s) 'example_branch_datetime_operator', 'example_branch_datetime_operator_2', 'example_branch_datetime_operator_3' retrieved from /home/airflow/.local/lib/python3.12/site-packages/airflow/example_dags/example_branch_datetime_operator.py
[2025-06-27T08:05:12.800+0000] {logging_mixin.py:190} INFO - [2025-06-27T08:05:12.799+0000] {dag.py:3239} INFO - Sync 3 DAGs
[2025-06-27T08:05:13.275+0000] {logging_mixin.py:190} INFO - [2025-06-27T08:05:13.247+0000] {dag.py:4180} INFO - Setting next_dagrun for example_branch_datetime_operator to 2025-06-26 00:00:00+00:00, run_after=2025-06-27 00:00:00+00:00
[2025-06-27T08:05:13.560+0000] {logging_mixin.py:190} INFO - [2025-06-27T08:05:13.560+0000] {dag.py:4180} INFO - Setting next_dagrun for example_branch_datetime_operator_2 to 2025-06-26 00:00:00+00:00, run_after=2025-06-27 00:00:00+00:00
[2025-06-27T08:05:13.633+0000] {logging_mixin.py:190} INFO - [2025-06-27T08:05:13.612+0000] {dag.py:4180} INFO - Setting next_dagrun for example_branch_datetime_operator_3 to 2025-06-26 00:00:00+00:00, run_after=2025-06-27 00:00:00+00:00
[2025-06-27T08:05:14.739+0000] {processor.py:208} INFO - Processing /home/airflow/.local/lib/python3.12/site-packages/airflow/example_dags/example_branch_datetime_operator.py took 2.431 seconds
[2025-06-27T08:05:45.641+0000] {processor.py:186} INFO - Started process (PID=754) to work on /home/airflow/.local/lib/python3.12/site-packages/airflow/example_dags/example_branch_datetime_operator.py
[2025-06-27T08:05:45.647+0000] {processor.py:914} INFO - Processing file /home/airflow/.local/lib/python3.12/site-packages/airflow/example_dags/example_branch_datetime_operator.py for tasks to queue
[2025-06-27T08:05:45.657+0000] {logging_mixin.py:190} INFO - [2025-06-27T08:05:45.656+0000] {dagbag.py:588} INFO - Filling up the DagBag from /home/airflow/.local/lib/python3.12/site-packages/airflow/example_dags/example_branch_datetime_operator.py
[2025-06-27T08:05:45.713+0000] {processor.py:925} INFO - DAG(s) 'example_branch_datetime_operator_2', 'example_branch_datetime_operator', 'example_branch_datetime_operator_3' retrieved from /home/airflow/.local/lib/python3.12/site-packages/airflow/example_dags/example_branch_datetime_operator.py
[2025-06-27T08:05:45.861+0000] {logging_mixin.py:190} INFO - [2025-06-27T08:05:45.860+0000] {dag.py:3239} INFO - Sync 3 DAGs
[2025-06-27T08:05:46.012+0000] {logging_mixin.py:190} INFO - [2025-06-27T08:05:46.011+0000] {dag.py:4180} INFO - Setting next_dagrun for example_branch_datetime_operator to 2025-06-26 00:00:00+00:00, run_after=2025-06-27 00:00:00+00:00
[2025-06-27T08:05:46.034+0000] {logging_mixin.py:190} INFO - [2025-06-27T08:05:46.033+0000] {dag.py:4180} INFO - Setting next_dagrun for example_branch_datetime_operator_2 to 2025-06-26 00:00:00+00:00, run_after=2025-06-27 00:00:00+00:00
[2025-06-27T08:05:46.048+0000] {logging_mixin.py:190} INFO - [2025-06-27T08:05:46.047+0000] {dag.py:4180} INFO - Setting next_dagrun for example_branch_datetime_operator_3 to 2025-06-26 00:00:00+00:00, run_after=2025-06-27 00:00:00+00:00
[2025-06-27T08:05:46.146+0000] {processor.py:208} INFO - Processing /home/airflow/.local/lib/python3.12/site-packages/airflow/example_dags/example_branch_datetime_operator.py took 0.535 seconds
