[2025-06-27T07:37:05.469+0000] {processor.py:186} INFO - Started process (PID=159) to work on /home/airflow/.local/lib/python3.12/site-packages/airflow/example_dags/example_inlet_event_extra.py
[2025-06-27T07:37:05.476+0000] {processor.py:914} INFO - Processing file /home/airflow/.local/lib/python3.12/site-packages/airflow/example_dags/example_inlet_event_extra.py for tasks to queue
[2025-06-27T07:37:05.497+0000] {logging_mixin.py:190} INFO - [2025-06-27T07:37:05.489+0000] {dagbag.py:588} INFO - Filling up the DagBag from /home/airflow/.local/lib/python3.12/site-packages/airflow/example_dags/example_inlet_event_extra.py
[2025-06-27T07:37:06.090+0000] {processor.py:925} INFO - DAG(s) 'read_dataset_event_from_classic', 'read_dataset_event' retrieved from /home/airflow/.local/lib/python3.12/site-packages/airflow/example_dags/example_inlet_event_extra.py
[2025-06-27T07:37:06.394+0000] {logging_mixin.py:190} INFO - [2025-06-27T07:37:06.391+0000] {override.py:1900} INFO - Created Permission View: can read on DAG:read_dataset_event_from_classic
[2025-06-27T07:37:06.437+0000] {logging_mixin.py:190} INFO - [2025-06-27T07:37:06.436+0000] {override.py:1900} INFO - Created Permission View: can edit on DAG:read_dataset_event_from_classic
[2025-06-27T07:37:06.459+0000] {logging_mixin.py:190} INFO - [2025-06-27T07:37:06.458+0000] {override.py:1900} INFO - Created Permission View: can delete on DAG:read_dataset_event_from_classic
[2025-06-27T07:37:06.485+0000] {logging_mixin.py:190} INFO - [2025-06-27T07:37:06.484+0000] {override.py:1900} INFO - Created Permission View: can read on DAG Run:read_dataset_event_from_classic
[2025-06-27T07:37:06.507+0000] {logging_mixin.py:190} INFO - [2025-06-27T07:37:06.506+0000] {override.py:1900} INFO - Created Permission View: can create on DAG Run:read_dataset_event_from_classic
[2025-06-27T07:37:06.539+0000] {logging_mixin.py:190} INFO - [2025-06-27T07:37:06.538+0000] {override.py:1900} INFO - Created Permission View: can delete on DAG Run:read_dataset_event_from_classic
[2025-06-27T07:37:06.561+0000] {logging_mixin.py:190} INFO - [2025-06-27T07:37:06.560+0000] {override.py:1900} INFO - Created Permission View: menu access on DAG Run:read_dataset_event_from_classic
[2025-06-27T07:37:06.600+0000] {logging_mixin.py:190} INFO - [2025-06-27T07:37:06.599+0000] {override.py:1900} INFO - Created Permission View: can read on DAG:read_dataset_event
[2025-06-27T07:37:06.622+0000] {logging_mixin.py:190} INFO - [2025-06-27T07:37:06.622+0000] {override.py:1900} INFO - Created Permission View: can edit on DAG:read_dataset_event
[2025-06-27T07:37:06.648+0000] {logging_mixin.py:190} INFO - [2025-06-27T07:37:06.648+0000] {override.py:1900} INFO - Created Permission View: can delete on DAG:read_dataset_event
[2025-06-27T07:37:06.677+0000] {logging_mixin.py:190} INFO - [2025-06-27T07:37:06.676+0000] {override.py:1900} INFO - Created Permission View: can read on DAG Run:read_dataset_event
[2025-06-27T07:37:06.706+0000] {logging_mixin.py:190} INFO - [2025-06-27T07:37:06.705+0000] {override.py:1900} INFO - Created Permission View: can create on DAG Run:read_dataset_event
[2025-06-27T07:37:06.735+0000] {logging_mixin.py:190} INFO - [2025-06-27T07:37:06.734+0000] {override.py:1900} INFO - Created Permission View: can delete on DAG Run:read_dataset_event
[2025-06-27T07:37:06.763+0000] {logging_mixin.py:190} INFO - [2025-06-27T07:37:06.763+0000] {override.py:1900} INFO - Created Permission View: menu access on DAG Run:read_dataset_event
[2025-06-27T07:37:06.765+0000] {logging_mixin.py:190} INFO - [2025-06-27T07:37:06.764+0000] {dag.py:3239} INFO - Sync 2 DAGs
[2025-06-27T07:37:06.796+0000] {logging_mixin.py:190} INFO - [2025-06-27T07:37:06.795+0000] {dag.py:3262} INFO - Creating ORM DAG for read_dataset_event
[2025-06-27T07:37:06.799+0000] {logging_mixin.py:190} INFO - [2025-06-27T07:37:06.798+0000] {dag.py:3262} INFO - Creating ORM DAG for read_dataset_event_from_classic
[2025-06-27T07:37:06.830+0000] {logging_mixin.py:190} INFO - [2025-06-27T07:37:06.828+0000] {dag.py:4180} INFO - Setting next_dagrun for read_dataset_event to 2025-06-26 00:00:00+00:00, run_after=2025-06-27 00:00:00+00:00
[2025-06-27T07:37:06.837+0000] {logging_mixin.py:190} INFO - [2025-06-27T07:37:06.836+0000] {dag.py:4180} INFO - Setting next_dagrun for read_dataset_event_from_classic to 2025-06-26 00:00:00+00:00, run_after=2025-06-27 00:00:00+00:00
[2025-06-27T07:37:06.892+0000] {processor.py:208} INFO - Processing /home/airflow/.local/lib/python3.12/site-packages/airflow/example_dags/example_inlet_event_extra.py took 1.454 seconds
[2025-06-27T07:37:39.037+0000] {processor.py:186} INFO - Started process (PID=222) to work on /home/airflow/.local/lib/python3.12/site-packages/airflow/example_dags/example_inlet_event_extra.py
[2025-06-27T07:37:39.042+0000] {processor.py:914} INFO - Processing file /home/airflow/.local/lib/python3.12/site-packages/airflow/example_dags/example_inlet_event_extra.py for tasks to queue
[2025-06-27T07:37:39.050+0000] {logging_mixin.py:190} INFO - [2025-06-27T07:37:39.049+0000] {dagbag.py:588} INFO - Filling up the DagBag from /home/airflow/.local/lib/python3.12/site-packages/airflow/example_dags/example_inlet_event_extra.py
[2025-06-27T07:37:39.728+0000] {processor.py:925} INFO - DAG(s) 'read_dataset_event_from_classic', 'read_dataset_event' retrieved from /home/airflow/.local/lib/python3.12/site-packages/airflow/example_dags/example_inlet_event_extra.py
[2025-06-27T07:37:39.812+0000] {logging_mixin.py:190} INFO - [2025-06-27T07:37:39.811+0000] {dag.py:3239} INFO - Sync 2 DAGs
[2025-06-27T07:37:39.974+0000] {logging_mixin.py:190} INFO - [2025-06-27T07:37:39.972+0000] {dag.py:4180} INFO - Setting next_dagrun for read_dataset_event to 2025-06-26 00:00:00+00:00, run_after=2025-06-27 00:00:00+00:00
[2025-06-27T07:37:39.996+0000] {logging_mixin.py:190} INFO - [2025-06-27T07:37:39.995+0000] {dag.py:4180} INFO - Setting next_dagrun for read_dataset_event_from_classic to 2025-06-26 00:00:00+00:00, run_after=2025-06-27 00:00:00+00:00
[2025-06-27T07:37:40.064+0000] {processor.py:208} INFO - Processing /home/airflow/.local/lib/python3.12/site-packages/airflow/example_dags/example_inlet_event_extra.py took 1.050 seconds
[2025-06-27T07:38:24.551+0000] {processor.py:186} INFO - Started process (PID=285) to work on /home/airflow/.local/lib/python3.12/site-packages/airflow/example_dags/example_inlet_event_extra.py
[2025-06-27T07:38:24.556+0000] {processor.py:914} INFO - Processing file /home/airflow/.local/lib/python3.12/site-packages/airflow/example_dags/example_inlet_event_extra.py for tasks to queue
[2025-06-27T07:38:24.573+0000] {logging_mixin.py:190} INFO - [2025-06-27T07:38:24.571+0000] {dagbag.py:588} INFO - Filling up the DagBag from /home/airflow/.local/lib/python3.12/site-packages/airflow/example_dags/example_inlet_event_extra.py
[2025-06-27T07:38:25.641+0000] {processor.py:925} INFO - DAG(s) 'read_dataset_event', 'read_dataset_event_from_classic' retrieved from /home/airflow/.local/lib/python3.12/site-packages/airflow/example_dags/example_inlet_event_extra.py
[2025-06-27T07:38:25.714+0000] {logging_mixin.py:190} INFO - [2025-06-27T07:38:25.713+0000] {dag.py:3239} INFO - Sync 2 DAGs
[2025-06-27T07:38:25.834+0000] {logging_mixin.py:190} INFO - [2025-06-27T07:38:25.833+0000] {dag.py:4180} INFO - Setting next_dagrun for read_dataset_event to 2025-06-26 00:00:00+00:00, run_after=2025-06-27 00:00:00+00:00
[2025-06-27T07:38:25.854+0000] {logging_mixin.py:190} INFO - [2025-06-27T07:38:25.853+0000] {dag.py:4180} INFO - Setting next_dagrun for read_dataset_event_from_classic to 2025-06-26 00:00:00+00:00, run_after=2025-06-27 00:00:00+00:00
[2025-06-27T07:38:25.916+0000] {processor.py:208} INFO - Processing /home/airflow/.local/lib/python3.12/site-packages/airflow/example_dags/example_inlet_event_extra.py took 1.399 seconds
[2025-06-27T07:38:56.571+0000] {processor.py:186} INFO - Started process (PID=348) to work on /home/airflow/.local/lib/python3.12/site-packages/airflow/example_dags/example_inlet_event_extra.py
[2025-06-27T07:38:56.593+0000] {processor.py:914} INFO - Processing file /home/airflow/.local/lib/python3.12/site-packages/airflow/example_dags/example_inlet_event_extra.py for tasks to queue
[2025-06-27T07:38:56.626+0000] {logging_mixin.py:190} INFO - [2025-06-27T07:38:56.611+0000] {dagbag.py:588} INFO - Filling up the DagBag from /home/airflow/.local/lib/python3.12/site-packages/airflow/example_dags/example_inlet_event_extra.py
[2025-06-27T07:38:58.890+0000] {processor.py:925} INFO - DAG(s) 'read_dataset_event', 'read_dataset_event_from_classic' retrieved from /home/airflow/.local/lib/python3.12/site-packages/airflow/example_dags/example_inlet_event_extra.py
[2025-06-27T07:38:59.180+0000] {logging_mixin.py:190} INFO - [2025-06-27T07:38:59.180+0000] {dag.py:3239} INFO - Sync 2 DAGs
[2025-06-27T07:38:59.582+0000] {logging_mixin.py:190} INFO - [2025-06-27T07:38:59.581+0000] {dag.py:4180} INFO - Setting next_dagrun for read_dataset_event to 2025-06-26 00:00:00+00:00, run_after=2025-06-27 00:00:00+00:00
[2025-06-27T07:38:59.849+0000] {logging_mixin.py:190} INFO - [2025-06-27T07:38:59.847+0000] {dag.py:4180} INFO - Setting next_dagrun for read_dataset_event_from_classic to 2025-06-26 00:00:00+00:00, run_after=2025-06-27 00:00:00+00:00
[2025-06-27T07:39:00.464+0000] {processor.py:208} INFO - Processing /home/airflow/.local/lib/python3.12/site-packages/airflow/example_dags/example_inlet_event_extra.py took 3.953 seconds
[2025-06-27T07:39:46.574+0000] {processor.py:186} INFO - Started process (PID=418) to work on /home/airflow/.local/lib/python3.12/site-packages/airflow/example_dags/example_inlet_event_extra.py
[2025-06-27T07:39:46.587+0000] {processor.py:914} INFO - Processing file /home/airflow/.local/lib/python3.12/site-packages/airflow/example_dags/example_inlet_event_extra.py for tasks to queue
[2025-06-27T07:39:46.608+0000] {logging_mixin.py:190} INFO - [2025-06-27T07:39:46.597+0000] {dagbag.py:588} INFO - Filling up the DagBag from /home/airflow/.local/lib/python3.12/site-packages/airflow/example_dags/example_inlet_event_extra.py
[2025-06-27T07:39:47.458+0000] {processor.py:925} INFO - DAG(s) 'read_dataset_event', 'read_dataset_event_from_classic' retrieved from /home/airflow/.local/lib/python3.12/site-packages/airflow/example_dags/example_inlet_event_extra.py
[2025-06-27T07:39:47.568+0000] {logging_mixin.py:190} INFO - [2025-06-27T07:39:47.567+0000] {dag.py:3239} INFO - Sync 2 DAGs
[2025-06-27T07:39:47.699+0000] {logging_mixin.py:190} INFO - [2025-06-27T07:39:47.697+0000] {dag.py:4180} INFO - Setting next_dagrun for read_dataset_event to 2025-06-26 00:00:00+00:00, run_after=2025-06-27 00:00:00+00:00
[2025-06-27T07:39:47.713+0000] {logging_mixin.py:190} INFO - [2025-06-27T07:39:47.713+0000] {dag.py:4180} INFO - Setting next_dagrun for read_dataset_event_from_classic to 2025-06-26 00:00:00+00:00, run_after=2025-06-27 00:00:00+00:00
[2025-06-27T07:39:47.758+0000] {processor.py:208} INFO - Processing /home/airflow/.local/lib/python3.12/site-packages/airflow/example_dags/example_inlet_event_extra.py took 1.230 seconds
[2025-06-27T07:40:19.357+0000] {processor.py:186} INFO - Started process (PID=482) to work on /home/airflow/.local/lib/python3.12/site-packages/airflow/example_dags/example_inlet_event_extra.py
[2025-06-27T07:40:19.362+0000] {processor.py:914} INFO - Processing file /home/airflow/.local/lib/python3.12/site-packages/airflow/example_dags/example_inlet_event_extra.py for tasks to queue
[2025-06-27T07:40:19.375+0000] {logging_mixin.py:190} INFO - [2025-06-27T07:40:19.374+0000] {dagbag.py:588} INFO - Filling up the DagBag from /home/airflow/.local/lib/python3.12/site-packages/airflow/example_dags/example_inlet_event_extra.py
[2025-06-27T07:40:20.373+0000] {processor.py:925} INFO - DAG(s) 'read_dataset_event_from_classic', 'read_dataset_event' retrieved from /home/airflow/.local/lib/python3.12/site-packages/airflow/example_dags/example_inlet_event_extra.py
[2025-06-27T07:40:20.513+0000] {logging_mixin.py:190} INFO - [2025-06-27T07:40:20.509+0000] {dag.py:3239} INFO - Sync 2 DAGs
[2025-06-27T07:40:20.669+0000] {logging_mixin.py:190} INFO - [2025-06-27T07:40:20.669+0000] {dag.py:4180} INFO - Setting next_dagrun for read_dataset_event to 2025-06-26 00:00:00+00:00, run_after=2025-06-27 00:00:00+00:00
[2025-06-27T07:40:20.712+0000] {logging_mixin.py:190} INFO - [2025-06-27T07:40:20.711+0000] {dag.py:4180} INFO - Setting next_dagrun for read_dataset_event_from_classic to 2025-06-26 00:00:00+00:00, run_after=2025-06-27 00:00:00+00:00
[2025-06-27T07:40:20.866+0000] {processor.py:208} INFO - Processing /home/airflow/.local/lib/python3.12/site-packages/airflow/example_dags/example_inlet_event_extra.py took 1.538 seconds
[2025-06-27T07:40:51.326+0000] {processor.py:186} INFO - Started process (PID=546) to work on /home/airflow/.local/lib/python3.12/site-packages/airflow/example_dags/example_inlet_event_extra.py
[2025-06-27T07:40:51.330+0000] {processor.py:914} INFO - Processing file /home/airflow/.local/lib/python3.12/site-packages/airflow/example_dags/example_inlet_event_extra.py for tasks to queue
[2025-06-27T07:40:51.342+0000] {logging_mixin.py:190} INFO - [2025-06-27T07:40:51.341+0000] {dagbag.py:588} INFO - Filling up the DagBag from /home/airflow/.local/lib/python3.12/site-packages/airflow/example_dags/example_inlet_event_extra.py
[2025-06-27T07:40:52.222+0000] {processor.py:925} INFO - DAG(s) 'read_dataset_event', 'read_dataset_event_from_classic' retrieved from /home/airflow/.local/lib/python3.12/site-packages/airflow/example_dags/example_inlet_event_extra.py
[2025-06-27T07:40:52.350+0000] {logging_mixin.py:190} INFO - [2025-06-27T07:40:52.350+0000] {dag.py:3239} INFO - Sync 2 DAGs
[2025-06-27T07:40:52.454+0000] {logging_mixin.py:190} INFO - [2025-06-27T07:40:52.453+0000] {dag.py:4180} INFO - Setting next_dagrun for read_dataset_event to 2025-06-26 00:00:00+00:00, run_after=2025-06-27 00:00:00+00:00
[2025-06-27T07:40:52.471+0000] {logging_mixin.py:190} INFO - [2025-06-27T07:40:52.470+0000] {dag.py:4180} INFO - Setting next_dagrun for read_dataset_event_from_classic to 2025-06-26 00:00:00+00:00, run_after=2025-06-27 00:00:00+00:00
[2025-06-27T07:40:52.541+0000] {processor.py:208} INFO - Processing /home/airflow/.local/lib/python3.12/site-packages/airflow/example_dags/example_inlet_event_extra.py took 1.250 seconds
[2025-06-27T07:41:23.905+0000] {processor.py:186} INFO - Started process (PID=608) to work on /home/airflow/.local/lib/python3.12/site-packages/airflow/example_dags/example_inlet_event_extra.py
[2025-06-27T07:41:23.921+0000] {processor.py:914} INFO - Processing file /home/airflow/.local/lib/python3.12/site-packages/airflow/example_dags/example_inlet_event_extra.py for tasks to queue
[2025-06-27T07:41:23.960+0000] {logging_mixin.py:190} INFO - [2025-06-27T07:41:23.958+0000] {dagbag.py:588} INFO - Filling up the DagBag from /home/airflow/.local/lib/python3.12/site-packages/airflow/example_dags/example_inlet_event_extra.py
[2025-06-27T07:41:28.178+0000] {processor.py:925} INFO - DAG(s) 'read_dataset_event_from_classic', 'read_dataset_event' retrieved from /home/airflow/.local/lib/python3.12/site-packages/airflow/example_dags/example_inlet_event_extra.py
[2025-06-27T07:41:28.580+0000] {logging_mixin.py:190} INFO - [2025-06-27T07:41:28.577+0000] {dag.py:3239} INFO - Sync 2 DAGs
[2025-06-27T07:41:28.841+0000] {logging_mixin.py:190} INFO - [2025-06-27T07:41:28.840+0000] {dag.py:4180} INFO - Setting next_dagrun for read_dataset_event to 2025-06-26 00:00:00+00:00, run_after=2025-06-27 00:00:00+00:00
[2025-06-27T07:41:28.902+0000] {logging_mixin.py:190} INFO - [2025-06-27T07:41:28.901+0000] {dag.py:4180} INFO - Setting next_dagrun for read_dataset_event_from_classic to 2025-06-26 00:00:00+00:00, run_after=2025-06-27 00:00:00+00:00
[2025-06-27T07:41:29.166+0000] {processor.py:208} INFO - Processing /home/airflow/.local/lib/python3.12/site-packages/airflow/example_dags/example_inlet_event_extra.py took 5.378 seconds
[2025-06-27T07:42:10.334+0000] {processor.py:186} INFO - Started process (PID=680) to work on /home/airflow/.local/lib/python3.12/site-packages/airflow/example_dags/example_inlet_event_extra.py
[2025-06-27T07:42:10.362+0000] {processor.py:914} INFO - Processing file /home/airflow/.local/lib/python3.12/site-packages/airflow/example_dags/example_inlet_event_extra.py for tasks to queue
[2025-06-27T07:42:10.399+0000] {logging_mixin.py:190} INFO - [2025-06-27T07:42:10.385+0000] {dagbag.py:588} INFO - Filling up the DagBag from /home/airflow/.local/lib/python3.12/site-packages/airflow/example_dags/example_inlet_event_extra.py
[2025-06-27T07:42:12.803+0000] {processor.py:925} INFO - DAG(s) 'read_dataset_event', 'read_dataset_event_from_classic' retrieved from /home/airflow/.local/lib/python3.12/site-packages/airflow/example_dags/example_inlet_event_extra.py
[2025-06-27T07:42:13.472+0000] {logging_mixin.py:190} INFO - [2025-06-27T07:42:13.471+0000] {dag.py:3239} INFO - Sync 2 DAGs
[2025-06-27T07:42:14.193+0000] {logging_mixin.py:190} INFO - [2025-06-27T07:42:14.181+0000] {dag.py:4180} INFO - Setting next_dagrun for read_dataset_event to 2025-06-26 00:00:00+00:00, run_after=2025-06-27 00:00:00+00:00
[2025-06-27T07:42:14.283+0000] {logging_mixin.py:190} INFO - [2025-06-27T07:42:14.281+0000] {dag.py:4180} INFO - Setting next_dagrun for read_dataset_event_from_classic to 2025-06-26 00:00:00+00:00, run_after=2025-06-27 00:00:00+00:00
[2025-06-27T07:42:14.869+0000] {processor.py:208} INFO - Processing /home/airflow/.local/lib/python3.12/site-packages/airflow/example_dags/example_inlet_event_extra.py took 4.619 seconds
[2025-06-27T07:42:48.377+0000] {processor.py:186} INFO - Started process (PID=744) to work on /home/airflow/.local/lib/python3.12/site-packages/airflow/example_dags/example_inlet_event_extra.py
[2025-06-27T07:42:48.382+0000] {processor.py:914} INFO - Processing file /home/airflow/.local/lib/python3.12/site-packages/airflow/example_dags/example_inlet_event_extra.py for tasks to queue
[2025-06-27T07:42:48.395+0000] {logging_mixin.py:190} INFO - [2025-06-27T07:42:48.394+0000] {dagbag.py:588} INFO - Filling up the DagBag from /home/airflow/.local/lib/python3.12/site-packages/airflow/example_dags/example_inlet_event_extra.py
[2025-06-27T07:42:49.588+0000] {processor.py:925} INFO - DAG(s) 'read_dataset_event_from_classic', 'read_dataset_event' retrieved from /home/airflow/.local/lib/python3.12/site-packages/airflow/example_dags/example_inlet_event_extra.py
[2025-06-27T07:42:49.817+0000] {logging_mixin.py:190} INFO - [2025-06-27T07:42:49.816+0000] {dag.py:3239} INFO - Sync 2 DAGs
[2025-06-27T07:42:50.234+0000] {logging_mixin.py:190} INFO - [2025-06-27T07:42:50.233+0000] {dag.py:4180} INFO - Setting next_dagrun for read_dataset_event to 2025-06-26 00:00:00+00:00, run_after=2025-06-27 00:00:00+00:00
[2025-06-27T07:42:50.270+0000] {logging_mixin.py:190} INFO - [2025-06-27T07:42:50.269+0000] {dag.py:4180} INFO - Setting next_dagrun for read_dataset_event_from_classic to 2025-06-26 00:00:00+00:00, run_after=2025-06-27 00:00:00+00:00
[2025-06-27T07:42:50.456+0000] {processor.py:208} INFO - Processing /home/airflow/.local/lib/python3.12/site-packages/airflow/example_dags/example_inlet_event_extra.py took 2.114 seconds
[2025-06-27T07:43:24.033+0000] {processor.py:186} INFO - Started process (PID=802) to work on /home/airflow/.local/lib/python3.12/site-packages/airflow/example_dags/example_inlet_event_extra.py
[2025-06-27T07:43:24.037+0000] {processor.py:914} INFO - Processing file /home/airflow/.local/lib/python3.12/site-packages/airflow/example_dags/example_inlet_event_extra.py for tasks to queue
[2025-06-27T07:43:24.057+0000] {logging_mixin.py:190} INFO - [2025-06-27T07:43:24.055+0000] {dagbag.py:588} INFO - Filling up the DagBag from /home/airflow/.local/lib/python3.12/site-packages/airflow/example_dags/example_inlet_event_extra.py
[2025-06-27T07:43:25.627+0000] {processor.py:925} INFO - DAG(s) 'read_dataset_event_from_classic', 'read_dataset_event' retrieved from /home/airflow/.local/lib/python3.12/site-packages/airflow/example_dags/example_inlet_event_extra.py
[2025-06-27T07:43:25.790+0000] {logging_mixin.py:190} INFO - [2025-06-27T07:43:25.789+0000] {dag.py:3239} INFO - Sync 2 DAGs
[2025-06-27T07:43:25.967+0000] {logging_mixin.py:190} INFO - [2025-06-27T07:43:25.966+0000] {dag.py:4180} INFO - Setting next_dagrun for read_dataset_event to 2025-06-26 00:00:00+00:00, run_after=2025-06-27 00:00:00+00:00
[2025-06-27T07:43:26.006+0000] {logging_mixin.py:190} INFO - [2025-06-27T07:43:26.005+0000] {dag.py:4180} INFO - Setting next_dagrun for read_dataset_event_from_classic to 2025-06-26 00:00:00+00:00, run_after=2025-06-27 00:00:00+00:00
[2025-06-27T07:43:26.106+0000] {processor.py:208} INFO - Processing /home/airflow/.local/lib/python3.12/site-packages/airflow/example_dags/example_inlet_event_extra.py took 2.114 seconds
[2025-06-27T07:43:57.037+0000] {processor.py:186} INFO - Started process (PID=865) to work on /home/airflow/.local/lib/python3.12/site-packages/airflow/example_dags/example_inlet_event_extra.py
[2025-06-27T07:43:57.040+0000] {processor.py:914} INFO - Processing file /home/airflow/.local/lib/python3.12/site-packages/airflow/example_dags/example_inlet_event_extra.py for tasks to queue
[2025-06-27T07:43:57.047+0000] {logging_mixin.py:190} INFO - [2025-06-27T07:43:57.046+0000] {dagbag.py:588} INFO - Filling up the DagBag from /home/airflow/.local/lib/python3.12/site-packages/airflow/example_dags/example_inlet_event_extra.py
[2025-06-27T07:43:57.510+0000] {processor.py:925} INFO - DAG(s) 'read_dataset_event_from_classic', 'read_dataset_event' retrieved from /home/airflow/.local/lib/python3.12/site-packages/airflow/example_dags/example_inlet_event_extra.py
[2025-06-27T07:43:57.588+0000] {logging_mixin.py:190} INFO - [2025-06-27T07:43:57.587+0000] {dag.py:3239} INFO - Sync 2 DAGs
[2025-06-27T07:43:57.687+0000] {logging_mixin.py:190} INFO - [2025-06-27T07:43:57.686+0000] {dag.py:4180} INFO - Setting next_dagrun for read_dataset_event to 2025-06-26 00:00:00+00:00, run_after=2025-06-27 00:00:00+00:00
[2025-06-27T07:43:57.708+0000] {logging_mixin.py:190} INFO - [2025-06-27T07:43:57.707+0000] {dag.py:4180} INFO - Setting next_dagrun for read_dataset_event_from_classic to 2025-06-26 00:00:00+00:00, run_after=2025-06-27 00:00:00+00:00
[2025-06-27T07:43:57.786+0000] {processor.py:208} INFO - Processing /home/airflow/.local/lib/python3.12/site-packages/airflow/example_dags/example_inlet_event_extra.py took 0.767 seconds
[2025-06-27T07:44:27.949+0000] {processor.py:186} INFO - Started process (PID=928) to work on /home/airflow/.local/lib/python3.12/site-packages/airflow/example_dags/example_inlet_event_extra.py
[2025-06-27T07:44:27.952+0000] {processor.py:914} INFO - Processing file /home/airflow/.local/lib/python3.12/site-packages/airflow/example_dags/example_inlet_event_extra.py for tasks to queue
[2025-06-27T07:44:27.958+0000] {logging_mixin.py:190} INFO - [2025-06-27T07:44:27.957+0000] {dagbag.py:588} INFO - Filling up the DagBag from /home/airflow/.local/lib/python3.12/site-packages/airflow/example_dags/example_inlet_event_extra.py
[2025-06-27T07:44:28.313+0000] {processor.py:925} INFO - DAG(s) 'read_dataset_event_from_classic', 'read_dataset_event' retrieved from /home/airflow/.local/lib/python3.12/site-packages/airflow/example_dags/example_inlet_event_extra.py
[2025-06-27T07:44:28.372+0000] {logging_mixin.py:190} INFO - [2025-06-27T07:44:28.372+0000] {dag.py:3239} INFO - Sync 2 DAGs
[2025-06-27T07:44:28.435+0000] {logging_mixin.py:190} INFO - [2025-06-27T07:44:28.434+0000] {dag.py:4180} INFO - Setting next_dagrun for read_dataset_event to 2025-06-26 00:00:00+00:00, run_after=2025-06-27 00:00:00+00:00
[2025-06-27T07:44:28.446+0000] {logging_mixin.py:190} INFO - [2025-06-27T07:44:28.446+0000] {dag.py:4180} INFO - Setting next_dagrun for read_dataset_event_from_classic to 2025-06-26 00:00:00+00:00, run_after=2025-06-27 00:00:00+00:00
[2025-06-27T07:44:28.488+0000] {processor.py:208} INFO - Processing /home/airflow/.local/lib/python3.12/site-packages/airflow/example_dags/example_inlet_event_extra.py took 0.553 seconds
[2025-06-27T07:44:59.312+0000] {processor.py:186} INFO - Started process (PID=992) to work on /home/airflow/.local/lib/python3.12/site-packages/airflow/example_dags/example_inlet_event_extra.py
[2025-06-27T07:44:59.314+0000] {processor.py:914} INFO - Processing file /home/airflow/.local/lib/python3.12/site-packages/airflow/example_dags/example_inlet_event_extra.py for tasks to queue
[2025-06-27T07:44:59.320+0000] {logging_mixin.py:190} INFO - [2025-06-27T07:44:59.318+0000] {dagbag.py:588} INFO - Filling up the DagBag from /home/airflow/.local/lib/python3.12/site-packages/airflow/example_dags/example_inlet_event_extra.py
[2025-06-27T07:44:59.594+0000] {processor.py:925} INFO - DAG(s) 'read_dataset_event_from_classic', 'read_dataset_event' retrieved from /home/airflow/.local/lib/python3.12/site-packages/airflow/example_dags/example_inlet_event_extra.py
[2025-06-27T07:44:59.647+0000] {logging_mixin.py:190} INFO - [2025-06-27T07:44:59.646+0000] {dag.py:3239} INFO - Sync 2 DAGs
[2025-06-27T07:44:59.705+0000] {logging_mixin.py:190} INFO - [2025-06-27T07:44:59.704+0000] {dag.py:4180} INFO - Setting next_dagrun for read_dataset_event to 2025-06-26 00:00:00+00:00, run_after=2025-06-27 00:00:00+00:00
[2025-06-27T07:44:59.718+0000] {logging_mixin.py:190} INFO - [2025-06-27T07:44:59.717+0000] {dag.py:4180} INFO - Setting next_dagrun for read_dataset_event_from_classic to 2025-06-26 00:00:00+00:00, run_after=2025-06-27 00:00:00+00:00
[2025-06-27T07:44:59.765+0000] {processor.py:208} INFO - Processing /home/airflow/.local/lib/python3.12/site-packages/airflow/example_dags/example_inlet_event_extra.py took 0.463 seconds
[2025-06-27T07:45:30.052+0000] {processor.py:186} INFO - Started process (PID=1055) to work on /home/airflow/.local/lib/python3.12/site-packages/airflow/example_dags/example_inlet_event_extra.py
[2025-06-27T07:45:30.054+0000] {processor.py:914} INFO - Processing file /home/airflow/.local/lib/python3.12/site-packages/airflow/example_dags/example_inlet_event_extra.py for tasks to queue
[2025-06-27T07:45:30.060+0000] {logging_mixin.py:190} INFO - [2025-06-27T07:45:30.058+0000] {dagbag.py:588} INFO - Filling up the DagBag from /home/airflow/.local/lib/python3.12/site-packages/airflow/example_dags/example_inlet_event_extra.py
[2025-06-27T07:45:30.345+0000] {processor.py:925} INFO - DAG(s) 'read_dataset_event_from_classic', 'read_dataset_event' retrieved from /home/airflow/.local/lib/python3.12/site-packages/airflow/example_dags/example_inlet_event_extra.py
[2025-06-27T07:45:30.385+0000] {logging_mixin.py:190} INFO - [2025-06-27T07:45:30.385+0000] {dag.py:3239} INFO - Sync 2 DAGs
[2025-06-27T07:45:30.436+0000] {logging_mixin.py:190} INFO - [2025-06-27T07:45:30.435+0000] {dag.py:4180} INFO - Setting next_dagrun for read_dataset_event to 2025-06-26 00:00:00+00:00, run_after=2025-06-27 00:00:00+00:00
[2025-06-27T07:45:30.446+0000] {logging_mixin.py:190} INFO - [2025-06-27T07:45:30.445+0000] {dag.py:4180} INFO - Setting next_dagrun for read_dataset_event_from_classic to 2025-06-26 00:00:00+00:00, run_after=2025-06-27 00:00:00+00:00
[2025-06-27T07:45:30.492+0000] {processor.py:208} INFO - Processing /home/airflow/.local/lib/python3.12/site-packages/airflow/example_dags/example_inlet_event_extra.py took 0.449 seconds
[2025-06-27T07:46:01.021+0000] {processor.py:186} INFO - Started process (PID=1118) to work on /home/airflow/.local/lib/python3.12/site-packages/airflow/example_dags/example_inlet_event_extra.py
[2025-06-27T07:46:01.023+0000] {processor.py:914} INFO - Processing file /home/airflow/.local/lib/python3.12/site-packages/airflow/example_dags/example_inlet_event_extra.py for tasks to queue
[2025-06-27T07:46:01.029+0000] {logging_mixin.py:190} INFO - [2025-06-27T07:46:01.028+0000] {dagbag.py:588} INFO - Filling up the DagBag from /home/airflow/.local/lib/python3.12/site-packages/airflow/example_dags/example_inlet_event_extra.py
[2025-06-27T07:46:01.298+0000] {processor.py:925} INFO - DAG(s) 'read_dataset_event_from_classic', 'read_dataset_event' retrieved from /home/airflow/.local/lib/python3.12/site-packages/airflow/example_dags/example_inlet_event_extra.py
[2025-06-27T07:46:01.347+0000] {logging_mixin.py:190} INFO - [2025-06-27T07:46:01.346+0000] {dag.py:3239} INFO - Sync 2 DAGs
[2025-06-27T07:46:01.400+0000] {logging_mixin.py:190} INFO - [2025-06-27T07:46:01.399+0000] {dag.py:4180} INFO - Setting next_dagrun for read_dataset_event to 2025-06-26 00:00:00+00:00, run_after=2025-06-27 00:00:00+00:00
[2025-06-27T07:46:01.412+0000] {logging_mixin.py:190} INFO - [2025-06-27T07:46:01.411+0000] {dag.py:4180} INFO - Setting next_dagrun for read_dataset_event_from_classic to 2025-06-26 00:00:00+00:00, run_after=2025-06-27 00:00:00+00:00
[2025-06-27T07:46:01.449+0000] {processor.py:208} INFO - Processing /home/airflow/.local/lib/python3.12/site-packages/airflow/example_dags/example_inlet_event_extra.py took 0.440 seconds
[2025-06-27T07:46:31.706+0000] {processor.py:186} INFO - Started process (PID=1183) to work on /home/airflow/.local/lib/python3.12/site-packages/airflow/example_dags/example_inlet_event_extra.py
[2025-06-27T07:46:31.708+0000] {processor.py:914} INFO - Processing file /home/airflow/.local/lib/python3.12/site-packages/airflow/example_dags/example_inlet_event_extra.py for tasks to queue
[2025-06-27T07:46:31.715+0000] {logging_mixin.py:190} INFO - [2025-06-27T07:46:31.714+0000] {dagbag.py:588} INFO - Filling up the DagBag from /home/airflow/.local/lib/python3.12/site-packages/airflow/example_dags/example_inlet_event_extra.py
[2025-06-27T07:46:32.068+0000] {processor.py:925} INFO - DAG(s) 'read_dataset_event', 'read_dataset_event_from_classic' retrieved from /home/airflow/.local/lib/python3.12/site-packages/airflow/example_dags/example_inlet_event_extra.py
[2025-06-27T07:46:32.126+0000] {logging_mixin.py:190} INFO - [2025-06-27T07:46:32.125+0000] {dag.py:3239} INFO - Sync 2 DAGs
[2025-06-27T07:46:32.199+0000] {logging_mixin.py:190} INFO - [2025-06-27T07:46:32.198+0000] {dag.py:4180} INFO - Setting next_dagrun for read_dataset_event to 2025-06-26 00:00:00+00:00, run_after=2025-06-27 00:00:00+00:00
[2025-06-27T07:46:32.218+0000] {logging_mixin.py:190} INFO - [2025-06-27T07:46:32.217+0000] {dag.py:4180} INFO - Setting next_dagrun for read_dataset_event_from_classic to 2025-06-26 00:00:00+00:00, run_after=2025-06-27 00:00:00+00:00
[2025-06-27T07:46:32.272+0000] {processor.py:208} INFO - Processing /home/airflow/.local/lib/python3.12/site-packages/airflow/example_dags/example_inlet_event_extra.py took 0.586 seconds
[2025-06-27T07:47:02.705+0000] {processor.py:186} INFO - Started process (PID=1247) to work on /home/airflow/.local/lib/python3.12/site-packages/airflow/example_dags/example_inlet_event_extra.py
[2025-06-27T07:47:02.708+0000] {processor.py:914} INFO - Processing file /home/airflow/.local/lib/python3.12/site-packages/airflow/example_dags/example_inlet_event_extra.py for tasks to queue
[2025-06-27T07:47:02.714+0000] {logging_mixin.py:190} INFO - [2025-06-27T07:47:02.713+0000] {dagbag.py:588} INFO - Filling up the DagBag from /home/airflow/.local/lib/python3.12/site-packages/airflow/example_dags/example_inlet_event_extra.py
[2025-06-27T07:47:03.050+0000] {processor.py:925} INFO - DAG(s) 'read_dataset_event', 'read_dataset_event_from_classic' retrieved from /home/airflow/.local/lib/python3.12/site-packages/airflow/example_dags/example_inlet_event_extra.py
[2025-06-27T07:47:03.097+0000] {logging_mixin.py:190} INFO - [2025-06-27T07:47:03.097+0000] {dag.py:3239} INFO - Sync 2 DAGs
[2025-06-27T07:47:03.260+0000] {logging_mixin.py:190} INFO - [2025-06-27T07:47:03.259+0000] {dag.py:4180} INFO - Setting next_dagrun for read_dataset_event to 2025-06-26 00:00:00+00:00, run_after=2025-06-27 00:00:00+00:00
[2025-06-27T07:47:03.276+0000] {logging_mixin.py:190} INFO - [2025-06-27T07:47:03.276+0000] {dag.py:4180} INFO - Setting next_dagrun for read_dataset_event_from_classic to 2025-06-26 00:00:00+00:00, run_after=2025-06-27 00:00:00+00:00
[2025-06-27T07:47:03.349+0000] {processor.py:208} INFO - Processing /home/airflow/.local/lib/python3.12/site-packages/airflow/example_dags/example_inlet_event_extra.py took 0.657 seconds
[2025-06-27T07:47:33.807+0000] {processor.py:186} INFO - Started process (PID=1311) to work on /home/airflow/.local/lib/python3.12/site-packages/airflow/example_dags/example_inlet_event_extra.py
[2025-06-27T07:47:33.810+0000] {processor.py:914} INFO - Processing file /home/airflow/.local/lib/python3.12/site-packages/airflow/example_dags/example_inlet_event_extra.py for tasks to queue
[2025-06-27T07:47:33.820+0000] {logging_mixin.py:190} INFO - [2025-06-27T07:47:33.819+0000] {dagbag.py:588} INFO - Filling up the DagBag from /home/airflow/.local/lib/python3.12/site-packages/airflow/example_dags/example_inlet_event_extra.py
[2025-06-27T07:47:34.212+0000] {processor.py:925} INFO - DAG(s) 'read_dataset_event_from_classic', 'read_dataset_event' retrieved from /home/airflow/.local/lib/python3.12/site-packages/airflow/example_dags/example_inlet_event_extra.py
[2025-06-27T07:47:34.312+0000] {logging_mixin.py:190} INFO - [2025-06-27T07:47:34.311+0000] {dag.py:3239} INFO - Sync 2 DAGs
[2025-06-27T07:47:34.395+0000] {logging_mixin.py:190} INFO - [2025-06-27T07:47:34.395+0000] {dag.py:4180} INFO - Setting next_dagrun for read_dataset_event to 2025-06-26 00:00:00+00:00, run_after=2025-06-27 00:00:00+00:00
[2025-06-27T07:47:34.409+0000] {logging_mixin.py:190} INFO - [2025-06-27T07:47:34.408+0000] {dag.py:4180} INFO - Setting next_dagrun for read_dataset_event_from_classic to 2025-06-26 00:00:00+00:00, run_after=2025-06-27 00:00:00+00:00
[2025-06-27T07:47:34.450+0000] {processor.py:208} INFO - Processing /home/airflow/.local/lib/python3.12/site-packages/airflow/example_dags/example_inlet_event_extra.py took 0.661 seconds
[2025-06-27T07:48:04.667+0000] {processor.py:186} INFO - Started process (PID=1375) to work on /home/airflow/.local/lib/python3.12/site-packages/airflow/example_dags/example_inlet_event_extra.py
[2025-06-27T07:48:04.669+0000] {processor.py:914} INFO - Processing file /home/airflow/.local/lib/python3.12/site-packages/airflow/example_dags/example_inlet_event_extra.py for tasks to queue
[2025-06-27T07:48:04.675+0000] {logging_mixin.py:190} INFO - [2025-06-27T07:48:04.674+0000] {dagbag.py:588} INFO - Filling up the DagBag from /home/airflow/.local/lib/python3.12/site-packages/airflow/example_dags/example_inlet_event_extra.py
[2025-06-27T07:48:04.972+0000] {processor.py:925} INFO - DAG(s) 'read_dataset_event_from_classic', 'read_dataset_event' retrieved from /home/airflow/.local/lib/python3.12/site-packages/airflow/example_dags/example_inlet_event_extra.py
[2025-06-27T07:48:05.017+0000] {logging_mixin.py:190} INFO - [2025-06-27T07:48:05.016+0000] {dag.py:3239} INFO - Sync 2 DAGs
[2025-06-27T07:48:05.058+0000] {logging_mixin.py:190} INFO - [2025-06-27T07:48:05.057+0000] {dag.py:4180} INFO - Setting next_dagrun for read_dataset_event to 2025-06-26 00:00:00+00:00, run_after=2025-06-27 00:00:00+00:00
[2025-06-27T07:48:05.065+0000] {logging_mixin.py:190} INFO - [2025-06-27T07:48:05.065+0000] {dag.py:4180} INFO - Setting next_dagrun for read_dataset_event_from_classic to 2025-06-26 00:00:00+00:00, run_after=2025-06-27 00:00:00+00:00
[2025-06-27T07:48:05.104+0000] {processor.py:208} INFO - Processing /home/airflow/.local/lib/python3.12/site-packages/airflow/example_dags/example_inlet_event_extra.py took 0.449 seconds
[2025-06-27T07:48:35.734+0000] {processor.py:186} INFO - Started process (PID=1438) to work on /home/airflow/.local/lib/python3.12/site-packages/airflow/example_dags/example_inlet_event_extra.py
[2025-06-27T07:48:35.737+0000] {processor.py:914} INFO - Processing file /home/airflow/.local/lib/python3.12/site-packages/airflow/example_dags/example_inlet_event_extra.py for tasks to queue
[2025-06-27T07:48:35.746+0000] {logging_mixin.py:190} INFO - [2025-06-27T07:48:35.744+0000] {dagbag.py:588} INFO - Filling up the DagBag from /home/airflow/.local/lib/python3.12/site-packages/airflow/example_dags/example_inlet_event_extra.py
[2025-06-27T07:48:36.260+0000] {processor.py:925} INFO - DAG(s) 'read_dataset_event_from_classic', 'read_dataset_event' retrieved from /home/airflow/.local/lib/python3.12/site-packages/airflow/example_dags/example_inlet_event_extra.py
[2025-06-27T07:48:36.317+0000] {logging_mixin.py:190} INFO - [2025-06-27T07:48:36.316+0000] {dag.py:3239} INFO - Sync 2 DAGs
[2025-06-27T07:48:36.376+0000] {logging_mixin.py:190} INFO - [2025-06-27T07:48:36.375+0000] {dag.py:4180} INFO - Setting next_dagrun for read_dataset_event to 2025-06-26 00:00:00+00:00, run_after=2025-06-27 00:00:00+00:00
[2025-06-27T07:48:36.386+0000] {logging_mixin.py:190} INFO - [2025-06-27T07:48:36.385+0000] {dag.py:4180} INFO - Setting next_dagrun for read_dataset_event_from_classic to 2025-06-26 00:00:00+00:00, run_after=2025-06-27 00:00:00+00:00
[2025-06-27T07:48:36.431+0000] {processor.py:208} INFO - Processing /home/airflow/.local/lib/python3.12/site-packages/airflow/example_dags/example_inlet_event_extra.py took 0.717 seconds
[2025-06-27T07:49:06.954+0000] {processor.py:186} INFO - Started process (PID=1501) to work on /home/airflow/.local/lib/python3.12/site-packages/airflow/example_dags/example_inlet_event_extra.py
[2025-06-27T07:49:06.957+0000] {processor.py:914} INFO - Processing file /home/airflow/.local/lib/python3.12/site-packages/airflow/example_dags/example_inlet_event_extra.py for tasks to queue
[2025-06-27T07:49:06.965+0000] {logging_mixin.py:190} INFO - [2025-06-27T07:49:06.964+0000] {dagbag.py:588} INFO - Filling up the DagBag from /home/airflow/.local/lib/python3.12/site-packages/airflow/example_dags/example_inlet_event_extra.py
[2025-06-27T07:49:07.556+0000] {processor.py:925} INFO - DAG(s) 'read_dataset_event', 'read_dataset_event_from_classic' retrieved from /home/airflow/.local/lib/python3.12/site-packages/airflow/example_dags/example_inlet_event_extra.py
[2025-06-27T07:49:07.957+0000] {logging_mixin.py:190} INFO - [2025-06-27T07:49:07.955+0000] {dag.py:3239} INFO - Sync 2 DAGs
[2025-06-27T07:49:08.232+0000] {logging_mixin.py:190} INFO - [2025-06-27T07:49:08.231+0000] {dag.py:4180} INFO - Setting next_dagrun for read_dataset_event to 2025-06-26 00:00:00+00:00, run_after=2025-06-27 00:00:00+00:00
[2025-06-27T07:49:08.265+0000] {logging_mixin.py:190} INFO - [2025-06-27T07:49:08.264+0000] {dag.py:4180} INFO - Setting next_dagrun for read_dataset_event_from_classic to 2025-06-26 00:00:00+00:00, run_after=2025-06-27 00:00:00+00:00
[2025-06-27T07:49:08.360+0000] {processor.py:208} INFO - Processing /home/airflow/.local/lib/python3.12/site-packages/airflow/example_dags/example_inlet_event_extra.py took 1.426 seconds
[2025-06-27T07:52:16.571+0000] {processor.py:186} INFO - Started process (PID=108) to work on /home/airflow/.local/lib/python3.12/site-packages/airflow/example_dags/example_inlet_event_extra.py
[2025-06-27T07:52:16.587+0000] {processor.py:914} INFO - Processing file /home/airflow/.local/lib/python3.12/site-packages/airflow/example_dags/example_inlet_event_extra.py for tasks to queue
[2025-06-27T07:52:16.824+0000] {logging_mixin.py:190} INFO - [2025-06-27T07:52:16.820+0000] {dagbag.py:588} INFO - Filling up the DagBag from /home/airflow/.local/lib/python3.12/site-packages/airflow/example_dags/example_inlet_event_extra.py
[2025-06-27T07:52:19.171+0000] {processor.py:925} INFO - DAG(s) 'read_dataset_event_from_classic', 'read_dataset_event' retrieved from /home/airflow/.local/lib/python3.12/site-packages/airflow/example_dags/example_inlet_event_extra.py
[2025-06-27T07:52:19.449+0000] {logging_mixin.py:190} INFO - [2025-06-27T07:52:19.448+0000] {dag.py:3239} INFO - Sync 2 DAGs
[2025-06-27T07:52:19.736+0000] {logging_mixin.py:190} INFO - [2025-06-27T07:52:19.722+0000] {dag.py:4180} INFO - Setting next_dagrun for read_dataset_event to 2025-06-26 00:00:00+00:00, run_after=2025-06-27 00:00:00+00:00
[2025-06-27T07:52:19.814+0000] {logging_mixin.py:190} INFO - [2025-06-27T07:52:19.810+0000] {dag.py:4180} INFO - Setting next_dagrun for read_dataset_event_from_classic to 2025-06-26 00:00:00+00:00, run_after=2025-06-27 00:00:00+00:00
[2025-06-27T07:52:19.950+0000] {processor.py:208} INFO - Processing /home/airflow/.local/lib/python3.12/site-packages/airflow/example_dags/example_inlet_event_extra.py took 3.451 seconds
[2025-06-27T07:52:54.451+0000] {processor.py:186} INFO - Started process (PID=171) to work on /home/airflow/.local/lib/python3.12/site-packages/airflow/example_dags/example_inlet_event_extra.py
[2025-06-27T07:52:54.466+0000] {processor.py:914} INFO - Processing file /home/airflow/.local/lib/python3.12/site-packages/airflow/example_dags/example_inlet_event_extra.py for tasks to queue
[2025-06-27T07:52:54.484+0000] {logging_mixin.py:190} INFO - [2025-06-27T07:52:54.483+0000] {dagbag.py:588} INFO - Filling up the DagBag from /home/airflow/.local/lib/python3.12/site-packages/airflow/example_dags/example_inlet_event_extra.py
[2025-06-27T07:52:54.857+0000] {processor.py:925} INFO - DAG(s) 'read_dataset_event_from_classic', 'read_dataset_event' retrieved from /home/airflow/.local/lib/python3.12/site-packages/airflow/example_dags/example_inlet_event_extra.py
[2025-06-27T07:52:54.945+0000] {logging_mixin.py:190} INFO - [2025-06-27T07:52:54.945+0000] {dag.py:3239} INFO - Sync 2 DAGs
[2025-06-27T07:52:55.082+0000] {logging_mixin.py:190} INFO - [2025-06-27T07:52:55.081+0000] {dag.py:4180} INFO - Setting next_dagrun for read_dataset_event to 2025-06-26 00:00:00+00:00, run_after=2025-06-27 00:00:00+00:00
[2025-06-27T07:52:55.101+0000] {logging_mixin.py:190} INFO - [2025-06-27T07:52:55.100+0000] {dag.py:4180} INFO - Setting next_dagrun for read_dataset_event_from_classic to 2025-06-26 00:00:00+00:00, run_after=2025-06-27 00:00:00+00:00
[2025-06-27T07:52:55.153+0000] {processor.py:208} INFO - Processing /home/airflow/.local/lib/python3.12/site-packages/airflow/example_dags/example_inlet_event_extra.py took 0.722 seconds
[2025-06-27T07:53:25.450+0000] {processor.py:186} INFO - Started process (PID=234) to work on /home/airflow/.local/lib/python3.12/site-packages/airflow/example_dags/example_inlet_event_extra.py
[2025-06-27T07:53:25.453+0000] {processor.py:914} INFO - Processing file /home/airflow/.local/lib/python3.12/site-packages/airflow/example_dags/example_inlet_event_extra.py for tasks to queue
[2025-06-27T07:53:25.458+0000] {logging_mixin.py:190} INFO - [2025-06-27T07:53:25.457+0000] {dagbag.py:588} INFO - Filling up the DagBag from /home/airflow/.local/lib/python3.12/site-packages/airflow/example_dags/example_inlet_event_extra.py
[2025-06-27T07:53:25.948+0000] {processor.py:925} INFO - DAG(s) 'read_dataset_event', 'read_dataset_event_from_classic' retrieved from /home/airflow/.local/lib/python3.12/site-packages/airflow/example_dags/example_inlet_event_extra.py
[2025-06-27T07:53:26.014+0000] {logging_mixin.py:190} INFO - [2025-06-27T07:53:26.014+0000] {dag.py:3239} INFO - Sync 2 DAGs
[2025-06-27T07:53:26.090+0000] {logging_mixin.py:190} INFO - [2025-06-27T07:53:26.089+0000] {dag.py:4180} INFO - Setting next_dagrun for read_dataset_event to 2025-06-26 00:00:00+00:00, run_after=2025-06-27 00:00:00+00:00
[2025-06-27T07:53:26.108+0000] {logging_mixin.py:190} INFO - [2025-06-27T07:53:26.107+0000] {dag.py:4180} INFO - Setting next_dagrun for read_dataset_event_from_classic to 2025-06-26 00:00:00+00:00, run_after=2025-06-27 00:00:00+00:00
[2025-06-27T07:53:26.170+0000] {processor.py:208} INFO - Processing /home/airflow/.local/lib/python3.12/site-packages/airflow/example_dags/example_inlet_event_extra.py took 0.732 seconds
[2025-06-27T07:53:56.619+0000] {processor.py:186} INFO - Started process (PID=298) to work on /home/airflow/.local/lib/python3.12/site-packages/airflow/example_dags/example_inlet_event_extra.py
[2025-06-27T07:53:56.623+0000] {processor.py:914} INFO - Processing file /home/airflow/.local/lib/python3.12/site-packages/airflow/example_dags/example_inlet_event_extra.py for tasks to queue
[2025-06-27T07:53:56.629+0000] {logging_mixin.py:190} INFO - [2025-06-27T07:53:56.629+0000] {dagbag.py:588} INFO - Filling up the DagBag from /home/airflow/.local/lib/python3.12/site-packages/airflow/example_dags/example_inlet_event_extra.py
[2025-06-27T07:53:57.086+0000] {processor.py:925} INFO - DAG(s) 'read_dataset_event_from_classic', 'read_dataset_event' retrieved from /home/airflow/.local/lib/python3.12/site-packages/airflow/example_dags/example_inlet_event_extra.py
[2025-06-27T07:53:57.226+0000] {logging_mixin.py:190} INFO - [2025-06-27T07:53:57.225+0000] {dag.py:3239} INFO - Sync 2 DAGs
[2025-06-27T07:53:57.398+0000] {logging_mixin.py:190} INFO - [2025-06-27T07:53:57.397+0000] {dag.py:4180} INFO - Setting next_dagrun for read_dataset_event to 2025-06-26 00:00:00+00:00, run_after=2025-06-27 00:00:00+00:00
[2025-06-27T07:53:57.422+0000] {logging_mixin.py:190} INFO - [2025-06-27T07:53:57.421+0000] {dag.py:4180} INFO - Setting next_dagrun for read_dataset_event_from_classic to 2025-06-26 00:00:00+00:00, run_after=2025-06-27 00:00:00+00:00
[2025-06-27T07:53:57.485+0000] {processor.py:208} INFO - Processing /home/airflow/.local/lib/python3.12/site-packages/airflow/example_dags/example_inlet_event_extra.py took 0.883 seconds
[2025-06-27T07:54:28.593+0000] {processor.py:186} INFO - Started process (PID=361) to work on /home/airflow/.local/lib/python3.12/site-packages/airflow/example_dags/example_inlet_event_extra.py
[2025-06-27T07:54:28.620+0000] {processor.py:914} INFO - Processing file /home/airflow/.local/lib/python3.12/site-packages/airflow/example_dags/example_inlet_event_extra.py for tasks to queue
[2025-06-27T07:54:28.639+0000] {logging_mixin.py:190} INFO - [2025-06-27T07:54:28.637+0000] {dagbag.py:588} INFO - Filling up the DagBag from /home/airflow/.local/lib/python3.12/site-packages/airflow/example_dags/example_inlet_event_extra.py
[2025-06-27T07:54:29.297+0000] {processor.py:925} INFO - DAG(s) 'read_dataset_event_from_classic', 'read_dataset_event' retrieved from /home/airflow/.local/lib/python3.12/site-packages/airflow/example_dags/example_inlet_event_extra.py
[2025-06-27T07:54:29.376+0000] {logging_mixin.py:190} INFO - [2025-06-27T07:54:29.375+0000] {dag.py:3239} INFO - Sync 2 DAGs
[2025-06-27T07:54:29.484+0000] {logging_mixin.py:190} INFO - [2025-06-27T07:54:29.483+0000] {dag.py:4180} INFO - Setting next_dagrun for read_dataset_event to 2025-06-26 00:00:00+00:00, run_after=2025-06-27 00:00:00+00:00
[2025-06-27T07:54:29.498+0000] {logging_mixin.py:190} INFO - [2025-06-27T07:54:29.498+0000] {dag.py:4180} INFO - Setting next_dagrun for read_dataset_event_from_classic to 2025-06-26 00:00:00+00:00, run_after=2025-06-27 00:00:00+00:00
[2025-06-27T07:54:29.549+0000] {processor.py:208} INFO - Processing /home/airflow/.local/lib/python3.12/site-packages/airflow/example_dags/example_inlet_event_extra.py took 1.044 seconds
[2025-06-27T07:54:59.714+0000] {processor.py:186} INFO - Started process (PID=424) to work on /home/airflow/.local/lib/python3.12/site-packages/airflow/example_dags/example_inlet_event_extra.py
[2025-06-27T07:54:59.716+0000] {processor.py:914} INFO - Processing file /home/airflow/.local/lib/python3.12/site-packages/airflow/example_dags/example_inlet_event_extra.py for tasks to queue
[2025-06-27T07:54:59.722+0000] {logging_mixin.py:190} INFO - [2025-06-27T07:54:59.721+0000] {dagbag.py:588} INFO - Filling up the DagBag from /home/airflow/.local/lib/python3.12/site-packages/airflow/example_dags/example_inlet_event_extra.py
[2025-06-27T07:55:00.136+0000] {processor.py:925} INFO - DAG(s) 'read_dataset_event', 'read_dataset_event_from_classic' retrieved from /home/airflow/.local/lib/python3.12/site-packages/airflow/example_dags/example_inlet_event_extra.py
[2025-06-27T07:55:00.196+0000] {logging_mixin.py:190} INFO - [2025-06-27T07:55:00.195+0000] {dag.py:3239} INFO - Sync 2 DAGs
[2025-06-27T07:55:00.260+0000] {logging_mixin.py:190} INFO - [2025-06-27T07:55:00.259+0000] {dag.py:4180} INFO - Setting next_dagrun for read_dataset_event to 2025-06-26 00:00:00+00:00, run_after=2025-06-27 00:00:00+00:00
[2025-06-27T07:55:00.273+0000] {logging_mixin.py:190} INFO - [2025-06-27T07:55:00.272+0000] {dag.py:4180} INFO - Setting next_dagrun for read_dataset_event_from_classic to 2025-06-26 00:00:00+00:00, run_after=2025-06-27 00:00:00+00:00
[2025-06-27T07:55:00.317+0000] {processor.py:208} INFO - Processing /home/airflow/.local/lib/python3.12/site-packages/airflow/example_dags/example_inlet_event_extra.py took 0.614 seconds
[2025-06-27T07:59:38.332+0000] {processor.py:186} INFO - Started process (PID=95) to work on /home/airflow/.local/lib/python3.12/site-packages/airflow/example_dags/example_inlet_event_extra.py
[2025-06-27T07:59:38.335+0000] {processor.py:914} INFO - Processing file /home/airflow/.local/lib/python3.12/site-packages/airflow/example_dags/example_inlet_event_extra.py for tasks to queue
[2025-06-27T07:59:38.381+0000] {logging_mixin.py:190} INFO - [2025-06-27T07:59:38.375+0000] {dagbag.py:588} INFO - Filling up the DagBag from /home/airflow/.local/lib/python3.12/site-packages/airflow/example_dags/example_inlet_event_extra.py
[2025-06-27T07:59:39.871+0000] {processor.py:925} INFO - DAG(s) 'read_dataset_event_from_classic', 'read_dataset_event' retrieved from /home/airflow/.local/lib/python3.12/site-packages/airflow/example_dags/example_inlet_event_extra.py
[2025-06-27T07:59:40.023+0000] {logging_mixin.py:190} INFO - [2025-06-27T07:59:40.023+0000] {dag.py:3239} INFO - Sync 2 DAGs
[2025-06-27T07:59:40.082+0000] {logging_mixin.py:190} INFO - [2025-06-27T07:59:40.082+0000] {dag.py:4180} INFO - Setting next_dagrun for read_dataset_event to 2025-06-26 00:00:00+00:00, run_after=2025-06-27 00:00:00+00:00
[2025-06-27T07:59:40.093+0000] {logging_mixin.py:190} INFO - [2025-06-27T07:59:40.093+0000] {dag.py:4180} INFO - Setting next_dagrun for read_dataset_event_from_classic to 2025-06-26 00:00:00+00:00, run_after=2025-06-27 00:00:00+00:00
[2025-06-27T07:59:40.173+0000] {processor.py:208} INFO - Processing /home/airflow/.local/lib/python3.12/site-packages/airflow/example_dags/example_inlet_event_extra.py took 1.957 seconds
[2025-06-27T08:00:47.562+0000] {processor.py:186} INFO - Started process (PID=162) to work on /home/airflow/.local/lib/python3.12/site-packages/airflow/example_dags/example_inlet_event_extra.py
[2025-06-27T08:00:47.574+0000] {processor.py:914} INFO - Processing file /home/airflow/.local/lib/python3.12/site-packages/airflow/example_dags/example_inlet_event_extra.py for tasks to queue
[2025-06-27T08:00:47.608+0000] {logging_mixin.py:190} INFO - [2025-06-27T08:00:47.601+0000] {dagbag.py:588} INFO - Filling up the DagBag from /home/airflow/.local/lib/python3.12/site-packages/airflow/example_dags/example_inlet_event_extra.py
[2025-06-27T08:00:50.017+0000] {processor.py:925} INFO - DAG(s) 'read_dataset_event_from_classic', 'read_dataset_event' retrieved from /home/airflow/.local/lib/python3.12/site-packages/airflow/example_dags/example_inlet_event_extra.py
[2025-06-27T08:00:50.588+0000] {logging_mixin.py:190} INFO - [2025-06-27T08:00:50.587+0000] {dag.py:3239} INFO - Sync 2 DAGs
[2025-06-27T08:00:51.642+0000] {logging_mixin.py:190} INFO - [2025-06-27T08:00:51.632+0000] {dag.py:4180} INFO - Setting next_dagrun for read_dataset_event to 2025-06-26 00:00:00+00:00, run_after=2025-06-27 00:00:00+00:00
[2025-06-27T08:00:51.938+0000] {logging_mixin.py:190} INFO - [2025-06-27T08:00:51.937+0000] {dag.py:4180} INFO - Setting next_dagrun for read_dataset_event_from_classic to 2025-06-26 00:00:00+00:00, run_after=2025-06-27 00:00:00+00:00
[2025-06-27T08:00:52.256+0000] {processor.py:208} INFO - Processing /home/airflow/.local/lib/python3.12/site-packages/airflow/example_dags/example_inlet_event_extra.py took 4.777 seconds
[2025-06-27T08:01:22.773+0000] {processor.py:186} INFO - Started process (PID=225) to work on /home/airflow/.local/lib/python3.12/site-packages/airflow/example_dags/example_inlet_event_extra.py
[2025-06-27T08:01:22.779+0000] {processor.py:914} INFO - Processing file /home/airflow/.local/lib/python3.12/site-packages/airflow/example_dags/example_inlet_event_extra.py for tasks to queue
[2025-06-27T08:01:22.797+0000] {logging_mixin.py:190} INFO - [2025-06-27T08:01:22.795+0000] {dagbag.py:588} INFO - Filling up the DagBag from /home/airflow/.local/lib/python3.12/site-packages/airflow/example_dags/example_inlet_event_extra.py
[2025-06-27T08:01:24.349+0000] {processor.py:925} INFO - DAG(s) 'read_dataset_event_from_classic', 'read_dataset_event' retrieved from /home/airflow/.local/lib/python3.12/site-packages/airflow/example_dags/example_inlet_event_extra.py
[2025-06-27T08:01:24.475+0000] {logging_mixin.py:190} INFO - [2025-06-27T08:01:24.474+0000] {dag.py:3239} INFO - Sync 2 DAGs
[2025-06-27T08:01:24.742+0000] {logging_mixin.py:190} INFO - [2025-06-27T08:01:24.741+0000] {dag.py:4180} INFO - Setting next_dagrun for read_dataset_event to 2025-06-26 00:00:00+00:00, run_after=2025-06-27 00:00:00+00:00
[2025-06-27T08:01:24.798+0000] {logging_mixin.py:190} INFO - [2025-06-27T08:01:24.796+0000] {dag.py:4180} INFO - Setting next_dagrun for read_dataset_event_from_classic to 2025-06-26 00:00:00+00:00, run_after=2025-06-27 00:00:00+00:00
[2025-06-27T08:01:24.889+0000] {processor.py:208} INFO - Processing /home/airflow/.local/lib/python3.12/site-packages/airflow/example_dags/example_inlet_event_extra.py took 2.164 seconds
[2025-06-27T08:01:55.202+0000] {processor.py:186} INFO - Started process (PID=287) to work on /home/airflow/.local/lib/python3.12/site-packages/airflow/example_dags/example_inlet_event_extra.py
[2025-06-27T08:01:55.203+0000] {processor.py:914} INFO - Processing file /home/airflow/.local/lib/python3.12/site-packages/airflow/example_dags/example_inlet_event_extra.py for tasks to queue
[2025-06-27T08:01:55.207+0000] {logging_mixin.py:190} INFO - [2025-06-27T08:01:55.207+0000] {dagbag.py:588} INFO - Filling up the DagBag from /home/airflow/.local/lib/python3.12/site-packages/airflow/example_dags/example_inlet_event_extra.py
[2025-06-27T08:01:55.400+0000] {processor.py:925} INFO - DAG(s) 'read_dataset_event_from_classic', 'read_dataset_event' retrieved from /home/airflow/.local/lib/python3.12/site-packages/airflow/example_dags/example_inlet_event_extra.py
[2025-06-27T08:01:55.437+0000] {logging_mixin.py:190} INFO - [2025-06-27T08:01:55.436+0000] {dag.py:3239} INFO - Sync 2 DAGs
[2025-06-27T08:01:55.470+0000] {logging_mixin.py:190} INFO - [2025-06-27T08:01:55.469+0000] {dag.py:4180} INFO - Setting next_dagrun for read_dataset_event to 2025-06-26 00:00:00+00:00, run_after=2025-06-27 00:00:00+00:00
[2025-06-27T08:01:55.476+0000] {logging_mixin.py:190} INFO - [2025-06-27T08:01:55.476+0000] {dag.py:4180} INFO - Setting next_dagrun for read_dataset_event_from_classic to 2025-06-26 00:00:00+00:00, run_after=2025-06-27 00:00:00+00:00
[2025-06-27T08:01:55.502+0000] {processor.py:208} INFO - Processing /home/airflow/.local/lib/python3.12/site-packages/airflow/example_dags/example_inlet_event_extra.py took 0.309 seconds
[2025-06-27T08:02:25.619+0000] {processor.py:186} INFO - Started process (PID=351) to work on /home/airflow/.local/lib/python3.12/site-packages/airflow/example_dags/example_inlet_event_extra.py
[2025-06-27T08:02:25.622+0000] {processor.py:914} INFO - Processing file /home/airflow/.local/lib/python3.12/site-packages/airflow/example_dags/example_inlet_event_extra.py for tasks to queue
[2025-06-27T08:02:25.627+0000] {logging_mixin.py:190} INFO - [2025-06-27T08:02:25.627+0000] {dagbag.py:588} INFO - Filling up the DagBag from /home/airflow/.local/lib/python3.12/site-packages/airflow/example_dags/example_inlet_event_extra.py
[2025-06-27T08:02:25.861+0000] {processor.py:925} INFO - DAG(s) 'read_dataset_event_from_classic', 'read_dataset_event' retrieved from /home/airflow/.local/lib/python3.12/site-packages/airflow/example_dags/example_inlet_event_extra.py
[2025-06-27T08:02:25.900+0000] {logging_mixin.py:190} INFO - [2025-06-27T08:02:25.900+0000] {dag.py:3239} INFO - Sync 2 DAGs
[2025-06-27T08:02:25.939+0000] {logging_mixin.py:190} INFO - [2025-06-27T08:02:25.939+0000] {dag.py:4180} INFO - Setting next_dagrun for read_dataset_event to 2025-06-26 00:00:00+00:00, run_after=2025-06-27 00:00:00+00:00
[2025-06-27T08:02:25.949+0000] {logging_mixin.py:190} INFO - [2025-06-27T08:02:25.949+0000] {dag.py:4180} INFO - Setting next_dagrun for read_dataset_event_from_classic to 2025-06-26 00:00:00+00:00, run_after=2025-06-27 00:00:00+00:00
[2025-06-27T08:02:25.981+0000] {processor.py:208} INFO - Processing /home/airflow/.local/lib/python3.12/site-packages/airflow/example_dags/example_inlet_event_extra.py took 0.379 seconds
[2025-06-27T08:02:56.141+0000] {processor.py:186} INFO - Started process (PID=418) to work on /home/airflow/.local/lib/python3.12/site-packages/airflow/example_dags/example_inlet_event_extra.py
[2025-06-27T08:02:56.144+0000] {processor.py:914} INFO - Processing file /home/airflow/.local/lib/python3.12/site-packages/airflow/example_dags/example_inlet_event_extra.py for tasks to queue
[2025-06-27T08:02:56.149+0000] {logging_mixin.py:190} INFO - [2025-06-27T08:02:56.148+0000] {dagbag.py:588} INFO - Filling up the DagBag from /home/airflow/.local/lib/python3.12/site-packages/airflow/example_dags/example_inlet_event_extra.py
[2025-06-27T08:02:56.336+0000] {processor.py:925} INFO - DAG(s) 'read_dataset_event_from_classic', 'read_dataset_event' retrieved from /home/airflow/.local/lib/python3.12/site-packages/airflow/example_dags/example_inlet_event_extra.py
[2025-06-27T08:02:56.376+0000] {logging_mixin.py:190} INFO - [2025-06-27T08:02:56.375+0000] {dag.py:3239} INFO - Sync 2 DAGs
[2025-06-27T08:02:56.412+0000] {logging_mixin.py:190} INFO - [2025-06-27T08:02:56.411+0000] {dag.py:4180} INFO - Setting next_dagrun for read_dataset_event to 2025-06-26 00:00:00+00:00, run_after=2025-06-27 00:00:00+00:00
[2025-06-27T08:02:56.419+0000] {logging_mixin.py:190} INFO - [2025-06-27T08:02:56.418+0000] {dag.py:4180} INFO - Setting next_dagrun for read_dataset_event_from_classic to 2025-06-26 00:00:00+00:00, run_after=2025-06-27 00:00:00+00:00
[2025-06-27T08:02:56.447+0000] {processor.py:208} INFO - Processing /home/airflow/.local/lib/python3.12/site-packages/airflow/example_dags/example_inlet_event_extra.py took 0.318 seconds
[2025-06-27T08:03:26.718+0000] {processor.py:186} INFO - Started process (PID=482) to work on /home/airflow/.local/lib/python3.12/site-packages/airflow/example_dags/example_inlet_event_extra.py
[2025-06-27T08:03:26.722+0000] {processor.py:914} INFO - Processing file /home/airflow/.local/lib/python3.12/site-packages/airflow/example_dags/example_inlet_event_extra.py for tasks to queue
[2025-06-27T08:03:26.727+0000] {logging_mixin.py:190} INFO - [2025-06-27T08:03:26.726+0000] {dagbag.py:588} INFO - Filling up the DagBag from /home/airflow/.local/lib/python3.12/site-packages/airflow/example_dags/example_inlet_event_extra.py
[2025-06-27T08:03:26.996+0000] {processor.py:925} INFO - DAG(s) 'read_dataset_event_from_classic', 'read_dataset_event' retrieved from /home/airflow/.local/lib/python3.12/site-packages/airflow/example_dags/example_inlet_event_extra.py
[2025-06-27T08:03:27.032+0000] {logging_mixin.py:190} INFO - [2025-06-27T08:03:27.031+0000] {dag.py:3239} INFO - Sync 2 DAGs
[2025-06-27T08:03:27.071+0000] {logging_mixin.py:190} INFO - [2025-06-27T08:03:27.071+0000] {dag.py:4180} INFO - Setting next_dagrun for read_dataset_event to 2025-06-26 00:00:00+00:00, run_after=2025-06-27 00:00:00+00:00
[2025-06-27T08:03:27.078+0000] {logging_mixin.py:190} INFO - [2025-06-27T08:03:27.078+0000] {dag.py:4180} INFO - Setting next_dagrun for read_dataset_event_from_classic to 2025-06-26 00:00:00+00:00, run_after=2025-06-27 00:00:00+00:00
[2025-06-27T08:03:27.103+0000] {processor.py:208} INFO - Processing /home/airflow/.local/lib/python3.12/site-packages/airflow/example_dags/example_inlet_event_extra.py took 0.397 seconds
[2025-06-27T08:03:57.471+0000] {processor.py:186} INFO - Started process (PID=546) to work on /home/airflow/.local/lib/python3.12/site-packages/airflow/example_dags/example_inlet_event_extra.py
[2025-06-27T08:03:57.474+0000] {processor.py:914} INFO - Processing file /home/airflow/.local/lib/python3.12/site-packages/airflow/example_dags/example_inlet_event_extra.py for tasks to queue
[2025-06-27T08:03:57.481+0000] {logging_mixin.py:190} INFO - [2025-06-27T08:03:57.480+0000] {dagbag.py:588} INFO - Filling up the DagBag from /home/airflow/.local/lib/python3.12/site-packages/airflow/example_dags/example_inlet_event_extra.py
[2025-06-27T08:03:57.802+0000] {processor.py:925} INFO - DAG(s) 'read_dataset_event', 'read_dataset_event_from_classic' retrieved from /home/airflow/.local/lib/python3.12/site-packages/airflow/example_dags/example_inlet_event_extra.py
[2025-06-27T08:03:57.840+0000] {logging_mixin.py:190} INFO - [2025-06-27T08:03:57.840+0000] {dag.py:3239} INFO - Sync 2 DAGs
[2025-06-27T08:03:57.880+0000] {logging_mixin.py:190} INFO - [2025-06-27T08:03:57.880+0000] {dag.py:4180} INFO - Setting next_dagrun for read_dataset_event to 2025-06-26 00:00:00+00:00, run_after=2025-06-27 00:00:00+00:00
[2025-06-27T08:03:57.888+0000] {logging_mixin.py:190} INFO - [2025-06-27T08:03:57.888+0000] {dag.py:4180} INFO - Setting next_dagrun for read_dataset_event_from_classic to 2025-06-26 00:00:00+00:00, run_after=2025-06-27 00:00:00+00:00
[2025-06-27T08:03:57.918+0000] {processor.py:208} INFO - Processing /home/airflow/.local/lib/python3.12/site-packages/airflow/example_dags/example_inlet_event_extra.py took 0.469 seconds
[2025-06-27T08:04:28.436+0000] {processor.py:186} INFO - Started process (PID=609) to work on /home/airflow/.local/lib/python3.12/site-packages/airflow/example_dags/example_inlet_event_extra.py
[2025-06-27T08:04:28.439+0000] {processor.py:914} INFO - Processing file /home/airflow/.local/lib/python3.12/site-packages/airflow/example_dags/example_inlet_event_extra.py for tasks to queue
[2025-06-27T08:04:28.454+0000] {logging_mixin.py:190} INFO - [2025-06-27T08:04:28.453+0000] {dagbag.py:588} INFO - Filling up the DagBag from /home/airflow/.local/lib/python3.12/site-packages/airflow/example_dags/example_inlet_event_extra.py
[2025-06-27T08:04:28.877+0000] {processor.py:925} INFO - DAG(s) 'read_dataset_event_from_classic', 'read_dataset_event' retrieved from /home/airflow/.local/lib/python3.12/site-packages/airflow/example_dags/example_inlet_event_extra.py
[2025-06-27T08:04:28.928+0000] {logging_mixin.py:190} INFO - [2025-06-27T08:04:28.928+0000] {dag.py:3239} INFO - Sync 2 DAGs
[2025-06-27T08:04:28.978+0000] {logging_mixin.py:190} INFO - [2025-06-27T08:04:28.978+0000] {dag.py:4180} INFO - Setting next_dagrun for read_dataset_event to 2025-06-26 00:00:00+00:00, run_after=2025-06-27 00:00:00+00:00
[2025-06-27T08:04:28.989+0000] {logging_mixin.py:190} INFO - [2025-06-27T08:04:28.988+0000] {dag.py:4180} INFO - Setting next_dagrun for read_dataset_event_from_classic to 2025-06-26 00:00:00+00:00, run_after=2025-06-27 00:00:00+00:00
[2025-06-27T08:04:29.025+0000] {processor.py:208} INFO - Processing /home/airflow/.local/lib/python3.12/site-packages/airflow/example_dags/example_inlet_event_extra.py took 0.615 seconds
[2025-06-27T08:04:59.548+0000] {processor.py:186} INFO - Started process (PID=673) to work on /home/airflow/.local/lib/python3.12/site-packages/airflow/example_dags/example_inlet_event_extra.py
[2025-06-27T08:04:59.559+0000] {processor.py:914} INFO - Processing file /home/airflow/.local/lib/python3.12/site-packages/airflow/example_dags/example_inlet_event_extra.py for tasks to queue
[2025-06-27T08:04:59.576+0000] {logging_mixin.py:190} INFO - [2025-06-27T08:04:59.573+0000] {dagbag.py:588} INFO - Filling up the DagBag from /home/airflow/.local/lib/python3.12/site-packages/airflow/example_dags/example_inlet_event_extra.py
[2025-06-27T08:05:00.172+0000] {processor.py:925} INFO - DAG(s) 'read_dataset_event', 'read_dataset_event_from_classic' retrieved from /home/airflow/.local/lib/python3.12/site-packages/airflow/example_dags/example_inlet_event_extra.py
[2025-06-27T08:05:00.278+0000] {logging_mixin.py:190} INFO - [2025-06-27T08:05:00.277+0000] {dag.py:3239} INFO - Sync 2 DAGs
[2025-06-27T08:05:00.376+0000] {logging_mixin.py:190} INFO - [2025-06-27T08:05:00.376+0000] {dag.py:4180} INFO - Setting next_dagrun for read_dataset_event to 2025-06-26 00:00:00+00:00, run_after=2025-06-27 00:00:00+00:00
[2025-06-27T08:05:00.395+0000] {logging_mixin.py:190} INFO - [2025-06-27T08:05:00.394+0000] {dag.py:4180} INFO - Setting next_dagrun for read_dataset_event_from_classic to 2025-06-26 00:00:00+00:00, run_after=2025-06-27 00:00:00+00:00
[2025-06-27T08:05:00.453+0000] {processor.py:208} INFO - Processing /home/airflow/.local/lib/python3.12/site-packages/airflow/example_dags/example_inlet_event_extra.py took 0.957 seconds
[2025-06-27T08:05:32.274+0000] {processor.py:186} INFO - Started process (PID=733) to work on /home/airflow/.local/lib/python3.12/site-packages/airflow/example_dags/example_inlet_event_extra.py
[2025-06-27T08:05:32.292+0000] {processor.py:914} INFO - Processing file /home/airflow/.local/lib/python3.12/site-packages/airflow/example_dags/example_inlet_event_extra.py for tasks to queue
[2025-06-27T08:05:32.312+0000] {logging_mixin.py:190} INFO - [2025-06-27T08:05:32.310+0000] {dagbag.py:588} INFO - Filling up the DagBag from /home/airflow/.local/lib/python3.12/site-packages/airflow/example_dags/example_inlet_event_extra.py
[2025-06-27T08:05:33.345+0000] {processor.py:925} INFO - DAG(s) 'read_dataset_event_from_classic', 'read_dataset_event' retrieved from /home/airflow/.local/lib/python3.12/site-packages/airflow/example_dags/example_inlet_event_extra.py
[2025-06-27T08:05:33.552+0000] {logging_mixin.py:190} INFO - [2025-06-27T08:05:33.550+0000] {dag.py:3239} INFO - Sync 2 DAGs
[2025-06-27T08:05:33.881+0000] {logging_mixin.py:190} INFO - [2025-06-27T08:05:33.880+0000] {dag.py:4180} INFO - Setting next_dagrun for read_dataset_event to 2025-06-26 00:00:00+00:00, run_after=2025-06-27 00:00:00+00:00
[2025-06-27T08:05:33.932+0000] {logging_mixin.py:190} INFO - [2025-06-27T08:05:33.931+0000] {dag.py:4180} INFO - Setting next_dagrun for read_dataset_event_from_classic to 2025-06-26 00:00:00+00:00, run_after=2025-06-27 00:00:00+00:00
[2025-06-27T08:05:34.033+0000] {processor.py:208} INFO - Processing /home/airflow/.local/lib/python3.12/site-packages/airflow/example_dags/example_inlet_event_extra.py took 1.804 seconds
[2025-06-27T08:06:07.145+0000] {processor.py:186} INFO - Started process (PID=798) to work on /home/airflow/.local/lib/python3.12/site-packages/airflow/example_dags/example_inlet_event_extra.py
[2025-06-27T08:06:07.147+0000] {processor.py:914} INFO - Processing file /home/airflow/.local/lib/python3.12/site-packages/airflow/example_dags/example_inlet_event_extra.py for tasks to queue
[2025-06-27T08:06:07.153+0000] {logging_mixin.py:190} INFO - [2025-06-27T08:06:07.152+0000] {dagbag.py:588} INFO - Filling up the DagBag from /home/airflow/.local/lib/python3.12/site-packages/airflow/example_dags/example_inlet_event_extra.py
[2025-06-27T08:06:07.448+0000] {processor.py:925} INFO - DAG(s) 'read_dataset_event', 'read_dataset_event_from_classic' retrieved from /home/airflow/.local/lib/python3.12/site-packages/airflow/example_dags/example_inlet_event_extra.py
[2025-06-27T08:06:07.490+0000] {logging_mixin.py:190} INFO - [2025-06-27T08:06:07.489+0000] {dag.py:3239} INFO - Sync 2 DAGs
[2025-06-27T08:06:07.538+0000] {logging_mixin.py:190} INFO - [2025-06-27T08:06:07.537+0000] {dag.py:4180} INFO - Setting next_dagrun for read_dataset_event to 2025-06-26 00:00:00+00:00, run_after=2025-06-27 00:00:00+00:00
[2025-06-27T08:06:07.547+0000] {logging_mixin.py:190} INFO - [2025-06-27T08:06:07.546+0000] {dag.py:4180} INFO - Setting next_dagrun for read_dataset_event_from_classic to 2025-06-26 00:00:00+00:00, run_after=2025-06-27 00:00:00+00:00
[2025-06-27T08:06:07.581+0000] {processor.py:208} INFO - Processing /home/airflow/.local/lib/python3.12/site-packages/airflow/example_dags/example_inlet_event_extra.py took 0.449 seconds
