[2025-06-27T07:36:58.809+0000] {processor.py:186} INFO - Started process (PID=148) to work on /home/airflow/.local/lib/python3.12/site-packages/airflow/example_dags/example_branch_python_dop_operator_3.py
[2025-06-27T07:36:58.816+0000] {processor.py:914} INFO - Processing file /home/airflow/.local/lib/python3.12/site-packages/airflow/example_dags/example_branch_python_dop_operator_3.py for tasks to queue
[2025-06-27T07:36:58.835+0000] {logging_mixin.py:190} INFO - [2025-06-27T07:36:58.833+0000] {dagbag.py:588} INFO - Filling up the DagBag from /home/airflow/.local/lib/python3.12/site-packages/airflow/example_dags/example_branch_python_dop_operator_3.py
[2025-06-27T07:36:58.946+0000] {processor.py:925} INFO - DAG(s) 'example_branch_dop_operator_v3' retrieved from /home/airflow/.local/lib/python3.12/site-packages/airflow/example_dags/example_branch_python_dop_operator_3.py
[2025-06-27T07:36:59.890+0000] {logging_mixin.py:190} INFO - [2025-06-27T07:36:59.886+0000] {override.py:1900} INFO - Created Permission View: can read on DAG:example_branch_dop_operator_v3
[2025-06-27T07:36:59.938+0000] {logging_mixin.py:190} INFO - [2025-06-27T07:36:59.936+0000] {override.py:1900} INFO - Created Permission View: can edit on DAG:example_branch_dop_operator_v3
[2025-06-27T07:37:00.026+0000] {logging_mixin.py:190} INFO - [2025-06-27T07:37:00.025+0000] {override.py:1900} INFO - Created Permission View: can delete on DAG:example_branch_dop_operator_v3
[2025-06-27T07:37:00.121+0000] {logging_mixin.py:190} INFO - [2025-06-27T07:37:00.120+0000] {override.py:1900} INFO - Created Permission View: can read on DAG Run:example_branch_dop_operator_v3
[2025-06-27T07:37:00.166+0000] {logging_mixin.py:190} INFO - [2025-06-27T07:37:00.165+0000] {override.py:1900} INFO - Created Permission View: can create on DAG Run:example_branch_dop_operator_v3
[2025-06-27T07:37:00.205+0000] {logging_mixin.py:190} INFO - [2025-06-27T07:37:00.204+0000] {override.py:1900} INFO - Created Permission View: can delete on DAG Run:example_branch_dop_operator_v3
[2025-06-27T07:37:00.246+0000] {logging_mixin.py:190} INFO - [2025-06-27T07:37:00.245+0000] {override.py:1900} INFO - Created Permission View: menu access on DAG Run:example_branch_dop_operator_v3
[2025-06-27T07:37:00.248+0000] {logging_mixin.py:190} INFO - [2025-06-27T07:37:00.247+0000] {dag.py:3239} INFO - Sync 1 DAGs
[2025-06-27T07:37:00.362+0000] {logging_mixin.py:190} INFO - [2025-06-27T07:37:00.361+0000] {dag.py:3262} INFO - Creating ORM DAG for example_branch_dop_operator_v3
[2025-06-27T07:37:00.570+0000] {logging_mixin.py:190} INFO - [2025-06-27T07:37:00.569+0000] {dag.py:4180} INFO - Setting next_dagrun for example_branch_dop_operator_v3 to 2025-06-27 07:36:00+00:00, run_after=2025-06-27 07:37:00+00:00
[2025-06-27T07:37:00.756+0000] {processor.py:208} INFO - Processing /home/airflow/.local/lib/python3.12/site-packages/airflow/example_dags/example_branch_python_dop_operator_3.py took 2.007 seconds
[2025-06-27T07:37:36.961+0000] {processor.py:186} INFO - Started process (PID=217) to work on /home/airflow/.local/lib/python3.12/site-packages/airflow/example_dags/example_branch_python_dop_operator_3.py
[2025-06-27T07:37:36.966+0000] {processor.py:914} INFO - Processing file /home/airflow/.local/lib/python3.12/site-packages/airflow/example_dags/example_branch_python_dop_operator_3.py for tasks to queue
[2025-06-27T07:37:36.987+0000] {logging_mixin.py:190} INFO - [2025-06-27T07:37:36.985+0000] {dagbag.py:588} INFO - Filling up the DagBag from /home/airflow/.local/lib/python3.12/site-packages/airflow/example_dags/example_branch_python_dop_operator_3.py
[2025-06-27T07:37:37.035+0000] {processor.py:925} INFO - DAG(s) 'example_branch_dop_operator_v3' retrieved from /home/airflow/.local/lib/python3.12/site-packages/airflow/example_dags/example_branch_python_dop_operator_3.py
[2025-06-27T07:37:37.138+0000] {logging_mixin.py:190} INFO - [2025-06-27T07:37:37.138+0000] {dag.py:3239} INFO - Sync 1 DAGs
[2025-06-27T07:37:37.259+0000] {logging_mixin.py:190} INFO - [2025-06-27T07:37:37.259+0000] {dag.py:4180} INFO - Setting next_dagrun for example_branch_dop_operator_v3 to 2025-06-27 07:36:00+00:00, run_after=2025-06-27 07:37:00+00:00
[2025-06-27T07:37:37.332+0000] {processor.py:208} INFO - Processing /home/airflow/.local/lib/python3.12/site-packages/airflow/example_dags/example_branch_python_dop_operator_3.py took 0.399 seconds
[2025-06-27T07:38:22.448+0000] {processor.py:186} INFO - Started process (PID=280) to work on /home/airflow/.local/lib/python3.12/site-packages/airflow/example_dags/example_branch_python_dop_operator_3.py
[2025-06-27T07:38:22.455+0000] {processor.py:914} INFO - Processing file /home/airflow/.local/lib/python3.12/site-packages/airflow/example_dags/example_branch_python_dop_operator_3.py for tasks to queue
[2025-06-27T07:38:22.476+0000] {logging_mixin.py:190} INFO - [2025-06-27T07:38:22.473+0000] {dagbag.py:588} INFO - Filling up the DagBag from /home/airflow/.local/lib/python3.12/site-packages/airflow/example_dags/example_branch_python_dop_operator_3.py
[2025-06-27T07:38:22.573+0000] {processor.py:925} INFO - DAG(s) 'example_branch_dop_operator_v3' retrieved from /home/airflow/.local/lib/python3.12/site-packages/airflow/example_dags/example_branch_python_dop_operator_3.py
[2025-06-27T07:38:22.703+0000] {logging_mixin.py:190} INFO - [2025-06-27T07:38:22.700+0000] {dag.py:3239} INFO - Sync 1 DAGs
[2025-06-27T07:38:22.829+0000] {logging_mixin.py:190} INFO - [2025-06-27T07:38:22.828+0000] {dag.py:4180} INFO - Setting next_dagrun for example_branch_dop_operator_v3 to 2025-06-27 07:37:00+00:00, run_after=2025-06-27 07:38:00+00:00
[2025-06-27T07:38:22.905+0000] {processor.py:208} INFO - Processing /home/airflow/.local/lib/python3.12/site-packages/airflow/example_dags/example_branch_python_dop_operator_3.py took 0.526 seconds
[2025-06-27T07:38:53.851+0000] {processor.py:186} INFO - Started process (PID=342) to work on /home/airflow/.local/lib/python3.12/site-packages/airflow/example_dags/example_branch_python_dop_operator_3.py
[2025-06-27T07:38:53.855+0000] {processor.py:914} INFO - Processing file /home/airflow/.local/lib/python3.12/site-packages/airflow/example_dags/example_branch_python_dop_operator_3.py for tasks to queue
[2025-06-27T07:38:53.868+0000] {logging_mixin.py:190} INFO - [2025-06-27T07:38:53.867+0000] {dagbag.py:588} INFO - Filling up the DagBag from /home/airflow/.local/lib/python3.12/site-packages/airflow/example_dags/example_branch_python_dop_operator_3.py
[2025-06-27T07:38:53.904+0000] {processor.py:925} INFO - DAG(s) 'example_branch_dop_operator_v3' retrieved from /home/airflow/.local/lib/python3.12/site-packages/airflow/example_dags/example_branch_python_dop_operator_3.py
[2025-06-27T07:38:53.961+0000] {logging_mixin.py:190} INFO - [2025-06-27T07:38:53.960+0000] {dag.py:3239} INFO - Sync 1 DAGs
[2025-06-27T07:38:54.033+0000] {logging_mixin.py:190} INFO - [2025-06-27T07:38:54.032+0000] {dag.py:4180} INFO - Setting next_dagrun for example_branch_dop_operator_v3 to 2025-06-27 07:37:00+00:00, run_after=2025-06-27 07:38:00+00:00
[2025-06-27T07:38:54.078+0000] {processor.py:208} INFO - Processing /home/airflow/.local/lib/python3.12/site-packages/airflow/example_dags/example_branch_python_dop_operator_3.py took 0.247 seconds
[2025-06-27T07:39:41.891+0000] {processor.py:186} INFO - Started process (PID=410) to work on /home/airflow/.local/lib/python3.12/site-packages/airflow/example_dags/example_branch_python_dop_operator_3.py
[2025-06-27T07:39:41.897+0000] {processor.py:914} INFO - Processing file /home/airflow/.local/lib/python3.12/site-packages/airflow/example_dags/example_branch_python_dop_operator_3.py for tasks to queue
[2025-06-27T07:39:41.922+0000] {logging_mixin.py:190} INFO - [2025-06-27T07:39:41.913+0000] {dagbag.py:588} INFO - Filling up the DagBag from /home/airflow/.local/lib/python3.12/site-packages/airflow/example_dags/example_branch_python_dop_operator_3.py
[2025-06-27T07:39:42.012+0000] {processor.py:925} INFO - DAG(s) 'example_branch_dop_operator_v3' retrieved from /home/airflow/.local/lib/python3.12/site-packages/airflow/example_dags/example_branch_python_dop_operator_3.py
[2025-06-27T07:39:42.167+0000] {logging_mixin.py:190} INFO - [2025-06-27T07:39:42.166+0000] {dag.py:3239} INFO - Sync 1 DAGs
[2025-06-27T07:39:42.420+0000] {logging_mixin.py:190} INFO - [2025-06-27T07:39:42.415+0000] {dag.py:4180} INFO - Setting next_dagrun for example_branch_dop_operator_v3 to 2025-06-27 07:38:00+00:00, run_after=2025-06-27 07:39:00+00:00
[2025-06-27T07:39:42.563+0000] {processor.py:208} INFO - Processing /home/airflow/.local/lib/python3.12/site-packages/airflow/example_dags/example_branch_python_dop_operator_3.py took 0.708 seconds
[2025-06-27T07:40:12.858+0000] {processor.py:186} INFO - Started process (PID=473) to work on /home/airflow/.local/lib/python3.12/site-packages/airflow/example_dags/example_branch_python_dop_operator_3.py
[2025-06-27T07:40:12.862+0000] {processor.py:914} INFO - Processing file /home/airflow/.local/lib/python3.12/site-packages/airflow/example_dags/example_branch_python_dop_operator_3.py for tasks to queue
[2025-06-27T07:40:12.872+0000] {logging_mixin.py:190} INFO - [2025-06-27T07:40:12.870+0000] {dagbag.py:588} INFO - Filling up the DagBag from /home/airflow/.local/lib/python3.12/site-packages/airflow/example_dags/example_branch_python_dop_operator_3.py
[2025-06-27T07:40:12.917+0000] {processor.py:925} INFO - DAG(s) 'example_branch_dop_operator_v3' retrieved from /home/airflow/.local/lib/python3.12/site-packages/airflow/example_dags/example_branch_python_dop_operator_3.py
[2025-06-27T07:40:12.996+0000] {logging_mixin.py:190} INFO - [2025-06-27T07:40:12.996+0000] {dag.py:3239} INFO - Sync 1 DAGs
[2025-06-27T07:40:13.098+0000] {logging_mixin.py:190} INFO - [2025-06-27T07:40:13.097+0000] {dag.py:4180} INFO - Setting next_dagrun for example_branch_dop_operator_v3 to 2025-06-27 07:39:00+00:00, run_after=2025-06-27 07:40:00+00:00
[2025-06-27T07:40:13.193+0000] {processor.py:208} INFO - Processing /home/airflow/.local/lib/python3.12/site-packages/airflow/example_dags/example_branch_python_dop_operator_3.py took 0.372 seconds
[2025-06-27T07:40:44.824+0000] {processor.py:186} INFO - Started process (PID=536) to work on /home/airflow/.local/lib/python3.12/site-packages/airflow/example_dags/example_branch_python_dop_operator_3.py
[2025-06-27T07:40:44.829+0000] {processor.py:914} INFO - Processing file /home/airflow/.local/lib/python3.12/site-packages/airflow/example_dags/example_branch_python_dop_operator_3.py for tasks to queue
[2025-06-27T07:40:44.873+0000] {logging_mixin.py:190} INFO - [2025-06-27T07:40:44.871+0000] {dagbag.py:588} INFO - Filling up the DagBag from /home/airflow/.local/lib/python3.12/site-packages/airflow/example_dags/example_branch_python_dop_operator_3.py
[2025-06-27T07:40:44.957+0000] {processor.py:925} INFO - DAG(s) 'example_branch_dop_operator_v3' retrieved from /home/airflow/.local/lib/python3.12/site-packages/airflow/example_dags/example_branch_python_dop_operator_3.py
[2025-06-27T07:40:45.197+0000] {logging_mixin.py:190} INFO - [2025-06-27T07:40:45.196+0000] {dag.py:3239} INFO - Sync 1 DAGs
[2025-06-27T07:40:45.516+0000] {logging_mixin.py:190} INFO - [2025-06-27T07:40:45.515+0000] {dag.py:4180} INFO - Setting next_dagrun for example_branch_dop_operator_v3 to 2025-06-27 07:39:00+00:00, run_after=2025-06-27 07:40:00+00:00
[2025-06-27T07:40:45.666+0000] {processor.py:208} INFO - Processing /home/airflow/.local/lib/python3.12/site-packages/airflow/example_dags/example_branch_python_dop_operator_3.py took 0.898 seconds
[2025-06-27T07:41:19.174+0000] {processor.py:186} INFO - Started process (PID=599) to work on /home/airflow/.local/lib/python3.12/site-packages/airflow/example_dags/example_branch_python_dop_operator_3.py
[2025-06-27T07:41:19.179+0000] {processor.py:914} INFO - Processing file /home/airflow/.local/lib/python3.12/site-packages/airflow/example_dags/example_branch_python_dop_operator_3.py for tasks to queue
[2025-06-27T07:41:19.191+0000] {logging_mixin.py:190} INFO - [2025-06-27T07:41:19.189+0000] {dagbag.py:588} INFO - Filling up the DagBag from /home/airflow/.local/lib/python3.12/site-packages/airflow/example_dags/example_branch_python_dop_operator_3.py
[2025-06-27T07:41:19.241+0000] {processor.py:925} INFO - DAG(s) 'example_branch_dop_operator_v3' retrieved from /home/airflow/.local/lib/python3.12/site-packages/airflow/example_dags/example_branch_python_dop_operator_3.py
[2025-06-27T07:41:19.358+0000] {logging_mixin.py:190} INFO - [2025-06-27T07:41:19.358+0000] {dag.py:3239} INFO - Sync 1 DAGs
[2025-06-27T07:41:19.483+0000] {logging_mixin.py:190} INFO - [2025-06-27T07:41:19.483+0000] {dag.py:4180} INFO - Setting next_dagrun for example_branch_dop_operator_v3 to 2025-06-27 07:40:00+00:00, run_after=2025-06-27 07:41:00+00:00
[2025-06-27T07:41:19.546+0000] {processor.py:208} INFO - Processing /home/airflow/.local/lib/python3.12/site-packages/airflow/example_dags/example_branch_python_dop_operator_3.py took 0.399 seconds
[2025-06-27T07:41:51.888+0000] {processor.py:186} INFO - Started process (PID=662) to work on /home/airflow/.local/lib/python3.12/site-packages/airflow/example_dags/example_branch_python_dop_operator_3.py
[2025-06-27T07:41:51.935+0000] {processor.py:914} INFO - Processing file /home/airflow/.local/lib/python3.12/site-packages/airflow/example_dags/example_branch_python_dop_operator_3.py for tasks to queue
[2025-06-27T07:41:51.990+0000] {logging_mixin.py:190} INFO - [2025-06-27T07:41:51.988+0000] {dagbag.py:588} INFO - Filling up the DagBag from /home/airflow/.local/lib/python3.12/site-packages/airflow/example_dags/example_branch_python_dop_operator_3.py
[2025-06-27T07:41:52.177+0000] {processor.py:925} INFO - DAG(s) 'example_branch_dop_operator_v3' retrieved from /home/airflow/.local/lib/python3.12/site-packages/airflow/example_dags/example_branch_python_dop_operator_3.py
[2025-06-27T07:41:52.513+0000] {logging_mixin.py:190} INFO - [2025-06-27T07:41:52.503+0000] {dag.py:3239} INFO - Sync 1 DAGs
[2025-06-27T07:41:52.925+0000] {logging_mixin.py:190} INFO - [2025-06-27T07:41:52.924+0000] {dag.py:4180} INFO - Setting next_dagrun for example_branch_dop_operator_v3 to 2025-06-27 07:40:00+00:00, run_after=2025-06-27 07:41:00+00:00
[2025-06-27T07:41:53.099+0000] {processor.py:208} INFO - Processing /home/airflow/.local/lib/python3.12/site-packages/airflow/example_dags/example_branch_python_dop_operator_3.py took 1.294 seconds
[2025-06-27T07:42:45.023+0000] {processor.py:186} INFO - Started process (PID=734) to work on /home/airflow/.local/lib/python3.12/site-packages/airflow/example_dags/example_branch_python_dop_operator_3.py
[2025-06-27T07:42:45.026+0000] {processor.py:914} INFO - Processing file /home/airflow/.local/lib/python3.12/site-packages/airflow/example_dags/example_branch_python_dop_operator_3.py for tasks to queue
[2025-06-27T07:42:45.036+0000] {logging_mixin.py:190} INFO - [2025-06-27T07:42:45.035+0000] {dagbag.py:588} INFO - Filling up the DagBag from /home/airflow/.local/lib/python3.12/site-packages/airflow/example_dags/example_branch_python_dop_operator_3.py
[2025-06-27T07:42:45.085+0000] {processor.py:925} INFO - DAG(s) 'example_branch_dop_operator_v3' retrieved from /home/airflow/.local/lib/python3.12/site-packages/airflow/example_dags/example_branch_python_dop_operator_3.py
[2025-06-27T07:42:45.168+0000] {logging_mixin.py:190} INFO - [2025-06-27T07:42:45.167+0000] {dag.py:3239} INFO - Sync 1 DAGs
[2025-06-27T07:42:45.280+0000] {logging_mixin.py:190} INFO - [2025-06-27T07:42:45.279+0000] {dag.py:4180} INFO - Setting next_dagrun for example_branch_dop_operator_v3 to 2025-06-27 07:41:00+00:00, run_after=2025-06-27 07:42:00+00:00
[2025-06-27T07:42:45.357+0000] {processor.py:208} INFO - Processing /home/airflow/.local/lib/python3.12/site-packages/airflow/example_dags/example_branch_python_dop_operator_3.py took 0.352 seconds
[2025-06-27T07:43:18.905+0000] {processor.py:186} INFO - Started process (PID=794) to work on /home/airflow/.local/lib/python3.12/site-packages/airflow/example_dags/example_branch_python_dop_operator_3.py
[2025-06-27T07:43:18.930+0000] {processor.py:914} INFO - Processing file /home/airflow/.local/lib/python3.12/site-packages/airflow/example_dags/example_branch_python_dop_operator_3.py for tasks to queue
[2025-06-27T07:43:18.952+0000] {logging_mixin.py:190} INFO - [2025-06-27T07:43:18.951+0000] {dagbag.py:588} INFO - Filling up the DagBag from /home/airflow/.local/lib/python3.12/site-packages/airflow/example_dags/example_branch_python_dop_operator_3.py
[2025-06-27T07:43:19.067+0000] {processor.py:925} INFO - DAG(s) 'example_branch_dop_operator_v3' retrieved from /home/airflow/.local/lib/python3.12/site-packages/airflow/example_dags/example_branch_python_dop_operator_3.py
[2025-06-27T07:43:19.275+0000] {logging_mixin.py:190} INFO - [2025-06-27T07:43:19.274+0000] {dag.py:3239} INFO - Sync 1 DAGs
[2025-06-27T07:43:19.595+0000] {logging_mixin.py:190} INFO - [2025-06-27T07:43:19.594+0000] {dag.py:4180} INFO - Setting next_dagrun for example_branch_dop_operator_v3 to 2025-06-27 07:42:00+00:00, run_after=2025-06-27 07:43:00+00:00
[2025-06-27T07:43:19.780+0000] {processor.py:208} INFO - Processing /home/airflow/.local/lib/python3.12/site-packages/airflow/example_dags/example_branch_python_dop_operator_3.py took 0.928 seconds
[2025-06-27T07:43:50.000+0000] {processor.py:186} INFO - Started process (PID=857) to work on /home/airflow/.local/lib/python3.12/site-packages/airflow/example_dags/example_branch_python_dop_operator_3.py
[2025-06-27T07:43:50.003+0000] {processor.py:914} INFO - Processing file /home/airflow/.local/lib/python3.12/site-packages/airflow/example_dags/example_branch_python_dop_operator_3.py for tasks to queue
[2025-06-27T07:43:50.009+0000] {logging_mixin.py:190} INFO - [2025-06-27T07:43:50.008+0000] {dagbag.py:588} INFO - Filling up the DagBag from /home/airflow/.local/lib/python3.12/site-packages/airflow/example_dags/example_branch_python_dop_operator_3.py
[2025-06-27T07:43:50.040+0000] {processor.py:925} INFO - DAG(s) 'example_branch_dop_operator_v3' retrieved from /home/airflow/.local/lib/python3.12/site-packages/airflow/example_dags/example_branch_python_dop_operator_3.py
[2025-06-27T07:43:50.129+0000] {logging_mixin.py:190} INFO - [2025-06-27T07:43:50.128+0000] {dag.py:3239} INFO - Sync 1 DAGs
[2025-06-27T07:43:50.215+0000] {logging_mixin.py:190} INFO - [2025-06-27T07:43:50.215+0000] {dag.py:4180} INFO - Setting next_dagrun for example_branch_dop_operator_v3 to 2025-06-27 07:42:00+00:00, run_after=2025-06-27 07:43:00+00:00
[2025-06-27T07:43:50.266+0000] {processor.py:208} INFO - Processing /home/airflow/.local/lib/python3.12/site-packages/airflow/example_dags/example_branch_python_dop_operator_3.py took 0.280 seconds
[2025-06-27T07:44:20.731+0000] {processor.py:186} INFO - Started process (PID=921) to work on /home/airflow/.local/lib/python3.12/site-packages/airflow/example_dags/example_branch_python_dop_operator_3.py
[2025-06-27T07:44:20.733+0000] {processor.py:914} INFO - Processing file /home/airflow/.local/lib/python3.12/site-packages/airflow/example_dags/example_branch_python_dop_operator_3.py for tasks to queue
[2025-06-27T07:44:20.739+0000] {logging_mixin.py:190} INFO - [2025-06-27T07:44:20.738+0000] {dagbag.py:588} INFO - Filling up the DagBag from /home/airflow/.local/lib/python3.12/site-packages/airflow/example_dags/example_branch_python_dop_operator_3.py
[2025-06-27T07:44:20.764+0000] {processor.py:925} INFO - DAG(s) 'example_branch_dop_operator_v3' retrieved from /home/airflow/.local/lib/python3.12/site-packages/airflow/example_dags/example_branch_python_dop_operator_3.py
[2025-06-27T07:44:20.808+0000] {logging_mixin.py:190} INFO - [2025-06-27T07:44:20.807+0000] {dag.py:3239} INFO - Sync 1 DAGs
[2025-06-27T07:44:20.866+0000] {logging_mixin.py:190} INFO - [2025-06-27T07:44:20.866+0000] {dag.py:4180} INFO - Setting next_dagrun for example_branch_dop_operator_v3 to 2025-06-27 07:43:00+00:00, run_after=2025-06-27 07:44:00+00:00
[2025-06-27T07:44:20.920+0000] {processor.py:208} INFO - Processing /home/airflow/.local/lib/python3.12/site-packages/airflow/example_dags/example_branch_python_dop_operator_3.py took 0.203 seconds
[2025-06-27T07:44:51.444+0000] {processor.py:186} INFO - Started process (PID=985) to work on /home/airflow/.local/lib/python3.12/site-packages/airflow/example_dags/example_branch_python_dop_operator_3.py
[2025-06-27T07:44:51.447+0000] {processor.py:914} INFO - Processing file /home/airflow/.local/lib/python3.12/site-packages/airflow/example_dags/example_branch_python_dop_operator_3.py for tasks to queue
[2025-06-27T07:44:51.452+0000] {logging_mixin.py:190} INFO - [2025-06-27T07:44:51.451+0000] {dagbag.py:588} INFO - Filling up the DagBag from /home/airflow/.local/lib/python3.12/site-packages/airflow/example_dags/example_branch_python_dop_operator_3.py
[2025-06-27T07:44:51.473+0000] {processor.py:925} INFO - DAG(s) 'example_branch_dop_operator_v3' retrieved from /home/airflow/.local/lib/python3.12/site-packages/airflow/example_dags/example_branch_python_dop_operator_3.py
[2025-06-27T07:44:51.513+0000] {logging_mixin.py:190} INFO - [2025-06-27T07:44:51.513+0000] {dag.py:3239} INFO - Sync 1 DAGs
[2025-06-27T07:44:51.563+0000] {logging_mixin.py:190} INFO - [2025-06-27T07:44:51.562+0000] {dag.py:4180} INFO - Setting next_dagrun for example_branch_dop_operator_v3 to 2025-06-27 07:43:00+00:00, run_after=2025-06-27 07:44:00+00:00
[2025-06-27T07:44:51.604+0000] {processor.py:208} INFO - Processing /home/airflow/.local/lib/python3.12/site-packages/airflow/example_dags/example_branch_python_dop_operator_3.py took 0.174 seconds
[2025-06-27T07:45:22.018+0000] {processor.py:186} INFO - Started process (PID=1048) to work on /home/airflow/.local/lib/python3.12/site-packages/airflow/example_dags/example_branch_python_dop_operator_3.py
[2025-06-27T07:45:22.021+0000] {processor.py:914} INFO - Processing file /home/airflow/.local/lib/python3.12/site-packages/airflow/example_dags/example_branch_python_dop_operator_3.py for tasks to queue
[2025-06-27T07:45:22.031+0000] {logging_mixin.py:190} INFO - [2025-06-27T07:45:22.030+0000] {dagbag.py:588} INFO - Filling up the DagBag from /home/airflow/.local/lib/python3.12/site-packages/airflow/example_dags/example_branch_python_dop_operator_3.py
[2025-06-27T07:45:22.070+0000] {processor.py:925} INFO - DAG(s) 'example_branch_dop_operator_v3' retrieved from /home/airflow/.local/lib/python3.12/site-packages/airflow/example_dags/example_branch_python_dop_operator_3.py
[2025-06-27T07:45:22.140+0000] {logging_mixin.py:190} INFO - [2025-06-27T07:45:22.140+0000] {dag.py:3239} INFO - Sync 1 DAGs
[2025-06-27T07:45:22.218+0000] {logging_mixin.py:190} INFO - [2025-06-27T07:45:22.217+0000] {dag.py:4180} INFO - Setting next_dagrun for example_branch_dop_operator_v3 to 2025-06-27 07:44:00+00:00, run_after=2025-06-27 07:45:00+00:00
[2025-06-27T07:45:22.267+0000] {processor.py:208} INFO - Processing /home/airflow/.local/lib/python3.12/site-packages/airflow/example_dags/example_branch_python_dop_operator_3.py took 0.264 seconds
[2025-06-27T07:45:52.577+0000] {processor.py:186} INFO - Started process (PID=1111) to work on /home/airflow/.local/lib/python3.12/site-packages/airflow/example_dags/example_branch_python_dop_operator_3.py
[2025-06-27T07:45:52.580+0000] {processor.py:914} INFO - Processing file /home/airflow/.local/lib/python3.12/site-packages/airflow/example_dags/example_branch_python_dop_operator_3.py for tasks to queue
[2025-06-27T07:45:52.589+0000] {logging_mixin.py:190} INFO - [2025-06-27T07:45:52.588+0000] {dagbag.py:588} INFO - Filling up the DagBag from /home/airflow/.local/lib/python3.12/site-packages/airflow/example_dags/example_branch_python_dop_operator_3.py
[2025-06-27T07:45:52.638+0000] {processor.py:925} INFO - DAG(s) 'example_branch_dop_operator_v3' retrieved from /home/airflow/.local/lib/python3.12/site-packages/airflow/example_dags/example_branch_python_dop_operator_3.py
[2025-06-27T07:45:52.707+0000] {logging_mixin.py:190} INFO - [2025-06-27T07:45:52.706+0000] {dag.py:3239} INFO - Sync 1 DAGs
[2025-06-27T07:45:52.866+0000] {logging_mixin.py:190} INFO - [2025-06-27T07:45:52.866+0000] {dag.py:4180} INFO - Setting next_dagrun for example_branch_dop_operator_v3 to 2025-06-27 07:44:00+00:00, run_after=2025-06-27 07:45:00+00:00
[2025-06-27T07:45:53.086+0000] {processor.py:208} INFO - Processing /home/airflow/.local/lib/python3.12/site-packages/airflow/example_dags/example_branch_python_dop_operator_3.py took 0.530 seconds
[2025-06-27T07:46:23.501+0000] {processor.py:186} INFO - Started process (PID=1174) to work on /home/airflow/.local/lib/python3.12/site-packages/airflow/example_dags/example_branch_python_dop_operator_3.py
[2025-06-27T07:46:23.503+0000] {processor.py:914} INFO - Processing file /home/airflow/.local/lib/python3.12/site-packages/airflow/example_dags/example_branch_python_dop_operator_3.py for tasks to queue
[2025-06-27T07:46:23.509+0000] {logging_mixin.py:190} INFO - [2025-06-27T07:46:23.508+0000] {dagbag.py:588} INFO - Filling up the DagBag from /home/airflow/.local/lib/python3.12/site-packages/airflow/example_dags/example_branch_python_dop_operator_3.py
[2025-06-27T07:46:23.531+0000] {processor.py:925} INFO - DAG(s) 'example_branch_dop_operator_v3' retrieved from /home/airflow/.local/lib/python3.12/site-packages/airflow/example_dags/example_branch_python_dop_operator_3.py
[2025-06-27T07:46:23.572+0000] {logging_mixin.py:190} INFO - [2025-06-27T07:46:23.572+0000] {dag.py:3239} INFO - Sync 1 DAGs
[2025-06-27T07:46:23.616+0000] {logging_mixin.py:190} INFO - [2025-06-27T07:46:23.615+0000] {dag.py:4180} INFO - Setting next_dagrun for example_branch_dop_operator_v3 to 2025-06-27 07:45:00+00:00, run_after=2025-06-27 07:46:00+00:00
[2025-06-27T07:46:23.656+0000] {processor.py:208} INFO - Processing /home/airflow/.local/lib/python3.12/site-packages/airflow/example_dags/example_branch_python_dop_operator_3.py took 0.170 seconds
[2025-06-27T07:46:54.140+0000] {processor.py:186} INFO - Started process (PID=1237) to work on /home/airflow/.local/lib/python3.12/site-packages/airflow/example_dags/example_branch_python_dop_operator_3.py
[2025-06-27T07:46:54.142+0000] {processor.py:914} INFO - Processing file /home/airflow/.local/lib/python3.12/site-packages/airflow/example_dags/example_branch_python_dop_operator_3.py for tasks to queue
[2025-06-27T07:46:54.148+0000] {logging_mixin.py:190} INFO - [2025-06-27T07:46:54.147+0000] {dagbag.py:588} INFO - Filling up the DagBag from /home/airflow/.local/lib/python3.12/site-packages/airflow/example_dags/example_branch_python_dop_operator_3.py
[2025-06-27T07:46:54.173+0000] {processor.py:925} INFO - DAG(s) 'example_branch_dop_operator_v3' retrieved from /home/airflow/.local/lib/python3.12/site-packages/airflow/example_dags/example_branch_python_dop_operator_3.py
[2025-06-27T07:46:54.218+0000] {logging_mixin.py:190} INFO - [2025-06-27T07:46:54.217+0000] {dag.py:3239} INFO - Sync 1 DAGs
[2025-06-27T07:46:54.280+0000] {logging_mixin.py:190} INFO - [2025-06-27T07:46:54.280+0000] {dag.py:4180} INFO - Setting next_dagrun for example_branch_dop_operator_v3 to 2025-06-27 07:45:00+00:00, run_after=2025-06-27 07:46:00+00:00
[2025-06-27T07:46:54.326+0000] {processor.py:208} INFO - Processing /home/airflow/.local/lib/python3.12/site-packages/airflow/example_dags/example_branch_python_dop_operator_3.py took 0.200 seconds
[2025-06-27T07:47:24.731+0000] {processor.py:186} INFO - Started process (PID=1300) to work on /home/airflow/.local/lib/python3.12/site-packages/airflow/example_dags/example_branch_python_dop_operator_3.py
[2025-06-27T07:47:24.733+0000] {processor.py:914} INFO - Processing file /home/airflow/.local/lib/python3.12/site-packages/airflow/example_dags/example_branch_python_dop_operator_3.py for tasks to queue
[2025-06-27T07:47:24.737+0000] {logging_mixin.py:190} INFO - [2025-06-27T07:47:24.737+0000] {dagbag.py:588} INFO - Filling up the DagBag from /home/airflow/.local/lib/python3.12/site-packages/airflow/example_dags/example_branch_python_dop_operator_3.py
[2025-06-27T07:47:24.757+0000] {processor.py:925} INFO - DAG(s) 'example_branch_dop_operator_v3' retrieved from /home/airflow/.local/lib/python3.12/site-packages/airflow/example_dags/example_branch_python_dop_operator_3.py
[2025-06-27T07:47:24.801+0000] {logging_mixin.py:190} INFO - [2025-06-27T07:47:24.800+0000] {dag.py:3239} INFO - Sync 1 DAGs
[2025-06-27T07:47:24.859+0000] {logging_mixin.py:190} INFO - [2025-06-27T07:47:24.859+0000] {dag.py:4180} INFO - Setting next_dagrun for example_branch_dop_operator_v3 to 2025-06-27 07:46:00+00:00, run_after=2025-06-27 07:47:00+00:00
[2025-06-27T07:47:24.901+0000] {processor.py:208} INFO - Processing /home/airflow/.local/lib/python3.12/site-packages/airflow/example_dags/example_branch_python_dop_operator_3.py took 0.180 seconds
[2025-06-27T07:47:55.292+0000] {processor.py:186} INFO - Started process (PID=1363) to work on /home/airflow/.local/lib/python3.12/site-packages/airflow/example_dags/example_branch_python_dop_operator_3.py
[2025-06-27T07:47:55.294+0000] {processor.py:914} INFO - Processing file /home/airflow/.local/lib/python3.12/site-packages/airflow/example_dags/example_branch_python_dop_operator_3.py for tasks to queue
[2025-06-27T07:47:55.298+0000] {logging_mixin.py:190} INFO - [2025-06-27T07:47:55.297+0000] {dagbag.py:588} INFO - Filling up the DagBag from /home/airflow/.local/lib/python3.12/site-packages/airflow/example_dags/example_branch_python_dop_operator_3.py
[2025-06-27T07:47:55.313+0000] {processor.py:925} INFO - DAG(s) 'example_branch_dop_operator_v3' retrieved from /home/airflow/.local/lib/python3.12/site-packages/airflow/example_dags/example_branch_python_dop_operator_3.py
[2025-06-27T07:47:55.350+0000] {logging_mixin.py:190} INFO - [2025-06-27T07:47:55.350+0000] {dag.py:3239} INFO - Sync 1 DAGs
[2025-06-27T07:47:55.405+0000] {logging_mixin.py:190} INFO - [2025-06-27T07:47:55.404+0000] {dag.py:4180} INFO - Setting next_dagrun for example_branch_dop_operator_v3 to 2025-06-27 07:46:00+00:00, run_after=2025-06-27 07:47:00+00:00
[2025-06-27T07:47:55.445+0000] {processor.py:208} INFO - Processing /home/airflow/.local/lib/python3.12/site-packages/airflow/example_dags/example_branch_python_dop_operator_3.py took 0.162 seconds
[2025-06-27T07:48:26.555+0000] {processor.py:186} INFO - Started process (PID=1426) to work on /home/airflow/.local/lib/python3.12/site-packages/airflow/example_dags/example_branch_python_dop_operator_3.py
[2025-06-27T07:48:26.564+0000] {processor.py:914} INFO - Processing file /home/airflow/.local/lib/python3.12/site-packages/airflow/example_dags/example_branch_python_dop_operator_3.py for tasks to queue
[2025-06-27T07:48:26.583+0000] {logging_mixin.py:190} INFO - [2025-06-27T07:48:26.581+0000] {dagbag.py:588} INFO - Filling up the DagBag from /home/airflow/.local/lib/python3.12/site-packages/airflow/example_dags/example_branch_python_dop_operator_3.py
[2025-06-27T07:48:26.677+0000] {processor.py:925} INFO - DAG(s) 'example_branch_dop_operator_v3' retrieved from /home/airflow/.local/lib/python3.12/site-packages/airflow/example_dags/example_branch_python_dop_operator_3.py
[2025-06-27T07:48:26.777+0000] {logging_mixin.py:190} INFO - [2025-06-27T07:48:26.776+0000] {dag.py:3239} INFO - Sync 1 DAGs
[2025-06-27T07:48:27.032+0000] {logging_mixin.py:190} INFO - [2025-06-27T07:48:27.030+0000] {dag.py:4180} INFO - Setting next_dagrun for example_branch_dop_operator_v3 to 2025-06-27 07:47:00+00:00, run_after=2025-06-27 07:48:00+00:00
[2025-06-27T07:48:27.157+0000] {processor.py:208} INFO - Processing /home/airflow/.local/lib/python3.12/site-packages/airflow/example_dags/example_branch_python_dop_operator_3.py took 0.654 seconds
[2025-06-27T07:48:57.350+0000] {processor.py:186} INFO - Started process (PID=1489) to work on /home/airflow/.local/lib/python3.12/site-packages/airflow/example_dags/example_branch_python_dop_operator_3.py
[2025-06-27T07:48:57.352+0000] {processor.py:914} INFO - Processing file /home/airflow/.local/lib/python3.12/site-packages/airflow/example_dags/example_branch_python_dop_operator_3.py for tasks to queue
[2025-06-27T07:48:57.356+0000] {logging_mixin.py:190} INFO - [2025-06-27T07:48:57.355+0000] {dagbag.py:588} INFO - Filling up the DagBag from /home/airflow/.local/lib/python3.12/site-packages/airflow/example_dags/example_branch_python_dop_operator_3.py
[2025-06-27T07:48:57.380+0000] {processor.py:925} INFO - DAG(s) 'example_branch_dop_operator_v3' retrieved from /home/airflow/.local/lib/python3.12/site-packages/airflow/example_dags/example_branch_python_dop_operator_3.py
[2025-06-27T07:48:57.427+0000] {logging_mixin.py:190} INFO - [2025-06-27T07:48:57.426+0000] {dag.py:3239} INFO - Sync 1 DAGs
[2025-06-27T07:48:57.503+0000] {logging_mixin.py:190} INFO - [2025-06-27T07:48:57.502+0000] {dag.py:4180} INFO - Setting next_dagrun for example_branch_dop_operator_v3 to 2025-06-27 07:47:00+00:00, run_after=2025-06-27 07:48:00+00:00
[2025-06-27T07:48:57.556+0000] {processor.py:208} INFO - Processing /home/airflow/.local/lib/python3.12/site-packages/airflow/example_dags/example_branch_python_dop_operator_3.py took 0.216 seconds
[2025-06-27T07:52:13.881+0000] {processor.py:186} INFO - Started process (PID=103) to work on /home/airflow/.local/lib/python3.12/site-packages/airflow/example_dags/example_branch_python_dop_operator_3.py
[2025-06-27T07:52:13.885+0000] {processor.py:914} INFO - Processing file /home/airflow/.local/lib/python3.12/site-packages/airflow/example_dags/example_branch_python_dop_operator_3.py for tasks to queue
[2025-06-27T07:52:13.895+0000] {logging_mixin.py:190} INFO - [2025-06-27T07:52:13.894+0000] {dagbag.py:588} INFO - Filling up the DagBag from /home/airflow/.local/lib/python3.12/site-packages/airflow/example_dags/example_branch_python_dop_operator_3.py
[2025-06-27T07:52:13.948+0000] {processor.py:925} INFO - DAG(s) 'example_branch_dop_operator_v3' retrieved from /home/airflow/.local/lib/python3.12/site-packages/airflow/example_dags/example_branch_python_dop_operator_3.py
[2025-06-27T07:52:14.034+0000] {logging_mixin.py:190} INFO - [2025-06-27T07:52:14.033+0000] {dag.py:3239} INFO - Sync 1 DAGs
[2025-06-27T07:52:14.153+0000] {logging_mixin.py:190} INFO - [2025-06-27T07:52:14.152+0000] {dag.py:4180} INFO - Setting next_dagrun for example_branch_dop_operator_v3 to 2025-06-27 07:51:00+00:00, run_after=2025-06-27 07:52:00+00:00
[2025-06-27T07:52:14.229+0000] {processor.py:208} INFO - Processing /home/airflow/.local/lib/python3.12/site-packages/airflow/example_dags/example_branch_python_dop_operator_3.py took 0.373 seconds
[2025-06-27T07:52:52.719+0000] {processor.py:186} INFO - Started process (PID=166) to work on /home/airflow/.local/lib/python3.12/site-packages/airflow/example_dags/example_branch_python_dop_operator_3.py
[2025-06-27T07:52:52.731+0000] {processor.py:914} INFO - Processing file /home/airflow/.local/lib/python3.12/site-packages/airflow/example_dags/example_branch_python_dop_operator_3.py for tasks to queue
[2025-06-27T07:52:52.750+0000] {logging_mixin.py:190} INFO - [2025-06-27T07:52:52.748+0000] {dagbag.py:588} INFO - Filling up the DagBag from /home/airflow/.local/lib/python3.12/site-packages/airflow/example_dags/example_branch_python_dop_operator_3.py
[2025-06-27T07:52:52.864+0000] {processor.py:925} INFO - DAG(s) 'example_branch_dop_operator_v3' retrieved from /home/airflow/.local/lib/python3.12/site-packages/airflow/example_dags/example_branch_python_dop_operator_3.py
[2025-06-27T07:52:53.062+0000] {logging_mixin.py:190} INFO - [2025-06-27T07:52:53.060+0000] {dag.py:3239} INFO - Sync 1 DAGs
[2025-06-27T07:52:53.300+0000] {logging_mixin.py:190} INFO - [2025-06-27T07:52:53.299+0000] {dag.py:4180} INFO - Setting next_dagrun for example_branch_dop_operator_v3 to 2025-06-27 07:51:00+00:00, run_after=2025-06-27 07:52:00+00:00
[2025-06-27T07:52:53.396+0000] {processor.py:208} INFO - Processing /home/airflow/.local/lib/python3.12/site-packages/airflow/example_dags/example_branch_python_dop_operator_3.py took 0.712 seconds
[2025-06-27T07:53:23.705+0000] {processor.py:186} INFO - Started process (PID=229) to work on /home/airflow/.local/lib/python3.12/site-packages/airflow/example_dags/example_branch_python_dop_operator_3.py
[2025-06-27T07:53:23.707+0000] {processor.py:914} INFO - Processing file /home/airflow/.local/lib/python3.12/site-packages/airflow/example_dags/example_branch_python_dop_operator_3.py for tasks to queue
[2025-06-27T07:53:23.712+0000] {logging_mixin.py:190} INFO - [2025-06-27T07:53:23.712+0000] {dagbag.py:588} INFO - Filling up the DagBag from /home/airflow/.local/lib/python3.12/site-packages/airflow/example_dags/example_branch_python_dop_operator_3.py
[2025-06-27T07:53:23.738+0000] {processor.py:925} INFO - DAG(s) 'example_branch_dop_operator_v3' retrieved from /home/airflow/.local/lib/python3.12/site-packages/airflow/example_dags/example_branch_python_dop_operator_3.py
[2025-06-27T07:53:23.784+0000] {logging_mixin.py:190} INFO - [2025-06-27T07:53:23.783+0000] {dag.py:3239} INFO - Sync 1 DAGs
[2025-06-27T07:53:23.846+0000] {logging_mixin.py:190} INFO - [2025-06-27T07:53:23.846+0000] {dag.py:4180} INFO - Setting next_dagrun for example_branch_dop_operator_v3 to 2025-06-27 07:52:00+00:00, run_after=2025-06-27 07:53:00+00:00
[2025-06-27T07:53:23.889+0000] {processor.py:208} INFO - Processing /home/airflow/.local/lib/python3.12/site-packages/airflow/example_dags/example_branch_python_dop_operator_3.py took 0.196 seconds
[2025-06-27T07:53:54.697+0000] {processor.py:186} INFO - Started process (PID=293) to work on /home/airflow/.local/lib/python3.12/site-packages/airflow/example_dags/example_branch_python_dop_operator_3.py
[2025-06-27T07:53:54.700+0000] {processor.py:914} INFO - Processing file /home/airflow/.local/lib/python3.12/site-packages/airflow/example_dags/example_branch_python_dop_operator_3.py for tasks to queue
[2025-06-27T07:53:54.706+0000] {logging_mixin.py:190} INFO - [2025-06-27T07:53:54.706+0000] {dagbag.py:588} INFO - Filling up the DagBag from /home/airflow/.local/lib/python3.12/site-packages/airflow/example_dags/example_branch_python_dop_operator_3.py
[2025-06-27T07:53:54.734+0000] {processor.py:925} INFO - DAG(s) 'example_branch_dop_operator_v3' retrieved from /home/airflow/.local/lib/python3.12/site-packages/airflow/example_dags/example_branch_python_dop_operator_3.py
[2025-06-27T07:53:54.776+0000] {logging_mixin.py:190} INFO - [2025-06-27T07:53:54.775+0000] {dag.py:3239} INFO - Sync 1 DAGs
[2025-06-27T07:53:54.818+0000] {logging_mixin.py:190} INFO - [2025-06-27T07:53:54.818+0000] {dag.py:4180} INFO - Setting next_dagrun for example_branch_dop_operator_v3 to 2025-06-27 07:52:00+00:00, run_after=2025-06-27 07:53:00+00:00
[2025-06-27T07:53:54.850+0000] {processor.py:208} INFO - Processing /home/airflow/.local/lib/python3.12/site-packages/airflow/example_dags/example_branch_python_dop_operator_3.py took 0.166 seconds
[2025-06-27T07:54:26.474+0000] {processor.py:186} INFO - Started process (PID=356) to work on /home/airflow/.local/lib/python3.12/site-packages/airflow/example_dags/example_branch_python_dop_operator_3.py
[2025-06-27T07:54:26.481+0000] {processor.py:914} INFO - Processing file /home/airflow/.local/lib/python3.12/site-packages/airflow/example_dags/example_branch_python_dop_operator_3.py for tasks to queue
[2025-06-27T07:54:26.493+0000] {logging_mixin.py:190} INFO - [2025-06-27T07:54:26.490+0000] {dagbag.py:588} INFO - Filling up the DagBag from /home/airflow/.local/lib/python3.12/site-packages/airflow/example_dags/example_branch_python_dop_operator_3.py
[2025-06-27T07:54:26.550+0000] {processor.py:925} INFO - DAG(s) 'example_branch_dop_operator_v3' retrieved from /home/airflow/.local/lib/python3.12/site-packages/airflow/example_dags/example_branch_python_dop_operator_3.py
[2025-06-27T07:54:26.652+0000] {logging_mixin.py:190} INFO - [2025-06-27T07:54:26.651+0000] {dag.py:3239} INFO - Sync 1 DAGs
[2025-06-27T07:54:26.789+0000] {logging_mixin.py:190} INFO - [2025-06-27T07:54:26.787+0000] {dag.py:4180} INFO - Setting next_dagrun for example_branch_dop_operator_v3 to 2025-06-27 07:53:00+00:00, run_after=2025-06-27 07:54:00+00:00
[2025-06-27T07:54:26.936+0000] {processor.py:208} INFO - Processing /home/airflow/.local/lib/python3.12/site-packages/airflow/example_dags/example_branch_python_dop_operator_3.py took 0.483 seconds
[2025-06-27T07:54:57.988+0000] {processor.py:186} INFO - Started process (PID=419) to work on /home/airflow/.local/lib/python3.12/site-packages/airflow/example_dags/example_branch_python_dop_operator_3.py
[2025-06-27T07:54:57.991+0000] {processor.py:914} INFO - Processing file /home/airflow/.local/lib/python3.12/site-packages/airflow/example_dags/example_branch_python_dop_operator_3.py for tasks to queue
[2025-06-27T07:54:57.997+0000] {logging_mixin.py:190} INFO - [2025-06-27T07:54:57.996+0000] {dagbag.py:588} INFO - Filling up the DagBag from /home/airflow/.local/lib/python3.12/site-packages/airflow/example_dags/example_branch_python_dop_operator_3.py
[2025-06-27T07:54:58.019+0000] {processor.py:925} INFO - DAG(s) 'example_branch_dop_operator_v3' retrieved from /home/airflow/.local/lib/python3.12/site-packages/airflow/example_dags/example_branch_python_dop_operator_3.py
[2025-06-27T07:54:58.079+0000] {logging_mixin.py:190} INFO - [2025-06-27T07:54:58.078+0000] {dag.py:3239} INFO - Sync 1 DAGs
[2025-06-27T07:54:58.169+0000] {logging_mixin.py:190} INFO - [2025-06-27T07:54:58.168+0000] {dag.py:4180} INFO - Setting next_dagrun for example_branch_dop_operator_v3 to 2025-06-27 07:53:00+00:00, run_after=2025-06-27 07:54:00+00:00
[2025-06-27T07:54:58.236+0000] {processor.py:208} INFO - Processing /home/airflow/.local/lib/python3.12/site-packages/airflow/example_dags/example_branch_python_dop_operator_3.py took 0.262 seconds
[2025-06-27T07:59:35.442+0000] {processor.py:186} INFO - Started process (PID=90) to work on /home/airflow/.local/lib/python3.12/site-packages/airflow/example_dags/example_branch_python_dop_operator_3.py
[2025-06-27T07:59:35.466+0000] {processor.py:914} INFO - Processing file /home/airflow/.local/lib/python3.12/site-packages/airflow/example_dags/example_branch_python_dop_operator_3.py for tasks to queue
[2025-06-27T07:59:35.651+0000] {logging_mixin.py:190} INFO - [2025-06-27T07:59:35.650+0000] {dagbag.py:588} INFO - Filling up the DagBag from /home/airflow/.local/lib/python3.12/site-packages/airflow/example_dags/example_branch_python_dop_operator_3.py
[2025-06-27T07:59:35.764+0000] {processor.py:925} INFO - DAG(s) 'example_branch_dop_operator_v3' retrieved from /home/airflow/.local/lib/python3.12/site-packages/airflow/example_dags/example_branch_python_dop_operator_3.py
[2025-06-27T07:59:35.871+0000] {logging_mixin.py:190} INFO - [2025-06-27T07:59:35.870+0000] {dag.py:3239} INFO - Sync 1 DAGs
[2025-06-27T07:59:36.115+0000] {logging_mixin.py:190} INFO - [2025-06-27T07:59:36.114+0000] {dag.py:4180} INFO - Setting next_dagrun for example_branch_dop_operator_v3 to 2025-06-27 07:58:00+00:00, run_after=2025-06-27 07:59:00+00:00
[2025-06-27T07:59:36.287+0000] {processor.py:208} INFO - Processing /home/airflow/.local/lib/python3.12/site-packages/airflow/example_dags/example_branch_python_dop_operator_3.py took 1.072 seconds
[2025-06-27T08:00:32.494+0000] {processor.py:186} INFO - Started process (PID=157) to work on /home/airflow/.local/lib/python3.12/site-packages/airflow/example_dags/example_branch_python_dop_operator_3.py
[2025-06-27T08:00:32.510+0000] {processor.py:914} INFO - Processing file /home/airflow/.local/lib/python3.12/site-packages/airflow/example_dags/example_branch_python_dop_operator_3.py for tasks to queue
[2025-06-27T08:00:32.545+0000] {logging_mixin.py:190} INFO - [2025-06-27T08:00:32.533+0000] {dagbag.py:588} INFO - Filling up the DagBag from /home/airflow/.local/lib/python3.12/site-packages/airflow/example_dags/example_branch_python_dop_operator_3.py
[2025-06-27T08:00:32.683+0000] {processor.py:925} INFO - DAG(s) 'example_branch_dop_operator_v3' retrieved from /home/airflow/.local/lib/python3.12/site-packages/airflow/example_dags/example_branch_python_dop_operator_3.py
[2025-06-27T08:00:33.073+0000] {logging_mixin.py:190} INFO - [2025-06-27T08:00:33.072+0000] {dag.py:3239} INFO - Sync 1 DAGs
[2025-06-27T08:00:33.672+0000] {logging_mixin.py:190} INFO - [2025-06-27T08:00:33.671+0000] {dag.py:4180} INFO - Setting next_dagrun for example_branch_dop_operator_v3 to 2025-06-27 07:59:00+00:00, run_after=2025-06-27 08:00:00+00:00
[2025-06-27T08:00:34.455+0000] {processor.py:208} INFO - Processing /home/airflow/.local/lib/python3.12/site-packages/airflow/example_dags/example_branch_python_dop_operator_3.py took 2.025 seconds
[2025-06-27T08:01:13.072+0000] {processor.py:186} INFO - Started process (PID=219) to work on /home/airflow/.local/lib/python3.12/site-packages/airflow/example_dags/example_branch_python_dop_operator_3.py
[2025-06-27T08:01:13.088+0000] {processor.py:914} INFO - Processing file /home/airflow/.local/lib/python3.12/site-packages/airflow/example_dags/example_branch_python_dop_operator_3.py for tasks to queue
[2025-06-27T08:01:13.109+0000] {logging_mixin.py:190} INFO - [2025-06-27T08:01:13.107+0000] {dagbag.py:588} INFO - Filling up the DagBag from /home/airflow/.local/lib/python3.12/site-packages/airflow/example_dags/example_branch_python_dop_operator_3.py
[2025-06-27T08:01:13.207+0000] {processor.py:925} INFO - DAG(s) 'example_branch_dop_operator_v3' retrieved from /home/airflow/.local/lib/python3.12/site-packages/airflow/example_dags/example_branch_python_dop_operator_3.py
[2025-06-27T08:01:13.392+0000] {logging_mixin.py:190} INFO - [2025-06-27T08:01:13.391+0000] {dag.py:3239} INFO - Sync 1 DAGs
[2025-06-27T08:01:13.658+0000] {logging_mixin.py:190} INFO - [2025-06-27T08:01:13.654+0000] {dag.py:4180} INFO - Setting next_dagrun for example_branch_dop_operator_v3 to 2025-06-27 08:00:00+00:00, run_after=2025-06-27 08:01:00+00:00
[2025-06-27T08:01:13.869+0000] {processor.py:208} INFO - Processing /home/airflow/.local/lib/python3.12/site-packages/airflow/example_dags/example_branch_python_dop_operator_3.py took 0.869 seconds
[2025-06-27T08:01:44.724+0000] {processor.py:186} INFO - Started process (PID=281) to work on /home/airflow/.local/lib/python3.12/site-packages/airflow/example_dags/example_branch_python_dop_operator_3.py
[2025-06-27T08:01:44.727+0000] {processor.py:914} INFO - Processing file /home/airflow/.local/lib/python3.12/site-packages/airflow/example_dags/example_branch_python_dop_operator_3.py for tasks to queue
[2025-06-27T08:01:44.733+0000] {logging_mixin.py:190} INFO - [2025-06-27T08:01:44.732+0000] {dagbag.py:588} INFO - Filling up the DagBag from /home/airflow/.local/lib/python3.12/site-packages/airflow/example_dags/example_branch_python_dop_operator_3.py
[2025-06-27T08:01:44.757+0000] {processor.py:925} INFO - DAG(s) 'example_branch_dop_operator_v3' retrieved from /home/airflow/.local/lib/python3.12/site-packages/airflow/example_dags/example_branch_python_dop_operator_3.py
[2025-06-27T08:01:44.801+0000] {logging_mixin.py:190} INFO - [2025-06-27T08:01:44.800+0000] {dag.py:3239} INFO - Sync 1 DAGs
[2025-06-27T08:01:44.856+0000] {logging_mixin.py:190} INFO - [2025-06-27T08:01:44.856+0000] {dag.py:4180} INFO - Setting next_dagrun for example_branch_dop_operator_v3 to 2025-06-27 08:00:00+00:00, run_after=2025-06-27 08:01:00+00:00
[2025-06-27T08:01:44.905+0000] {processor.py:208} INFO - Processing /home/airflow/.local/lib/python3.12/site-packages/airflow/example_dags/example_branch_python_dop_operator_3.py took 0.196 seconds
[2025-06-27T08:02:15.921+0000] {processor.py:186} INFO - Started process (PID=345) to work on /home/airflow/.local/lib/python3.12/site-packages/airflow/example_dags/example_branch_python_dop_operator_3.py
[2025-06-27T08:02:15.923+0000] {processor.py:914} INFO - Processing file /home/airflow/.local/lib/python3.12/site-packages/airflow/example_dags/example_branch_python_dop_operator_3.py for tasks to queue
[2025-06-27T08:02:15.929+0000] {logging_mixin.py:190} INFO - [2025-06-27T08:02:15.928+0000] {dagbag.py:588} INFO - Filling up the DagBag from /home/airflow/.local/lib/python3.12/site-packages/airflow/example_dags/example_branch_python_dop_operator_3.py
[2025-06-27T08:02:15.957+0000] {processor.py:925} INFO - DAG(s) 'example_branch_dop_operator_v3' retrieved from /home/airflow/.local/lib/python3.12/site-packages/airflow/example_dags/example_branch_python_dop_operator_3.py
[2025-06-27T08:02:16.004+0000] {logging_mixin.py:190} INFO - [2025-06-27T08:02:16.004+0000] {dag.py:3239} INFO - Sync 1 DAGs
[2025-06-27T08:02:16.054+0000] {logging_mixin.py:190} INFO - [2025-06-27T08:02:16.054+0000] {dag.py:4180} INFO - Setting next_dagrun for example_branch_dop_operator_v3 to 2025-06-27 08:01:00+00:00, run_after=2025-06-27 08:02:00+00:00
[2025-06-27T08:02:16.093+0000] {processor.py:208} INFO - Processing /home/airflow/.local/lib/python3.12/site-packages/airflow/example_dags/example_branch_python_dop_operator_3.py took 0.187 seconds
[2025-06-27T08:02:46.961+0000] {processor.py:186} INFO - Started process (PID=407) to work on /home/airflow/.local/lib/python3.12/site-packages/airflow/example_dags/example_branch_python_dop_operator_3.py
[2025-06-27T08:02:46.963+0000] {processor.py:914} INFO - Processing file /home/airflow/.local/lib/python3.12/site-packages/airflow/example_dags/example_branch_python_dop_operator_3.py for tasks to queue
[2025-06-27T08:02:46.968+0000] {logging_mixin.py:190} INFO - [2025-06-27T08:02:46.967+0000] {dagbag.py:588} INFO - Filling up the DagBag from /home/airflow/.local/lib/python3.12/site-packages/airflow/example_dags/example_branch_python_dop_operator_3.py
[2025-06-27T08:02:46.985+0000] {processor.py:925} INFO - DAG(s) 'example_branch_dop_operator_v3' retrieved from /home/airflow/.local/lib/python3.12/site-packages/airflow/example_dags/example_branch_python_dop_operator_3.py
[2025-06-27T08:02:47.022+0000] {logging_mixin.py:190} INFO - [2025-06-27T08:02:47.021+0000] {dag.py:3239} INFO - Sync 1 DAGs
[2025-06-27T08:02:47.065+0000] {logging_mixin.py:190} INFO - [2025-06-27T08:02:47.065+0000] {dag.py:4180} INFO - Setting next_dagrun for example_branch_dop_operator_v3 to 2025-06-27 08:01:00+00:00, run_after=2025-06-27 08:02:00+00:00
[2025-06-27T08:02:47.098+0000] {processor.py:208} INFO - Processing /home/airflow/.local/lib/python3.12/site-packages/airflow/example_dags/example_branch_python_dop_operator_3.py took 0.147 seconds
[2025-06-27T08:03:17.213+0000] {processor.py:186} INFO - Started process (PID=470) to work on /home/airflow/.local/lib/python3.12/site-packages/airflow/example_dags/example_branch_python_dop_operator_3.py
[2025-06-27T08:03:17.215+0000] {processor.py:914} INFO - Processing file /home/airflow/.local/lib/python3.12/site-packages/airflow/example_dags/example_branch_python_dop_operator_3.py for tasks to queue
[2025-06-27T08:03:17.221+0000] {logging_mixin.py:190} INFO - [2025-06-27T08:03:17.220+0000] {dagbag.py:588} INFO - Filling up the DagBag from /home/airflow/.local/lib/python3.12/site-packages/airflow/example_dags/example_branch_python_dop_operator_3.py
[2025-06-27T08:03:17.247+0000] {processor.py:925} INFO - DAG(s) 'example_branch_dop_operator_v3' retrieved from /home/airflow/.local/lib/python3.12/site-packages/airflow/example_dags/example_branch_python_dop_operator_3.py
[2025-06-27T08:03:17.286+0000] {logging_mixin.py:190} INFO - [2025-06-27T08:03:17.286+0000] {dag.py:3239} INFO - Sync 1 DAGs
[2025-06-27T08:03:17.333+0000] {logging_mixin.py:190} INFO - [2025-06-27T08:03:17.333+0000] {dag.py:4180} INFO - Setting next_dagrun for example_branch_dop_operator_v3 to 2025-06-27 08:02:00+00:00, run_after=2025-06-27 08:03:00+00:00
[2025-06-27T08:03:17.370+0000] {processor.py:208} INFO - Processing /home/airflow/.local/lib/python3.12/site-packages/airflow/example_dags/example_branch_python_dop_operator_3.py took 0.170 seconds
[2025-06-27T08:03:47.489+0000] {processor.py:186} INFO - Started process (PID=533) to work on /home/airflow/.local/lib/python3.12/site-packages/airflow/example_dags/example_branch_python_dop_operator_3.py
[2025-06-27T08:03:47.492+0000] {processor.py:914} INFO - Processing file /home/airflow/.local/lib/python3.12/site-packages/airflow/example_dags/example_branch_python_dop_operator_3.py for tasks to queue
[2025-06-27T08:03:47.497+0000] {logging_mixin.py:190} INFO - [2025-06-27T08:03:47.496+0000] {dagbag.py:588} INFO - Filling up the DagBag from /home/airflow/.local/lib/python3.12/site-packages/airflow/example_dags/example_branch_python_dop_operator_3.py
[2025-06-27T08:03:47.518+0000] {processor.py:925} INFO - DAG(s) 'example_branch_dop_operator_v3' retrieved from /home/airflow/.local/lib/python3.12/site-packages/airflow/example_dags/example_branch_python_dop_operator_3.py
[2025-06-27T08:03:47.559+0000] {logging_mixin.py:190} INFO - [2025-06-27T08:03:47.559+0000] {dag.py:3239} INFO - Sync 1 DAGs
[2025-06-27T08:03:47.621+0000] {logging_mixin.py:190} INFO - [2025-06-27T08:03:47.621+0000] {dag.py:4180} INFO - Setting next_dagrun for example_branch_dop_operator_v3 to 2025-06-27 08:02:00+00:00, run_after=2025-06-27 08:03:00+00:00
[2025-06-27T08:03:47.665+0000] {processor.py:208} INFO - Processing /home/airflow/.local/lib/python3.12/site-packages/airflow/example_dags/example_branch_python_dop_operator_3.py took 0.188 seconds
[2025-06-27T08:04:18.505+0000] {processor.py:186} INFO - Started process (PID=596) to work on /home/airflow/.local/lib/python3.12/site-packages/airflow/example_dags/example_branch_python_dop_operator_3.py
[2025-06-27T08:04:18.508+0000] {processor.py:914} INFO - Processing file /home/airflow/.local/lib/python3.12/site-packages/airflow/example_dags/example_branch_python_dop_operator_3.py for tasks to queue
[2025-06-27T08:04:18.517+0000] {logging_mixin.py:190} INFO - [2025-06-27T08:04:18.516+0000] {dagbag.py:588} INFO - Filling up the DagBag from /home/airflow/.local/lib/python3.12/site-packages/airflow/example_dags/example_branch_python_dop_operator_3.py
[2025-06-27T08:04:18.568+0000] {processor.py:925} INFO - DAG(s) 'example_branch_dop_operator_v3' retrieved from /home/airflow/.local/lib/python3.12/site-packages/airflow/example_dags/example_branch_python_dop_operator_3.py
[2025-06-27T08:04:18.654+0000] {logging_mixin.py:190} INFO - [2025-06-27T08:04:18.654+0000] {dag.py:3239} INFO - Sync 1 DAGs
[2025-06-27T08:04:18.739+0000] {logging_mixin.py:190} INFO - [2025-06-27T08:04:18.738+0000] {dag.py:4180} INFO - Setting next_dagrun for example_branch_dop_operator_v3 to 2025-06-27 08:03:00+00:00, run_after=2025-06-27 08:04:00+00:00
[2025-06-27T08:04:18.790+0000] {processor.py:208} INFO - Processing /home/airflow/.local/lib/python3.12/site-packages/airflow/example_dags/example_branch_python_dop_operator_3.py took 0.313 seconds
[2025-06-27T08:04:49.208+0000] {processor.py:186} INFO - Started process (PID=658) to work on /home/airflow/.local/lib/python3.12/site-packages/airflow/example_dags/example_branch_python_dop_operator_3.py
[2025-06-27T08:04:49.211+0000] {processor.py:914} INFO - Processing file /home/airflow/.local/lib/python3.12/site-packages/airflow/example_dags/example_branch_python_dop_operator_3.py for tasks to queue
[2025-06-27T08:04:49.217+0000] {logging_mixin.py:190} INFO - [2025-06-27T08:04:49.216+0000] {dagbag.py:588} INFO - Filling up the DagBag from /home/airflow/.local/lib/python3.12/site-packages/airflow/example_dags/example_branch_python_dop_operator_3.py
[2025-06-27T08:04:49.245+0000] {processor.py:925} INFO - DAG(s) 'example_branch_dop_operator_v3' retrieved from /home/airflow/.local/lib/python3.12/site-packages/airflow/example_dags/example_branch_python_dop_operator_3.py
[2025-06-27T08:04:49.295+0000] {logging_mixin.py:190} INFO - [2025-06-27T08:04:49.294+0000] {dag.py:3239} INFO - Sync 1 DAGs
[2025-06-27T08:04:49.352+0000] {logging_mixin.py:190} INFO - [2025-06-27T08:04:49.351+0000] {dag.py:4180} INFO - Setting next_dagrun for example_branch_dop_operator_v3 to 2025-06-27 08:03:00+00:00, run_after=2025-06-27 08:04:00+00:00
[2025-06-27T08:04:49.393+0000] {processor.py:208} INFO - Processing /home/airflow/.local/lib/python3.12/site-packages/airflow/example_dags/example_branch_python_dop_operator_3.py took 0.205 seconds
[2025-06-27T08:05:26.033+0000] {processor.py:186} INFO - Started process (PID=708) to work on /home/airflow/.local/lib/python3.12/site-packages/airflow/example_dags/example_branch_python_dop_operator_3.py
[2025-06-27T08:05:26.038+0000] {processor.py:914} INFO - Processing file /home/airflow/.local/lib/python3.12/site-packages/airflow/example_dags/example_branch_python_dop_operator_3.py for tasks to queue
[2025-06-27T08:05:26.051+0000] {logging_mixin.py:190} INFO - [2025-06-27T08:05:26.050+0000] {dagbag.py:588} INFO - Filling up the DagBag from /home/airflow/.local/lib/python3.12/site-packages/airflow/example_dags/example_branch_python_dop_operator_3.py
[2025-06-27T08:05:26.115+0000] {processor.py:925} INFO - DAG(s) 'example_branch_dop_operator_v3' retrieved from /home/airflow/.local/lib/python3.12/site-packages/airflow/example_dags/example_branch_python_dop_operator_3.py
[2025-06-27T08:05:26.229+0000] {logging_mixin.py:190} INFO - [2025-06-27T08:05:26.228+0000] {dag.py:3239} INFO - Sync 1 DAGs
[2025-06-27T08:05:26.336+0000] {logging_mixin.py:190} INFO - [2025-06-27T08:05:26.335+0000] {dag.py:4180} INFO - Setting next_dagrun for example_branch_dop_operator_v3 to 2025-06-27 08:04:00+00:00, run_after=2025-06-27 08:05:00+00:00
[2025-06-27T08:05:26.445+0000] {processor.py:208} INFO - Processing /home/airflow/.local/lib/python3.12/site-packages/airflow/example_dags/example_branch_python_dop_operator_3.py took 0.440 seconds
[2025-06-27T08:06:03.156+0000] {processor.py:186} INFO - Started process (PID=777) to work on /home/airflow/.local/lib/python3.12/site-packages/airflow/example_dags/example_branch_python_dop_operator_3.py
[2025-06-27T08:06:03.159+0000] {processor.py:914} INFO - Processing file /home/airflow/.local/lib/python3.12/site-packages/airflow/example_dags/example_branch_python_dop_operator_3.py for tasks to queue
[2025-06-27T08:06:03.166+0000] {logging_mixin.py:190} INFO - [2025-06-27T08:06:03.165+0000] {dagbag.py:588} INFO - Filling up the DagBag from /home/airflow/.local/lib/python3.12/site-packages/airflow/example_dags/example_branch_python_dop_operator_3.py
[2025-06-27T08:06:03.201+0000] {processor.py:925} INFO - DAG(s) 'example_branch_dop_operator_v3' retrieved from /home/airflow/.local/lib/python3.12/site-packages/airflow/example_dags/example_branch_python_dop_operator_3.py
[2025-06-27T08:06:03.260+0000] {logging_mixin.py:190} INFO - [2025-06-27T08:06:03.260+0000] {dag.py:3239} INFO - Sync 1 DAGs
[2025-06-27T08:06:03.367+0000] {logging_mixin.py:190} INFO - [2025-06-27T08:06:03.366+0000] {dag.py:4180} INFO - Setting next_dagrun for example_branch_dop_operator_v3 to 2025-06-27 08:05:00+00:00, run_after=2025-06-27 08:06:00+00:00
[2025-06-27T08:06:03.459+0000] {processor.py:208} INFO - Processing /home/airflow/.local/lib/python3.12/site-packages/airflow/example_dags/example_branch_python_dop_operator_3.py took 0.316 seconds
