[2025-06-27T07:37:12.267+0000] {processor.py:186} INFO - Started process (PID=168) to work on /home/airflow/.local/lib/python3.12/site-packages/airflow/example_dags/tutorial_taskflow_api.py
[2025-06-27T07:37:12.277+0000] {processor.py:914} INFO - Processing file /home/airflow/.local/lib/python3.12/site-packages/airflow/example_dags/tutorial_taskflow_api.py for tasks to queue
[2025-06-27T07:37:12.301+0000] {logging_mixin.py:190} INFO - [2025-06-27T07:37:12.299+0000] {dagbag.py:588} INFO - Filling up the DagBag from /home/airflow/.local/lib/python3.12/site-packages/airflow/example_dags/tutorial_taskflow_api.py
[2025-06-27T07:37:12.394+0000] {processor.py:925} INFO - DAG(s) 'tutorial_taskflow_api' retrieved from /home/airflow/.local/lib/python3.12/site-packages/airflow/example_dags/tutorial_taskflow_api.py
[2025-06-27T07:37:12.941+0000] {logging_mixin.py:190} INFO - [2025-06-27T07:37:12.936+0000] {override.py:1900} INFO - Created Permission View: can read on DAG:tutorial_taskflow_api
[2025-06-27T07:37:13.000+0000] {logging_mixin.py:190} INFO - [2025-06-27T07:37:12.999+0000] {override.py:1900} INFO - Created Permission View: can edit on DAG:tutorial_taskflow_api
[2025-06-27T07:37:13.037+0000] {logging_mixin.py:190} INFO - [2025-06-27T07:37:13.036+0000] {override.py:1900} INFO - Created Permission View: can delete on DAG:tutorial_taskflow_api
[2025-06-27T07:37:13.069+0000] {logging_mixin.py:190} INFO - [2025-06-27T07:37:13.068+0000] {override.py:1900} INFO - Created Permission View: can read on DAG Run:tutorial_taskflow_api
[2025-06-27T07:37:13.092+0000] {logging_mixin.py:190} INFO - [2025-06-27T07:37:13.091+0000] {override.py:1900} INFO - Created Permission View: can create on DAG Run:tutorial_taskflow_api
[2025-06-27T07:37:13.118+0000] {logging_mixin.py:190} INFO - [2025-06-27T07:37:13.117+0000] {override.py:1900} INFO - Created Permission View: can delete on DAG Run:tutorial_taskflow_api
[2025-06-27T07:37:13.152+0000] {logging_mixin.py:190} INFO - [2025-06-27T07:37:13.151+0000] {override.py:1900} INFO - Created Permission View: menu access on DAG Run:tutorial_taskflow_api
[2025-06-27T07:37:13.154+0000] {logging_mixin.py:190} INFO - [2025-06-27T07:37:13.154+0000] {dag.py:3239} INFO - Sync 1 DAGs
[2025-06-27T07:37:13.243+0000] {logging_mixin.py:190} INFO - [2025-06-27T07:37:13.242+0000] {dag.py:3262} INFO - Creating ORM DAG for tutorial_taskflow_api
[2025-06-27T07:37:13.247+0000] {logging_mixin.py:190} INFO - [2025-06-27T07:37:13.246+0000] {dag.py:4180} INFO - Setting next_dagrun for tutorial_taskflow_api to None, run_after=None
[2025-06-27T07:37:13.319+0000] {processor.py:208} INFO - Processing /home/airflow/.local/lib/python3.12/site-packages/airflow/example_dags/tutorial_taskflow_api.py took 1.079 seconds
[2025-06-27T07:37:43.898+0000] {processor.py:186} INFO - Started process (PID=231) to work on /home/airflow/.local/lib/python3.12/site-packages/airflow/example_dags/tutorial_taskflow_api.py
[2025-06-27T07:37:43.903+0000] {processor.py:914} INFO - Processing file /home/airflow/.local/lib/python3.12/site-packages/airflow/example_dags/tutorial_taskflow_api.py for tasks to queue
[2025-06-27T07:37:43.911+0000] {logging_mixin.py:190} INFO - [2025-06-27T07:37:43.910+0000] {dagbag.py:588} INFO - Filling up the DagBag from /home/airflow/.local/lib/python3.12/site-packages/airflow/example_dags/tutorial_taskflow_api.py
[2025-06-27T07:37:43.943+0000] {processor.py:925} INFO - DAG(s) 'tutorial_taskflow_api' retrieved from /home/airflow/.local/lib/python3.12/site-packages/airflow/example_dags/tutorial_taskflow_api.py
[2025-06-27T07:37:44.049+0000] {logging_mixin.py:190} INFO - [2025-06-27T07:37:44.048+0000] {dag.py:3239} INFO - Sync 1 DAGs
[2025-06-27T07:37:44.120+0000] {logging_mixin.py:190} INFO - [2025-06-27T07:37:44.119+0000] {dag.py:4180} INFO - Setting next_dagrun for tutorial_taskflow_api to None, run_after=None
[2025-06-27T07:37:44.244+0000] {processor.py:208} INFO - Processing /home/airflow/.local/lib/python3.12/site-packages/airflow/example_dags/tutorial_taskflow_api.py took 0.362 seconds
[2025-06-27T07:38:28.825+0000] {processor.py:186} INFO - Started process (PID=294) to work on /home/airflow/.local/lib/python3.12/site-packages/airflow/example_dags/tutorial_taskflow_api.py
[2025-06-27T07:38:28.842+0000] {processor.py:914} INFO - Processing file /home/airflow/.local/lib/python3.12/site-packages/airflow/example_dags/tutorial_taskflow_api.py for tasks to queue
[2025-06-27T07:38:28.879+0000] {logging_mixin.py:190} INFO - [2025-06-27T07:38:28.877+0000] {dagbag.py:588} INFO - Filling up the DagBag from /home/airflow/.local/lib/python3.12/site-packages/airflow/example_dags/tutorial_taskflow_api.py
[2025-06-27T07:38:28.971+0000] {processor.py:925} INFO - DAG(s) 'tutorial_taskflow_api' retrieved from /home/airflow/.local/lib/python3.12/site-packages/airflow/example_dags/tutorial_taskflow_api.py
[2025-06-27T07:38:29.120+0000] {logging_mixin.py:190} INFO - [2025-06-27T07:38:29.119+0000] {dag.py:3239} INFO - Sync 1 DAGs
[2025-06-27T07:38:29.221+0000] {logging_mixin.py:190} INFO - [2025-06-27T07:38:29.220+0000] {dag.py:4180} INFO - Setting next_dagrun for tutorial_taskflow_api to None, run_after=None
[2025-06-27T07:38:29.359+0000] {processor.py:208} INFO - Processing /home/airflow/.local/lib/python3.12/site-packages/airflow/example_dags/tutorial_taskflow_api.py took 0.608 seconds
[2025-06-27T07:39:07.959+0000] {processor.py:186} INFO - Started process (PID=362) to work on /home/airflow/.local/lib/python3.12/site-packages/airflow/example_dags/tutorial_taskflow_api.py
[2025-06-27T07:39:07.965+0000] {processor.py:914} INFO - Processing file /home/airflow/.local/lib/python3.12/site-packages/airflow/example_dags/tutorial_taskflow_api.py for tasks to queue
[2025-06-27T07:39:08.001+0000] {logging_mixin.py:190} INFO - [2025-06-27T07:39:07.999+0000] {dagbag.py:588} INFO - Filling up the DagBag from /home/airflow/.local/lib/python3.12/site-packages/airflow/example_dags/tutorial_taskflow_api.py
[2025-06-27T07:39:08.161+0000] {processor.py:925} INFO - DAG(s) 'tutorial_taskflow_api' retrieved from /home/airflow/.local/lib/python3.12/site-packages/airflow/example_dags/tutorial_taskflow_api.py
[2025-06-27T07:39:08.757+0000] {logging_mixin.py:190} INFO - [2025-06-27T07:39:08.756+0000] {dag.py:3239} INFO - Sync 1 DAGs
[2025-06-27T07:39:08.904+0000] {logging_mixin.py:190} INFO - [2025-06-27T07:39:08.901+0000] {dag.py:4180} INFO - Setting next_dagrun for tutorial_taskflow_api to None, run_after=None
[2025-06-27T07:39:09.087+0000] {processor.py:208} INFO - Processing /home/airflow/.local/lib/python3.12/site-packages/airflow/example_dags/tutorial_taskflow_api.py took 1.185 seconds
[2025-06-27T07:39:49.938+0000] {processor.py:186} INFO - Started process (PID=426) to work on /home/airflow/.local/lib/python3.12/site-packages/airflow/example_dags/tutorial_taskflow_api.py
[2025-06-27T07:39:49.941+0000] {processor.py:914} INFO - Processing file /home/airflow/.local/lib/python3.12/site-packages/airflow/example_dags/tutorial_taskflow_api.py for tasks to queue
[2025-06-27T07:39:49.950+0000] {logging_mixin.py:190} INFO - [2025-06-27T07:39:49.949+0000] {dagbag.py:588} INFO - Filling up the DagBag from /home/airflow/.local/lib/python3.12/site-packages/airflow/example_dags/tutorial_taskflow_api.py
[2025-06-27T07:39:49.999+0000] {processor.py:925} INFO - DAG(s) 'tutorial_taskflow_api' retrieved from /home/airflow/.local/lib/python3.12/site-packages/airflow/example_dags/tutorial_taskflow_api.py
[2025-06-27T07:39:50.160+0000] {logging_mixin.py:190} INFO - [2025-06-27T07:39:50.158+0000] {dag.py:3239} INFO - Sync 1 DAGs
[2025-06-27T07:39:50.261+0000] {logging_mixin.py:190} INFO - [2025-06-27T07:39:50.260+0000] {dag.py:4180} INFO - Setting next_dagrun for tutorial_taskflow_api to None, run_after=None
[2025-06-27T07:39:50.360+0000] {processor.py:208} INFO - Processing /home/airflow/.local/lib/python3.12/site-packages/airflow/example_dags/tutorial_taskflow_api.py took 0.452 seconds
[2025-06-27T07:40:23.028+0000] {processor.py:186} INFO - Started process (PID=489) to work on /home/airflow/.local/lib/python3.12/site-packages/airflow/example_dags/tutorial_taskflow_api.py
[2025-06-27T07:40:23.038+0000] {processor.py:914} INFO - Processing file /home/airflow/.local/lib/python3.12/site-packages/airflow/example_dags/tutorial_taskflow_api.py for tasks to queue
[2025-06-27T07:40:23.049+0000] {logging_mixin.py:190} INFO - [2025-06-27T07:40:23.047+0000] {dagbag.py:588} INFO - Filling up the DagBag from /home/airflow/.local/lib/python3.12/site-packages/airflow/example_dags/tutorial_taskflow_api.py
[2025-06-27T07:40:23.107+0000] {processor.py:925} INFO - DAG(s) 'tutorial_taskflow_api' retrieved from /home/airflow/.local/lib/python3.12/site-packages/airflow/example_dags/tutorial_taskflow_api.py
[2025-06-27T07:40:23.204+0000] {logging_mixin.py:190} INFO - [2025-06-27T07:40:23.202+0000] {dag.py:3239} INFO - Sync 1 DAGs
[2025-06-27T07:40:23.261+0000] {logging_mixin.py:190} INFO - [2025-06-27T07:40:23.261+0000] {dag.py:4180} INFO - Setting next_dagrun for tutorial_taskflow_api to None, run_after=None
[2025-06-27T07:40:23.337+0000] {processor.py:208} INFO - Processing /home/airflow/.local/lib/python3.12/site-packages/airflow/example_dags/tutorial_taskflow_api.py took 0.339 seconds
[2025-06-27T07:40:55.363+0000] {processor.py:186} INFO - Started process (PID=552) to work on /home/airflow/.local/lib/python3.12/site-packages/airflow/example_dags/tutorial_taskflow_api.py
[2025-06-27T07:40:55.368+0000] {processor.py:914} INFO - Processing file /home/airflow/.local/lib/python3.12/site-packages/airflow/example_dags/tutorial_taskflow_api.py for tasks to queue
[2025-06-27T07:40:55.397+0000] {logging_mixin.py:190} INFO - [2025-06-27T07:40:55.389+0000] {dagbag.py:588} INFO - Filling up the DagBag from /home/airflow/.local/lib/python3.12/site-packages/airflow/example_dags/tutorial_taskflow_api.py
[2025-06-27T07:40:55.437+0000] {processor.py:925} INFO - DAG(s) 'tutorial_taskflow_api' retrieved from /home/airflow/.local/lib/python3.12/site-packages/airflow/example_dags/tutorial_taskflow_api.py
[2025-06-27T07:40:55.528+0000] {logging_mixin.py:190} INFO - [2025-06-27T07:40:55.526+0000] {dag.py:3239} INFO - Sync 1 DAGs
[2025-06-27T07:40:55.592+0000] {logging_mixin.py:190} INFO - [2025-06-27T07:40:55.590+0000] {dag.py:4180} INFO - Setting next_dagrun for tutorial_taskflow_api to None, run_after=None
[2025-06-27T07:40:55.694+0000] {processor.py:208} INFO - Processing /home/airflow/.local/lib/python3.12/site-packages/airflow/example_dags/tutorial_taskflow_api.py took 0.385 seconds
[2025-06-27T07:41:32.819+0000] {processor.py:186} INFO - Started process (PID=617) to work on /home/airflow/.local/lib/python3.12/site-packages/airflow/example_dags/tutorial_taskflow_api.py
[2025-06-27T07:41:32.827+0000] {processor.py:914} INFO - Processing file /home/airflow/.local/lib/python3.12/site-packages/airflow/example_dags/tutorial_taskflow_api.py for tasks to queue
[2025-06-27T07:41:32.841+0000] {logging_mixin.py:190} INFO - [2025-06-27T07:41:32.839+0000] {dagbag.py:588} INFO - Filling up the DagBag from /home/airflow/.local/lib/python3.12/site-packages/airflow/example_dags/tutorial_taskflow_api.py
[2025-06-27T07:41:32.900+0000] {processor.py:925} INFO - DAG(s) 'tutorial_taskflow_api' retrieved from /home/airflow/.local/lib/python3.12/site-packages/airflow/example_dags/tutorial_taskflow_api.py
[2025-06-27T07:41:33.026+0000] {logging_mixin.py:190} INFO - [2025-06-27T07:41:33.026+0000] {dag.py:3239} INFO - Sync 1 DAGs
[2025-06-27T07:41:33.149+0000] {logging_mixin.py:190} INFO - [2025-06-27T07:41:33.148+0000] {dag.py:4180} INFO - Setting next_dagrun for tutorial_taskflow_api to None, run_after=None
[2025-06-27T07:41:33.264+0000] {processor.py:208} INFO - Processing /home/airflow/.local/lib/python3.12/site-packages/airflow/example_dags/tutorial_taskflow_api.py took 0.483 seconds
[2025-06-27T07:42:17.931+0000] {processor.py:186} INFO - Started process (PID=686) to work on /home/airflow/.local/lib/python3.12/site-packages/airflow/example_dags/tutorial_taskflow_api.py
[2025-06-27T07:42:17.936+0000] {processor.py:914} INFO - Processing file /home/airflow/.local/lib/python3.12/site-packages/airflow/example_dags/tutorial_taskflow_api.py for tasks to queue
[2025-06-27T07:42:17.947+0000] {logging_mixin.py:190} INFO - [2025-06-27T07:42:17.945+0000] {dagbag.py:588} INFO - Filling up the DagBag from /home/airflow/.local/lib/python3.12/site-packages/airflow/example_dags/tutorial_taskflow_api.py
[2025-06-27T07:42:17.993+0000] {processor.py:925} INFO - DAG(s) 'tutorial_taskflow_api' retrieved from /home/airflow/.local/lib/python3.12/site-packages/airflow/example_dags/tutorial_taskflow_api.py
[2025-06-27T07:42:18.104+0000] {logging_mixin.py:190} INFO - [2025-06-27T07:42:18.103+0000] {dag.py:3239} INFO - Sync 1 DAGs
[2025-06-27T07:42:18.179+0000] {logging_mixin.py:190} INFO - [2025-06-27T07:42:18.178+0000] {dag.py:4180} INFO - Setting next_dagrun for tutorial_taskflow_api to None, run_after=None
[2025-06-27T07:42:18.307+0000] {processor.py:208} INFO - Processing /home/airflow/.local/lib/python3.12/site-packages/airflow/example_dags/tutorial_taskflow_api.py took 0.407 seconds
[2025-06-27T07:42:51.695+0000] {processor.py:186} INFO - Started process (PID=749) to work on /home/airflow/.local/lib/python3.12/site-packages/airflow/example_dags/tutorial_taskflow_api.py
[2025-06-27T07:42:51.700+0000] {processor.py:914} INFO - Processing file /home/airflow/.local/lib/python3.12/site-packages/airflow/example_dags/tutorial_taskflow_api.py for tasks to queue
[2025-06-27T07:42:51.714+0000] {logging_mixin.py:190} INFO - [2025-06-27T07:42:51.710+0000] {dagbag.py:588} INFO - Filling up the DagBag from /home/airflow/.local/lib/python3.12/site-packages/airflow/example_dags/tutorial_taskflow_api.py
[2025-06-27T07:42:51.763+0000] {processor.py:925} INFO - DAG(s) 'tutorial_taskflow_api' retrieved from /home/airflow/.local/lib/python3.12/site-packages/airflow/example_dags/tutorial_taskflow_api.py
[2025-06-27T07:42:51.867+0000] {logging_mixin.py:190} INFO - [2025-06-27T07:42:51.867+0000] {dag.py:3239} INFO - Sync 1 DAGs
[2025-06-27T07:42:51.966+0000] {logging_mixin.py:190} INFO - [2025-06-27T07:42:51.965+0000] {dag.py:4180} INFO - Setting next_dagrun for tutorial_taskflow_api to None, run_after=None
[2025-06-27T07:42:52.052+0000] {processor.py:208} INFO - Processing /home/airflow/.local/lib/python3.12/site-packages/airflow/example_dags/tutorial_taskflow_api.py took 0.387 seconds
[2025-06-27T07:43:29.423+0000] {processor.py:186} INFO - Started process (PID=811) to work on /home/airflow/.local/lib/python3.12/site-packages/airflow/example_dags/tutorial_taskflow_api.py
[2025-06-27T07:43:29.426+0000] {processor.py:914} INFO - Processing file /home/airflow/.local/lib/python3.12/site-packages/airflow/example_dags/tutorial_taskflow_api.py for tasks to queue
[2025-06-27T07:43:29.433+0000] {logging_mixin.py:190} INFO - [2025-06-27T07:43:29.432+0000] {dagbag.py:588} INFO - Filling up the DagBag from /home/airflow/.local/lib/python3.12/site-packages/airflow/example_dags/tutorial_taskflow_api.py
[2025-06-27T07:43:29.458+0000] {processor.py:925} INFO - DAG(s) 'tutorial_taskflow_api' retrieved from /home/airflow/.local/lib/python3.12/site-packages/airflow/example_dags/tutorial_taskflow_api.py
[2025-06-27T07:43:29.527+0000] {logging_mixin.py:190} INFO - [2025-06-27T07:43:29.526+0000] {dag.py:3239} INFO - Sync 1 DAGs
[2025-06-27T07:43:29.572+0000] {logging_mixin.py:190} INFO - [2025-06-27T07:43:29.571+0000] {dag.py:4180} INFO - Setting next_dagrun for tutorial_taskflow_api to None, run_after=None
[2025-06-27T07:43:29.619+0000] {processor.py:208} INFO - Processing /home/airflow/.local/lib/python3.12/site-packages/airflow/example_dags/tutorial_taskflow_api.py took 0.213 seconds
[2025-06-27T07:44:00.537+0000] {processor.py:186} INFO - Started process (PID=874) to work on /home/airflow/.local/lib/python3.12/site-packages/airflow/example_dags/tutorial_taskflow_api.py
[2025-06-27T07:44:00.539+0000] {processor.py:914} INFO - Processing file /home/airflow/.local/lib/python3.12/site-packages/airflow/example_dags/tutorial_taskflow_api.py for tasks to queue
[2025-06-27T07:44:00.545+0000] {logging_mixin.py:190} INFO - [2025-06-27T07:44:00.544+0000] {dagbag.py:588} INFO - Filling up the DagBag from /home/airflow/.local/lib/python3.12/site-packages/airflow/example_dags/tutorial_taskflow_api.py
[2025-06-27T07:44:00.567+0000] {processor.py:925} INFO - DAG(s) 'tutorial_taskflow_api' retrieved from /home/airflow/.local/lib/python3.12/site-packages/airflow/example_dags/tutorial_taskflow_api.py
[2025-06-27T07:44:00.625+0000] {logging_mixin.py:190} INFO - [2025-06-27T07:44:00.625+0000] {dag.py:3239} INFO - Sync 1 DAGs
[2025-06-27T07:44:00.660+0000] {logging_mixin.py:190} INFO - [2025-06-27T07:44:00.660+0000] {dag.py:4180} INFO - Setting next_dagrun for tutorial_taskflow_api to None, run_after=None
[2025-06-27T07:44:00.706+0000] {processor.py:208} INFO - Processing /home/airflow/.local/lib/python3.12/site-packages/airflow/example_dags/tutorial_taskflow_api.py took 0.181 seconds
[2025-06-27T07:44:31.287+0000] {processor.py:186} INFO - Started process (PID=938) to work on /home/airflow/.local/lib/python3.12/site-packages/airflow/example_dags/tutorial_taskflow_api.py
[2025-06-27T07:44:31.291+0000] {processor.py:914} INFO - Processing file /home/airflow/.local/lib/python3.12/site-packages/airflow/example_dags/tutorial_taskflow_api.py for tasks to queue
[2025-06-27T07:44:31.303+0000] {logging_mixin.py:190} INFO - [2025-06-27T07:44:31.302+0000] {dagbag.py:588} INFO - Filling up the DagBag from /home/airflow/.local/lib/python3.12/site-packages/airflow/example_dags/tutorial_taskflow_api.py
[2025-06-27T07:44:31.345+0000] {processor.py:925} INFO - DAG(s) 'tutorial_taskflow_api' retrieved from /home/airflow/.local/lib/python3.12/site-packages/airflow/example_dags/tutorial_taskflow_api.py
[2025-06-27T07:44:31.434+0000] {logging_mixin.py:190} INFO - [2025-06-27T07:44:31.433+0000] {dag.py:3239} INFO - Sync 1 DAGs
[2025-06-27T07:44:31.488+0000] {logging_mixin.py:190} INFO - [2025-06-27T07:44:31.488+0000] {dag.py:4180} INFO - Setting next_dagrun for tutorial_taskflow_api to None, run_after=None
[2025-06-27T07:44:31.586+0000] {processor.py:208} INFO - Processing /home/airflow/.local/lib/python3.12/site-packages/airflow/example_dags/tutorial_taskflow_api.py took 0.326 seconds
[2025-06-27T07:45:02.298+0000] {processor.py:186} INFO - Started process (PID=1002) to work on /home/airflow/.local/lib/python3.12/site-packages/airflow/example_dags/tutorial_taskflow_api.py
[2025-06-27T07:45:02.301+0000] {processor.py:914} INFO - Processing file /home/airflow/.local/lib/python3.12/site-packages/airflow/example_dags/tutorial_taskflow_api.py for tasks to queue
[2025-06-27T07:45:02.307+0000] {logging_mixin.py:190} INFO - [2025-06-27T07:45:02.306+0000] {dagbag.py:588} INFO - Filling up the DagBag from /home/airflow/.local/lib/python3.12/site-packages/airflow/example_dags/tutorial_taskflow_api.py
[2025-06-27T07:45:02.330+0000] {processor.py:925} INFO - DAG(s) 'tutorial_taskflow_api' retrieved from /home/airflow/.local/lib/python3.12/site-packages/airflow/example_dags/tutorial_taskflow_api.py
[2025-06-27T07:45:02.385+0000] {logging_mixin.py:190} INFO - [2025-06-27T07:45:02.384+0000] {dag.py:3239} INFO - Sync 1 DAGs
[2025-06-27T07:45:02.422+0000] {logging_mixin.py:190} INFO - [2025-06-27T07:45:02.421+0000] {dag.py:4180} INFO - Setting next_dagrun for tutorial_taskflow_api to None, run_after=None
[2025-06-27T07:45:02.486+0000] {processor.py:208} INFO - Processing /home/airflow/.local/lib/python3.12/site-packages/airflow/example_dags/tutorial_taskflow_api.py took 0.202 seconds
[2025-06-27T07:45:32.625+0000] {processor.py:186} INFO - Started process (PID=1064) to work on /home/airflow/.local/lib/python3.12/site-packages/airflow/example_dags/tutorial_taskflow_api.py
[2025-06-27T07:45:32.628+0000] {processor.py:914} INFO - Processing file /home/airflow/.local/lib/python3.12/site-packages/airflow/example_dags/tutorial_taskflow_api.py for tasks to queue
[2025-06-27T07:45:32.636+0000] {logging_mixin.py:190} INFO - [2025-06-27T07:45:32.635+0000] {dagbag.py:588} INFO - Filling up the DagBag from /home/airflow/.local/lib/python3.12/site-packages/airflow/example_dags/tutorial_taskflow_api.py
[2025-06-27T07:45:32.654+0000] {processor.py:925} INFO - DAG(s) 'tutorial_taskflow_api' retrieved from /home/airflow/.local/lib/python3.12/site-packages/airflow/example_dags/tutorial_taskflow_api.py
[2025-06-27T07:45:32.695+0000] {logging_mixin.py:190} INFO - [2025-06-27T07:45:32.694+0000] {dag.py:3239} INFO - Sync 1 DAGs
[2025-06-27T07:45:32.723+0000] {logging_mixin.py:190} INFO - [2025-06-27T07:45:32.723+0000] {dag.py:4180} INFO - Setting next_dagrun for tutorial_taskflow_api to None, run_after=None
[2025-06-27T07:45:32.768+0000] {processor.py:208} INFO - Processing /home/airflow/.local/lib/python3.12/site-packages/airflow/example_dags/tutorial_taskflow_api.py took 0.154 seconds
[2025-06-27T07:46:03.671+0000] {processor.py:186} INFO - Started process (PID=1128) to work on /home/airflow/.local/lib/python3.12/site-packages/airflow/example_dags/tutorial_taskflow_api.py
[2025-06-27T07:46:03.673+0000] {processor.py:914} INFO - Processing file /home/airflow/.local/lib/python3.12/site-packages/airflow/example_dags/tutorial_taskflow_api.py for tasks to queue
[2025-06-27T07:46:03.678+0000] {logging_mixin.py:190} INFO - [2025-06-27T07:46:03.677+0000] {dagbag.py:588} INFO - Filling up the DagBag from /home/airflow/.local/lib/python3.12/site-packages/airflow/example_dags/tutorial_taskflow_api.py
[2025-06-27T07:46:03.693+0000] {processor.py:925} INFO - DAG(s) 'tutorial_taskflow_api' retrieved from /home/airflow/.local/lib/python3.12/site-packages/airflow/example_dags/tutorial_taskflow_api.py
[2025-06-27T07:46:03.729+0000] {logging_mixin.py:190} INFO - [2025-06-27T07:46:03.729+0000] {dag.py:3239} INFO - Sync 1 DAGs
[2025-06-27T07:46:03.755+0000] {logging_mixin.py:190} INFO - [2025-06-27T07:46:03.754+0000] {dag.py:4180} INFO - Setting next_dagrun for tutorial_taskflow_api to None, run_after=None
[2025-06-27T07:46:03.795+0000] {processor.py:208} INFO - Processing /home/airflow/.local/lib/python3.12/site-packages/airflow/example_dags/tutorial_taskflow_api.py took 0.136 seconds
[2025-06-27T07:46:34.276+0000] {processor.py:186} INFO - Started process (PID=1191) to work on /home/airflow/.local/lib/python3.12/site-packages/airflow/example_dags/tutorial_taskflow_api.py
[2025-06-27T07:46:34.278+0000] {processor.py:914} INFO - Processing file /home/airflow/.local/lib/python3.12/site-packages/airflow/example_dags/tutorial_taskflow_api.py for tasks to queue
[2025-06-27T07:46:34.283+0000] {logging_mixin.py:190} INFO - [2025-06-27T07:46:34.283+0000] {dagbag.py:588} INFO - Filling up the DagBag from /home/airflow/.local/lib/python3.12/site-packages/airflow/example_dags/tutorial_taskflow_api.py
[2025-06-27T07:46:34.317+0000] {processor.py:925} INFO - DAG(s) 'tutorial_taskflow_api' retrieved from /home/airflow/.local/lib/python3.12/site-packages/airflow/example_dags/tutorial_taskflow_api.py
[2025-06-27T07:46:34.362+0000] {logging_mixin.py:190} INFO - [2025-06-27T07:46:34.362+0000] {dag.py:3239} INFO - Sync 1 DAGs
[2025-06-27T07:46:34.396+0000] {logging_mixin.py:190} INFO - [2025-06-27T07:46:34.395+0000] {dag.py:4180} INFO - Setting next_dagrun for tutorial_taskflow_api to None, run_after=None
[2025-06-27T07:46:34.483+0000] {processor.py:208} INFO - Processing /home/airflow/.local/lib/python3.12/site-packages/airflow/example_dags/tutorial_taskflow_api.py took 0.221 seconds
[2025-06-27T07:47:06.066+0000] {processor.py:186} INFO - Started process (PID=1256) to work on /home/airflow/.local/lib/python3.12/site-packages/airflow/example_dags/tutorial_taskflow_api.py
[2025-06-27T07:47:06.068+0000] {processor.py:914} INFO - Processing file /home/airflow/.local/lib/python3.12/site-packages/airflow/example_dags/tutorial_taskflow_api.py for tasks to queue
[2025-06-27T07:47:06.074+0000] {logging_mixin.py:190} INFO - [2025-06-27T07:47:06.074+0000] {dagbag.py:588} INFO - Filling up the DagBag from /home/airflow/.local/lib/python3.12/site-packages/airflow/example_dags/tutorial_taskflow_api.py
[2025-06-27T07:47:06.090+0000] {processor.py:925} INFO - DAG(s) 'tutorial_taskflow_api' retrieved from /home/airflow/.local/lib/python3.12/site-packages/airflow/example_dags/tutorial_taskflow_api.py
[2025-06-27T07:47:06.131+0000] {logging_mixin.py:190} INFO - [2025-06-27T07:47:06.131+0000] {dag.py:3239} INFO - Sync 1 DAGs
[2025-06-27T07:47:06.159+0000] {logging_mixin.py:190} INFO - [2025-06-27T07:47:06.158+0000] {dag.py:4180} INFO - Setting next_dagrun for tutorial_taskflow_api to None, run_after=None
[2025-06-27T07:47:06.199+0000] {processor.py:208} INFO - Processing /home/airflow/.local/lib/python3.12/site-packages/airflow/example_dags/tutorial_taskflow_api.py took 0.144 seconds
[2025-06-27T07:47:37.639+0000] {processor.py:186} INFO - Started process (PID=1319) to work on /home/airflow/.local/lib/python3.12/site-packages/airflow/example_dags/tutorial_taskflow_api.py
[2025-06-27T07:47:37.642+0000] {processor.py:914} INFO - Processing file /home/airflow/.local/lib/python3.12/site-packages/airflow/example_dags/tutorial_taskflow_api.py for tasks to queue
[2025-06-27T07:47:37.652+0000] {logging_mixin.py:190} INFO - [2025-06-27T07:47:37.651+0000] {dagbag.py:588} INFO - Filling up the DagBag from /home/airflow/.local/lib/python3.12/site-packages/airflow/example_dags/tutorial_taskflow_api.py
[2025-06-27T07:47:37.686+0000] {processor.py:925} INFO - DAG(s) 'tutorial_taskflow_api' retrieved from /home/airflow/.local/lib/python3.12/site-packages/airflow/example_dags/tutorial_taskflow_api.py
[2025-06-27T07:47:37.872+0000] {logging_mixin.py:190} INFO - [2025-06-27T07:47:37.871+0000] {dag.py:3239} INFO - Sync 1 DAGs
[2025-06-27T07:47:37.968+0000] {logging_mixin.py:190} INFO - [2025-06-27T07:47:37.967+0000] {dag.py:4180} INFO - Setting next_dagrun for tutorial_taskflow_api to None, run_after=None
[2025-06-27T07:47:38.015+0000] {processor.py:208} INFO - Processing /home/airflow/.local/lib/python3.12/site-packages/airflow/example_dags/tutorial_taskflow_api.py took 0.392 seconds
[2025-06-27T07:48:08.589+0000] {processor.py:186} INFO - Started process (PID=1388) to work on /home/airflow/.local/lib/python3.12/site-packages/airflow/example_dags/tutorial_taskflow_api.py
[2025-06-27T07:48:08.591+0000] {processor.py:914} INFO - Processing file /home/airflow/.local/lib/python3.12/site-packages/airflow/example_dags/tutorial_taskflow_api.py for tasks to queue
[2025-06-27T07:48:08.595+0000] {logging_mixin.py:190} INFO - [2025-06-27T07:48:08.594+0000] {dagbag.py:588} INFO - Filling up the DagBag from /home/airflow/.local/lib/python3.12/site-packages/airflow/example_dags/tutorial_taskflow_api.py
[2025-06-27T07:48:08.610+0000] {processor.py:925} INFO - DAG(s) 'tutorial_taskflow_api' retrieved from /home/airflow/.local/lib/python3.12/site-packages/airflow/example_dags/tutorial_taskflow_api.py
[2025-06-27T07:48:08.653+0000] {logging_mixin.py:190} INFO - [2025-06-27T07:48:08.652+0000] {dag.py:3239} INFO - Sync 1 DAGs
[2025-06-27T07:48:08.685+0000] {logging_mixin.py:190} INFO - [2025-06-27T07:48:08.685+0000] {dag.py:4180} INFO - Setting next_dagrun for tutorial_taskflow_api to None, run_after=None
[2025-06-27T07:48:08.728+0000] {processor.py:208} INFO - Processing /home/airflow/.local/lib/python3.12/site-packages/airflow/example_dags/tutorial_taskflow_api.py took 0.149 seconds
[2025-06-27T07:48:38.992+0000] {processor.py:186} INFO - Started process (PID=1450) to work on /home/airflow/.local/lib/python3.12/site-packages/airflow/example_dags/tutorial_taskflow_api.py
[2025-06-27T07:48:38.994+0000] {processor.py:914} INFO - Processing file /home/airflow/.local/lib/python3.12/site-packages/airflow/example_dags/tutorial_taskflow_api.py for tasks to queue
[2025-06-27T07:48:38.999+0000] {logging_mixin.py:190} INFO - [2025-06-27T07:48:38.999+0000] {dagbag.py:588} INFO - Filling up the DagBag from /home/airflow/.local/lib/python3.12/site-packages/airflow/example_dags/tutorial_taskflow_api.py
[2025-06-27T07:48:39.019+0000] {processor.py:925} INFO - DAG(s) 'tutorial_taskflow_api' retrieved from /home/airflow/.local/lib/python3.12/site-packages/airflow/example_dags/tutorial_taskflow_api.py
[2025-06-27T07:48:39.067+0000] {logging_mixin.py:190} INFO - [2025-06-27T07:48:39.066+0000] {dag.py:3239} INFO - Sync 1 DAGs
[2025-06-27T07:48:39.104+0000] {logging_mixin.py:190} INFO - [2025-06-27T07:48:39.104+0000] {dag.py:4180} INFO - Setting next_dagrun for tutorial_taskflow_api to None, run_after=None
[2025-06-27T07:48:39.146+0000] {processor.py:208} INFO - Processing /home/airflow/.local/lib/python3.12/site-packages/airflow/example_dags/tutorial_taskflow_api.py took 0.165 seconds
[2025-06-27T07:49:09.884+0000] {processor.py:186} INFO - Started process (PID=1513) to work on /home/airflow/.local/lib/python3.12/site-packages/airflow/example_dags/tutorial_taskflow_api.py
[2025-06-27T07:49:09.891+0000] {processor.py:914} INFO - Processing file /home/airflow/.local/lib/python3.12/site-packages/airflow/example_dags/tutorial_taskflow_api.py for tasks to queue
[2025-06-27T07:49:09.904+0000] {logging_mixin.py:190} INFO - [2025-06-27T07:49:09.901+0000] {dagbag.py:588} INFO - Filling up the DagBag from /home/airflow/.local/lib/python3.12/site-packages/airflow/example_dags/tutorial_taskflow_api.py
[2025-06-27T07:49:09.946+0000] {processor.py:925} INFO - DAG(s) 'tutorial_taskflow_api' retrieved from /home/airflow/.local/lib/python3.12/site-packages/airflow/example_dags/tutorial_taskflow_api.py
[2025-06-27T07:49:10.051+0000] {logging_mixin.py:190} INFO - [2025-06-27T07:49:10.050+0000] {dag.py:3239} INFO - Sync 1 DAGs
[2025-06-27T07:49:10.321+0000] {logging_mixin.py:190} INFO - [2025-06-27T07:49:10.310+0000] {dag.py:4180} INFO - Setting next_dagrun for tutorial_taskflow_api to None, run_after=None
[2025-06-27T07:49:10.547+0000] {processor.py:208} INFO - Processing /home/airflow/.local/lib/python3.12/site-packages/airflow/example_dags/tutorial_taskflow_api.py took 0.697 seconds
[2025-06-27T07:52:24.028+0000] {processor.py:186} INFO - Started process (PID=117) to work on /home/airflow/.local/lib/python3.12/site-packages/airflow/example_dags/tutorial_taskflow_api.py
[2025-06-27T07:52:24.032+0000] {processor.py:914} INFO - Processing file /home/airflow/.local/lib/python3.12/site-packages/airflow/example_dags/tutorial_taskflow_api.py for tasks to queue
[2025-06-27T07:52:24.042+0000] {logging_mixin.py:190} INFO - [2025-06-27T07:52:24.040+0000] {dagbag.py:588} INFO - Filling up the DagBag from /home/airflow/.local/lib/python3.12/site-packages/airflow/example_dags/tutorial_taskflow_api.py
[2025-06-27T07:52:24.071+0000] {processor.py:925} INFO - DAG(s) 'tutorial_taskflow_api' retrieved from /home/airflow/.local/lib/python3.12/site-packages/airflow/example_dags/tutorial_taskflow_api.py
[2025-06-27T07:52:24.162+0000] {logging_mixin.py:190} INFO - [2025-06-27T07:52:24.162+0000] {dag.py:3239} INFO - Sync 1 DAGs
[2025-06-27T07:52:24.230+0000] {logging_mixin.py:190} INFO - [2025-06-27T07:52:24.229+0000] {dag.py:4180} INFO - Setting next_dagrun for tutorial_taskflow_api to None, run_after=None
[2025-06-27T07:52:24.321+0000] {processor.py:208} INFO - Processing /home/airflow/.local/lib/python3.12/site-packages/airflow/example_dags/tutorial_taskflow_api.py took 0.311 seconds
[2025-06-27T07:52:56.374+0000] {processor.py:186} INFO - Started process (PID=180) to work on /home/airflow/.local/lib/python3.12/site-packages/airflow/example_dags/tutorial_taskflow_api.py
[2025-06-27T07:52:56.379+0000] {processor.py:914} INFO - Processing file /home/airflow/.local/lib/python3.12/site-packages/airflow/example_dags/tutorial_taskflow_api.py for tasks to queue
[2025-06-27T07:52:56.387+0000] {logging_mixin.py:190} INFO - [2025-06-27T07:52:56.386+0000] {dagbag.py:588} INFO - Filling up the DagBag from /home/airflow/.local/lib/python3.12/site-packages/airflow/example_dags/tutorial_taskflow_api.py
[2025-06-27T07:52:56.415+0000] {processor.py:925} INFO - DAG(s) 'tutorial_taskflow_api' retrieved from /home/airflow/.local/lib/python3.12/site-packages/airflow/example_dags/tutorial_taskflow_api.py
[2025-06-27T07:52:56.493+0000] {logging_mixin.py:190} INFO - [2025-06-27T07:52:56.492+0000] {dag.py:3239} INFO - Sync 1 DAGs
[2025-06-27T07:52:56.558+0000] {logging_mixin.py:190} INFO - [2025-06-27T07:52:56.557+0000] {dag.py:4180} INFO - Setting next_dagrun for tutorial_taskflow_api to None, run_after=None
[2025-06-27T07:52:56.685+0000] {processor.py:208} INFO - Processing /home/airflow/.local/lib/python3.12/site-packages/airflow/example_dags/tutorial_taskflow_api.py took 0.332 seconds
[2025-06-27T07:53:28.698+0000] {processor.py:186} INFO - Started process (PID=243) to work on /home/airflow/.local/lib/python3.12/site-packages/airflow/example_dags/tutorial_taskflow_api.py
[2025-06-27T07:53:28.700+0000] {processor.py:914} INFO - Processing file /home/airflow/.local/lib/python3.12/site-packages/airflow/example_dags/tutorial_taskflow_api.py for tasks to queue
[2025-06-27T07:53:28.710+0000] {logging_mixin.py:190} INFO - [2025-06-27T07:53:28.709+0000] {dagbag.py:588} INFO - Filling up the DagBag from /home/airflow/.local/lib/python3.12/site-packages/airflow/example_dags/tutorial_taskflow_api.py
[2025-06-27T07:53:28.731+0000] {processor.py:925} INFO - DAG(s) 'tutorial_taskflow_api' retrieved from /home/airflow/.local/lib/python3.12/site-packages/airflow/example_dags/tutorial_taskflow_api.py
[2025-06-27T07:53:28.768+0000] {logging_mixin.py:190} INFO - [2025-06-27T07:53:28.768+0000] {dag.py:3239} INFO - Sync 1 DAGs
[2025-06-27T07:53:28.792+0000] {logging_mixin.py:190} INFO - [2025-06-27T07:53:28.791+0000] {dag.py:4180} INFO - Setting next_dagrun for tutorial_taskflow_api to None, run_after=None
[2025-06-27T07:53:28.825+0000] {processor.py:208} INFO - Processing /home/airflow/.local/lib/python3.12/site-packages/airflow/example_dags/tutorial_taskflow_api.py took 0.149 seconds
[2025-06-27T07:53:59.520+0000] {processor.py:186} INFO - Started process (PID=307) to work on /home/airflow/.local/lib/python3.12/site-packages/airflow/example_dags/tutorial_taskflow_api.py
[2025-06-27T07:53:59.524+0000] {processor.py:914} INFO - Processing file /home/airflow/.local/lib/python3.12/site-packages/airflow/example_dags/tutorial_taskflow_api.py for tasks to queue
[2025-06-27T07:53:59.532+0000] {logging_mixin.py:190} INFO - [2025-06-27T07:53:59.531+0000] {dagbag.py:588} INFO - Filling up the DagBag from /home/airflow/.local/lib/python3.12/site-packages/airflow/example_dags/tutorial_taskflow_api.py
[2025-06-27T07:53:59.562+0000] {processor.py:925} INFO - DAG(s) 'tutorial_taskflow_api' retrieved from /home/airflow/.local/lib/python3.12/site-packages/airflow/example_dags/tutorial_taskflow_api.py
[2025-06-27T07:53:59.629+0000] {logging_mixin.py:190} INFO - [2025-06-27T07:53:59.629+0000] {dag.py:3239} INFO - Sync 1 DAGs
[2025-06-27T07:53:59.665+0000] {logging_mixin.py:190} INFO - [2025-06-27T07:53:59.664+0000] {dag.py:4180} INFO - Setting next_dagrun for tutorial_taskflow_api to None, run_after=None
[2025-06-27T07:53:59.706+0000] {processor.py:208} INFO - Processing /home/airflow/.local/lib/python3.12/site-packages/airflow/example_dags/tutorial_taskflow_api.py took 0.211 seconds
[2025-06-27T07:54:31.158+0000] {processor.py:186} INFO - Started process (PID=370) to work on /home/airflow/.local/lib/python3.12/site-packages/airflow/example_dags/tutorial_taskflow_api.py
[2025-06-27T07:54:31.163+0000] {processor.py:914} INFO - Processing file /home/airflow/.local/lib/python3.12/site-packages/airflow/example_dags/tutorial_taskflow_api.py for tasks to queue
[2025-06-27T07:54:31.172+0000] {logging_mixin.py:190} INFO - [2025-06-27T07:54:31.171+0000] {dagbag.py:588} INFO - Filling up the DagBag from /home/airflow/.local/lib/python3.12/site-packages/airflow/example_dags/tutorial_taskflow_api.py
[2025-06-27T07:54:31.218+0000] {processor.py:925} INFO - DAG(s) 'tutorial_taskflow_api' retrieved from /home/airflow/.local/lib/python3.12/site-packages/airflow/example_dags/tutorial_taskflow_api.py
[2025-06-27T07:54:31.313+0000] {logging_mixin.py:190} INFO - [2025-06-27T07:54:31.312+0000] {dag.py:3239} INFO - Sync 1 DAGs
[2025-06-27T07:54:31.376+0000] {logging_mixin.py:190} INFO - [2025-06-27T07:54:31.375+0000] {dag.py:4180} INFO - Setting next_dagrun for tutorial_taskflow_api to None, run_after=None
[2025-06-27T07:54:31.453+0000] {processor.py:208} INFO - Processing /home/airflow/.local/lib/python3.12/site-packages/airflow/example_dags/tutorial_taskflow_api.py took 0.318 seconds
[2025-06-27T07:55:02.690+0000] {processor.py:186} INFO - Started process (PID=433) to work on /home/airflow/.local/lib/python3.12/site-packages/airflow/example_dags/tutorial_taskflow_api.py
[2025-06-27T07:55:02.693+0000] {processor.py:914} INFO - Processing file /home/airflow/.local/lib/python3.12/site-packages/airflow/example_dags/tutorial_taskflow_api.py for tasks to queue
[2025-06-27T07:55:02.699+0000] {logging_mixin.py:190} INFO - [2025-06-27T07:55:02.698+0000] {dagbag.py:588} INFO - Filling up the DagBag from /home/airflow/.local/lib/python3.12/site-packages/airflow/example_dags/tutorial_taskflow_api.py
[2025-06-27T07:55:02.726+0000] {processor.py:925} INFO - DAG(s) 'tutorial_taskflow_api' retrieved from /home/airflow/.local/lib/python3.12/site-packages/airflow/example_dags/tutorial_taskflow_api.py
[2025-06-27T07:55:02.810+0000] {logging_mixin.py:190} INFO - [2025-06-27T07:55:02.809+0000] {dag.py:3239} INFO - Sync 1 DAGs
[2025-06-27T07:55:02.875+0000] {logging_mixin.py:190} INFO - [2025-06-27T07:55:02.874+0000] {dag.py:4180} INFO - Setting next_dagrun for tutorial_taskflow_api to None, run_after=None
[2025-06-27T07:55:02.938+0000] {processor.py:208} INFO - Processing /home/airflow/.local/lib/python3.12/site-packages/airflow/example_dags/tutorial_taskflow_api.py took 0.265 seconds
[2025-06-27T07:59:44.964+0000] {processor.py:186} INFO - Started process (PID=104) to work on /home/airflow/.local/lib/python3.12/site-packages/airflow/example_dags/tutorial_taskflow_api.py
[2025-06-27T07:59:44.967+0000] {processor.py:914} INFO - Processing file /home/airflow/.local/lib/python3.12/site-packages/airflow/example_dags/tutorial_taskflow_api.py for tasks to queue
[2025-06-27T07:59:44.976+0000] {logging_mixin.py:190} INFO - [2025-06-27T07:59:44.975+0000] {dagbag.py:588} INFO - Filling up the DagBag from /home/airflow/.local/lib/python3.12/site-packages/airflow/example_dags/tutorial_taskflow_api.py
[2025-06-27T07:59:45.005+0000] {processor.py:925} INFO - DAG(s) 'tutorial_taskflow_api' retrieved from /home/airflow/.local/lib/python3.12/site-packages/airflow/example_dags/tutorial_taskflow_api.py
[2025-06-27T07:59:45.199+0000] {logging_mixin.py:190} INFO - [2025-06-27T07:59:45.199+0000] {dag.py:3239} INFO - Sync 1 DAGs
[2025-06-27T07:59:45.397+0000] {logging_mixin.py:190} INFO - [2025-06-27T07:59:45.396+0000] {dag.py:4180} INFO - Setting next_dagrun for tutorial_taskflow_api to None, run_after=None
[2025-06-27T07:59:45.523+0000] {processor.py:208} INFO - Processing /home/airflow/.local/lib/python3.12/site-packages/airflow/example_dags/tutorial_taskflow_api.py took 0.576 seconds
[2025-06-27T08:00:57.192+0000] {processor.py:186} INFO - Started process (PID=175) to work on /home/airflow/.local/lib/python3.12/site-packages/airflow/example_dags/tutorial_taskflow_api.py
[2025-06-27T08:00:57.214+0000] {processor.py:914} INFO - Processing file /home/airflow/.local/lib/python3.12/site-packages/airflow/example_dags/tutorial_taskflow_api.py for tasks to queue
[2025-06-27T08:00:57.236+0000] {logging_mixin.py:190} INFO - [2025-06-27T08:00:57.235+0000] {dagbag.py:588} INFO - Filling up the DagBag from /home/airflow/.local/lib/python3.12/site-packages/airflow/example_dags/tutorial_taskflow_api.py
[2025-06-27T08:00:57.314+0000] {processor.py:925} INFO - DAG(s) 'tutorial_taskflow_api' retrieved from /home/airflow/.local/lib/python3.12/site-packages/airflow/example_dags/tutorial_taskflow_api.py
[2025-06-27T08:00:57.579+0000] {logging_mixin.py:190} INFO - [2025-06-27T08:00:57.578+0000] {dag.py:3239} INFO - Sync 1 DAGs
[2025-06-27T08:00:57.807+0000] {logging_mixin.py:190} INFO - [2025-06-27T08:00:57.804+0000] {dag.py:4180} INFO - Setting next_dagrun for tutorial_taskflow_api to None, run_after=None
[2025-06-27T08:00:57.995+0000] {processor.py:208} INFO - Processing /home/airflow/.local/lib/python3.12/site-packages/airflow/example_dags/tutorial_taskflow_api.py took 0.853 seconds
[2025-06-27T08:01:28.797+0000] {processor.py:186} INFO - Started process (PID=237) to work on /home/airflow/.local/lib/python3.12/site-packages/airflow/example_dags/tutorial_taskflow_api.py
[2025-06-27T08:01:28.801+0000] {processor.py:914} INFO - Processing file /home/airflow/.local/lib/python3.12/site-packages/airflow/example_dags/tutorial_taskflow_api.py for tasks to queue
[2025-06-27T08:01:28.813+0000] {logging_mixin.py:190} INFO - [2025-06-27T08:01:28.811+0000] {dagbag.py:588} INFO - Filling up the DagBag from /home/airflow/.local/lib/python3.12/site-packages/airflow/example_dags/tutorial_taskflow_api.py
[2025-06-27T08:01:28.876+0000] {processor.py:925} INFO - DAG(s) 'tutorial_taskflow_api' retrieved from /home/airflow/.local/lib/python3.12/site-packages/airflow/example_dags/tutorial_taskflow_api.py
[2025-06-27T08:01:29.015+0000] {logging_mixin.py:190} INFO - [2025-06-27T08:01:29.013+0000] {dag.py:3239} INFO - Sync 1 DAGs
[2025-06-27T08:01:29.108+0000] {logging_mixin.py:190} INFO - [2025-06-27T08:01:29.105+0000] {dag.py:4180} INFO - Setting next_dagrun for tutorial_taskflow_api to None, run_after=None
[2025-06-27T08:01:29.201+0000] {processor.py:208} INFO - Processing /home/airflow/.local/lib/python3.12/site-packages/airflow/example_dags/tutorial_taskflow_api.py took 0.426 seconds
[2025-06-27T08:01:59.410+0000] {processor.py:186} INFO - Started process (PID=301) to work on /home/airflow/.local/lib/python3.12/site-packages/airflow/example_dags/tutorial_taskflow_api.py
[2025-06-27T08:01:59.413+0000] {processor.py:914} INFO - Processing file /home/airflow/.local/lib/python3.12/site-packages/airflow/example_dags/tutorial_taskflow_api.py for tasks to queue
[2025-06-27T08:01:59.419+0000] {logging_mixin.py:190} INFO - [2025-06-27T08:01:59.419+0000] {dagbag.py:588} INFO - Filling up the DagBag from /home/airflow/.local/lib/python3.12/site-packages/airflow/example_dags/tutorial_taskflow_api.py
[2025-06-27T08:01:59.441+0000] {processor.py:925} INFO - DAG(s) 'tutorial_taskflow_api' retrieved from /home/airflow/.local/lib/python3.12/site-packages/airflow/example_dags/tutorial_taskflow_api.py
[2025-06-27T08:01:59.489+0000] {logging_mixin.py:190} INFO - [2025-06-27T08:01:59.488+0000] {dag.py:3239} INFO - Sync 1 DAGs
[2025-06-27T08:01:59.523+0000] {logging_mixin.py:190} INFO - [2025-06-27T08:01:59.522+0000] {dag.py:4180} INFO - Setting next_dagrun for tutorial_taskflow_api to None, run_after=None
[2025-06-27T08:01:59.556+0000] {processor.py:208} INFO - Processing /home/airflow/.local/lib/python3.12/site-packages/airflow/example_dags/tutorial_taskflow_api.py took 0.165 seconds
[2025-06-27T08:02:30.746+0000] {processor.py:186} INFO - Started process (PID=364) to work on /home/airflow/.local/lib/python3.12/site-packages/airflow/example_dags/tutorial_taskflow_api.py
[2025-06-27T08:02:30.748+0000] {processor.py:914} INFO - Processing file /home/airflow/.local/lib/python3.12/site-packages/airflow/example_dags/tutorial_taskflow_api.py for tasks to queue
[2025-06-27T08:02:30.752+0000] {logging_mixin.py:190} INFO - [2025-06-27T08:02:30.751+0000] {dagbag.py:588} INFO - Filling up the DagBag from /home/airflow/.local/lib/python3.12/site-packages/airflow/example_dags/tutorial_taskflow_api.py
[2025-06-27T08:02:30.766+0000] {processor.py:925} INFO - DAG(s) 'tutorial_taskflow_api' retrieved from /home/airflow/.local/lib/python3.12/site-packages/airflow/example_dags/tutorial_taskflow_api.py
[2025-06-27T08:02:30.803+0000] {logging_mixin.py:190} INFO - [2025-06-27T08:02:30.802+0000] {dag.py:3239} INFO - Sync 1 DAGs
[2025-06-27T08:02:30.828+0000] {logging_mixin.py:190} INFO - [2025-06-27T08:02:30.828+0000] {dag.py:4180} INFO - Setting next_dagrun for tutorial_taskflow_api to None, run_after=None
[2025-06-27T08:02:30.858+0000] {processor.py:208} INFO - Processing /home/airflow/.local/lib/python3.12/site-packages/airflow/example_dags/tutorial_taskflow_api.py took 0.123 seconds
[2025-06-27T08:03:01.021+0000] {processor.py:186} INFO - Started process (PID=427) to work on /home/airflow/.local/lib/python3.12/site-packages/airflow/example_dags/tutorial_taskflow_api.py
[2025-06-27T08:03:01.023+0000] {processor.py:914} INFO - Processing file /home/airflow/.local/lib/python3.12/site-packages/airflow/example_dags/tutorial_taskflow_api.py for tasks to queue
[2025-06-27T08:03:01.028+0000] {logging_mixin.py:190} INFO - [2025-06-27T08:03:01.028+0000] {dagbag.py:588} INFO - Filling up the DagBag from /home/airflow/.local/lib/python3.12/site-packages/airflow/example_dags/tutorial_taskflow_api.py
[2025-06-27T08:03:01.042+0000] {processor.py:925} INFO - DAG(s) 'tutorial_taskflow_api' retrieved from /home/airflow/.local/lib/python3.12/site-packages/airflow/example_dags/tutorial_taskflow_api.py
[2025-06-27T08:03:01.080+0000] {logging_mixin.py:190} INFO - [2025-06-27T08:03:01.080+0000] {dag.py:3239} INFO - Sync 1 DAGs
[2025-06-27T08:03:01.113+0000] {logging_mixin.py:190} INFO - [2025-06-27T08:03:01.113+0000] {dag.py:4180} INFO - Setting next_dagrun for tutorial_taskflow_api to None, run_after=None
[2025-06-27T08:03:01.150+0000] {processor.py:208} INFO - Processing /home/airflow/.local/lib/python3.12/site-packages/airflow/example_dags/tutorial_taskflow_api.py took 0.139 seconds
[2025-06-27T08:03:31.424+0000] {processor.py:186} INFO - Started process (PID=489) to work on /home/airflow/.local/lib/python3.12/site-packages/airflow/example_dags/tutorial_taskflow_api.py
[2025-06-27T08:03:31.426+0000] {processor.py:914} INFO - Processing file /home/airflow/.local/lib/python3.12/site-packages/airflow/example_dags/tutorial_taskflow_api.py for tasks to queue
[2025-06-27T08:03:31.431+0000] {logging_mixin.py:190} INFO - [2025-06-27T08:03:31.430+0000] {dagbag.py:588} INFO - Filling up the DagBag from /home/airflow/.local/lib/python3.12/site-packages/airflow/example_dags/tutorial_taskflow_api.py
[2025-06-27T08:03:31.448+0000] {processor.py:925} INFO - DAG(s) 'tutorial_taskflow_api' retrieved from /home/airflow/.local/lib/python3.12/site-packages/airflow/example_dags/tutorial_taskflow_api.py
[2025-06-27T08:03:31.492+0000] {logging_mixin.py:190} INFO - [2025-06-27T08:03:31.491+0000] {dag.py:3239} INFO - Sync 1 DAGs
[2025-06-27T08:03:31.516+0000] {logging_mixin.py:190} INFO - [2025-06-27T08:03:31.516+0000] {dag.py:4180} INFO - Setting next_dagrun for tutorial_taskflow_api to None, run_after=None
[2025-06-27T08:03:31.552+0000] {processor.py:208} INFO - Processing /home/airflow/.local/lib/python3.12/site-packages/airflow/example_dags/tutorial_taskflow_api.py took 0.142 seconds
[2025-06-27T08:04:01.747+0000] {processor.py:186} INFO - Started process (PID=552) to work on /home/airflow/.local/lib/python3.12/site-packages/airflow/example_dags/tutorial_taskflow_api.py
[2025-06-27T08:04:01.749+0000] {processor.py:914} INFO - Processing file /home/airflow/.local/lib/python3.12/site-packages/airflow/example_dags/tutorial_taskflow_api.py for tasks to queue
[2025-06-27T08:04:01.755+0000] {logging_mixin.py:190} INFO - [2025-06-27T08:04:01.754+0000] {dagbag.py:588} INFO - Filling up the DagBag from /home/airflow/.local/lib/python3.12/site-packages/airflow/example_dags/tutorial_taskflow_api.py
[2025-06-27T08:04:01.780+0000] {processor.py:925} INFO - DAG(s) 'tutorial_taskflow_api' retrieved from /home/airflow/.local/lib/python3.12/site-packages/airflow/example_dags/tutorial_taskflow_api.py
[2025-06-27T08:04:01.824+0000] {logging_mixin.py:190} INFO - [2025-06-27T08:04:01.824+0000] {dag.py:3239} INFO - Sync 1 DAGs
[2025-06-27T08:04:01.849+0000] {logging_mixin.py:190} INFO - [2025-06-27T08:04:01.849+0000] {dag.py:4180} INFO - Setting next_dagrun for tutorial_taskflow_api to None, run_after=None
[2025-06-27T08:04:01.882+0000] {processor.py:208} INFO - Processing /home/airflow/.local/lib/python3.12/site-packages/airflow/example_dags/tutorial_taskflow_api.py took 0.151 seconds
[2025-06-27T08:04:33.077+0000] {processor.py:186} INFO - Started process (PID=615) to work on /home/airflow/.local/lib/python3.12/site-packages/airflow/example_dags/tutorial_taskflow_api.py
[2025-06-27T08:04:33.081+0000] {processor.py:914} INFO - Processing file /home/airflow/.local/lib/python3.12/site-packages/airflow/example_dags/tutorial_taskflow_api.py for tasks to queue
[2025-06-27T08:04:33.091+0000] {logging_mixin.py:190} INFO - [2025-06-27T08:04:33.090+0000] {dagbag.py:588} INFO - Filling up the DagBag from /home/airflow/.local/lib/python3.12/site-packages/airflow/example_dags/tutorial_taskflow_api.py
[2025-06-27T08:04:33.118+0000] {processor.py:925} INFO - DAG(s) 'tutorial_taskflow_api' retrieved from /home/airflow/.local/lib/python3.12/site-packages/airflow/example_dags/tutorial_taskflow_api.py
[2025-06-27T08:04:33.191+0000] {logging_mixin.py:190} INFO - [2025-06-27T08:04:33.190+0000] {dag.py:3239} INFO - Sync 1 DAGs
[2025-06-27T08:04:33.253+0000] {logging_mixin.py:190} INFO - [2025-06-27T08:04:33.252+0000] {dag.py:4180} INFO - Setting next_dagrun for tutorial_taskflow_api to None, run_after=None
[2025-06-27T08:04:33.350+0000] {processor.py:208} INFO - Processing /home/airflow/.local/lib/python3.12/site-packages/airflow/example_dags/tutorial_taskflow_api.py took 0.308 seconds
[2025-06-27T08:05:04.554+0000] {processor.py:186} INFO - Started process (PID=679) to work on /home/airflow/.local/lib/python3.12/site-packages/airflow/example_dags/tutorial_taskflow_api.py
[2025-06-27T08:05:04.562+0000] {processor.py:914} INFO - Processing file /home/airflow/.local/lib/python3.12/site-packages/airflow/example_dags/tutorial_taskflow_api.py for tasks to queue
[2025-06-27T08:05:04.575+0000] {logging_mixin.py:190} INFO - [2025-06-27T08:05:04.573+0000] {dagbag.py:588} INFO - Filling up the DagBag from /home/airflow/.local/lib/python3.12/site-packages/airflow/example_dags/tutorial_taskflow_api.py
[2025-06-27T08:05:04.627+0000] {processor.py:925} INFO - DAG(s) 'tutorial_taskflow_api' retrieved from /home/airflow/.local/lib/python3.12/site-packages/airflow/example_dags/tutorial_taskflow_api.py
[2025-06-27T08:05:04.741+0000] {logging_mixin.py:190} INFO - [2025-06-27T08:05:04.740+0000] {dag.py:3239} INFO - Sync 1 DAGs
[2025-06-27T08:05:04.812+0000] {logging_mixin.py:190} INFO - [2025-06-27T08:05:04.812+0000] {dag.py:4180} INFO - Setting next_dagrun for tutorial_taskflow_api to None, run_after=None
[2025-06-27T08:05:04.877+0000] {processor.py:208} INFO - Processing /home/airflow/.local/lib/python3.12/site-packages/airflow/example_dags/tutorial_taskflow_api.py took 0.405 seconds
[2025-06-27T08:05:36.604+0000] {processor.py:186} INFO - Started process (PID=741) to work on /home/airflow/.local/lib/python3.12/site-packages/airflow/example_dags/tutorial_taskflow_api.py
[2025-06-27T08:05:36.611+0000] {processor.py:914} INFO - Processing file /home/airflow/.local/lib/python3.12/site-packages/airflow/example_dags/tutorial_taskflow_api.py for tasks to queue
[2025-06-27T08:05:36.633+0000] {logging_mixin.py:190} INFO - [2025-06-27T08:05:36.629+0000] {dagbag.py:588} INFO - Filling up the DagBag from /home/airflow/.local/lib/python3.12/site-packages/airflow/example_dags/tutorial_taskflow_api.py
[2025-06-27T08:05:36.694+0000] {processor.py:925} INFO - DAG(s) 'tutorial_taskflow_api' retrieved from /home/airflow/.local/lib/python3.12/site-packages/airflow/example_dags/tutorial_taskflow_api.py
[2025-06-27T08:05:36.852+0000] {logging_mixin.py:190} INFO - [2025-06-27T08:05:36.851+0000] {dag.py:3239} INFO - Sync 1 DAGs
[2025-06-27T08:05:36.978+0000] {logging_mixin.py:190} INFO - [2025-06-27T08:05:36.975+0000] {dag.py:4180} INFO - Setting next_dagrun for tutorial_taskflow_api to None, run_after=None
[2025-06-27T08:05:37.113+0000] {processor.py:208} INFO - Processing /home/airflow/.local/lib/python3.12/site-packages/airflow/example_dags/tutorial_taskflow_api.py took 0.545 seconds
[2025-06-27T08:06:09.476+0000] {processor.py:186} INFO - Started process (PID=808) to work on /home/airflow/.local/lib/python3.12/site-packages/airflow/example_dags/tutorial_taskflow_api.py
[2025-06-27T08:06:09.481+0000] {processor.py:914} INFO - Processing file /home/airflow/.local/lib/python3.12/site-packages/airflow/example_dags/tutorial_taskflow_api.py for tasks to queue
[2025-06-27T08:06:09.489+0000] {logging_mixin.py:190} INFO - [2025-06-27T08:06:09.488+0000] {dagbag.py:588} INFO - Filling up the DagBag from /home/airflow/.local/lib/python3.12/site-packages/airflow/example_dags/tutorial_taskflow_api.py
[2025-06-27T08:06:09.525+0000] {processor.py:925} INFO - DAG(s) 'tutorial_taskflow_api' retrieved from /home/airflow/.local/lib/python3.12/site-packages/airflow/example_dags/tutorial_taskflow_api.py
[2025-06-27T08:06:09.852+0000] {logging_mixin.py:190} INFO - [2025-06-27T08:06:09.851+0000] {dag.py:3239} INFO - Sync 1 DAGs
[2025-06-27T08:06:10.090+0000] {logging_mixin.py:190} INFO - [2025-06-27T08:06:10.071+0000] {dag.py:4180} INFO - Setting next_dagrun for tutorial_taskflow_api to None, run_after=None
[2025-06-27T08:06:10.553+0000] {processor.py:208} INFO - Processing /home/airflow/.local/lib/python3.12/site-packages/airflow/example_dags/tutorial_taskflow_api.py took 1.096 seconds
