[2025-06-27T07:37:11.144+0000] {processor.py:186} INFO - Started process (PID=167) to work on /home/airflow/.local/lib/python3.12/site-packages/airflow/example_dags/tutorial_taskflow_api_virtualenv.py
[2025-06-27T07:37:11.147+0000] {processor.py:914} INFO - Processing file /home/airflow/.local/lib/python3.12/site-packages/airflow/example_dags/tutorial_taskflow_api_virtualenv.py for tasks to queue
[2025-06-27T07:37:11.155+0000] {logging_mixin.py:190} INFO - [2025-06-27T07:37:11.154+0000] {dagbag.py:588} INFO - Filling up the DagBag from /home/airflow/.local/lib/python3.12/site-packages/airflow/example_dags/tutorial_taskflow_api_virtualenv.py
[2025-06-27T07:37:11.202+0000] {processor.py:925} INFO - DAG(s) 'tutorial_taskflow_api_virtualenv' retrieved from /home/airflow/.local/lib/python3.12/site-packages/airflow/example_dags/tutorial_taskflow_api_virtualenv.py
[2025-06-27T07:37:11.863+0000] {logging_mixin.py:190} INFO - [2025-06-27T07:37:11.860+0000] {override.py:1900} INFO - Created Permission View: can read on DAG:tutorial_taskflow_api_virtualenv
[2025-06-27T07:37:11.915+0000] {logging_mixin.py:190} INFO - [2025-06-27T07:37:11.914+0000] {override.py:1900} INFO - Created Permission View: can edit on DAG:tutorial_taskflow_api_virtualenv
[2025-06-27T07:37:11.982+0000] {logging_mixin.py:190} INFO - [2025-06-27T07:37:11.981+0000] {override.py:1900} INFO - Created Permission View: can delete on DAG:tutorial_taskflow_api_virtualenv
[2025-06-27T07:37:12.028+0000] {logging_mixin.py:190} INFO - [2025-06-27T07:37:12.027+0000] {override.py:1900} INFO - Created Permission View: can read on DAG Run:tutorial_taskflow_api_virtualenv
[2025-06-27T07:37:12.077+0000] {logging_mixin.py:190} INFO - [2025-06-27T07:37:12.076+0000] {override.py:1900} INFO - Created Permission View: can create on DAG Run:tutorial_taskflow_api_virtualenv
[2025-06-27T07:37:12.113+0000] {logging_mixin.py:190} INFO - [2025-06-27T07:37:12.112+0000] {override.py:1900} INFO - Created Permission View: can delete on DAG Run:tutorial_taskflow_api_virtualenv
[2025-06-27T07:37:12.140+0000] {logging_mixin.py:190} INFO - [2025-06-27T07:37:12.139+0000] {override.py:1900} INFO - Created Permission View: menu access on DAG Run:tutorial_taskflow_api_virtualenv
[2025-06-27T07:37:12.142+0000] {logging_mixin.py:190} INFO - [2025-06-27T07:37:12.142+0000] {dag.py:3239} INFO - Sync 1 DAGs
[2025-06-27T07:37:12.190+0000] {logging_mixin.py:190} INFO - [2025-06-27T07:37:12.190+0000] {dag.py:3262} INFO - Creating ORM DAG for tutorial_taskflow_api_virtualenv
[2025-06-27T07:37:12.193+0000] {logging_mixin.py:190} INFO - [2025-06-27T07:37:12.193+0000] {dag.py:4180} INFO - Setting next_dagrun for tutorial_taskflow_api_virtualenv to None, run_after=None
[2025-06-27T07:37:12.266+0000] {processor.py:208} INFO - Processing /home/airflow/.local/lib/python3.12/site-packages/airflow/example_dags/tutorial_taskflow_api_virtualenv.py took 1.142 seconds
[2025-06-27T07:37:42.703+0000] {processor.py:186} INFO - Started process (PID=230) to work on /home/airflow/.local/lib/python3.12/site-packages/airflow/example_dags/tutorial_taskflow_api_virtualenv.py
[2025-06-27T07:37:42.707+0000] {processor.py:914} INFO - Processing file /home/airflow/.local/lib/python3.12/site-packages/airflow/example_dags/tutorial_taskflow_api_virtualenv.py for tasks to queue
[2025-06-27T07:37:42.714+0000] {logging_mixin.py:190} INFO - [2025-06-27T07:37:42.713+0000] {dagbag.py:588} INFO - Filling up the DagBag from /home/airflow/.local/lib/python3.12/site-packages/airflow/example_dags/tutorial_taskflow_api_virtualenv.py
[2025-06-27T07:37:42.755+0000] {processor.py:925} INFO - DAG(s) 'tutorial_taskflow_api_virtualenv' retrieved from /home/airflow/.local/lib/python3.12/site-packages/airflow/example_dags/tutorial_taskflow_api_virtualenv.py
[2025-06-27T07:37:42.823+0000] {logging_mixin.py:190} INFO - [2025-06-27T07:37:42.822+0000] {dag.py:3239} INFO - Sync 1 DAGs
[2025-06-27T07:37:42.871+0000] {logging_mixin.py:190} INFO - [2025-06-27T07:37:42.870+0000] {dag.py:4180} INFO - Setting next_dagrun for tutorial_taskflow_api_virtualenv to None, run_after=None
[2025-06-27T07:37:42.951+0000] {processor.py:208} INFO - Processing /home/airflow/.local/lib/python3.12/site-packages/airflow/example_dags/tutorial_taskflow_api_virtualenv.py took 0.268 seconds
[2025-06-27T07:38:28.517+0000] {processor.py:186} INFO - Started process (PID=293) to work on /home/airflow/.local/lib/python3.12/site-packages/airflow/example_dags/tutorial_taskflow_api_virtualenv.py
[2025-06-27T07:38:28.544+0000] {processor.py:914} INFO - Processing file /home/airflow/.local/lib/python3.12/site-packages/airflow/example_dags/tutorial_taskflow_api_virtualenv.py for tasks to queue
[2025-06-27T07:38:28.566+0000] {logging_mixin.py:190} INFO - [2025-06-27T07:38:28.564+0000] {dagbag.py:588} INFO - Filling up the DagBag from /home/airflow/.local/lib/python3.12/site-packages/airflow/example_dags/tutorial_taskflow_api_virtualenv.py
[2025-06-27T07:38:28.669+0000] {processor.py:925} INFO - DAG(s) 'tutorial_taskflow_api_virtualenv' retrieved from /home/airflow/.local/lib/python3.12/site-packages/airflow/example_dags/tutorial_taskflow_api_virtualenv.py
[2025-06-27T07:38:28.861+0000] {logging_mixin.py:190} INFO - [2025-06-27T07:38:28.859+0000] {dag.py:3239} INFO - Sync 1 DAGs
[2025-06-27T07:38:29.020+0000] {logging_mixin.py:190} INFO - [2025-06-27T07:38:29.019+0000] {dag.py:4180} INFO - Setting next_dagrun for tutorial_taskflow_api_virtualenv to None, run_after=None
[2025-06-27T07:38:29.145+0000] {processor.py:208} INFO - Processing /home/airflow/.local/lib/python3.12/site-packages/airflow/example_dags/tutorial_taskflow_api_virtualenv.py took 0.687 seconds
[2025-06-27T07:39:06.851+0000] {processor.py:186} INFO - Started process (PID=361) to work on /home/airflow/.local/lib/python3.12/site-packages/airflow/example_dags/tutorial_taskflow_api_virtualenv.py
[2025-06-27T07:39:06.905+0000] {processor.py:914} INFO - Processing file /home/airflow/.local/lib/python3.12/site-packages/airflow/example_dags/tutorial_taskflow_api_virtualenv.py for tasks to queue
[2025-06-27T07:39:06.938+0000] {logging_mixin.py:190} INFO - [2025-06-27T07:39:06.936+0000] {dagbag.py:588} INFO - Filling up the DagBag from /home/airflow/.local/lib/python3.12/site-packages/airflow/example_dags/tutorial_taskflow_api_virtualenv.py
[2025-06-27T07:39:07.206+0000] {processor.py:925} INFO - DAG(s) 'tutorial_taskflow_api_virtualenv' retrieved from /home/airflow/.local/lib/python3.12/site-packages/airflow/example_dags/tutorial_taskflow_api_virtualenv.py
[2025-06-27T07:39:07.540+0000] {logging_mixin.py:190} INFO - [2025-06-27T07:39:07.538+0000] {dag.py:3239} INFO - Sync 1 DAGs
[2025-06-27T07:39:07.773+0000] {logging_mixin.py:190} INFO - [2025-06-27T07:39:07.772+0000] {dag.py:4180} INFO - Setting next_dagrun for tutorial_taskflow_api_virtualenv to None, run_after=None
[2025-06-27T07:39:07.951+0000] {processor.py:208} INFO - Processing /home/airflow/.local/lib/python3.12/site-packages/airflow/example_dags/tutorial_taskflow_api_virtualenv.py took 1.178 seconds
[2025-06-27T07:39:49.926+0000] {processor.py:186} INFO - Started process (PID=425) to work on /home/airflow/.local/lib/python3.12/site-packages/airflow/example_dags/tutorial_taskflow_api_virtualenv.py
[2025-06-27T07:39:49.929+0000] {processor.py:914} INFO - Processing file /home/airflow/.local/lib/python3.12/site-packages/airflow/example_dags/tutorial_taskflow_api_virtualenv.py for tasks to queue
[2025-06-27T07:39:49.937+0000] {logging_mixin.py:190} INFO - [2025-06-27T07:39:49.936+0000] {dagbag.py:588} INFO - Filling up the DagBag from /home/airflow/.local/lib/python3.12/site-packages/airflow/example_dags/tutorial_taskflow_api_virtualenv.py
[2025-06-27T07:39:49.989+0000] {processor.py:925} INFO - DAG(s) 'tutorial_taskflow_api_virtualenv' retrieved from /home/airflow/.local/lib/python3.12/site-packages/airflow/example_dags/tutorial_taskflow_api_virtualenv.py
[2025-06-27T07:39:50.109+0000] {logging_mixin.py:190} INFO - [2025-06-27T07:39:50.099+0000] {dag.py:3239} INFO - Sync 1 DAGs
[2025-06-27T07:39:50.210+0000] {logging_mixin.py:190} INFO - [2025-06-27T07:39:50.209+0000] {dag.py:4180} INFO - Setting next_dagrun for tutorial_taskflow_api_virtualenv to None, run_after=None
[2025-06-27T07:39:50.319+0000] {processor.py:208} INFO - Processing /home/airflow/.local/lib/python3.12/site-packages/airflow/example_dags/tutorial_taskflow_api_virtualenv.py took 0.421 seconds
[2025-06-27T07:40:22.854+0000] {processor.py:186} INFO - Started process (PID=488) to work on /home/airflow/.local/lib/python3.12/site-packages/airflow/example_dags/tutorial_taskflow_api_virtualenv.py
[2025-06-27T07:40:22.859+0000] {processor.py:914} INFO - Processing file /home/airflow/.local/lib/python3.12/site-packages/airflow/example_dags/tutorial_taskflow_api_virtualenv.py for tasks to queue
[2025-06-27T07:40:22.878+0000] {logging_mixin.py:190} INFO - [2025-06-27T07:40:22.876+0000] {dagbag.py:588} INFO - Filling up the DagBag from /home/airflow/.local/lib/python3.12/site-packages/airflow/example_dags/tutorial_taskflow_api_virtualenv.py
[2025-06-27T07:40:22.957+0000] {processor.py:925} INFO - DAG(s) 'tutorial_taskflow_api_virtualenv' retrieved from /home/airflow/.local/lib/python3.12/site-packages/airflow/example_dags/tutorial_taskflow_api_virtualenv.py
[2025-06-27T07:40:23.055+0000] {logging_mixin.py:190} INFO - [2025-06-27T07:40:23.053+0000] {dag.py:3239} INFO - Sync 1 DAGs
[2025-06-27T07:40:23.135+0000] {logging_mixin.py:190} INFO - [2025-06-27T07:40:23.135+0000] {dag.py:4180} INFO - Setting next_dagrun for tutorial_taskflow_api_virtualenv to None, run_after=None
[2025-06-27T07:40:23.217+0000] {processor.py:208} INFO - Processing /home/airflow/.local/lib/python3.12/site-packages/airflow/example_dags/tutorial_taskflow_api_virtualenv.py took 0.396 seconds
[2025-06-27T07:40:54.594+0000] {processor.py:186} INFO - Started process (PID=551) to work on /home/airflow/.local/lib/python3.12/site-packages/airflow/example_dags/tutorial_taskflow_api_virtualenv.py
[2025-06-27T07:40:54.610+0000] {processor.py:914} INFO - Processing file /home/airflow/.local/lib/python3.12/site-packages/airflow/example_dags/tutorial_taskflow_api_virtualenv.py for tasks to queue
[2025-06-27T07:40:54.638+0000] {logging_mixin.py:190} INFO - [2025-06-27T07:40:54.633+0000] {dagbag.py:588} INFO - Filling up the DagBag from /home/airflow/.local/lib/python3.12/site-packages/airflow/example_dags/tutorial_taskflow_api_virtualenv.py
[2025-06-27T07:40:54.764+0000] {processor.py:925} INFO - DAG(s) 'tutorial_taskflow_api_virtualenv' retrieved from /home/airflow/.local/lib/python3.12/site-packages/airflow/example_dags/tutorial_taskflow_api_virtualenv.py
[2025-06-27T07:40:54.905+0000] {logging_mixin.py:190} INFO - [2025-06-27T07:40:54.904+0000] {dag.py:3239} INFO - Sync 1 DAGs
[2025-06-27T07:40:55.003+0000] {logging_mixin.py:190} INFO - [2025-06-27T07:40:55.002+0000] {dag.py:4180} INFO - Setting next_dagrun for tutorial_taskflow_api_virtualenv to None, run_after=None
[2025-06-27T07:40:55.094+0000] {processor.py:208} INFO - Processing /home/airflow/.local/lib/python3.12/site-packages/airflow/example_dags/tutorial_taskflow_api_virtualenv.py took 0.576 seconds
[2025-06-27T07:41:32.015+0000] {processor.py:186} INFO - Started process (PID=616) to work on /home/airflow/.local/lib/python3.12/site-packages/airflow/example_dags/tutorial_taskflow_api_virtualenv.py
[2025-06-27T07:41:32.019+0000] {processor.py:914} INFO - Processing file /home/airflow/.local/lib/python3.12/site-packages/airflow/example_dags/tutorial_taskflow_api_virtualenv.py for tasks to queue
[2025-06-27T07:41:32.033+0000] {logging_mixin.py:190} INFO - [2025-06-27T07:41:32.031+0000] {dagbag.py:588} INFO - Filling up the DagBag from /home/airflow/.local/lib/python3.12/site-packages/airflow/example_dags/tutorial_taskflow_api_virtualenv.py
[2025-06-27T07:41:32.095+0000] {processor.py:925} INFO - DAG(s) 'tutorial_taskflow_api_virtualenv' retrieved from /home/airflow/.local/lib/python3.12/site-packages/airflow/example_dags/tutorial_taskflow_api_virtualenv.py
[2025-06-27T07:41:32.194+0000] {logging_mixin.py:190} INFO - [2025-06-27T07:41:32.193+0000] {dag.py:3239} INFO - Sync 1 DAGs
[2025-06-27T07:41:32.331+0000] {logging_mixin.py:190} INFO - [2025-06-27T07:41:32.328+0000] {dag.py:4180} INFO - Setting next_dagrun for tutorial_taskflow_api_virtualenv to None, run_after=None
[2025-06-27T07:41:32.478+0000] {processor.py:208} INFO - Processing /home/airflow/.local/lib/python3.12/site-packages/airflow/example_dags/tutorial_taskflow_api_virtualenv.py took 0.488 seconds
[2025-06-27T07:42:17.680+0000] {processor.py:186} INFO - Started process (PID=685) to work on /home/airflow/.local/lib/python3.12/site-packages/airflow/example_dags/tutorial_taskflow_api_virtualenv.py
[2025-06-27T07:42:17.685+0000] {processor.py:914} INFO - Processing file /home/airflow/.local/lib/python3.12/site-packages/airflow/example_dags/tutorial_taskflow_api_virtualenv.py for tasks to queue
[2025-06-27T07:42:17.694+0000] {logging_mixin.py:190} INFO - [2025-06-27T07:42:17.693+0000] {dagbag.py:588} INFO - Filling up the DagBag from /home/airflow/.local/lib/python3.12/site-packages/airflow/example_dags/tutorial_taskflow_api_virtualenv.py
[2025-06-27T07:42:17.784+0000] {processor.py:925} INFO - DAG(s) 'tutorial_taskflow_api_virtualenv' retrieved from /home/airflow/.local/lib/python3.12/site-packages/airflow/example_dags/tutorial_taskflow_api_virtualenv.py
[2025-06-27T07:42:17.887+0000] {logging_mixin.py:190} INFO - [2025-06-27T07:42:17.886+0000] {dag.py:3239} INFO - Sync 1 DAGs
[2025-06-27T07:42:17.967+0000] {logging_mixin.py:190} INFO - [2025-06-27T07:42:17.966+0000] {dag.py:4180} INFO - Setting next_dagrun for tutorial_taskflow_api_virtualenv to None, run_after=None
[2025-06-27T07:42:18.053+0000] {processor.py:208} INFO - Processing /home/airflow/.local/lib/python3.12/site-packages/airflow/example_dags/tutorial_taskflow_api_virtualenv.py took 0.415 seconds
[2025-06-27T07:42:51.481+0000] {processor.py:186} INFO - Started process (PID=748) to work on /home/airflow/.local/lib/python3.12/site-packages/airflow/example_dags/tutorial_taskflow_api_virtualenv.py
[2025-06-27T07:42:51.485+0000] {processor.py:914} INFO - Processing file /home/airflow/.local/lib/python3.12/site-packages/airflow/example_dags/tutorial_taskflow_api_virtualenv.py for tasks to queue
[2025-06-27T07:42:51.494+0000] {logging_mixin.py:190} INFO - [2025-06-27T07:42:51.493+0000] {dagbag.py:588} INFO - Filling up the DagBag from /home/airflow/.local/lib/python3.12/site-packages/airflow/example_dags/tutorial_taskflow_api_virtualenv.py
[2025-06-27T07:42:51.548+0000] {processor.py:925} INFO - DAG(s) 'tutorial_taskflow_api_virtualenv' retrieved from /home/airflow/.local/lib/python3.12/site-packages/airflow/example_dags/tutorial_taskflow_api_virtualenv.py
[2025-06-27T07:42:51.631+0000] {logging_mixin.py:190} INFO - [2025-06-27T07:42:51.630+0000] {dag.py:3239} INFO - Sync 1 DAGs
[2025-06-27T07:42:51.697+0000] {logging_mixin.py:190} INFO - [2025-06-27T07:42:51.694+0000] {dag.py:4180} INFO - Setting next_dagrun for tutorial_taskflow_api_virtualenv to None, run_after=None
[2025-06-27T07:42:51.794+0000] {processor.py:208} INFO - Processing /home/airflow/.local/lib/python3.12/site-packages/airflow/example_dags/tutorial_taskflow_api_virtualenv.py took 0.343 seconds
[2025-06-27T07:43:29.423+0000] {processor.py:186} INFO - Started process (PID=810) to work on /home/airflow/.local/lib/python3.12/site-packages/airflow/example_dags/tutorial_taskflow_api_virtualenv.py
[2025-06-27T07:43:29.426+0000] {processor.py:914} INFO - Processing file /home/airflow/.local/lib/python3.12/site-packages/airflow/example_dags/tutorial_taskflow_api_virtualenv.py for tasks to queue
[2025-06-27T07:43:29.433+0000] {logging_mixin.py:190} INFO - [2025-06-27T07:43:29.432+0000] {dagbag.py:588} INFO - Filling up the DagBag from /home/airflow/.local/lib/python3.12/site-packages/airflow/example_dags/tutorial_taskflow_api_virtualenv.py
[2025-06-27T07:43:29.473+0000] {processor.py:925} INFO - DAG(s) 'tutorial_taskflow_api_virtualenv' retrieved from /home/airflow/.local/lib/python3.12/site-packages/airflow/example_dags/tutorial_taskflow_api_virtualenv.py
[2025-06-27T07:43:29.543+0000] {logging_mixin.py:190} INFO - [2025-06-27T07:43:29.542+0000] {dag.py:3239} INFO - Sync 1 DAGs
[2025-06-27T07:43:29.590+0000] {logging_mixin.py:190} INFO - [2025-06-27T07:43:29.589+0000] {dag.py:4180} INFO - Setting next_dagrun for tutorial_taskflow_api_virtualenv to None, run_after=None
[2025-06-27T07:43:29.637+0000] {processor.py:208} INFO - Processing /home/airflow/.local/lib/python3.12/site-packages/airflow/example_dags/tutorial_taskflow_api_virtualenv.py took 0.231 seconds
[2025-06-27T07:44:00.084+0000] {processor.py:186} INFO - Started process (PID=873) to work on /home/airflow/.local/lib/python3.12/site-packages/airflow/example_dags/tutorial_taskflow_api_virtualenv.py
[2025-06-27T07:44:00.088+0000] {processor.py:914} INFO - Processing file /home/airflow/.local/lib/python3.12/site-packages/airflow/example_dags/tutorial_taskflow_api_virtualenv.py for tasks to queue
[2025-06-27T07:44:00.102+0000] {logging_mixin.py:190} INFO - [2025-06-27T07:44:00.101+0000] {dagbag.py:588} INFO - Filling up the DagBag from /home/airflow/.local/lib/python3.12/site-packages/airflow/example_dags/tutorial_taskflow_api_virtualenv.py
[2025-06-27T07:44:00.166+0000] {processor.py:925} INFO - DAG(s) 'tutorial_taskflow_api_virtualenv' retrieved from /home/airflow/.local/lib/python3.12/site-packages/airflow/example_dags/tutorial_taskflow_api_virtualenv.py
[2025-06-27T07:44:00.262+0000] {logging_mixin.py:190} INFO - [2025-06-27T07:44:00.261+0000] {dag.py:3239} INFO - Sync 1 DAGs
[2025-06-27T07:44:00.345+0000] {logging_mixin.py:190} INFO - [2025-06-27T07:44:00.344+0000] {dag.py:4180} INFO - Setting next_dagrun for tutorial_taskflow_api_virtualenv to None, run_after=None
[2025-06-27T07:44:00.409+0000] {processor.py:208} INFO - Processing /home/airflow/.local/lib/python3.12/site-packages/airflow/example_dags/tutorial_taskflow_api_virtualenv.py took 0.353 seconds
[2025-06-27T07:44:30.814+0000] {processor.py:186} INFO - Started process (PID=937) to work on /home/airflow/.local/lib/python3.12/site-packages/airflow/example_dags/tutorial_taskflow_api_virtualenv.py
[2025-06-27T07:44:30.817+0000] {processor.py:914} INFO - Processing file /home/airflow/.local/lib/python3.12/site-packages/airflow/example_dags/tutorial_taskflow_api_virtualenv.py for tasks to queue
[2025-06-27T07:44:30.827+0000] {logging_mixin.py:190} INFO - [2025-06-27T07:44:30.826+0000] {dagbag.py:588} INFO - Filling up the DagBag from /home/airflow/.local/lib/python3.12/site-packages/airflow/example_dags/tutorial_taskflow_api_virtualenv.py
[2025-06-27T07:44:30.882+0000] {processor.py:925} INFO - DAG(s) 'tutorial_taskflow_api_virtualenv' retrieved from /home/airflow/.local/lib/python3.12/site-packages/airflow/example_dags/tutorial_taskflow_api_virtualenv.py
[2025-06-27T07:44:30.992+0000] {logging_mixin.py:190} INFO - [2025-06-27T07:44:30.991+0000] {dag.py:3239} INFO - Sync 1 DAGs
[2025-06-27T07:44:31.076+0000] {logging_mixin.py:190} INFO - [2025-06-27T07:44:31.075+0000] {dag.py:4180} INFO - Setting next_dagrun for tutorial_taskflow_api_virtualenv to None, run_after=None
[2025-06-27T07:44:31.173+0000] {processor.py:208} INFO - Processing /home/airflow/.local/lib/python3.12/site-packages/airflow/example_dags/tutorial_taskflow_api_virtualenv.py took 0.381 seconds
[2025-06-27T07:45:01.963+0000] {processor.py:186} INFO - Started process (PID=1001) to work on /home/airflow/.local/lib/python3.12/site-packages/airflow/example_dags/tutorial_taskflow_api_virtualenv.py
[2025-06-27T07:45:01.965+0000] {processor.py:914} INFO - Processing file /home/airflow/.local/lib/python3.12/site-packages/airflow/example_dags/tutorial_taskflow_api_virtualenv.py for tasks to queue
[2025-06-27T07:45:01.971+0000] {logging_mixin.py:190} INFO - [2025-06-27T07:45:01.971+0000] {dagbag.py:588} INFO - Filling up the DagBag from /home/airflow/.local/lib/python3.12/site-packages/airflow/example_dags/tutorial_taskflow_api_virtualenv.py
[2025-06-27T07:45:02.002+0000] {processor.py:925} INFO - DAG(s) 'tutorial_taskflow_api_virtualenv' retrieved from /home/airflow/.local/lib/python3.12/site-packages/airflow/example_dags/tutorial_taskflow_api_virtualenv.py
[2025-06-27T07:45:02.069+0000] {logging_mixin.py:190} INFO - [2025-06-27T07:45:02.068+0000] {dag.py:3239} INFO - Sync 1 DAGs
[2025-06-27T07:45:02.119+0000] {logging_mixin.py:190} INFO - [2025-06-27T07:45:02.119+0000] {dag.py:4180} INFO - Setting next_dagrun for tutorial_taskflow_api_virtualenv to None, run_after=None
[2025-06-27T07:45:02.179+0000] {processor.py:208} INFO - Processing /home/airflow/.local/lib/python3.12/site-packages/airflow/example_dags/tutorial_taskflow_api_virtualenv.py took 0.230 seconds
[2025-06-27T07:45:32.628+0000] {processor.py:186} INFO - Started process (PID=1063) to work on /home/airflow/.local/lib/python3.12/site-packages/airflow/example_dags/tutorial_taskflow_api_virtualenv.py
[2025-06-27T07:45:32.632+0000] {processor.py:914} INFO - Processing file /home/airflow/.local/lib/python3.12/site-packages/airflow/example_dags/tutorial_taskflow_api_virtualenv.py for tasks to queue
[2025-06-27T07:45:32.640+0000] {logging_mixin.py:190} INFO - [2025-06-27T07:45:32.639+0000] {dagbag.py:588} INFO - Filling up the DagBag from /home/airflow/.local/lib/python3.12/site-packages/airflow/example_dags/tutorial_taskflow_api_virtualenv.py
[2025-06-27T07:45:32.667+0000] {processor.py:925} INFO - DAG(s) 'tutorial_taskflow_api_virtualenv' retrieved from /home/airflow/.local/lib/python3.12/site-packages/airflow/example_dags/tutorial_taskflow_api_virtualenv.py
[2025-06-27T07:45:32.705+0000] {logging_mixin.py:190} INFO - [2025-06-27T07:45:32.705+0000] {dag.py:3239} INFO - Sync 1 DAGs
[2025-06-27T07:45:32.733+0000] {logging_mixin.py:190} INFO - [2025-06-27T07:45:32.733+0000] {dag.py:4180} INFO - Setting next_dagrun for tutorial_taskflow_api_virtualenv to None, run_after=None
[2025-06-27T07:45:32.776+0000] {processor.py:208} INFO - Processing /home/airflow/.local/lib/python3.12/site-packages/airflow/example_dags/tutorial_taskflow_api_virtualenv.py took 0.162 seconds
[2025-06-27T07:46:03.458+0000] {processor.py:186} INFO - Started process (PID=1127) to work on /home/airflow/.local/lib/python3.12/site-packages/airflow/example_dags/tutorial_taskflow_api_virtualenv.py
[2025-06-27T07:46:03.460+0000] {processor.py:914} INFO - Processing file /home/airflow/.local/lib/python3.12/site-packages/airflow/example_dags/tutorial_taskflow_api_virtualenv.py for tasks to queue
[2025-06-27T07:46:03.466+0000] {logging_mixin.py:190} INFO - [2025-06-27T07:46:03.465+0000] {dagbag.py:588} INFO - Filling up the DagBag from /home/airflow/.local/lib/python3.12/site-packages/airflow/example_dags/tutorial_taskflow_api_virtualenv.py
[2025-06-27T07:46:03.487+0000] {processor.py:925} INFO - DAG(s) 'tutorial_taskflow_api_virtualenv' retrieved from /home/airflow/.local/lib/python3.12/site-packages/airflow/example_dags/tutorial_taskflow_api_virtualenv.py
[2025-06-27T07:46:03.528+0000] {logging_mixin.py:190} INFO - [2025-06-27T07:46:03.528+0000] {dag.py:3239} INFO - Sync 1 DAGs
[2025-06-27T07:46:03.554+0000] {logging_mixin.py:190} INFO - [2025-06-27T07:46:03.554+0000] {dag.py:4180} INFO - Setting next_dagrun for tutorial_taskflow_api_virtualenv to None, run_after=None
[2025-06-27T07:46:03.591+0000] {processor.py:208} INFO - Processing /home/airflow/.local/lib/python3.12/site-packages/airflow/example_dags/tutorial_taskflow_api_virtualenv.py took 0.145 seconds
[2025-06-27T07:46:33.977+0000] {processor.py:186} INFO - Started process (PID=1190) to work on /home/airflow/.local/lib/python3.12/site-packages/airflow/example_dags/tutorial_taskflow_api_virtualenv.py
[2025-06-27T07:46:33.979+0000] {processor.py:914} INFO - Processing file /home/airflow/.local/lib/python3.12/site-packages/airflow/example_dags/tutorial_taskflow_api_virtualenv.py for tasks to queue
[2025-06-27T07:46:33.988+0000] {logging_mixin.py:190} INFO - [2025-06-27T07:46:33.986+0000] {dagbag.py:588} INFO - Filling up the DagBag from /home/airflow/.local/lib/python3.12/site-packages/airflow/example_dags/tutorial_taskflow_api_virtualenv.py
[2025-06-27T07:46:34.032+0000] {processor.py:925} INFO - DAG(s) 'tutorial_taskflow_api_virtualenv' retrieved from /home/airflow/.local/lib/python3.12/site-packages/airflow/example_dags/tutorial_taskflow_api_virtualenv.py
[2025-06-27T07:46:34.102+0000] {logging_mixin.py:190} INFO - [2025-06-27T07:46:34.101+0000] {dag.py:3239} INFO - Sync 1 DAGs
[2025-06-27T07:46:34.143+0000] {logging_mixin.py:190} INFO - [2025-06-27T07:46:34.142+0000] {dag.py:4180} INFO - Setting next_dagrun for tutorial_taskflow_api_virtualenv to None, run_after=None
[2025-06-27T07:46:34.187+0000] {processor.py:208} INFO - Processing /home/airflow/.local/lib/python3.12/site-packages/airflow/example_dags/tutorial_taskflow_api_virtualenv.py took 0.229 seconds
[2025-06-27T07:47:04.327+0000] {processor.py:186} INFO - Started process (PID=1252) to work on /home/airflow/.local/lib/python3.12/site-packages/airflow/example_dags/tutorial_taskflow_api_virtualenv.py
[2025-06-27T07:47:04.329+0000] {processor.py:914} INFO - Processing file /home/airflow/.local/lib/python3.12/site-packages/airflow/example_dags/tutorial_taskflow_api_virtualenv.py for tasks to queue
[2025-06-27T07:47:04.335+0000] {logging_mixin.py:190} INFO - [2025-06-27T07:47:04.334+0000] {dagbag.py:588} INFO - Filling up the DagBag from /home/airflow/.local/lib/python3.12/site-packages/airflow/example_dags/tutorial_taskflow_api_virtualenv.py
[2025-06-27T07:47:04.361+0000] {processor.py:925} INFO - DAG(s) 'tutorial_taskflow_api_virtualenv' retrieved from /home/airflow/.local/lib/python3.12/site-packages/airflow/example_dags/tutorial_taskflow_api_virtualenv.py
[2025-06-27T07:47:04.400+0000] {logging_mixin.py:190} INFO - [2025-06-27T07:47:04.400+0000] {dag.py:3239} INFO - Sync 1 DAGs
[2025-06-27T07:47:04.429+0000] {logging_mixin.py:190} INFO - [2025-06-27T07:47:04.429+0000] {dag.py:4180} INFO - Setting next_dagrun for tutorial_taskflow_api_virtualenv to None, run_after=None
[2025-06-27T07:47:04.473+0000] {processor.py:208} INFO - Processing /home/airflow/.local/lib/python3.12/site-packages/airflow/example_dags/tutorial_taskflow_api_virtualenv.py took 0.157 seconds
[2025-06-27T07:47:35.116+0000] {processor.py:186} INFO - Started process (PID=1315) to work on /home/airflow/.local/lib/python3.12/site-packages/airflow/example_dags/tutorial_taskflow_api_virtualenv.py
[2025-06-27T07:47:35.119+0000] {processor.py:914} INFO - Processing file /home/airflow/.local/lib/python3.12/site-packages/airflow/example_dags/tutorial_taskflow_api_virtualenv.py for tasks to queue
[2025-06-27T07:47:35.134+0000] {logging_mixin.py:190} INFO - [2025-06-27T07:47:35.132+0000] {dagbag.py:588} INFO - Filling up the DagBag from /home/airflow/.local/lib/python3.12/site-packages/airflow/example_dags/tutorial_taskflow_api_virtualenv.py
[2025-06-27T07:47:35.197+0000] {processor.py:925} INFO - DAG(s) 'tutorial_taskflow_api_virtualenv' retrieved from /home/airflow/.local/lib/python3.12/site-packages/airflow/example_dags/tutorial_taskflow_api_virtualenv.py
[2025-06-27T07:47:35.302+0000] {logging_mixin.py:190} INFO - [2025-06-27T07:47:35.301+0000] {dag.py:3239} INFO - Sync 1 DAGs
[2025-06-27T07:47:35.372+0000] {logging_mixin.py:190} INFO - [2025-06-27T07:47:35.372+0000] {dag.py:4180} INFO - Setting next_dagrun for tutorial_taskflow_api_virtualenv to None, run_after=None
[2025-06-27T07:47:35.446+0000] {processor.py:208} INFO - Processing /home/airflow/.local/lib/python3.12/site-packages/airflow/example_dags/tutorial_taskflow_api_virtualenv.py took 0.353 seconds
[2025-06-27T07:48:06.237+0000] {processor.py:186} INFO - Started process (PID=1378) to work on /home/airflow/.local/lib/python3.12/site-packages/airflow/example_dags/tutorial_taskflow_api_virtualenv.py
[2025-06-27T07:48:06.239+0000] {processor.py:914} INFO - Processing file /home/airflow/.local/lib/python3.12/site-packages/airflow/example_dags/tutorial_taskflow_api_virtualenv.py for tasks to queue
[2025-06-27T07:48:06.243+0000] {logging_mixin.py:190} INFO - [2025-06-27T07:48:06.242+0000] {dagbag.py:588} INFO - Filling up the DagBag from /home/airflow/.local/lib/python3.12/site-packages/airflow/example_dags/tutorial_taskflow_api_virtualenv.py
[2025-06-27T07:48:06.262+0000] {processor.py:925} INFO - DAG(s) 'tutorial_taskflow_api_virtualenv' retrieved from /home/airflow/.local/lib/python3.12/site-packages/airflow/example_dags/tutorial_taskflow_api_virtualenv.py
[2025-06-27T07:48:06.317+0000] {logging_mixin.py:190} INFO - [2025-06-27T07:48:06.316+0000] {dag.py:3239} INFO - Sync 1 DAGs
[2025-06-27T07:48:06.365+0000] {logging_mixin.py:190} INFO - [2025-06-27T07:48:06.365+0000] {dag.py:4180} INFO - Setting next_dagrun for tutorial_taskflow_api_virtualenv to None, run_after=None
[2025-06-27T07:48:06.422+0000] {processor.py:208} INFO - Processing /home/airflow/.local/lib/python3.12/site-packages/airflow/example_dags/tutorial_taskflow_api_virtualenv.py took 0.195 seconds
[2025-06-27T07:48:36.612+0000] {processor.py:186} INFO - Started process (PID=1440) to work on /home/airflow/.local/lib/python3.12/site-packages/airflow/example_dags/tutorial_taskflow_api_virtualenv.py
[2025-06-27T07:48:36.615+0000] {processor.py:914} INFO - Processing file /home/airflow/.local/lib/python3.12/site-packages/airflow/example_dags/tutorial_taskflow_api_virtualenv.py for tasks to queue
[2025-06-27T07:48:36.623+0000] {logging_mixin.py:190} INFO - [2025-06-27T07:48:36.622+0000] {dagbag.py:588} INFO - Filling up the DagBag from /home/airflow/.local/lib/python3.12/site-packages/airflow/example_dags/tutorial_taskflow_api_virtualenv.py
[2025-06-27T07:48:36.650+0000] {processor.py:925} INFO - DAG(s) 'tutorial_taskflow_api_virtualenv' retrieved from /home/airflow/.local/lib/python3.12/site-packages/airflow/example_dags/tutorial_taskflow_api_virtualenv.py
[2025-06-27T07:48:36.695+0000] {logging_mixin.py:190} INFO - [2025-06-27T07:48:36.694+0000] {dag.py:3239} INFO - Sync 1 DAGs
[2025-06-27T07:48:36.721+0000] {logging_mixin.py:190} INFO - [2025-06-27T07:48:36.721+0000] {dag.py:4180} INFO - Setting next_dagrun for tutorial_taskflow_api_virtualenv to None, run_after=None
[2025-06-27T07:48:36.764+0000] {processor.py:208} INFO - Processing /home/airflow/.local/lib/python3.12/site-packages/airflow/example_dags/tutorial_taskflow_api_virtualenv.py took 0.170 seconds
[2025-06-27T07:49:07.353+0000] {processor.py:186} INFO - Started process (PID=1503) to work on /home/airflow/.local/lib/python3.12/site-packages/airflow/example_dags/tutorial_taskflow_api_virtualenv.py
[2025-06-27T07:49:07.359+0000] {processor.py:914} INFO - Processing file /home/airflow/.local/lib/python3.12/site-packages/airflow/example_dags/tutorial_taskflow_api_virtualenv.py for tasks to queue
[2025-06-27T07:49:07.366+0000] {logging_mixin.py:190} INFO - [2025-06-27T07:49:07.365+0000] {dagbag.py:588} INFO - Filling up the DagBag from /home/airflow/.local/lib/python3.12/site-packages/airflow/example_dags/tutorial_taskflow_api_virtualenv.py
[2025-06-27T07:49:07.405+0000] {processor.py:925} INFO - DAG(s) 'tutorial_taskflow_api_virtualenv' retrieved from /home/airflow/.local/lib/python3.12/site-packages/airflow/example_dags/tutorial_taskflow_api_virtualenv.py
[2025-06-27T07:49:07.596+0000] {logging_mixin.py:190} INFO - [2025-06-27T07:49:07.595+0000] {dag.py:3239} INFO - Sync 1 DAGs
[2025-06-27T07:49:07.886+0000] {logging_mixin.py:190} INFO - [2025-06-27T07:49:07.885+0000] {dag.py:4180} INFO - Setting next_dagrun for tutorial_taskflow_api_virtualenv to None, run_after=None
[2025-06-27T07:49:08.058+0000] {processor.py:208} INFO - Processing /home/airflow/.local/lib/python3.12/site-packages/airflow/example_dags/tutorial_taskflow_api_virtualenv.py took 0.726 seconds
[2025-06-27T07:52:23.849+0000] {processor.py:186} INFO - Started process (PID=116) to work on /home/airflow/.local/lib/python3.12/site-packages/airflow/example_dags/tutorial_taskflow_api_virtualenv.py
[2025-06-27T07:52:23.853+0000] {processor.py:914} INFO - Processing file /home/airflow/.local/lib/python3.12/site-packages/airflow/example_dags/tutorial_taskflow_api_virtualenv.py for tasks to queue
[2025-06-27T07:52:23.865+0000] {logging_mixin.py:190} INFO - [2025-06-27T07:52:23.864+0000] {dagbag.py:588} INFO - Filling up the DagBag from /home/airflow/.local/lib/python3.12/site-packages/airflow/example_dags/tutorial_taskflow_api_virtualenv.py
[2025-06-27T07:52:23.913+0000] {processor.py:925} INFO - DAG(s) 'tutorial_taskflow_api_virtualenv' retrieved from /home/airflow/.local/lib/python3.12/site-packages/airflow/example_dags/tutorial_taskflow_api_virtualenv.py
[2025-06-27T07:52:24.413+0000] {logging_mixin.py:190} INFO - [2025-06-27T07:52:24.413+0000] {dag.py:3239} INFO - Sync 1 DAGs
[2025-06-27T07:52:24.464+0000] {logging_mixin.py:190} INFO - [2025-06-27T07:52:24.463+0000] {dag.py:4180} INFO - Setting next_dagrun for tutorial_taskflow_api_virtualenv to None, run_after=None
[2025-06-27T07:52:24.554+0000] {processor.py:208} INFO - Processing /home/airflow/.local/lib/python3.12/site-packages/airflow/example_dags/tutorial_taskflow_api_virtualenv.py took 0.725 seconds
[2025-06-27T07:52:56.298+0000] {processor.py:186} INFO - Started process (PID=179) to work on /home/airflow/.local/lib/python3.12/site-packages/airflow/example_dags/tutorial_taskflow_api_virtualenv.py
[2025-06-27T07:52:56.301+0000] {processor.py:914} INFO - Processing file /home/airflow/.local/lib/python3.12/site-packages/airflow/example_dags/tutorial_taskflow_api_virtualenv.py for tasks to queue
[2025-06-27T07:52:56.308+0000] {logging_mixin.py:190} INFO - [2025-06-27T07:52:56.307+0000] {dagbag.py:588} INFO - Filling up the DagBag from /home/airflow/.local/lib/python3.12/site-packages/airflow/example_dags/tutorial_taskflow_api_virtualenv.py
[2025-06-27T07:52:56.360+0000] {processor.py:925} INFO - DAG(s) 'tutorial_taskflow_api_virtualenv' retrieved from /home/airflow/.local/lib/python3.12/site-packages/airflow/example_dags/tutorial_taskflow_api_virtualenv.py
[2025-06-27T07:52:56.428+0000] {logging_mixin.py:190} INFO - [2025-06-27T07:52:56.427+0000] {dag.py:3239} INFO - Sync 1 DAGs
[2025-06-27T07:52:56.489+0000] {logging_mixin.py:190} INFO - [2025-06-27T07:52:56.488+0000] {dag.py:4180} INFO - Setting next_dagrun for tutorial_taskflow_api_virtualenv to None, run_after=None
[2025-06-27T07:52:56.553+0000] {processor.py:208} INFO - Processing /home/airflow/.local/lib/python3.12/site-packages/airflow/example_dags/tutorial_taskflow_api_virtualenv.py took 0.266 seconds
[2025-06-27T07:53:28.377+0000] {processor.py:186} INFO - Started process (PID=242) to work on /home/airflow/.local/lib/python3.12/site-packages/airflow/example_dags/tutorial_taskflow_api_virtualenv.py
[2025-06-27T07:53:28.380+0000] {processor.py:914} INFO - Processing file /home/airflow/.local/lib/python3.12/site-packages/airflow/example_dags/tutorial_taskflow_api_virtualenv.py for tasks to queue
[2025-06-27T07:53:28.387+0000] {logging_mixin.py:190} INFO - [2025-06-27T07:53:28.386+0000] {dagbag.py:588} INFO - Filling up the DagBag from /home/airflow/.local/lib/python3.12/site-packages/airflow/example_dags/tutorial_taskflow_api_virtualenv.py
[2025-06-27T07:53:28.424+0000] {processor.py:925} INFO - DAG(s) 'tutorial_taskflow_api_virtualenv' retrieved from /home/airflow/.local/lib/python3.12/site-packages/airflow/example_dags/tutorial_taskflow_api_virtualenv.py
[2025-06-27T07:53:28.471+0000] {logging_mixin.py:190} INFO - [2025-06-27T07:53:28.470+0000] {dag.py:3239} INFO - Sync 1 DAGs
[2025-06-27T07:53:28.497+0000] {logging_mixin.py:190} INFO - [2025-06-27T07:53:28.497+0000] {dag.py:4180} INFO - Setting next_dagrun for tutorial_taskflow_api_virtualenv to None, run_after=None
[2025-06-27T07:53:28.536+0000] {processor.py:208} INFO - Processing /home/airflow/.local/lib/python3.12/site-packages/airflow/example_dags/tutorial_taskflow_api_virtualenv.py took 0.180 seconds
[2025-06-27T07:53:59.150+0000] {processor.py:186} INFO - Started process (PID=306) to work on /home/airflow/.local/lib/python3.12/site-packages/airflow/example_dags/tutorial_taskflow_api_virtualenv.py
[2025-06-27T07:53:59.153+0000] {processor.py:914} INFO - Processing file /home/airflow/.local/lib/python3.12/site-packages/airflow/example_dags/tutorial_taskflow_api_virtualenv.py for tasks to queue
[2025-06-27T07:53:59.159+0000] {logging_mixin.py:190} INFO - [2025-06-27T07:53:59.158+0000] {dagbag.py:588} INFO - Filling up the DagBag from /home/airflow/.local/lib/python3.12/site-packages/airflow/example_dags/tutorial_taskflow_api_virtualenv.py
[2025-06-27T07:53:59.192+0000] {processor.py:925} INFO - DAG(s) 'tutorial_taskflow_api_virtualenv' retrieved from /home/airflow/.local/lib/python3.12/site-packages/airflow/example_dags/tutorial_taskflow_api_virtualenv.py
[2025-06-27T07:53:59.263+0000] {logging_mixin.py:190} INFO - [2025-06-27T07:53:59.262+0000] {dag.py:3239} INFO - Sync 1 DAGs
[2025-06-27T07:53:59.304+0000] {logging_mixin.py:190} INFO - [2025-06-27T07:53:59.303+0000] {dag.py:4180} INFO - Setting next_dagrun for tutorial_taskflow_api_virtualenv to None, run_after=None
[2025-06-27T07:53:59.360+0000] {processor.py:208} INFO - Processing /home/airflow/.local/lib/python3.12/site-packages/airflow/example_dags/tutorial_taskflow_api_virtualenv.py took 0.227 seconds
[2025-06-27T07:54:31.054+0000] {processor.py:186} INFO - Started process (PID=369) to work on /home/airflow/.local/lib/python3.12/site-packages/airflow/example_dags/tutorial_taskflow_api_virtualenv.py
[2025-06-27T07:54:31.058+0000] {processor.py:914} INFO - Processing file /home/airflow/.local/lib/python3.12/site-packages/airflow/example_dags/tutorial_taskflow_api_virtualenv.py for tasks to queue
[2025-06-27T07:54:31.073+0000] {logging_mixin.py:190} INFO - [2025-06-27T07:54:31.072+0000] {dagbag.py:588} INFO - Filling up the DagBag from /home/airflow/.local/lib/python3.12/site-packages/airflow/example_dags/tutorial_taskflow_api_virtualenv.py
[2025-06-27T07:54:31.124+0000] {processor.py:925} INFO - DAG(s) 'tutorial_taskflow_api_virtualenv' retrieved from /home/airflow/.local/lib/python3.12/site-packages/airflow/example_dags/tutorial_taskflow_api_virtualenv.py
[2025-06-27T07:54:31.208+0000] {logging_mixin.py:190} INFO - [2025-06-27T07:54:31.207+0000] {dag.py:3239} INFO - Sync 1 DAGs
[2025-06-27T07:54:31.272+0000] {logging_mixin.py:190} INFO - [2025-06-27T07:54:31.271+0000] {dag.py:4180} INFO - Setting next_dagrun for tutorial_taskflow_api_virtualenv to None, run_after=None
[2025-06-27T07:54:31.359+0000] {processor.py:208} INFO - Processing /home/airflow/.local/lib/python3.12/site-packages/airflow/example_dags/tutorial_taskflow_api_virtualenv.py took 0.344 seconds
[2025-06-27T07:55:02.360+0000] {processor.py:186} INFO - Started process (PID=432) to work on /home/airflow/.local/lib/python3.12/site-packages/airflow/example_dags/tutorial_taskflow_api_virtualenv.py
[2025-06-27T07:55:02.362+0000] {processor.py:914} INFO - Processing file /home/airflow/.local/lib/python3.12/site-packages/airflow/example_dags/tutorial_taskflow_api_virtualenv.py for tasks to queue
[2025-06-27T07:55:02.370+0000] {logging_mixin.py:190} INFO - [2025-06-27T07:55:02.368+0000] {dagbag.py:588} INFO - Filling up the DagBag from /home/airflow/.local/lib/python3.12/site-packages/airflow/example_dags/tutorial_taskflow_api_virtualenv.py
[2025-06-27T07:55:02.406+0000] {processor.py:925} INFO - DAG(s) 'tutorial_taskflow_api_virtualenv' retrieved from /home/airflow/.local/lib/python3.12/site-packages/airflow/example_dags/tutorial_taskflow_api_virtualenv.py
[2025-06-27T07:55:02.475+0000] {logging_mixin.py:190} INFO - [2025-06-27T07:55:02.475+0000] {dag.py:3239} INFO - Sync 1 DAGs
[2025-06-27T07:55:02.516+0000] {logging_mixin.py:190} INFO - [2025-06-27T07:55:02.515+0000] {dag.py:4180} INFO - Setting next_dagrun for tutorial_taskflow_api_virtualenv to None, run_after=None
[2025-06-27T07:55:02.565+0000] {processor.py:208} INFO - Processing /home/airflow/.local/lib/python3.12/site-packages/airflow/example_dags/tutorial_taskflow_api_virtualenv.py took 0.222 seconds
[2025-06-27T07:59:44.851+0000] {processor.py:186} INFO - Started process (PID=103) to work on /home/airflow/.local/lib/python3.12/site-packages/airflow/example_dags/tutorial_taskflow_api_virtualenv.py
[2025-06-27T07:59:44.854+0000] {processor.py:914} INFO - Processing file /home/airflow/.local/lib/python3.12/site-packages/airflow/example_dags/tutorial_taskflow_api_virtualenv.py for tasks to queue
[2025-06-27T07:59:44.862+0000] {logging_mixin.py:190} INFO - [2025-06-27T07:59:44.861+0000] {dagbag.py:588} INFO - Filling up the DagBag from /home/airflow/.local/lib/python3.12/site-packages/airflow/example_dags/tutorial_taskflow_api_virtualenv.py
[2025-06-27T07:59:44.903+0000] {processor.py:925} INFO - DAG(s) 'tutorial_taskflow_api_virtualenv' retrieved from /home/airflow/.local/lib/python3.12/site-packages/airflow/example_dags/tutorial_taskflow_api_virtualenv.py
[2025-06-27T07:59:45.508+0000] {logging_mixin.py:190} INFO - [2025-06-27T07:59:45.507+0000] {dag.py:3239} INFO - Sync 1 DAGs
[2025-06-27T07:59:45.574+0000] {logging_mixin.py:190} INFO - [2025-06-27T07:59:45.573+0000] {dag.py:4180} INFO - Setting next_dagrun for tutorial_taskflow_api_virtualenv to None, run_after=None
[2025-06-27T07:59:45.647+0000] {processor.py:208} INFO - Processing /home/airflow/.local/lib/python3.12/site-packages/airflow/example_dags/tutorial_taskflow_api_virtualenv.py took 0.817 seconds
[2025-06-27T08:01:04.131+0000] {processor.py:186} INFO - Started process (PID=192) to work on /home/airflow/.local/lib/python3.12/site-packages/airflow/example_dags/tutorial_taskflow_api_virtualenv.py
[2025-06-27T08:01:04.137+0000] {processor.py:914} INFO - Processing file /home/airflow/.local/lib/python3.12/site-packages/airflow/example_dags/tutorial_taskflow_api_virtualenv.py for tasks to queue
[2025-06-27T08:01:04.147+0000] {logging_mixin.py:190} INFO - [2025-06-27T08:01:04.146+0000] {dagbag.py:588} INFO - Filling up the DagBag from /home/airflow/.local/lib/python3.12/site-packages/airflow/example_dags/tutorial_taskflow_api_virtualenv.py
[2025-06-27T08:01:04.196+0000] {processor.py:925} INFO - DAG(s) 'tutorial_taskflow_api_virtualenv' retrieved from /home/airflow/.local/lib/python3.12/site-packages/airflow/example_dags/tutorial_taskflow_api_virtualenv.py
[2025-06-27T08:01:04.258+0000] {logging_mixin.py:190} INFO - [2025-06-27T08:01:04.257+0000] {dag.py:3239} INFO - Sync 1 DAGs
[2025-06-27T08:01:04.317+0000] {logging_mixin.py:190} INFO - [2025-06-27T08:01:04.316+0000] {dag.py:4180} INFO - Setting next_dagrun for tutorial_taskflow_api_virtualenv to None, run_after=None
[2025-06-27T08:01:04.431+0000] {processor.py:208} INFO - Processing /home/airflow/.local/lib/python3.12/site-packages/airflow/example_dags/tutorial_taskflow_api_virtualenv.py took 0.339 seconds
[2025-06-27T08:01:35.277+0000] {processor.py:186} INFO - Started process (PID=254) to work on /home/airflow/.local/lib/python3.12/site-packages/airflow/example_dags/tutorial_taskflow_api_virtualenv.py
[2025-06-27T08:01:35.282+0000] {processor.py:914} INFO - Processing file /home/airflow/.local/lib/python3.12/site-packages/airflow/example_dags/tutorial_taskflow_api_virtualenv.py for tasks to queue
[2025-06-27T08:01:35.290+0000] {logging_mixin.py:190} INFO - [2025-06-27T08:01:35.288+0000] {dagbag.py:588} INFO - Filling up the DagBag from /home/airflow/.local/lib/python3.12/site-packages/airflow/example_dags/tutorial_taskflow_api_virtualenv.py
[2025-06-27T08:01:35.373+0000] {processor.py:925} INFO - DAG(s) 'tutorial_taskflow_api_virtualenv' retrieved from /home/airflow/.local/lib/python3.12/site-packages/airflow/example_dags/tutorial_taskflow_api_virtualenv.py
[2025-06-27T08:01:35.528+0000] {logging_mixin.py:190} INFO - [2025-06-27T08:01:35.527+0000] {dag.py:3239} INFO - Sync 1 DAGs
[2025-06-27T08:01:35.590+0000] {logging_mixin.py:190} INFO - [2025-06-27T08:01:35.589+0000] {dag.py:4180} INFO - Setting next_dagrun for tutorial_taskflow_api_virtualenv to None, run_after=None
[2025-06-27T08:01:35.647+0000] {processor.py:208} INFO - Processing /home/airflow/.local/lib/python3.12/site-packages/airflow/example_dags/tutorial_taskflow_api_virtualenv.py took 0.395 seconds
[2025-06-27T08:02:06.282+0000] {processor.py:186} INFO - Started process (PID=318) to work on /home/airflow/.local/lib/python3.12/site-packages/airflow/example_dags/tutorial_taskflow_api_virtualenv.py
[2025-06-27T08:02:06.284+0000] {processor.py:914} INFO - Processing file /home/airflow/.local/lib/python3.12/site-packages/airflow/example_dags/tutorial_taskflow_api_virtualenv.py for tasks to queue
[2025-06-27T08:02:06.290+0000] {logging_mixin.py:190} INFO - [2025-06-27T08:02:06.289+0000] {dagbag.py:588} INFO - Filling up the DagBag from /home/airflow/.local/lib/python3.12/site-packages/airflow/example_dags/tutorial_taskflow_api_virtualenv.py
[2025-06-27T08:02:06.334+0000] {processor.py:925} INFO - DAG(s) 'tutorial_taskflow_api_virtualenv' retrieved from /home/airflow/.local/lib/python3.12/site-packages/airflow/example_dags/tutorial_taskflow_api_virtualenv.py
[2025-06-27T08:02:06.405+0000] {logging_mixin.py:190} INFO - [2025-06-27T08:02:06.404+0000] {dag.py:3239} INFO - Sync 1 DAGs
[2025-06-27T08:02:06.446+0000] {logging_mixin.py:190} INFO - [2025-06-27T08:02:06.446+0000] {dag.py:4180} INFO - Setting next_dagrun for tutorial_taskflow_api_virtualenv to None, run_after=None
[2025-06-27T08:02:06.502+0000] {processor.py:208} INFO - Processing /home/airflow/.local/lib/python3.12/site-packages/airflow/example_dags/tutorial_taskflow_api_virtualenv.py took 0.239 seconds
[2025-06-27T08:02:36.693+0000] {processor.py:186} INFO - Started process (PID=380) to work on /home/airflow/.local/lib/python3.12/site-packages/airflow/example_dags/tutorial_taskflow_api_virtualenv.py
[2025-06-27T08:02:36.695+0000] {processor.py:914} INFO - Processing file /home/airflow/.local/lib/python3.12/site-packages/airflow/example_dags/tutorial_taskflow_api_virtualenv.py for tasks to queue
[2025-06-27T08:02:36.699+0000] {logging_mixin.py:190} INFO - [2025-06-27T08:02:36.699+0000] {dagbag.py:588} INFO - Filling up the DagBag from /home/airflow/.local/lib/python3.12/site-packages/airflow/example_dags/tutorial_taskflow_api_virtualenv.py
[2025-06-27T08:02:36.722+0000] {processor.py:925} INFO - DAG(s) 'tutorial_taskflow_api_virtualenv' retrieved from /home/airflow/.local/lib/python3.12/site-packages/airflow/example_dags/tutorial_taskflow_api_virtualenv.py
[2025-06-27T08:02:36.755+0000] {logging_mixin.py:190} INFO - [2025-06-27T08:02:36.755+0000] {dag.py:3239} INFO - Sync 1 DAGs
[2025-06-27T08:02:36.784+0000] {logging_mixin.py:190} INFO - [2025-06-27T08:02:36.784+0000] {dag.py:4180} INFO - Setting next_dagrun for tutorial_taskflow_api_virtualenv to None, run_after=None
[2025-06-27T08:02:36.822+0000] {processor.py:208} INFO - Processing /home/airflow/.local/lib/python3.12/site-packages/airflow/example_dags/tutorial_taskflow_api_virtualenv.py took 0.138 seconds
[2025-06-27T08:03:07.081+0000] {processor.py:186} INFO - Started process (PID=443) to work on /home/airflow/.local/lib/python3.12/site-packages/airflow/example_dags/tutorial_taskflow_api_virtualenv.py
[2025-06-27T08:03:07.083+0000] {processor.py:914} INFO - Processing file /home/airflow/.local/lib/python3.12/site-packages/airflow/example_dags/tutorial_taskflow_api_virtualenv.py for tasks to queue
[2025-06-27T08:03:07.088+0000] {logging_mixin.py:190} INFO - [2025-06-27T08:03:07.087+0000] {dagbag.py:588} INFO - Filling up the DagBag from /home/airflow/.local/lib/python3.12/site-packages/airflow/example_dags/tutorial_taskflow_api_virtualenv.py
[2025-06-27T08:03:07.108+0000] {processor.py:925} INFO - DAG(s) 'tutorial_taskflow_api_virtualenv' retrieved from /home/airflow/.local/lib/python3.12/site-packages/airflow/example_dags/tutorial_taskflow_api_virtualenv.py
[2025-06-27T08:03:07.144+0000] {logging_mixin.py:190} INFO - [2025-06-27T08:03:07.143+0000] {dag.py:3239} INFO - Sync 1 DAGs
[2025-06-27T08:03:07.175+0000] {logging_mixin.py:190} INFO - [2025-06-27T08:03:07.174+0000] {dag.py:4180} INFO - Setting next_dagrun for tutorial_taskflow_api_virtualenv to None, run_after=None
[2025-06-27T08:03:07.210+0000] {processor.py:208} INFO - Processing /home/airflow/.local/lib/python3.12/site-packages/airflow/example_dags/tutorial_taskflow_api_virtualenv.py took 0.139 seconds
[2025-06-27T08:03:37.681+0000] {processor.py:186} INFO - Started process (PID=506) to work on /home/airflow/.local/lib/python3.12/site-packages/airflow/example_dags/tutorial_taskflow_api_virtualenv.py
[2025-06-27T08:03:37.683+0000] {processor.py:914} INFO - Processing file /home/airflow/.local/lib/python3.12/site-packages/airflow/example_dags/tutorial_taskflow_api_virtualenv.py for tasks to queue
[2025-06-27T08:03:37.689+0000] {logging_mixin.py:190} INFO - [2025-06-27T08:03:37.689+0000] {dagbag.py:588} INFO - Filling up the DagBag from /home/airflow/.local/lib/python3.12/site-packages/airflow/example_dags/tutorial_taskflow_api_virtualenv.py
[2025-06-27T08:03:37.714+0000] {processor.py:925} INFO - DAG(s) 'tutorial_taskflow_api_virtualenv' retrieved from /home/airflow/.local/lib/python3.12/site-packages/airflow/example_dags/tutorial_taskflow_api_virtualenv.py
[2025-06-27T08:03:37.748+0000] {logging_mixin.py:190} INFO - [2025-06-27T08:03:37.748+0000] {dag.py:3239} INFO - Sync 1 DAGs
[2025-06-27T08:03:37.771+0000] {logging_mixin.py:190} INFO - [2025-06-27T08:03:37.770+0000] {dag.py:4180} INFO - Setting next_dagrun for tutorial_taskflow_api_virtualenv to None, run_after=None
[2025-06-27T08:03:37.801+0000] {processor.py:208} INFO - Processing /home/airflow/.local/lib/python3.12/site-packages/airflow/example_dags/tutorial_taskflow_api_virtualenv.py took 0.140 seconds
[2025-06-27T08:04:08.281+0000] {processor.py:186} INFO - Started process (PID=569) to work on /home/airflow/.local/lib/python3.12/site-packages/airflow/example_dags/tutorial_taskflow_api_virtualenv.py
[2025-06-27T08:04:08.284+0000] {processor.py:914} INFO - Processing file /home/airflow/.local/lib/python3.12/site-packages/airflow/example_dags/tutorial_taskflow_api_virtualenv.py for tasks to queue
[2025-06-27T08:04:08.293+0000] {logging_mixin.py:190} INFO - [2025-06-27T08:04:08.292+0000] {dagbag.py:588} INFO - Filling up the DagBag from /home/airflow/.local/lib/python3.12/site-packages/airflow/example_dags/tutorial_taskflow_api_virtualenv.py
[2025-06-27T08:04:08.326+0000] {processor.py:925} INFO - DAG(s) 'tutorial_taskflow_api_virtualenv' retrieved from /home/airflow/.local/lib/python3.12/site-packages/airflow/example_dags/tutorial_taskflow_api_virtualenv.py
[2025-06-27T08:04:08.373+0000] {logging_mixin.py:190} INFO - [2025-06-27T08:04:08.372+0000] {dag.py:3239} INFO - Sync 1 DAGs
[2025-06-27T08:04:08.421+0000] {logging_mixin.py:190} INFO - [2025-06-27T08:04:08.420+0000] {dag.py:4180} INFO - Setting next_dagrun for tutorial_taskflow_api_virtualenv to None, run_after=None
[2025-06-27T08:04:08.477+0000] {processor.py:208} INFO - Processing /home/airflow/.local/lib/python3.12/site-packages/airflow/example_dags/tutorial_taskflow_api_virtualenv.py took 0.212 seconds
[2025-06-27T08:04:39.045+0000] {processor.py:186} INFO - Started process (PID=632) to work on /home/airflow/.local/lib/python3.12/site-packages/airflow/example_dags/tutorial_taskflow_api_virtualenv.py
[2025-06-27T08:04:39.049+0000] {processor.py:914} INFO - Processing file /home/airflow/.local/lib/python3.12/site-packages/airflow/example_dags/tutorial_taskflow_api_virtualenv.py for tasks to queue
[2025-06-27T08:04:39.057+0000] {logging_mixin.py:190} INFO - [2025-06-27T08:04:39.056+0000] {dagbag.py:588} INFO - Filling up the DagBag from /home/airflow/.local/lib/python3.12/site-packages/airflow/example_dags/tutorial_taskflow_api_virtualenv.py
[2025-06-27T08:04:39.097+0000] {processor.py:925} INFO - DAG(s) 'tutorial_taskflow_api_virtualenv' retrieved from /home/airflow/.local/lib/python3.12/site-packages/airflow/example_dags/tutorial_taskflow_api_virtualenv.py
[2025-06-27T08:04:39.151+0000] {logging_mixin.py:190} INFO - [2025-06-27T08:04:39.150+0000] {dag.py:3239} INFO - Sync 1 DAGs
[2025-06-27T08:04:39.192+0000] {logging_mixin.py:190} INFO - [2025-06-27T08:04:39.191+0000] {dag.py:4180} INFO - Setting next_dagrun for tutorial_taskflow_api_virtualenv to None, run_after=None
[2025-06-27T08:04:39.241+0000] {processor.py:208} INFO - Processing /home/airflow/.local/lib/python3.12/site-packages/airflow/example_dags/tutorial_taskflow_api_virtualenv.py took 0.213 seconds
[2025-06-27T08:05:17.338+0000] {processor.py:186} INFO - Started process (PID=696) to work on /home/airflow/.local/lib/python3.12/site-packages/airflow/example_dags/tutorial_taskflow_api_virtualenv.py
[2025-06-27T08:05:17.348+0000] {processor.py:914} INFO - Processing file /home/airflow/.local/lib/python3.12/site-packages/airflow/example_dags/tutorial_taskflow_api_virtualenv.py for tasks to queue
[2025-06-27T08:05:17.397+0000] {logging_mixin.py:190} INFO - [2025-06-27T08:05:17.396+0000] {dagbag.py:588} INFO - Filling up the DagBag from /home/airflow/.local/lib/python3.12/site-packages/airflow/example_dags/tutorial_taskflow_api_virtualenv.py
[2025-06-27T08:05:17.530+0000] {processor.py:925} INFO - DAG(s) 'tutorial_taskflow_api_virtualenv' retrieved from /home/airflow/.local/lib/python3.12/site-packages/airflow/example_dags/tutorial_taskflow_api_virtualenv.py
[2025-06-27T08:05:17.633+0000] {logging_mixin.py:190} INFO - [2025-06-27T08:05:17.631+0000] {dag.py:3239} INFO - Sync 1 DAGs
[2025-06-27T08:05:17.844+0000] {logging_mixin.py:190} INFO - [2025-06-27T08:05:17.843+0000] {dag.py:4180} INFO - Setting next_dagrun for tutorial_taskflow_api_virtualenv to None, run_after=None
[2025-06-27T08:05:18.002+0000] {processor.py:208} INFO - Processing /home/airflow/.local/lib/python3.12/site-packages/airflow/example_dags/tutorial_taskflow_api_virtualenv.py took 0.702 seconds
[2025-06-27T08:05:48.331+0000] {processor.py:186} INFO - Started process (PID=758) to work on /home/airflow/.local/lib/python3.12/site-packages/airflow/example_dags/tutorial_taskflow_api_virtualenv.py
[2025-06-27T08:05:48.336+0000] {processor.py:914} INFO - Processing file /home/airflow/.local/lib/python3.12/site-packages/airflow/example_dags/tutorial_taskflow_api_virtualenv.py for tasks to queue
[2025-06-27T08:05:48.350+0000] {logging_mixin.py:190} INFO - [2025-06-27T08:05:48.349+0000] {dagbag.py:588} INFO - Filling up the DagBag from /home/airflow/.local/lib/python3.12/site-packages/airflow/example_dags/tutorial_taskflow_api_virtualenv.py
[2025-06-27T08:05:48.406+0000] {processor.py:925} INFO - DAG(s) 'tutorial_taskflow_api_virtualenv' retrieved from /home/airflow/.local/lib/python3.12/site-packages/airflow/example_dags/tutorial_taskflow_api_virtualenv.py
[2025-06-27T08:05:48.567+0000] {logging_mixin.py:190} INFO - [2025-06-27T08:05:48.566+0000] {dag.py:3239} INFO - Sync 1 DAGs
[2025-06-27T08:05:48.724+0000] {logging_mixin.py:190} INFO - [2025-06-27T08:05:48.723+0000] {dag.py:4180} INFO - Setting next_dagrun for tutorial_taskflow_api_virtualenv to None, run_after=None
[2025-06-27T08:05:48.899+0000] {processor.py:208} INFO - Processing /home/airflow/.local/lib/python3.12/site-packages/airflow/example_dags/tutorial_taskflow_api_virtualenv.py took 0.627 seconds
