[2025-07-08T04:32:44.101+0000] {local_task_job_runner.py:123} INFO - ::group::Pre task execution logs
[2025-07-08T04:32:44.168+0000] {taskinstance.py:2612} INFO - Dependencies all met for dep_context=non-requeueable deps ti=<TaskInstance: extract_raw_data_pipeline.run_dbt_staging scheduled__2025-07-07T07:58:00+00:00 [queued]>
[2025-07-08T04:32:44.192+0000] {taskinstance.py:2612} INFO - Dependencies all met for dep_context=requeueable deps ti=<TaskInstance: extract_raw_data_pipeline.run_dbt_staging scheduled__2025-07-07T07:58:00+00:00 [queued]>
[2025-07-08T04:32:44.193+0000] {taskinstance.py:2865} INFO - Starting attempt 1 of 1
[2025-07-08T04:32:44.235+0000] {taskinstance.py:2888} INFO - Executing <Task(BashOperator): run_dbt_staging> on 2025-07-07 07:58:00+00:00
[2025-07-08T04:32:44.262+0000] {standard_task_runner.py:104} INFO - Running: ['***', 'tasks', 'run', 'extract_raw_data_pipeline', 'run_dbt_staging', 'scheduled__2025-07-07T07:58:00+00:00', '--job-id', '18', '--raw', '--subdir', 'DAGS_FOLDER/driven_data_pipeline.py', '--cfg-path', '/tmp/tmpxej5ja98']
[2025-07-08T04:32:44.269+0000] {warnings.py:112} WARNING - /home/***/.local/lib/python3.12/site-packages/***/task/task_runner/standard_task_runner.py:70: DeprecationWarning: This process (pid=85) is multi-threaded, use of fork() may lead to deadlocks in the child.
  pid = os.fork()

[2025-07-08T04:32:44.272+0000] {standard_task_runner.py:105} INFO - Job 18: Subtask run_dbt_staging
[2025-07-08T04:32:44.273+0000] {standard_task_runner.py:72} INFO - Started process 86 to run task
[2025-07-08T04:32:44.692+0000] {task_command.py:467} INFO - Running <TaskInstance: extract_raw_data_pipeline.run_dbt_staging scheduled__2025-07-07T07:58:00+00:00 [running]> on host 5e24963c1987
[2025-07-08T04:32:45.153+0000] {taskinstance.py:3131} INFO - Exporting env vars: AIRFLOW_CTX_DAG_OWNER='***' AIRFLOW_CTX_DAG_ID='extract_raw_data_pipeline' AIRFLOW_CTX_TASK_ID='run_dbt_staging' AIRFLOW_CTX_EXECUTION_DATE='2025-07-07T07:58:00+00:00' AIRFLOW_CTX_TRY_NUMBER='1' AIRFLOW_CTX_DAG_RUN_ID='scheduled__2025-07-07T07:58:00+00:00'
[2025-07-08T04:32:45.197+0000] {taskinstance.py:731} INFO - ::endgroup::
[2025-07-08T04:32:45.459+0000] {subprocess.py:63} INFO - Tmp dir root location: /tmp
[2025-07-08T04:32:45.500+0000] {subprocess.py:75} INFO - Running command: ['/usr/bin/bash', '-c', 'set -x; cd /opt/***/dbt && dbt run --select tag:staging']
[2025-07-08T04:32:45.583+0000] {subprocess.py:86} INFO - Output:
[2025-07-08T04:32:45.629+0000] {subprocess.py:93} INFO - + cd /opt/***/dbt
[2025-07-08T04:32:45.652+0000] {subprocess.py:93} INFO - + dbt run --select tag:staging
[2025-07-08T04:32:56.123+0000] {subprocess.py:93} INFO - [0m04:32:56  Running with dbt=1.8.0
[2025-07-08T04:32:59.344+0000] {subprocess.py:93} INFO - [0m04:32:59  Registered adapter: postgres=1.8.2
[2025-07-08T04:32:59.939+0000] {subprocess.py:93} INFO - [0m04:32:59  Unable to do partial parsing because saved manifest not found. Starting full parse.
[2025-07-08T04:33:10.296+0000] {subprocess.py:93} INFO - [0m04:33:10  Found 9 models, 10 sources, 428 macros
[2025-07-08T04:33:10.302+0000] {subprocess.py:93} INFO - [0m04:33:10
[2025-07-08T04:33:11.133+0000] {subprocess.py:93} INFO - [0m04:33:11  Concurrency: 1 threads (target='dev')
[2025-07-08T04:33:11.137+0000] {subprocess.py:93} INFO - [0m04:33:11
[2025-07-08T04:33:11.265+0000] {subprocess.py:93} INFO - [0m04:33:11  1 of 5 START sql table model driven_staging.dim_address ........................ [RUN]
[2025-07-08T04:33:12.136+0000] {subprocess.py:93} INFO - [0m04:33:12  1 of 5 OK created sql table model driven_staging.dim_address ................... [[32mSELECT 840[0m in 0.86s]
[2025-07-08T04:33:12.147+0000] {subprocess.py:93} INFO - [0m04:33:12  2 of 5 START sql table model driven_staging.dim_date ........................... [RUN]
[2025-07-08T04:33:12.480+0000] {subprocess.py:93} INFO - [0m04:33:12  2 of 5 OK created sql table model driven_staging.dim_date ...................... [[32mSELECT 840[0m in 0.32s]
[2025-07-08T04:33:12.491+0000] {subprocess.py:93} INFO - [0m04:33:12  3 of 5 START sql table model driven_staging.dim_finance ........................ [RUN]
[2025-07-08T04:33:12.773+0000] {subprocess.py:93} INFO - [0m04:33:12  3 of 5 OK created sql table model driven_staging.dim_finance ................... [[32mSELECT 840[0m in 0.25s]
[2025-07-08T04:33:12.793+0000] {subprocess.py:93} INFO - [0m04:33:12  4 of 5 START sql table model driven_staging.dim_person ......................... [RUN]
[2025-07-08T04:33:13.128+0000] {subprocess.py:93} INFO - [0m04:33:13  4 of 5 OK created sql table model driven_staging.dim_person .................... [[32mSELECT 840[0m in 0.33s]
[2025-07-08T04:33:13.141+0000] {subprocess.py:93} INFO - [0m04:33:13  5 of 5 START sql table model driven_staging.fact_network_usage ................. [RUN]
[2025-07-08T04:33:13.554+0000] {subprocess.py:93} INFO - [0m04:33:13  5 of 5 OK created sql table model driven_staging.fact_network_usage ............ [[32mSELECT 840[0m in 0.40s]
[2025-07-08T04:33:13.643+0000] {subprocess.py:93} INFO - [0m04:33:13
[2025-07-08T04:33:13.646+0000] {subprocess.py:93} INFO - [0m04:33:13  Finished running 5 table models in 0 hours 0 minutes and 3.33 seconds (3.33s).
[2025-07-08T04:33:14.108+0000] {subprocess.py:93} INFO - [0m04:33:14
[2025-07-08T04:33:14.111+0000] {subprocess.py:93} INFO - [0m04:33:14  [32mCompleted successfully[0m
[2025-07-08T04:33:14.114+0000] {subprocess.py:93} INFO - [0m04:33:14
[2025-07-08T04:33:14.119+0000] {subprocess.py:93} INFO - [0m04:33:14  Done. PASS=5 WARN=0 ERROR=0 SKIP=0 TOTAL=5
[2025-07-08T04:33:18.016+0000] {subprocess.py:97} INFO - Command exited with return code 0
[2025-07-08T04:33:18.253+0000] {taskinstance.py:340} INFO - ::group::Post task execution logs
[2025-07-08T04:33:18.257+0000] {taskinstance.py:352} INFO - Marking task as SUCCESS. dag_id=extract_raw_data_pipeline, task_id=run_dbt_staging, run_id=scheduled__2025-07-07T07:58:00+00:00, execution_date=20250707T075800, start_date=20250708T043244, end_date=20250708T043318
[2025-07-08T04:33:18.418+0000] {local_task_job_runner.py:266} INFO - Task exited with return code 0
[2025-07-08T04:33:18.683+0000] {taskinstance.py:3900} INFO - 1 downstream tasks scheduled from follow-on schedule check
[2025-07-08T04:33:18.725+0000] {local_task_job_runner.py:245} INFO - ::endgroup::
