[2025-07-08T05:19:33.573+0000] {local_task_job_runner.py:123} INFO - ::group::Pre task execution logs
[2025-07-08T05:19:33.644+0000] {taskinstance.py:2612} INFO - Dependencies all met for dep_context=non-requeueable deps ti=<TaskInstance: extract_raw_data_pipeline.extract_raw_data manual__2025-07-08T05:19:09.727248+00:00 [queued]>
[2025-07-08T05:19:33.666+0000] {taskinstance.py:2612} INFO - Dependencies all met for dep_context=requeueable deps ti=<TaskInstance: extract_raw_data_pipeline.extract_raw_data manual__2025-07-08T05:19:09.727248+00:00 [queued]>
[2025-07-08T05:19:33.667+0000] {taskinstance.py:2865} INFO - Starting attempt 1 of 1
[2025-07-08T05:19:33.710+0000] {taskinstance.py:2888} INFO - Executing <Task(PythonOperator): extract_raw_data> on 2025-07-08 05:19:09.727248+00:00
[2025-07-08T05:19:33.748+0000] {warnings.py:112} WARNING - /home/***/.local/lib/python3.12/site-packages/***/task/task_runner/standard_task_runner.py:70: DeprecationWarning: This process (pid=705) is multi-threaded, use of fork() may lead to deadlocks in the child.
  pid = os.fork()

[2025-07-08T05:19:33.761+0000] {standard_task_runner.py:72} INFO - Started process 708 to run task
[2025-07-08T05:19:33.768+0000] {standard_task_runner.py:104} INFO - Running: ['***', 'tasks', 'run', 'extract_raw_data_pipeline', 'extract_raw_data', 'manual__2025-07-08T05:19:09.727248+00:00', '--job-id', '33', '--raw', '--subdir', 'DAGS_FOLDER/driven_data_pipeline.py', '--cfg-path', '/tmp/tmpo3et55sp']
[2025-07-08T05:19:33.775+0000] {standard_task_runner.py:105} INFO - Job 33: Subtask extract_raw_data
[2025-07-08T05:19:34.146+0000] {task_command.py:467} INFO - Running <TaskInstance: extract_raw_data_pipeline.extract_raw_data manual__2025-07-08T05:19:09.727248+00:00 [running]> on host 5e24963c1987
[2025-07-08T05:19:34.358+0000] {taskinstance.py:3131} INFO - Exporting env vars: AIRFLOW_CTX_DAG_OWNER='***' AIRFLOW_CTX_DAG_ID='extract_raw_data_pipeline' AIRFLOW_CTX_TASK_ID='extract_raw_data' AIRFLOW_CTX_EXECUTION_DATE='2025-07-08T05:19:09.727248+00:00' AIRFLOW_CTX_TRY_NUMBER='1' AIRFLOW_CTX_DAG_RUN_ID='manual__2025-07-08T05:19:09.727248+00:00'
[2025-07-08T05:19:34.360+0000] {taskinstance.py:731} INFO - ::endgroup::
[2025-07-08T05:19:34.405+0000] {driven_data_pipeline.py:153} INFO - Started batch processing for 2025-07-08.
[2025-07-08T05:19:34.408+0000] {driven_data_pipeline.py:34} INFO - Created synthetic data for MX country code.
[2025-07-08T05:19:34.890+0000] {driven_data_pipeline.py:100} INFO - Written 323 records to the CSV file.
[2025-07-08T05:19:35.076+0000] {driven_data_pipeline.py:121} INFO - Added UUID to the dataset.
[2025-07-08T05:19:35.199+0000] {driven_data_pipeline.py:145} INFO - Updated accessed timestamp.
[2025-07-08T05:19:35.201+0000] {driven_data_pipeline.py:161} INFO - Finished batch processing 2025-07-08.
[2025-07-08T05:19:35.203+0000] {python.py:240} INFO - Done. Returned value was: None
[2025-07-08T05:19:35.231+0000] {taskinstance.py:340} INFO - ::group::Post task execution logs
[2025-07-08T05:19:35.233+0000] {taskinstance.py:352} INFO - Marking task as SUCCESS. dag_id=extract_raw_data_pipeline, task_id=extract_raw_data, run_id=manual__2025-07-08T05:19:09.727248+00:00, execution_date=20250708T051909, start_date=20250708T051933, end_date=20250708T051935
[2025-07-08T05:19:35.326+0000] {local_task_job_runner.py:266} INFO - Task exited with return code 0
[2025-07-08T05:19:35.391+0000] {taskinstance.py:3900} INFO - 1 downstream tasks scheduled from follow-on schedule check
[2025-07-08T05:19:35.395+0000] {local_task_job_runner.py:245} INFO - ::endgroup::
